<?xml version="1.0" encoding="UTF-8"?>
<TRANSFER xmlns="http://www.interlis.ch/INTERLIS2.3" xmlns:xsi="http://www.w3.org/2001/XMLSchema-instance">
  <HEADERSECTION SENDER="geocat.ch" VERSION="2.3">
    <MODELS />
  </HEADERSECTION>
  <DATASECTION>
    <GM03_2_1Comprehensive.Comprehensive BID="xw7588401a">
      <GM03_2_1Core.Core.MD_Metadata TID="xN1460184041">
        <fileIdentifier>3143e92b-51fa-40ab-bcc0-fa389807e879</fileIdentifier>
        <language>de</language>
        <characterSet>utf8</characterSet>
        <dateStamp>2021-04-28T07:41:29</dateStamp>
        <metadataStandardName>GM03_2</metadataStandardName>
        <hierarchyLevel>
          <GM03_2_1Core.Core.MD_ScopeCode_>
            <value>dataset</value>
          </GM03_2_1Core.Core.MD_ScopeCode_>
        </hierarchyLevel>
        <distributionInfo REF="xN1368891091" />
      </GM03_2_1Core.Core.MD_Metadata>
      <GM03_2_1Core.Core.MD_Distribution TID="xN1368891091" />
      <GM03_2_1Core.Core.MD_DistributiondistributionFormat>
        <MD_Distribution REF="xN1368891091" />
        <distributionFormat REF="xN1391568258" />
      </GM03_2_1Core.Core.MD_DistributiondistributionFormat>
      <GM03_2_1Comprehensive.Comprehensive.MD_Format TID="xN1391568258">
        <name>INTERLIS</name>
        <version>1</version>
      </GM03_2_1Comprehensive.Comprehensive.MD_Format>
      <GM03_2_1Core.Core.MD_DistributiondistributionFormat>
        <MD_Distribution REF="xN1368891091" />
        <distributionFormat REF="xN157053295" />
      </GM03_2_1Core.Core.MD_DistributiondistributionFormat>
      <GM03_2_1Comprehensive.Comprehensive.MD_Format TID="xN157053295">
        <name>GeoTIFF</name>
        <version>-</version>
      </GM03_2_1Comprehensive.Comprehensive.MD_Format>
      <GM03_2_1Core.Core.MD_DistributiondistributionFormat>
        <MD_Distribution REF="xN1368891091" />
        <distributionFormat REF="xN122756272" />
      </GM03_2_1Core.Core.MD_DistributiondistributionFormat>
      <GM03_2_1Comprehensive.Comprehensive.MD_Format TID="xN122756272">
        <name>Text (.csv), semicolon separated</name>
        <version>-</version>
      </GM03_2_1Comprehensive.Comprehensive.MD_Format>
      <GM03_2_1Core.Core.MD_DistributiondistributionFormat>
        <MD_Distribution REF="xN1368891091" />
        <distributionFormat REF="xN619528877" />
      </GM03_2_1Core.Core.MD_DistributiondistributionFormat>
      <GM03_2_1Comprehensive.Comprehensive.MD_Format TID="xN619528877">
        <name>ESRI Shapefile</name>
        <version>-</version>
      </GM03_2_1Comprehensive.Comprehensive.MD_Format>
      <GM03_2_1Core.Core.MD_DistributiondistributionFormat>
        <MD_Distribution REF="xN1368891091" />
        <distributionFormat REF="xN1305045506" />
      </GM03_2_1Core.Core.MD_DistributiondistributionFormat>
      <GM03_2_1Comprehensive.Comprehensive.MD_Format TID="xN1305045506">
        <name>GeoJSON</name>
        <version>1.0</version>
      </GM03_2_1Comprehensive.Comprehensive.MD_Format>
      <GM03_2_1Comprehensive.Comprehensive.MD_DigitalTransferOptions TID="xN219950062">
        <MD_Distribution REF="xN1368891091" />
      </GM03_2_1Comprehensive.Comprehensive.MD_DigitalTransferOptions>
      <GM03_2_1Core.Core.CI_OnlineResource TID="xN1224426551">
        <protocol>WWW:DOWNLOAD:INTERLIS</protocol>
        <function>download</function>
        <name>
          <GM03_2_1Core.Core.PT_FreeText>
            <textGroup>
              <GM03_2_1Core.Core.PT_Group>
                <language>de</language>
                <plainText>Datenbezug Ã¼ber data.geo.admin</plainText>
              </GM03_2_1Core.Core.PT_Group>
            </textGroup>
          </GM03_2_1Core.Core.PT_FreeText>
        </name>
        <linkage>
          <GM03_2_1Core.Core.PT_FreeURL>
            <URLGroup>
              <GM03_2_1Core.Core.PT_URLGroup>
                <language>de</language>
                <plainURL>https://data.geo.admin.ch</plainURL>
              </GM03_2_1Core.Core.PT_URLGroup>
              <GM03_2_1Core.Core.PT_URLGroup>
                <language>de</language>
                <plainURL>https://data.geo.admin.ch</plainURL>
              </GM03_2_1Core.Core.PT_URLGroup>
              <GM03_2_1Core.Core.PT_URLGroup>
                <language>fr</language>
                <plainURL>https://data.geo.admin.ch</plainURL>
              </GM03_2_1Core.Core.PT_URLGroup>
              <GM03_2_1Core.Core.PT_URLGroup>
                <language>it</language>
                <plainURL>https://data.geo.admin.ch</plainURL>
              </GM03_2_1Core.Core.PT_URLGroup>
              <GM03_2_1Core.Core.PT_URLGroup>
                <language>en</language>
                <plainURL>https://data.geo.admin.ch</plainURL>
              </GM03_2_1Core.Core.PT_URLGroup>
            </URLGroup>
          </GM03_2_1Core.Core.PT_FreeURL>
        </linkage>
        <MD_DigitalTransferOptions REF="xN219950062" />
      </GM03_2_1Core.Core.CI_OnlineResource>
      <GM03_2_1Core.Core.CI_OnlineResource TID="xN1062717158">
        <protocol>ESRI:REST</protocol>
        <function>download</function>
        <name>
          <GM03_2_1Core.Core.PT_FreeText>
            <textGroup>
              <GM03_2_1Core.Core.PT_Group>
                <language>de</language>
                <plainText>RESTful API von geo.admin.ch</plainText>
              </GM03_2_1Core.Core.PT_Group>
            </textGroup>
          </GM03_2_1Core.Core.PT_FreeText>
        </name>
        <linkage>
          <GM03_2_1Core.Core.PT_FreeURL>
            <URLGroup>
              <GM03_2_1Core.Core.PT_URLGroup>
                <language>de</language>
                <plainURL>https://api3.geo.admin.ch/rest/services/api/MapServer/ch.bfe.biogasanlagen</plainURL>
              </GM03_2_1Core.Core.PT_URLGroup>
              <GM03_2_1Core.Core.PT_URLGroup>
                <language>de</language>
                <plainURL>https://api3.geo.admin.ch/rest/services/api/MapServer/ch.bfe.biogasanlagen</plainURL>
              </GM03_2_1Core.Core.PT_URLGroup>
              <GM03_2_1Core.Core.PT_URLGroup>
                <language>fr</language>
                <plainURL>https://api3.geo.admin.ch/rest/services/api/MapServer/ch.bfe.biogasanlagen</plainURL>
              </GM03_2_1Core.Core.PT_URLGroup>
              <GM03_2_1Core.Core.PT_URLGroup>
                <language>it</language>
                <plainURL>https://api3.geo.admin.ch/rest/services/api/MapServer/ch.bfe.biogasanlagen</plainURL>
              </GM03_2_1Core.Core.PT_URLGroup>
              <GM03_2_1Core.Core.PT_URLGroup>
                <language>en</language>
                <plainURL>https://api3.geo.admin.ch/rest/services/api/MapServer/ch.bfe.biogasanlagen</plainURL>
              </GM03_2_1Core.Core.PT_URLGroup>
            </URLGroup>
          </GM03_2_1Core.Core.PT_FreeURL>
        </linkage>
        <MD_DigitalTransferOptions REF="xN219950062" />
      </GM03_2_1Core.Core.CI_OnlineResource>
      <GM03_2_1Core.Core.CI_OnlineResource TID="xN270352887">
        <protocol>MAP:Preview</protocol>
        <name>
          <GM03_2_1Core.Core.PT_FreeText>
            <textGroup>
              <GM03_2_1Core.Core.PT_Group>
                <language>de</language>
                <plainText>Map Preview</plainText>
              </GM03_2_1Core.Core.PT_Group>
            </textGroup>
          </GM03_2_1Core.Core.PT_FreeText>
        </name>
        <linkage>
          <GM03_2_1Core.Core.PT_FreeURL>
            <URLGroup>
              <GM03_2_1Core.Core.PT_URLGroup>
                <language>de</language>
                <plainURL>https://map.geo.admin.ch/?layers=ch.bfe.energiestaedte&amp;lang=de&amp;topic=ech&amp;bgLayer=ch.swisstopo.pixelkarte-farbe&amp;layers_opacity=0.75</plainURL>
              </GM03_2_1Core.Core.PT_URLGroup>
              <GM03_2_1Core.Core.PT_URLGroup>
                <language>de</language>
                <plainURL>https://map.geo.admin.ch/?layers=ch.bfe.energiestaedte&amp;lang=de&amp;topic=ech&amp;bgLayer=ch.swisstopo.pixelkarte-farbe&amp;layers_opacity=0.75</plainURL>
              </GM03_2_1Core.Core.PT_URLGroup>
              <GM03_2_1Core.Core.PT_URLGroup>
                <language>fr</language>
                <plainURL>https://map.geo.admin.ch/?layers=ch.bfe.energiestaedte&amp;lang=de&amp;topic=ech&amp;bgLayer=ch.swisstopo.pixelkarte-farbe&amp;layers_opacity=0.75</plainURL>
              </GM03_2_1Core.Core.PT_URLGroup>
              <GM03_2_1Core.Core.PT_URLGroup>
                <language>it</language>
                <plainURL>https://map.geo.admin.ch/?layers=ch.bfe.energiestaedte&amp;lang=de&amp;topic=ech&amp;bgLayer=ch.swisstopo.pixelkarte-farbe&amp;layers_opacity=0.75</plainURL>
              </GM03_2_1Core.Core.PT_URLGroup>
              <GM03_2_1Core.Core.PT_URLGroup>
                <language>en</language>
                <plainURL>https://map.geo.admin.ch/?layers=ch.bfe.energiestaedte&amp;lang=de&amp;topic=ech&amp;bgLayer=ch.swisstopo.pixelkarte-farbe&amp;layers_opacity=0.75</plainURL>
              </GM03_2_1Core.Core.PT_URLGroup>
            </URLGroup>
          </GM03_2_1Core.Core.PT_FreeURL>
        </linkage>
        <MD_DigitalTransferOptions REF="xN219950062" />
      </GM03_2_1Core.Core.CI_OnlineResource>
      <GM03_2_1Core.Core.CI_OnlineResource TID="xN1045203608">
        <protocol>OGC:WMS</protocol>
        <name>
          <GM03_2_1Core.Core.PT_FreeText>
            <textGroup>
              <GM03_2_1Core.Core.PT_Group>
                <language>de</language>
                <plainText>DE#WMS Dienst</plainText>
              </GM03_2_1Core.Core.PT_Group>
            </textGroup>
          </GM03_2_1Core.Core.PT_FreeText>
        </name>
        <linkage>
          <GM03_2_1Core.Core.PT_FreeURL>
            <URLGroup>
              <GM03_2_1Core.Core.PT_URLGroup>
                <language>de</language>
                <plainURL>http://wms.geo.admin.ch/?SERVICE=WMS&amp;VERSION=1.3.0&amp;REQUEST=GetCapabilities&amp;lang=de mit dem Layernamen ch.bfe.energiestaedte</plainURL>
              </GM03_2_1Core.Core.PT_URLGroup>
              <GM03_2_1Core.Core.PT_URLGroup>
                <language>de</language>
                <plainURL>http://wms.geo.admin.ch/?SERVICE=WMS&amp;VERSION=1.3.0&amp;REQUEST=GetCapabilities&amp;lang=de mit dem Layernamen ch.bfe.energiestaedte</plainURL>
              </GM03_2_1Core.Core.PT_URLGroup>
              <GM03_2_1Core.Core.PT_URLGroup>
                <language>fr</language>
                <plainURL>http://wms.geo.admin.ch/?SERVICE=WMS&amp;VERSION=1.3.0&amp;REQUEST=GetCapabilities&amp;lang=de mit dem Layernamen ch.bfe.energiestaedte</plainURL>
              </GM03_2_1Core.Core.PT_URLGroup>
              <GM03_2_1Core.Core.PT_URLGroup>
                <language>it</language>
                <plainURL>http://wms.geo.admin.ch/?SERVICE=WMS&amp;VERSION=1.3.0&amp;REQUEST=GetCapabilities&amp;lang=de mit dem Layernamen ch.bfe.energiestaedte</plainURL>
              </GM03_2_1Core.Core.PT_URLGroup>
              <GM03_2_1Core.Core.PT_URLGroup>
                <language>en</language>
                <plainURL>http://wms.geo.admin.ch/?SERVICE=WMS&amp;VERSION=1.3.0&amp;REQUEST=GetCapabilities&amp;lang=de mit dem Layernamen ch.bfe.energiestaedte</plainURL>
              </GM03_2_1Core.Core.PT_URLGroup>
            </URLGroup>
          </GM03_2_1Core.Core.PT_FreeURL>
        </linkage>
        <MD_DigitalTransferOptions REF="xN219950062" />
      </GM03_2_1Core.Core.CI_OnlineResource>
      <GM03_2_1Core.Core.CI_OnlineResource TID="xN1224879709">
        <protocol>WWW:LINK</protocol>
        <name>
          <GM03_2_1Core.Core.PT_FreeText>
            <textGroup>
              <GM03_2_1Core.Core.PT_Group>
                <language>de</language>
                <plainText>Collection / Geoshop</plainText>
              </GM03_2_1Core.Core.PT_Group>
            </textGroup>
          </GM03_2_1Core.Core.PT_FreeText>
        </name>
        <linkage>
          <GM03_2_1Core.Core.PT_FreeURL>
            <URLGroup>
              <GM03_2_1Core.Core.PT_URLGroup>
                <language>de</language>
                <plainURL>https://geocat.geoshop.ch</plainURL>
              </GM03_2_1Core.Core.PT_URLGroup>
              <GM03_2_1Core.Core.PT_URLGroup>
                <language>de</language>
                <plainURL>https://geocat.geoshop.ch</plainURL>
              </GM03_2_1Core.Core.PT_URLGroup>
              <GM03_2_1Core.Core.PT_URLGroup>
                <language>fr</language>
                <plainURL>https://geocat.geoshop.ch</plainURL>
              </GM03_2_1Core.Core.PT_URLGroup>
              <GM03_2_1Core.Core.PT_URLGroup>
                <language>it</language>
                <plainURL>https://geocat.geoshop.ch</plainURL>
              </GM03_2_1Core.Core.PT_URLGroup>
              <GM03_2_1Core.Core.PT_URLGroup>
                <language>en</language>
                <plainURL>https://geocat.geoshop.ch</plainURL>
              </GM03_2_1Core.Core.PT_URLGroup>
            </URLGroup>
          </GM03_2_1Core.Core.PT_FreeURL>
        </linkage>
        <MD_DigitalTransferOptions REF="xN219950062" />
      </GM03_2_1Core.Core.CI_OnlineResource>
      <GM03_2_1Core.Core.MD_Metadatacontact>
        <contact REF="xN283356838" />
        <MD_Metadata REF="xN1460184041" />
        <role>
          <GM03_2_1Core.Core.CI_RoleCode_>
            <value>pointOfContact</value>
          </GM03_2_1Core.Core.CI_RoleCode_>
        </role>
      </GM03_2_1Core.Core.MD_Metadatacontact>
      <GM03_2_1Core.Core.CI_ResponsibleParty TID="xN283356838">
        <individualLastName>geocat.ch</individualLastName>
        <electronicalMailAddress>
          <GM03_2_1Core.Core.URL_>
            <value>geocat@swisstopo.ch</value>
          </GM03_2_1Core.Core.URL_>
        </electronicalMailAddress>
        <organisationName>
          <GM03_2_1Core.Core.PT_FreeText>
            <textGroup>
              <GM03_2_1Core.Core.PT_Group>
                <language>de</language>
                <plainText>Bundesamt fÃ¼r Landestopografie</plainText>
              </GM03_2_1Core.Core.PT_Group>
              <GM03_2_1Core.Core.PT_Group>
                <language>fr</language>
                <plainText>Office fÃ©dÃ©ral de topographie</plainText>
              </GM03_2_1Core.Core.PT_Group>
              <GM03_2_1Core.Core.PT_Group>
                <language>it</language>
                <plainText>Ufficio federale di topografia</plainText>
              </GM03_2_1Core.Core.PT_Group>
              <GM03_2_1Core.Core.PT_Group>
                <language>en</language>
                <plainText>Federal Office of Topography</plainText>
              </GM03_2_1Core.Core.PT_Group>
            </textGroup>
          </GM03_2_1Core.Core.PT_FreeText>
        </organisationName>
        <organisationAcronym>
          <GM03_2_1Core.Core.PT_FreeText>
            <textGroup>
              <GM03_2_1Core.Core.PT_Group>
                <language>de</language>
                <plainText>swisstopo</plainText>
              </GM03_2_1Core.Core.PT_Group>
              <GM03_2_1Core.Core.PT_Group>
                <language>fr</language>
                <plainText>swisstopo</plainText>
              </GM03_2_1Core.Core.PT_Group>
              <GM03_2_1Core.Core.PT_Group>
                <language>it</language>
                <plainText>swisstopo</plainText>
              </GM03_2_1Core.Core.PT_Group>
              <GM03_2_1Core.Core.PT_Group>
                <language>en</language>
                <plainText>swisstopo</plainText>
              </GM03_2_1Core.Core.PT_Group>
            </textGroup>
          </GM03_2_1Core.Core.PT_FreeText>
        </organisationAcronym>
        <linkage>
          <GM03_2_1Core.Core.PT_FreeURL>
            <URLGroup>
              <GM03_2_1Core.Core.PT_URLGroup>
                <language>de</language>
                <plainURL>http://www.swisstopo.ch</plainURL>
              </GM03_2_1Core.Core.PT_URLGroup>
              <GM03_2_1Core.Core.PT_URLGroup>
                <language>de</language>
                <plainURL>http://www.swisstopo.ch</plainURL>
              </GM03_2_1Core.Core.PT_URLGroup>
              <GM03_2_1Core.Core.PT_URLGroup>
                <language>fr</language>
                <plainURL>http://www.swisstopo.ch</plainURL>
              </GM03_2_1Core.Core.PT_URLGroup>
              <GM03_2_1Core.Core.PT_URLGroup>
                <language>it</language>
                <plainURL>http://www.swisstopo.ch</plainURL>
              </GM03_2_1Core.Core.PT_URLGroup>
              <GM03_2_1Core.Core.PT_URLGroup>
                <language>en</language>
                <plainURL>http://www.swisstopo.ch</plainURL>
              </GM03_2_1Core.Core.PT_URLGroup>
            </URLGroup>
          </GM03_2_1Core.Core.PT_FreeURL>
        </linkage>
        <address REF="xN133113155" />
        <contactInfo REF="xN1374667932" />
      </GM03_2_1Core.Core.CI_ResponsibleParty>
      <GM03_2_1Core.Core.CI_Address TID="xN133113155">
        <streetName>Seftigenstrasse</streetName>
        <streetNumber>264</streetNumber>
        <postalCode>3084</postalCode>
        <city>Wabern</city>
        <country>CH</country>
      </GM03_2_1Core.Core.CI_Address>
      <GM03_2_1Core.Core.CI_Contact TID="xN1374667932" />
      <GM03_2_1Core.Core.CI_Telephone TID="xN1739492985">
        <number>058 469 01 11</number>
        <numberType>mainNumber</numberType>
        <CI_ResponsibleParty REF="xN283356838" />
      </GM03_2_1Core.Core.CI_Telephone>
      <GM03_2_1Comprehensive.Comprehensive.MD_DataIdentification TID="xN2067793606">
        <abstract>
          <GM03_2_1Core.Core.PT_FreeText>
            <textGroup>
              <GM03_2_1Core.Core.PT_Group>
                <language>de</language>
                <plainText>Testdatensatz fÃ¼r opendata.swiss-Mapping:
Nutzungsbedingungen, neue Ressourcen (REST-API) und Preview, Formate mit den Ressourcen verlinkt.</plainText>
              </GM03_2_1Core.Core.PT_Group>
            </textGroup>
          </GM03_2_1Core.Core.PT_FreeText>
        </abstract>
        <MD_Metadata REF="xN1460184041" />
        <citation REF="xN1955027712" />
        <language>
          <CodeISO.LanguageCodeISO_>
            <value>ERROR_</value>
          </CodeISO.LanguageCodeISO_>
        </language>
        <characterSet>
          <GM03_2_1Core.Core.MD_CharacterSetCode_>
            <value>utf8</value>
          </GM03_2_1Core.Core.MD_CharacterSetCode_>
        </characterSet>
        <topicCategory>
          <GM03_2_1Core.Core.MD_TopicCategoryCode_>
            <value>climatologyMeteorologyAtmosphere</value>
          </GM03_2_1Core.Core.MD_TopicCategoryCode_>
        </topicCategory>
      </GM03_2_1Comprehensive.Comprehensive.MD_DataIdentification>
      <GM03_2_1Comprehensive.Comprehensive.CI_Citation TID="xN1955027712">
        <title>
          <GM03_2_1Core.Core.PT_FreeText>
            <textGroup>
              <GM03_2_1Core.Core.PT_Group>
                <language>de</language>
                <plainText>Testdatensatz fÃ¼r opendata.swiss-Mapping</plainText>
              </GM03_2_1Core.Core.PT_Group>
            </textGroup>
          </GM03_2_1Core.Core.PT_FreeText>
        </title>
      </GM03_2_1Comprehensive.Comprehensive.CI_Citation>
      <GM03_2_1Core.Core.CI_Date TID="xw7588401aac23b1b1b1b3b1">
        <date>2021-04-28</date>
        <dateType>creation</dateType>
        <CI_Citation REF="xN1955027712" />
      </GM03_2_1Core.Core.CI_Date>
      <GM03_2_1Core.Core.MD_IdentificationpointOfContact>
        <pointOfContact REF="xN462903668" />
        <MD_Identification REF="xN2067793606" />
        <role>
          <GM03_2_1Core.Core.CI_RoleCode_>
            <value>owner</value>
          </GM03_2_1Core.Core.CI_RoleCode_>
        </role>
      </GM03_2_1Core.Core.MD_IdentificationpointOfContact>
      <GM03_2_1Core.Core.CI_ResponsibleParty TID="xN462903668">
        <individualLastName>geocat.ch</individualLastName>
        <electronicalMailAddress>
          <GM03_2_1Core.Core.URL_>
            <value>geocat@swisstopo.ch</value>
          </GM03_2_1Core.Core.URL_>
        </electronicalMailAddress>
        <organisationName>
          <GM03_2_1Core.Core.PT_FreeText>
            <textGroup>
              <GM03_2_1Core.Core.PT_Group>
                <language>de</language>
                <plainText>Bundesamt fÃ¼r Landestopografie</plainText>
              </GM03_2_1Core.Core.PT_Group>
              <GM03_2_1Core.Core.PT_Group>
                <language>fr</language>
                <plainText>Office fÃ©dÃ©ral de topographie</plainText>
              </GM03_2_1Core.Core.PT_Group>
              <GM03_2_1Core.Core.PT_Group>
                <language>it</language>
                <plainText>Ufficio federale di topografia</plainText>
              </GM03_2_1Core.Core.PT_Group>
              <GM03_2_1Core.Core.PT_Group>
                <language>en</language>
                <plainText>Federal Office of Topography</plainText>
              </GM03_2_1Core.Core.PT_Group>
            </textGroup>
          </GM03_2_1Core.Core.PT_FreeText>
        </organisationName>
        <organisationAcronym>
          <GM03_2_1Core.Core.PT_FreeText>
            <textGroup>
              <GM03_2_1Core.Core.PT_Group>
                <language>de</language>
                <plainText>swisstopo</plainText>
              </GM03_2_1Core.Core.PT_Group>
              <GM03_2_1Core.Core.PT_Group>
                <language>fr</language>
                <plainText>swisstopo</plainText>
              </GM03_2_1Core.Core.PT_Group>
              <GM03_2_1Core.Core.PT_Group>
                <language>it</language>
                <plainText>swisstopo</plainText>
              </GM03_2_1Core.Core.PT_Group>
              <GM03_2_1Core.Core.PT_Group>
                <language>en</language>
                <plainText>swisstopo</plainText>
              </GM03_2_1Core.Core.PT_Group>
            </textGroup>
          </GM03_2_1Core.Core.PT_FreeText>
        </organisationAcronym>
        <linkage>
          <GM03_2_1Core.Core.PT_FreeURL>
            <URLGroup>
              <GM03_2_1Core.Core.PT_URLGroup>
                <language>de</language>
                <plainURL>http://www.swisstopo.ch</plainURL>
              </GM03_2_1Core.Core.PT_URLGroup>
              <GM03_2_1Core.Core.PT_URLGroup>
                <language>de</language>
                <plainURL>http://www.swisstopo.ch</plainURL>
              </GM03_2_1Core.Core.PT_URLGroup>
              <GM03_2_1Core.Core.PT_URLGroup>
                <language>fr</language>
                <plainURL>http://www.swisstopo.ch</plainURL>
              </GM03_2_1Core.Core.PT_URLGroup>
              <GM03_2_1Core.Core.PT_URLGroup>
                <language>it</language>
                <plainURL>http://www.swisstopo.ch</plainURL>
              </GM03_2_1Core.Core.PT_URLGroup>
              <GM03_2_1Core.Core.PT_URLGroup>
                <language>en</language>
                <plainURL>http://www.swisstopo.ch</plainURL>
              </GM03_2_1Core.Core.PT_URLGroup>
            </URLGroup>
          </GM03_2_1Core.Core.PT_FreeURL>
        </linkage>
        <address REF="xN1064073581" />
        <contactInfo REF="xN1667898371" />
      </GM03_2_1Core.Core.CI_ResponsibleParty>
      <GM03_2_1Core.Core.CI_Address TID="xN1064073581">
        <streetName>Seftigenstrasse</streetName>
        <streetNumber>264</streetNumber>
        <postalCode>3084</postalCode>
        <city>Wabern</city>
        <country>CH</country>
      </GM03_2_1Core.Core.CI_Address>
      <GM03_2_1Core.Core.CI_Contact TID="xN1667898371" />
      <GM03_2_1Core.Core.CI_Telephone TID="xN103543401">
        <number>058 469 01 11</number>
        <numberType>mainNumber</numberType>
        <CI_ResponsibleParty REF="xN462903668" />
      </GM03_2_1Core.Core.CI_Telephone>
      <GM03_2_1Core.Core.descriptiveKeywordsMD_Identification>
        <descriptiveKeywords REF="xN1907856681" />
        <MD_Identification REF="xN2067793606" />
      </GM03_2_1Core.Core.descriptiveKeywordsMD_Identification>
      <GM03_2_1Core.Core.MD_Keywords TID="xN1907856681">
        <keyword>
          <GM03_2_1Core.Core.PT_FreeText>
            <textGroup>
              <GM03_2_1Core.Core.PT_Group>
                <language>de</language>
                <plainText>opendata.swiss</plainText>
              </GM03_2_1Core.Core.PT_Group>
              <GM03_2_1Core.Core.PT_Group>
                <language>fr</language>
                <plainText>opendata.swiss</plainText>
              </GM03_2_1Core.Core.PT_Group>
              <GM03_2_1Core.Core.PT_Group>
                <language>it</language>
                <plainText>opendata.swiss</plainText>
              </GM03_2_1Core.Core.PT_Group>
              <GM03_2_1Core.Core.PT_Group>
                <language>en</language>
                <plainText>opendata.swiss</plainText>
              </GM03_2_1Core.Core.PT_Group>
            </textGroup>
          </GM03_2_1Core.Core.PT_FreeText>
        </keyword>
        <thesaurus REF="xN1283187018" />
      </GM03_2_1Core.Core.MD_Keywords>
      <GM03_2_1Core.Core.MD_Thesaurus TID="xN1283187018">
        <citation REF="xN207661319" />
      </GM03_2_1Core.Core.MD_Thesaurus>
      <GM03_2_1Comprehensive.Comprehensive.CI_Citation TID="xN207661319">
        <title>
          <GM03_2_1Core.Core.PT_FreeText>
            <textGroup>
              <GM03_2_1Core.Core.PT_Group>
                <language>de</language>
                <plainText>geocat.ch</plainText>
              </GM03_2_1Core.Core.PT_Group>
            </textGroup>
          </GM03_2_1Core.Core.PT_FreeText>
        </title>
      </GM03_2_1Comprehensive.Comprehensive.CI_Citation>
      <GM03_2_1Core.Core.CI_Date TID="xw7588401aac23b1b7ab2ab1a">
        <date>2021-04-12</date>
        <dateType>publication</dateType>
        <CI_Citation REF="xN207661319" />
      </GM03_2_1Core.Core.CI_Date>
      <GM03_2_1Comprehensive.Comprehensive.CI_Citationidentifier>
        <identifier REF="xN1710066561" />
        <CI_Citation REF="xN207661319" />
      </GM03_2_1Comprehensive.Comprehensive.CI_Citationidentifier>
      <GM03_2_1Core.Core.MD_Identifier TID="xN1710066561">
        <code>
          <GM03_2_1Core.Core.PT_FreeText>
            <textGroup>
              <GM03_2_1Core.Core.PT_Group>
                <language>de</language>
                <plainText>geonetwork.thesaurus.local.theme.geocat.ch</plainText>
              </GM03_2_1Core.Core.PT_Group>
            </textGroup>
          </GM03_2_1Core.Core.PT_FreeText>
        </code>
      </GM03_2_1Core.Core.MD_Identifier>
      <GM03_2_1Comprehensive.Comprehensive.resourceConstraintsMD_Identification>
        <resourceConstraints REF="xN2074461278" />
        <MD_Identification REF="xN2067793606" />
      </GM03_2_1Comprehensive.Comprehensive.resourceConstraintsMD_Identification>
      <GM03_2_1Comprehensive.Comprehensive.MD_LegalConstraints TID="xN2074461278">
        <otherConstraints>
          <GM03_2_1Core.Core.PT_FreeText>
            <textGroup>
              <GM03_2_1Core.Core.PT_Group>
                <language>de</language>
                <plainText>Opendata BY: Freie Nutzung. Quellenangabe ist Pflicht.</plainText>
              </GM03_2_1Core.Core.PT_Group>
              <GM03_2_1Core.Core.PT_Group>
                <language>fr</language>
                <plainText>Opendata BY: Utilisation libre. Obligation dâindiquer la source.</plainText>
              </GM03_2_1Core.Core.PT_Group>
              <GM03_2_1Core.Core.PT_Group>
                <language>it</language>
                <plainText>Opendata BY: Libero utilizzo. Indicazione della fonte obbligatoria. Utilizzo a fini commerciali ammesso soltanto previo consenso del titolare dei dati</plainText>
              </GM03_2_1Core.Core.PT_Group>
              <GM03_2_1Core.Core.PT_Group>
                <language>en</language>
                <plainText>Opendata BY: Open use. Must provide the source.</plainText>
              </GM03_2_1Core.Core.PT_Group>
            </textGroup>
          </GM03_2_1Core.Core.PT_FreeText>
        </otherConstraints>
      </GM03_2_1Comprehensive.Comprehensive.MD_LegalConstraints>
      <GM03_2_1Core.Core.EX_Extent TID="xN275398140">
        <description>
          <GM03_2_1Core.Core.PT_FreeText>
            <textGroup>
              <GM03_2_1Core.Core.PT_Group>
                <language>de</language>
                <plainText>Schweiz</plainText>
              </GM03_2_1Core.Core.PT_Group>
              <GM03_2_1Core.Core.PT_Group>
                <language>fr</language>
                <plainText>Schweiz</plainText>
              </GM03_2_1Core.Core.PT_Group>
              <GM03_2_1Core.Core.PT_Group>
                <language>it</language>
                <plainText>Schweiz</plainText>
              </GM03_2_1Core.Core.PT_Group>
              <GM03_2_1Core.Core.PT_Group>
                <language>en</language>
                <plainText>Schweiz</plainText>
              </GM03_2_1Core.Core.PT_Group>
            </textGroup>
          </GM03_2_1Core.Core.PT_FreeText>
        </description>
        <MD_DataIdentification REF="xN2067793606" />
      </GM03_2_1Core.Core.EX_Extent>
      <GM03_2_1Core.Core.EX_ExtentgeographicElement>
        <EX_Extent REF="xN275398140" />
        <geographicElement REF="xN1746147843" />
      </GM03_2_1Core.Core.EX_ExtentgeographicElement>
      <GM03_2_1Core.Core.EX_GeographicDescription TID="xN1746147843">
        <geographicIdentifier REF="xN1956007102" />
      </GM03_2_1Core.Core.EX_GeographicDescription>
      <GM03_2_1Core.Core.MD_Identifier TID="xN1956007102" />
      <GM03_2_1Core.Core.EX_ExtentgeographicElement>
        <EX_Extent REF="xN275398140" />
        <geographicElement REF="xN787364891" />
      </GM03_2_1Core.Core.EX_ExtentgeographicElement>
      <GM03_2_1Core.Core.EX_GeographicBoundingBox TID="xN787364891">
        <northBoundLatitude>47.810000</northBoundLatitude>
        <southBoundLatitude>45.820000</southBoundLatitude>
        <eastBoundLongitude>10.493000</eastBoundLongitude>
        <westBoundLongitude>5.957000</westBoundLongitude>
      </GM03_2_1Core.Core.EX_GeographicBoundingBox>
      <GM03_2_1Core.Core.EX_ExtentgeographicElement>
        <EX_Extent REF="xN275398140" />
        <geographicElement REF="xN1472615152" />
      </GM03_2_1Core.Core.EX_ExtentgeographicElement>
      <GM03_2_1Core.Core.EX_BoundingPolygon TID="xN1472615152">
        <polygon>
          <SURFACE>
            <BOUNDARY>
              <POLYLINE>
                <COORD>
                  <C1>5.964000005879677</C1>
                  <C2>46.19900000883968</C2>
                </COORD>
                <COORD>
                  <C1>5.965000005880854</C1>
                  <C2>46.19900000883951</C2>
                </COORD>
                <COORD>
                  <C1>5.965000005880691</C1>
                  <C2>46.20000000884012</C2>
                </COORD>
                <COORD>
                  <C1>5.965000005880527</C1>
                  <C2>46.20100000884071</C2>
                </COORD>
                <COORD>
                  <C1>5.966000005881702</C1>
                  <C2>46.201000008840566</C2>
                </COORD>
                <COORD>
                  <C1>5.967000005882881</C1>
                  <C2>46.20100000884036</C2>
                </COORD>
                <COORD>
                  <C1>5.967000005882717</C1>
                  <C2>46.202000008841</C2>
                </COORD>
                <COORD>
                  <C1>5.968000005883896</C1>
                  <C2>46.2020000088408</C2>
                </COORD>
                <COORD>
                  <C1>5.969000005885073</C1>
                  <C2>46.2020000088406</C2>
                </COORD>
                <COORD>
                  <C1>5.970000005886249</C1>
                  <C2>46.20200000884043</C2>
                </COORD>
                <COORD>
                  <C1>5.970000005886087</C1>
                  <C2>46.203000008841094</C2>
                </COORD>
                <COORD>
                  <C1>5.971000005887265</C1>
                  <C2>46.203000008840895</C2>
                </COORD>
                <COORD>
                  <C1>5.971000005887104</C1>
                  <C2>46.2040000088415</C2>
                </COORD>
                <COORD>
                  <C1>5.972000005888443</C1>
                  <C2>46.203000008840725</C2>
                </COORD>
                <COORD>
                  <C1>5.972000005888278</C1>
                  <C2>46.20400000884131</C2>
                </COORD>
                <COORD>
                  <C1>5.973000005889455</C1>
                  <C2>46.20400000884112</C2>
                </COORD>
                <COORD>
                  <C1>5.974000005890634</C1>
                  <C2>46.20400000884096</C2>
                </COORD>
                <COORD>
                  <C1>5.974000005890471</C1>
                  <C2>46.20500000884154</C2>
                </COORD>
                <COORD>
                  <C1>5.973000005889293</C1>
                  <C2>46.20500000884177</C2>
                </COORD>
                <COORD>
                  <C1>5.973000005889129</C1>
                  <C2>46.20600000884236</C2>
                </COORD>
                <COORD>
                  <C1>5.972000005887951</C1>
                  <C2>46.206000008842544</C2>
                </COORD>
                <COORD>
                  <C1>5.971000005886771</C1>
                  <C2>46.20600000884272</C2>
                </COORD>
                <COORD>
                  <C1>5.97100000588661</C1>
                  <C2>46.20700000884334</C2>
                </COORD>
                <COORD>
                  <C1>5.971000005886444</C1>
                  <C2>46.20800000884393</C2>
                </COORD>
                <COORD>
                  <C1>5.970000005885268</C1>
                  <C2>46.208000008844095</C2>
                </COORD>
                <COORD>
                  <C1>5.970000005885105</C1>
                  <C2>46.20900000884473</C2>
                </COORD>
                <COORD>
                  <C1>5.971000005886118</C1>
                  <C2>46.21000000884518</C2>
                </COORD>
                <COORD>
                  <C1>5.972000005886967</C1>
                  <C2>46.21200000884621</C2>
                </COORD>
                <COORD>
                  <C1>5.972000005886804</C1>
                  <C2>46.21300000884686</C2>
                </COORD>
                <COORD>
                  <C1>5.974000005888666</C1>
                  <C2>46.21600000884831</C2>
                </COORD>
                <COORD>
                  <C1>5.9750000058896795</C1>
                  <C2>46.21700000884876</C2>
                </COORD>
                <COORD>
                  <C1>5.979000005894055</C1>
                  <C2>46.21900000884927</C2>
                </COORD>
                <COORD>
                  <C1>5.980000005895231</C1>
                  <C2>46.21900000884908</C2>
                </COORD>
                <COORD>
                  <C1>5.9810000058964095</C1>
                  <C2>46.21900000884889</C2>
                </COORD>
                <COORD>
                  <C1>5.982000005897586</C1>
                  <C2>46.219000008848695</C2>
                </COORD>
                <COORD>
                  <C1>5.9830000058987585</C1>
                  <C2>46.219000008848525</C2>
                </COORD>
                <COORD>
                  <C1>5.9840000058999365</C1>
                  <C2>46.21900000884831</C2>
                </COORD>
                <COORD>
                  <C1>5.985000005901112</C1>
                  <C2>46.219000008848155</C2>
                </COORD>
                <COORD>
                  <C1>5.986000005902288</C1>
                  <C2>46.21900000884799</C2>
                </COORD>
                <COORD>
                  <C1>5.987000005903466</C1>
                  <C2>46.219000008847786</C2>
                </COORD>
                <COORD>
                  <C1>5.988000005904642</C1>
                  <C2>46.219000008847615</C2>
                </COORD>
                <COORD>
                  <C1>5.988000005904807</C1>
                  <C2>46.21800000884699</C2>
                </COORD>
                <COORD>
                  <C1>5.989000005905982</C1>
                  <C2>46.2180000088468</C2>
                </COORD>
                <COORD>
                  <C1>5.990000005907158</C1>
                  <C2>46.21800000884665</C2>
                </COORD>
                <COORD>
                  <C1>5.991000005908332</C1>
                  <C2>46.218000008846445</C2>
                </COORD>
                <COORD>
                  <C1>5.99200000590951</C1>
                  <C2>46.21800000884626</C2>
                </COORD>
                <COORD>
                  <C1>5.992000005909674</C1>
                  <C2>46.217000008845666</C2>
                </COORD>
                <COORD>
                  <C1>5.993000005910849</C1>
                  <C2>46.21700000884546</C2>
                </COORD>
                <COORD>
                  <C1>5.994000005912022</C1>
                  <C2>46.217000008845304</C2>
                </COORD>
                <COORD>
                  <C1>5.994000005911862</C1>
                  <C2>46.21800000884587</C2>
                </COORD>
                <COORD>
                  <C1>5.994000005911696</C1>
                  <C2>46.219000008846514</C2>
                </COORD>
                <COORD>
                  <C1>5.9940000059115315</C1>
                  <C2>46.22000000884715</C2>
                </COORD>
                <COORD>
                  <C1>5.9940000059113645</C1>
                  <C2>46.22100000884777</C2>
                </COORD>
                <COORD>
                  <C1>5.992000005908849</C1>
                  <C2>46.22200000884873</C2>
                </COORD>
                <COORD>
                  <C1>5.992000005908686</C1>
                  <C2>46.22300000884934</C2>
                </COORD>
                <COORD>
                  <C1>5.99100000590751</C1>
                  <C2>46.2230000088495</C2>
                </COORD>
                <COORD>
                  <C1>5.991000005907342</C1>
                  <C2>46.22400000885012</C2>
                </COORD>
                <COORD>
                  <C1>5.9940000059107055</C1>
                  <C2>46.22500000885014</C2>
                </COORD>
                <COORD>
                  <C1>5.994000005910871</C1>
                  <C2>46.22400000884959</C2>
                </COORD>
                <COORD>
                  <C1>5.995000005912047</C1>
                  <C2>46.2240000088494</C2>
                </COORD>
                <COORD>
                  <C1>5.996000005913222</C1>
                  <C2>46.22400000884918</C2>
                </COORD>
                <COORD>
                  <C1>5.997000005914397</C1>
                  <C2>46.22400000884902</C2>
                </COORD>
                <COORD>
                  <C1>5.998000005915571</C1>
                  <C2>46.22400000884887</C2>
                </COORD>
                <COORD>
                  <C1>5.999000005916746</C1>
                  <C2>46.224000008848655</C2>
                </COORD>
                <COORD>
                  <C1>6.000000005917923</C1>
                  <C2>46.22400000884844</C2>
                </COORD>
                <COORD>
                  <C1>6.000000005918088</C1>
                  <C2>46.22300000884782</C2>
                </COORD>
                <COORD>
                  <C1>6.001000005919428</C1>
                  <C2>46.22200000884706</C2>
                </COORD>
                <COORD>
                  <C1>6.002000005920603</C1>
                  <C2>46.22200000884688</C2>
                </COORD>
                <COORD>
                  <C1>6.0030000059216135</C1>
                  <C2>46.22300000884731</C2>
                </COORD>
                <COORD>
                  <C1>6.003000005921447</C1>
                  <C2>46.22400000884792</C2>
                </COORD>
                <COORD>
                  <C1>6.004000005922622</C1>
                  <C2>46.224000008847746</C2>
                </COORD>
                <COORD>
                  <C1>6.004000005922458</C1>
                  <C2>46.225000008848355</C2>
                </COORD>
                <COORD>
                  <C1>6.005000005923634</C1>
                  <C2>46.225000008848134</C2>
                </COORD>
                <COORD>
                  <C1>6.006000005924806</C1>
                  <C2>46.22500000884798</C2>
                </COORD>
                <COORD>
                  <C1>6.0060000059246414</C1>
                  <C2>46.22600000884861</C2>
                </COORD>
                <COORD>
                  <C1>6.007000005925817</C1>
                  <C2>46.22600000884838</C2>
                </COORD>
                <COORD>
                  <C1>6.008000005926992</C1>
                  <C2>46.22600000884824</C2>
                </COORD>
                <COORD>
                  <C1>6.008000005926825</C1>
                  <C2>46.22700000884882</C2>
                </COORD>
                <COORD>
                  <C1>6.00800000592666</C1>
                  <C2>46.228000008849435</C2>
                </COORD>
                <COORD>
                  <C1>6.0090000059278355</C1>
                  <C2>46.22800000884925</C2>
                </COORD>
                <COORD>
                  <C1>6.00900000592767</C1>
                  <C2>46.22900000884991</C2>
                </COORD>
                <COORD>
                  <C1>6.010000005928844</C1>
                  <C2>46.229000008849674</C2>
                </COORD>
                <COORD>
                  <C1>6.011000005930018</C1>
                  <C2>46.22900000884951</C2>
                </COORD>
                <COORD>
                  <C1>6.011000005929851</C1>
                  <C2>46.23000000885011</C2>
                </COORD>
                <COORD>
                  <C1>6.010000005928675</C1>
                  <C2>46.23000000885029</C2>
                </COORD>
                <COORD>
                  <C1>6.01000000592851</C1>
                  <C2>46.23100000885091</C2>
                </COORD>
                <COORD>
                  <C1>6.011000005929686</C1>
                  <C2>46.23100000885078</C2>
                </COORD>
                <COORD>
                  <C1>6.012000005930861</C1>
                  <C2>46.23100000885055</C2>
                </COORD>
                <COORD>
                  <C1>6.012000005931025</C1>
                  <C2>46.2300000088499</C2>
                </COORD>
                <COORD>
                  <C1>6.013000005932201</C1>
                  <C2>46.23000000884979</C2>
                </COORD>
                <COORD>
                  <C1>6.01400000593321</C1>
                  <C2>46.23100000885015</C2>
                </COORD>
                <COORD>
                  <C1>6.014000005933044</C1>
                  <C2>46.2320000088508</C2>
                </COORD>
                <COORD>
                  <C1>6.013000005931871</C1>
                  <C2>46.232000008850974</C2>
                </COORD>
                <COORD>
                  <C1>6.013000005931704</C1>
                  <C2>46.233000008851576</C2>
                </COORD>
                <COORD>
                  <C1>6.014000005932878</C1>
                  <C2>46.233000008851405</C2>
                </COORD>
                <COORD>
                  <C1>6.01500000593405</C1>
                  <C2>46.233000008851256</C2>
                </COORD>
                <COORD>
                  <C1>6.0150000059342155</C1>
                  <C2>46.23200000885059</C2>
                </COORD>
                <COORD>
                  <C1>6.016000005935392</C1>
                  <C2>46.232000008850385</C2>
                </COORD>
                <COORD>
                  <C1>6.016000005935226</C1>
                  <C2>46.23300000885101</C2>
                </COORD>
                <COORD>
                  <C1>6.017000005936402</C1>
                  <C2>46.23300000885085</C2>
                </COORD>
                <COORD>
                  <C1>6.017000005936233</C1>
                  <C2>46.234000008851446</C2>
                </COORD>
                <COORD>
                  <C1>6.018000005937572</C1>
                  <C2>46.233000008850674</C2>
                </COORD>
                <COORD>
                  <C1>6.019000005938747</C1>
                  <C2>46.23300000885046</C2>
                </COORD>
                <COORD>
                  <C1>6.02000000593992</C1>
                  <C2>46.233000008850276</C2>
                </COORD>
                <COORD>
                  <C1>6.019000005938582</C1>
                  <C2>46.2340000088511</C2>
                </COORD>
                <COORD>
                  <C1>6.020000005939756</C1>
                  <C2>46.234000008850934</C2>
                </COORD>
                <COORD>
                  <C1>6.021000005940928</C1>
                  <C2>46.234000008850735</C2>
                </COORD>
                <COORD>
                  <C1>6.022000005942102</C1>
                  <C2>46.234000008850536</C2>
                </COORD>
                <COORD>
                  <C1>6.023000005943276</C1>
                  <C2>46.234000008850344</C2>
                </COORD>
                <COORD>
                  <C1>6.02400000594445</C1>
                  <C2>46.23400000885015</C2>
                </COORD>
                <COORD>
                  <C1>6.024000005944285</C1>
                  <C2>46.235000008850776</C2>
                </COORD>
                <COORD>
                  <C1>6.025000005945457</C1>
                  <C2>46.23500000885063</C2>
                </COORD>
                <COORD>
                  <C1>6.02600000594663</C1>
                  <C2>46.23500000885041</C2>
                </COORD>
                <COORD>
                  <C1>6.026000005946462</C1>
                  <C2>46.23600000885103</C2>
                </COORD>
                <COORD>
                  <C1>6.027000005947635</C1>
                  <C2>46.23600000885085</C2>
                </COORD>
                <COORD>
                  <C1>6.028000005948813</C1>
                  <C2>46.23600000885063</C2>
                </COORD>
                <COORD>
                  <C1>6.028000005948644</C1>
                  <C2>46.237000008851254</C2>
                </COORD>
                <COORD>
                  <C1>6.029000005949816</C1>
                  <C2>46.23700000885111</C2>
                </COORD>
                <COORD>
                  <C1>6.030000005950823</C1>
                  <C2>46.23800000885153</C2>
                </COORD>
                <COORD>
                  <C1>6.031000005951999</C1>
                  <C2>46.238000008851344</C2>
                </COORD>
                <COORD>
                  <C1>6.033000005954178</C1>
                  <C2>46.23900000885155</C2>
                </COORD>
                <COORD>
                  <C1>6.034000005955182</C1>
                  <C2>46.24000000885198</C2>
                </COORD>
                <COORD>
                  <C1>6.040000005962719</C1>
                  <C2>46.23700000884911</C2>
                </COORD>
                <COORD>
                  <C1>6.043000005966573</C1>
                  <C2>46.23500000884729</C2>
                </COORD>
                <COORD>
                  <C1>6.047000005971595</C1>
                  <C2>46.23300000884534</C2>
                </COORD>
                <COORD>
                  <C1>6.047000005971429</C1>
                  <C2>46.23400000884593</C2>
                </COORD>
                <COORD>
                  <C1>6.048000005972435</C1>
                  <C2>46.235000008846356</C2>
                </COORD>
                <COORD>
                  <C1>6.049000005973607</C1>
                  <C2>46.23500000884614</C2>
                </COORD>
                <COORD>
                  <C1>6.050000005974611</C1>
                  <C2>46.236000008846574</C2>
                </COORD>
                <COORD>
                  <C1>6.0510000059756175</C1>
                  <C2>46.23700000884702</C2>
                </COORD>
                <COORD>
                  <C1>6.051000005975449</C1>
                  <C2>46.238000008847635</C2>
                </COORD>
                <COORD>
                  <C1>6.05200000597662</C1>
                  <C2>46.238000008847436</C2>
                </COORD>
                <COORD>
                  <C1>6.052000005976454</C1>
                  <C2>46.239000008848045</C2>
                </COORD>
                <COORD>
                  <C1>6.053000005977459</C1>
                  <C2>46.2400000088485</C2>
                </COORD>
                <COORD>
                  <C1>6.0530000059772915</C1>
                  <C2>46.24100000884909</C2>
                </COORD>
                <COORD>
                  <C1>6.054000005978462</C1>
                  <C2>46.24100000884892</C2>
                </COORD>
                <COORD>
                  <C1>6.055000005979465</C1>
                  <C2>46.24200000884933</C2>
                </COORD>
                <COORD>
                  <C1>6.057000005981476</C1>
                  <C2>46.244000008850186</C2>
                </COORD>
                <COORD>
                  <C1>6.058000005982645</C1>
                  <C2>46.24400000885002</C2>
                </COORD>
                <COORD>
                  <C1>6.059000005983649</C1>
                  <C2>46.24500000885046</C2>
                </COORD>
                <COORD>
                  <C1>6.060000005984653</C1>
                  <C2>46.246000008850864</C2>
                </COORD>
                <COORD>
                  <C1>6.0610000059856555</C1>
                  <C2>46.24700000885127</C2>
                </COORD>
                <COORD>
                  <C1>6.062000005986829</C1>
                  <C2>46.2470000088511</C2>
                </COORD>
                <COORD>
                  <C1>6.063000005988</C1>
                  <C2>46.247000008850925</C2>
                </COORD>
                <COORD>
                  <C1>6.064000005989002</C1>
                  <C2>46.2480000088513</C2>
                </COORD>
                <COORD>
                  <C1>6.06400000598917</C1>
                  <C2>46.24700000885069</C2>
                </COORD>
                <COORD>
                  <C1>6.065000005990343</C1>
                  <C2>46.24700000885051</C2>
                </COORD>
                <COORD>
                  <C1>6.065000005990511</C1>
                  <C2>46.246000008849926</C2>
                </COORD>
                <COORD>
                  <C1>6.066000005991679</C1>
                  <C2>46.246000008849734</C2>
                </COORD>
                <COORD>
                  <C1>6.06600000599185</C1>
                  <C2>46.245000008849104</C2>
                </COORD>
                <COORD>
                  <C1>6.06700000599302</C1>
                  <C2>46.245000008848926</C2>
                </COORD>
                <COORD>
                  <C1>6.067000005993188</C1>
                  <C2>46.24400000884833</C2>
                </COORD>
                <COORD>
                  <C1>6.068000005994358</C1>
                  <C2>46.24400000884815</C2>
                </COORD>
                <COORD>
                  <C1>6.06900000599553</C1>
                  <C2>46.244000008847905</C2>
                </COORD>
                <COORD>
                  <C1>6.07000000599687</C1>
                  <C2>46.243000008847126</C2>
                </COORD>
                <COORD>
                  <C1>6.071000005997873</C1>
                  <C2>46.24400000884759</C2>
                </COORD>
                <COORD>
                  <C1>6.072000005999213</C1>
                  <C2>46.24300000884679</C2>
                </COORD>
                <COORD>
                  <C1>6.072000005999042</C1>
                  <C2>46.24400000884735</C2>
                </COORD>
                <COORD>
                  <C1>6.073000006000214</C1>
                  <C2>46.2440000088472</C2>
                </COORD>
                <COORD>
                  <C1>6.074000006001553</C1>
                  <C2>46.2430000088464</C2>
                </COORD>
                <COORD>
                  <C1>6.074000006001385</C1>
                  <C2>46.24400000884701</C2>
                </COORD>
                <COORD>
                  <C1>6.075000006002558</C1>
                  <C2>46.244000008846825</C2>
                </COORD>
                <COORD>
                  <C1>6.074000006001216</C1>
                  <C2>46.24500000884764</C2>
                </COORD>
                <COORD>
                  <C1>6.07400000600105</C1>
                  <C2>46.246000008848235</C2>
                </COORD>
                <COORD>
                  <C1>6.075000006002219</C1>
                  <C2>46.24600000884803</C2>
                </COORD>
                <COORD>
                  <C1>6.076000006003558</C1>
                  <C2>46.24500000884725</C2>
                </COORD>
                <COORD>
                  <C1>6.078000006005561</C1>
                  <C2>46.24700000884812</C2>
                </COORD>
                <COORD>
                  <C1>6.079000006006902</C1>
                  <C2>46.246000008847325</C2>
                </COORD>
                <COORD>
                  <C1>6.0790000060067335</C1>
                  <C2>46.247000008847934</C2>
                </COORD>
                <COORD>
                  <C1>6.080000006007902</C1>
                  <C2>46.24700000884775</C2>
                </COORD>
                <COORD>
                  <C1>6.081000006009071</C1>
                  <C2>46.24700000884752</C2>
                </COORD>
                <COORD>
                  <C1>6.083000006011246</C1>
                  <C2>46.24800000884776</C2>
                </COORD>
                <COORD>
                  <C1>6.083000006011414</C1>
                  <C2>46.24700000884718</C2>
                </COORD>
                <COORD>
                  <C1>6.084000006012583</C1>
                  <C2>46.247000008846975</C2>
                </COORD>
                <COORD>
                  <C1>6.084000006012413</C1>
                  <C2>46.248000008847576</C2>
                </COORD>
                <COORD>
                  <C1>6.0850000060134155</C1>
                  <C2>46.24900000884798</C2>
                </COORD>
                <COORD>
                  <C1>6.086000006014753</C1>
                  <C2>46.248000008847214</C2>
                </COORD>
                <COORD>
                  <C1>6.089000006018094</C1>
                  <C2>46.249000008847275</C2>
                </COORD>
                <COORD>
                  <C1>6.089000006018264</C1>
                  <C2>46.24800000884667</C2>
                </COORD>
                <COORD>
                  <C1>6.0910000060207725</C1>
                  <C2>46.247000008845674</C2>
                </COORD>
                <COORD>
                  <C1>6.093000006023281</C1>
                  <C2>46.24600000884471</C2>
                </COORD>
                <COORD>
                  <C1>6.094000006024621</C1>
                  <C2>46.24500000884391</C2>
                </COORD>
                <COORD>
                  <C1>6.09600000602713</C1>
                  <C2>46.24400000884291</C2>
                </COORD>
                <COORD>
                  <C1>6.096000006027299</C1>
                  <C2>46.2430000088423</C2>
                </COORD>
                <COORD>
                  <C1>6.098000006029807</C1>
                  <C2>46.2420000088413</C2>
                </COORD>
                <COORD>
                  <C1>6.100000006032316</C1>
                  <C2>46.24100000884036</C2>
                </COORD>
                <COORD>
                  <C1>6.102000006034994</C1>
                  <C2>46.23900000883873</C2>
                </COORD>
                <COORD>
                  <C1>6.103000006035993</C1>
                  <C2>46.24000000883918</C2>
                </COORD>
                <COORD>
                  <C1>6.106000006039163</C1>
                  <C2>46.242000008839845</C2>
                </COORD>
                <COORD>
                  <C1>6.108000006041333</C1>
                  <C2>46.24300000884007</C2>
                </COORD>
                <COORD>
                  <C1>6.1100000060438395</C1>
                  <C2>46.24200000883907</C2>
                </COORD>
                <COORD>
                  <C1>6.122000006056502</C1>
                  <C2>46.25000000884168</C2>
                </COORD>
                <COORD>
                  <C1>6.1210000060553345</C1>
                  <C2>46.25000000884187</C2>
                </COORD>
                <COORD>
                  <C1>6.122000006056331</C1>
                  <C2>46.251000008842304</C2>
                </COORD>
                <COORD>
                  <C1>6.1240000060584965</C1>
                  <C2>46.252000008842536</C2>
                </COORD>
                <COORD>
                  <C1>6.125000006059494</C1>
                  <C2>46.25300000884294</C2>
                </COORD>
                <COORD>
                  <C1>6.125000006059324</C1>
                  <C2>46.254000008843576</C2>
                </COORD>
                <COORD>
                  <C1>6.125000006059153</C1>
                  <C2>46.25500000884417</C2>
                </COORD>
                <COORD>
                  <C1>6.124000006057985</C1>
                  <C2>46.25500000884435</C2>
                </COORD>
                <COORD>
                  <C1>6.123000006056818</C1>
                  <C2>46.25500000884458</C2>
                </COORD>
                <COORD>
                  <C1>6.122000006055648</C1>
                  <C2>46.255000008844696</C2>
                </COORD>
                <COORD>
                  <C1>6.1220000060554804</C1>
                  <C2>46.25600000884533</C2>
                </COORD>
                <COORD>
                  <C1>6.122000006055307</C1>
                  <C2>46.257000008845985</C2>
                </COORD>
                <COORD>
                  <C1>6.122000006055138</C1>
                  <C2>46.25800000884656</C2>
                </COORD>
                <COORD>
                  <C1>6.123000006056305</C1>
                  <C2>46.25800000884633</C2>
                </COORD>
                <COORD>
                  <C1>6.124000006057473</C1>
                  <C2>46.25800000884617</C2>
                </COORD>
                <COORD>
                  <C1>6.1230000060561345</C1>
                  <C2>46.25900000884696</C2>
                </COORD>
                <COORD>
                  <C1>6.122000006054967</C1>
                  <C2>46.259000008847146</C2>
                </COORD>
                <COORD>
                  <C1>6.1220000060547966</C1>
                  <C2>46.26000000884775</C2>
                </COORD>
                <COORD>
                  <C1>6.123000006055963</C1>
                  <C2>46.26000000884757</C2>
                </COORD>
                <COORD>
                  <C1>6.120000006051948</C1>
                  <C2>46.26300000884995</C2>
                </COORD>
                <COORD>
                  <C1>6.121000006052946</C1>
                  <C2>46.264000008850374</C2>
                </COORD>
                <COORD>
                  <C1>6.11900000605044</C1>
                  <C2>46.26500000885137</C2>
                </COORD>
                <COORD>
                  <C1>6.121000006052607</C1>
                  <C2>46.2660000088516</C2>
                </COORD>
                <COORD>
                  <C1>6.121000006052434</C1>
                  <C2>46.26700000885218</C2>
                </COORD>
                <COORD>
                  <C1>6.120000006051266</C1>
                  <C2>46.267000008852385</C2>
                </COORD>
                <COORD>
                  <C1>6.119000006050101</C1>
                  <C2>46.26700000885256</C2>
                </COORD>
                <COORD>
                  <C1>6.11800000604876</C1>
                  <C2>46.268000008853335</C2>
                </COORD>
                <COORD>
                  <C1>6.11700000604759</C1>
                  <C2>46.268000008853555</C2>
                </COORD>
                <COORD>
                  <C1>6.116000006046424</C1>
                  <C2>46.268000008853754</C2>
                </COORD>
                <COORD>
                  <C1>6.1140000060437485</C1>
                  <C2>46.27000000885532</C2>
                </COORD>
                <COORD>
                  <C1>6.112000006041242</C1>
                  <C2>46.27100000885633</C2>
                </COORD>
                <COORD>
                  <C1>6.11300000604241</C1>
                  <C2>46.271000008856106</C2>
                </COORD>
                <COORD>
                  <C1>6.111000006039902</C1>
                  <C2>46.27200000885708</C2>
                </COORD>
                <COORD>
                  <C1>6.111000006039732</C1>
                  <C2>46.27300000885771</C2>
                </COORD>
                <COORD>
                  <C1>6.1120000060409</C1>
                  <C2>46.273000008857494</C2>
                </COORD>
                <COORD>
                  <C1>6.113000006041899</C1>
                  <C2>46.274000008857975</C2>
                </COORD>
                <COORD>
                  <C1>6.114000006043066</C1>
                  <C2>46.27400000885779</C2>
                </COORD>
                <COORD>
                  <C1>6.112000006040561</C1>
                  <C2>46.27500000885872</C2>
                </COORD>
                <COORD>
                  <C1>6.113000006041726</C1>
                  <C2>46.27500000885852</C2>
                </COORD>
                <COORD>
                  <C1>6.112000006040389</C1>
                  <C2>46.276000008859356</C2>
                </COORD>
                <COORD>
                  <C1>6.111000006039221</C1>
                  <C2>46.276000008859526</C2>
                </COORD>
                <COORD>
                  <C1>6.110000006038052</C1>
                  <C2>46.276000008859704</C2>
                </COORD>
                <COORD>
                  <C1>6.1100000060378825</C1>
                  <C2>46.27700000886032</C2>
                </COORD>
                <COORD>
                  <C1>6.109000006036714</C1>
                  <C2>46.27700000886048</C2>
                </COORD>
                <COORD>
                  <C1>6.109000006036544</C1>
                  <C2>46.27800000886111</C2>
                </COORD>
                <COORD>
                  <C1>6.1080000060353745</C1>
                  <C2>46.2780000088613</C2>
                </COORD>
                <COORD>
                  <C1>6.108000006035207</C1>
                  <C2>46.27900000886193</C2>
                </COORD>
                <COORD>
                  <C1>6.1070000060340375</C1>
                  <C2>46.27900000886208</C2>
                </COORD>
                <COORD>
                  <C1>6.106000006032869</C1>
                  <C2>46.2790000088623</C2>
                </COORD>
                <COORD>
                  <C1>6.106000006032698</C1>
                  <C2>46.28000000886288</C2>
                </COORD>
                <COORD>
                  <C1>6.105000006031531</C1>
                  <C2>46.280000008863055</C2>
                </COORD>
                <COORD>
                  <C1>6.104000006030362</C1>
                  <C2>46.28000000886325</C2>
                </COORD>
                <COORD>
                  <C1>6.104000006030192</C1>
                  <C2>46.28100000886384</C2>
                </COORD>
                <COORD>
                  <C1>6.105000006031361</C1>
                  <C2>46.281000008863664</C2>
                </COORD>
                <COORD>
                  <C1>6.10500000603119</C1>
                  <C2>46.282000008864244</C2>
                </COORD>
                <COORD>
                  <C1>6.105000006031019</C1>
                  <C2>46.28300000886486</C2>
                </COORD>
                <COORD>
                  <C1>6.105000006030848</C1>
                  <C2>46.28400000886545</C2>
                </COORD>
                <COORD>
                  <C1>6.106000006032015</C1>
                  <C2>46.28400000886529</C2>
                </COORD>
                <COORD>
                  <C1>6.106000006031843</C1>
                  <C2>46.28500000886589</C2>
                </COORD>
                <COORD>
                  <C1>6.105000006030677</C1>
                  <C2>46.28500000886607</C2>
                </COORD>
                <COORD>
                  <C1>6.1050000060305045</C1>
                  <C2>46.286000008866665</C2>
                </COORD>
                <COORD>
                  <C1>6.104000006029338</C1>
                  <C2>46.286000008866885</C2>
                </COORD>
                <COORD>
                  <C1>6.103000006028</C1>
                  <C2>46.28700000886766</C2>
                </COORD>
                <COORD>
                  <C1>6.1040000060291675</C1>
                  <C2>46.28700000886746</C2>
                </COORD>
                <COORD>
                  <C1>6.1050000060301635</C1>
                  <C2>46.28800000886789</C2>
                </COORD>
                <COORD>
                  <C1>6.105000006029993</C1>
                  <C2>46.28900000886847</C2>
                </COORD>
                <COORD>
                  <C1>6.107000006032158</C1>
                  <C2>46.2900000088687</C2>
                </COORD>
                <COORD>
                  <C1>6.108000006033154</C1>
                  <C2>46.29100000886912</C2>
                </COORD>
                <COORD>
                  <C1>6.11000000603549</C1>
                  <C2>46.29100000886877</C2>
                </COORD>
                <COORD>
                  <C1>6.111000006036483</C1>
                  <C2>46.292000008869174</C2>
                </COORD>
                <COORD>
                  <C1>6.11200000603748</C1>
                  <C2>46.293000008869555</C2>
                </COORD>
                <COORD>
                  <C1>6.113000006038475</C1>
                  <C2>46.294000008869986</C2>
                </COORD>
                <COORD>
                  <C1>6.114000006039472</C1>
                  <C2>46.295000008870396</C2>
                </COORD>
                <COORD>
                  <C1>6.113000006038305</C1>
                  <C2>46.29500000887064</C2>
                </COORD>
                <COORD>
                  <C1>6.1140000060393005</C1>
                  <C2>46.29600000887105</C2>
                </COORD>
                <COORD>
                  <C1>6.115000006040467</C1>
                  <C2>46.29600000887083</C2>
                </COORD>
                <COORD>
                  <C1>6.116000006041632</C1>
                  <C2>46.29600000887065</C2>
                </COORD>
                <COORD>
                  <C1>6.1170000060428</C1>
                  <C2>46.296000008870465</C2>
                </COORD>
                <COORD>
                  <C1>6.1180000060439665</C1>
                  <C2>46.29600000887025</C2>
                </COORD>
                <COORD>
                  <C1>6.119000006045134</C1>
                  <C2>46.29600000887008</C2>
                </COORD>
                <COORD>
                  <C1>6.1200000060463005</C1>
                  <C2>46.29600000886989</C2>
                </COORD>
                <COORD>
                  <C1>6.121000006047296</C1>
                  <C2>46.29700000887029</C2>
                </COORD>
                <COORD>
                  <C1>6.12000000604613</C1>
                  <C2>46.297000008870505</C2>
                </COORD>
                <COORD>
                  <C1>6.119000006044963</C1>
                  <C2>46.29700000887069</C2>
                </COORD>
                <COORD>
                  <C1>6.11900000604479</C1>
                  <C2>46.29800000887126</C2>
                </COORD>
                <COORD>
                  <C1>6.120000006045954</C1>
                  <C2>46.29800000887107</C2>
                </COORD>
                <COORD>
                  <C1>6.121000006047124</C1>
                  <C2>46.29800000887088</C2>
                </COORD>
                <COORD>
                  <C1>6.121000006046953</C1>
                  <C2>46.29900000887149</C2>
                </COORD>
                <COORD>
                  <C1>6.121000006046779</C1>
                  <C2>46.3000000088721</C2>
                </COORD>
                <COORD>
                  <C1>6.122000006047945</C1>
                  <C2>46.300000008871905</C2>
                </COORD>
                <COORD>
                  <C1>6.122000006047773</C1>
                  <C2>46.30100000887252</C2>
                </COORD>
                <COORD>
                  <C1>6.12300000604894</C1>
                  <C2>46.30100000887233</C2>
                </COORD>
                <COORD>
                  <C1>6.123000006048768</C1>
                  <C2>46.302000008872895</C2>
                </COORD>
                <COORD>
                  <C1>6.122000006047601</C1>
                  <C2>46.30200000887314</C2>
                </COORD>
                <COORD>
                  <C1>6.122000006047431</C1>
                  <C2>46.30300000887374</C2>
                </COORD>
                <COORD>
                  <C1>6.121000006046264</C1>
                  <C2>46.30300000887389</C2>
                </COORD>
                <COORD>
                  <C1>6.120000006045098</C1>
                  <C2>46.30300000887406</C2>
                </COORD>
                <COORD>
                  <C1>6.120000006044926</C1>
                  <C2>46.304000008874695</C2>
                </COORD>
                <COORD>
                  <C1>6.120000006044754</C1>
                  <C2>46.3050000088753</C2>
                </COORD>
                <COORD>
                  <C1>6.1210000060459215</C1>
                  <C2>46.305000008875105</C2>
                </COORD>
                <COORD>
                  <C1>6.121000006045748</C1>
                  <C2>46.30600000887569</C2>
                </COORD>
                <COORD>
                  <C1>6.121000006045578</C1>
                  <C2>46.30700000887633</C2>
                </COORD>
                <COORD>
                  <C1>6.12000000604441</C1>
                  <C2>46.307000008876486</C2>
                </COORD>
                <COORD>
                  <C1>6.120000006044236</C1>
                  <C2>46.30800000887708</C2>
                </COORD>
                <COORD>
                  <C1>6.1210000060454055</C1>
                  <C2>46.30800000887693</C2>
                </COORD>
                <COORD>
                  <C1>6.121000006045234</C1>
                  <C2>46.3090000088775</C2>
                </COORD>
                <COORD>
                  <C1>6.120000006044067</C1>
                  <C2>46.309000008877696</C2>
                </COORD>
                <COORD>
                  <C1>6.120000006043893</C1>
                  <C2>46.310000008878276</C2>
                </COORD>
                <COORD>
                  <C1>6.121000006045059</C1>
                  <C2>46.310000008878134</C2>
                </COORD>
                <COORD>
                  <C1>6.121000006044889</C1>
                  <C2>46.31100000887871</C2>
                </COORD>
                <COORD>
                  <C1>6.121000006044716</C1>
                  <C2>46.31200000887932</C2>
                </COORD>
                <COORD>
                  <C1>6.121000006044546</C1>
                  <C2>46.31300000887992</C2>
                </COORD>
                <COORD>
                  <C1>6.121000006044371</C1>
                  <C2>46.31400000888052</C2>
                </COORD>
                <COORD>
                  <C1>6.121000006044199</C1>
                  <C2>46.31500000888107</C2>
                </COORD>
                <COORD>
                  <C1>6.122000006045363</C1>
                  <C2>46.315000008880915</C2>
                </COORD>
                <COORD>
                  <C1>6.123000006046358</C1>
                  <C2>46.31600000888135</C2>
                </COORD>
                <COORD>
                  <C1>6.124000006047523</C1>
                  <C2>46.31600000888116</C2>
                </COORD>
                <COORD>
                  <C1>6.123000006046187</C1>
                  <C2>46.31700000888193</C2>
                </COORD>
                <COORD>
                  <C1>6.12400000604735</C1>
                  <C2>46.317000008881756</C2>
                </COORD>
                <COORD>
                  <C1>6.1250000060485155</C1>
                  <C2>46.317000008881536</C2>
                </COORD>
                <COORD>
                  <C1>6.125000006048343</C1>
                  <C2>46.318000008882166</C2>
                </COORD>
                <COORD>
                  <C1>6.125000006048171</C1>
                  <C2>46.319000008882725</C2>
                </COORD>
                <COORD>
                  <C1>6.1260000060493365</C1>
                  <C2>46.31900000888256</C2>
                </COORD>
                <COORD>
                  <C1>6.127000006050504</C1>
                  <C2>46.31900000888236</C2>
                </COORD>
                <COORD>
                  <C1>6.127000006050332</C1>
                  <C2>46.32000000888297</C2>
                </COORD>
                <COORD>
                  <C1>6.126000006049164</C1>
                  <C2>46.32000000888316</C2>
                </COORD>
                <COORD>
                  <C1>6.12600000604899</C1>
                  <C2>46.32100000888379</C2>
                </COORD>
                <COORD>
                  <C1>6.1270000060501575</C1>
                  <C2>46.321000008883566</C2>
                </COORD>
                <COORD>
                  <C1>6.127000006049984</C1>
                  <C2>46.32200000888415</C2>
                </COORD>
                <COORD>
                  <C1>6.127000006049813</C1>
                  <C2>46.32300000888475</C2>
                </COORD>
                <COORD>
                  <C1>6.128000006050978</C1>
                  <C2>46.32300000888457</C2>
                </COORD>
                <COORD>
                  <C1>6.129000006052143</C1>
                  <C2>46.3230000088844</C2>
                </COORD>
                <COORD>
                  <C1>6.129000006051969</C1>
                  <C2>46.32400000888499</C2>
                </COORD>
                <COORD>
                  <C1>6.130000006053133</C1>
                  <C2>46.3240000088848</C2>
                </COORD>
                <COORD>
                  <C1>6.130000006052961</C1>
                  <C2>46.325000008885425</C2>
                </COORD>
                <COORD>
                  <C1>6.131000006054125</C1>
                  <C2>46.3250000088852</C2>
                </COORD>
                <COORD>
                  <C1>6.132000006055118</C1>
                  <C2>46.326000008885615</C2>
                </COORD>
                <COORD>
                  <C1>6.1320000060549456</C1>
                  <C2>46.32700000888619</C2>
                </COORD>
                <COORD>
                  <C1>6.13300000605611</C1>
                  <C2>46.327000008886046</C2>
                </COORD>
                <COORD>
                  <C1>6.134000006057103</C1>
                  <C2>46.32800000888642</C2>
                </COORD>
                <COORD>
                  <C1>6.1340000060569295</C1>
                  <C2>46.329000008887036</C2>
                </COORD>
                <COORD>
                  <C1>6.135000006058094</C1>
                  <C2>46.329000008886794</C2>
                </COORD>
                <COORD>
                  <C1>6.135000006057921</C1>
                  <C2>46.33000000888745</C2>
                </COORD>
                <COORD>
                  <C1>6.136000006059085</C1>
                  <C2>46.33000000888725</C2>
                </COORD>
                <COORD>
                  <C1>6.137000006060246</C1>
                  <C2>46.33000000888703</C2>
                </COORD>
                <COORD>
                  <C1>6.136000006058911</C1>
                  <C2>46.331000008887855</C2>
                </COORD>
                <COORD>
                  <C1>6.136000006058737</C1>
                  <C2>46.332000008888414</C2>
                </COORD>
                <COORD>
                  <C1>6.1370000060599015</C1>
                  <C2>46.332000008888244</C2>
                </COORD>
                <COORD>
                  <C1>6.138000006060892</C1>
                  <C2>46.33300000888865</C2>
                </COORD>
                <COORD>
                  <C1>6.137000006059729</C1>
                  <C2>46.333000008888845</C2>
                </COORD>
                <COORD>
                  <C1>6.137000006059558</C1>
                  <C2>46.33400000888946</C2>
                </COORD>
                <COORD>
                  <C1>6.1380000060605475</C1>
                  <C2>46.33500000888987</C2>
                </COORD>
                <COORD>
                  <C1>6.139000006061709</C1>
                  <C2>46.3350000088897</C2>
                </COORD>
                <COORD>
                  <C1>6.140000006062873</C1>
                  <C2>46.33500000888946</C2>
                </COORD>
                <COORD>
                  <C1>6.140000006062701</C1>
                  <C2>46.33600000889009</C2>
                </COORD>
                <COORD>
                  <C1>6.140000006062526</C1>
                  <C2>46.337000008890655</C2>
                </COORD>
                <COORD>
                  <C1>6.139000006061362</C1>
                  <C2>46.33700000889086</C2>
                </COORD>
                <COORD>
                  <C1>6.1380000060601985</C1>
                  <C2>46.337000008891046</C2>
                </COORD>
                <COORD>
                  <C1>6.138000006060025</C1>
                  <C2>46.338000008891626</C2>
                </COORD>
                <COORD>
                  <C1>6.139000006061188</C1>
                  <C2>46.33800000889145</C2>
                </COORD>
                <COORD>
                  <C1>6.138000006059852</C1>
                  <C2>46.33900000889223</C2>
                </COORD>
                <COORD>
                  <C1>6.139000006061015</C1>
                  <C2>46.33900000889205</C2>
                </COORD>
                <COORD>
                  <C1>6.14000000606218</C1>
                  <C2>46.339000008891844</C2>
                </COORD>
                <COORD>
                  <C1>6.140000006062007</C1>
                  <C2>46.34000000889243</C2>
                </COORD>
                <COORD>
                  <C1>6.13900000606084</C1>
                  <C2>46.34000000889263</C2>
                </COORD>
                <COORD>
                  <C1>6.139000006060667</C1>
                  <C2>46.341000008893225</C2>
                </COORD>
                <COORD>
                  <C1>6.1400000060618325</C1>
                  <C2>46.34100000889305</C2>
                </COORD>
                <COORD>
                  <C1>6.141000006062997</C1>
                  <C2>46.34100000889286</C2>
                </COORD>
                <COORD>
                  <C1>6.141000006062821</C1>
                  <C2>46.34200000889346</C2>
                </COORD>
                <COORD>
                  <C1>6.142000006063985</C1>
                  <C2>46.34200000889327</C2>
                </COORD>
                <COORD>
                  <C1>6.143000006064973</C1>
                  <C2>46.34300000889366</C2>
                </COORD>
                <COORD>
                  <C1>6.14400000606614</C1>
                  <C2>46.343000008893476</C2>
                </COORD>
                <COORD>
                  <C1>6.145000006067304</C1>
                  <C2>46.34300000889326</C2>
                </COORD>
                <COORD>
                  <C1>6.146000006068467</C1>
                  <C2>46.34300000889312</C2>
                </COORD>
                <COORD>
                  <C1>6.147000006069457</C1>
                  <C2>46.34400000889351</C2>
                </COORD>
                <COORD>
                  <C1>6.148000006070618</C1>
                  <C2>46.3440000088933</C2>
                </COORD>
                <COORD>
                  <C1>6.149000006071782</C1>
                  <C2>46.34400000889317</C2>
                </COORD>
                <COORD>
                  <C1>6.150000006072948</C1>
                  <C2>46.3440000088929</C2>
                </COORD>
                <COORD>
                  <C1>6.150000006072774</C1>
                  <C2>46.34500000889354</C2>
                </COORD>
                <COORD>
                  <C1>6.150000006072598</C1>
                  <C2>46.34600000889411</C2>
                </COORD>
                <COORD>
                  <C1>6.15100000607376</C1>
                  <C2>46.34600000889391</C2>
                </COORD>
                <COORD>
                  <C1>6.152000006074924</C1>
                  <C2>46.346000008893725</C2>
                </COORD>
                <COORD>
                  <C1>6.15200000607475</C1>
                  <C2>46.34700000889435</C2>
                </COORD>
                <COORD>
                  <C1>6.152000006074576</C1>
                  <C2>46.348000008894935</C2>
                </COORD>
                <COORD>
                  <C1>6.153000006075738</C1>
                  <C2>46.348000008894736</C2>
                </COORD>
                <COORD>
                  <C1>6.153000006075564</C1>
                  <C2>46.34900000889531</C2>
                </COORD>
                <COORD>
                  <C1>6.154000006076726</C1>
                  <C2>46.34900000889518</C2>
                </COORD>
                <COORD>
                  <C1>6.15500000607789</C1>
                  <C2>46.349000008894954</C2>
                </COORD>
                <COORD>
                  <C1>6.155000006077716</C1>
                  <C2>46.35000000889558</C2>
                </COORD>
                <COORD>
                  <C1>6.156000006078879</C1>
                  <C2>46.35000000889539</C2>
                </COORD>
                <COORD>
                  <C1>6.1560000060787035</C1>
                  <C2>46.35100000889596</C2>
                </COORD>
                <COORD>
                  <C1>6.157000006079868</C1>
                  <C2>46.351000008895774</C2>
                </COORD>
                <COORD>
                  <C1>6.158000006080855</C1>
                  <C2>46.35200000889619</C2>
                </COORD>
                <COORD>
                  <C1>6.159000006081842</C1>
                  <C2>46.353000008896565</C2>
                </COORD>
                <COORD>
                  <C1>6.1590000060816665</C1>
                  <C2>46.3540000088972</C2>
                </COORD>
                <COORD>
                  <C1>6.1580000060805045</C1>
                  <C2>46.35400000889735</C2>
                </COORD>
                <COORD>
                  <C1>6.1580000060803295</C1>
                  <C2>46.35500000889794</C2>
                </COORD>
                <COORD>
                  <C1>6.159000006081492</C1>
                  <C2>46.355000008897754</C2>
                </COORD>
                <COORD>
                  <C1>6.1590000060813175</C1>
                  <C2>46.35600000889837</C2>
                </COORD>
                <COORD>
                  <C1>6.1590000060811425</C1>
                  <C2>46.35700000889894</C2>
                </COORD>
                <COORD>
                  <C1>6.1590000060809675</C1>
                  <C2>46.358000008899545</C2>
                </COORD>
                <COORD>
                  <C1>6.1600000060821305</C1>
                  <C2>46.35800000889935</C2>
                </COORD>
                <COORD>
                  <C1>6.1600000060819555</C1>
                  <C2>46.35900000889996</C2>
                </COORD>
                <COORD>
                  <C1>6.162000006083754</C1>
                  <C2>46.362000008901376</C2>
                </COORD>
                <COORD>
                  <C1>6.169000006091008</C1>
                  <C2>46.36700000890296</C2>
                </COORD>
                <COORD>
                  <C1>6.1710000060931565</C1>
                  <C2>46.368000008903174</C2>
                </COORD>
                <COORD>
                  <C1>6.17100000609298</C1>
                  <C2>46.369000008903775</C2>
                </COORD>
                <COORD>
                  <C1>6.1700000060916445</C1>
                  <C2>46.37000000890454</C2>
                </COORD>
                <COORD>
                  <C1>6.1680000060889695</C1>
                  <C2>46.3720000089061</C2>
                </COORD>
                <COORD>
                  <C1>6.167000006087457</C1>
                  <C2>46.37400000890752</C2>
                </COORD>
                <COORD>
                  <C1>6.166000006086295</C1>
                  <C2>46.37400000890771</C2>
                </COORD>
                <COORD>
                  <C1>6.164000006083796</C1>
                  <C2>46.37500000890868</C2>
                </COORD>
                <COORD>
                  <C1>6.16400000608362</C1>
                  <C2>46.37600000890925</C2>
                </COORD>
                <COORD>
                  <C1>6.163000006082459</C1>
                  <C2>46.37600000890944</C2>
                </COORD>
                <COORD>
                  <C1>6.163000006082283</C1>
                  <C2>46.37700000891003</C2>
                </COORD>
                <COORD>
                  <C1>6.16200000608112</C1>
                  <C2>46.37700000891023</C2>
                </COORD>
                <COORD>
                  <C1>6.1620000060809454</C1>
                  <C2>46.37800000891082</C2>
                </COORD>
                <COORD>
                  <C1>6.162000006080768</C1>
                  <C2>46.37900000891142</C2>
                </COORD>
                <COORD>
                  <C1>6.161000006079608</C1>
                  <C2>46.379000008911625</C2>
                </COORD>
                <COORD>
                  <C1>6.161000006079433</C1>
                  <C2>46.380000008912205</C2>
                </COORD>
                <COORD>
                  <C1>6.161000006079255</C1>
                  <C2>46.381000008912764</C2>
                </COORD>
                <COORD>
                  <C1>6.160000006078095</C1>
                  <C2>46.381000008913</C2>
                </COORD>
                <COORD>
                  <C1>6.1600000060779205</C1>
                  <C2>46.382000008913565</C2>
                </COORD>
                <COORD>
                  <C1>6.159000006076757</C1>
                  <C2>46.38200000891374</C2>
                </COORD>
                <COORD>
                  <C1>6.159000006076933</C1>
                  <C2>46.381000008913155</C2>
                </COORD>
                <COORD>
                  <C1>6.158000006075948</C1>
                  <C2>46.38000000891274</C2>
                </COORD>
                <COORD>
                  <C1>6.157000006074787</C1>
                  <C2>46.38000000891294</C2>
                </COORD>
                <COORD>
                  <C1>6.156000006073623</C1>
                  <C2>46.380000008913136</C2>
                </COORD>
                <COORD>
                  <C1>6.155000006072463</C1>
                  <C2>46.38000000891332</C2>
                </COORD>
                <COORD>
                  <C1>6.155000006072639</C1>
                  <C2>46.37900000891273</C2>
                </COORD>
                <COORD>
                  <C1>6.154000006071301</C1>
                  <C2>46.3800000089135</C2>
                </COORD>
                <COORD>
                  <C1>6.154000006071477</C1>
                  <C2>46.37900000891293</C2>
                </COORD>
                <COORD>
                  <C1>6.152000006069152</C1>
                  <C2>46.3790000089133</C2>
                </COORD>
                <COORD>
                  <C1>6.1510000060679895</C1>
                  <C2>46.379000008913515</C2>
                </COORD>
                <COORD>
                  <C1>6.150000006066827</C1>
                  <C2>46.379000008913714</C2>
                </COORD>
                <COORD>
                  <C1>6.150000006066652</C1>
                  <C2>46.38000000891428</C2>
                </COORD>
                <COORD>
                  <C1>6.1480000060639775</C1>
                  <C2>46.382000008915846</C2>
                </COORD>
                <COORD>
                  <C1>6.147000006062817</C1>
                  <C2>46.38200000891604</C2>
                </COORD>
                <COORD>
                  <C1>6.144000006058978</C1>
                  <C2>46.38400000891779</C2>
                </COORD>
                <COORD>
                  <C1>6.142000006056304</C1>
                  <C2>46.38600000891934</C2>
                </COORD>
                <COORD>
                  <C1>6.138000006051303</C1>
                  <C2>46.38800000892129</C2>
                </COORD>
                <COORD>
                  <C1>6.136000006048628</C1>
                  <C2>46.39000000892286</C2>
                </COORD>
                <COORD>
                  <C1>6.135000006047291</C1>
                  <C2>46.391000008923655</C2>
                </COORD>
                <COORD>
                  <C1>6.1320000060436275</C1>
                  <C2>46.392000008924825</C2>
                </COORD>
                <COORD>
                  <C1>6.131000006042291</C1>
                  <C2>46.39300000892553</C2>
                </COORD>
                <COORD>
                  <C1>6.126000006035951</C1>
                  <C2>46.39600000892827</C2>
                </COORD>
                <COORD>
                  <C1>6.12500000603479</C1>
                  <C2>46.39600000892843</C2>
                </COORD>
                <COORD>
                  <C1>6.12200000603095</C1>
                  <C2>46.398000008930204</C2>
                </COORD>
                <COORD>
                  <C1>6.121000006029787</C1>
                  <C2>46.398000008930396</C2>
                </COORD>
                <COORD>
                  <C1>6.12000000602845</C1>
                  <C2>46.399000008931154</C2>
                </COORD>
                <COORD>
                  <C1>6.119000006027289</C1>
                  <C2>46.39900000893138</C2>
                </COORD>
                <COORD>
                  <C1>6.11800000602595</C1>
                  <C2>46.40000000893214</C2>
                </COORD>
                <COORD>
                  <C1>6.116000006023447</C1>
                  <C2>46.401000008933075</C2>
                </COORD>
                <COORD>
                  <C1>6.114000006020947</C1>
                  <C2>46.402000008934095</C2>
                </COORD>
                <COORD>
                  <C1>6.114000006021123</C1>
                  <C2>46.401000008933465</C2>
                </COORD>
                <COORD>
                  <C1>6.115000006022461</C1>
                  <C2>46.40000000893273</C2>
                </COORD>
                <COORD>
                  <C1>6.115000006022636</C1>
                  <C2>46.39900000893213</C2>
                </COORD>
                <COORD>
                  <C1>6.11200000601897</C1>
                  <C2>46.400000008933254</C2>
                </COORD>
                <COORD>
                  <C1>6.111000006017633</C1>
                  <C2>46.40100000893407</C2>
                </COORD>
                <COORD>
                  <C1>6.11000000601647</C1>
                  <C2>46.40100000893425</C2>
                </COORD>
                <COORD>
                  <C1>6.109000006015308</C1>
                  <C2>46.401000008934425</C2>
                </COORD>
                <COORD>
                  <C1>6.1080000060141435</C1>
                  <C2>46.40100000893459</C2>
                </COORD>
                <COORD>
                  <C1>6.1070000060129805</C1>
                  <C2>46.401000008934815</C2>
                </COORD>
                <COORD>
                  <C1>6.106000006011815</C1>
                  <C2>46.40100000893501</C2>
                </COORD>
                <COORD>
                  <C1>6.106000006011641</C1>
                  <C2>46.40200000893561</C2>
                </COORD>
                <COORD>
                  <C1>6.105000006010303</C1>
                  <C2>46.403000008936345</C2>
                </COORD>
                <COORD>
                  <C1>6.104000006008965</C1>
                  <C2>46.404000008937125</C2>
                </COORD>
                <COORD>
                  <C1>6.103000006007802</C1>
                  <C2>46.40400000893734</C2>
                </COORD>
                <COORD>
                  <C1>6.102000006006463</C1>
                  <C2>46.40500000893808</C2>
                </COORD>
                <COORD>
                  <C1>6.1020000060062864</C1>
                  <C2>46.406000008938676</C2>
                </COORD>
                <COORD>
                  <C1>6.101000006005126</C1>
                  <C2>46.40600000893887</C2>
                </COORD>
                <COORD>
                  <C1>6.101000006004951</C1>
                  <C2>46.40700000893943</C2>
                </COORD>
                <COORD>
                  <C1>6.101000006004775</C1>
                  <C2>46.40800000894</C2>
                </COORD>
                <COORD>
                  <C1>6.100000006003612</C1>
                  <C2>46.40800000894022</C2>
                </COORD>
                <COORD>
                  <C1>6.100000006003438</C1>
                  <C2>46.40900000894083</C2>
                </COORD>
                <COORD>
                  <C1>6.099000006002099</C1>
                  <C2>46.410000008941594</C2>
                </COORD>
                <COORD>
                  <C1>6.098000006000937</C1>
                  <C2>46.41000000894178</C2>
                </COORD>
                <COORD>
                  <C1>6.0980000060007615</C1>
                  <C2>46.411000008942366</C2>
                </COORD>
                <COORD>
                  <C1>6.088000005988777</C1>
                  <C2>46.41300000894542</C2>
                </COORD>
                <COORD>
                  <C1>6.08300000598278</C1>
                  <C2>46.41400000894694</C2>
                </COORD>
                <COORD>
                  <C1>6.075000005973118</C1>
                  <C2>46.4160000089496</C2>
                </COORD>
                <COORD>
                  <C1>6.072000005969623</C1>
                  <C2>46.41600000895018</C2>
                </COORD>
                <COORD>
                  <C1>6.070000005967119</C1>
                  <C2>46.41700000895117</C2>
                </COORD>
                <COORD>
                  <C1>6.068000005964789</C1>
                  <C2>46.417000008951526</C2>
                </COORD>
                <COORD>
                  <C1>6.067000005963625</C1>
                  <C2>46.417000008951746</C2>
                </COORD>
                <COORD>
                  <C1>6.066000005962287</C1>
                  <C2>46.418000008952475</C2>
                </COORD>
                <COORD>
                  <C1>6.065000005961122</C1>
                  <C2>46.41800000895272</C2>
                </COORD>
                <COORD>
                  <C1>6.068000005963748</C1>
                  <C2>46.42300000895501</C2>
                </COORD>
                <COORD>
                  <C1>6.071000005966544</C1>
                  <C2>46.427000008956824</C2>
                </COORD>
                <COORD>
                  <C1>6.075000005970681</C1>
                  <C2>46.43000000895782</C2>
                </COORD>
                <COORD>
                  <C1>6.075000005970507</C1>
                  <C2>46.431000008958414</C2>
                </COORD>
                <COORD>
                  <C1>6.075000005970159</C1>
                  <C2>46.43300000895957</C2>
                </COORD>
                <COORD>
                  <C1>6.075000005969982</C1>
                  <C2>46.434000008960126</C2>
                </COORD>
                <COORD>
                  <C1>6.085000005980396</C1>
                  <C2>46.44100000896235</C2>
                </COORD>
                <COORD>
                  <C1>6.0860000059812105</C1>
                  <C2>46.44300000896335</C2>
                </COORD>
                <COORD>
                  <C1>6.087000005981845</C1>
                  <C2>46.44600000896494</C2>
                </COORD>
                <COORD>
                  <C1>6.085000005978993</C1>
                  <C2>46.44900000896702</C2>
                </COORD>
                <COORD>
                  <C1>6.079000005971492</C1>
                  <C2>46.45200000896989</C2>
                </COORD>
                <COORD>
                  <C1>6.075000005966314</C1>
                  <C2>46.45500000897239</C2>
                </COORD>
                <COORD>
                  <C1>6.077000005967938</C1>
                  <C2>46.459000008974364</C2>
                </COORD>
                <COORD>
                  <C1>6.078000005969104</C1>
                  <C2>46.459000008974144</C2>
                </COORD>
                <COORD>
                  <C1>6.074000005963925</C1>
                  <C2>46.46200000897667</C2>
                </COORD>
                <COORD>
                  <C1>6.0750000059645615</C1>
                  <C2>46.46500000897818</C2>
                </COORD>
                <COORD>
                  <C1>6.0740000059632235</C1>
                  <C2>46.46600000897897</C2>
                </COORD>
                <COORD>
                  <C1>6.074000005963046</C1>
                  <C2>46.46700000897953</C2>
                </COORD>
                <COORD>
                  <C1>6.078000005967349</C1>
                  <C2>46.469000008979975</C2>
                </COORD>
                <COORD>
                  <C1>6.081000005970308</C1>
                  <C2>46.472000008981134</C2>
                </COORD>
                <COORD>
                  <C1>6.083000005972457</C1>
                  <C2>46.4730000089813</C2>
                </COORD>
                <COORD>
                  <C1>6.085000005974427</C1>
                  <C2>46.47500000898209</C2>
                </COORD>
                <COORD>
                  <C1>6.086000005975591</C1>
                  <C2>46.47500000898192</C2>
                </COORD>
                <COORD>
                  <C1>6.086000005975415</C1>
                  <C2>46.47600000898252</C2>
                </COORD>
                <COORD>
                  <C1>6.089000005978727</C1>
                  <C2>46.47700000898251</C2>
                </COORD>
                <COORD>
                  <C1>6.090000005979707</C1>
                  <C2>46.47800000898289</C2>
                </COORD>
                <COORD>
                  <C1>6.091000005980693</C1>
                  <C2>46.47900000898332</C2>
                </COORD>
                <COORD>
                  <C1>6.092000005981856</C1>
                  <C2>46.4790000089831</C2>
                </COORD>
                <COORD>
                  <C1>6.094000005983825</C1>
                  <C2>46.48100000898386</C2>
                </COORD>
                <COORD>
                  <C1>6.095000005984808</C1>
                  <C2>46.482000008984286</C2>
                </COORD>
                <COORD>
                  <C1>6.0970000059869545</C1>
                  <C2>46.483000008984455</C2>
                </COORD>
                <COORD>
                  <C1>6.0980000059881165</C1>
                  <C2>46.48300000898425</C2>
                </COORD>
                <COORD>
                  <C1>6.098000005987939</C1>
                  <C2>46.48400000898485</C2>
                </COORD>
                <COORD>
                  <C1>6.100000005989906</C1>
                  <C2>46.48600000898565</C2>
                </COORD>
                <COORD>
                  <C1>6.104000005992776</C1>
                  <C2>46.496000008990656</C2>
                </COORD>
                <COORD>
                  <C1>6.111000005999122</C1>
                  <C2>46.50600000899505</C2>
                </COORD>
                <COORD>
                  <C1>6.113000006000547</C1>
                  <C2>46.51100000899753</C2>
                </COORD>
                <COORD>
                  <C1>6.118000006005452</C1>
                  <C2>46.51600000899945</C2>
                </COORD>
                <COORD>
                  <C1>6.122000006009549</C1>
                  <C2>46.519000009000415</C2>
                </COORD>
                <COORD>
                  <C1>6.1330000060206755</C1>
                  <C2>46.528000009003456</C2>
                </COORD>
                <COORD>
                  <C1>6.139000006026721</C1>
                  <C2>46.53300000900522</C2>
                </COORD>
                <COORD>
                  <C1>6.144000006033046</C1>
                  <C2>46.5300000090025</C2>
                </COORD>
                <COORD>
                  <C1>6.145000006034022</C1>
                  <C2>46.53100000900291</C2>
                </COORD>
                <COORD>
                  <C1>6.153000006042194</C1>
                  <C2>46.537000009004764</C2>
                </COORD>
                <COORD>
                  <C1>6.154000006042987</C1>
                  <C2>46.539000009005676</C2>
                </COORD>
                <COORD>
                  <C1>6.149000006036846</C1>
                  <C2>46.54100000900779</C2>
                </COORD>
                <COORD>
                  <C1>6.153000006040927</C1>
                  <C2>46.54400000900875</C2>
                </COORD>
                <COORD>
                  <C1>6.157000006045008</C1>
                  <C2>46.54700000900971</C2>
                </COORD>
                <COORD>
                  <C1>6.157000006044829</C1>
                  <C2>46.548000009010266</C2>
                </COORD>
                <COORD>
                  <C1>6.152000006038506</C1>
                  <C2>46.551000009012924</C2>
                </COORD>
                <COORD>
                  <C1>6.150000006036015</C1>
                  <C2>46.552000009013874</C2>
                </COORD>
                <COORD>
                  <C1>6.149000006034678</C1>
                  <C2>46.55300000901466</C2>
                </COORD>
                <COORD>
                  <C1>6.148000006033341</C1>
                  <C2>46.5540000090154</C2>
                </COORD>
                <COORD>
                  <C1>6.146000006030849</C1>
                  <C2>46.555000009016325</C2>
                </COORD>
                <COORD>
                  <C1>6.14300000602702</C1>
                  <C2>46.55700000901808</C2>
                </COORD>
                <COORD>
                  <C1>6.141000006024528</C1>
                  <C2>46.558000009018976</C2>
                </COORD>
                <COORD>
                  <C1>6.139000006021853</C1>
                  <C2>46.56000000902056</C2>
                </COORD>
                <COORD>
                  <C1>6.135000006016868</C1>
                  <C2>46.56200000902245</C2>
                </COORD>
                <COORD>
                  <C1>6.128000006007869</C1>
                  <C2>46.5670000090266</C2>
                </COORD>
                <COORD>
                  <C1>6.124000006002884</C1>
                  <C2>46.569000009028485</C2>
                </COORD>
                <COORD>
                  <C1>6.119000005996379</C1>
                  <C2>46.57300000903171</C2>
                </COORD>
                <COORD>
                  <C1>6.117000005993703</C1>
                  <C2>46.575000009033175</C2>
                </COORD>
                <COORD>
                  <C1>6.114000005990058</C1>
                  <C2>46.57600000903433</C2>
                </COORD>
                <COORD>
                  <C1>6.111000005986223</C1>
                  <C2>46.57800000903602</C2>
                </COORD>
                <COORD>
                  <C1>6.116000005991285</C1>
                  <C2>46.582000009037344</C2>
                </COORD>
                <COORD>
                  <C1>6.119000005994396</C1>
                  <C2>46.5840000090379</C2>
                </COORD>
                <COORD>
                  <C1>6.123000005998657</C1>
                  <C2>46.586000009038266</C2>
                </COORD>
                <COORD>
                  <C1>6.123000005998474</C1>
                  <C2>46.58700000903884</C2>
                </COORD>
                <COORD>
                  <C1>6.124000005999451</C1>
                  <C2>46.588000009039206</C2>
                </COORD>
                <COORD>
                  <C1>6.125000006000423</C1>
                  <C2>46.589000009039566</C2>
                </COORD>
                <COORD>
                  <C1>6.127000006002191</C1>
                  <C2>46.59200000904088</C2>
                </COORD>
                <COORD>
                  <C1>6.131000006006632</C1>
                  <C2>46.593000009040686</C2>
                </COORD>
                <COORD>
                  <C1>6.13300000600858</C1>
                  <C2>46.59500000904142</C2>
                </COORD>
                <COORD>
                  <C1>6.137000006012835</C1>
                  <C2>46.597000009041764</C2>
                </COORD>
                <COORD>
                  <C1>6.139000006014779</C1>
                  <C2>46.5990000090425</C2>
                </COORD>
                <COORD>
                  <C1>6.140000006015753</C1>
                  <C2>46.6000000090429</C2>
                </COORD>
                <COORD>
                  <C1>6.143000006019215</C1>
                  <C2>46.60000000904229</C2>
                </COORD>
                <COORD>
                  <C1>6.147000006023288</C1>
                  <C2>46.60300000904325</C2>
                </COORD>
                <COORD>
                  <C1>6.149000006025413</C1>
                  <C2>46.60400000904342</C2>
                </COORD>
                <COORD>
                  <C1>6.152000006028693</C1>
                  <C2>46.60500000904339</C2>
                </COORD>
                <COORD>
                  <C1>6.154000006030817</C1>
                  <C2>46.60600000904355</C2>
                </COORD>
                <COORD>
                  <C1>6.155000006031971</C1>
                  <C2>46.606000009043356</C2>
                </COORD>
                <COORD>
                  <C1>6.15700000603391</C1>
                  <C2>46.60800000904409</C2>
                </COORD>
                <COORD>
                  <C1>6.159000006035852</C1>
                  <C2>46.610000009044846</C2>
                </COORD>
                <COORD>
                  <C1>6.160000006036822</C1>
                  <C2>46.61100000904522</C2>
                </COORD>
                <COORD>
                  <C1>6.1620000060389435</C1>
                  <C2>46.612000009045374</C2>
                </COORD>
                <COORD>
                  <C1>6.165000006042401</C1>
                  <C2>46.612000009044806</C2>
                </COORD>
                <COORD>
                  <C1>6.166000006043557</C1>
                  <C2>46.6120000090446</C2>
                </COORD>
                <COORD>
                  <C1>6.168000006045677</C1>
                  <C2>46.61300000904477</C2>
                </COORD>
                <COORD>
                  <C1>6.1700000060479825</C1>
                  <C2>46.61300000904436</C2>
                </COORD>
                <COORD>
                  <C1>6.172000006050102</C1>
                  <C2>46.614000009044545</C2>
                </COORD>
                <COORD>
                  <C1>6.1760000060543465</C1>
                  <C2>46.61600000904493</C2>
                </COORD>
                <COORD>
                  <C1>6.180000006058585</C1>
                  <C2>46.61800000904527</C2>
                </COORD>
                <COORD>
                  <C1>6.1800000060584</C1>
                  <C2>46.619000009045834</C2>
                </COORD>
                <COORD>
                  <C1>6.18100000605937</C1>
                  <C2>46.62000000904618</C2>
                </COORD>
                <COORD>
                  <C1>6.180000006058031</C1>
                  <C2>46.62100000904691</C2>
                </COORD>
                <COORD>
                  <C1>6.180000006057848</C1>
                  <C2>46.622000009047504</C2>
                </COORD>
                <COORD>
                  <C1>6.182000006059967</C1>
                  <C2>46.623000009047644</C2>
                </COORD>
                <COORD>
                  <C1>6.184000006062269</C1>
                  <C2>46.62300000904726</C2>
                </COORD>
                <COORD>
                  <C1>6.1860000060640195</C1>
                  <C2>46.62600000904859</C2>
                </COORD>
                <COORD>
                  <C1>6.188000006066321</C1>
                  <C2>46.62600000904818</C2>
                </COORD>
                <COORD>
                  <C1>6.189000006067287</C1>
                  <C2>46.62700000904855</C2>
                </COORD>
                <COORD>
                  <C1>6.190000006068254</C1>
                  <C2>46.62800000904889</C2>
                </COORD>
                <COORD>
                  <C1>6.19200000607074</C1>
                  <C2>46.627000009047954</C2>
                </COORD>
                <COORD>
                  <C1>6.193000006071705</C1>
                  <C2>46.6280000090483</C2>
                </COORD>
                <COORD>
                  <C1>6.194000006072672</C1>
                  <C2>46.62900000904866</C2>
                </COORD>
                <COORD>
                  <C1>6.195000006073823</C1>
                  <C2>46.62900000904848</C2>
                </COORD>
                <COORD>
                  <C1>6.196000006074788</C1>
                  <C2>46.630000009048906</C2>
                </COORD>
                <COORD>
                  <C1>6.197000006075937</C1>
                  <C2>46.63000000904866</C2>
                </COORD>
                <COORD>
                  <C1>6.197000006075752</C1>
                  <C2>46.631000009049245</C2>
                </COORD>
                <COORD>
                  <C1>6.198000006076719</C1>
                  <C2>46.63200000904954</C2>
                </COORD>
                <COORD>
                  <C1>6.201000006079427</C1>
                  <C2>46.63600000905126</C2>
                </COORD>
                <COORD>
                  <C1>6.200000006078278</C1>
                  <C2>46.63600000905142</C2>
                </COORD>
                <COORD>
                  <C1>6.205000006083657</C1>
                  <C2>46.63800000905152</C2>
                </COORD>
                <COORD>
                  <C1>6.206000006084993</C1>
                  <C2>46.6370000090508</C2>
                </COORD>
                <COORD>
                  <C1>6.207000006085956</C1>
                  <C2>46.638000009051176</C2>
                </COORD>
                <COORD>
                  <C1>6.208000006087105</C1>
                  <C2>46.63800000905098</C2>
                </COORD>
                <COORD>
                  <C1>6.209000006088254</C1>
                  <C2>46.63800000905077</C2>
                </COORD>
                <COORD>
                  <C1>6.210000006089216</C1>
                  <C2>46.63900000905113</C2>
                </COORD>
                <COORD>
                  <C1>6.211000006090183</C1>
                  <C2>46.64000000905151</C2>
                </COORD>
                <COORD>
                  <C1>6.212000006091147</C1>
                  <C2>46.64100000905187</C2>
                </COORD>
                <COORD>
                  <C1>6.214000006093257</C1>
                  <C2>46.64200000905203</C2>
                </COORD>
                <COORD>
                  <C1>6.213000006091923</C1>
                  <C2>46.64300000905278</C2>
                </COORD>
                <COORD>
                  <C1>6.214000006093072</C1>
                  <C2>46.64300000905256</C2>
                </COORD>
                <COORD>
                  <C1>6.216000006095184</C1>
                  <C2>46.64400000905276</C2>
                </COORD>
                <COORD>
                  <C1>6.217000006096333</C1>
                  <C2>46.64400000905255</C2>
                </COORD>
                <COORD>
                  <C1>6.218000006097479</C1>
                  <C2>46.644000009052355</C2>
                </COORD>
                <COORD>
                  <C1>6.218000006097294</C1>
                  <C2>46.64500000905292</C2>
                </COORD>
                <COORD>
                  <C1>6.2170000060961454</C1>
                  <C2>46.64500000905312</C2>
                </COORD>
                <COORD>
                  <C1>6.220000006099218</C1>
                  <C2>46.647000009053635</C2>
                </COORD>
                <COORD>
                  <C1>6.225000006104776</C1>
                  <C2>46.64800000905323</C2>
                </COORD>
                <COORD>
                  <C1>6.228000006107846</C1>
                  <C2>46.650000009053734</C2>
                </COORD>
                <COORD>
                  <C1>6.232000006111877</C1>
                  <C2>46.653000009054594</C2>
                </COORD>
                <COORD>
                  <C1>6.23400000611361</C1>
                  <C2>46.656000009055866</C2>
                </COORD>
                <COORD>
                  <C1>6.237000006116681</C1>
                  <C2>46.65800000905642</C2>
                </COORD>
                <COORD>
                  <C1>6.239000006118784</C1>
                  <C2>46.65900000905658</C2>
                </COORD>
                <COORD>
                  <C1>6.240000006119745</C1>
                  <C2>46.66000000905687</C2>
                </COORD>
                <COORD>
                  <C1>6.243000006122621</C1>
                  <C2>46.66300000905796</C2>
                </COORD>
                <COORD>
                  <C1>6.2460000061258745</C1>
                  <C2>46.66400000905794</C2>
                </COORD>
                <COORD>
                  <C1>6.249000006128936</C1>
                  <C2>46.66600000905846</C2>
                </COORD>
                <COORD>
                  <C1>6.2510000061308535</C1>
                  <C2>46.668000009059156</C2>
                </COORD>
                <COORD>
                  <C1>6.2540000061341035</C1>
                  <C2>46.66900000905912</C2>
                </COORD>
                <COORD>
                  <C1>6.2580000061383085</C1>
                  <C2>46.671000009059426</C2>
                </COORD>
                <COORD>
                  <C1>6.261000006141179</C1>
                  <C2>46.674000009060485</C2>
                </COORD>
                <COORD>
                  <C1>6.265000006145382</C1>
                  <C2>46.6760000090608</C2>
                </COORD>
                <COORD>
                  <C1>6.26800000614844</C1>
                  <C2>46.678000009061336</C2>
                </COORD>
                <COORD>
                  <C1>6.269000006149206</C1>
                  <C2>46.680000009062226</C2>
                </COORD>
                <COORD>
                  <C1>6.270000006150349</C1>
                  <C2>46.680000009062006</C2>
                </COORD>
                <COORD>
                  <C1>6.271000006151495</C1>
                  <C2>46.68000000906186</C2>
                </COORD>
                <COORD>
                  <C1>6.271000006151306</C1>
                  <C2>46.68100000906239</C2>
                </COORD>
                <COORD>
                  <C1>6.271000006151117</C1>
                  <C2>46.68200000906292</C2>
                </COORD>
                <COORD>
                  <C1>6.270000006149972</C1>
                  <C2>46.68200000906313</C2>
                </COORD>
                <COORD>
                  <C1>6.2700000061495915</C1>
                  <C2>46.684000009064206</C2>
                </COORD>
                <COORD>
                  <C1>6.277000006156842</C1>
                  <C2>46.688000009065064</C2>
                </COORD>
                <COORD>
                  <C1>6.280000006160083</C1>
                  <C2>46.68900000906496</C2>
                </COORD>
                <COORD>
                  <C1>6.283000006162754</C1>
                  <C2>46.69300000906658</C2>
                </COORD>
                <COORD>
                  <C1>6.286000006166185</C1>
                  <C2>46.69300000906597</C2>
                </COORD>
                <COORD>
                  <C1>6.293000006173808</C1>
                  <C2>46.69500000906574</C2>
                </COORD>
                <COORD>
                  <C1>6.296000006177044</C1>
                  <C2>46.69600000906565</C2>
                </COORD>
                <COORD>
                  <C1>6.29800000617933</C1>
                  <C2>46.69600000906523</C2>
                </COORD>
                <COORD>
                  <C1>6.30300000618447</C1>
                  <C2>46.699000009065884</C2>
                </COORD>
                <COORD>
                  <C1>6.3070000061886535</C1>
                  <C2>46.7010000090662</C2>
                </COORD>
                <COORD>
                  <C1>6.308000006189796</C1>
                  <C2>46.701000009065986</C2>
                </COORD>
                <COORD>
                  <C1>6.312000006193982</C1>
                  <C2>46.7030000090663</C2>
                </COORD>
                <COORD>
                  <C1>6.316000006198162</C1>
                  <C2>46.70500000906659</C2>
                </COORD>
                <COORD>
                  <C1>6.321000006203485</C1>
                  <C2>46.707000009066675</C2>
                </COORD>
                <COORD>
                  <C1>6.326000006208995</C1>
                  <C2>46.70800000906623</C2>
                </COORD>
                <COORD>
                  <C1>6.328000006211277</C1>
                  <C2>46.708000009065806</C2>
                </COORD>
                <COORD>
                  <C1>6.333000006216595</C1>
                  <C2>46.71000000906592</C2>
                </COORD>
                <COORD>
                  <C1>6.337000006220963</C1>
                  <C2>46.71100000906564</C2>
                </COORD>
                <COORD>
                  <C1>6.342000006226467</C1>
                  <C2>46.712000009065235</C2>
                </COORD>
                <COORD>
                  <C1>6.34600000623064</C1>
                  <C2>46.71400000906546</C2>
                </COORD>
                <COORD>
                  <C1>6.350000006234809</C1>
                  <C2>46.71600000906578</C2>
                </COORD>
                <COORD>
                  <C1>6.353000006238034</C1>
                  <C2>46.7170000090657</C2>
                </COORD>
                <COORD>
                  <C1>6.355000006239731</C1>
                  <C2>46.72000000906692</C2>
                </COORD>
                <COORD>
                  <C1>6.358000006242754</C1>
                  <C2>46.72200000906742</C2>
                </COORD>
                <COORD>
                  <C1>6.359000006243702</C1>
                  <C2>46.72300000906778</C2>
                </COORD>
                <COORD>
                  <C1>6.361000006245591</C1>
                  <C2>46.72500000906847</C2>
                </COORD>
                <COORD>
                  <C1>6.362000006246725</C1>
                  <C2>46.72500000906826</C2>
                </COORD>
                <COORD>
                  <C1>6.362000006246922</C1>
                  <C2>46.72400000906771</C2>
                </COORD>
                <COORD>
                  <C1>6.363000006248061</C1>
                  <C2>46.72400000906751</C2>
                </COORD>
                <COORD>
                  <C1>6.364000006249199</C1>
                  <C2>46.72400000906731</C2>
                </COORD>
                <COORD>
                  <C1>6.365000006250335</C1>
                  <C2>46.72400000906708</C2>
                </COORD>
                <COORD>
                  <C1>6.366000006251475</C1>
                  <C2>46.72400000906689</C2>
                </COORD>
                <COORD>
                  <C1>6.3670000062526135</C1>
                  <C2>46.72400000906669</C2>
                </COORD>
                <COORD>
                  <C1>6.367000006252417</C1>
                  <C2>46.72500000906725</C2>
                </COORD>
                <COORD>
                  <C1>6.372000006257911</C1>
                  <C2>46.726000009066766</C2>
                </COORD>
                <COORD>
                  <C1>6.372000006256938</C1>
                  <C2>46.7310000090695</C2>
                </COORD>
                <COORD>
                  <C1>6.370000006254663</C1>
                  <C2>46.731000009069895</C2>
                </COORD>
                <COORD>
                  <C1>6.370000006254466</C1>
                  <C2>46.732000009070404</C2>
                </COORD>
                <COORD>
                  <C1>6.3710000062556045</C1>
                  <C2>46.73200000907024</C2>
                </COORD>
                <COORD>
                  <C1>6.372000006256741</C1>
                  <C2>46.73200000907</C2>
                </COORD>
                <COORD>
                  <C1>6.373000006257684</C1>
                  <C2>46.733000009070345</C2>
                </COORD>
                <COORD>
                  <C1>6.374000006258823</C1>
                  <C2>46.733000009070196</C2>
                </COORD>
                <COORD>
                  <C1>6.375000006259959</C1>
                  <C2>46.73300000906996</C2>
                </COORD>
                <COORD>
                  <C1>6.376000006261097</C1>
                  <C2>46.73300000906977</C2>
                </COORD>
                <COORD>
                  <C1>6.377000006262233</C1>
                  <C2>46.73300000906956</C2>
                </COORD>
                <COORD>
                  <C1>6.37800000626337</C1>
                  <C2>46.73300000906934</C2>
                </COORD>
                <COORD>
                  <C1>6.378000006263566</C1>
                  <C2>46.73200000906881</C2>
                </COORD>
                <COORD>
                  <C1>6.379000006264701</C1>
                  <C2>46.732000009068614</C2>
                </COORD>
                <COORD>
                  <C1>6.380000006265839</C1>
                  <C2>46.732000009068415</C2>
                </COORD>
                <COORD>
                  <C1>6.380000006265643</C1>
                  <C2>46.73300000906896</C2>
                </COORD>
                <COORD>
                  <C1>6.381000006266782</C1>
                  <C2>46.73300000906874</C2>
                </COORD>
                <COORD>
                  <C1>6.382000006267918</C1>
                  <C2>46.733000009068576</C2>
                </COORD>
                <COORD>
                  <C1>6.383000006269055</C1>
                  <C2>46.733000009068355</C2>
                </COORD>
                <COORD>
                  <C1>6.384000006270192</C1>
                  <C2>46.73300000906815</C2>
                </COORD>
                <COORD>
                  <C1>6.385000006271327</C1>
                  <C2>46.73300000906792</C2>
                </COORD>
                <COORD>
                  <C1>6.3860000062724644</C1>
                  <C2>46.73300000906775</C2>
                </COORD>
                <COORD>
                  <C1>6.386000006272268</C1>
                  <C2>46.73400000906827</C2>
                </COORD>
                <COORD>
                  <C1>6.390000006276227</C1>
                  <C2>46.737000009069114</C2>
                </COORD>
                <COORD>
                  <C1>6.391000006276971</C1>
                  <C2>46.73900000906996</C2>
                </COORD>
                <COORD>
                  <C1>6.393000006278851</C1>
                  <C2>46.74100000907062</C2>
                </COORD>
                <COORD>
                  <C1>6.392000006277321</C1>
                  <C2>46.74300000907193</C2>
                </COORD>
                <COORD>
                  <C1>6.391000006275991</C1>
                  <C2>46.7440000090727</C2>
                </COORD>
                <COORD>
                  <C1>6.389000006273719</C1>
                  <C2>46.74400000907305</C2>
                </COORD>
                <COORD>
                  <C1>6.389000006273521</C1>
                  <C2>46.74500000907358</C2>
                </COORD>
                <COORD>
                  <C1>6.393000006277476</C1>
                  <C2>46.74800000907441</C2>
                </COORD>
                <COORD>
                  <C1>6.396000006280489</C1>
                  <C2>46.75000000907492</C2>
                </COORD>
                <COORD>
                  <C1>6.401000006285774</C1>
                  <C2>46.75200000907494</C2>
                </COORD>
                <COORD>
                  <C1>6.402000006286711</C1>
                  <C2>46.7530000090753</C2>
                </COORD>
                <COORD>
                  <C1>6.404000006289177</C1>
                  <C2>46.75200000907436</C2>
                </COORD>
                <COORD>
                  <C1>6.412000006298058</C1>
                  <C2>46.75300000907329</C2>
                </COORD>
                <COORD>
                  <C1>6.417000006303531</C1>
                  <C2>46.7540000090728</C2>
                </COORD>
                <COORD>
                  <C1>6.418000006304467</C1>
                  <C2>46.75500000907313</C2>
                </COORD>
                <COORD>
                  <C1>6.4200000063067355</C1>
                  <C2>46.75500000907272</C2>
                </COORD>
                <COORD>
                  <C1>6.425000006312207</C1>
                  <C2>46.756000009072245</C2>
                </COORD>
                <COORD>
                  <C1>6.428000006315211</C1>
                  <C2>46.758000009072695</C2>
                </COORD>
                <COORD>
                  <C1>6.431000006318413</C1>
                  <C2>46.75900000907263</C2>
                </COORD>
                <COORD>
                  <C1>6.436000006323481</C1>
                  <C2>46.76200000907319</C2>
                </COORD>
                <COORD>
                  <C1>6.439000006326484</C1>
                  <C2>46.76400000907366</C2>
                </COORD>
                <COORD>
                  <C1>6.440000006327417</C1>
                  <C2>46.76500000907399</C2>
                </COORD>
                <COORD>
                  <C1>6.439000006326284</C1>
                  <C2>46.76500000907421</C2>
                </COORD>
                <COORD>
                  <C1>6.4390000063260855</C1>
                  <C2>46.766000009074766</C2>
                </COORD>
                <COORD>
                  <C1>6.4390000063254895</C1>
                  <C2>46.76900000907637</C2>
                </COORD>
                <COORD>
                  <C1>6.440000006326622</C1>
                  <C2>46.76900000907615</C2>
                </COORD>
                <COORD>
                  <C1>6.446000006332618</C1>
                  <C2>46.77300000907705</C2>
                </COORD>
                <COORD>
                  <C1>6.4500000063367455</C1>
                  <C2>46.77500000907731</C2>
                </COORD>
                <COORD>
                  <C1>6.453000006339943</C1>
                  <C2>46.77600000907724</C2>
                </COORD>
                <COORD>
                  <C1>6.45300000633954</C1>
                  <C2>46.77800000907829</C2>
                </COORD>
                <COORD>
                  <C1>6.452000006337812</C1>
                  <C2>46.7810000090801</C2>
                </COORD>
                <COORD>
                  <C1>6.455000006340601</C1>
                  <C2>46.784000009081076</C2>
                </COORD>
                <COORD>
                  <C1>6.457000006342062</C1>
                  <C2>46.78800000908283</C2>
                </COORD>
                <COORD>
                  <C1>6.4590000063437225</C1>
                  <C2>46.79100000908398</C2>
                </COORD>
                <COORD>
                  <C1>6.457000006341261</C1>
                  <C2>46.79200000908492</C2>
                </COORD>
                <COORD>
                  <C1>6.454000006337669</C1>
                  <C2>46.7930000090861</C2>
                </COORD>
                <COORD>
                  <C1>6.452000006335008</C1>
                  <C2>46.79500000908755</C2>
                </COORD>
                <COORD>
                  <C1>6.449000006331416</C1>
                  <C2>46.79600000908871</C2>
                </COORD>
                <COORD>
                  <C1>6.446000006327621</C1>
                  <C2>46.79800000909039</C2>
                </COORD>
                <COORD>
                  <C1>6.442000006322699</C1>
                  <C2>46.800000009092244</C2>
                </COORD>
                <COORD>
                  <C1>6.439000006318904</C1>
                  <C2>46.802000009093945</C2>
                </COORD>
                <COORD>
                  <C1>6.436000006315312</C1>
                  <C2>46.803000009095086</C2>
                </COORD>
                <COORD>
                  <C1>6.4340000063122496</C1>
                  <C2>46.807000009097614</C2>
                </COORD>
                <COORD>
                  <C1>6.432000006308585</C1>
                  <C2>46.814000009101754</C2>
                </COORD>
                <COORD>
                  <C1>6.437000006313839</C1>
                  <C2>46.816000009101764</C2>
                </COORD>
                <COORD>
                  <C1>6.442000006319089</C1>
                  <C2>46.818000009101794</C2>
                </COORD>
                <COORD>
                  <C1>6.44100000631776</C1>
                  <C2>46.81900000910254</C2>
                </COORD>
                <COORD>
                  <C1>6.4400000063152225</C1>
                  <C2>46.82600000910644</C2>
                </COORD>
                <COORD>
                  <C1>6.442000006316679</C1>
                  <C2>46.83000000910814</C2>
                </COORD>
                <COORD>
                  <C1>6.444000006317929</C1>
                  <C2>46.83500000911033</C2>
                </COORD>
                <COORD>
                  <C1>6.446000006319788</C1>
                  <C2>46.83700000911101</C2>
                </COORD>
                <COORD>
                  <C1>6.448000006321642</C1>
                  <C2>46.83900000911163</C2>
                </COORD>
                <COORD>
                  <C1>6.449000006322571</C1>
                  <C2>46.84000000911196</C2>
                </COORD>
                <COORD>
                  <C1>6.453000006326076</C1>
                  <C2>46.84500000911378</C2>
                </COORD>
                <COORD>
                  <C1>6.456000006328855</C1>
                  <C2>46.84800000911475</C2>
                </COORD>
                <COORD>
                  <C1>6.458000006330504</C1>
                  <C2>46.85100000911592</C2>
                </COORD>
                <COORD>
                  <C1>6.461000006333484</C1>
                  <C2>46.853000009116364</C2>
                </COORD>
                <COORD>
                  <C1>6.462000006332785</C1>
                  <C2>46.86200000912081</C2>
                </COORD>
                <COORD>
                  <C1>6.463000006332897</C1>
                  <C2>46.867000009123245</C2>
                </COORD>
                <COORD>
                  <C1>6.463000006331474</C1>
                  <C2>46.874000009126895</C2>
                </COORD>
                <COORD>
                  <C1>6.4640000063319905</C1>
                  <C2>46.87700000912822</C2>
                </COORD>
                <COORD>
                  <C1>6.464000006331378</C1>
                  <C2>46.880000009129766</C2>
                </COORD>
                <COORD>
                  <C1>6.465000006331691</C1>
                  <C2>46.88400000913165</C2>
                </COORD>
                <COORD>
                  <C1>6.465000006331485</C1>
                  <C2>46.88500000913216</C2>
                </COORD>
                <COORD>
                  <C1>6.465000006330872</C1>
                  <C2>46.88800000913372</C2>
                </COORD>
                <COORD>
                  <C1>6.465000006330465</C1>
                  <C2>46.89000000913475</C2>
                </COORD>
                <COORD>
                  <C1>6.465000006330056</C1>
                  <C2>46.89200000913583</C2>
                </COORD>
                <COORD>
                  <C1>6.465000006329648</C1>
                  <C2>46.894000009136846</C2>
                </COORD>
                <COORD>
                  <C1>6.462000006325657</C1>
                  <C2>46.897000009139006</C2>
                </COORD>
                <COORD>
                  <C1>6.45900000632105</C1>
                  <C2>46.90300000914274</C2>
                </COORD>
                <COORD>
                  <C1>6.455000006315935</C1>
                  <C2>46.90600000914512</C2>
                </COORD>
                <COORD>
                  <C1>6.45300000631307</C1>
                  <C2>46.909000009147036</C2>
                </COORD>
                <COORD>
                  <C1>6.452000006311739</C1>
                  <C2>46.91000000914779</C2>
                </COORD>
                <COORD>
                  <C1>6.450000006309077</C1>
                  <C2>46.91200000914929</C2>
                </COORD>
                <COORD>
                  <C1>6.449000006307746</C1>
                  <C2>46.91300000914994</C2>
                </COORD>
                <COORD>
                  <C1>6.4420000062986364</C1>
                  <C2>46.91900000915449</C2>
                </COORD>
                <COORD>
                  <C1>6.442000006298435</C1>
                  <C2>46.92000000915497</C2>
                </COORD>
                <COORD>
                  <C1>6.440000006295977</C1>
                  <C2>46.921000009155925</C2>
                </COORD>
                <COORD>
                  <C1>6.437000006291985</C1>
                  <C2>46.92400000915809</C2>
                </COORD>
                <COORD>
                  <C1>6.436000006290449</C1>
                  <C2>46.92600000915936</C2>
                </COORD>
                <COORD>
                  <C1>6.434000006287584</C1>
                  <C2>46.92900000916128</C2>
                </COORD>
                <COORD>
                  <C1>6.43300000628605</C1>
                  <C2>46.93100000916249</C2>
                </COORD>
                <COORD>
                  <C1>6.434000006287176</C1>
                  <C2>46.931000009162325</C2>
                </COORD>
                <COORD>
                  <C1>6.435000006288304</C1>
                  <C2>46.93100000916212</C2>
                </COORD>
                <COORD>
                  <C1>6.436000006289428</C1>
                  <C2>46.931000009161885</C2>
                </COORD>
                <COORD>
                  <C1>6.436000006289222</C1>
                  <C2>46.932000009162415</C2>
                </COORD>
                <COORD>
                  <C1>6.437000006290348</C1>
                  <C2>46.93200000916222</C2>
                </COORD>
                <COORD>
                  <C1>6.438000006291476</C1>
                  <C2>46.932000009162</C2>
                </COORD>
                <COORD>
                  <C1>6.439000006292603</C1>
                  <C2>46.9320000091618</C2>
                </COORD>
                <COORD>
                  <C1>6.439000006292397</C1>
                  <C2>46.933000009162285</C2>
                </COORD>
                <COORD>
                  <C1>6.440000006293524</C1>
                  <C2>46.9330000091621</C2>
                </COORD>
                <COORD>
                  <C1>6.441000006294648</C1>
                  <C2>46.933000009161916</C2>
                </COORD>
                <COORD>
                  <C1>6.442000006295569</C1>
                  <C2>46.934000009162204</C2>
                </COORD>
                <COORD>
                  <C1>6.443000006296694</C1>
                  <C2>46.93400000916201</C2>
                </COORD>
                <COORD>
                  <C1>6.44500000629874</C1>
                  <C2>46.93500000916208</C2>
                </COORD>
                <COORD>
                  <C1>6.4470000063007875</C1>
                  <C2>46.936000009162214</C2>
                </COORD>
                <COORD>
                  <C1>6.450000006303754</C1>
                  <C2>46.93800000916258</C2>
                </COORD>
                <COORD>
                  <C1>6.452000006305798</C1>
                  <C2>46.939000009162704</C2>
                </COORD>
                <COORD>
                  <C1>6.453000006306717</C1>
                  <C2>46.94000000916302</C2>
                </COORD>
                <COORD>
                  <C1>6.454000006307638</C1>
                  <C2>46.941000009163325</C2>
                </COORD>
                <COORD>
                  <C1>6.455000006308764</C1>
                  <C2>46.94100000916312</C2>
                </COORD>
                <COORD>
                  <C1>6.45600000630968</C1>
                  <C2>46.94200000916343</C2>
                </COORD>
                <COORD>
                  <C1>6.459000006312643</C1>
                  <C2>46.94400000916384</C2>
                </COORD>
                <COORD>
                  <C1>6.460000006313562</C1>
                  <C2>46.94500000916412</C2>
                </COORD>
                <COORD>
                  <C1>6.461000006314482</C1>
                  <C2>46.946000009164464</C2>
                </COORD>
                <COORD>
                  <C1>6.462000006315194</C1>
                  <C2>46.948000009165234</C2>
                </COORD>
                <COORD>
                  <C1>6.463000006316111</C1>
                  <C2>46.949000009165545</C2>
                </COORD>
                <COORD>
                  <C1>6.465000006318152</C1>
                  <C2>46.95000000916562</C2>
                </COORD>
                <COORD>
                  <C1>6.466000006319071</C1>
                  <C2>46.951000009165945</C2>
                </COORD>
                <COORD>
                  <C1>6.467000006319988</C1>
                  <C2>46.95200000916625</C2>
                </COORD>
                <COORD>
                  <C1>6.467000006319779</C1>
                  <C2>46.95300000916673</C2>
                </COORD>
                <COORD>
                  <C1>6.469000006321823</C1>
                  <C2>46.95400000916684</C2>
                </COORD>
                <COORD>
                  <C1>6.4700000063227385</C1>
                  <C2>46.95500000916714</C2>
                </COORD>
                <COORD>
                  <C1>6.473000006325488</C1>
                  <C2>46.958000009168046</C2>
                </COORD>
                <COORD>
                  <C1>6.474000006326405</C1>
                  <C2>46.95900000916838</C2>
                </COORD>
                <COORD>
                  <C1>6.475000006327322</C1>
                  <C2>46.960000009168674</C2>
                </COORD>
                <COORD>
                  <C1>6.476000006328237</C1>
                  <C2>46.961000009168934</C2>
                </COORD>
                <COORD>
                  <C1>6.47800000633007</C1>
                  <C2>46.96300000916958</C2>
                </COORD>
                <COORD>
                  <C1>6.479000006330984</C1>
                  <C2>46.964000009169844</C2>
                </COORD>
                <COORD>
                  <C1>6.480000006332107</C1>
                  <C2>46.964000009169624</C2>
                </COORD>
                <COORD>
                  <C1>6.480000006331899</C1>
                  <C2>46.9650000091702</C2>
                </COORD>
                <COORD>
                  <C1>6.48100000633302</C1>
                  <C2>46.96500000916997</C2>
                </COORD>
                <COORD>
                  <C1>6.481000006332813</C1>
                  <C2>46.96600000917045</C2>
                </COORD>
                <COORD>
                  <C1>6.482000006333937</C1>
                  <C2>46.966000009170244</C2>
                </COORD>
                <COORD>
                  <C1>6.485000006336888</C1>
                  <C2>46.96800000917062</C2>
                </COORD>
                <COORD>
                  <C1>6.487000006338924</C1>
                  <C2>46.969000009170756</C2>
                </COORD>
                <COORD>
                  <C1>6.489000006340754</C1>
                  <C2>46.971000009171334</C2>
                </COORD>
                <COORD>
                  <C1>6.490000006341874</C1>
                  <C2>46.971000009171114</C2>
                </COORD>
                <COORD>
                  <C1>6.491000006342788</C1>
                  <C2>46.97200000917141</C2>
                </COORD>
                <COORD>
                  <C1>6.49200000634391</C1>
                  <C2>46.97200000917121</C2>
                </COORD>
                <COORD>
                  <C1>6.493000006344821</C1>
                  <C2>46.9730000091715</C2>
                </COORD>
                <COORD>
                  <C1>6.494000006345736</C1>
                  <C2>46.97400000917182</C2>
                </COORD>
                <COORD>
                  <C1>6.4950000063466495</C1>
                  <C2>46.97500000917208</C2>
                </COORD>
                <COORD>
                  <C1>6.496000006347771</C1>
                  <C2>46.97500000917189</C2>
                </COORD>
                <COORD>
                  <C1>6.497000006348683</C1>
                  <C2>46.976000009172196</C2>
                </COORD>
                <COORD>
                  <C1>6.501000006354002</C1>
                  <C2>46.97200000916936</C2>
                </COORD>
                <COORD>
                  <C1>6.50600000636044</C1>
                  <C2>46.96800000916626</C2>
                </COORD>
                <COORD>
                  <C1>6.507000006361562</C1>
                  <C2>46.968000009166026</C2>
                </COORD>
                <COORD>
                  <C1>6.508000006362474</C1>
                  <C2>46.96900000916637</C2>
                </COORD>
                <COORD>
                  <C1>6.509000006363594</C1>
                  <C2>46.96900000916613</C2>
                </COORD>
                <COORD>
                  <C1>6.510000006364716</C1>
                  <C2>46.96900000916598</C2>
                </COORD>
                <COORD>
                  <C1>6.511000006365837</C1>
                  <C2>46.96900000916575</C2>
                </COORD>
                <COORD>
                  <C1>6.515000006369897</C1>
                  <C2>46.9710000091659</C2>
                </COORD>
                <COORD>
                  <C1>6.51600000637081</C1>
                  <C2>46.972000009166216</C2>
                </COORD>
                <COORD>
                  <C1>6.517000006371931</C1>
                  <C2>46.97200000916599</C2>
                </COORD>
                <COORD>
                  <C1>6.5180000063730485</C1>
                  <C2>46.9720000091658</C2>
                </COORD>
                <COORD>
                  <C1>6.518000006372842</C1>
                  <C2>46.97300000916629</C2>
                </COORD>
                <COORD>
                  <C1>6.51900000637396</C1>
                  <C2>46.97300000916606</C2>
                </COORD>
                <COORD>
                  <C1>6.520000006375082</C1>
                  <C2>46.97300000916586</C2>
                </COORD>
                <COORD>
                  <C1>6.521000006376203</C1>
                  <C2>46.97300000916565</C2>
                </COORD>
                <COORD>
                  <C1>6.522000006377323</C1>
                  <C2>46.973000009165446</C2>
                </COORD>
                <COORD>
                  <C1>6.525000006380471</C1>
                  <C2>46.9740000091653</C2>
                </COORD>
                <COORD>
                  <C1>6.526000006381593</C1>
                  <C2>46.97400000916514</C2>
                </COORD>
                <COORD>
                  <C1>6.5270000063827105</C1>
                  <C2>46.9740000091649</C2>
                </COORD>
                <COORD>
                  <C1>6.528000006383829</C1>
                  <C2>46.974000009164676</C2>
                </COORD>
                <COORD>
                  <C1>6.529000006384949</C1>
                  <C2>46.974000009164484</C2>
                </COORD>
                <COORD>
                  <C1>6.534000006390335</C1>
                  <C2>46.97500000916394</C2>
                </COORD>
                <COORD>
                  <C1>6.536000006392576</C1>
                  <C2>46.975000009163544</C2>
                </COORD>
                <COORD>
                  <C1>6.537000006393693</C1>
                  <C2>46.97500000916331</C2>
                </COORD>
                <COORD>
                  <C1>6.538000006394815</C1>
                  <C2>46.9750000091631</C2>
                </COORD>
                <COORD>
                  <C1>6.539000006395722</C1>
                  <C2>46.97600000916344</C2>
                </COORD>
                <COORD>
                  <C1>6.542000006398867</C1>
                  <C2>46.97700000916328</C2>
                </COORD>
                <COORD>
                  <C1>6.551000006408513</C1>
                  <C2>46.979000009162405</C2>
                </COORD>
                <COORD>
                  <C1>6.552000006409628</C1>
                  <C2>46.979000009162235</C2>
                </COORD>
                <COORD>
                  <C1>6.5540000064116555</C1>
                  <C2>46.98000000916227</C2>
                </COORD>
                <COORD>
                  <C1>6.556000006413887</C1>
                  <C2>46.98000000916183</C2>
                </COORD>
                <COORD>
                  <C1>6.558000006415915</C1>
                  <C2>46.98100000916196</C2>
                </COORD>
                <COORD>
                  <C1>6.559000006417029</C1>
                  <C2>46.981000009161725</C2>
                </COORD>
                <COORD>
                  <C1>6.560000006418147</C1>
                  <C2>46.981000009161505</C2>
                </COORD>
                <COORD>
                  <C1>6.562000006420384</C1>
                  <C2>46.98100000916108</C2>
                </COORD>
                <COORD>
                  <C1>6.5630000064214995</C1>
                  <C2>46.98100000916088</C2>
                </COORD>
                <COORD>
                  <C1>6.5640000064224076</C1>
                  <C2>46.98200000916121</C2>
                </COORD>
                <COORD>
                  <C1>6.567000006425547</C1>
                  <C2>46.98300000916102</C2>
                </COORD>
                <COORD>
                  <C1>6.568000006426662</C1>
                  <C2>46.983000009160826</C2>
                </COORD>
                <COORD>
                  <C1>6.56900000642778</C1>
                  <C2>46.98300000916061</C2>
                </COORD>
                <COORD>
                  <C1>6.572000006430917</C1>
                  <C2>46.98400000916054</C2>
                </COORD>
                <COORD>
                  <C1>6.573000006432035</C1>
                  <C2>46.98400000916031</C2>
                </COORD>
                <COORD>
                  <C1>6.574000006433153</C1>
                  <C2>46.98400000916003</C2>
                </COORD>
                <COORD>
                  <C1>6.575000006434058</C1>
                  <C2>46.98500000916036</C2>
                </COORD>
                <COORD>
                  <C1>6.577000006436078</C1>
                  <C2>46.98600000916046</C2>
                </COORD>
                <COORD>
                  <C1>6.579000006438099</C1>
                  <C2>46.98700000916052</C2>
                </COORD>
                <COORD>
                  <C1>6.580000006439213</C1>
                  <C2>46.987000009160305</C2>
                </COORD>
                <COORD>
                  <C1>6.582000006441234</C1>
                  <C2>46.98800000916039</C2>
                </COORD>
                <COORD>
                  <C1>6.5850000064443694</C1>
                  <C2>46.989000009160264</C2>
                </COORD>
                <COORD>
                  <C1>6.587000006446176</C1>
                  <C2>46.99100000916084</C2>
                </COORD>
                <COORD>
                  <C1>6.590000006449309</C1>
                  <C2>46.992000009160705</C2>
                </COORD>
                <COORD>
                  <C1>6.592000006451328</C1>
                  <C2>46.99300000916077</C2>
                </COORD>
                <COORD>
                  <C1>6.593000006452444</C1>
                  <C2>46.993000009160575</C2>
                </COORD>
                <COORD>
                  <C1>6.594000006453558</C1>
                  <C2>46.99300000916036</C2>
                </COORD>
                <COORD>
                  <C1>6.594000006453346</C1>
                  <C2>46.99400000916087</C2>
                </COORD>
                <COORD>
                  <C1>6.59500000645446</C1>
                  <C2>46.99400000916064</C2>
                </COORD>
                <COORD>
                  <C1>6.597000006456689</C1>
                  <C2>46.9940000091602</C2>
                </COORD>
                <COORD>
                  <C1>6.601000006461148</C1>
                  <C2>46.99400000915937</C2>
                </COORD>
                <COORD>
                  <C1>6.602000006462264</C1>
                  <C2>46.99400000915917</C2>
                </COORD>
                <COORD>
                  <C1>6.603000006463376</C1>
                  <C2>46.994000009158974</C2>
                </COORD>
                <COORD>
                  <C1>6.604000006464494</C1>
                  <C2>46.994000009158746</C2>
                </COORD>
                <COORD>
                  <C1>6.605000006465608</C1>
                  <C2>46.9940000091585</C2>
                </COORD>
                <COORD>
                  <C1>6.60500000646582</C1>
                  <C2>46.993000009158024</C2>
                </COORD>
                <COORD>
                  <C1>6.606000006466934</C1>
                  <C2>46.99300000915781</C2>
                </COORD>
                <COORD>
                  <C1>6.6070000064680485</C1>
                  <C2>46.99300000915761</C2>
                </COORD>
                <COORD>
                  <C1>6.6090000064702785</C1>
                  <C2>46.99300000915717</C2>
                </COORD>
                <COORD>
                  <C1>6.611000006472508</C1>
                  <C2>46.99300000915671</C2>
                </COORD>
                <COORD>
                  <C1>6.614000006475848</C1>
                  <C2>46.99300000915613</C2>
                </COORD>
                <COORD>
                  <C1>6.615000006476963</C1>
                  <C2>46.99300000915588</C2>
                </COORD>
                <COORD>
                  <C1>6.619000006481205</C1>
                  <C2>46.994000009155556</C2>
                </COORD>
                <COORD>
                  <C1>6.620000006482315</C1>
                  <C2>46.99400000915535</C2>
                </COORD>
                <COORD>
                  <C1>6.621000006483216</C1>
                  <C2>46.995000009155596</C2>
                </COORD>
                <COORD>
                  <C1>6.6220000064843285</C1>
                  <C2>46.995000009155376</C2>
                </COORD>
                <COORD>
                  <C1>6.623000006485227</C1>
                  <C2>46.996000009155715</C2>
                </COORD>
                <COORD>
                  <C1>6.624000006486342</C1>
                  <C2>46.99600000915548</C2>
                </COORD>
                <COORD>
                  <C1>6.626000006488354</C1>
                  <C2>46.997000009155556</C2>
                </COORD>
                <COORD>
                  <C1>6.6280000064903675</C1>
                  <C2>46.99800000915562</C2>
                </COORD>
                <COORD>
                  <C1>6.629000006491264</C1>
                  <C2>46.99900000915594</C2>
                </COORD>
                <COORD>
                  <C1>6.632000006494602</C1>
                  <C2>46.9990000091553</C2>
                </COORD>
                <COORD>
                  <C1>6.634000006496612</C1>
                  <C2>47.00000000915533</C2>
                </COORD>
                <COORD>
                  <C1>6.638000006500634</C1>
                  <C2>47.00200000915549</C2>
                </COORD>
                <COORD>
                  <C1>6.641000006503325</C1>
                  <C2>47.00500000915637</C2>
                </COORD>
                <COORD>
                  <C1>6.64500000650691</C1>
                  <C2>47.00900000915751</C2>
                </COORD>
                <COORD>
                  <C1>6.647000006508703</C1>
                  <C2>47.01100000915808</C2>
                </COORD>
                <COORD>
                  <C1>6.648000006509381</C1>
                  <C2>47.01300000915888</C2>
                </COORD>
                <COORD>
                  <C1>6.649000006509632</C1>
                  <C2>47.017000009160654</C2>
                </COORD>
                <COORD>
                  <C1>6.6530000065129915</C1>
                  <C2>47.02200000916225</C2>
                </COORD>
                <COORD>
                  <C1>6.6540000065136695</C1>
                  <C2>47.02400000916305</C2>
                </COORD>
                <COORD>
                  <C1>6.656000006515674</C1>
                  <C2>47.025000009163115</C2>
                </COORD>
                <COORD>
                  <C1>6.656000006515458</C1>
                  <C2>47.0260000091636</C2>
                </COORD>
                <COORD>
                  <C1>6.657000006516569</C1>
                  <C2>47.02600000916345</C2>
                </COORD>
                <COORD>
                  <C1>6.657000006516351</C1>
                  <C2>47.0270000091639</C2>
                </COORD>
                <COORD>
                  <C1>6.658000006517461</C1>
                  <C2>47.027000009163686</C2>
                </COORD>
                <COORD>
                  <C1>6.658000006517245</C1>
                  <C2>47.028000009164174</C2>
                </COORD>
                <COORD>
                  <C1>6.659000006518354</C1>
                  <C2>47.02800000916398</C2>
                </COORD>
                <COORD>
                  <C1>6.659000006518137</C1>
                  <C2>47.02900000916446</C2>
                </COORD>
                <COORD>
                  <C1>6.6600000065192475</C1>
                  <C2>47.02900000916426</C2>
                </COORD>
                <COORD>
                  <C1>6.661000006520359</C1>
                  <C2>47.029000009164044</C2>
                </COORD>
                <COORD>
                  <C1>6.661000006520141</C1>
                  <C2>47.03000000916453</C2>
                </COORD>
                <COORD>
                  <C1>6.66200000652125</C1>
                  <C2>47.03000000916434</C2>
                </COORD>
                <COORD>
                  <C1>6.663000006522145</C1>
                  <C2>47.0310000091646</C2>
                </COORD>
                <COORD>
                  <C1>6.665000006524363</C1>
                  <C2>47.031000009164146</C2>
                </COORD>
                <COORD>
                  <C1>6.6660000065252545</C1>
                  <C2>47.032000009164456</C2>
                </COORD>
                <COORD>
                  <C1>6.667000006526366</C1>
                  <C2>47.03200000916424</C2>
                </COORD>
                <COORD>
                  <C1>6.668000006527257</C1>
                  <C2>47.0330000091645</C2>
                </COORD>
                <COORD>
                  <C1>6.669000006528367</C1>
                  <C2>47.03300000916428</C2>
                </COORD>
                <COORD>
                  <C1>6.670000006529258</C1>
                  <C2>47.03400000916457</C2>
                </COORD>
                <COORD>
                  <C1>6.671000006530368</C1>
                  <C2>47.03400000916437</C2>
                </COORD>
                <COORD>
                  <C1>6.672000006531476</C1>
                  <C2>47.034000009164146</C2>
                </COORD>
                <COORD>
                  <C1>6.672000006531259</C1>
                  <C2>47.03500000916463</C2>
                </COORD>
                <COORD>
                  <C1>6.6730000065323685</C1>
                  <C2>47.03500000916441</C2>
                </COORD>
                <COORD>
                  <C1>6.6740000065334755</C1>
                  <C2>47.0350000091642</C2>
                </COORD>
                <COORD>
                  <C1>6.67400000653326</C1>
                  <C2>47.03600000916472</C2>
                </COORD>
                <COORD>
                  <C1>6.675000006534368</C1>
                  <C2>47.036000009164496</C2>
                </COORD>
                <COORD>
                  <C1>6.676000006535258</C1>
                  <C2>47.03700000916479</C2>
                </COORD>
                <COORD>
                  <C1>6.677000006536366</C1>
                  <C2>47.03700000916457</C2>
                </COORD>
                <COORD>
                  <C1>6.678000006537476</C1>
                  <C2>47.03700000916435</C2>
                </COORD>
                <COORD>
                  <C1>6.679000006538366</C1>
                  <C2>47.0380000091646</C2>
                </COORD>
                <COORD>
                  <C1>6.680000006539476</C1>
                  <C2>47.0380000091644</C2>
                </COORD>
                <COORD>
                  <C1>6.68200000654169</C1>
                  <C2>47.038000009163966</C2>
                </COORD>
                <COORD>
                  <C1>6.683000006542801</C1>
                  <C2>47.03800000916375</C2>
                </COORD>
                <COORD>
                  <C1>6.683000006542582</C1>
                  <C2>47.03900000916423</C2>
                </COORD>
                <COORD>
                  <C1>6.684000006543692</C1>
                  <C2>47.039000009164035</C2>
                </COORD>
                <COORD>
                  <C1>6.685000006544798</C1>
                  <C2>47.0390000091638</C2>
                </COORD>
                <COORD>
                  <C1>6.686000006545908</C1>
                  <C2>47.03900000916356</C2>
                </COORD>
                <COORD>
                  <C1>6.687000006547014</C1>
                  <C2>47.039000009163395</C2>
                </COORD>
                <COORD>
                  <C1>6.689000006549013</C1>
                  <C2>47.04000000916344</C2>
                </COORD>
                <COORD>
                  <C1>6.69000000655034</C1>
                  <C2>47.03900000916274</C2>
                </COORD>
                <COORD>
                  <C1>6.691000006551448</C1>
                  <C2>47.03900000916251</C2>
                </COORD>
                <COORD>
                  <C1>6.692000006552553</C1>
                  <C2>47.03900000916231</C2>
                </COORD>
                <COORD>
                  <C1>6.695000006555875</C1>
                  <C2>47.03900000916165</C2>
                </COORD>
                <COORD>
                  <C1>6.696000006556984</C1>
                  <C2>47.03900000916142</C2>
                </COORD>
                <COORD>
                  <C1>6.697000006558094</C1>
                  <C2>47.039000009161235</C2>
                </COORD>
                <COORD>
                  <C1>6.69800000655898</C1>
                  <C2>47.04000000916149</C2>
                </COORD>
                <COORD>
                  <C1>6.700000006560974</C1>
                  <C2>47.04100000916155</C2>
                </COORD>
                <COORD>
                  <C1>6.702000006562749</C1>
                  <C2>47.043000009162135</C2>
                </COORD>
                <COORD>
                  <C1>6.704000006564746</C1>
                  <C2>47.04400000916216</C2>
                </COORD>
                <COORD>
                  <C1>6.705000006565638</C1>
                  <C2>47.045000009162464</C2>
                </COORD>
                <COORD>
                  <C1>6.707000006567628</C1>
                  <C2>47.04600000916251</C2>
                </COORD>
                <COORD>
                  <C1>6.710000006570728</C1>
                  <C2>47.04700000916236</C2>
                </COORD>
                <COORD>
                  <C1>6.712000006572282</C1>
                  <C2>47.0500000091634</C2>
                </COORD>
                <COORD>
                  <C1>6.716000006576266</C1>
                  <C2>47.05200000916354</C2>
                </COORD>
                <COORD>
                  <C1>6.720000006580468</C1>
                  <C2>47.05300000916314</C2>
                </COORD>
                <COORD>
                  <C1>6.720000006580248</C1>
                  <C2>47.05400000916364</C2>
                </COORD>
                <COORD>
                  <C1>6.719000006579145</C1>
                  <C2>47.05400000916384</C2>
                </COORD>
                <COORD>
                  <C1>6.718000006578039</C1>
                  <C2>47.05400000916409</C2>
                </COORD>
                <COORD>
                  <C1>6.717000006576712</C1>
                  <C2>47.055000009164786</C2>
                </COORD>
                <COORD>
                  <C1>6.716000006575605</C1>
                  <C2>47.05500000916502</C2>
                </COORD>
                <COORD>
                  <C1>6.715000006574499</C1>
                  <C2>47.05500000916521</C2>
                </COORD>
                <COORD>
                  <C1>6.714000006573395</C1>
                  <C2>47.055000009165404</C2>
                </COORD>
                <COORD>
                  <C1>6.713000006572289</C1>
                  <C2>47.05500000916564</C2>
                </COORD>
                <COORD>
                  <C1>6.713000006572071</C1>
                  <C2>47.05600000916614</C2>
                </COORD>
                <COORD>
                  <C1>6.712000006570965</C1>
                  <C2>47.056000009166354</C2>
                </COORD>
                <COORD>
                  <C1>6.712000006570743</C1>
                  <C2>47.05700000916688</C2>
                </COORD>
                <COORD>
                  <C1>6.711000006569639</C1>
                  <C2>47.05700000916707</C2>
                </COORD>
                <COORD>
                  <C1>6.71100000656942</C1>
                  <C2>47.05800000916754</C2>
                </COORD>
                <COORD>
                  <C1>6.710000006568311</C1>
                  <C2>47.05800000916777</C2>
                </COORD>
                <COORD>
                  <C1>6.710000006568091</C1>
                  <C2>47.059000009168244</C2>
                </COORD>
                <COORD>
                  <C1>6.710000006567871</C1>
                  <C2>47.0600000091688</C2>
                </COORD>
                <COORD>
                  <C1>6.709000006566768</C1>
                  <C2>47.060000009169016</C2>
                </COORD>
                <COORD>
                  <C1>6.70800000656566</C1>
                  <C2>47.06000000916919</C2>
                </COORD>
                <COORD>
                  <C1>6.707000006564554</C1>
                  <C2>47.06000000916941</C2>
                </COORD>
                <COORD>
                  <C1>6.706000006563449</C1>
                  <C2>47.060000009169656</C2>
                </COORD>
                <COORD>
                  <C1>6.706000006563228</C1>
                  <C2>47.06100000917012</C2>
                </COORD>
                <COORD>
                  <C1>6.7050000065621225</C1>
                  <C2>47.06100000917035</C2>
                </COORD>
                <COORD>
                  <C1>6.704000006561017</C1>
                  <C2>47.06100000917054</C2>
                </COORD>
                <COORD>
                  <C1>6.703000006559909</C1>
                  <C2>47.06100000917079</C2>
                </COORD>
                <COORD>
                  <C1>6.702000006558806</C1>
                  <C2>47.061000009170996</C2>
                </COORD>
                <COORD>
                  <C1>6.701000006557698</C1>
                  <C2>47.06100000917123</C2>
                </COORD>
                <COORD>
                  <C1>6.7000000065563725</C1>
                  <C2>47.06200000917193</C2>
                </COORD>
                <COORD>
                  <C1>6.7000000065561505</C1>
                  <C2>47.06300000917241</C2>
                </COORD>
                <COORD>
                  <C1>6.699000006554827</C1>
                  <C2>47.06400000917312</C2>
                </COORD>
                <COORD>
                  <C1>6.698000006553502</C1>
                  <C2>47.06500000917383</C2>
                </COORD>
                <COORD>
                  <C1>6.697000006552173</C1>
                  <C2>47.06600000917454</C2>
                </COORD>
                <COORD>
                  <C1>6.696000006551288</C1>
                  <C2>47.0650000091743</C2>
                </COORD>
                <COORD>
                  <C1>6.695000006550181</C1>
                  <C2>47.065000009174504</C2>
                </COORD>
                <COORD>
                  <C1>6.695000006549962</C1>
                  <C2>47.066000009174985</C2>
                </COORD>
                <COORD>
                  <C1>6.695000006549741</C1>
                  <C2>47.06700000917547</C2>
                </COORD>
                <COORD>
                  <C1>6.694000006548634</C1>
                  <C2>47.06700000917567</C2>
                </COORD>
                <COORD>
                  <C1>6.693000006547307</C1>
                  <C2>47.06800000917639</C2>
                </COORD>
                <COORD>
                  <C1>6.692000006545984</C1>
                  <C2>47.06900000917711</C2>
                </COORD>
                <COORD>
                  <C1>6.693000006547089</C1>
                  <C2>47.0690000091769</C2>
                </COORD>
                <COORD>
                  <C1>6.693000006546871</C1>
                  <C2>47.07000000917742</C2>
                </COORD>
                <COORD>
                  <C1>6.694000006547976</C1>
                  <C2>47.07000000917717</C2>
                </COORD>
                <COORD>
                  <C1>6.694000006547757</C1>
                  <C2>47.07100000917766</C2>
                </COORD>
                <COORD>
                  <C1>6.695000006548863</C1>
                  <C2>47.07100000917743</C2>
                </COORD>
                <COORD>
                  <C1>6.696000006549969</C1>
                  <C2>47.07100000917722</C2>
                </COORD>
                <COORD>
                  <C1>6.6970000065510735</C1>
                  <C2>47.07100000917697</C2>
                </COORD>
                <COORD>
                  <C1>6.698000006552181</C1>
                  <C2>47.07100000917678</C2>
                </COORD>
                <COORD>
                  <C1>6.699000006553289</C1>
                  <C2>47.07100000917659</C2>
                </COORD>
                <COORD>
                  <C1>6.700000006554393</C1>
                  <C2>47.07100000917634</C2>
                </COORD>
                <COORD>
                  <C1>6.70100000655528</C1>
                  <C2>47.07200000917661</C2>
                </COORD>
                <COORD>
                  <C1>6.7020000065563865</C1>
                  <C2>47.072000009176435</C2>
                </COORD>
                <COORD>
                  <C1>6.70300000655727</C1>
                  <C2>47.073000009176695</C2>
                </COORD>
                <COORD>
                  <C1>6.70300000655705</C1>
                  <C2>47.074000009177155</C2>
                </COORD>
                <COORD>
                  <C1>6.704000006557937</C1>
                  <C2>47.07500000917745</C2>
                </COORD>
                <COORD>
                  <C1>6.705000006558824</C1>
                  <C2>47.07600000917771</C2>
                </COORD>
                <COORD>
                  <C1>6.7060000065599255</C1>
                  <C2>47.07600000917751</C2>
                </COORD>
                <COORD>
                  <C1>6.707000006561035</C1>
                  <C2>47.076000009177285</C2>
                </COORD>
                <COORD>
                  <C1>6.707000006560814</C1>
                  <C2>47.077000009177766</C2>
                </COORD>
                <COORD>
                  <C1>6.706000006559487</C1>
                  <C2>47.07800000917851</C2>
                </COORD>
                <COORD>
                  <C1>6.706000006559263</C1>
                  <C2>47.07900000917895</C2>
                </COORD>
                <COORD>
                  <C1>6.707000006560371</C1>
                  <C2>47.07900000917877</C2>
                </COORD>
                <COORD>
                  <C1>6.707000006560148</C1>
                  <C2>47.080000009179216</C2>
                </COORD>
                <COORD>
                  <C1>6.708000006561255</C1>
                  <C2>47.08000000917903</C2>
                </COORD>
                <COORD>
                  <C1>6.7080000065610355</C1>
                  <C2>47.08100000917948</C2>
                </COORD>
                <COORD>
                  <C1>6.7080000065608125</C1>
                  <C2>47.08200000918001</C2>
                </COORD>
                <COORD>
                  <C1>6.707000006559709</C1>
                  <C2>47.08200000918022</C2>
                </COORD>
                <COORD>
                  <C1>6.706000006558604</C1>
                  <C2>47.082000009180454</C2>
                </COORD>
                <COORD>
                  <C1>6.705000006557499</C1>
                  <C2>47.08200000918065</C2>
                </COORD>
                <COORD>
                  <C1>6.7040000065563925</C1>
                  <C2>47.08200000918089</C2>
                </COORD>
                <COORD>
                  <C1>6.704000006556172</C1>
                  <C2>47.08300000918134</C2>
                </COORD>
                <COORD>
                  <C1>6.703000006554846</C1>
                  <C2>47.084000009182084</C2>
                </COORD>
                <COORD>
                  <C1>6.704000006555952</C1>
                  <C2>47.08400000918186</C2>
                </COORD>
                <COORD>
                  <C1>6.705000006557059</C1>
                  <C2>47.08400000918166</C2>
                </COORD>
                <COORD>
                  <C1>6.706000006557941</C1>
                  <C2>47.08500000918189</C2>
                </COORD>
                <COORD>
                  <C1>6.7070000065590465</C1>
                  <C2>47.08500000918166</C2>
                </COORD>
                <COORD>
                  <C1>6.708000006560152</C1>
                  <C2>47.085000009181485</C2>
                </COORD>
                <COORD>
                  <C1>6.709000006561255</C1>
                  <C2>47.08500000918125</C2>
                </COORD>
                <COORD>
                  <C1>6.709000006561034</C1>
                  <C2>47.08600000918173</C2>
                </COORD>
                <COORD>
                  <C1>6.710000006562142</C1>
                  <C2>47.08600000918153</C2>
                </COORD>
                <COORD>
                  <C1>6.711000006563247</C1>
                  <C2>47.086000009181305</C2>
                </COORD>
                <COORD>
                  <C1>6.711000006563025</C1>
                  <C2>47.08700000918181</C2>
                </COORD>
                <COORD>
                  <C1>6.7120000065641285</C1>
                  <C2>47.087000009181565</C2>
                </COORD>
                <COORD>
                  <C1>6.713000006565013</C1>
                  <C2>47.08800000918186</C2>
                </COORD>
                <COORD>
                  <C1>6.714000006566117</C1>
                  <C2>47.088000009181656</C2>
                </COORD>
                <COORD>
                  <C1>6.715000006567219</C1>
                  <C2>47.088000009181414</C2>
                </COORD>
                <COORD>
                  <C1>6.715000006566999</C1>
                  <C2>47.0890000091819</C2>
                </COORD>
                <COORD>
                  <C1>6.715000006566776</C1>
                  <C2>47.09000000918242</C2>
                </COORD>
                <COORD>
                  <C1>6.7160000065678815</C1>
                  <C2>47.09000000918221</C2>
                </COORD>
                <COORD>
                  <C1>6.717000006568765</C1>
                  <C2>47.091000009182444</C2>
                </COORD>
                <COORD>
                  <C1>6.718000006569868</C1>
                  <C2>47.091000009182224</C2>
                </COORD>
                <COORD>
                  <C1>6.719000006570977</C1>
                  <C2>47.091000009182004</C2>
                </COORD>
                <COORD>
                  <C1>6.720000006572079</C1>
                  <C2>47.09100000918175</C2>
                </COORD>
                <COORD>
                  <C1>6.721000006573182</C1>
                  <C2>47.09100000918156</C2>
                </COORD>
                <COORD>
                  <C1>6.722000006574286</C1>
                  <C2>47.09100000918136</C2>
                </COORD>
                <COORD>
                  <C1>6.723000006575388</C1>
                  <C2>47.09100000918113</C2>
                </COORD>
                <COORD>
                  <C1>6.724000006576273</C1>
                  <C2>47.09200000918142</C2>
                </COORD>
                <COORD>
                  <C1>6.725000006577375</C1>
                  <C2>47.092000009181184</C2>
                </COORD>
                <COORD>
                  <C1>6.725000006577152</C1>
                  <C2>47.093000009181665</C2>
                </COORD>
                <COORD>
                  <C1>6.726000006578257</C1>
                  <C2>47.093000009181495</C2>
                </COORD>
                <COORD>
                  <C1>6.726000006578037</C1>
                  <C2>47.094000009181926</C2>
                </COORD>
                <COORD>
                  <C1>6.727000006579138</C1>
                  <C2>47.094000009181734</C2>
                </COORD>
                <COORD>
                  <C1>6.728000006580244</C1>
                  <C2>47.094000009181464</C2>
                </COORD>
                <COORD>
                  <C1>6.728000006580464</C1>
                  <C2>47.09300000918107</C2>
                </COORD>
                <COORD>
                  <C1>6.729000006581568</C1>
                  <C2>47.09300000918082</C2>
                </COORD>
                <COORD>
                  <C1>6.730000006582894</C1>
                  <C2>47.09200000918008</C2>
                </COORD>
                <COORD>
                  <C1>6.731000006583998</C1>
                  <C2>47.09200000917986</C2>
                </COORD>
                <COORD>
                  <C1>6.732000006585101</C1>
                  <C2>47.09200000917963</C2>
                </COORD>
                <COORD>
                  <C1>6.732000006585321</C1>
                  <C2>47.09100000917917</C2>
                </COORD>
                <COORD>
                  <C1>6.733000006586425</C1>
                  <C2>47.09100000917897</C2>
                </COORD>
                <COORD>
                  <C1>6.7340000065873085</C1>
                  <C2>47.09200000917923</C2>
                </COORD>
                <COORD>
                  <C1>6.73500000658841</C1>
                  <C2>47.09200000917898</C2>
                </COORD>
                <COORD>
                  <C1>6.7360000065895145</C1>
                  <C2>47.092000009178776</C2>
                </COORD>
                <COORD>
                  <C1>6.737000006590618</C1>
                  <C2>47.092000009178584</C2>
                </COORD>
                <COORD>
                  <C1>6.73800000659172</C1>
                  <C2>47.09200000917836</C2>
                </COORD>
                <COORD>
                  <C1>6.739000006592822</C1>
                  <C2>47.09200000917816</C2>
                </COORD>
                <COORD>
                  <C1>6.740000006593924</C1>
                  <C2>47.092000009177916</C2>
                </COORD>
                <COORD>
                  <C1>6.741000006595027</C1>
                  <C2>47.092000009177724</C2>
                </COORD>
                <COORD>
                  <C1>6.741000006594805</C1>
                  <C2>47.093000009178155</C2>
                </COORD>
                <COORD>
                  <C1>6.742000006595909</C1>
                  <C2>47.09300000917801</C2>
                </COORD>
                <COORD>
                  <C1>6.743000006597011</C1>
                  <C2>47.09300000917775</C2>
                </COORD>
                <COORD>
                  <C1>6.74300000659679</C1>
                  <C2>47.09400000917822</C2>
                </COORD>
                <COORD>
                  <C1>6.744000006597889</C1>
                  <C2>47.09400000917802</C2>
                </COORD>
                <COORD>
                  <C1>6.745000006598995</C1>
                  <C2>47.0940000091778</C2>
                </COORD>
                <COORD>
                  <C1>6.7450000065987705</C1>
                  <C2>47.09500000917826</C2>
                </COORD>
                <COORD>
                  <C1>6.746000006599873</C1>
                  <C2>47.09500000917804</C2>
                </COORD>
                <COORD>
                  <C1>6.746000006599653</C1>
                  <C2>47.09600000917854</C2>
                </COORD>
                <COORD>
                  <C1>6.746000006599427</C1>
                  <C2>47.09700000917904</C2>
                </COORD>
                <COORD>
                  <C1>6.746000006599206</C1>
                  <C2>47.09800000917948</C2>
                </COORD>
                <COORD>
                  <C1>6.747000006600306</C1>
                  <C2>47.09800000917932</C2>
                </COORD>
                <COORD>
                  <C1>6.747000006600085</C1>
                  <C2>47.09900000917979</C2>
                </COORD>
                <COORD>
                  <C1>6.748000006601185</C1>
                  <C2>47.099000009179576</C2>
                </COORD>
                <COORD>
                  <C1>6.748000006600964</C1>
                  <C2>47.10000000918008</C2>
                </COORD>
                <COORD>
                  <C1>6.747000006599638</C1>
                  <C2>47.101000009180744</C2>
                </COORD>
                <COORD>
                  <C1>6.747000006599416</C1>
                  <C2>47.102000009181204</C2>
                </COORD>
                <COORD>
                  <C1>6.746000006598313</C1>
                  <C2>47.102000009181474</C2>
                </COORD>
                <COORD>
                  <C1>6.746000006598091</C1>
                  <C2>47.10300000918195</C2>
                </COORD>
                <COORD>
                  <C1>6.745000006596989</C1>
                  <C2>47.10300000918215</C2>
                </COORD>
                <COORD>
                  <C1>6.745000006596764</C1>
                  <C2>47.10400000918264</C2>
                </COORD>
                <COORD>
                  <C1>6.744000006595441</C1>
                  <C2>47.10500000918334</C2>
                </COORD>
                <COORD>
                  <C1>6.74300000659434</C1>
                  <C2>47.10500000918355</C2>
                </COORD>
                <COORD>
                  <C1>6.743000006594118</C1>
                  <C2>47.10600000918408</C2>
                </COORD>
                <COORD>
                  <C1>6.7420000065930115</C1>
                  <C2>47.10600000918427</C2>
                </COORD>
                <COORD>
                  <C1>6.7420000065927885</C1>
                  <C2>47.10700000918473</C2>
                </COORD>
                <COORD>
                  <C1>6.742000006592566</C1>
                  <C2>47.108000009185226</C2>
                </COORD>
                <COORD>
                  <C1>6.741000006591465</C1>
                  <C2>47.10800000918547</C2>
                </COORD>
                <COORD>
                  <C1>6.741000006591019</C1>
                  <C2>47.11000000918644</C2>
                </COORD>
                <COORD>
                  <C1>6.741000006590796</C1>
                  <C2>47.11100000918691</C2>
                </COORD>
                <COORD>
                  <C1>6.741000006590572</C1>
                  <C2>47.11200000918742</C2>
                </COORD>
                <COORD>
                  <C1>6.742000006591675</C1>
                  <C2>47.112000009187234</C2>
                </COORD>
                <COORD>
                  <C1>6.743000006592778</C1>
                  <C2>47.112000009187</C2>
                </COORD>
                <COORD>
                  <C1>6.744000006593879</C1>
                  <C2>47.11200000918675</C2>
                </COORD>
                <COORD>
                  <C1>6.745000006594981</C1>
                  <C2>47.11200000918654</C2>
                </COORD>
                <COORD>
                  <C1>6.7460000065963035</C1>
                  <C2>47.1110000091858</C2>
                </COORD>
                <COORD>
                  <C1>6.7460000065960815</C1>
                  <C2>47.11200000918628</C2>
                </COORD>
                <COORD>
                  <C1>6.747000006597183</C1>
                  <C2>47.1120000091861</C2>
                </COORD>
                <COORD>
                  <C1>6.748000006598283</C1>
                  <C2>47.11200000918588</C2>
                </COORD>
                <COORD>
                  <C1>6.749000006599162</C1>
                  <C2>47.11300000918618</C2>
                </COORD>
                <COORD>
                  <C1>6.7500000066002634</C1>
                  <C2>47.113000009185946</C2>
                </COORD>
                <COORD>
                  <C1>6.750000006600042</C1>
                  <C2>47.11400000918645</C2>
                </COORD>
                <COORD>
                  <C1>6.751000006601142</C1>
                  <C2>47.114000009186206</C2>
                </COORD>
                <COORD>
                  <C1>6.752000006602021</C1>
                  <C2>47.11500000918646</C2>
                </COORD>
                <COORD>
                  <C1>6.752000006601794</C1>
                  <C2>47.116000009186926</C2>
                </COORD>
                <COORD>
                  <C1>6.753000006602897</C1>
                  <C2>47.116000009186735</C2>
                </COORD>
                <COORD>
                  <C1>6.753000006602672</C1>
                  <C2>47.11700000918722</C2>
                </COORD>
                <COORD>
                  <C1>6.754000006603773</C1>
                  <C2>47.11700000918697</C2>
                </COORD>
                <COORD>
                  <C1>6.755000006604872</C1>
                  <C2>47.11700000918676</C2>
                </COORD>
                <COORD>
                  <C1>6.7560000066057535</C1>
                  <C2>47.11800000918703</C2>
                </COORD>
                <COORD>
                  <C1>6.757000006606851</C1>
                  <C2>47.11800000918679</C2>
                </COORD>
                <COORD>
                  <C1>6.757000006606629</C1>
                  <C2>47.11900000918728</C2>
                </COORD>
                <COORD>
                  <C1>6.75800000660773</C1>
                  <C2>47.11900000918709</C2>
                </COORD>
                <COORD>
                  <C1>6.759000006608829</C1>
                  <C2>47.119000009186834</C2>
                </COORD>
                <COORD>
                  <C1>6.7590000066086064</C1>
                  <C2>47.12000000918733</C2>
                </COORD>
                <COORD>
                  <C1>6.760000006609706</C1>
                  <C2>47.120000009187116</C2>
                </COORD>
                <COORD>
                  <C1>6.761000006610807</C1>
                  <C2>47.12000000918692</C2>
                </COORD>
                <COORD>
                  <C1>6.761000006610583</C1>
                  <C2>47.12100000918737</C2>
                </COORD>
                <COORD>
                  <C1>6.762000006611682</C1>
                  <C2>47.12100000918715</C2>
                </COORD>
                <COORD>
                  <C1>6.763000006612783</C1>
                  <C2>47.12100000918692</C2>
                </COORD>
                <COORD>
                  <C1>6.764000006613883</C1>
                  <C2>47.12100000918672</C2>
                </COORD>
                <COORD>
                  <C1>6.765000006614759</C1>
                  <C2>47.12200000918702</C2>
                </COORD>
                <COORD>
                  <C1>6.76600000661586</C1>
                  <C2>47.122000009186756</C2>
                </COORD>
                <COORD>
                  <C1>6.767000006616735</C1>
                  <C2>47.12300000918702</C2>
                </COORD>
                <COORD>
                  <C1>6.768000006617835</C1>
                  <C2>47.12300000918681</C2>
                </COORD>
                <COORD>
                  <C1>6.769000006618937</C1>
                  <C2>47.12300000918661</C2>
                </COORD>
                <COORD>
                  <C1>6.770000006620034</C1>
                  <C2>47.12300000918637</C2>
                </COORD>
                <COORD>
                  <C1>6.771000006621136</C1>
                  <C2>47.123000009186164</C2>
                </COORD>
                <COORD>
                  <C1>6.773000006623335</C1>
                  <C2>47.12300000918569</C2>
                </COORD>
                <COORD>
                  <C1>6.774000006624434</C1>
                  <C2>47.123000009185496</C2>
                </COORD>
                <COORD>
                  <C1>6.775000006625533</C1>
                  <C2>47.12300000918526</C2>
                </COORD>
                <COORD>
                  <C1>6.776000006626631</C1>
                  <C2>47.12300000918505</C2>
                </COORD>
                <COORD>
                  <C1>6.777000006627735</C1>
                  <C2>47.12300000918482</C2>
                </COORD>
                <COORD>
                  <C1>6.778000006628606</C1>
                  <C2>47.124000009185075</C2>
                </COORD>
                <COORD>
                  <C1>6.779000006629706</C1>
                  <C2>47.12400000918487</C2>
                </COORD>
                <COORD>
                  <C1>6.77900000662948</C1>
                  <C2>47.125000009185364</C2>
                </COORD>
                <COORD>
                  <C1>6.780000006630582</C1>
                  <C2>47.125000009185136</C2>
                </COORD>
                <COORD>
                  <C1>6.780000006630356</C1>
                  <C2>47.126000009185596</C2>
                </COORD>
                <COORD>
                  <C1>6.781000006631452</C1>
                  <C2>47.12600000918541</C2>
                </COORD>
                <COORD>
                  <C1>6.782000006632555</C1>
                  <C2>47.12600000918518</C2>
                </COORD>
                <COORD>
                  <C1>6.783000006633656</C1>
                  <C2>47.12600000918493</C2>
                </COORD>
                <COORD>
                  <C1>6.78400000663475</C1>
                  <C2>47.1260000091847</C2>
                </COORD>
                <COORD>
                  <C1>6.785000006635625</C1>
                  <C2>47.12700000918499</C2>
                </COORD>
                <COORD>
                  <C1>6.786000006636722</C1>
                  <C2>47.12700000918474</C2>
                </COORD>
                <COORD>
                  <C1>6.787000006637822</C1>
                  <C2>47.12700000918453</C2>
                </COORD>
                <COORD>
                  <C1>6.78800000663892</C1>
                  <C2>47.12700000918432</C2>
                </COORD>
                <COORD>
                  <C1>6.788000006638695</C1>
                  <C2>47.12800000918479</C2>
                </COORD>
                <COORD>
                  <C1>6.789000006639794</C1>
                  <C2>47.12800000918459</C2>
                </COORD>
                <COORD>
                  <C1>6.7900000066408905</C1>
                  <C2>47.12800000918437</C2>
                </COORD>
                <COORD>
                  <C1>6.792000006642864</C1>
                  <C2>47.12900000918441</C2>
                </COORD>
                <COORD>
                  <C1>6.793000006643963</C1>
                  <C2>47.12900000918416</C2>
                </COORD>
                <COORD>
                  <C1>6.794000006645058</C1>
                  <C2>47.129000009184004</C2>
                </COORD>
                <COORD>
                  <C1>6.79500000664593</C1>
                  <C2>47.13000000918424</C2>
                </COORD>
                <COORD>
                  <C1>6.79600000664703</C1>
                  <C2>47.13000000918401</C2>
                </COORD>
                <COORD>
                  <C1>6.796000006646802</C1>
                  <C2>47.131000009184476</C2>
                </COORD>
                <COORD>
                  <C1>6.797000006647901</C1>
                  <C2>47.13100000918426</C2>
                </COORD>
                <COORD>
                  <C1>6.7980000066490005</C1>
                  <C2>47.131000009184</C2>
                </COORD>
                <COORD>
                  <C1>6.799000006650096</C1>
                  <C2>47.13100000918379</C2>
                </COORD>
                <COORD>
                  <C1>6.800000006651198</C1>
                  <C2>47.13100000918357</C2>
                </COORD>
                <COORD>
                  <C1>6.801000006652291</C1>
                  <C2>47.13100000918337</C2>
                </COORD>
                <COORD>
                  <C1>6.803000006654487</C1>
                  <C2>47.131000009182905</C2>
                </COORD>
                <COORD>
                  <C1>6.804000006655362</C1>
                  <C2>47.1320000091832</C2>
                </COORD>
                <COORD>
                  <C1>6.805000006656458</C1>
                  <C2>47.13200000918295</C2>
                </COORD>
                <COORD>
                  <C1>6.806000006657557</C1>
                  <C2>47.13200000918273</C2>
                </COORD>
                <COORD>
                  <C1>6.807000006658425</C1>
                  <C2>47.133000009183014</C2>
                </COORD>
                <COORD>
                  <C1>6.8080000066595225</C1>
                  <C2>47.13300000918279</C2>
                </COORD>
                <COORD>
                  <C1>6.808000006659295</C1>
                  <C2>47.13400000918326</C2>
                </COORD>
                <COORD>
                  <C1>6.808000006659069</C1>
                  <C2>47.13500000918374</C2>
                </COORD>
                <COORD>
                  <C1>6.808000006658841</C1>
                  <C2>47.136000009184215</C2>
                </COORD>
                <COORD>
                  <C1>6.808000006658615</C1>
                  <C2>47.137000009184696</C2>
                </COORD>
                <COORD>
                  <C1>6.809000006659714</C1>
                  <C2>47.13700000918451</C2>
                </COORD>
                <COORD>
                  <C1>6.810000006660582</C1>
                  <C2>47.13800000918477</C2>
                </COORD>
                <COORD>
                  <C1>6.813000006664099</C1>
                  <C2>47.1370000091836</C2>
                </COORD>
                <COORD>
                  <C1>6.814000006665196</C1>
                  <C2>47.13700000918339</C2>
                </COORD>
                <COORD>
                  <C1>6.815000006666293</C1>
                  <C2>47.13700000918317</C2>
                </COORD>
                <COORD>
                  <C1>6.816000006667161</C1>
                  <C2>47.13800000918341</C2>
                </COORD>
                <COORD>
                  <C1>6.817000006668259</C1>
                  <C2>47.138000009183195</C2>
                </COORD>
                <COORD>
                  <C1>6.817000006668032</C1>
                  <C2>47.13900000918365</C2>
                </COORD>
                <COORD>
                  <C1>6.818000006669129</C1>
                  <C2>47.139000009183476</C2>
                </COORD>
                <COORD>
                  <C1>6.818000006668902</C1>
                  <C2>47.14000000918394</C2>
                </COORD>
                <COORD>
                  <C1>6.8190000066697705</C1>
                  <C2>47.14100000918416</C2>
                </COORD>
                <COORD>
                  <C1>6.820000006670639</C1>
                  <C2>47.142000009184436</C2>
                </COORD>
                <COORD>
                  <C1>6.821000006671735</C1>
                  <C2>47.142000009184216</C2>
                </COORD>
                <COORD>
                  <C1>6.821000006671507</C1>
                  <C2>47.143000009184696</C2>
                </COORD>
                <COORD>
                  <C1>6.822000006672603</C1>
                  <C2>47.14300000918445</C2>
                </COORD>
                <COORD>
                  <C1>6.8230000066737</C1>
                  <C2>47.14300000918423</C2>
                </COORD>
                <COORD>
                  <C1>6.8240000066747974</C1>
                  <C2>47.143000009184</C2>
                </COORD>
                <COORD>
                  <C1>6.825000006675662</C1>
                  <C2>47.14400000918426</C2>
                </COORD>
                <COORD>
                  <C1>6.82600000667676</C1>
                  <C2>47.14400000918407</C2>
                </COORD>
                <COORD>
                  <C1>6.826000006676531</C1>
                  <C2>47.145000009184606</C2>
                </COORD>
                <COORD>
                  <C1>6.827000006677399</C1>
                  <C2>47.14600000918481</C2>
                </COORD>
                <COORD>
                  <C1>6.828000006678268</C1>
                  <C2>47.14700000918504</C2>
                </COORD>
                <COORD>
                  <C1>6.828000006678039</C1>
                  <C2>47.14800000918553</C2>
                </COORD>
                <COORD>
                  <C1>6.829000006679134</C1>
                  <C2>47.1480000091853</C2>
                </COORD>
                <COORD>
                  <C1>6.830000006680002</C1>
                  <C2>47.149000009185535</C2>
                </COORD>
                <COORD>
                  <C1>6.83000000668023</C1>
                  <C2>47.1480000091851</C2>
                </COORD>
                <COORD>
                  <C1>6.831000006681325</C1>
                  <C2>47.14800000918486</C2>
                </COORD>
                <COORD>
                  <C1>6.832000006682421</C1>
                  <C2>47.14800000918466</C2>
                </COORD>
                <COORD>
                  <C1>6.83300000668329</C1>
                  <C2>47.14900000918492</C2>
                </COORD>
                <COORD>
                  <C1>6.8340000066843825</C1>
                  <C2>47.149000009184675</C2>
                </COORD>
                <COORD>
                  <C1>6.834000006684155</C1>
                  <C2>47.15000000918514</C2>
                </COORD>
                <COORD>
                  <C1>6.835000006685249</C1>
                  <C2>47.150000009184915</C2>
                </COORD>
                <COORD>
                  <C1>6.836000006686343</C1>
                  <C2>47.15000000918471</C2>
                </COORD>
                <COORD>
                  <C1>6.8370000066872105</C1>
                  <C2>47.15100000918497</C2>
                </COORD>
                <COORD>
                  <C1>6.838000006688304</C1>
                  <C2>47.151000009184735</C2>
                </COORD>
                <COORD>
                  <C1>6.838000006688077</C1>
                  <C2>47.152000009185244</C2>
                </COORD>
                <COORD>
                  <C1>6.839000006689171</C1>
                  <C2>47.15200000918497</C2>
                </COORD>
                <COORD>
                  <C1>6.840000006690265</C1>
                  <C2>47.152000009184746</C2>
                </COORD>
                <COORD>
                  <C1>6.8410000066913605</C1>
                  <C2>47.15200000918455</C2>
                </COORD>
                <COORD>
                  <C1>6.841000006691131</C1>
                  <C2>47.15300000918502</C2>
                </COORD>
                <COORD>
                  <C1>6.841000006690901</C1>
                  <C2>47.1540000091855</C2>
                </COORD>
                <COORD>
                  <C1>6.841000006690673</C1>
                  <C2>47.155000009186004</C2>
                </COORD>
                <COORD>
                  <C1>6.841000006690444</C1>
                  <C2>47.15600000918645</C2>
                </COORD>
                <COORD>
                  <C1>6.8420000066915385</C1>
                  <C2>47.15600000918624</C2>
                </COORD>
                <COORD>
                  <C1>6.843000006692632</C1>
                  <C2>47.15600000918601</C2>
                </COORD>
                <COORD>
                  <C1>6.844000006693729</C1>
                  <C2>47.156000009185796</C2>
                </COORD>
                <COORD>
                  <C1>6.845000006694593</C1>
                  <C2>47.15700000918604</C2>
                </COORD>
                <COORD>
                  <C1>6.846000006695688</C1>
                  <C2>47.157000009185815</C2>
                </COORD>
                <COORD>
                  <C1>6.847000006696555</C1>
                  <C2>47.15800000918605</C2>
                </COORD>
                <COORD>
                  <C1>6.848000006697646</C1>
                  <C2>47.158000009185876</C2>
                </COORD>
                <COORD>
                  <C1>6.849000006698739</C1>
                  <C2>47.158000009185656</C2>
                </COORD>
                <COORD>
                  <C1>6.850000006699833</C1>
                  <C2>47.15800000918539</C2>
                </COORD>
                <COORD>
                  <C1>6.851000006700925</C1>
                  <C2>47.158000009185194</C2>
                </COORD>
                <COORD>
                  <C1>6.8510000067006995</C1>
                  <C2>47.15900000918567</C2>
                </COORD>
                <COORD>
                  <C1>6.852000006701563</C1>
                  <C2>47.16000000918589</C2>
                </COORD>
                <COORD>
                  <C1>6.852000006701332</C1>
                  <C2>47.1610000091864</C2>
                </COORD>
                <COORD>
                  <C1>6.853000006702197</C1>
                  <C2>47.16200000918662</C2>
                </COORD>
                <COORD>
                  <C1>6.85400000670329</C1>
                  <C2>47.16200000918642</C2>
                </COORD>
                <COORD>
                  <C1>6.855000006704156</C1>
                  <C2>47.16300000918666</C2>
                </COORD>
                <COORD>
                  <C1>6.856000006705019</C1>
                  <C2>47.16400000918689</C2>
                </COORD>
                <COORD>
                  <C1>6.8570000067058805</C1>
                  <C2>47.16500000918714</C2>
                </COORD>
                <COORD>
                  <C1>6.858000006706973</C1>
                  <C2>47.165000009186976</C2>
                </COORD>
                <COORD>
                  <C1>6.859000006707836</C1>
                  <C2>47.16600000918721</C2>
                </COORD>
                <COORD>
                  <C1>6.859000006707607</C1>
                  <C2>47.16700000918768</C2>
                </COORD>
                <COORD>
                  <C1>6.859000006707376</C1>
                  <C2>47.16800000918814</C2>
                </COORD>
                <COORD>
                  <C1>6.858000006706283</C1>
                  <C2>47.16800000918833</C2>
                </COORD>
                <COORD>
                  <C1>6.857000006705191</C1>
                  <C2>47.16800000918858</C2>
                </COORD>
                <COORD>
                  <C1>6.856000006704098</C1>
                  <C2>47.168000009188795</C2>
                </COORD>
                <COORD>
                  <C1>6.8550000067027765</C1>
                  <C2>47.16900000918954</C2>
                </COORD>
                <COORD>
                  <C1>6.854000006701679</C1>
                  <C2>47.16900000918971</C2>
                </COORD>
                <COORD>
                  <C1>6.85300000670059</C1>
                  <C2>47.169000009189965</C2>
                </COORD>
                <COORD>
                  <C1>6.853000006700819</C1>
                  <C2>47.16800000918947</C2>
                </COORD>
                <COORD>
                  <C1>6.852000006699726</C1>
                  <C2>47.168000009189704</C2>
                </COORD>
                <COORD>
                  <C1>6.85100000669863</C1>
                  <C2>47.16800000918992</C2>
                </COORD>
                <COORD>
                  <C1>6.850000006697537</C1>
                  <C2>47.16800000919016</C2>
                </COORD>
                <COORD>
                  <C1>6.849000006696446</C1>
                  <C2>47.168000009190365</C2>
                </COORD>
                <COORD>
                  <C1>6.848000006695351</C1>
                  <C2>47.1680000091906</C2>
                </COORD>
                <COORD>
                  <C1>6.847000006694259</C1>
                  <C2>47.16800000919082</C2>
                </COORD>
                <COORD>
                  <C1>6.846000006692936</C1>
                  <C2>47.16900000919149</C2>
                </COORD>
                <COORD>
                  <C1>6.845000006691842</C1>
                  <C2>47.16900000919176</C2>
                </COORD>
                <COORD>
                  <C1>6.844000006690748</C1>
                  <C2>47.16900000919193</C2>
                </COORD>
                <COORD>
                  <C1>6.844000006690519</C1>
                  <C2>47.17000000919245</C2>
                </COORD>
                <COORD>
                  <C1>6.843000006689425</C1>
                  <C2>47.17000000919268</C2>
                </COORD>
                <COORD>
                  <C1>6.843000006689194</C1>
                  <C2>47.17100000919315</C2>
                </COORD>
                <COORD>
                  <C1>6.843000006688964</C1>
                  <C2>47.17200000919363</C2>
                </COORD>
                <COORD>
                  <C1>6.842000006687871</C1>
                  <C2>47.172000009193816</C2>
                </COORD>
                <COORD>
                  <C1>6.8420000066876385</C1>
                  <C2>47.173000009194354</C2>
                </COORD>
                <COORD>
                  <C1>6.842000006687412</C1>
                  <C2>47.17400000919479</C2>
                </COORD>
                <COORD>
                  <C1>6.843000006688506</C1>
                  <C2>47.17400000919459</C2>
                </COORD>
                <COORD>
                  <C1>6.844000006689599</C1>
                  <C2>47.17400000919435</C2>
                </COORD>
                <COORD>
                  <C1>6.844000006689372</C1>
                  <C2>47.17500000919483</C2>
                </COORD>
                <COORD>
                  <C1>6.845000006690462</C1>
                  <C2>47.175000009194626</C2>
                </COORD>
                <COORD>
                  <C1>6.846000006691558</C1>
                  <C2>47.175000009194356</C2>
                </COORD>
                <COORD>
                  <C1>6.847000006692653</C1>
                  <C2>47.175000009194164</C2>
                </COORD>
                <COORD>
                  <C1>6.8470000066924195</C1>
                  <C2>47.17600000919464</C2>
                </COORD>
                <COORD>
                  <C1>6.848000006693514</C1>
                  <C2>47.17600000919445</C2>
                </COORD>
                <COORD>
                  <C1>6.849000006694608</C1>
                  <C2>47.176000009194205</C2>
                </COORD>
                <COORD>
                  <C1>6.849000006694375</C1>
                  <C2>47.177000009194686</C2>
                </COORD>
                <COORD>
                  <C1>6.850000006695468</C1>
                  <C2>47.17700000919443</C2>
                </COORD>
                <COORD>
                  <C1>6.851000006696561</C1>
                  <C2>47.17700000919423</C2>
                </COORD>
                <COORD>
                  <C1>6.852000006697656</C1>
                  <C2>47.177000009193996</C2>
                </COORD>
                <COORD>
                  <C1>6.853000006698518</C1>
                  <C2>47.17800000919423</C2>
                </COORD>
                <COORD>
                  <C1>6.854000006699378</C1>
                  <C2>47.179000009194496</C2>
                </COORD>
                <COORD>
                  <C1>6.855000006700474</C1>
                  <C2>47.17900000919424</C2>
                </COORD>
                <COORD>
                  <C1>6.856000006701565</C1>
                  <C2>47.17900000919405</C2>
                </COORD>
                <COORD>
                  <C1>6.857000006702658</C1>
                  <C2>47.17900000919383</C2>
                </COORD>
                <COORD>
                  <C1>6.858000006703521</C1>
                  <C2>47.18000000919407</C2>
                </COORD>
                <COORD>
                  <C1>6.859000006704611</C1>
                  <C2>47.180000009193854</C2>
                </COORD>
                <COORD>
                  <C1>6.860000006705706</C1>
                  <C2>47.18000000919363</C2>
                </COORD>
                <COORD>
                  <C1>6.860000006705476</C1>
                  <C2>47.18100000919407</C2>
                </COORD>
                <COORD>
                  <C1>6.861000006706566</C1>
                  <C2>47.18100000919386</C2>
                </COORD>
                <COORD>
                  <C1>6.862000006707659</C1>
                  <C2>47.18100000919366</C2>
                </COORD>
                <COORD>
                  <C1>6.862000006707428</C1>
                  <C2>47.18200000919411</C2>
                </COORD>
                <COORD>
                  <C1>6.86300000670852</C1>
                  <C2>47.18200000919389</C2>
                </COORD>
                <COORD>
                  <C1>6.864000006709612</C1>
                  <C2>47.18200000919367</C2>
                </COORD>
                <COORD>
                  <C1>6.865000006710704</C1>
                  <C2>47.182000009193466</C2>
                </COORD>
                <COORD>
                  <C1>6.8650000067104715</C1>
                  <C2>47.18300000919391</C2>
                </COORD>
                <COORD>
                  <C1>6.866000006711564</C1>
                  <C2>47.18300000919368</C2>
                </COORD>
                <COORD>
                  <C1>6.866000006711333</C1>
                  <C2>47.18400000919415</C2>
                </COORD>
                <COORD>
                  <C1>6.866000006711102</C1>
                  <C2>47.18500000919464</C2>
                </COORD>
                <COORD>
                  <C1>6.867000006712195</C1>
                  <C2>47.185000009194425</C2>
                </COORD>
                <COORD>
                  <C1>6.867000006711963</C1>
                  <C2>47.186000009194885</C2>
                </COORD>
                <COORD>
                  <C1>6.8680000067128235</C1>
                  <C2>47.18700000919515</C2>
                </COORD>
                <COORD>
                  <C1>6.869000006713915</C1>
                  <C2>47.187000009194904</C2>
                </COORD>
                <COORD>
                  <C1>6.870000006715006</C1>
                  <C2>47.1870000091947</C2>
                </COORD>
                <COORD>
                  <C1>6.8710000067161</C1>
                  <C2>47.18700000919448</C2>
                </COORD>
                <COORD>
                  <C1>6.8720000067171885</C1>
                  <C2>47.18700000919423</C2>
                </COORD>
                <COORD>
                  <C1>6.873000006718282</C1>
                  <C2>47.18700000919398</C2>
                </COORD>
                <COORD>
                  <C1>6.874000006719371</C1>
                  <C2>47.18700000919376</C2>
                </COORD>
                <COORD>
                  <C1>6.875000006720463</C1>
                  <C2>47.18700000919353</C2>
                </COORD>
                <COORD>
                  <C1>6.8750000067202315</C1>
                  <C2>47.18800000919403</C2>
                </COORD>
                <COORD>
                  <C1>6.875000006720001</C1>
                  <C2>47.189000009194466</C2>
                </COORD>
                <COORD>
                  <C1>6.87500000671977</C1>
                  <C2>47.190000009194954</C2>
                </COORD>
                <COORD>
                  <C1>6.874000006718678</C1>
                  <C2>47.19000000919518</C2>
                </COORD>
                <COORD>
                  <C1>6.874000006718444</C1>
                  <C2>47.191000009195676</C2>
                </COORD>
                <COORD>
                  <C1>6.875000006719539</C1>
                  <C2>47.191000009195434</C2>
                </COORD>
                <COORD>
                  <C1>6.875000006719305</C1>
                  <C2>47.19200000919596</C2>
                </COORD>
                <COORD>
                  <C1>6.875000006719073</C1>
                  <C2>47.193000009196396</C2>
                </COORD>
                <COORD>
                  <C1>6.8760000067199325</C1>
                  <C2>47.19400000919664</C2>
                </COORD>
                <COORD>
                  <C1>6.876000006719701</C1>
                  <C2>47.1950000091971</C2>
                </COORD>
                <COORD>
                  <C1>6.877000006720789</C1>
                  <C2>47.195000009196875</C2>
                </COORD>
                <COORD>
                  <C1>6.878000006721652</C1>
                  <C2>47.19600000919716</C2>
                </COORD>
                <COORD>
                  <C1>6.878000006721419</C1>
                  <C2>47.19700000919761</C2>
                </COORD>
                <COORD>
                  <C1>6.879000006722511</C1>
                  <C2>47.197000009197396</C2>
                </COORD>
                <COORD>
                  <C1>6.880000006723368</C1>
                  <C2>47.198000009197635</C2>
                </COORD>
                <COORD>
                  <C1>6.880000006723133</C1>
                  <C2>47.19900000919813</C2>
                </COORD>
                <COORD>
                  <C1>6.8800000067229</C1>
                  <C2>47.20000000919858</C2>
                </COORD>
                <COORD>
                  <C1>6.881000006723992</C1>
                  <C2>47.20000000919835</C2>
                </COORD>
                <COORD>
                  <C1>6.881000006723761</C1>
                  <C2>47.20100000919886</C2>
                </COORD>
                <COORD>
                  <C1>6.881000006723529</C1>
                  <C2>47.20200000919927</C2>
                </COORD>
                <COORD>
                  <C1>6.882000006724618</C1>
                  <C2>47.20200000919903</C2>
                </COORD>
                <COORD>
                  <C1>6.882000006724384</C1>
                  <C2>47.20300000919952</C2>
                </COORD>
                <COORD>
                  <C1>6.883000006725476</C1>
                  <C2>47.2030000091993</C2>
                </COORD>
                <COORD>
                  <C1>6.884000006726567</C1>
                  <C2>47.203000009199066</C2>
                </COORD>
                <COORD>
                  <C1>6.884000006726336</C1>
                  <C2>47.20400000919955</C2>
                </COORD>
                <COORD>
                  <C1>6.885000006727424</C1>
                  <C2>47.2040000091993</C2>
                </COORD>
                <COORD>
                  <C1>6.886000006728514</C1>
                  <C2>47.204000009199135</C2>
                </COORD>
                <COORD>
                  <C1>6.88600000672828</C1>
                  <C2>47.205000009199566</C2>
                </COORD>
                <COORD>
                  <C1>6.8870000067293695</C1>
                  <C2>47.20500000919931</C2>
                </COORD>
                <COORD>
                  <C1>6.8870000067291395</C1>
                  <C2>47.206000009199826</C2>
                </COORD>
                <COORD>
                  <C1>6.888000006730228</C1>
                  <C2>47.206000009199606</C2>
                </COORD>
                <COORD>
                  <C1>6.889000006731318</C1>
                  <C2>47.20600000919937</C2>
                </COORD>
                <COORD>
                  <C1>6.890000006732406</C1>
                  <C2>47.206000009199165</C2>
                </COORD>
                <COORD>
                  <C1>6.890000006732174</C1>
                  <C2>47.20700000919961</C2>
                </COORD>
                <COORD>
                  <C1>6.891000006733263</C1>
                  <C2>47.207000009199376</C2>
                </COORD>
                <COORD>
                  <C1>6.892000006734122</C1>
                  <C2>47.20800000919964</C2>
                </COORD>
                <COORD>
                  <C1>6.892000006733887</C1>
                  <C2>47.20900000920009</C2>
                </COORD>
                <COORD>
                  <C1>6.893000006734976</C1>
                  <C2>47.209000009199876</C2>
                </COORD>
                <COORD>
                  <C1>6.894000006736066</C1>
                  <C2>47.20900000919968</C2>
                </COORD>
                <COORD>
                  <C1>6.894000006735831</C1>
                  <C2>47.21000000920012</C2>
                </COORD>
                <COORD>
                  <C1>6.895000006736922</C1>
                  <C2>47.210000009199916</C2>
                </COORD>
                <COORD>
                  <C1>6.896000006738011</C1>
                  <C2>47.21000000919964</C2>
                </COORD>
                <COORD>
                  <C1>6.897000006738866</C1>
                  <C2>47.211000009199935</C2>
                </COORD>
                <COORD>
                  <C1>6.898000006739955</C1>
                  <C2>47.21100000919971</C2>
                </COORD>
                <COORD>
                  <C1>6.8990000067408115</C1>
                  <C2>47.21200000919991</C2>
                </COORD>
                <COORD>
                  <C1>6.900000006741899</C1>
                  <C2>47.212000009199706</C2>
                </COORD>
                <COORD>
                  <C1>6.900000006741664</C1>
                  <C2>47.213000009200165</C2>
                </COORD>
                <COORD>
                  <C1>6.901000006742754</C1>
                  <C2>47.21300000919997</C2>
                </COORD>
                <COORD>
                  <C1>6.9020000067436085</C1>
                  <C2>47.21400000920016</C2>
                </COORD>
                <COORD>
                  <C1>6.903000006744698</C1>
                  <C2>47.214000009199964</C2>
                </COORD>
                <COORD>
                  <C1>6.9030000067444615</C1>
                  <C2>47.2150000092004</C2>
                </COORD>
                <COORD>
                  <C1>6.904000006745549</C1>
                  <C2>47.215000009200175</C2>
                </COORD>
                <COORD>
                  <C1>6.905000006746638</C1>
                  <C2>47.21500000919997</C2>
                </COORD>
                <COORD>
                  <C1>6.906000006747494</C1>
                  <C2>47.21600000920023</C2>
                </COORD>
                <COORD>
                  <C1>6.907000006748581</C1>
                  <C2>47.21600000919997</C2>
                </COORD>
                <COORD>
                  <C1>6.908000006749439</C1>
                  <C2>47.21700000920022</C2>
                </COORD>
                <COORD>
                  <C1>6.909000006750291</C1>
                  <C2>47.21800000920047</C2>
                </COORD>
                <COORD>
                  <C1>6.910000006751145</C1>
                  <C2>47.219000009200734</C2>
                </COORD>
                <COORD>
                  <C1>6.911000006751998</C1>
                  <C2>47.22000000920096</C2>
                </COORD>
                <COORD>
                  <C1>6.912000006753085</C1>
                  <C2>47.22000000920073</C2>
                </COORD>
                <COORD>
                  <C1>6.9130000067539354</C1>
                  <C2>47.221000009200964</C2>
                </COORD>
                <COORD>
                  <C1>6.914000006755026</C1>
                  <C2>47.22100000920073</C2>
                </COORD>
                <COORD>
                  <C1>6.914000006755257</C1>
                  <C2>47.22000000920024</C2>
                </COORD>
                <COORD>
                  <C1>6.917000006758287</C1>
                  <C2>47.22100000920007</C2>
                </COORD>
                <COORD>
                  <C1>6.9190000067602275</C1>
                  <C2>47.22200000920012</C2>
                </COORD>
                <COORD>
                  <C1>6.920000006761314</C1>
                  <C2>47.222000009199824</C2>
                </COORD>
                <COORD>
                  <C1>6.921000006762401</C1>
                  <C2>47.22200000919963</C2>
                </COORD>
                <COORD>
                  <C1>6.922000006763253</C1>
                  <C2>47.22300000919987</C2>
                </COORD>
                <COORD>
                  <C1>6.92300000676434</C1>
                  <C2>47.223000009199616</C2>
                </COORD>
                <COORD>
                  <C1>6.924000006765427</C1>
                  <C2>47.2230000091994</C2>
                </COORD>
                <COORD>
                  <C1>6.924000006765194</C1>
                  <C2>47.22400000919987</C2>
                </COORD>
                <COORD>
                  <C1>6.92500000676628</C1>
                  <C2>47.224000009199635</C2>
                </COORD>
                <COORD>
                  <C1>6.9250000067660435</C1>
                  <C2>47.22500000920012</C2>
                </COORD>
                <COORD>
                  <C1>6.926000006767131</C1>
                  <C2>47.22500000919988</C2>
                </COORD>
                <COORD>
                  <C1>6.9260000067668965</C1>
                  <C2>47.22600000920034</C2>
                </COORD>
                <COORD>
                  <C1>6.92700000676798</C1>
                  <C2>47.22600000920012</C2>
                </COORD>
                <COORD>
                  <C1>6.927000006767746</C1>
                  <C2>47.227000009200594</C2>
                </COORD>
                <COORD>
                  <C1>6.928000006768832</C1>
                  <C2>47.227000009200346</C2>
                </COORD>
                <COORD>
                  <C1>6.928000006768598</C1>
                  <C2>47.22800000920085</C2>
                </COORD>
                <COORD>
                  <C1>6.928000006768363</C1>
                  <C2>47.22900000920131</C2>
                </COORD>
                <COORD>
                  <C1>6.928000006768127</C1>
                  <C2>47.23000000920178</C2>
                </COORD>
                <COORD>
                  <C1>6.929000006769213</C1>
                  <C2>47.23000000920154</C2>
                </COORD>
                <COORD>
                  <C1>6.929000006768979</C1>
                  <C2>47.231000009202</C2>
                </COORD>
                <COORD>
                  <C1>6.930000006770062</C1>
                  <C2>47.23100000920178</C2>
                </COORD>
                <COORD>
                  <C1>6.931000006770915</C1>
                  <C2>47.23200000920204</C2>
                </COORD>
                <COORD>
                  <C1>6.932000006772001</C1>
                  <C2>47.232000009201776</C2>
                </COORD>
                <COORD>
                  <C1>6.93300000677285</C1>
                  <C2>47.23300000920201</C2>
                </COORD>
                <COORD>
                  <C1>6.934000006773937</C1>
                  <C2>47.2330000092018</C2>
                </COORD>
                <COORD>
                  <C1>6.935000006775023</C1>
                  <C2>47.23300000920159</C2>
                </COORD>
                <COORD>
                  <C1>6.937000006777195</C1>
                  <C2>47.23300000920108</C2>
                </COORD>
                <COORD>
                  <C1>6.938000006778279</C1>
                  <C2>47.23300000920091</C2>
                </COORD>
                <COORD>
                  <C1>6.939000006779364</C1>
                  <C2>47.233000009200666</C2>
                </COORD>
                <COORD>
                  <C1>6.940000006780451</C1>
                  <C2>47.23300000920043</C2>
                </COORD>
                <COORD>
                  <C1>6.941000006781535</C1>
                  <C2>47.23300000920025</C2>
                </COORD>
                <COORD>
                  <C1>6.942000006782623</C1>
                  <C2>47.23300000919996</C2>
                </COORD>
                <COORD>
                  <C1>6.9420000067823855</C1>
                  <C2>47.23400000920043</C2>
                </COORD>
                <COORD>
                  <C1>6.943000006783232</C1>
                  <C2>47.23500000920069</C2>
                </COORD>
                <COORD>
                  <C1>6.94400000678408</C1>
                  <C2>47.23600000920089</C2>
                </COORD>
                <COORD>
                  <C1>6.944000006783844</C1>
                  <C2>47.237000009201395</C2>
                </COORD>
                <COORD>
                  <C1>6.944000006783608</C1>
                  <C2>47.23800000920187</C2>
                </COORD>
                <COORD>
                  <C1>6.944000006783372</C1>
                  <C2>47.239000009202286</C2>
                </COORD>
                <COORD>
                  <C1>6.944000006783138</C1>
                  <C2>47.24000000920277</C2>
                </COORD>
                <COORD>
                  <C1>6.945000006784222</C1>
                  <C2>47.240000009202554</C2>
                </COORD>
                <COORD>
                  <C1>6.947000006786157</C1>
                  <C2>47.24100000920258</C2>
                </COORD>
                <COORD>
                  <C1>6.948000006787237</C1>
                  <C2>47.24100000920232</C2>
                </COORD>
                <COORD>
                  <C1>6.949000006788322</C1>
                  <C2>47.2410000092021</C2>
                </COORD>
                <COORD>
                  <C1>6.950000006789171</C1>
                  <C2>47.24200000920231</C2>
                </COORD>
                <COORD>
                  <C1>6.951000006790256</C1>
                  <C2>47.24200000920208</C2>
                </COORD>
                <COORD>
                  <C1>6.951000006790018</C1>
                  <C2>47.24300000920256</C2>
                </COORD>
                <COORD>
                  <C1>6.952000006791104</C1>
                  <C2>47.24300000920234</C2>
                </COORD>
                <COORD>
                  <C1>6.953000006791952</C1>
                  <C2>47.24400000920255</C2>
                </COORD>
                <COORD>
                  <C1>6.954000006793036</C1>
                  <C2>47.24400000920233</C2>
                </COORD>
                <COORD>
                  <C1>6.95500000679412</C1>
                  <C2>47.24400000920214</C2>
                </COORD>
                <COORD>
                  <C1>6.956000006795202</C1>
                  <C2>47.24400000920188</C2>
                </COORD>
                <COORD>
                  <C1>6.956000006794967</C1>
                  <C2>47.24500000920237</C2>
                </COORD>
                <COORD>
                  <C1>6.957000006796052</C1>
                  <C2>47.24500000920212</C2>
                </COORD>
                <COORD>
                  <C1>6.957000006795815</C1>
                  <C2>47.24600000920257</C2>
                </COORD>
                <COORD>
                  <C1>6.95600000679473</C1>
                  <C2>47.24600000920284</C2>
                </COORD>
                <COORD>
                  <C1>6.955000006793409</C1>
                  <C2>47.24700000920348</C2>
                </COORD>
                <COORD>
                  <C1>6.9540000067920875</C1>
                  <C2>47.24800000920419</C2>
                </COORD>
                <COORD>
                  <C1>6.9530000067907665</C1>
                  <C2>47.24900000920486</C2>
                </COORD>
                <COORD>
                  <C1>6.952000006789445</C1>
                  <C2>47.25000000920557</C2>
                </COORD>
                <COORD>
                  <C1>6.9510000067883615</C1>
                  <C2>47.250000009205806</C2>
                </COORD>
                <COORD>
                  <C1>6.95000000678704</C1>
                  <C2>47.25100000920646</C2>
                </COORD>
                <COORD>
                  <C1>6.949000006785716</C1>
                  <C2>47.2520000092072</C2>
                </COORD>
                <COORD>
                  <C1>6.948000006784636</C1>
                  <C2>47.252000009207414</C2>
                </COORD>
                <COORD>
                  <C1>6.948000006784397</C1>
                  <C2>47.253000009207845</C2>
                </COORD>
                <COORD>
                  <C1>6.948000006784162</C1>
                  <C2>47.25400000920833</C2>
                </COORD>
                <COORD>
                  <C1>6.948000006783924</C1>
                  <C2>47.25500000920882</C2>
                </COORD>
                <COORD>
                  <C1>6.948000006783687</C1>
                  <C2>47.25600000920927</C2>
                </COORD>
                <COORD>
                  <C1>6.949000006784533</C1>
                  <C2>47.25700000920952</C2>
                </COORD>
                <COORD>
                  <C1>6.9490000067842965</C1>
                  <C2>47.25800000920997</C2>
                </COORD>
                <COORD>
                  <C1>6.950000006785379</C1>
                  <C2>47.25800000920973</C2>
                </COORD>
                <COORD>
                  <C1>6.95100000678599</C1>
                  <C2>47.26000000921043</C2>
                </COORD>
                <COORD>
                  <C1>6.951000006785752</C1>
                  <C2>47.261000009210875</C2>
                </COORD>
                <COORD>
                  <C1>6.952000006786835</C1>
                  <C2>47.2610000092107</C2>
                </COORD>
                <COORD>
                  <C1>6.952000006786599</C1>
                  <C2>47.262000009211114</C2>
                </COORD>
                <COORD>
                  <C1>6.952000006786362</C1>
                  <C2>47.26300000921162</C2>
                </COORD>
                <COORD>
                  <C1>6.953000006787206</C1>
                  <C2>47.264000009211806</C2>
                </COORD>
                <COORD>
                  <C1>6.9520000067858865</C1>
                  <C2>47.26500000921251</C2>
                </COORD>
                <COORD>
                  <C1>6.952000006785646</C1>
                  <C2>47.26600000921295</C2>
                </COORD>
                <COORD>
                  <C1>6.9510000067843265</C1>
                  <C2>47.2670000092137</C2>
                </COORD>
                <COORD>
                  <C1>6.951000006784089</C1>
                  <C2>47.26800000921411</C2>
                </COORD>
                <COORD>
                  <C1>6.951000006783852</C1>
                  <C2>47.26900000921457</C2>
                </COORD>
                <COORD>
                  <C1>6.952000006784699</C1>
                  <C2>47.27000000921484</C2>
                </COORD>
                <COORD>
                  <C1>6.9530000067855395</C1>
                  <C2>47.27100000921506</C2>
                </COORD>
                <COORD>
                  <C1>6.953000006785305</C1>
                  <C2>47.272000009215475</C2>
                </COORD>
                <COORD>
                  <C1>6.952000006784219</C1>
                  <C2>47.27200000921568</C2>
                </COORD>
                <COORD>
                  <C1>6.9520000067839804</C1>
                  <C2>47.27300000921617</C2>
                </COORD>
                <COORD>
                  <C1>6.952000006783743</C1>
                  <C2>47.27400000921664</C2>
                </COORD>
                <COORD>
                  <C1>6.951000006782662</C1>
                  <C2>47.27400000921686</C2>
                </COORD>
                <COORD>
                  <C1>6.951000006782422</C1>
                  <C2>47.27500000921735</C2>
                </COORD>
                <COORD>
                  <C1>6.950000006781342</C1>
                  <C2>47.27500000921757</C2>
                </COORD>
                <COORD>
                  <C1>6.950000006781104</C1>
                  <C2>47.276000009218016</C2>
                </COORD>
                <COORD>
                  <C1>6.94900000677978</C1>
                  <C2>47.277000009218725</C2>
                </COORD>
                <COORD>
                  <C1>6.948000006778222</C1>
                  <C2>47.27900000921984</C2>
                </COORD>
                <COORD>
                  <C1>6.947000006777139</C1>
                  <C2>47.27900000922012</C2>
                </COORD>
                <COORD>
                  <C1>6.947000006776899</C1>
                  <C2>47.28000000922058</C2>
                </COORD>
                <COORD>
                  <C1>6.946000006775579</C1>
                  <C2>47.28100000922123</C2>
                </COORD>
                <COORD>
                  <C1>6.94600000677534</C1>
                  <C2>47.28200000922168</C2>
                </COORD>
                <COORD>
                  <C1>6.946000006775103</C1>
                  <C2>47.283000009222164</C2>
                </COORD>
                <COORD>
                  <C1>6.946000006774865</C1>
                  <C2>47.28400000922263</C2>
                </COORD>
                <COORD>
                  <C1>6.945000006773784</C1>
                  <C2>47.284000009222865</C2>
                </COORD>
                <COORD>
                  <C1>6.945000006773545</C1>
                  <C2>47.28500000922326</C2>
                </COORD>
                <COORD>
                  <C1>6.9440000067724625</C1>
                  <C2>47.28500000922352</C2>
                </COORD>
                <COORD>
                  <C1>6.944000006772223</C1>
                  <C2>47.28600000922394</C2>
                </COORD>
                <COORD>
                  <C1>6.94300000677114</C1>
                  <C2>47.286000009224196</C2>
                </COORD>
                <COORD>
                  <C1>6.94200000676982</C1>
                  <C2>47.28700000922492</C2>
                </COORD>
                <COORD>
                  <C1>6.942000006769582</C1>
                  <C2>47.288000009225335</C2>
                </COORD>
                <COORD>
                  <C1>6.942000006769342</C1>
                  <C2>47.28900000922582</C2>
                </COORD>
                <COORD>
                  <C1>6.9430000067704265</C1>
                  <C2>47.2890000092256</C2>
                </COORD>
                <COORD>
                  <C1>6.944000006771271</C1>
                  <C2>47.29000000922578</C2>
                </COORD>
                <COORD>
                  <C1>6.9450000067723545</C1>
                  <C2>47.290000009225565</C2>
                </COORD>
                <COORD>
                  <C1>6.946000006773197</C1>
                  <C2>47.29100000922581</C2>
                </COORD>
                <COORD>
                  <C1>6.94700000677428</C1>
                  <C2>47.291000009225584</C2>
                </COORD>
                <COORD>
                  <C1>6.948000006774888</C1>
                  <C2>47.29300000922625</C2>
                </COORD>
                <COORD>
                  <C1>6.949000006775966</C1>
                  <C2>47.29300000922603</C2>
                </COORD>
                <COORD>
                  <C1>6.950000006776815</C1>
                  <C2>47.2940000092263</C2>
                </COORD>
                <COORD>
                  <C1>6.951000006777893</C1>
                  <C2>47.29400000922608</C2>
                </COORD>
                <COORD>
                  <C1>6.9520000067789764</C1>
                  <C2>47.29400000922582</C2>
                </COORD>
                <COORD>
                  <C1>6.9530000067800595</C1>
                  <C2>47.2940000092256</C2>
                </COORD>
                <COORD>
                  <C1>6.954000006781141</C1>
                  <C2>47.294000009225336</C2>
                </COORD>
                <COORD>
                  <C1>6.95500000678222</C1>
                  <C2>47.29400000922515</C2>
                </COORD>
                <COORD>
                  <C1>6.957000006784384</C1>
                  <C2>47.29400000922465</C2>
                </COORD>
                <COORD>
                  <C1>6.958000006785468</C1>
                  <C2>47.294000009224426</C2>
                </COORD>
                <COORD>
                  <C1>6.959000006786549</C1>
                  <C2>47.294000009224185</C2>
                </COORD>
                <COORD>
                  <C1>6.960000006787633</C1>
                  <C2>47.29400000922401</C2>
                </COORD>
                <COORD>
                  <C1>6.960000006787871</C1>
                  <C2>47.29300000922352</C2>
                </COORD>
                <COORD>
                  <C1>6.961000006788953</C1>
                  <C2>47.29300000922333</C2>
                </COORD>
                <COORD>
                  <C1>6.962000006790033</C1>
                  <C2>47.29300000922305</C2>
                </COORD>
                <COORD>
                  <C1>6.963000006791116</C1>
                  <C2>47.29300000922285</C2>
                </COORD>
                <COORD>
                  <C1>6.96500000679304</C1>
                  <C2>47.294000009222806</C2>
                </COORD>
                <COORD>
                  <C1>6.966000006794121</C1>
                  <C2>47.29400000922257</C2>
                </COORD>
                <COORD>
                  <C1>6.967000006795202</C1>
                  <C2>47.294000009222394</C2>
                </COORD>
                <COORD>
                  <C1>6.968000006796283</C1>
                  <C2>47.29400000922216</C2>
                </COORD>
                <COORD>
                  <C1>6.969000006797124</C1>
                  <C2>47.295000009222356</C2>
                </COORD>
                <COORD>
                  <C1>6.970000006798204</C1>
                  <C2>47.295000009222115</C2>
                </COORD>
                <COORD>
                  <C1>6.970000006798445</C1>
                  <C2>47.29400000922171</C2>
                </COORD>
                <COORD>
                  <C1>6.971000006799528</C1>
                  <C2>47.29400000922144</C2>
                </COORD>
                <COORD>
                  <C1>6.972000006800604</C1>
                  <C2>47.294000009221214</C2>
                </COORD>
                <COORD>
                  <C1>6.973000006801688</C1>
                  <C2>47.29400000922098</C2>
                </COORD>
                <COORD>
                  <C1>6.9730000068019296</C1>
                  <C2>47.29300000922054</C2>
                </COORD>
                <COORD>
                  <C1>6.9740000068030055</C1>
                  <C2>47.29300000922027</C2>
                </COORD>
                <COORD>
                  <C1>6.975000006804087</C1>
                  <C2>47.29300000922009</C2>
                </COORD>
                <COORD>
                  <C1>6.976000006804928</C1>
                  <C2>47.29400000922034</C2>
                </COORD>
                <COORD>
                  <C1>6.977000006805771</C1>
                  <C2>47.29500000922052</C2>
                </COORD>
                <COORD>
                  <C1>6.9770000068055325</C1>
                  <C2>47.29600000922099</C2>
                </COORD>
                <COORD>
                  <C1>6.977000006805291</C1>
                  <C2>47.29700000922144</C2>
                </COORD>
                <COORD>
                  <C1>6.9770000068050475</C1>
                  <C2>47.29800000922188</C2>
                </COORD>
                <COORD>
                  <C1>6.978000006806131</C1>
                  <C2>47.298000009221646</C2>
                </COORD>
                <COORD>
                  <C1>6.979000006807213</C1>
                  <C2>47.29800000922144</C2>
                </COORD>
                <COORD>
                  <C1>6.980000006808293</C1>
                  <C2>47.2980000092212</C2>
                </COORD>
                <COORD>
                  <C1>6.98100000680937</C1>
                  <C2>47.29800000922096</C2>
                </COORD>
                <COORD>
                  <C1>6.982000006810454</C1>
                  <C2>47.29800000922076</C2>
                </COORD>
                <COORD>
                  <C1>6.982000006810695</C1>
                  <C2>47.2970000092203</C2>
                </COORD>
                <COORD>
                  <C1>6.983000006811772</C1>
                  <C2>47.29700000922005</C2>
                </COORD>
                <COORD>
                  <C1>6.984000006812851</C1>
                  <C2>47.29700000921981</C2>
                </COORD>
                <COORD>
                  <C1>6.985000006813931</C1>
                  <C2>47.29700000921958</C2>
                </COORD>
                <COORD>
                  <C1>6.9860000068147725</C1>
                  <C2>47.298000009219834</C2>
                </COORD>
                <COORD>
                  <C1>6.987000006815854</C1>
                  <C2>47.2980000092196</C2>
                </COORD>
                <COORD>
                  <C1>6.988000006816932</C1>
                  <C2>47.298000009219365</C2>
                </COORD>
                <COORD>
                  <C1>6.98900000681777</C1>
                  <C2>47.29900000921962</C2>
                </COORD>
                <COORD>
                  <C1>6.990000006818851</C1>
                  <C2>47.29900000921935</C2>
                </COORD>
                <COORD>
                  <C1>6.991000006819931</C1>
                  <C2>47.299000009219114</C2>
                </COORD>
                <COORD>
                  <C1>6.992000006821011</C1>
                  <C2>47.29900000921893</C2>
                </COORD>
                <COORD>
                  <C1>6.993000006822329</C1>
                  <C2>47.298000009218235</C2>
                </COORD>
                <COORD>
                  <C1>6.994000006823409</C1>
                  <C2>47.298000009217965</C2>
                </COORD>
                <COORD>
                  <C1>6.995000006824489</C1>
                  <C2>47.29800000921777</C2>
                </COORD>
                <COORD>
                  <C1>6.996000006825572</C1>
                  <C2>47.29800000921753</C2>
                </COORD>
                <COORD>
                  <C1>6.9970000068266485</C1>
                  <C2>47.29800000921731</C2>
                </COORD>
                <COORD>
                  <C1>6.998000006827729</C1>
                  <C2>47.29800000921709</C2>
                </COORD>
                <COORD>
                  <C1>6.999000006828568</C1>
                  <C2>47.29900000921729</C2>
                </COORD>
                <COORD>
                  <C1>7.000000006829645</C1>
                  <C2>47.29900000921706</C2>
                </COORD>
                <COORD>
                  <C1>7.000000006829405</C1>
                  <C2>47.30000000921751</C2>
                </COORD>
                <COORD>
                  <C1>7.001000006830482</C1>
                  <C2>47.300000009217285</C2>
                </COORD>
                <COORD>
                  <C1>7.0010000068302425</C1>
                  <C2>47.301000009217724</C2>
                </COORD>
                <COORD>
                  <C1>7.002000006831322</C1>
                  <C2>47.3010000092175</C2>
                </COORD>
                <COORD>
                  <C1>7.0020000068310795</C1>
                  <C2>47.30200000921795</C2>
                </COORD>
                <COORD>
                  <C1>7.0030000068321545</C1>
                  <C2>47.302000009217714</C2>
                </COORD>
                <COORD>
                  <C1>7.0030000068319165</C1>
                  <C2>47.303000009218216</C2>
                </COORD>
                <COORD>
                  <C1>7.004000006832994</C1>
                  <C2>47.30300000921794</C2>
                </COORD>
                <COORD>
                  <C1>7.00500000683383</C1>
                  <C2>47.30400000921817</C2>
                </COORD>
                <COORD>
                  <C1>7.006000006834911</C1>
                  <C2>47.30400000921798</C2>
                </COORD>
                <COORD>
                  <C1>7.006000006835153</C1>
                  <C2>47.30300000921748</C2>
                </COORD>
                <COORD>
                  <C1>7.007000006836232</C1>
                  <C2>47.30300000921727</C2>
                </COORD>
                <COORD>
                  <C1>7.008000006837309</C1>
                  <C2>47.303000009217016</C2>
                </COORD>
                <COORD>
                  <C1>7.009000006838389</C1>
                  <C2>47.303000009216774</C2>
                </COORD>
                <COORD>
                  <C1>7.010000006839226</C1>
                  <C2>47.30400000921704</C2>
                </COORD>
                <COORD>
                  <C1>7.01000000683898</C1>
                  <C2>47.30500000921745</C2>
                </COORD>
                <COORD>
                  <C1>7.011000006840058</C1>
                  <C2>47.30500000921722</C2>
                </COORD>
                <COORD>
                  <C1>7.01100000683982</C1>
                  <C2>47.306000009217705</C2>
                </COORD>
                <COORD>
                  <C1>7.011000006839574</C1>
                  <C2>47.30700000921816</C2>
                </COORD>
                <COORD>
                  <C1>7.011000006839336</C1>
                  <C2>47.308000009218595</C2>
                </COORD>
                <COORD>
                  <C1>7.0120000068401716</C1>
                  <C2>47.30900000921882</C2>
                </COORD>
                <COORD>
                  <C1>7.01200000683993</C1>
                  <C2>47.3100000092193</C2>
                </COORD>
                <COORD>
                  <C1>7.0120000068396875</C1>
                  <C2>47.31100000921972</C2>
                </COORD>
                <COORD>
                  <C1>7.013000006840764</C1>
                  <C2>47.31100000921951</C2>
                </COORD>
                <COORD>
                  <C1>7.014000006841845</C1>
                  <C2>47.31100000921928</C2>
                </COORD>
                <COORD>
                  <C1>7.01500000684268</C1>
                  <C2>47.31200000921948</C2>
                </COORD>
                <COORD>
                  <C1>7.015000006842437</C1>
                  <C2>47.31300000921994</C2>
                </COORD>
                <COORD>
                  <C1>7.016000006843514</C1>
                  <C2>47.313000009219714</C2>
                </COORD>
                <COORD>
                  <C1>7.01600000684327</C1>
                  <C2>47.31400000922018</C2>
                </COORD>
                <COORD>
                  <C1>7.016000006843029</C1>
                  <C2>47.31500000922063</C2>
                </COORD>
                <COORD>
                  <C1>7.017000006844109</C1>
                  <C2>47.31500000922036</C2>
                </COORD>
                <COORD>
                  <C1>7.017000006843865</C1>
                  <C2>47.316000009220865</C2>
                </COORD>
                <COORD>
                  <C1>7.017000006843624</C1>
                  <C2>47.31700000922127</C2>
                </COORD>
                <COORD>
                  <C1>7.0170000068433795</C1>
                  <C2>47.31800000922175</C2>
                </COORD>
                <COORD>
                  <C1>7.016000006842303</C1>
                  <C2>47.31800000922194</C2>
                </COORD>
                <COORD>
                  <C1>7.01600000684206</C1>
                  <C2>47.31900000922245</C2>
                </COORD>
                <COORD>
                  <C1>7.01600000684182</C1>
                  <C2>47.3200000092229</C2>
                </COORD>
                <COORD>
                  <C1>7.015000006840739</C1>
                  <C2>47.32000000922311</C2>
                </COORD>
                <COORD>
                  <C1>7.0150000068404985</C1>
                  <C2>47.32100000922356</C2>
                </COORD>
                <COORD>
                  <C1>7.014000006839178</C1>
                  <C2>47.32200000922423</C2>
                </COORD>
                <COORD>
                  <C1>7.011000006835944</C1>
                  <C2>47.32200000922495</C2>
                </COORD>
                <COORD>
                  <C1>7.010000006834867</C1>
                  <C2>47.32200000922517</C2>
                </COORD>
                <COORD>
                  <C1>7.01100000683546</C1>
                  <C2>47.324000009225855</C2>
                </COORD>
                <COORD>
                  <C1>7.01100000683522</C1>
                  <C2>47.32500000922625</C2>
                </COORD>
                <COORD>
                  <C1>7.0110000068349745</C1>
                  <C2>47.326000009226775</C2>
                </COORD>
                <COORD>
                  <C1>7.01200000683581</C1>
                  <C2>47.327000009226985</C2>
                </COORD>
                <COORD>
                  <C1>7.013000006836891</C1>
                  <C2>47.32700000922674</C2>
                </COORD>
                <COORD>
                  <C1>7.014000006837965</C1>
                  <C2>47.3270000092265</C2>
                </COORD>
                <COORD>
                  <C1>7.015000006839042</C1>
                  <C2>47.32700000922626</C2>
                </COORD>
                <COORD>
                  <C1>7.016000006840119</C1>
                  <C2>47.32700000922603</C2>
                </COORD>
                <COORD>
                  <C1>7.017000006841196</C1>
                  <C2>47.32700000922582</C2>
                </COORD>
                <COORD>
                  <C1>7.018000006842272</C1>
                  <C2>47.32700000922559</C2>
                </COORD>
                <COORD>
                  <C1>7.019000006843352</C1>
                  <C2>47.327000009225344</C2>
                </COORD>
                <COORD>
                  <C1>7.020000006844423</C1>
                  <C2>47.32700000922515</C2>
                </COORD>
                <COORD>
                  <C1>7.021000006845258</C1>
                  <C2>47.32800000922538</C2>
                </COORD>
                <COORD>
                  <C1>7.022000006846338</C1>
                  <C2>47.32800000922513</C2>
                </COORD>
                <COORD>
                  <C1>7.023000006847413</C1>
                  <C2>47.32800000922491</C2>
                </COORD>
                <COORD>
                  <C1>7.024000006848485</C1>
                  <C2>47.32800000922467</C2>
                </COORD>
                <COORD>
                  <C1>7.025000006849567</C1>
                  <C2>47.32800000922443</C2>
                </COORD>
                <COORD>
                  <C1>7.0260000068506425</C1>
                  <C2>47.32800000922419</C2>
                </COORD>
                <COORD>
                  <C1>7.027000006851718</C1>
                  <C2>47.32800000922397</C2>
                </COORD>
                <COORD>
                  <C1>7.028000006852794</C1>
                  <C2>47.32800000922372</C2>
                </COORD>
                <COORD>
                  <C1>7.02900000685387</C1>
                  <C2>47.3280000092235</C2>
                </COORD>
                <COORD>
                  <C1>7.030000006854705</C1>
                  <C2>47.32900000922374</C2>
                </COORD>
                <COORD>
                  <C1>7.031000006855779</C1>
                  <C2>47.32900000922348</C2>
                </COORD>
                <COORD>
                  <C1>7.032000006856853</C1>
                  <C2>47.32900000922325</C2>
                </COORD>
                <COORD>
                  <C1>7.033000006857688</C1>
                  <C2>47.330000009223475</C2>
                </COORD>
                <COORD>
                  <C1>7.0340000068587605</C1>
                  <C2>47.33000000922321</C2>
                </COORD>
                <COORD>
                  <C1>7.03500000685984</C1>
                  <C2>47.33000000922296</C2>
                </COORD>
                <COORD>
                  <C1>7.037000006861989</C1>
                  <C2>47.33000000922255</C2>
                </COORD>
                <COORD>
                  <C1>7.038000006863065</C1>
                  <C2>47.330000009222275</C2>
                </COORD>
                <COORD>
                  <C1>7.042000006867609</C1>
                  <C2>47.32900000922092</C2>
                </COORD>
                <COORD>
                  <C1>7.043000006868685</C1>
                  <C2>47.32900000922069</C2>
                </COORD>
                <COORD>
                  <C1>7.0440000068700055</C1>
                  <C2>47.32800000922004</C2>
                </COORD>
                <COORD>
                  <C1>7.04500000687108</C1>
                  <C2>47.32800000921976</C2>
                </COORD>
                <COORD>
                  <C1>7.046000006872155</C1>
                  <C2>47.32800000921956</C2>
                </COORD>
                <COORD>
                  <C1>7.0470000068732315</C1>
                  <C2>47.32800000921932</C2>
                </COORD>
                <COORD>
                  <C1>7.048000006873817</C1>
                  <C2>47.33000000921999</C2>
                </COORD>
                <COORD>
                  <C1>7.051000006876551</C1>
                  <C2>47.332000009220145</C2>
                </COORD>
                <COORD>
                  <C1>7.052000006877626</C1>
                  <C2>47.33200000921994</C2>
                </COORD>
                <COORD>
                  <C1>7.054000006879531</C1>
                  <C2>47.33300000921991</C2>
                </COORD>
                <COORD>
                  <C1>7.056000006881187</C1>
                  <C2>47.33500000922034</C2>
                </COORD>
                <COORD>
                  <C1>7.057000006882018</C1>
                  <C2>47.3360000092206</C2>
                </COORD>
                <COORD>
                  <C1>7.058000006883094</C1>
                  <C2>47.33600000922035</C2>
                </COORD>
                <COORD>
                  <C1>7.057000006881775</C1>
                  <C2>47.337000009221</C2>
                </COORD>
                <COORD>
                  <C1>7.056000006880703</C1>
                  <C2>47.337000009221235</C2>
                </COORD>
                <COORD>
                  <C1>7.055000006879626</C1>
                  <C2>47.33700000922148</C2>
                </COORD>
                <COORD>
                  <C1>7.055000006879381</C1>
                  <C2>47.338000009221915</C2>
                </COORD>
                <COORD>
                  <C1>7.054000006878307</C1>
                  <C2>47.3380000092222</C2>
                </COORD>
                <COORD>
                  <C1>7.054000006878062</C1>
                  <C2>47.33900000922262</C2>
                </COORD>
                <COORD>
                  <C1>7.055000006879136</C1>
                  <C2>47.33900000922236</C2>
                </COORD>
                <COORD>
                  <C1>7.0560000068802085</C1>
                  <C2>47.33900000922215</C2>
                </COORD>
                <COORD>
                  <C1>7.056000006879966</C1>
                  <C2>47.34000000922261</C2>
                </COORD>
                <COORD>
                  <C1>7.055000006878891</C1>
                  <C2>47.34000000922284</C2>
                </COORD>
                <COORD>
                  <C1>7.056000006879718</C1>
                  <C2>47.34100000922302</C2>
                </COORD>
                <COORD>
                  <C1>7.057000006880796</C1>
                  <C2>47.34100000922285</C2>
                </COORD>
                <COORD>
                  <C1>7.058000006881869</C1>
                  <C2>47.3410000092226</C2>
                </COORD>
                <COORD>
                  <C1>7.059000006882942</C1>
                  <C2>47.34100000922233</C2>
                </COORD>
                <COORD>
                  <C1>7.060000006883769</C1>
                  <C2>47.34200000922258</C2>
                </COORD>
                <COORD>
                  <C1>7.0610000068848455</C1>
                  <C2>47.3420000092223</C2>
                </COORD>
                <COORD>
                  <C1>7.0610000068845995</C1>
                  <C2>47.343000009222784</C2>
                </COORD>
                <COORD>
                  <C1>7.063000006886011</C1>
                  <C2>47.34600000922363</C2>
                </COORD>
                <COORD>
                  <C1>7.06200000688469</C1>
                  <C2>47.34700000922434</C2>
                </COORD>
                <COORD>
                  <C1>7.061000006883617</C1>
                  <C2>47.34700000922456</C2>
                </COORD>
                <COORD>
                  <C1>7.060000006882543</C1>
                  <C2>47.34700000922479</C2>
                </COORD>
                <COORD>
                  <C1>7.0600000068823014</C1>
                  <C2>47.348000009225245</C2>
                </COORD>
                <COORD>
                  <C1>7.0590000068812255</C1>
                  <C2>47.34800000922548</C2>
                </COORD>
                <COORD>
                  <C1>7.058000006879905</C1>
                  <C2>47.349000009226174</C2>
                </COORD>
                <COORD>
                  <C1>7.057000006878834</C1>
                  <C2>47.349000009226394</C2>
                </COORD>
                <COORD>
                  <C1>7.056000006877757</C1>
                  <C2>47.34900000922661</C2>
                </COORD>
                <COORD>
                  <C1>7.055000006876685</C1>
                  <C2>47.349000009226856</C2>
                </COORD>
                <COORD>
                  <C1>7.054000006875365</C1>
                  <C2>47.35000000922754</C2>
                </COORD>
                <COORD>
                  <C1>7.053000006874293</C1>
                  <C2>47.35000000922784</C2>
                </COORD>
                <COORD>
                  <C1>7.052000006873217</C1>
                  <C2>47.350000009228</C2>
                </COORD>
                <COORD>
                  <C1>7.051000006872146</C1>
                  <C2>47.35000000922827</C2>
                </COORD>
                <COORD>
                  <C1>7.0510000068719005</C1>
                  <C2>47.351000009228684</C2>
                </COORD>
                <COORD>
                  <C1>7.051000006871657</C1>
                  <C2>47.352000009229144</C2>
                </COORD>
                <COORD>
                  <C1>7.0520000068724835</C1>
                  <C2>47.35300000922937</C2>
                </COORD>
                <COORD>
                  <C1>7.053000006873556</C1>
                  <C2>47.353000009229135</C2>
                </COORD>
                <COORD>
                  <C1>7.054000006874634</C1>
                  <C2>47.35300000922888</C2>
                </COORD>
                <COORD>
                  <C1>7.054000006874385</C1>
                  <C2>47.3540000092293</C2>
                </COORD>
                <COORD>
                  <C1>7.053000006873064</C1>
                  <C2>47.355000009230004</C2>
                </COORD>
                <COORD>
                  <C1>7.05300000687282</C1>
                  <C2>47.35600000923046</C2>
                </COORD>
                <COORD>
                  <C1>7.0530000068725744</C1>
                  <C2>47.35700000923091</C2>
                </COORD>
                <COORD>
                  <C1>7.052000006871254</C1>
                  <C2>47.358000009231596</C2>
                </COORD>
                <COORD>
                  <C1>7.053000006872084</C1>
                  <C2>47.359000009231835</C2>
                </COORD>
                <COORD>
                  <C1>7.052000006870765</C1>
                  <C2>47.360000009232465</C2>
                </COORD>
                <COORD>
                  <C1>7.051000006869692</C1>
                  <C2>47.36000000923272</C2>
                </COORD>
                <COORD>
                  <C1>7.051000006869448</C1>
                  <C2>47.36100000923315</C2>
                </COORD>
                <COORD>
                  <C1>7.0510000068692</C1>
                  <C2>47.36200000923358</C2>
                </COORD>
                <COORD>
                  <C1>7.051000006868952</C1>
                  <C2>47.363000009234035</C2>
                </COORD>
                <COORD>
                  <C1>7.050000006867635</C1>
                  <C2>47.364000009234736</C2>
                </COORD>
                <COORD>
                  <C1>7.049000006866563</C1>
                  <C2>47.36400000923496</C2>
                </COORD>
                <COORD>
                  <C1>7.048000006865487</C1>
                  <C2>47.36400000923516</C2>
                </COORD>
                <COORD>
                  <C1>7.0480000068652435</C1>
                  <C2>47.365000009235644</C2>
                </COORD>
                <COORD>
                  <C1>7.0470000068641685</C1>
                  <C2>47.365000009235914</C2>
                </COORD>
                <COORD>
                  <C1>7.046000006862854</C1>
                  <C2>47.366000009236565</C2>
                </COORD>
                <COORD>
                  <C1>7.045000006861776</C1>
                  <C2>47.36600000923677</C2>
                </COORD>
                <COORD>
                  <C1>7.044000006860701</C1>
                  <C2>47.36600000923702</C2>
                </COORD>
                <COORD>
                  <C1>7.043000006859632</C1>
                  <C2>47.36600000923724</C2>
                </COORD>
                <COORD>
                  <C1>7.042000006858556</C1>
                  <C2>47.36600000923744</C2>
                </COORD>
                <COORD>
                  <C1>7.041000006857484</C1>
                  <C2>47.366000009237716</C2>
                </COORD>
                <COORD>
                  <C1>7.040000006856411</C1>
                  <C2>47.36600000923797</C2>
                </COORD>
                <COORD>
                  <C1>7.039000006855337</C1>
                  <C2>47.36600000923815</C2>
                </COORD>
                <COORD>
                  <C1>7.037000006853187</C1>
                  <C2>47.36600000923865</C2>
                </COORD>
                <COORD>
                  <C1>7.037000006853431</C1>
                  <C2>47.36500000923818</C2>
                </COORD>
                <COORD>
                  <C1>7.036000006852358</C1>
                  <C2>47.36500000923846</C2>
                </COORD>
                <COORD>
                  <C1>7.03500000685104</C1>
                  <C2>47.3660000092391</C2>
                </COORD>
                <COORD>
                  <C1>7.035000006850794</C1>
                  <C2>47.36700000923959</C2>
                </COORD>
                <COORD>
                  <C1>7.035000006850551</C1>
                  <C2>47.36800000924001</C2>
                </COORD>
                <COORD>
                  <C1>7.035000006850305</C1>
                  <C2>47.36900000924043</C2>
                </COORD>
                <COORD>
                  <C1>7.035000006850059</C1>
                  <C2>47.37000000924089</C2>
                </COORD>
                <COORD>
                  <C1>7.035000006849813</C1>
                  <C2>47.37100000924135</C2>
                </COORD>
                <COORD>
                  <C1>7.035000006849568</C1>
                  <C2>47.3720000092418</C2>
                </COORD>
                <COORD>
                  <C1>7.033000006847421</C1>
                  <C2>47.37200000924225</C2>
                </COORD>
                <COORD>
                  <C1>7.0320000068463475</C1>
                  <C2>47.37200000924249</C2>
                </COORD>
                <COORD>
                  <C1>7.031000006845517</C1>
                  <C2>47.37100000924227</C2>
                </COORD>
                <COORD>
                  <C1>7.0300000068444435</C1>
                  <C2>47.37100000924251</C2>
                </COORD>
                <COORD>
                  <C1>7.0290000068433685</C1>
                  <C2>47.37100000924272</C2>
                </COORD>
                <COORD>
                  <C1>7.028000006842294</C1>
                  <C2>47.37100000924297</C2>
                </COORD>
                <COORD>
                  <C1>7.028000006842051</C1>
                  <C2>47.37200000924341</C2>
                </COORD>
                <COORD>
                  <C1>7.027000006840974</C1>
                  <C2>47.37200000924365</C2>
                </COORD>
                <COORD>
                  <C1>7.0250000068388285</C1>
                  <C2>47.372000009244104</C2>
                </COORD>
                <COORD>
                  <C1>7.024000006837753</C1>
                  <C2>47.37200000924434</C2>
                </COORD>
                <COORD>
                  <C1>7.023000006836679</C1>
                  <C2>47.37200000924459</C2>
                </COORD>
                <COORD>
                  <C1>7.022000006835603</C1>
                  <C2>47.372000009244836</C2>
                </COORD>
                <COORD>
                  <C1>7.021000006834528</C1>
                  <C2>47.372000009245035</C2>
                </COORD>
                <COORD>
                  <C1>7.020000006833209</C1>
                  <C2>47.37300000924568</C2>
                </COORD>
                <COORD>
                  <C1>7.019000006832134</C1>
                  <C2>47.37300000924595</C2>
                </COORD>
                <COORD>
                  <C1>7.019000006831891</C1>
                  <C2>47.374000009246366</C2>
                </COORD>
                <COORD>
                  <C1>7.019000006831645</C1>
                  <C2>47.37500000924682</C2>
                </COORD>
                <COORD>
                  <C1>7.016000006828421</C1>
                  <C2>47.37500000924753</C2>
                </COORD>
                <COORD>
                  <C1>7.016000006828664</C1>
                  <C2>47.37400000924706</C2>
                </COORD>
                <COORD>
                  <C1>7.0150000068275915</C1>
                  <C2>47.37400000924732</C2>
                </COORD>
                <COORD>
                  <C1>7.01400000682676</C1>
                  <C2>47.37300000924712</C2>
                </COORD>
                <COORD>
                  <C1>7.013000006825439</C1>
                  <C2>47.37400000924778</C2>
                </COORD>
                <COORD>
                  <C1>7.013000006825196</C1>
                  <C2>47.375000009248254</C2>
                </COORD>
                <COORD>
                  <C1>7.012000006824364</C1>
                  <C2>47.37400000924802</C2>
                </COORD>
                <COORD>
                  <C1>7.011000006823532</C1>
                  <C2>47.37300000924779</C2>
                </COORD>
                <COORD>
                  <C1>7.0100000068227</C1>
                  <C2>47.37200000924761</C2>
                </COORD>
                <COORD>
                  <C1>7.009000006821874</C1>
                  <C2>47.37100000924738</C2>
                </COORD>
                <COORD>
                  <C1>7.0080000068210415</C1>
                  <C2>47.37000000924714</C2>
                </COORD>
                <COORD>
                  <C1>7.007000006819963</C1>
                  <C2>47.37000000924742</C2>
                </COORD>
                <COORD>
                  <C1>7.006000006819135</C1>
                  <C2>47.369000009247195</C2>
                </COORD>
                <COORD>
                  <C1>7.005000006818057</C1>
                  <C2>47.36900000924743</C2>
                </COORD>
                <COORD>
                  <C1>7.004000006816981</C1>
                  <C2>47.36900000924765</C2>
                </COORD>
                <COORD>
                  <C1>7.00300000681615</C1>
                  <C2>47.36800000924741</C2>
                </COORD>
                <COORD>
                  <C1>7.001000006814241</C1>
                  <C2>47.367000009247455</C2>
                </COORD>
                <COORD>
                  <C1>7.000000006813411</C1>
                  <C2>47.36600000924725</C2>
                </COORD>
                <COORD>
                  <C1>6.997000006810181</C1>
                  <C2>47.36600000924792</C2>
                </COORD>
                <COORD>
                  <C1>6.996000006809349</C1>
                  <C2>47.36500000924774</C2>
                </COORD>
                <COORD>
                  <C1>6.99500000680827</C1>
                  <C2>47.36500000924796</C2>
                </COORD>
                <COORD>
                  <C1>6.994000006807194</C1>
                  <C2>47.365000009248185</C2>
                </COORD>
                <COORD>
                  <C1>6.992000006805041</C1>
                  <C2>47.36500000924863</C2>
                </COORD>
                <COORD>
                  <C1>6.99100000680372</C1>
                  <C2>47.366000009249326</C2>
                </COORD>
                <COORD>
                  <C1>6.990000006802645</C1>
                  <C2>47.366000009249525</C2>
                </COORD>
                <COORD>
                  <C1>6.98800000680049</C1>
                  <C2>47.366000009249994</C2>
                </COORD>
                <COORD>
                  <C1>6.987000006799415</C1>
                  <C2>47.36600000925024</C2>
                </COORD>
                <COORD>
                  <C1>6.98500000679726</C1>
                  <C2>47.36600000925067</C2>
                </COORD>
                <COORD>
                  <C1>6.983000006795347</C1>
                  <C2>47.36500000925072</C2>
                </COORD>
                <COORD>
                  <C1>6.982000006794271</C1>
                  <C2>47.36500000925093</C2>
                </COORD>
                <COORD>
                  <C1>6.981000006793436</C1>
                  <C2>47.3640000092507</C2>
                </COORD>
                <COORD>
                  <C1>6.980000006792359</C1>
                  <C2>47.36400000925096</C2>
                </COORD>
                <COORD>
                  <C1>6.978000006790445</C1>
                  <C2>47.36300000925097</C2>
                </COORD>
                <COORD>
                  <C1>6.9770000067893685</C1>
                  <C2>47.363000009251245</C2>
                </COORD>
                <COORD>
                  <C1>6.976000006788289</C1>
                  <C2>47.36300000925146</C2>
                </COORD>
                <COORD>
                  <C1>6.975000006787455</C1>
                  <C2>47.36200000925125</C2>
                </COORD>
                <COORD>
                  <C1>6.974000006786377</C1>
                  <C2>47.36200000925144</C2>
                </COORD>
                <COORD>
                  <C1>6.973000006785056</C1>
                  <C2>47.363000009252126</C2>
                </COORD>
                <COORD>
                  <C1>6.972000006783979</C1>
                  <C2>47.36300000925233</C2>
                </COORD>
                <COORD>
                  <C1>6.971000006782902</C1>
                  <C2>47.36300000925258</C2>
                </COORD>
                <COORD>
                  <C1>6.971000006783145</C1>
                  <C2>47.362000009252135</C2>
                </COORD>
                <COORD>
                  <C1>6.9690000067809885</C1>
                  <C2>47.36200000925259</C2>
                </COORD>
                <COORD>
                  <C1>6.969000006781229</C1>
                  <C2>47.36100000925216</C2>
                </COORD>
                <COORD>
                  <C1>6.968000006780151</C1>
                  <C2>47.361000009252365</C2>
                </COORD>
                <COORD>
                  <C1>6.967000006779072</C1>
                  <C2>47.3610000092526</C2>
                </COORD>
                <COORD>
                  <C1>6.9650000067766715</C1>
                  <C2>47.36200000925351</C2>
                </COORD>
                <COORD>
                  <C1>6.964000006775596</C1>
                  <C2>47.36200000925374</C2>
                </COORD>
                <COORD>
                  <C1>6.963000006774515</C1>
                  <C2>47.36200000925396</C2>
                </COORD>
                <COORD>
                  <C1>6.962000006773677</C1>
                  <C2>47.36100000925375</C2>
                </COORD>
                <COORD>
                  <C1>6.960000006771521</C1>
                  <C2>47.361000009254205</C2>
                </COORD>
                <COORD>
                  <C1>6.9590000067704425</C1>
                  <C2>47.361000009254475</C2>
                </COORD>
                <COORD>
                  <C1>6.958000006769367</C1>
                  <C2>47.361000009254695</C2>
                </COORD>
                <COORD>
                  <C1>6.957000006768286</C1>
                  <C2>47.36100000925492</C2>
                </COORD>
                <COORD>
                  <C1>6.956000006767208</C1>
                  <C2>47.36100000925512</C2>
                </COORD>
                <COORD>
                  <C1>6.955000006766126</C1>
                  <C2>47.361000009255356</C2>
                </COORD>
                <COORD>
                  <C1>6.95300000676397</C1>
                  <C2>47.36100000925585</C2>
                </COORD>
                <COORD>
                  <C1>6.953000006763728</C1>
                  <C2>47.36200000925627</C2>
                </COORD>
                <COORD>
                  <C1>6.952000006762648</C1>
                  <C2>47.36200000925653</C2>
                </COORD>
                <COORD>
                  <C1>6.95100000676157</C1>
                  <C2>47.36200000925674</C2>
                </COORD>
                <COORD>
                  <C1>6.95100000676181</C1>
                  <C2>47.36100000925628</C2>
                </COORD>
                <COORD>
                  <C1>6.950000006760732</C1>
                  <C2>47.361000009256514</C2>
                </COORD>
                <COORD>
                  <C1>6.9490000067596505</C1>
                  <C2>47.361000009256735</C2>
                </COORD>
                <COORD>
                  <C1>6.948000006758575</C1>
                  <C2>47.361000009256955</C2>
                </COORD>
                <COORD>
                  <C1>6.947000006757493</C1>
                  <C2>47.3610000092572</C2>
                </COORD>
                <COORD>
                  <C1>6.946000006756413</C1>
                  <C2>47.361000009257424</C2>
                </COORD>
                <COORD>
                  <C1>6.945000006755575</C1>
                  <C2>47.36000000925724</C2>
                </COORD>
                <COORD>
                  <C1>6.944000006754494</C1>
                  <C2>47.36000000925746</C2>
                </COORD>
                <COORD>
                  <C1>6.940000006750176</C1>
                  <C2>47.3600000092584</C2>
                </COORD>
                <COORD>
                  <C1>6.939000006749094</C1>
                  <C2>47.360000009258584</C2>
                </COORD>
                <COORD>
                  <C1>6.938000006748015</C1>
                  <C2>47.360000009258826</C2>
                </COORD>
                <COORD>
                  <C1>6.9360000067458545</C1>
                  <C2>47.36000000925928</C2>
                </COORD>
                <COORD>
                  <C1>6.935000006744773</C1>
                  <C2>47.360000009259515</C2>
                </COORD>
                <COORD>
                  <C1>6.934000006743695</C1>
                  <C2>47.360000009259736</C2>
                </COORD>
                <COORD>
                  <C1>6.933000006742614</C1>
                  <C2>47.36000000925997</C2>
                </COORD>
                <COORD>
                  <C1>6.932000006741532</C1>
                  <C2>47.360000009260226</C2>
                </COORD>
                <COORD>
                  <C1>6.931000006740452</C1>
                  <C2>47.360000009260425</C2>
                </COORD>
                <COORD>
                  <C1>6.930000006739611</C1>
                  <C2>47.35900000926021</C2>
                </COORD>
                <COORD>
                  <C1>6.927000006736609</C1>
                  <C2>47.35800000926044</C2>
                </COORD>
                <COORD>
                  <C1>6.92600000673553</C1>
                  <C2>47.35800000926067</C2>
                </COORD>
                <COORD>
                  <C1>6.92600000673577</C1>
                  <C2>47.35700000926025</C2>
                </COORD>
                <COORD>
                  <C1>6.925000006734687</C1>
                  <C2>47.35700000926046</C2>
                </COORD>
                <COORD>
                  <C1>6.923000006732524</C1>
                  <C2>47.35700000926091</C2>
                </COORD>
                <COORD>
                  <C1>6.921000006730363</C1>
                  <C2>47.35700000926134</C2>
                </COORD>
                <COORD>
                  <C1>6.920000006729283</C1>
                  <C2>47.357000009261604</C2>
                </COORD>
                <COORD>
                  <C1>6.919000006727961</C1>
                  <C2>47.35800000926228</C2>
                </COORD>
                <COORD>
                  <C1>6.918000006726879</C1>
                  <C2>47.358000009262504</C2>
                </COORD>
                <COORD>
                  <C1>6.9170000067257975</C1>
                  <C2>47.3580000092627</C2>
                </COORD>
                <COORD>
                  <C1>6.917000006725558</C1>
                  <C2>47.35900000926318</C2>
                </COORD>
                <COORD>
                  <C1>6.916000006724237</C1>
                  <C2>47.36000000926385</C2>
                </COORD>
                <COORD>
                  <C1>6.915000006723155</C1>
                  <C2>47.36000000926408</C2>
                </COORD>
                <COORD>
                  <C1>6.914000006722072</C1>
                  <C2>47.36000000926429</C2>
                </COORD>
                <COORD>
                  <C1>6.913000006720992</C1>
                  <C2>47.36000000926452</C2>
                </COORD>
                <COORD>
                  <C1>6.912000006719909</C1>
                  <C2>47.36000000926476</C2>
                </COORD>
                <COORD>
                  <C1>6.911000006718827</C1>
                  <C2>47.360000009265</C2>
                </COORD>
                <COORD>
                  <C1>6.9100000067177465</C1>
                  <C2>47.36000000926522</C2>
                </COORD>
                <COORD>
                  <C1>6.910000006717508</C1>
                  <C2>47.361000009265645</C2>
                </COORD>
                <COORD>
                  <C1>6.909000006716425</C1>
                  <C2>47.36100000926588</C2>
                </COORD>
                <COORD>
                  <C1>6.908000006715344</C1>
                  <C2>47.36100000926611</C2>
                </COORD>
                <COORD>
                  <C1>6.907000006714261</C1>
                  <C2>47.36100000926635</C2>
                </COORD>
                <COORD>
                  <C1>6.905000006712099</C1>
                  <C2>47.36100000926677</C2>
                </COORD>
                <COORD>
                  <C1>6.904000006711013</C1>
                  <C2>47.36100000926701</C2>
                </COORD>
                <COORD>
                  <C1>6.904000006710775</C1>
                  <C2>47.3620000092675</C2>
                </COORD>
                <COORD>
                  <C1>6.903000006709933</C1>
                  <C2>47.36100000926728</C2>
                </COORD>
                <COORD>
                  <C1>6.902000006708852</C1>
                  <C2>47.3610000092675</C2>
                </COORD>
                <COORD>
                  <C1>6.901000006708008</C1>
                  <C2>47.360000009267274</C2>
                </COORD>
                <COORD>
                  <C1>6.900000006706926</C1>
                  <C2>47.36000000926751</C2>
                </COORD>
                <COORD>
                  <C1>6.899000006705845</C1>
                  <C2>47.3600000092677</C2>
                </COORD>
                <COORD>
                  <C1>6.89800000670476</C1>
                  <C2>47.360000009267935</C2>
                </COORD>
                <COORD>
                  <C1>6.897000006703678</C1>
                  <C2>47.360000009268155</C2>
                </COORD>
                <COORD>
                  <C1>6.89700000670344</C1>
                  <C2>47.36100000926862</C2>
                </COORD>
                <COORD>
                  <C1>6.896000006702597</C1>
                  <C2>47.36000000926841</C2>
                </COORD>
                <COORD>
                  <C1>6.8960000067028355</C1>
                  <C2>47.359000009267945</C2>
                </COORD>
                <COORD>
                  <C1>6.8950000067019905</C1>
                  <C2>47.35800000926775</C2>
                </COORD>
                <COORD>
                  <C1>6.894000006700908</C1>
                  <C2>47.35800000926796</C2>
                </COORD>
                <COORD>
                  <C1>6.893000006699825</C1>
                  <C2>47.35800000926818</C2>
                </COORD>
                <COORD>
                  <C1>6.892000006698745</C1>
                  <C2>47.35800000926844</C2>
                </COORD>
                <COORD>
                  <C1>6.89200000669898</C1>
                  <C2>47.35700000926797</C2>
                </COORD>
                <COORD>
                  <C1>6.891000006697897</C1>
                  <C2>47.357000009268205</C2>
                </COORD>
                <COORD>
                  <C1>6.890000006696814</C1>
                  <C2>47.357000009268425</C2>
                </COORD>
                <COORD>
                  <C1>6.890000006697053</C1>
                  <C2>47.35600000926796</C2>
                </COORD>
                <COORD>
                  <C1>6.8880000066948845</C1>
                  <C2>47.356000009268435</C2>
                </COORD>
                <COORD>
                  <C1>6.888000006695125</C1>
                  <C2>47.35500000926797</C2>
                </COORD>
                <COORD>
                  <C1>6.88700000669404</C1>
                  <C2>47.35500000926823</C2>
                </COORD>
                <COORD>
                  <C1>6.886000006692958</C1>
                  <C2>47.35500000926843</C2>
                </COORD>
                <COORD>
                  <C1>6.885000006691876</C1>
                  <C2>47.35500000926865</C2>
                </COORD>
                <COORD>
                  <C1>6.885000006692113</C1>
                  <C2>47.35400000926823</C2>
                </COORD>
                <COORD>
                  <C1>6.884000006691029</C1>
                  <C2>47.35400000926845</C2>
                </COORD>
                <COORD>
                  <C1>6.883000006689945</C1>
                  <C2>47.354000009268695</C2>
                </COORD>
                <COORD>
                  <C1>6.882000006688624</C1>
                  <C2>47.35500000926937</C2>
                </COORD>
                <COORD>
                  <C1>6.88100000668754</C1>
                  <C2>47.35500000926958</C2>
                </COORD>
                <COORD>
                  <C1>6.881000006687779</C1>
                  <C2>47.354000009269114</C2>
                </COORD>
                <COORD>
                  <C1>6.880000006686458</C1>
                  <C2>47.3550000092698</C2>
                </COORD>
                <COORD>
                  <C1>6.880000006686217</C1>
                  <C2>47.35600000927023</C2>
                </COORD>
                <COORD>
                  <C1>6.88000000668598</C1>
                  <C2>47.357000009270685</C2>
                </COORD>
                <COORD>
                  <C1>6.880000006685742</C1>
                  <C2>47.3580000092711</C2>
                </COORD>
                <COORD>
                  <C1>6.8800000066855045</C1>
                  <C2>47.35900000927159</C2>
                </COORD>
                <COORD>
                  <C1>6.880000006685264</C1>
                  <C2>47.36000000927202</C2>
                </COORD>
                <COORD>
                  <C1>6.8810000066863495</C1>
                  <C2>47.3600000092718</C2>
                </COORD>
                <COORD>
                  <C1>6.881000006686111</C1>
                  <C2>47.36100000927223</C2>
                </COORD>
                <COORD>
                  <C1>6.881000006685873</C1>
                  <C2>47.36200000927272</C2>
                </COORD>
                <COORD>
                  <C1>6.8820000066869556</C1>
                  <C2>47.362000009272464</C2>
                </COORD>
                <COORD>
                  <C1>6.88300000668804</C1>
                  <C2>47.362000009272236</C2>
                </COORD>
                <COORD>
                  <C1>6.8830000066878</C1>
                  <C2>47.363000009272696</C2>
                </COORD>
                <COORD>
                  <C1>6.884000006688407</C1>
                  <C2>47.36500000927337</C2>
                </COORD>
                <COORD>
                  <C1>6.884000006688167</C1>
                  <C2>47.3660000092738</C2>
                </COORD>
                <COORD>
                  <C1>6.885000006688773</C1>
                  <C2>47.36800000927447</C2>
                </COORD>
                <COORD>
                  <C1>6.886000006689616</C1>
                  <C2>47.36900000927473</C2>
                </COORD>
                <COORD>
                  <C1>6.885000006688295</C1>
                  <C2>47.370000009275394</C2>
                </COORD>
                <COORD>
                  <C1>6.885000006688057</C1>
                  <C2>47.37100000927584</C2>
                </COORD>
                <COORD>
                  <C1>6.885000006687578</C1>
                  <C2>47.373000009276716</C2>
                </COORD>
                <COORD>
                  <C1>6.884000006686258</C1>
                  <C2>47.37400000927738</C2>
                </COORD>
                <COORD>
                  <C1>6.884000006686018</C1>
                  <C2>47.37500000927783</C2>
                </COORD>
                <COORD>
                  <C1>6.885000006686862</C1>
                  <C2>47.37600000927808</C2>
                </COORD>
                <COORD>
                  <C1>6.886000006687944</C1>
                  <C2>47.37600000927782</C2>
                </COORD>
                <COORD>
                  <C1>6.887000006688789</C1>
                  <C2>47.37700000927804</C2>
                </COORD>
                <COORD>
                  <C1>6.888000006689631</C1>
                  <C2>47.37800000927825</C2>
                </COORD>
                <COORD>
                  <C1>6.889000006690712</C1>
                  <C2>47.37800000927802</C2>
                </COORD>
                <COORD>
                  <C1>6.891000006692635</C1>
                  <C2>47.37900000927799</C2>
                </COORD>
                <COORD>
                  <C1>6.893000006694564</C1>
                  <C2>47.380000009278</C2>
                </COORD>
                <COORD>
                  <C1>6.893000006694322</C1>
                  <C2>47.38100000927846</C2>
                </COORD>
                <COORD>
                  <C1>6.894000006695404</C1>
                  <C2>47.38100000927822</C2>
                </COORD>
                <COORD>
                  <C1>6.896000006697567</C1>
                  <C2>47.38100000927777</C2>
                </COORD>
                <COORD>
                  <C1>6.89700000669841</C1>
                  <C2>47.38200000927799</C2>
                </COORD>
                <COORD>
                  <C1>6.89600000669709</C1>
                  <C2>47.38300000927865</C2>
                </COORD>
                <COORD>
                  <C1>6.896000006696848</C1>
                  <C2>47.38400000927912</C2>
                </COORD>
                <COORD>
                  <C1>6.898000006699012</C1>
                  <C2>47.38400000927865</C2>
                </COORD>
                <COORD>
                  <C1>6.900000006701173</C1>
                  <C2>47.38400000927819</C2>
                </COORD>
                <COORD>
                  <C1>6.902000006703336</C1>
                  <C2>47.384000009277734</C2>
                </COORD>
                <COORD>
                  <C1>6.905000006706341</C1>
                  <C2>47.38500000927747</C2>
                </COORD>
                <COORD>
                  <C1>6.906000006707661</C1>
                  <C2>47.38400000927683</C2>
                </COORD>
                <COORD>
                  <C1>6.906000006707422</C1>
                  <C2>47.38500000927726</C2>
                </COORD>
                <COORD>
                  <C1>6.90700000670826</C1>
                  <C2>47.38600000927743</C2>
                </COORD>
                <COORD>
                  <C1>6.909000006710425</C1>
                  <C2>47.386000009277055</C2>
                </COORD>
                <COORD>
                  <C1>6.910000006711264</C1>
                  <C2>47.38700000927722</C2>
                </COORD>
                <COORD>
                  <C1>6.911000006712343</C1>
                  <C2>47.38700000927702</C2>
                </COORD>
                <COORD>
                  <C1>6.913000006714265</C1>
                  <C2>47.388000009276986</C2>
                </COORD>
                <COORD>
                  <C1>6.9130000067140225</C1>
                  <C2>47.38900000927744</C2>
                </COORD>
                <COORD>
                  <C1>6.914000006715102</C1>
                  <C2>47.389000009277204</C2>
                </COORD>
                <COORD>
                  <C1>6.914000006714863</C1>
                  <C2>47.390000009277664</C2>
                </COORD>
                <COORD>
                  <C1>6.91400000671462</C1>
                  <C2>47.391000009278095</C2>
                </COORD>
                <COORD>
                  <C1>6.915000006715703</C1>
                  <C2>47.391000009277874</C2>
                </COORD>
                <COORD>
                  <C1>6.914000006714382</C1>
                  <C2>47.39200000927853</C2>
                </COORD>
                <COORD>
                  <C1>6.913000006713302</C1>
                  <C2>47.39200000927878</C2>
                </COORD>
                <COORD>
                  <C1>6.9120000067119785</C1>
                  <C2>47.39300000927944</C2>
                </COORD>
                <COORD>
                  <C1>6.9120000067117395</C1>
                  <C2>47.39400000927986</C2>
                </COORD>
                <COORD>
                  <C1>6.912000006711497</C1>
                  <C2>47.39500000928038</C2>
                </COORD>
                <COORD>
                  <C1>6.912000006711256</C1>
                  <C2>47.39600000928077</C2>
                </COORD>
                <COORD>
                  <C1>6.911000006710176</C1>
                  <C2>47.396000009280996</C2>
                </COORD>
                <COORD>
                  <C1>6.9110000067099335</C1>
                  <C2>47.39700000928141</C2>
                </COORD>
                <COORD>
                  <C1>6.911000006709693</C1>
                  <C2>47.39800000928191</C2>
                </COORD>
                <COORD>
                  <C1>6.910000006708615</C1>
                  <C2>47.39800000928207</C2>
                </COORD>
                <COORD>
                  <C1>6.911000006709452</C1>
                  <C2>47.39900000928236</C2>
                </COORD>
                <COORD>
                  <C1>6.9130000067116155</C1>
                  <C2>47.39900000928186</C2>
                </COORD>
                <COORD>
                  <C1>6.914000006712694</C1>
                  <C2>47.399000009281636</C2>
                </COORD>
                <COORD>
                  <C1>6.916000006714854</C1>
                  <C2>47.39900000928116</C2>
                </COORD>
                <COORD>
                  <C1>6.916000006714612</C1>
                  <C2>47.40000000928163</C2>
                </COORD>
                <COORD>
                  <C1>6.9160000067143725</C1>
                  <C2>47.401000009282065</C2>
                </COORD>
                <COORD>
                  <C1>6.9170000067152095</C1>
                  <C2>47.40200000928227</C2>
                </COORD>
                <COORD>
                  <C1>6.9180000067160465</C1>
                  <C2>47.40300000928251</C2>
                </COORD>
                <COORD>
                  <C1>6.918000006715803</C1>
                  <C2>47.4040000092829</C2>
                </COORD>
                <COORD>
                  <C1>6.918000006715562</C1>
                  <C2>47.405000009283356</C2>
                </COORD>
                <COORD>
                  <C1>6.919000006716644</C1>
                  <C2>47.405000009283164</C2>
                </COORD>
                <COORD>
                  <C1>6.918000006715324</C1>
                  <C2>47.40600000928379</C2>
                </COORD>
                <COORD>
                  <C1>6.916000006713165</C1>
                  <C2>47.40600000928426</C2>
                </COORD>
                <COORD>
                  <C1>6.914000006710761</C1>
                  <C2>47.407000009285184</C2>
                </COORD>
                <COORD>
                  <C1>6.916000006712921</C1>
                  <C2>47.40700000928472</C2>
                </COORD>
                <COORD>
                  <C1>6.917000006714</C1>
                  <C2>47.40700000928447</C2>
                </COORD>
                <COORD>
                  <C1>6.918000006715079</C1>
                  <C2>47.40700000928424</C2>
                </COORD>
                <COORD>
                  <C1>6.920000006716997</C1>
                  <C2>47.408000009284265</C2>
                </COORD>
                <COORD>
                  <C1>6.921000006717833</C1>
                  <C2>47.40900000928442</C2>
                </COORD>
                <COORD>
                  <C1>6.922000006719396</C1>
                  <C2>47.40700000928333</C2>
                </COORD>
                <COORD>
                  <C1>6.923000006720236</C1>
                  <C2>47.40800000928354</C2>
                </COORD>
                <COORD>
                  <C1>6.924000006721314</C1>
                  <C2>47.40800000928335</C2>
                </COORD>
                <COORD>
                  <C1>6.9250000067223905</C1>
                  <C2>47.408000009283086</C2>
                </COORD>
                <COORD>
                  <C1>6.9270000067245485</C1>
                  <C2>47.4080000092826</C2>
                </COORD>
                <COORD>
                  <C1>6.928000006725627</C1>
                  <C2>47.408000009282404</C2>
                </COORD>
                <COORD>
                  <C1>6.929000006726707</C1>
                  <C2>47.40800000928218</C2>
                </COORD>
                <COORD>
                  <C1>6.931000006728863</C1>
                  <C2>47.40800000928173</C2>
                </COORD>
                <COORD>
                  <C1>6.933000006731021</C1>
                  <C2>47.40800000928125</C2>
                </COORD>
                <COORD>
                  <C1>6.935000006733175</C1>
                  <C2>47.4080000092808</C2>
                </COORD>
                <COORD>
                  <C1>6.936000006734255</C1>
                  <C2>47.40800000928058</C2>
                </COORD>
                <COORD>
                  <C1>6.938000006736412</C1>
                  <C2>47.4080000092801</C2>
                </COORD>
                <COORD>
                  <C1>6.93900000673749</C1>
                  <C2>47.408000009279874</C2>
                </COORD>
                <COORD>
                  <C1>6.941000006738675</C1>
                  <C2>47.41200000928118</C2>
                </COORD>
                <COORD>
                  <C1>6.942000006739266</C1>
                  <C2>47.41400000928183</C2>
                </COORD>
                <COORD>
                  <C1>6.942000006739024</C1>
                  <C2>47.41500000928226</C2>
                </COORD>
                <COORD>
                  <C1>6.94200000673878</C1>
                  <C2>47.41600000928269</C2>
                </COORD>
                <COORD>
                  <C1>6.942000006738294</C1>
                  <C2>47.41800000928364</C2>
                </COORD>
                <COORD>
                  <C1>6.942000006737807</C1>
                  <C2>47.4200000092844</C2>
                </COORD>
                <COORD>
                  <C1>6.942000006737564</C1>
                  <C2>47.421000009284874</C2>
                </COORD>
                <COORD>
                  <C1>6.942000006737077</C1>
                  <C2>47.42300000928576</C2>
                </COORD>
                <COORD>
                  <C1>6.942000006736834</C1>
                  <C2>47.424000009286196</C2>
                </COORD>
                <COORD>
                  <C1>6.942000006736348</C1>
                  <C2>47.42600000928704</C2>
                </COORD>
                <COORD>
                  <C1>6.942000006735859</C1>
                  <C2>47.42800000928796</C2>
                </COORD>
                <COORD>
                  <C1>6.942000006735372</C1>
                  <C2>47.43000000928883</C2>
                </COORD>
                <COORD>
                  <C1>6.941000006734051</C1>
                  <C2>47.431000009289505</C2>
                </COORD>
                <COORD>
                  <C1>6.941000006733808</C1>
                  <C2>47.43200000928997</C2>
                </COORD>
                <COORD>
                  <C1>6.941000006733564</C1>
                  <C2>47.43300000929036</C2>
                </COORD>
                <COORD>
                  <C1>6.94100000673332</C1>
                  <C2>47.43400000929077</C2>
                </COORD>
                <COORD>
                  <C1>6.941000006733079</C1>
                  <C2>47.43500000929123</C2>
                </COORD>
                <COORD>
                  <C1>6.942000006733909</C1>
                  <C2>47.436000009291426</C2>
                </COORD>
                <COORD>
                  <C1>6.943000006734988</C1>
                  <C2>47.436000009291234</C2>
                </COORD>
                <COORD>
                  <C1>6.944000006736063</C1>
                  <C2>47.43600000929099</C2>
                </COORD>
                <COORD>
                  <C1>6.94500000673714</C1>
                  <C2>47.436000009290765</C2>
                </COORD>
                <COORD>
                  <C1>6.947000006739292</C1>
                  <C2>47.43600000929026</C2>
                </COORD>
                <COORD>
                  <C1>6.948000006740371</C1>
                  <C2>47.43600000929009</C2>
                </COORD>
                <COORD>
                  <C1>6.951000006743596</C1>
                  <C2>47.43600000928938</C2>
                </COORD>
                <COORD>
                  <C1>6.95200000674443</C1>
                  <C2>47.43700000928957</C2>
                </COORD>
                <COORD>
                  <C1>6.953000006745506</C1>
                  <C2>47.43700000928937</C2>
                </COORD>
                <COORD>
                  <C1>6.955000006747658</C1>
                  <C2>47.43700000928891</C2>
                </COORD>
                <COORD>
                  <C1>6.956000006748734</C1>
                  <C2>47.43700000928865</C2>
                </COORD>
                <COORD>
                  <C1>6.958000006751129</C1>
                  <C2>47.436000009287774</C2>
                </COORD>
                <COORD>
                  <C1>6.9620000067551855</C1>
                  <C2>47.43700000928724</C2>
                </COORD>
                <COORD>
                  <C1>6.965000006758168</C1>
                  <C2>47.43800000928704</C2>
                </COORD>
                <COORD>
                  <C1>6.967000006759828</C1>
                  <C2>47.44000000928743</C2>
                </COORD>
                <COORD>
                  <C1>6.96900000676124</C1>
                  <C2>47.44300000928829</C2>
                </COORD>
                <COORD>
                  <C1>6.97000000676158</C1>
                  <C2>47.44600000928939</C2>
                </COORD>
                <COORD>
                  <C1>6.970000006761334</C1>
                  <C2>47.44700000928977</C2>
                </COORD>
                <COORD>
                  <C1>6.971000006761918</C1>
                  <C2>47.449000009290415</C2>
                </COORD>
                <COORD>
                  <C1>6.973000006764068</C1>
                  <C2>47.44900000928993</C2>
                </COORD>
                <COORD>
                  <C1>6.974000006765141</C1>
                  <C2>47.44900000928971</C2>
                </COORD>
                <COORD>
                  <C1>6.975000006765969</C1>
                  <C2>47.45000000928997</C2>
                </COORD>
                <COORD>
                  <C1>6.976000006767044</C1>
                  <C2>47.45000000928971</C2>
                </COORD>
                <COORD>
                  <C1>6.977000006768119</C1>
                  <C2>47.45000000928947</C2>
                </COORD>
                <COORD>
                  <C1>6.980000006771094</C1>
                  <C2>47.45100000928921</C2>
                </COORD>
                <COORD>
                  <C1>6.98200000677324</C1>
                  <C2>47.45100000928873</C2>
                </COORD>
                <COORD>
                  <C1>6.98500000677671</C1>
                  <C2>47.45000000928764</C2>
                </COORD>
                <COORD>
                  <C1>6.987000006778856</C1>
                  <C2>47.450000009287166</C2>
                </COORD>
                <COORD>
                  <C1>6.989000006781001</C1>
                  <C2>47.450000009286676</C2>
                </COORD>
                <COORD>
                  <C1>6.991000006783149</C1>
                  <C2>47.45000000928623</C2>
                </COORD>
                <COORD>
                  <C1>6.992000006784224</C1>
                  <C2>47.450000009286</C2>
                </COORD>
                <COORD>
                  <C1>6.994000006786122</C1>
                  <C2>47.451000009285984</C2>
                </COORD>
                <COORD>
                  <C1>6.997000006789092</C1>
                  <C2>47.45200000928571</C2>
                </COORD>
                <COORD>
                  <C1>7.000000006791816</C1>
                  <C2>47.45400000928584</C2>
                </COORD>
                <COORD>
                  <C1>7.003000006794538</C1>
                  <C2>47.456000009286065</C2>
                </COORD>
                <COORD>
                  <C1>7.00200000679297</C1>
                  <C2>47.45800000928711</C2>
                </COORD>
                <COORD>
                  <C1>6.998000006788684</C1>
                  <C2>47.458000009288035</C2>
                </COORD>
                <COORD>
                  <C1>6.99900000678926</C1>
                  <C2>47.460000009288684</C2>
                </COORD>
                <COORD>
                  <C1>6.9990000067890135</C1>
                  <C2>47.461000009289094</C2>
                </COORD>
                <COORD>
                  <C1>6.999000006788766</C1>
                  <C2>47.46200000928957</C2>
                </COORD>
                <COORD>
                  <C1>7.000000006789836</C1>
                  <C2>47.46200000928933</C2>
                </COORD>
                <COORD>
                  <C1>7.000000006789591</C1>
                  <C2>47.46300000928975</C2>
                </COORD>
                <COORD>
                  <C1>7.001000006790415</C1>
                  <C2>47.464000009289954</C2>
                </COORD>
                <COORD>
                  <C1>7.002000006791487</C1>
                  <C2>47.464000009289705</C2>
                </COORD>
                <COORD>
                  <C1>7.001000006790167</C1>
                  <C2>47.46500000929034</C2>
                </COORD>
                <COORD>
                  <C1>7.00100000678992</C1>
                  <C2>47.46600000929083</C2>
                </COORD>
                <COORD>
                  <C1>7.0010000067896705</C1>
                  <C2>47.46700000929126</C2>
                </COORD>
                <COORD>
                  <C1>7.001000006789423</C1>
                  <C2>47.46800000929169</C2>
                </COORD>
                <COORD>
                  <C1>7.001000006789176</C1>
                  <C2>47.46900000929212</C2>
                </COORD>
                <COORD>
                  <C1>7.000000006788104</C1>
                  <C2>47.469000009292365</C2>
                </COORD>
                <COORD>
                  <C1>6.999000006787032</C1>
                  <C2>47.46900000929258</C2>
                </COORD>
                <COORD>
                  <C1>6.99700000678489</C1>
                  <C2>47.46900000929302</C2>
                </COORD>
                <COORD>
                  <C1>6.996000006783818</C1>
                  <C2>47.46900000929326</C2>
                </COORD>
                <COORD>
                  <C1>6.994000006781673</C1>
                  <C2>47.46900000929373</C2>
                </COORD>
                <COORD>
                  <C1>6.993000006780846</C1>
                  <C2>47.46800000929354</C2>
                </COORD>
                <COORD>
                  <C1>6.992000006779528</C1>
                  <C2>47.46900000929422</C2>
                </COORD>
                <COORD>
                  <C1>6.992000006779279</C1>
                  <C2>47.470000009294594</C2>
                </COORD>
                <COORD>
                  <C1>6.992000006779033</C1>
                  <C2>47.47100000929506</C2>
                </COORD>
                <COORD>
                  <C1>6.993000006779857</C1>
                  <C2>47.47200000929526</C2>
                </COORD>
                <COORD>
                  <C1>6.994000006780683</C1>
                  <C2>47.47300000929546</C2>
                </COORD>
                <COORD>
                  <C1>6.993000006779363</C1>
                  <C2>47.47400000929615</C2>
                </COORD>
                <COORD>
                  <C1>6.992000006778292</C1>
                  <C2>47.47400000929636</C2>
                </COORD>
                <COORD>
                  <C1>6.9910000067772184</C1>
                  <C2>47.474000009296574</C2>
                </COORD>
                <COORD>
                  <C1>6.990000006775899</C1>
                  <C2>47.47500000929723</C2>
                </COORD>
                <COORD>
                  <C1>6.989000006774828</C1>
                  <C2>47.4750000092975</C2>
                </COORD>
                <COORD>
                  <C1>6.98900000677458</C1>
                  <C2>47.47600000929789</C2>
                </COORD>
                <COORD>
                  <C1>6.98900000677433</C1>
                  <C2>47.47700000929833</C2>
                </COORD>
                <COORD>
                  <C1>6.988000006773014</C1>
                  <C2>47.47800000929899</C2>
                </COORD>
                <COORD>
                  <C1>6.9870000067719396</C1>
                  <C2>47.47800000929923</C2>
                </COORD>
                <COORD>
                  <C1>6.987000006771691</C1>
                  <C2>47.47900000929966</C2>
                </COORD>
                <COORD>
                  <C1>6.988000006772519</C1>
                  <C2>47.48000000929988</C2>
                </COORD>
                <COORD>
                  <C1>6.989000006773343</C1>
                  <C2>47.48100000930004</C2>
                </COORD>
                <COORD>
                  <C1>6.9890000067728435</C1>
                  <C2>47.48300000930092</C2>
                </COORD>
                <COORD>
                  <C1>6.989000006772351</C1>
                  <C2>47.48500000930176</C2>
                </COORD>
                <COORD>
                  <C1>6.989000006771854</C1>
                  <C2>47.48700000930262</C2>
                </COORD>
                <COORD>
                  <C1>6.99000000677243</C1>
                  <C2>47.48900000930325</C2>
                </COORD>
                <COORD>
                  <C1>6.989000006771111</C1>
                  <C2>47.490000009303856</C2>
                </COORD>
                <COORD>
                  <C1>6.988000006769544</C1>
                  <C2>47.49200000930499</C2>
                </COORD>
                <COORD>
                  <C1>6.987000006767975</C1>
                  <C2>47.49400000930605</C2>
                </COORD>
                <COORD>
                  <C1>6.987000006767724</C1>
                  <C2>47.495000009306494</C2>
                </COORD>
                <COORD>
                  <C1>6.9890000067693725</C1>
                  <C2>47.497000009306916</C2>
                </COORD>
                <COORD>
                  <C1>6.992000006772336</C1>
                  <C2>47.49800000930659</C2>
                </COORD>
                <COORD>
                  <C1>6.994000006774479</C1>
                  <C2>47.498000009306125</C2>
                </COORD>
                <COORD>
                  <C1>6.997000006777446</C1>
                  <C2>47.499000009305924</C2>
                </COORD>
                <COORD>
                  <C1>7.000000006780157</C1>
                  <C2>47.50100000930602</C2>
                </COORD>
                <COORD>
                  <C1>7.001000006781227</C1>
                  <C2>47.50100000930582</C2>
                </COORD>
                <COORD>
                  <C1>7.001000006780978</C1>
                  <C2>47.50200000930623</C2>
                </COORD>
                <COORD>
                  <C1>7.0050000067850124</C1>
                  <C2>47.503000009305744</C2>
                </COORD>
                <COORD>
                  <C1>7.00600000678608</C1>
                  <C2>47.503000009305495</C2>
                </COORD>
                <COORD>
                  <C1>7.008000006788219</C1>
                  <C2>47.503000009305005</C2>
                </COORD>
                <COORD>
                  <C1>7.0110000067911775</C1>
                  <C2>47.504000009304725</C2>
                </COORD>
                <COORD>
                  <C1>7.0130000067930665</C1>
                  <C2>47.50500000930468</C2>
                </COORD>
                <COORD>
                  <C1>7.01400000679414</C1>
                  <C2>47.50500000930449</C2>
                </COORD>
                <COORD>
                  <C1>7.016000006796277</C1>
                  <C2>47.505000009304005</C2>
                </COORD>
                <COORD>
                  <C1>7.018000006798165</C1>
                  <C2>47.50600000930395</C2>
                </COORD>
                <COORD>
                  <C1>7.019000006799236</C1>
                  <C2>47.506000009303754</C2>
                </COORD>
                <COORD>
                  <C1>7.020000006800304</C1>
                  <C2>47.506000009303506</C2>
                </COORD>
                <COORD>
                  <C1>7.021000006801371</C1>
                  <C2>47.50600000930326</C2>
                </COORD>
                <COORD>
                  <C1>7.022000006802443</C1>
                  <C2>47.50600000930303</C2>
                </COORD>
                <COORD>
                  <C1>7.025000006805646</C1>
                  <C2>47.50600000930234</C2>
                </COORD>
                <COORD>
                  <C1>7.026000006806717</C1>
                  <C2>47.50600000930207</C2>
                </COORD>
                <COORD>
                  <C1>7.027000006808037</C1>
                  <C2>47.50500000930145</C2>
                </COORD>
                <COORD>
                  <C1>7.027000006808285</C1>
                  <C2>47.50400000930099</C2>
                </COORD>
                <COORD>
                  <C1>7.0280000068093536</C1>
                  <C2>47.504000009300775</C2>
                </COORD>
                <COORD>
                  <C1>7.029000006810672</C1>
                  <C2>47.50300000930013</C2>
                </COORD>
                <COORD>
                  <C1>7.029000006810425</C1>
                  <C2>47.504000009300526</C2>
                </COORD>
                <COORD>
                  <C1>7.03000000681149</C1>
                  <C2>47.50400000930031</C2>
                </COORD>
                <COORD>
                  <C1>7.031000006812811</C1>
                  <C2>47.50300000929963</C2>
                </COORD>
                <COORD>
                  <C1>7.03200000681413</C1>
                  <C2>47.502000009298996</C2>
                </COORD>
                <COORD>
                  <C1>7.033000006815198</C1>
                  <C2>47.50200000929878</C2>
                </COORD>
                <COORD>
                  <C1>7.034000006816267</C1>
                  <C2>47.50200000929851</C2>
                </COORD>
                <COORD>
                  <C1>7.035000006817586</C1>
                  <C2>47.50100000929789</C2>
                </COORD>
                <COORD>
                  <C1>7.0380000068207895</C1>
                  <C2>47.50100000929715</C2>
                </COORD>
                <COORD>
                  <C1>7.038000006821041</C1>
                  <C2>47.500000009296734</C2>
                </COORD>
                <COORD>
                  <C1>7.038000006821292</C1>
                  <C2>47.49900000929633</C2>
                </COORD>
                <COORD>
                  <C1>7.039000006822107</C1>
                  <C2>47.50000000929652</C2>
                </COORD>
                <COORD>
                  <C1>7.041000006824245</C1>
                  <C2>47.500000009296045</C2>
                </COORD>
                <COORD>
                  <C1>7.04200000682531</C1>
                  <C2>47.50000000929578</C2>
                </COORD>
                <COORD>
                  <C1>7.044000006827449</C1>
                  <C2>47.50000000929532</C2>
                </COORD>
                <COORD>
                  <C1>7.045000006828516</C1>
                  <C2>47.500000009295114</C2>
                </COORD>
                <COORD>
                  <C1>7.0470000068306495</C1>
                  <C2>47.500000009294624</C2>
                </COORD>
                <COORD>
                  <C1>7.048000006831971</C1>
                  <C2>47.49900000929399</C2>
                </COORD>
                <COORD>
                  <C1>7.049000006833039</C1>
                  <C2>47.49900000929374</C2>
                </COORD>
                <COORD>
                  <C1>7.050000006834356</C1>
                  <C2>47.498000009293094</C2>
                </COORD>
                <COORD>
                  <C1>7.052000006836492</C1>
                  <C2>47.498000009292625</C2>
                </COORD>
                <COORD>
                  <C1>7.0530000068378085</C1>
                  <C2>47.49700000929193</C2>
                </COORD>
                <COORD>
                  <C1>7.055000006839943</C1>
                  <C2>47.49700000929148</C2>
                </COORD>
                <COORD>
                  <C1>7.057000006842078</C1>
                  <C2>47.49700000929104</C2>
                </COORD>
                <COORD>
                  <C1>7.0590000068442125</C1>
                  <C2>47.49700000929053</C2>
                </COORD>
                <COORD>
                  <C1>7.0620000068474145</C1>
                  <C2>47.49700000928985</C2>
                </COORD>
                <COORD>
                  <C1>7.064000006849548</C1>
                  <C2>47.497000009289344</C2>
                </COORD>
                <COORD>
                  <C1>7.066000006851933</C1>
                  <C2>47.49600000928846</C2>
                </COORD>
                <COORD>
                  <C1>7.068000006854318</C1>
                  <C2>47.49500000928758</C2>
                </COORD>
                <COORD>
                  <C1>7.070000006856449</C1>
                  <C2>47.4950000092871</C2>
                </COORD>
                <COORD>
                  <C1>7.071000006857515</C1>
                  <C2>47.49500000928687</C2>
                </COORD>
                <COORD>
                  <C1>7.0730000068599015</C1>
                  <C2>47.494000009285976</C2>
                </COORD>
                <COORD>
                  <C1>7.073000006860154</C1>
                  <C2>47.49300000928556</C2>
                </COORD>
                <COORD>
                  <C1>7.073000006860406</C1>
                  <C2>47.49200000928513</C2>
                </COORD>
                <COORD>
                  <C1>7.076000006864105</C1>
                  <C2>47.49000000928358</C2>
                </COORD>
                <COORD>
                  <C1>7.079000006867052</C1>
                  <C2>47.49100000928331</C2>
                </COORD>
                <COORD>
                  <C1>7.081000006869189</C1>
                  <C2>47.4910000092828</C2>
                </COORD>
                <COORD>
                  <C1>7.082000006869999</C1>
                  <C2>47.492000009283025</C2>
                </COORD>
                <COORD>
                  <C1>7.083000006871063</C1>
                  <C2>47.492000009282755</C2>
                </COORD>
                <COORD>
                  <C1>7.084000006872133</C1>
                  <C2>47.49200000928252</C2>
                </COORD>
                <COORD>
                  <C1>7.084000006871879</C1>
                  <C2>47.49300000928296</C2>
                </COORD>
                <COORD>
                  <C1>7.0860000068737605</C1>
                  <C2>47.494000009282914</C2>
                </COORD>
                <COORD>
                  <C1>7.088000006875889</C1>
                  <C2>47.494000009282445</C2>
                </COORD>
                <COORD>
                  <C1>7.0900000068777675</C1>
                  <C2>47.495000009282386</C2>
                </COORD>
                <COORD>
                  <C1>7.090000006877514</C1>
                  <C2>47.49600000928281</C2>
                </COORD>
                <COORD>
                  <C1>7.09100000687858</C1>
                  <C2>47.49600000928256</C2>
                </COORD>
                <COORD>
                  <C1>7.092000006879644</C1>
                  <C2>47.49600000928236</C2>
                </COORD>
                <COORD>
                  <C1>7.092000006879391</C1>
                  <C2>47.497000009282765</C2>
                </COORD>
                <COORD>
                  <C1>7.094000006881521</C1>
                  <C2>47.497000009282324</C2>
                </COORD>
                <COORD>
                  <C1>7.095000006882588</C1>
                  <C2>47.497000009282075</C2>
                </COORD>
                <COORD>
                  <C1>7.096000006883653</C1>
                  <C2>47.49700000928183</C2>
                </COORD>
                <COORD>
                  <C1>7.09800000688578</C1>
                  <C2>47.49700000928133</C2>
                </COORD>
                <COORD>
                  <C1>7.099000006886846</C1>
                  <C2>47.497000009281116</C2>
                </COORD>
                <COORD>
                  <C1>7.101000006889227</C1>
                  <C2>47.49600000928018</C2>
                </COORD>
                <COORD>
                  <C1>7.103000006891356</C1>
                  <C2>47.49600000927975</C2>
                </COORD>
                <COORD>
                  <C1>7.105000006893232</C1>
                  <C2>47.4970000092797</C2>
                </COORD>
                <COORD>
                  <C1>7.106000006894297</C1>
                  <C2>47.49700000927946</C2>
                </COORD>
                <COORD>
                  <C1>7.108000006896424</C1>
                  <C2>47.49700000927896</C2>
                </COORD>
                <COORD>
                  <C1>7.110000006898551</C1>
                  <C2>47.49700000927854</C2>
                </COORD>
                <COORD>
                  <C1>7.111000006899617</C1>
                  <C2>47.49700000927829</C2>
                </COORD>
                <COORD>
                  <C1>7.113000006901745</C1>
                  <C2>47.49700000927782</C2>
                </COORD>
                <COORD>
                  <C1>7.117000006905743</C1>
                  <C2>47.4980000092773</C2>
                </COORD>
                <COORD>
                  <C1>7.1170000069054895</C1>
                  <C2>47.4990000092777</C2>
                </COORD>
                <COORD>
                  <C1>7.119000006907363</C1>
                  <C2>47.50000000927765</C2>
                </COORD>
                <COORD>
                  <C1>7.120000006908427</C1>
                  <C2>47.50000000927742</C2>
                </COORD>
                <COORD>
                  <C1>7.121000006909237</C1>
                  <C2>47.5010000092776</C2>
                </COORD>
                <COORD>
                  <C1>7.12300000691111</C1>
                  <C2>47.50200000927755</C2>
                </COORD>
                <COORD>
                  <C1>7.12400000691217</C1>
                  <C2>47.50200000927732</C2>
                </COORD>
                <COORD>
                  <C1>7.125000006912978</C1>
                  <C2>47.50300000927749</C2>
                </COORD>
                <COORD>
                  <C1>7.126000006913786</C1>
                  <C2>47.50400000927769</C2>
                </COORD>
                <COORD>
                  <C1>7.127000006914596</C1>
                  <C2>47.505000009277865</C2>
                </COORD>
                <COORD>
                  <C1>7.129000006916464</C1>
                  <C2>47.50600000927783</C2>
                </COORD>
                <COORD>
                  <C1>7.130000006917782</C1>
                  <C2>47.50500000927717</C2>
                </COORD>
                <COORD>
                  <C1>7.1310000069188435</C1>
                  <C2>47.50500000927691</C2>
                </COORD>
                <COORD>
                  <C1>7.13500000692335</C1>
                  <C2>47.50400000927554</C2>
                </COORD>
                <COORD>
                  <C1>7.137000006925471</C1>
                  <C2>47.504000009275074</C2>
                </COORD>
                <COORD>
                  <C1>7.139000006927597</C1>
                  <C2>47.50400000927461</C2>
                </COORD>
                <COORD>
                  <C1>7.140000006928658</C1>
                  <C2>47.504000009274364</C2>
                </COORD>
                <COORD>
                  <C1>7.142000006931036</C1>
                  <C2>47.503000009273435</C2>
                </COORD>
                <COORD>
                  <C1>7.146000006935792</C1>
                  <C2>47.501000009271664</C2>
                </COORD>
                <COORD>
                  <C1>7.148000006938173</C1>
                  <C2>47.50000000927075</C2>
                </COORD>
                <COORD>
                  <C1>7.151000006941609</C1>
                  <C2>47.49900000926959</C2>
                </COORD>
                <COORD>
                  <C1>7.153000006943989</C1>
                  <C2>47.49800000926872</C2>
                </COORD>
                <COORD>
                  <C1>7.154000006945306</C1>
                  <C2>47.49700000926805</C2>
                </COORD>
                <COORD>
                  <C1>7.156000006947684</C1>
                  <C2>47.496000009267185</C2>
                </COORD>
                <COORD>
                  <C1>7.156000006947941</C1>
                  <C2>47.49500000926677</C2>
                </COORD>
                <COORD>
                  <C1>7.158000006950318</C1>
                  <C2>47.49400000926583</C2>
                </COORD>
                <COORD>
                  <C1>7.159000006951635</C1>
                  <C2>47.49300000926516</C2>
                </COORD>
                <COORD>
                  <C1>7.1600000069526955</C1>
                  <C2>47.493000009264954</C2>
                </COORD>
                <COORD>
                  <C1>7.162000006955075</C1>
                  <C2>47.49200000926404</C2>
                </COORD>
                <COORD>
                  <C1>7.163000006956137</C1>
                  <C2>47.49200000926378</C2>
                </COORD>
                <COORD>
                  <C1>7.165000006958258</C1>
                  <C2>47.49200000926335</C2>
                </COORD>
                <COORD>
                  <C1>7.167000006960376</C1>
                  <C2>47.492000009262824</C2>
                </COORD>
                <COORD>
                  <C1>7.168000006961694</C1>
                  <C2>47.49100000926219</C2>
                </COORD>
                <COORD>
                  <C1>7.171000006964877</C1>
                  <C2>47.49100000926146</C2>
                </COORD>
                <COORD>
                  <C1>7.173000006966739</C1>
                  <C2>47.49200000926139</C2>
                </COORD>
                <COORD>
                  <C1>7.1740000069678</C1>
                  <C2>47.49200000926112</C2>
                </COORD>
                <COORD>
                  <C1>7.175000006968862</C1>
                  <C2>47.49200000926091</C2>
                </COORD>
                <COORD>
                  <C1>7.1770000069709825</C1>
                  <C2>47.49200000926046</C2>
                </COORD>
                <COORD>
                  <C1>7.179000006972844</C1>
                  <C2>47.49300000926038</C2>
                </COORD>
                <COORD>
                  <C1>7.183000006977082</C1>
                  <C2>47.49300000925944</C2>
                </COORD>
                <COORD>
                  <C1>7.185000006979199</C1>
                  <C2>47.49300000925896</C2>
                </COORD>
                <COORD>
                  <C1>7.186000006980263</C1>
                  <C2>47.493000009258694</C2>
                </COORD>
                <COORD>
                  <C1>7.189000006983185</C1>
                  <C2>47.49400000925843</C2>
                </COORD>
                <COORD>
                  <C1>7.191000006985301</C1>
                  <C2>47.49400000925796</C2>
                </COORD>
                <COORD>
                  <C1>7.192000006986361</C1>
                  <C2>47.4940000092577</C2>
                </COORD>
                <COORD>
                  <C1>7.194000006988223</C1>
                  <C2>47.49500000925764</C2>
                </COORD>
                <COORD>
                  <C1>7.1950000069892805</C1>
                  <C2>47.49500000925737</C2>
                </COORD>
                <COORD>
                  <C1>7.196000006990081</C1>
                  <C2>47.496000009257614</C2>
                </COORD>
                <COORD>
                  <C1>7.198000006992199</C1>
                  <C2>47.49600000925706</C2>
                </COORD>
                <COORD>
                  <C1>7.2010000069953755</C1>
                  <C2>47.4960000092564</C2>
                </COORD>
                <COORD>
                  <C1>7.202000006996432</C1>
                  <C2>47.49600000925614</C2>
                </COORD>
                <COORD>
                  <C1>7.202000006996689</C1>
                  <C2>47.495000009255726</C2>
                </COORD>
                <COORD>
                  <C1>7.203000006997749</C1>
                  <C2>47.495000009255456</C2>
                </COORD>
                <COORD>
                  <C1>7.203000006998007</C1>
                  <C2>47.49400000925507</C2>
                </COORD>
                <COORD>
                  <C1>7.204000006999063</C1>
                  <C2>47.49400000925484</C2>
                </COORD>
                <COORD>
                  <C1>7.204000006999323</C1>
                  <C2>47.493000009254395</C2>
                </COORD>
                <COORD>
                  <C1>7.201000006996404</C1>
                  <C2>47.49200000925471</C2>
                </COORD>
                <COORD>
                  <C1>7.199000006994286</C1>
                  <C2>47.492000009255165</C2>
                </COORD>
                <COORD>
                  <C1>7.1970000069924245</C1>
                  <C2>47.491000009255224</C2>
                </COORD>
                <COORD>
                  <C1>7.196000006991368</C1>
                  <C2>47.491000009255444</C2>
                </COORD>
                <COORD>
                  <C1>7.19500000699031</C1>
                  <C2>47.491000009255686</C2>
                </COORD>
                <COORD>
                  <C1>7.194000006989247</C1>
                  <C2>47.491000009255934</C2>
                </COORD>
                <COORD>
                  <C1>7.192000006987132</C1>
                  <C2>47.491000009256425</C2>
                </COORD>
                <COORD>
                  <C1>7.19200000698739</C1>
                  <C2>47.490000009255944</C2>
                </COORD>
                <COORD>
                  <C1>7.192000006987646</C1>
                  <C2>47.48900000925557</C2>
                </COORD>
                <COORD>
                  <C1>7.191000006986846</C1>
                  <C2>47.488000009255394</C2>
                </COORD>
                <COORD>
                  <C1>7.1900000069860415</C1>
                  <C2>47.48700000925522</C2>
                </COORD>
                <COORD>
                  <C1>7.189000006985238</C1>
                  <C2>47.48600000925503</C2>
                </COORD>
                <COORD>
                  <C1>7.188000006984691</C1>
                  <C2>47.48400000925441</C2>
                </COORD>
                <COORD>
                  <C1>7.187000006983887</C1>
                  <C2>47.48300000925423</C2>
                </COORD>
                <COORD>
                  <C1>7.187000006984146</C1>
                  <C2>47.48200000925381</C2>
                </COORD>
                <COORD>
                  <C1>7.1860000069838526</C1>
                  <C2>47.47900000925273</C2>
                </COORD>
                <COORD>
                  <C1>7.184000006982244</C1>
                  <C2>47.47700000925236</C2>
                </COORD>
                <COORD>
                  <C1>7.1830000069816915</C1>
                  <C2>47.47500000925175</C2>
                </COORD>
                <COORD>
                  <C1>7.182000006980632</C1>
                  <C2>47.475000009252</C2>
                </COORD>
                <COORD>
                  <C1>7.181000006979832</C1>
                  <C2>47.47400000925182</C2>
                </COORD>
                <COORD>
                  <C1>7.181000006980086</C1>
                  <C2>47.47300000925141</C2>
                </COORD>
                <COORD>
                  <C1>7.180000006979538</C1>
                  <C2>47.47100000925076</C2>
                </COORD>
                <COORD>
                  <C1>7.178000006977668</C1>
                  <C2>47.4700000092508</C2>
                </COORD>
                <COORD>
                  <C1>7.179000006978733</C1>
                  <C2>47.47000000925058</C2>
                </COORD>
                <COORD>
                  <C1>7.178000006977925</C1>
                  <C2>47.46900000925034</C2>
                </COORD>
                <COORD>
                  <C1>7.179000006978986</C1>
                  <C2>47.469000009250145</C2>
                </COORD>
                <COORD>
                  <C1>7.179000006979243</C1>
                  <C2>47.46800000924973</C2>
                </COORD>
                <COORD>
                  <C1>7.180000006980303</C1>
                  <C2>47.468000009249465</C2>
                </COORD>
                <COORD>
                  <C1>7.180000006980556</C1>
                  <C2>47.46700000924905</C2>
                </COORD>
                <COORD>
                  <C1>7.180000006980814</C1>
                  <C2>47.46600000924864</C2>
                </COORD>
                <COORD>
                  <C1>7.18000000698107</C1>
                  <C2>47.46500000924822</C2>
                </COORD>
                <COORD>
                  <C1>7.180000006981325</C1>
                  <C2>47.46400000924776</C2>
                </COORD>
                <COORD>
                  <C1>7.18000000698158</C1>
                  <C2>47.46300000924736</C2>
                </COORD>
                <COORD>
                  <C1>7.179000006980519</C1>
                  <C2>47.46300000924758</C2>
                </COORD>
                <COORD>
                  <C1>7.179000006980774</C1>
                  <C2>47.46200000924718</C2>
                </COORD>
                <COORD>
                  <C1>7.178000006979714</C1>
                  <C2>47.46200000924737</C2>
                </COORD>
                <COORD>
                  <C1>7.178000006979968</C1>
                  <C2>47.46100000924691</C2>
                </COORD>
                <COORD>
                  <C1>7.179000006981029</C1>
                  <C2>47.46100000924669</C2>
                </COORD>
                <COORD>
                  <C1>7.179000006981283</C1>
                  <C2>47.46000000924628</C2>
                </COORD>
                <COORD>
                  <C1>7.178000006980477</C1>
                  <C2>47.45900000924608</C2>
                </COORD>
                <COORD>
                  <C1>7.178000006980733</C1>
                  <C2>47.45800000924566</C2>
                </COORD>
                <COORD>
                  <C1>7.1770000069801805</C1>
                  <C2>47.45600000924503</C2>
                </COORD>
                <COORD>
                  <C1>7.177000006980436</C1>
                  <C2>47.45500000924459</C2>
                </COORD>
                <COORD>
                  <C1>7.176000006979625</C1>
                  <C2>47.454000009244425</C2>
                </COORD>
                <COORD>
                  <C1>7.175000006979076</C1>
                  <C2>47.452000009243775</C2>
                </COORD>
                <COORD>
                  <C1>7.174000006978269</C1>
                  <C2>47.45100000924358</C2>
                </COORD>
                <COORD>
                  <C1>7.174000006978774</C1>
                  <C2>47.44900000924272</C2>
                </COORD>
                <COORD>
                  <C1>7.173000006977969</C1>
                  <C2>47.448000009242534</C2>
                </COORD>
                <COORD>
                  <C1>7.172000006977161</C1>
                  <C2>47.44700000924235</C2>
                </COORD>
                <COORD>
                  <C1>7.171000006976352</C1>
                  <C2>47.446000009242155</C2>
                </COORD>
                <COORD>
                  <C1>7.171000006976607</C1>
                  <C2>47.44500000924176</C2>
                </COORD>
                <COORD>
                  <C1>7.173000006978734</C1>
                  <C2>47.44500000924123</C2>
                </COORD>
                <COORD>
                  <C1>7.175000006980857</C1>
                  <C2>47.445000009240765</C2>
                </COORD>
                <COORD>
                  <C1>7.177000006982981</C1>
                  <C2>47.445000009240296</C2>
                </COORD>
                <COORD>
                  <C1>7.17900000698536</C1>
                  <C2>47.44400000923938</C2>
                </COORD>
                <COORD>
                  <C1>7.1810000069874835</C1>
                  <C2>47.444000009238934</C2>
                </COORD>
                <COORD>
                  <C1>7.182000006988545</C1>
                  <C2>47.44400000923863</C2>
                </COORD>
                <COORD>
                  <C1>7.184000006990924</C1>
                  <C2>47.443000009237764</C2>
                </COORD>
                <COORD>
                  <C1>7.186000006993046</C1>
                  <C2>47.44300000923728</C2>
                </COORD>
                <COORD>
                  <C1>7.1880000069954235</C1>
                  <C2>47.442000009236374</C2>
                </COORD>
                <COORD>
                  <C1>7.192000006999926</C1>
                  <C2>47.44100000923499</C2>
                </COORD>
                <COORD>
                  <C1>7.193000007000989</C1>
                  <C2>47.441000009234706</C2>
                </COORD>
                <COORD>
                  <C1>7.195000007003366</C1>
                  <C2>47.440000009233785</C2>
                </COORD>
                <COORD>
                  <C1>7.196000007004678</C1>
                  <C2>47.43900000923316</C2>
                </COORD>
                <COORD>
                  <C1>7.196000007004935</C1>
                  <C2>47.438000009232724</C2>
                </COORD>
                <COORD>
                  <C1>7.197000007006253</C1>
                  <C2>47.437000009232015</C2>
                </COORD>
                <COORD>
                  <C1>7.19800000700731</C1>
                  <C2>47.4370000092318</C2>
                </COORD>
                <COORD>
                  <C1>7.199000007008373</C1>
                  <C2>47.43700000923153</C2>
                </COORD>
                <COORD>
                  <C1>7.201000007010496</C1>
                  <C2>47.437000009231056</C2>
                </COORD>
                <COORD>
                  <C1>7.207000007016604</C1>
                  <C2>47.438000009230066</C2>
                </COORD>
                <COORD>
                  <C1>7.20700000701686</C1>
                  <C2>47.437000009229635</C2>
                </COORD>
                <COORD>
                  <C1>7.208000007017918</C1>
                  <C2>47.437000009229415</C2>
                </COORD>
                <COORD>
                  <C1>7.209000007018978</C1>
                  <C2>47.43700000922917</C2>
                </COORD>
                <COORD>
                  <C1>7.210000007019785</C1>
                  <C2>47.438000009229356</C2>
                </COORD>
                <COORD>
                  <C1>7.211000007020845</C1>
                  <C2>47.438000009229114</C2>
                </COORD>
                <COORD>
                  <C1>7.212000007021907</C1>
                  <C2>47.43800000922892</C2>
                </COORD>
                <COORD>
                  <C1>7.213000007022969</C1>
                  <C2>47.43800000922864</C2>
                </COORD>
                <COORD>
                  <C1>7.213000007022711</C1>
                  <C2>47.439000009229076</C2>
                </COORD>
                <COORD>
                  <C1>7.214000007023772</C1>
                  <C2>47.43900000922886</C2>
                </COORD>
                <COORD>
                  <C1>7.215000007024829</C1>
                  <C2>47.4390000092286</C2>
                </COORD>
                <COORD>
                  <C1>7.2160000070258885</C1>
                  <C2>47.439000009228366</C2>
                </COORD>
                <COORD>
                  <C1>7.217000007026949</C1>
                  <C2>47.43900000922811</C2>
                </COORD>
                <COORD>
                  <C1>7.217000007026695</C1>
                  <C2>47.440000009228555</C2>
                </COORD>
                <COORD>
                  <C1>7.2180000070277535</C1>
                  <C2>47.44000000922831</C2>
                </COORD>
                <COORD>
                  <C1>7.219000007028813</C1>
                  <C2>47.440000009228044</C2>
                </COORD>
                <COORD>
                  <C1>7.2200000070298715</C1>
                  <C2>47.44000000922782</C2>
                </COORD>
                <COORD>
                  <C1>7.221000007030677</C1>
                  <C2>47.441000009228</C2>
                </COORD>
                <COORD>
                  <C1>7.222000007031737</C1>
                  <C2>47.44100000922779</C2>
                </COORD>
                <COORD>
                  <C1>7.2230000070327955</C1>
                  <C2>47.44100000922755</C2>
                </COORD>
                <COORD>
                  <C1>7.2240000070338555</C1>
                  <C2>47.44100000922732</C2>
                </COORD>
                <COORD>
                  <C1>7.224000007033598</C1>
                  <C2>47.44200000922773</C2>
                </COORD>
                <COORD>
                  <C1>7.227000007036777</C1>
                  <C2>47.442000009226994</C2>
                </COORD>
                <COORD>
                  <C1>7.228000007037833</C1>
                  <C2>47.44200000922676</C2>
                </COORD>
                <COORD>
                  <C1>7.230000007039953</C1>
                  <C2>47.442000009226284</C2>
                </COORD>
                <COORD>
                  <C1>7.233000007043387</C1>
                  <C2>47.44100000922515</C2>
                </COORD>
                <COORD>
                  <C1>7.234000007044446</C1>
                  <C2>47.44100000922488</C2>
                </COORD>
                <COORD>
                  <C1>7.237000007048135</C1>
                  <C2>47.4390000092233</C2>
                </COORD>
                <COORD>
                  <C1>7.238000007049451</C1>
                  <C2>47.43800000922263</C2>
                </COORD>
                <COORD>
                  <C1>7.239000007050766</C1>
                  <C2>47.43700000922194</C2>
                </COORD>
                <COORD>
                  <C1>7.240000007052338</C1>
                  <C2>47.43500000922082</C2>
                </COORD>
                <COORD>
                  <C1>7.239000007051537</C1>
                  <C2>47.43400000922065</C2>
                </COORD>
                <COORD>
                  <C1>7.239000007051791</C1>
                  <C2>47.433000009220216</C2>
                </COORD>
                <COORD>
                  <C1>7.238000007050735</C1>
                  <C2>47.433000009220464</C2>
                </COORD>
                <COORD>
                  <C1>7.240000007053621</C1>
                  <C2>47.430000009218666</C2>
                </COORD>
                <COORD>
                  <C1>7.243000007056796</C1>
                  <C2>47.430000009217956</C2>
                </COORD>
                <COORD>
                  <C1>7.245000007058916</C1>
                  <C2>47.430000009217466</C2>
                </COORD>
                <COORD>
                  <C1>7.246000007060228</C1>
                  <C2>47.4290000092168</C2>
                </COORD>
                <COORD>
                  <C1>7.2470000070612866</C1>
                  <C2>47.429000009216566</C2>
                </COORD>
                <COORD>
                  <C1>7.246000007060741</C1>
                  <C2>47.427000009215924</C2>
                </COORD>
                <COORD>
                  <C1>7.247000007062057</C1>
                  <C2>47.42600000921525</C2>
                </COORD>
                <COORD>
                  <C1>7.247000007062314</C1>
                  <C2>47.42500000921483</C2>
                </COORD>
                <COORD>
                  <C1>7.24700000706257</C1>
                  <C2>47.42400000921439</C2>
                </COORD>
                <COORD>
                  <C1>7.246000007061768</C1>
                  <C2>47.42300000921419</C2>
                </COORD>
                <COORD>
                  <C1>7.2470000070630824</C1>
                  <C2>47.422000009213505</C2>
                </COORD>
                <COORD>
                  <C1>7.248000007063884</C1>
                  <C2>47.4230000092137</C2>
                </COORD>
                <COORD>
                  <C1>7.249000007064944</C1>
                  <C2>47.42300000921346</C2>
                </COORD>
                <COORD>
                  <C1>7.250000007066002</C1>
                  <C2>47.4230000092132</C2>
                </COORD>
                <COORD>
                  <C1>7.251000007066807</C1>
                  <C2>47.42400000921344</C2>
                </COORD>
                <COORD>
                  <C1>7.251000007066548</C1>
                  <C2>47.425000009213875</C2>
                </COORD>
                <COORD>
                  <C1>7.252000007067608</C1>
                  <C2>47.425000009213605</C2>
                </COORD>
                <COORD>
                  <C1>7.253000007068664</C1>
                  <C2>47.42500000921338</C2>
                </COORD>
                <COORD>
                  <C1>7.254000007069721</C1>
                  <C2>47.42500000921313</C2>
                </COORD>
                <COORD>
                  <C1>7.254000007069465</C1>
                  <C2>47.42600000921355</C2>
                </COORD>
                <COORD>
                  <C1>7.255000007070521</C1>
                  <C2>47.426000009213304</C2>
                </COORD>
                <COORD>
                  <C1>7.256000007071581</C1>
                  <C2>47.42600000921305</C2>
                </COORD>
                <COORD>
                  <C1>7.257000007072383</C1>
                  <C2>47.42700000921325</C2>
                </COORD>
                <COORD>
                  <C1>7.258000007073441</C1>
                  <C2>47.42700000921304</C2>
                </COORD>
                <COORD>
                  <C1>7.2590000070744995</C1>
                  <C2>47.42700000921281</C2>
                </COORD>
                <COORD>
                  <C1>7.260000007075558</C1>
                  <C2>47.427000009212556</C2>
                </COORD>
                <COORD>
                  <C1>7.261000007076612</C1>
                  <C2>47.42700000921233</C2>
                </COORD>
                <COORD>
                  <C1>7.262000007077413</C1>
                  <C2>47.428000009212454</C2>
                </COORD>
                <COORD>
                  <C1>7.263000007078471</C1>
                  <C2>47.42800000921225</C2>
                </COORD>
                <COORD>
                  <C1>7.264000007079527</C1>
                  <C2>47.428000009212006</C2>
                </COORD>
                <COORD>
                  <C1>7.265000007080584</C1>
                  <C2>47.428000009211765</C2>
                </COORD>
                <COORD>
                  <C1>7.266000007081642</C1>
                  <C2>47.428000009211516</C2>
                </COORD>
                <COORD>
                  <C1>7.2670000070824425</C1>
                  <C2>47.429000009211705</C2>
                </COORD>
                <COORD>
                  <C1>7.268000007083496</C1>
                  <C2>47.42900000921149</C2>
                </COORD>
                <COORD>
                  <C1>7.269000007084557</C1>
                  <C2>47.429000009211215</C2>
                </COORD>
                <COORD>
                  <C1>7.270000007085613</C1>
                  <C2>47.429000009211016</C2>
                </COORD>
                <COORD>
                  <C1>7.27100000708667</C1>
                  <C2>47.42900000921076</C2>
                </COORD>
                <COORD>
                  <C1>7.2720000070874695</C1>
                  <C2>47.430000009210936</C2>
                </COORD>
                <COORD>
                  <C1>7.273000007088526</C1>
                  <C2>47.4300000092107</C2>
                </COORD>
                <COORD>
                  <C1>7.273000007088265</C1>
                  <C2>47.4310000092111</C2>
                </COORD>
                <COORD>
                  <C1>7.2740000070893265</C1>
                  <C2>47.431000009210884</C2>
                </COORD>
                <COORD>
                  <C1>7.2750000070901235</C1>
                  <C2>47.43200000921106</C2>
                </COORD>
                <COORD>
                  <C1>7.276000007091178</C1>
                  <C2>47.43200000921083</C2>
                </COORD>
                <COORD>
                  <C1>7.276000007090924</C1>
                  <C2>47.433000009211284</C2>
                </COORD>
                <COORD>
                  <C1>7.2770000070919805</C1>
                  <C2>47.433000009211014</C2>
                </COORD>
                <COORD>
                  <C1>7.278000007093032</C1>
                  <C2>47.433000009210794</C2>
                </COORD>
                <COORD>
                  <C1>7.2780000070927775</C1>
                  <C2>47.43400000921122</C2>
                </COORD>
                <COORD>
                  <C1>7.279000007093831</C1>
                  <C2>47.434000009210976</C2>
                </COORD>
                <COORD>
                  <C1>7.279000007093574</C1>
                  <C2>47.435000009211386</C2>
                </COORD>
                <COORD>
                  <C1>7.28000000709463</C1>
                  <C2>47.435000009211144</C2>
                </COORD>
                <COORD>
                  <C1>7.281000007095686</C1>
                  <C2>47.4350000092109</C2>
                </COORD>
                <COORD>
                  <C1>7.282000007096741</C1>
                  <C2>47.435000009210704</C2>
                </COORD>
                <COORD>
                  <C1>7.2820000070964825</C1>
                  <C2>47.43600000921109</C2>
                </COORD>
                <COORD>
                  <C1>7.282000007096225</C1>
                  <C2>47.43700000921154</C2>
                </COORD>
                <COORD>
                  <C1>7.28300000709728</C1>
                  <C2>47.4370000092113</C2>
                </COORD>
                <COORD>
                  <C1>7.284000007098338</C1>
                  <C2>47.43700000921106</C2>
                </COORD>
                <COORD>
                  <C1>7.28500000709939</C1>
                  <C2>47.4370000092108</C2>
                </COORD>
                <COORD>
                  <C1>7.286000007100446</C1>
                  <C2>47.43700000921059</C2>
                </COORD>
                <COORD>
                  <C1>7.287000007101502</C1>
                  <C2>47.43700000921033</C2>
                </COORD>
                <COORD>
                  <C1>7.288000007102559</C1>
                  <C2>47.437000009210095</C2>
                </COORD>
                <COORD>
                  <C1>7.289000007103611</C1>
                  <C2>47.43700000920982</C2>
                </COORD>
                <COORD>
                  <C1>7.290000007104669</C1>
                  <C2>47.43700000920959</C2>
                </COORD>
                <COORD>
                  <C1>7.290000007104928</C1>
                  <C2>47.43600000920918</C2>
                </COORD>
                <COORD>
                  <C1>7.291000007105985</C1>
                  <C2>47.436000009208904</C2>
                </COORD>
                <COORD>
                  <C1>7.292000007107037</C1>
                  <C2>47.436000009208676</C2>
                </COORD>
                <COORD>
                  <C1>7.293000007108096</C1>
                  <C2>47.43600000920842</C2>
                </COORD>
                <COORD>
                  <C1>7.293000007108353</C1>
                  <C2>47.435000009208004</C2>
                </COORD>
                <COORD>
                  <C1>7.294000007109407</C1>
                  <C2>47.43500000920775</C2>
                </COORD>
                <COORD>
                  <C1>7.294000007109153</C1>
                  <C2>47.436000009208186</C2>
                </COORD>
                <COORD>
                  <C1>7.295000007110206</C1>
                  <C2>47.43600000920795</C2>
                </COORD>
                <COORD>
                  <C1>7.29600000711126</C1>
                  <C2>47.43600000920769</C2>
                </COORD>
                <COORD>
                  <C1>7.296000007111</C1>
                  <C2>47.43700000920818</C2>
                </COORD>
                <COORD>
                  <C1>7.297000007112055</C1>
                  <C2>47.437000009207864</C2>
                </COORD>
                <COORD>
                  <C1>7.297000007111799</C1>
                  <C2>47.43800000920834</C2>
                </COORD>
                <COORD>
                  <C1>7.298000007112851</C1>
                  <C2>47.438000009208096</C2>
                </COORD>
                <COORD>
                  <C1>7.299000007113907</C1>
                  <C2>47.43800000920787</C2>
                </COORD>
                <COORD>
                  <C1>7.30000000711496</C1>
                  <C2>47.43800000920761</C2>
                </COORD>
                <COORD>
                  <C1>7.301000007116017</C1>
                  <C2>47.43800000920734</C2>
                </COORD>
                <COORD>
                  <C1>7.302000007116814</C1>
                  <C2>47.43900000920754</C2>
                </COORD>
                <COORD>
                  <C1>7.302000007116549</C1>
                  <C2>47.440000009208</C2>
                </COORD>
                <COORD>
                  <C1>7.303000007117605</C1>
                  <C2>47.44000000920777</C2>
                </COORD>
                <COORD>
                  <C1>7.303000007117344</C1>
                  <C2>47.44100000920817</C2>
                </COORD>
                <COORD>
                  <C1>7.304000007118402</C1>
                  <C2>47.44100000920792</C2>
                </COORD>
                <COORD>
                  <C1>7.305000007119452</C1>
                  <C2>47.441000009207634</C2>
                </COORD>
                <COORD>
                  <C1>7.306000007120508</C1>
                  <C2>47.44100000920742</C2>
                </COORD>
                <COORD>
                  <C1>7.307000007121561</C1>
                  <C2>47.441000009207194</C2>
                </COORD>
                <COORD>
                  <C1>7.308000007122617</C1>
                  <C2>47.441000009206945</C2>
                </COORD>
                <COORD>
                  <C1>7.309000007123669</C1>
                  <C2>47.4410000092067</C2>
                </COORD>
                <COORD>
                  <C1>7.310000007124724</C1>
                  <C2>47.44100000920644</C2>
                </COORD>
                <COORD>
                  <C1>7.310000007124985</C1>
                  <C2>47.440000009206045</C2>
                </COORD>
                <COORD>
                  <C1>7.311000007126038</C1>
                  <C2>47.44000000920579</C2>
                </COORD>
                <COORD>
                  <C1>7.312000007127093</C1>
                  <C2>47.44000000920553</C2>
                </COORD>
                <COORD>
                  <C1>7.3130000071281485</C1>
                  <C2>47.44000000920529</C2>
                </COORD>
                <COORD>
                  <C1>7.3140000071291995</C1>
                  <C2>47.440000009205036</C2>
                </COORD>
                <COORD>
                  <C1>7.315000007130257</C1>
                  <C2>47.44000000920479</C2>
                </COORD>
                <COORD>
                  <C1>7.315000007129994</C1>
                  <C2>47.44100000920525</C2>
                </COORD>
                <COORD>
                  <C1>7.316000007131048</C1>
                  <C2>47.441000009205005</C2>
                </COORD>
                <COORD>
                  <C1>7.317000007132102</C1>
                  <C2>47.44100000920478</C2>
                </COORD>
                <COORD>
                  <C1>7.318000007133154</C1>
                  <C2>47.4410000092045</C2>
                </COORD>
                <COORD>
                  <C1>7.319000007134209</C1>
                  <C2>47.44100000920427</C2>
                </COORD>
                <COORD>
                  <C1>7.320000007135262</C1>
                  <C2>47.44100000920402</C2>
                </COORD>
                <COORD>
                  <C1>7.321000007136315</C1>
                  <C2>47.44100000920375</C2>
                </COORD>
                <COORD>
                  <C1>7.321000007136575</C1>
                  <C2>47.440000009203324</C2>
                </COORD>
                <COORD>
                  <C1>7.32200000713763</C1>
                  <C2>47.44000000920308</C2>
                </COORD>
                <COORD>
                  <C1>7.322000007137367</C1>
                  <C2>47.44100000920354</C2>
                </COORD>
                <COORD>
                  <C1>7.323000007138425</C1>
                  <C2>47.44100000920329</C2>
                </COORD>
                <COORD>
                  <C1>7.324000007139472</C1>
                  <C2>47.441000009203016</C2>
                </COORD>
                <COORD>
                  <C1>7.3250000071405275</C1>
                  <C2>47.441000009202824</C2>
                </COORD>
                <COORD>
                  <C1>7.326000007141579</C1>
                  <C2>47.441000009202575</C2>
                </COORD>
                <COORD>
                  <C1>7.3260000071413165</C1>
                  <C2>47.44200000920298</C2>
                </COORD>
                <COORD>
                  <C1>7.327000007142372</C1>
                  <C2>47.44200000920275</C2>
                </COORD>
                <COORD>
                  <C1>7.32800000714343</C1>
                  <C2>47.442000009202495</C2>
                </COORD>
                <COORD>
                  <C1>7.3290000071444785</C1>
                  <C2>47.44200000920226</C2>
                </COORD>
                <COORD>
                  <C1>7.329000007144216</C1>
                  <C2>47.44300000920267</C2>
                </COORD>
                <COORD>
                  <C1>7.330000007145269</C1>
                  <C2>47.44300000920244</C2>
                </COORD>
                <COORD>
                  <C1>7.331000007146322</C1>
                  <C2>47.44300000920218</C2>
                </COORD>
                <COORD>
                  <C1>7.331000007146062</C1>
                  <C2>47.4440000092026</C2>
                </COORD>
                <COORD>
                  <C1>7.332000007147112</C1>
                  <C2>47.44400000920238</C2>
                </COORD>
                <COORD>
                  <C1>7.332000007147374</C1>
                  <C2>47.44300000920193</C2>
                </COORD>
                <COORD>
                  <C1>7.3330000071484305</C1>
                  <C2>47.443000009201704</C2>
                </COORD>
                <COORD>
                  <C1>7.334000007149481</C1>
                  <C2>47.44300000920145</C2>
                </COORD>
                <COORD>
                  <C1>7.335000007150531</C1>
                  <C2>47.44300000920119</C2>
                </COORD>
                <COORD>
                  <C1>7.336000007151583</C1>
                  <C2>47.443000009200965</C2>
                </COORD>
                <COORD>
                  <C1>7.337000007152635</C1>
                  <C2>47.44300000920071</C2>
                </COORD>
                <COORD>
                  <C1>7.338000007153689</C1>
                  <C2>47.443000009200475</C2>
                </COORD>
                <COORD>
                  <C1>7.339000007154743</C1>
                  <C2>47.44300000920023</C2>
                </COORD>
                <COORD>
                  <C1>7.340000007155793</C1>
                  <C2>47.44300000919998</C2>
                </COORD>
                <COORD>
                  <C1>7.341000007156845</C1>
                  <C2>47.44300000919973</C2>
                </COORD>
                <COORD>
                  <C1>7.341000007157105</C1>
                  <C2>47.44200000919931</C2>
                </COORD>
                <COORD>
                  <C1>7.342000007158157</C1>
                  <C2>47.44200000919906</C2>
                </COORD>
                <COORD>
                  <C1>7.342000007158417</C1>
                  <C2>47.441000009198646</C2>
                </COORD>
                <COORD>
                  <C1>7.3430000071594685</C1>
                  <C2>47.441000009198405</C2>
                </COORD>
                <COORD>
                  <C1>7.343000007159734</C1>
                  <C2>47.440000009197945</C2>
                </COORD>
                <COORD>
                  <C1>7.3440000071607825</C1>
                  <C2>47.44000000919769</C2>
                </COORD>
                <COORD>
                  <C1>7.345000007161834</C1>
                  <C2>47.44000000919748</C2>
                </COORD>
                <COORD>
                  <C1>7.346000007162889</C1>
                  <C2>47.44000000919726</C2>
                </COORD>
                <COORD>
                  <C1>7.346000007163145</C1>
                  <C2>47.439000009196796</C2>
                </COORD>
                <COORD>
                  <C1>7.3460000071634095</C1>
                  <C2>47.43800000919634</C2>
                </COORD>
                <COORD>
                  <C1>7.347000007164464</C1>
                  <C2>47.43800000919611</C2>
                </COORD>
                <COORD>
                  <C1>7.348000007165511</C1>
                  <C2>47.43800000919588</C2>
                </COORD>
                <COORD>
                  <C1>7.348000007165774</C1>
                  <C2>47.437000009195444</C2>
                </COORD>
                <COORD>
                  <C1>7.349000007166828</C1>
                  <C2>47.43700000919517</C2>
                </COORD>
                <COORD>
                  <C1>7.350000007167876</C1>
                  <C2>47.437000009194946</C2>
                </COORD>
                <COORD>
                  <C1>7.3510000071689285</C1>
                  <C2>47.43700000919467</C2>
                </COORD>
                <COORD>
                  <C1>7.352000007169979</C1>
                  <C2>47.43700000919442</C2>
                </COORD>
                <COORD>
                  <C1>7.353000007171032</C1>
                  <C2>47.43700000919422</C2>
                </COORD>
                <COORD>
                  <C1>7.353000007171293</C1>
                  <C2>47.436000009193805</C2>
                </COORD>
                <COORD>
                  <C1>7.354000007172345</C1>
                  <C2>47.43600000919353</C2>
                </COORD>
                <COORD>
                  <C1>7.3550000071733965</C1>
                  <C2>47.436000009193265</C2>
                </COORD>
                <COORD>
                  <C1>7.356000007174447</C1>
                  <C2>47.43600000919306</C2>
                </COORD>
                <COORD>
                  <C1>7.357000007175499</C1>
                  <C2>47.43600000919278</C2>
                </COORD>
                <COORD>
                  <C1>7.358000007176551</C1>
                  <C2>47.43600000919256</C2>
                </COORD>
                <COORD>
                  <C1>7.359000007177602</C1>
                  <C2>47.436000009192284</C2>
                </COORD>
                <COORD>
                  <C1>7.3600000071786535</C1>
                  <C2>47.43600000919205</C2>
                </COORD>
                <COORD>
                  <C1>7.361000007179701</C1>
                  <C2>47.43600000919178</C2>
                </COORD>
                <COORD>
                  <C1>7.362000007180751</C1>
                  <C2>47.43600000919156</C2>
                </COORD>
                <COORD>
                  <C1>7.363000007181806</C1>
                  <C2>47.43600000919133</C2>
                </COORD>
                <COORD>
                  <C1>7.364000007182858</C1>
                  <C2>47.436000009191076</C2>
                </COORD>
                <COORD>
                  <C1>7.365000007183906</C1>
                  <C2>47.43600000919084</C2>
                </COORD>
                <COORD>
                  <C1>7.366000007184956</C1>
                  <C2>47.43600000919057</C2>
                </COORD>
                <COORD>
                  <C1>7.367000007186008</C1>
                  <C2>47.43600000919032</C2>
                </COORD>
                <COORD>
                  <C1>7.368000007187057</C1>
                  <C2>47.436000009190096</C2>
                </COORD>
                <COORD>
                  <C1>7.369000007188107</C1>
                  <C2>47.436000009189826</C2>
                </COORD>
                <COORD>
                  <C1>7.37000000718916</C1>
                  <C2>47.436000009189605</C2>
                </COORD>
                <COORD>
                  <C1>7.371000007190209</C1>
                  <C2>47.436000009189364</C2>
                </COORD>
                <COORD>
                  <C1>7.372000007191259</C1>
                  <C2>47.43600000918909</C2>
                </COORD>
                <COORD>
                  <C1>7.373000007192309</C1>
                  <C2>47.436000009188845</C2>
                </COORD>
                <COORD>
                  <C1>7.374000007193359</C1>
                  <C2>47.436000009188646</C2>
                </COORD>
                <COORD>
                  <C1>7.37500000719441</C1>
                  <C2>47.43600000918839</C2>
                </COORD>
                <COORD>
                  <C1>7.375000007194673</C1>
                  <C2>47.43500000918794</C2>
                </COORD>
                <COORD>
                  <C1>7.376000007195722</C1>
                  <C2>47.43500000918767</C2>
                </COORD>
                <COORD>
                  <C1>7.377000007196768</C1>
                  <C2>47.43500000918742</C2>
                </COORD>
                <COORD>
                  <C1>7.378000007197822</C1>
                  <C2>47.43500000918716</C2>
                </COORD>
                <COORD>
                  <C1>7.37900000719887</C1>
                  <C2>47.43500000918694</C2>
                </COORD>
                <COORD>
                  <C1>7.380000007199922</C1>
                  <C2>47.43500000918668</C2>
                </COORD>
                <COORD>
                  <C1>7.380000007200182</C1>
                  <C2>47.43400000918627</C2>
                </COORD>
                <COORD>
                  <C1>7.3810000072012345</C1>
                  <C2>47.43400000918603</C2>
                </COORD>
                <COORD>
                  <C1>7.382000007202284</C1>
                  <C2>47.434000009185795</C2>
                </COORD>
                <COORD>
                  <C1>7.383000007203071</C1>
                  <C2>47.43500000918597</C2>
                </COORD>
                <COORD>
                  <C1>7.384000007204121</C1>
                  <C2>47.43500000918569</C2>
                </COORD>
                <COORD>
                  <C1>7.385000007205434</C1>
                  <C2>47.43400000918501</C2>
                </COORD>
                <COORD>
                  <C1>7.387000007207531</C1>
                  <C2>47.43400000918454</C2>
                </COORD>
                <COORD>
                  <C1>7.389000007209369</C1>
                  <C2>47.435000009184456</C2>
                </COORD>
                <COORD>
                  <C1>7.391000007211199</C1>
                  <C2>47.4360000091844</C2>
                </COORD>
                <COORD>
                  <C1>7.393000007213297</C1>
                  <C2>47.43600000918388</C2>
                </COORD>
                <COORD>
                  <C1>7.394000007214082</C1>
                  <C2>47.437000009184075</C2>
                </COORD>
                <COORD>
                  <C1>7.395000007215134</C1>
                  <C2>47.43700000918385</C2>
                </COORD>
                <COORD>
                  <C1>7.396000007216181</C1>
                  <C2>47.4370000091836</C2>
                </COORD>
                <COORD>
                  <C1>7.3970000072172315</C1>
                  <C2>47.437000009183336</C2>
                </COORD>
                <COORD>
                  <C1>7.400000007220375</C1>
                  <C2>47.437000009182604</C2>
                </COORD>
                <COORD>
                  <C1>7.401000007221422</C1>
                  <C2>47.437000009182356</C2>
                </COORD>
                <COORD>
                  <C1>7.404000007224571</C1>
                  <C2>47.43700000918165</C2>
                </COORD>
                <COORD>
                  <C1>7.40400000722404</C1>
                  <C2>47.43900000918253</C2>
                </COORD>
                <COORD>
                  <C1>7.404000007223779</C1>
                  <C2>47.44000000918291</C2>
                </COORD>
                <COORD>
                  <C1>7.404000007223513</C1>
                  <C2>47.44100000918337</C2>
                </COORD>
                <COORD>
                  <C1>7.405000007224559</C1>
                  <C2>47.44100000918312</C2>
                </COORD>
                <COORD>
                  <C1>7.406000007225609</C1>
                  <C2>47.441000009182865</C2>
                </COORD>
                <COORD>
                  <C1>7.406000007225345</C1>
                  <C2>47.44200000918331</C2>
                </COORD>
                <COORD>
                  <C1>7.40700000722639</C1>
                  <C2>47.44200000918307</C2>
                </COORD>
                <COORD>
                  <C1>7.4080000072274395</C1>
                  <C2>47.44200000918285</C2>
                </COORD>
                <COORD>
                  <C1>7.4080000072271766</C1>
                  <C2>47.4430000091832</C2>
                </COORD>
                <COORD>
                  <C1>7.409000007228225</C1>
                  <C2>47.44300000918301</C2>
                </COORD>
                <COORD>
                  <C1>7.410000007229272</C1>
                  <C2>47.44300000918275</C2>
                </COORD>
                <COORD>
                  <C1>7.411000007230319</C1>
                  <C2>47.443000009182484</C2>
                </COORD>
                <COORD>
                  <C1>7.411000007230052</C1>
                  <C2>47.444000009182865</C2>
                </COORD>
                <COORD>
                  <C1>7.412000007231102</C1>
                  <C2>47.44400000918268</C2>
                </COORD>
                <COORD>
                  <C1>7.413000007232151</C1>
                  <C2>47.444000009182425</C2>
                </COORD>
                <COORD>
                  <C1>7.414000007233193</C1>
                  <C2>47.44400000918216</C2>
                </COORD>
                <COORD>
                  <C1>7.415000007233978</C1>
                  <C2>47.44500000918237</C2>
                </COORD>
                <COORD>
                  <C1>7.416000007235026</C1>
                  <C2>47.445000009182145</C2>
                </COORD>
                <COORD>
                  <C1>7.417000007236073</C1>
                  <C2>47.44500000918189</C2>
                </COORD>
                <COORD>
                  <C1>7.418000007236855</C1>
                  <C2>47.44600000918205</C2>
                </COORD>
                <COORD>
                  <C1>7.419000007237901</C1>
                  <C2>47.44600000918181</C2>
                </COORD>
                <COORD>
                  <C1>7.419000007237634</C1>
                  <C2>47.447000009182204</C2>
                </COORD>
                <COORD>
                  <C1>7.4200000072386825</C1>
                  <C2>47.44700000918198</C2>
                </COORD>
                <COORD>
                  <C1>7.42100000723973</C1>
                  <C2>47.447000009181735</C2>
                </COORD>
                <COORD>
                  <C1>7.422000007240509</C1>
                  <C2>47.44800000918192</C2>
                </COORD>
                <COORD>
                  <C1>7.423000007241293</C1>
                  <C2>47.44900000918207</C2>
                </COORD>
                <COORD>
                  <C1>7.424000007242072</C1>
                  <C2>47.45000000918225</C2>
                </COORD>
                <COORD>
                  <C1>7.425000007242587</C1>
                  <C2>47.45200000918289</C2>
                </COORD>
                <COORD>
                  <C1>7.424000007241545</C1>
                  <C2>47.45200000918314</C2>
                </COORD>
                <COORD>
                  <C1>7.424000007241279</C1>
                  <C2>47.45300000918358</C2>
                </COORD>
                <COORD>
                  <C1>7.426000007243106</C1>
                  <C2>47.45400000918349</C2>
                </COORD>
                <COORD>
                  <C1>7.428000007244934</C1>
                  <C2>47.455000009183415</C2>
                </COORD>
                <COORD>
                  <C1>7.4290000072459765</C1>
                  <C2>47.45500000918317</C2>
                </COORD>
                <COORD>
                  <C1>7.430000007246756</C1>
                  <C2>47.45600000918333</C2>
                </COORD>
                <COORD>
                  <C1>7.430000007246494</C1>
                  <C2>47.45700000918378</C2>
                </COORD>
                <COORD>
                  <C1>7.42900000724518</C1>
                  <C2>47.45800000918446</C2>
                </COORD>
                <COORD>
                  <C1>7.429000007244917</C1>
                  <C2>47.45900000918488</C2>
                </COORD>
                <COORD>
                  <C1>7.430000007245697</C1>
                  <C2>47.46000000918504</C2>
                </COORD>
                <COORD>
                  <C1>7.431000007246472</C1>
                  <C2>47.46100000918526</C2>
                </COORD>
                <COORD>
                  <C1>7.432000007247519</C1>
                  <C2>47.46100000918497</C2>
                </COORD>
                <COORD>
                  <C1>7.434000007249608</C1>
                  <C2>47.46100000918449</C2>
                </COORD>
                <COORD>
                  <C1>7.436000007251431</C1>
                  <C2>47.46200000918444</C2>
                </COORD>
                <COORD>
                  <C1>7.437000007252475</C1>
                  <C2>47.462000009184145</C2>
                </COORD>
                <COORD>
                  <C1>7.438000007253524</C1>
                  <C2>47.46200000918392</C2>
                </COORD>
                <COORD>
                  <C1>7.439000007254302</C1>
                  <C2>47.4630000091841</C2>
                </COORD>
                <COORD>
                  <C1>7.4410000072563935</C1>
                  <C2>47.46300000918363</C2>
                </COORD>
                <COORD>
                  <C1>7.443000007258482</C1>
                  <C2>47.46300000918313</C2>
                </COORD>
                <COORD>
                  <C1>7.4440000072595245</C1>
                  <C2>47.463000009182856</C2>
                </COORD>
                <COORD>
                  <C1>7.445000007260303</C1>
                  <C2>47.464000009183025</C2>
                </COORD>
                <COORD>
                  <C1>7.446000007261347</C1>
                  <C2>47.464000009182776</C2>
                </COORD>
                <COORD>
                  <C1>7.446000007261081</C1>
                  <C2>47.465000009183235</C2>
                </COORD>
                <COORD>
                  <C1>7.447000007262123</C1>
                  <C2>47.46500000918297</C2>
                </COORD>
                <COORD>
                  <C1>7.448000007262903</C1>
                  <C2>47.46600000918315</C2>
                </COORD>
                <COORD>
                  <C1>7.449000007263942</C1>
                  <C2>47.46600000918287</C2>
                </COORD>
                <COORD>
                  <C1>7.4500000072647214</C1>
                  <C2>47.46700000918307</C2>
                </COORD>
                <COORD>
                  <C1>7.450000007264455</C1>
                  <C2>47.46800000918348</C2>
                </COORD>
                <COORD>
                  <C1>7.450000007264188</C1>
                  <C2>47.46900000918393</C2>
                </COORD>
                <COORD>
                  <C1>7.451000007265234</C1>
                  <C2>47.46900000918365</C2>
                </COORD>
                <COORD>
                  <C1>7.451000007264964</C1>
                  <C2>47.4700000091841</C2>
                </COORD>
                <COORD>
                  <C1>7.452000007266008</C1>
                  <C2>47.47000000918386</C2>
                </COORD>
                <COORD>
                  <C1>7.454000007267831</C1>
                  <C2>47.471000009183804</C2>
                </COORD>
                <COORD>
                  <C1>7.455000007268605</C1>
                  <C2>47.47200000918394</C2>
                </COORD>
                <COORD>
                  <C1>7.456000007269383</C1>
                  <C2>47.47300000918413</C2>
                </COORD>
                <COORD>
                  <C1>7.457000007270424</C1>
                  <C2>47.47300000918386</C2>
                </COORD>
                <COORD>
                  <C1>7.457000007269888</C1>
                  <C2>47.47500000918473</C2>
                </COORD>
                <COORD>
                  <C1>7.455000007267535</C1>
                  <C2>47.476000009185675</C2>
                </COORD>
                <COORD>
                  <C1>7.454000007266489</C1>
                  <C2>47.476000009185896</C2>
                </COORD>
                <COORD>
                  <C1>7.452000007264138</C1>
                  <C2>47.477000009186845</C2>
                </COORD>
                <COORD>
                  <C1>7.451000007263094</C1>
                  <C2>47.477000009187094</C2>
                </COORD>
                <COORD>
                  <C1>7.449000007261275</C1>
                  <C2>47.47600000918715</C2>
                </COORD>
                <COORD>
                  <C1>7.448000007259963</C1>
                  <C2>47.47700000918783</C2>
                </COORD>
                <COORD>
                  <C1>7.447000007258921</C1>
                  <C2>47.477000009188096</C2>
                </COORD>
                <COORD>
                  <C1>7.4470000072586515</C1>
                  <C2>47.478000009188506</C2>
                </COORD>
                <COORD>
                  <C1>7.447000007258386</C1>
                  <C2>47.479000009188915</C2>
                </COORD>
                <COORD>
                  <C1>7.445000007256032</C1>
                  <C2>47.48000000918984</C2>
                </COORD>
                <COORD>
                  <C1>7.443000007253675</C1>
                  <C2>47.481000009190765</C2>
                </COORD>
                <COORD>
                  <C1>7.443000007253944</C1>
                  <C2>47.48000000919036</C2>
                </COORD>
                <COORD>
                  <C1>7.440000007250542</C1>
                  <C2>47.48100000919152</C2>
                </COORD>
                <COORD>
                  <C1>7.437000007246876</C1>
                  <C2>47.48300000919312</C2>
                </COORD>
                <COORD>
                  <C1>7.436000007245832</C1>
                  <C2>47.48300000919335</C2>
                </COORD>
                <COORD>
                  <C1>7.43500000724479</C1>
                  <C2>47.48300000919363</C2>
                </COORD>
                <COORD>
                  <C1>7.434000007243744</C1>
                  <C2>47.48300000919385</C2>
                </COORD>
                <COORD>
                  <C1>7.433000007242702</C1>
                  <C2>47.483000009194086</C2>
                </COORD>
                <COORD>
                  <C1>7.4320000072413865</C1>
                  <C2>47.484000009194766</C2>
                </COORD>
                <COORD>
                  <C1>7.430000007239034</C1>
                  <C2>47.48500000919569</C2>
                </COORD>
                <COORD>
                  <C1>7.429000007238258</C1>
                  <C2>47.48400000919554</C2>
                </COORD>
                <COORD>
                  <C1>7.428000007237213</C1>
                  <C2>47.48400000919579</C2>
                </COORD>
                <COORD>
                  <C1>7.427000007236437</C1>
                  <C2>47.483000009195585</C2>
                </COORD>
                <COORD>
                  <C1>7.425000007234343</C1>
                  <C2>47.4830000091961</C2>
                </COORD>
                <COORD>
                  <C1>7.424000007233301</C1>
                  <C2>47.483000009196374</C2>
                </COORD>
                <COORD>
                  <C1>7.423000007232252</C1>
                  <C2>47.48300000919659</C2>
                </COORD>
                <COORD>
                  <C1>7.422000007231208</C1>
                  <C2>47.48300000919683</C2>
                </COORD>
                <COORD>
                  <C1>7.423000007231721</C1>
                  <C2>47.485000009197485</C2>
                </COORD>
                <COORD>
                  <C1>7.423000007231456</C1>
                  <C2>47.48600000919785</C2>
                </COORD>
                <COORD>
                  <C1>7.424000007232235</C1>
                  <C2>47.48700000919804</C2>
                </COORD>
                <COORD>
                  <C1>7.425000007233009</C1>
                  <C2>47.48800000919826</C2>
                </COORD>
                <COORD>
                  <C1>7.426000007233522</C1>
                  <C2>47.490000009198845</C2>
                </COORD>
                <COORD>
                  <C1>7.427000007234568</C1>
                  <C2>47.49000000919855</C2>
                </COORD>
                <COORD>
                  <C1>7.428000007235076</C1>
                  <C2>47.49200000919916</C2>
                </COORD>
                <COORD>
                  <C1>7.430000007236898</C1>
                  <C2>47.4930000091991</C2>
                </COORD>
                <COORD>
                  <C1>7.431000007237135</C1>
                  <C2>47.496000009200095</C2>
                </COORD>
                <COORD>
                  <C1>7.432000007237917</C1>
                  <C2>47.49700000920033</C2>
                </COORD>
                <COORD>
                  <C1>7.432000007237646</C1>
                  <C2>47.498000009200695</C2>
                </COORD>
                <COORD>
                  <C1>7.433000007238692</C1>
                  <C2>47.49800000920044</C2>
                </COORD>
                <COORD>
                  <C1>7.434000007239469</C1>
                  <C2>47.49900000920063</C2>
                </COORD>
                <COORD>
                  <C1>7.436000007241284</C1>
                  <C2>47.50000000920054</C2>
                </COORD>
                <COORD>
                  <C1>7.438000007243642</C1>
                  <C2>47.49900000919965</C2>
                </COORD>
                <COORD>
                  <C1>7.440000007245995</C1>
                  <C2>47.498000009198684</C2>
                </COORD>
                <COORD>
                  <C1>7.441000007247041</C1>
                  <C2>47.49800000919845</C2>
                </COORD>
                <COORD>
                  <C1>7.442000007248347</C1>
                  <C2>47.497000009197784</C2>
                </COORD>
                <COORD>
                  <C1>7.443000007249393</C1>
                  <C2>47.497000009197535</C2>
                </COORD>
                <COORD>
                  <C1>7.446000007252789</C1>
                  <C2>47.49600000919636</C2>
                </COORD>
                <COORD>
                  <C1>7.447000007253833</C1>
                  <C2>47.4960000091961</C2>
                </COORD>
                <COORD>
                  <C1>7.448000007255143</C1>
                  <C2>47.49500000919545</C2>
                </COORD>
                <COORD>
                  <C1>7.450000007257497</C1>
                  <C2>47.494000009194565</C2>
                </COORD>
                <COORD>
                  <C1>7.451000007258808</C1>
                  <C2>47.49300000919387</C2>
                </COORD>
                <COORD>
                  <C1>7.452000007260119</C1>
                  <C2>47.492000009193156</C2>
                </COORD>
                <COORD>
                  <C1>7.454000007262205</C1>
                  <C2>47.49200000919265</C2>
                </COORD>
                <COORD>
                  <C1>7.4560000072645565</C1>
                  <C2>47.491000009191744</C2>
                </COORD>
                <COORD>
                  <C1>7.457000007265599</C1>
                  <C2>47.4910000091915</C2>
                </COORD>
                <COORD>
                  <C1>7.457000007265864</C1>
                  <C2>47.49000000919108</C2>
                </COORD>
                <COORD>
                  <C1>7.460000007268724</C1>
                  <C2>47.491000009190756</C2>
                </COORD>
                <COORD>
                  <C1>7.4620000072708095</C1>
                  <C2>47.491000009190266</C2>
                </COORD>
                <COORD>
                  <C1>7.4630000072718525</C1>
                  <C2>47.49100000919</C2>
                </COORD>
                <COORD>
                  <C1>7.465000007274474</C1>
                  <C2>47.48900000918866</C2>
                </COORD>
                <COORD>
                  <C1>7.466000007275785</C1>
                  <C2>47.488000009188</C2>
                </COORD>
                <COORD>
                  <C1>7.467000007277094</C1>
                  <C2>47.48700000918732</C2>
                </COORD>
                <COORD>
                  <C1>7.468000007278402</C1>
                  <C2>47.486000009186625</C2>
                </COORD>
                <COORD>
                  <C1>7.469000007279713</C1>
                  <C2>47.48500000918597</C2>
                </COORD>
                <COORD>
                  <C1>7.470000007280757</C1>
                  <C2>47.485000009185704</C2>
                </COORD>
                <COORD>
                  <C1>7.470000007281024</C1>
                  <C2>47.48400000918528</C2>
                </COORD>
                <COORD>
                  <C1>7.4710000072820675</C1>
                  <C2>47.48400000918503</C2>
                </COORD>
                <COORD>
                  <C1>7.471000007282337</C1>
                  <C2>47.48300000918463</C2>
                </COORD>
                <COORD>
                  <C1>7.472000007283379</C1>
                  <C2>47.48300000918437</C2>
                </COORD>
                <COORD>
                  <C1>7.473000007284688</C1>
                  <C2>47.48200000918372</C2>
                </COORD>
                <COORD>
                  <C1>7.47400000728546</C1>
                  <C2>47.483000009183876</C2>
                </COORD>
                <COORD>
                  <C1>7.475000007286773</C1>
                  <C2>47.482000009183224</C2>
                </COORD>
                <COORD>
                  <C1>7.476000007287815</C1>
                  <C2>47.48200000918294</C2>
                </COORD>
                <COORD>
                  <C1>7.477000007288854</C1>
                  <C2>47.48200000918269</C2>
                </COORD>
                <COORD>
                  <C1>7.4780000072898964</C1>
                  <C2>47.482000009182435</C2>
                </COORD>
                <COORD>
                  <C1>7.479000007290935</C1>
                  <C2>47.48200000918218</C2>
                </COORD>
                <COORD>
                  <C1>7.48000000729171</C1>
                  <C2>47.48300000918235</C2>
                </COORD>
                <COORD>
                  <C1>7.4820000072937916</C1>
                  <C2>47.483000009181865</C2>
                </COORD>
                <COORD>
                  <C1>7.4830000072948355</C1>
                  <C2>47.48300000918162</C2>
                </COORD>
                <COORD>
                  <C1>7.484000007295878</C1>
                  <C2>47.48300000918137</C2>
                </COORD>
                <COORD>
                  <C1>7.485000007296916</C1>
                  <C2>47.483000009181154</C2>
                </COORD>
                <COORD>
                  <C1>7.4850000072966445</C1>
                  <C2>47.48400000918152</C2>
                </COORD>
                <COORD>
                  <C1>7.486000007297687</C1>
                  <C2>47.48400000918127</C2>
                </COORD>
                <COORD>
                  <C1>7.487000007298727</C1>
                  <C2>47.48400000918104</C2>
                </COORD>
                <COORD>
                  <C1>7.488000007299769</C1>
                  <C2>47.484000009180775</C2>
                </COORD>
                <COORD>
                  <C1>7.489000007300809</C1>
                  <C2>47.48400000918054</C2>
                </COORD>
                <COORD>
                  <C1>7.491000007302621</C1>
                  <C2>47.485000009180474</C2>
                </COORD>
                <COORD>
                  <C1>7.49300000730416</C1>
                  <C2>47.48700000918081</C2>
                </COORD>
                <COORD>
                  <C1>7.494000007304929</C1>
                  <C2>47.488000009180986</C2>
                </COORD>
                <COORD>
                  <C1>7.49400000730466</C1>
                  <C2>47.48900000918139</C2>
                </COORD>
                <COORD>
                  <C1>7.494000007304392</C1>
                  <C2>47.49000000918183</C2>
                </COORD>
                <COORD>
                  <C1>7.495000007305432</C1>
                  <C2>47.490000009181585</C2>
                </COORD>
                <COORD>
                  <C1>7.496000007306202</C1>
                  <C2>47.49100000918173</C2>
                </COORD>
                <COORD>
                  <C1>7.497000007307241</C1>
                  <C2>47.49100000918147</C2>
                </COORD>
                <COORD>
                  <C1>7.498000007308283</C1>
                  <C2>47.491000009181214</C2>
                </COORD>
                <COORD>
                  <C1>7.499000007309323</C1>
                  <C2>47.49100000918097</C2>
                </COORD>
                <COORD>
                  <C1>7.499000007309052</C1>
                  <C2>47.49200000918136</C2>
                </COORD>
                <COORD>
                  <C1>7.500000007310091</C1>
                  <C2>47.492000009181154</C2>
                </COORD>
                <COORD>
                  <C1>7.5000000073098185</C1>
                  <C2>47.49300000918159</C2>
                </COORD>
                <COORD>
                  <C1>7.50100000731086</C1>
                  <C2>47.4930000091813</C2>
                </COORD>
                <COORD>
                  <C1>7.5020000073119</C1>
                  <C2>47.493000009181074</C2>
                </COORD>
                <COORD>
                  <C1>7.503000007312939</C1>
                  <C2>47.4930000091808</C2>
                </COORD>
                <COORD>
                  <C1>7.5020000073113575</C1>
                  <C2>47.4950000091819</C2>
                </COORD>
                <COORD>
                  <C1>7.503000007312128</C1>
                  <C2>47.496000009182104</C2>
                </COORD>
                <COORD>
                  <C1>7.505000007313939</C1>
                  <C2>47.49700000918201</C2>
                </COORD>
                <COORD>
                  <C1>7.506000007314974</C1>
                  <C2>47.49700000918174</C2>
                </COORD>
                <COORD>
                  <C1>7.5080000073167845</C1>
                  <C2>47.498000009181645</C2>
                </COORD>
                <COORD>
                  <C1>7.509000007317819</C1>
                  <C2>47.498000009181396</C2>
                </COORD>
                <COORD>
                  <C1>7.512000007320665</C1>
                  <C2>47.49900000918106</C2>
                </COORD>
                <COORD>
                  <C1>7.511000007319356</C1>
                  <C2>47.5000000091817</C2>
                </COORD>
                <COORD>
                  <C1>7.511000007318817</C1>
                  <C2>47.5020000091826</C2>
                </COORD>
                <COORD>
                  <C1>7.510000007317503</C1>
                  <C2>47.503000009183246</C2>
                </COORD>
                <COORD>
                  <C1>7.510000007317232</C1>
                  <C2>47.504000009183684</C2>
                </COORD>
                <COORD>
                  <C1>7.511000007318271</C1>
                  <C2>47.50400000918342</C2>
                </COORD>
                <COORD>
                  <C1>7.511000007318</C1>
                  <C2>47.50500000918384</C2>
                </COORD>
                <COORD>
                  <C1>7.511000007317455</C1>
                  <C2>47.50700000918469</C2>
                </COORD>
                <COORD>
                  <C1>7.511000007317185</C1>
                  <C2>47.50800000918511</C2>
                </COORD>
                <COORD>
                  <C1>7.511000007316913</C1>
                  <C2>47.509000009185506</C2>
                </COORD>
                <COORD>
                  <C1>7.51100000731664</C1>
                  <C2>47.510000009185916</C2>
                </COORD>
                <COORD>
                  <C1>7.510000007315333</C1>
                  <C2>47.5110000091866</C2>
                </COORD>
                <COORD>
                  <C1>7.509000007314024</C1>
                  <C2>47.51200000918732</C2>
                </COORD>
                <COORD>
                  <C1>7.509000007313751</C1>
                  <C2>47.513000009187685</C2>
                </COORD>
                <COORD>
                  <C1>7.508000007312713</C1>
                  <C2>47.51300000918794</C2>
                </COORD>
                <COORD>
                  <C1>7.507000007311675</C1>
                  <C2>47.5130000091882</C2>
                </COORD>
                <COORD>
                  <C1>7.505000007309057</C1>
                  <C2>47.51500000918955</C2>
                </COORD>
                <COORD>
                  <C1>7.504000007307746</C1>
                  <C2>47.51600000919022</C2>
                </COORD>
                <COORD>
                  <C1>7.503000007306706</C1>
                  <C2>47.51600000919046</C2>
                </COORD>
                <COORD>
                  <C1>7.502000007305398</C1>
                  <C2>47.51700000919113</C2>
                </COORD>
                <COORD>
                  <C1>7.500000007303048</C1>
                  <C2>47.51800000919205</C2>
                </COORD>
                <COORD>
                  <C1>7.500000007302507</C1>
                  <C2>47.52000000919293</C2>
                </COORD>
                <COORD>
                  <C1>7.4990000073009275</C1>
                  <C2>47.52200000919402</C2>
                </COORD>
                <COORD>
                  <C1>7.499000007300655</C1>
                  <C2>47.52300000919441</C2>
                </COORD>
                <COORD>
                  <C1>7.500000007301691</C1>
                  <C2>47.523000009194185</C2>
                </COORD>
                <COORD>
                  <C1>7.50100000730273</C1>
                  <C2>47.52300000919392</C2>
                </COORD>
                <COORD>
                  <C1>7.502000007304313</C1>
                  <C2>47.52100000919283</C2>
                </COORD>
                <COORD>
                  <C1>7.502000007304585</C1>
                  <C2>47.520000009192394</C2>
                </COORD>
                <COORD>
                  <C1>7.503000007305895</C1>
                  <C2>47.51900000919173</C2>
                </COORD>
                <COORD>
                  <C1>7.504000007307202</C1>
                  <C2>47.518000009191084</C2>
                </COORD>
                <COORD>
                  <C1>7.503000007306438</C1>
                  <C2>47.517000009190916</C2>
                </COORD>
                <COORD>
                  <C1>7.505000007308513</C1>
                  <C2>47.517000009190376</C2>
                </COORD>
                <COORD>
                  <C1>7.506000007309549</C1>
                  <C2>47.51700000919015</C2>
                </COORD>
                <COORD>
                  <C1>7.507000007310591</C1>
                  <C2>47.51700000918989</C2>
                </COORD>
                <COORD>
                  <C1>7.510000007313431</C1>
                  <C2>47.51800000918955</C2>
                </COORD>
                <COORD>
                  <C1>7.512000007315232</C1>
                  <C2>47.51900000918943</C2>
                </COORD>
                <COORD>
                  <C1>7.513000007316272</C1>
                  <C2>47.51900000918922</C2>
                </COORD>
                <COORD>
                  <C1>7.5150000073183465</C1>
                  <C2>47.51900000918871</C2>
                </COORD>
                <COORD>
                  <C1>7.516000007319384</C1>
                  <C2>47.51900000918843</C2>
                </COORD>
                <COORD>
                  <C1>7.518000007321459</C1>
                  <C2>47.51900000918795</C2>
                </COORD>
                <COORD>
                  <C1>7.5190000073224965</C1>
                  <C2>47.519000009187685</C2>
                </COORD>
                <COORD>
                  <C1>7.519000007322768</C1>
                  <C2>47.51800000918726</C2>
                </COORD>
                <COORD>
                  <C1>7.520000007324076</C1>
                  <C2>47.51700000918658</C2>
                </COORD>
                <COORD>
                  <C1>7.522000007325879</C1>
                  <C2>47.51800000918651</C2>
                </COORD>
                <COORD>
                  <C1>7.522000007326152</C1>
                  <C2>47.5170000091861</C2>
                </COORD>
                <COORD>
                  <C1>7.52300000732746</C1>
                  <C2>47.516000009185426</C2>
                </COORD>
                <COORD>
                  <C1>7.5240000073285</C1>
                  <C2>47.51600000918517</C2>
                </COORD>
                <COORD>
                  <C1>7.525000007329263</C1>
                  <C2>47.51700000918536</C2>
                </COORD>
                <COORD>
                  <C1>7.52500000732899</C1>
                  <C2>47.518000009185755</C2>
                </COORD>
                <COORD>
                  <C1>7.5250000073284475</C1>
                  <C2>47.52000000918658</C2>
                </COORD>
                <COORD>
                  <C1>7.524000007327138</C1>
                  <C2>47.52100000918728</C2>
                </COORD>
                <COORD>
                  <C1>7.526000007328938</C1>
                  <C2>47.52200000918719</C2>
                </COORD>
                <COORD>
                  <C1>7.529000007331498</C1>
                  <C2>47.52400000918722</C2>
                </COORD>
                <COORD>
                  <C1>7.529000007331228</C1>
                  <C2>47.52500000918767</C2>
                </COORD>
                <COORD>
                  <C1>7.530000007331989</C1>
                  <C2>47.52600000918784</C2>
                </COORD>
                <COORD>
                  <C1>7.531000007332753</C1>
                  <C2>47.527000009187994</C2>
                </COORD>
                <COORD>
                  <C1>7.532000007333243</C1>
                  <C2>47.529000009188586</C2>
                </COORD>
                <COORD>
                  <C1>7.532000007332971</C1>
                  <C2>47.53000000918901</C2>
                </COORD>
                <COORD>
                  <C1>7.532000007332696</C1>
                  <C2>47.5310000091894</C2>
                </COORD>
                <COORD>
                  <C1>7.5310000073313885</C1>
                  <C2>47.53200000919007</C2>
                </COORD>
                <COORD>
                  <C1>7.531000007331115</C1>
                  <C2>47.53300000919053</C2>
                </COORD>
                <COORD>
                  <C1>7.5290000073287695</C1>
                  <C2>47.53400000919141</C2>
                </COORD>
                <COORD>
                  <C1>7.52800000732746</C1>
                  <C2>47.53500000919208</C2>
                </COORD>
                <COORD>
                  <C1>7.527000007326422</C1>
                  <C2>47.535000009192316</C2>
                </COORD>
                <COORD>
                  <C1>7.527000007326696</C1>
                  <C2>47.53400000919192</C2>
                </COORD>
                <COORD>
                  <C1>7.526000007325662</C1>
                  <C2>47.534000009192184</C2>
                </COORD>
                <COORD>
                  <C1>7.525000007324626</C1>
                  <C2>47.5340000091924</C2>
                </COORD>
                <COORD>
                  <C1>7.52200000732097</C1>
                  <C2>47.53600000919403</C2>
                </COORD>
                <COORD>
                  <C1>7.520000007318624</C1>
                  <C2>47.53700000919496</C2>
                </COORD>
                <COORD>
                  <C1>7.519000007317864</C1>
                  <C2>47.536000009194815</C2>
                </COORD>
                <COORD>
                  <C1>7.517000007316063</C1>
                  <C2>47.53500000919487</C2>
                </COORD>
                <COORD>
                  <C1>7.515000007314532</C1>
                  <C2>47.533000009194566</C2>
                </COORD>
                <COORD>
                  <C1>7.514000007313499</C1>
                  <C2>47.5330000091948</C2>
                </COORD>
                <COORD>
                  <C1>7.514000007313772</C1>
                  <C2>47.53200000919434</C2>
                </COORD>
                <COORD>
                  <C1>7.512000007311968</C1>
                  <C2>47.53100000919446</C2>
                </COORD>
                <COORD>
                  <C1>7.509000007309128</C1>
                  <C2>47.530000009194815</C2>
                </COORD>
                <COORD>
                  <C1>7.507000007306782</C1>
                  <C2>47.531000009195736</C2>
                </COORD>
                <COORD>
                  <C1>7.506000007305742</C1>
                  <C2>47.53100000919599</C2>
                </COORD>
                <COORD>
                  <C1>7.5030000073029015</C1>
                  <C2>47.53000000919633</C2>
                </COORD>
                <COORD>
                  <C1>7.5020000073015956</C1>
                  <C2>47.53100000919699</C2>
                </COORD>
                <COORD>
                  <C1>7.501000007300286</C1>
                  <C2>47.532000009197645</C2>
                </COORD>
                <COORD>
                  <C1>7.502000007300776</C1>
                  <C2>47.53400000919823</C2>
                </COORD>
                <COORD>
                  <C1>7.501000007299196</C1>
                  <C2>47.536000009199306</C2>
                </COORD>
                <COORD>
                  <C1>7.501000007298922</C1>
                  <C2>47.537000009199716</C2>
                </COORD>
                <COORD>
                  <C1>7.500000007297884</C1>
                  <C2>47.537000009200014</C2>
                </COORD>
                <COORD>
                  <C1>7.499000007296578</C1>
                  <C2>47.53800000920066</C2>
                </COORD>
                <COORD>
                  <C1>7.500000007297339</C1>
                  <C2>47.53900000920081</C2>
                </COORD>
                <COORD>
                  <C1>7.500000007296794</C1>
                  <C2>47.541000009201625</C2>
                </COORD>
                <COORD>
                  <C1>7.500000007296521</C1>
                  <C2>47.542000009202056</C2>
                </COORD>
                <COORD>
                  <C1>7.501000007297562</C1>
                  <C2>47.54200000920182</C2>
                </COORD>
                <COORD>
                  <C1>7.501000007297288</C1>
                  <C2>47.54300000920221</C2>
                </COORD>
                <COORD>
                  <C1>7.502000007298325</C1>
                  <C2>47.54300000920196</C2>
                </COORD>
                <COORD>
                  <C1>7.5030000072993595</C1>
                  <C2>47.5430000092017</C2>
                </COORD>
                <COORD>
                  <C1>7.503000007299091</C1>
                  <C2>47.54400000920211</C2>
                </COORD>
                <COORD>
                  <C1>7.504000007300127</C1>
                  <C2>47.54400000920189</C2>
                </COORD>
                <COORD>
                  <C1>7.504000007299852</C1>
                  <C2>47.54500000920232</C2>
                </COORD>
                <COORD>
                  <C1>7.505000007300894</C1>
                  <C2>47.54500000920204</C2>
                </COORD>
                <COORD>
                  <C1>7.5050000073006204</C1>
                  <C2>47.54600000920244</C2>
                </COORD>
                <COORD>
                  <C1>7.506000007301655</C1>
                  <C2>47.546000009202224</C2>
                </COORD>
                <COORD>
                  <C1>7.507000007302694</C1>
                  <C2>47.546000009201954</C2>
                </COORD>
                <COORD>
                  <C1>7.507000007302421</C1>
                  <C2>47.54700000920239</C2>
                </COORD>
                <COORD>
                  <C1>7.508000007303457</C1>
                  <C2>47.54700000920211</C2>
                </COORD>
                <COORD>
                  <C1>7.509000007304492</C1>
                  <C2>47.54700000920191</C2>
                </COORD>
                <COORD>
                  <C1>7.510000007305531</C1>
                  <C2>47.547000009201604</C2>
                </COORD>
                <COORD>
                  <C1>7.510000007305254</C1>
                  <C2>47.54800000920199</C2>
                </COORD>
                <COORD>
                  <C1>7.511000007306565</C1>
                  <C2>47.54700000920136</C2>
                </COORD>
                <COORD>
                  <C1>7.5120000073078765</C1>
                  <C2>47.54600000920071</C2>
                </COORD>
                <COORD>
                  <C1>7.512000007307603</C1>
                  <C2>47.547000009201106</C2>
                </COORD>
                <COORD>
                  <C1>7.515000007310712</C1>
                  <C2>47.54700000920033</C2>
                </COORD>
                <COORD>
                  <C1>7.518000007313818</C1>
                  <C2>47.54700000919962</C2>
                </COORD>
                <COORD>
                  <C1>7.520000007315617</C1>
                  <C2>47.5480000091995</C2>
                </COORD>
                <COORD>
                  <C1>7.523000007317904</C1>
                  <C2>47.55100000919999</C2>
                </COORD>
                <COORD>
                  <C1>7.526000007320463</C1>
                  <C2>47.55300000920002</C2>
                </COORD>
                <COORD>
                  <C1>7.5280000073219835</C1>
                  <C2>47.55500000920034</C2>
                </COORD>
                <COORD>
                  <C1>7.5310000073248125</C1>
                  <C2>47.556000009200005</C2>
                </COORD>
                <COORD>
                  <C1>7.532000007325848</C1>
                  <C2>47.55600000919974</C2>
                </COORD>
                <COORD>
                  <C1>7.534000007327643</C1>
                  <C2>47.557000009199655</C2>
                </COORD>
                <COORD>
                  <C1>7.535000007328676</C1>
                  <C2>47.55700000919943</C2>
                </COORD>
                <COORD>
                  <C1>7.53600000732971</C1>
                  <C2>47.557000009199136</C2>
                </COORD>
                <COORD>
                  <C1>7.53800000733178</C1>
                  <C2>47.55700000919866</C2>
                </COORD>
                <COORD>
                  <C1>7.539000007332268</C1>
                  <C2>47.55900000919923</C2>
                </COORD>
                <COORD>
                  <C1>7.540000007333025</C1>
                  <C2>47.56000000919938</C2>
                </COORD>
                <COORD>
                  <C1>7.541000007334333</C1>
                  <C2>47.55900000919871</C2>
                </COORD>
                <COORD>
                  <C1>7.545000007337642</C1>
                  <C2>47.56200000919896</C2>
                </COORD>
                <COORD>
                  <C1>7.548000007340466</C1>
                  <C2>47.56300000919859</C2>
                </COORD>
                <COORD>
                  <C1>7.5510000073432915</C1>
                  <C2>47.56400000919824</C2>
                </COORD>
                <COORD>
                  <C1>7.556000007347905</C1>
                  <C2>47.566000009197765</C2>
                </COORD>
                <COORD>
                  <C1>7.558000007349692</C1>
                  <C2>47.56700000919766</C2>
                </COORD>
                <COORD>
                  <C1>7.559000007350173</C1>
                  <C2>47.56900000919822</C2>
                </COORD>
                <COORD>
                  <C1>7.560000007350652</C1>
                  <C2>47.571000009198805</C2>
                </COORD>
                <COORD>
                  <C1>7.557000007347003</C1>
                  <C2>47.57300000920036</C2>
                </COORD>
                <COORD>
                  <C1>7.55800000734776</C1>
                  <C2>47.574000009200546</C2>
                </COORD>
                <COORD>
                  <C1>7.563000007352091</C1>
                  <C2>47.5770000092005</C2>
                </COORD>
                <COORD>
                  <C1>7.566000007354911</C1>
                  <C2>47.57800000920017</C2>
                </COORD>
                <COORD>
                  <C1>7.567000007355386</C1>
                  <C2>47.580000009200674</C2>
                </COORD>
                <COORD>
                  <C1>7.5700000073587566</C1>
                  <C2>47.57900000919957</C2>
                </COORD>
                <COORD>
                  <C1>7.573000007361848</C1>
                  <C2>47.579000009198765</C2>
                </COORD>
                <COORD>
                  <C1>7.57600000736522</C1>
                  <C2>47.57800000919761</C2>
                </COORD>
                <COORD>
                  <C1>7.5770000073662525</C1>
                  <C2>47.57800000919728</C2>
                </COORD>
                <COORD>
                  <C1>7.580000007369068</C1>
                  <C2>47.579000009196974</C2>
                </COORD>
                <COORD>
                  <C1>7.582000007371402</C1>
                  <C2>47.57800000919605</C2>
                </COORD>
                <COORD>
                  <C1>7.586000007375528</C1>
                  <C2>47.57800000919503</C2>
                </COORD>
                <COORD>
                  <C1>7.58500000737366</C1>
                  <C2>47.58100000919653</C2>
                </COORD>
                <COORD>
                  <C1>7.5860000073741345</C1>
                  <C2>47.58300000919706</C2>
                </COORD>
                <COORD>
                  <C1>7.587000007374329</C1>
                  <C2>47.58600000919807</C2>
                </COORD>
                <COORD>
                  <C1>7.588000007374525</C1>
                  <C2>47.589000009198955</C2>
                </COORD>
                <COORD>
                  <C1>7.589000007375</C1>
                  <C2>47.59100000919955</C2>
                </COORD>
                <COORD>
                  <C1>7.590000007375751</C1>
                  <C2>47.592000009199715</C2>
                </COORD>
                <COORD>
                  <C1>7.594000007380146</C1>
                  <C2>47.59100000919826</C2>
                </COORD>
                <COORD>
                  <C1>7.599000007385568</C1>
                  <C2>47.59000000919664</C2>
                </COORD>
                <COORD>
                  <C1>7.603000007390238</C1>
                  <C2>47.58800000919474</C2>
                </COORD>
                <COORD>
                  <C1>7.6060000073936065</C1>
                  <C2>47.587000009193595</C2>
                </COORD>
                <COORD>
                  <C1>7.606000007394162</C1>
                  <C2>47.58500000919276</C2>
                </COORD>
                <COORD>
                  <C1>7.605000007393693</C1>
                  <C2>47.583000009192176</C2>
                </COORD>
                <COORD>
                  <C1>7.606000007394718</C1>
                  <C2>47.583000009191956</C2>
                </COORD>
                <COORD>
                  <C1>7.606000007394999</C1>
                  <C2>47.582000009191574</C2>
                </COORD>
                <COORD>
                  <C1>7.6060000073955605</C1>
                  <C2>47.580000009190734</C2>
                </COORD>
                <COORD>
                  <C1>7.609000007398642</C1>
                  <C2>47.580000009189966</C2>
                </COORD>
                <COORD>
                  <C1>7.610000007399669</C1>
                  <C2>47.58000000918966</C2>
                </COORD>
                <COORD>
                  <C1>7.612000007401728</C1>
                  <C2>47.58000000918918</C2>
                </COORD>
                <COORD>
                  <C1>7.614000007403784</C1>
                  <C2>47.58000000918867</C2>
                </COORD>
                <COORD>
                  <C1>7.6160000074058365</C1>
                  <C2>47.58000000918817</C2>
                </COORD>
                <COORD>
                  <C1>7.618000007407895</C1>
                  <C2>47.580000009187636</C2>
                </COORD>
                <COORD>
                  <C1>7.6200000074102325</C1>
                  <C2>47.579000009186736</C2>
                </COORD>
                <COORD>
                  <C1>7.622000007412007</C1>
                  <C2>47.58000000918661</C2>
                </COORD>
                <COORD>
                  <C1>7.623000007413037</C1>
                  <C2>47.58000000918636</C2>
                </COORD>
                <COORD>
                  <C1>7.625000007414809</C1>
                  <C2>47.581000009186255</C2>
                </COORD>
                <COORD>
                  <C1>7.626000007415841</C1>
                  <C2>47.581000009186</C2>
                </COORD>
                <COORD>
                  <C1>7.626000007415559</C1>
                  <C2>47.5820000091864</C2>
                </COORD>
                <COORD>
                  <C1>7.627000007416587</C1>
                  <C2>47.58200000918614</C2>
                </COORD>
                <COORD>
                  <C1>7.6290000074183615</C1>
                  <C2>47.58300000918601</C2>
                </COORD>
                <COORD>
                  <C1>7.631000007419854</C1>
                  <C2>47.58500000918632</C2>
                </COORD>
                <COORD>
                  <C1>7.632000007420601</C1>
                  <C2>47.58600000918651</C2>
                </COORD>
                <COORD>
                  <C1>7.634000007422376</C1>
                  <C2>47.587000009186404</C2>
                </COORD>
                <COORD>
                  <C1>7.635000007423121</C1>
                  <C2>47.58800000918656</C2>
                </COORD>
                <COORD>
                  <C1>7.636000007423864</C1>
                  <C2>47.58900000918667</C2>
                </COORD>
                <COORD>
                  <C1>7.637000007424614</C1>
                  <C2>47.59000000918681</C2>
                </COORD>
                <COORD>
                  <C1>7.641000007428156</C1>
                  <C2>47.59200000918661</C2>
                </COORD>
                <COORD>
                  <C1>7.6440000074309555</C1>
                  <C2>47.59300000918626</C2>
                </COORD>
                <COORD>
                  <C1>7.643000007429363</C1>
                  <C2>47.59500000918729</C2>
                </COORD>
                <COORD>
                  <C1>7.643000007429086</C1>
                  <C2>47.5960000091877</C2>
                </COORD>
                <COORD>
                  <C1>7.644000007429826</C1>
                  <C2>47.59700000918784</C2>
                </COORD>
                <COORD>
                  <C1>7.645000007430572</C1>
                  <C2>47.59800000918802</C2>
                </COORD>
                <COORD>
                  <C1>7.647000007432345</C1>
                  <C2>47.59900000918788</C2>
                </COORD>
                <COORD>
                  <C1>7.650000007435698</C1>
                  <C2>47.598000009186734</C2>
                </COORD>
                <COORD>
                  <C1>7.65200000743775</C1>
                  <C2>47.598000009186194</C2>
                </COORD>
                <COORD>
                  <C1>7.656000007442129</C1>
                  <C2>47.597000009184754</C2>
                </COORD>
                <COORD>
                  <C1>7.663000007449582</C1>
                  <C2>47.59600000918256</C2>
                </COORD>
                <COORD>
                  <C1>7.666000007452935</C1>
                  <C2>47.595000009181334</C2>
                </COORD>
                <COORD>
                  <C1>7.6680000074552686</C1>
                  <C2>47.59400000918047</C2>
                </COORD>
                <COORD>
                  <C1>7.671000007458339</C1>
                  <C2>47.59400000917966</C2>
                </COORD>
                <COORD>
                  <C1>7.673000007460385</C1>
                  <C2>47.59400000917911</C2>
                </COORD>
                <COORD>
                  <C1>7.676000007463457</C1>
                  <C2>47.59400000917839</C2>
                </COORD>
                <COORD>
                  <C1>7.676000007463177</C1>
                  <C2>47.59500000917876</C2>
                </COORD>
                <COORD>
                  <C1>7.678000007464938</C1>
                  <C2>47.59600000917865</C2>
                </COORD>
                <COORD>
                  <C1>7.67900000746568</C1>
                  <C2>47.59700000917881</C2>
                </COORD>
                <COORD>
                  <C1>7.68100000746744</C1>
                  <C2>47.59800000917866</C2>
                </COORD>
                <COORD>
                  <C1>7.6820000074681865</C1>
                  <C2>47.59900000917882</C2>
                </COORD>
                <COORD>
                  <C1>7.683000007469206</C1>
                  <C2>47.599000009178575</C2>
                </COORD>
                <COORD>
                  <C1>7.684000007469947</C1>
                  <C2>47.60000000917867</C2>
                </COORD>
                <COORD>
                  <C1>7.686000007471706</C1>
                  <C2>47.6010000091786</C2>
                </COORD>
                <COORD>
                  <C1>7.688000007473749</C1>
                  <C2>47.60100000917807</C2>
                </COORD>
                <COORD>
                  <C1>7.689000007474774</C1>
                  <C2>47.601000009177845</C2>
                </COORD>
                <COORD>
                  <C1>7.690000007475799</C1>
                  <C2>47.60100000917758</C2>
                </COORD>
                <COORD>
                  <C1>7.693000007478577</C1>
                  <C2>47.60200000917718</C2>
                </COORD>
                <COORD>
                  <C1>7.694000007479317</C1>
                  <C2>47.60300000917734</C2>
                </COORD>
                <COORD>
                  <C1>7.695000007480338</C1>
                  <C2>47.60300000917709</C2>
                </COORD>
                <COORD>
                  <C1>7.694000007479886</C1>
                  <C2>47.60100000917652</C2>
                </COORD>
                <COORD>
                  <C1>7.693000007478862</C1>
                  <C2>47.60100000917675</C2>
                </COORD>
                <COORD>
                  <C1>7.691000007477103</C1>
                  <C2>47.60000000917686</C2>
                </COORD>
                <COORD>
                  <C1>7.687000007473297</C1>
                  <C2>47.59900000917754</C2>
                </COORD>
                <COORD>
                  <C1>7.686000007472271</C1>
                  <C2>47.599000009177814</C2>
                </COORD>
                <COORD>
                  <C1>7.685000007471536</C1>
                  <C2>47.598000009177674</C2>
                </COORD>
                <COORD>
                  <C1>7.684000007470792</C1>
                  <C2>47.59700000917749</C2>
                </COORD>
                <COORD>
                  <C1>7.6830000074700555</C1>
                  <C2>47.59600000917737</C2>
                </COORD>
                <COORD>
                  <C1>7.681000007468575</C1>
                  <C2>47.59400000917706</C2>
                </COORD>
                <COORD>
                  <C1>7.678000007465786</C1>
                  <C2>47.59300000917745</C2>
                </COORD>
                <COORD>
                  <C1>7.6760000074643076</C1>
                  <C2>47.59100000917713</C2>
                </COORD>
                <COORD>
                  <C1>7.674000007462538</C1>
                  <C2>47.59000000917725</C2>
                </COORD>
                <COORD>
                  <C1>7.6730000074617974</C1>
                  <C2>47.58900000917711</C2>
                </COORD>
                <COORD>
                  <C1>7.673000007462362</C1>
                  <C2>47.58700000917629</C2>
                </COORD>
                <COORD>
                  <C1>7.676000007465716</C1>
                  <C2>47.58600000917514</C2>
                </COORD>
                <COORD>
                  <C1>7.678000007467762</C1>
                  <C2>47.58600000917458</C2>
                </COORD>
                <COORD>
                  <C1>7.680000007470092</C1>
                  <C2>47.5850000091737</C2>
                </COORD>
                <COORD>
                  <C1>7.68200000747214</C1>
                  <C2>47.58500000917316</C2>
                </COORD>
                <COORD>
                  <C1>7.6820000074727055</C1>
                  <C2>47.58300000917233</C2>
                </COORD>
                <COORD>
                  <C1>7.683000007474294</C1>
                  <C2>47.58100000917125</C2>
                </COORD>
                <COORD>
                  <C1>7.683000007474575</C1>
                  <C2>47.58000000917089</C2>
                </COORD>
                <COORD>
                  <C1>7.683000007474855</C1>
                  <C2>47.57900000917045</C2>
                </COORD>
                <COORD>
                  <C1>7.68400000747588</C1>
                  <C2>47.579000009170215</C2>
                </COORD>
                <COORD>
                  <C1>7.685000007476901</C1>
                  <C2>47.57900000916992</C2>
                </COORD>
                <COORD>
                  <C1>7.685000007477184</C1>
                  <C2>47.57800000916955</C2>
                </COORD>
                <COORD>
                  <C1>7.685000007477749</C1>
                  <C2>47.57600000916873</C2>
                </COORD>
                <COORD>
                  <C1>7.68700000748008</C1>
                  <C2>47.57500000916779</C2>
                </COORD>
                <COORD>
                  <C1>7.688000007481101</C1>
                  <C2>47.57500000916753</C2>
                </COORD>
                <COORD>
                  <C1>7.690000007483432</C1>
                  <C2>47.574000009166646</C2>
                </COORD>
                <COORD>
                  <C1>7.691000007484735</C1>
                  <C2>47.57300000916594</C2>
                </COORD>
                <COORD>
                  <C1>7.690000007483993</C1>
                  <C2>47.57200000916578</C2>
                </COORD>
                <COORD>
                  <C1>7.68800000748251</C1>
                  <C2>47.57000000916549</C2>
                </COORD>
                <COORD>
                  <C1>7.688000007482793</C1>
                  <C2>47.56900000916513</C2>
                </COORD>
                <COORD>
                  <C1>7.68700000748205</C1>
                  <C2>47.5680000091649</C2>
                </COORD>
                <COORD>
                  <C1>7.685000007479439</C1>
                  <C2>47.57000000916626</C2>
                </COORD>
                <COORD>
                  <C1>7.6840000074784145</C1>
                  <C2>47.57000000916653</C2>
                </COORD>
                <COORD>
                  <C1>7.685000007479155</C1>
                  <C2>47.57100000916666</C2>
                </COORD>
                <COORD>
                  <C1>7.685000007478878</C1>
                  <C2>47.5720000091671</C2>
                </COORD>
                <COORD>
                  <C1>7.685000007478593</C1>
                  <C2>47.5730000091675</C2>
                </COORD>
                <COORD>
                  <C1>7.682000007475807</C1>
                  <C2>47.57200000916785</C2>
                </COORD>
                <COORD>
                  <C1>7.680000007474037</C1>
                  <C2>47.57100000916799</C2>
                </COORD>
                <COORD>
                  <C1>7.679000007473015</C1>
                  <C2>47.57100000916824</C2>
                </COORD>
                <COORD>
                  <C1>7.679000007473297</C1>
                  <C2>47.570000009167835</C2>
                </COORD>
                <COORD>
                  <C1>7.678000007472554</C1>
                  <C2>47.569000009167674</C2>
                </COORD>
                <COORD>
                  <C1>7.677000007471811</C1>
                  <C2>47.56800000916753</C2>
                </COORD>
                <COORD>
                  <C1>7.676000007471069</C1>
                  <C2>47.56700000916735</C2>
                </COORD>
                <COORD>
                  <C1>7.678000007473117</C1>
                  <C2>47.56700000916688</C2>
                </COORD>
                <COORD>
                  <C1>7.678000007473397</C1>
                  <C2>47.56600000916648</C2>
                </COORD>
                <COORD>
                  <C1>7.677000007472655</C1>
                  <C2>47.565000009166276</C2>
                </COORD>
                <COORD>
                  <C1>7.675000007470606</C1>
                  <C2>47.56500000916682</C2>
                </COORD>
                <COORD>
                  <C1>7.673000007468271</C1>
                  <C2>47.56600000916773</C2>
                </COORD>
                <COORD>
                  <C1>7.673000007467992</C1>
                  <C2>47.56700000916815</C2>
                </COORD>
                <COORD>
                  <C1>7.672000007466684</C1>
                  <C2>47.56800000916882</C2>
                </COORD>
                <COORD>
                  <C1>7.671000007465658</C1>
                  <C2>47.568000009169076</C2>
                </COORD>
                <COORD>
                  <C1>7.670000007464638</C1>
                  <C2>47.568000009169324</C2>
                </COORD>
                <COORD>
                  <C1>7.66800000746287</C1>
                  <C2>47.56700000916945</C2>
                </COORD>
                <COORD>
                  <C1>7.667000007461839</C1>
                  <C2>47.567000009169696</C2>
                </COORD>
                <COORD>
                  <C1>7.665000007459789</C1>
                  <C2>47.56700000917026</C2>
                </COORD>
                <COORD>
                  <C1>7.663000007457741</C1>
                  <C2>47.56700000917071</C2>
                </COORD>
                <COORD>
                  <C1>7.662000007456715</C1>
                  <C2>47.567000009171025</C2>
                </COORD>
                <COORD>
                  <C1>7.660000007454947</C1>
                  <C2>47.56600000917109</C2>
                </COORD>
                <COORD>
                  <C1>7.659000007453918</C1>
                  <C2>47.56600000917137</C2>
                </COORD>
                <COORD>
                  <C1>7.658000007453173</C1>
                  <C2>47.565000009171186</C2>
                </COORD>
                <COORD>
                  <C1>7.65700000745243</C1>
                  <C2>47.56400000917112</C2>
                </COORD>
                <COORD>
                  <C1>7.6560000074514</C1>
                  <C2>47.564000009171345</C2>
                </COORD>
                <COORD>
                  <C1>7.654000007449348</C1>
                  <C2>47.56400000917183</C2>
                </COORD>
                <COORD>
                  <C1>7.65100000744655</C1>
                  <C2>47.5630000091722</C2>
                </COORD>
                <COORD>
                  <C1>7.6490000074447755</C1>
                  <C2>47.56200000917231</C2>
                </COORD>
                <COORD>
                  <C1>7.647000007442721</C1>
                  <C2>47.56200000917279</C2>
                </COORD>
                <COORD>
                  <C1>7.647000007442445</C1>
                  <C2>47.56300000917323</C2>
                </COORD>
                <COORD>
                  <C1>7.645000007440391</C1>
                  <C2>47.5630000091738</C2>
                </COORD>
                <COORD>
                  <C1>7.642000007437309</C1>
                  <C2>47.56300000917451</C2>
                </COORD>
                <COORD>
                  <C1>7.641000007436004</C1>
                  <C2>47.5640000091752</C2>
                </COORD>
                <COORD>
                  <C1>7.6390000074336655</C1>
                  <C2>47.56500000917611</C2>
                </COORD>
                <COORD>
                  <C1>7.637000007431334</C1>
                  <C2>47.56600000917705</C2>
                </COORD>
                <COORD>
                  <C1>7.6350000074301185</C1>
                  <C2>47.56300000917633</C2>
                </COORD>
                <COORD>
                  <C1>7.636000007431141</C1>
                  <C2>47.563000009176115</C2>
                </COORD>
                <COORD>
                  <C1>7.637000007432173</C1>
                  <C2>47.5630000091758</C2>
                </COORD>
                <COORD>
                  <C1>7.637000007432452</C1>
                  <C2>47.56200000917543</C2>
                </COORD>
                <COORD>
                  <C1>7.638000007433479</C1>
                  <C2>47.56200000917516</C2>
                </COORD>
                <COORD>
                  <C1>7.639000007434503</C1>
                  <C2>47.56200000917488</C2>
                </COORD>
                <COORD>
                  <C1>7.639000007434788</C1>
                  <C2>47.56100000917446</C2>
                </COORD>
                <COORD>
                  <C1>7.64000000743581</C1>
                  <C2>47.561000009174215</C2>
                </COORD>
                <COORD>
                  <C1>7.64100000743712</C1>
                  <C2>47.56000000917355</C2>
                </COORD>
                <COORD>
                  <C1>7.642000007438425</C1>
                  <C2>47.559000009172905</C2>
                </COORD>
                <COORD>
                  <C1>7.64300000743945</C1>
                  <C2>47.55900000917264</C2>
                </COORD>
                <COORD>
                  <C1>7.643000007439731</C1>
                  <C2>47.558000009172225</C2>
                </COORD>
                <COORD>
                  <C1>7.646000007443652</C1>
                  <C2>47.55500000917018</C2>
                </COORD>
                <COORD>
                  <C1>7.646000007443932</C1>
                  <C2>47.5540000091698</C2>
                </COORD>
                <COORD>
                  <C1>7.6470000074449604</C1>
                  <C2>47.55400000916953</C2>
                </COORD>
                <COORD>
                  <C1>7.648000007446264</C1>
                  <C2>47.553000009168855</C2>
                </COORD>
                <COORD>
                  <C1>7.648000007446549</C1>
                  <C2>47.55200000916843</C2>
                </COORD>
                <COORD>
                  <C1>7.649000007447577</C1>
                  <C2>47.5520000091682</C2>
                </COORD>
                <COORD>
                  <C1>7.649000007447853</C1>
                  <C2>47.551000009167815</C2>
                </COORD>
                <COORD>
                  <C1>7.650000007448879</C1>
                  <C2>47.551000009167524</C2>
                </COORD>
                <COORD>
                  <C1>7.650000007449159</C1>
                  <C2>47.55000000916711</C2>
                </COORD>
                <COORD>
                  <C1>7.651000007450185</C1>
                  <C2>47.55000000916686</C2>
                </COORD>
                <COORD>
                  <C1>7.6520000074514885</C1>
                  <C2>47.54900000916619</C2>
                </COORD>
                <COORD>
                  <C1>7.653000007452518</C1>
                  <C2>47.549000009165916</C2>
                </COORD>
                <COORD>
                  <C1>7.654000007453544</C1>
                  <C2>47.549000009165674</C2>
                </COORD>
                <COORD>
                  <C1>7.6600000074599865</C1>
                  <C2>47.5480000091637</C2>
                </COORD>
                <COORD>
                  <C1>7.661000007461012</C1>
                  <C2>47.54800000916343</C2>
                </COORD>
                <COORD>
                  <C1>7.661000007461293</C1>
                  <C2>47.54700000916303</C2>
                </COORD>
                <COORD>
                  <C1>7.66200000746232</C1>
                  <C2>47.54700000916279</C2>
                </COORD>
                <COORD>
                  <C1>7.663000007463624</C1>
                  <C2>47.5460000091621</C2>
                </COORD>
                <COORD>
                  <C1>7.665000007466794</C1>
                  <C2>47.54200000915994</C2>
                </COORD>
                <COORD>
                  <C1>7.665000007467076</C1>
                  <C2>47.54100000915953</C2>
                </COORD>
                <COORD>
                  <C1>7.666000007468104</C1>
                  <C2>47.541000009159276</C2>
                </COORD>
                <COORD>
                  <C1>7.666000007468381</C1>
                  <C2>47.54000000915883</C2>
                </COORD>
                <COORD>
                  <C1>7.667000007469407</C1>
                  <C2>47.54000000915861</C2>
                </COORD>
                <COORD>
                  <C1>7.667000007469687</C1>
                  <C2>47.539000009158165</C2>
                </COORD>
                <COORD>
                  <C1>7.668000007470995</C1>
                  <C2>47.53800000915753</C2>
                </COORD>
                <COORD>
                  <C1>7.669000007472023</C1>
                  <C2>47.53800000915725</C2>
                </COORD>
                <COORD>
                  <C1>7.670000007473044</C1>
                  <C2>47.53800000915699</C2>
                </COORD>
                <COORD>
                  <C1>7.67000000747333</C1>
                  <C2>47.53700000915657</C2>
                </COORD>
                <COORD>
                  <C1>7.671000007474352</C1>
                  <C2>47.537000009156316</C2>
                </COORD>
                <COORD>
                  <C1>7.6760000074797645</C1>
                  <C2>47.53600000915462</C2>
                </COORD>
                <COORD>
                  <C1>7.677000007480788</C1>
                  <C2>47.53600000915434</C2>
                </COORD>
                <COORD>
                  <C1>7.677000007481068</C1>
                  <C2>47.53500000915394</C2>
                </COORD>
                <COORD>
                  <C1>7.678000007482096</C1>
                  <C2>47.53500000915366</C2>
                </COORD>
                <COORD>
                  <C1>7.679000007483124</C1>
                  <C2>47.53500000915343</C2>
                </COORD>
                <COORD>
                  <C1>7.6800000074841455</C1>
                  <C2>47.53500000915316</C2>
                </COORD>
                <COORD>
                  <C1>7.681000007485172</C1>
                  <C2>47.535000009152874</C2>
                </COORD>
                <COORD>
                  <C1>7.6820000074862</C1>
                  <C2>47.535000009152654</C2>
                </COORD>
                <COORD>
                  <C1>7.683000007487222</C1>
                  <C2>47.53500000915239</C2>
                </COORD>
                <COORD>
                  <C1>7.684000007488246</C1>
                  <C2>47.53500000915211</C2>
                </COORD>
                <COORD>
                  <C1>7.68800000749235</C1>
                  <C2>47.535000009151084</C2>
                </COORD>
                <COORD>
                  <C1>7.693000007497756</C1>
                  <C2>47.53400000914938</C2>
                </COORD>
                <COORD>
                  <C1>7.69400000749878</C1>
                  <C2>47.5340000091491</C2>
                </COORD>
                <COORD>
                  <C1>7.695000007499806</C1>
                  <C2>47.53400000914886</C2>
                </COORD>
                <COORD>
                  <C1>7.696000007500553</C1>
                  <C2>47.535000009148995</C2>
                </COORD>
                <COORD>
                  <C1>7.697000007501576</C1>
                  <C2>47.53500000914873</C2>
                </COORD>
                <COORD>
                  <C1>7.698000007502601</C1>
                  <C2>47.53500000914849</C2>
                </COORD>
                <COORD>
                  <C1>7.699000007503626</C1>
                  <C2>47.535000009148256</C2>
                </COORD>
                <COORD>
                  <C1>7.700000007504366</C1>
                  <C2>47.5360000091484</C2>
                </COORD>
                <COORD>
                  <C1>7.701000007505394</C1>
                  <C2>47.536000009148154</C2>
                </COORD>
                <COORD>
                  <C1>7.702000007506415</C1>
                  <C2>47.53600000914787</C2>
                </COORD>
                <COORD>
                  <C1>7.703000007507161</C1>
                  <C2>47.53700000914803</C2>
                </COORD>
                <COORD>
                  <C1>7.704000007507903</C1>
                  <C2>47.53800000914819</C2>
                </COORD>
                <COORD>
                  <C1>7.705000007508928</C1>
                  <C2>47.538000009147936</C2>
                </COORD>
                <COORD>
                  <C1>7.7060000075099495</C1>
                  <C2>47.53800000914765</C2>
                </COORD>
                <COORD>
                  <C1>7.707000007510694</C1>
                  <C2>47.539000009147834</C2>
                </COORD>
                <COORD>
                  <C1>7.708000007511718</C1>
                  <C2>47.53900000914758</C2>
                </COORD>
                <COORD>
                  <C1>7.715000007518037</C1>
                  <C2>47.54200000914698</C2>
                </COORD>
                <COORD>
                  <C1>7.7190000075218475</C1>
                  <C2>47.54300000914634</C2>
                </COORD>
                <COORD>
                  <C1>7.720000007522588</C1>
                  <C2>47.5440000091465</C2>
                </COORD>
                <COORD>
                  <C1>7.721000007523609</C1>
                  <C2>47.54400000914625</C2>
                </COORD>
                <COORD>
                  <C1>7.7250000075277</C1>
                  <C2>47.54400000914519</C2>
                </COORD>
                <COORD>
                  <C1>7.726000007528723</C1>
                  <C2>47.544000009144916</C2>
                </COORD>
                <COORD>
                  <C1>7.727000007529743</C1>
                  <C2>47.54400000914467</C2>
                </COORD>
                <COORD>
                  <C1>7.728000007530768</C1>
                  <C2>47.54400000914444</C2>
                </COORD>
                <COORD>
                  <C1>7.73000000753253</C1>
                  <C2>47.54500000914431</C2>
                </COORD>
                <COORD>
                  <C1>7.745000007547569</C1>
                  <C2>47.54600000914077</C2>
                </COORD>
                <COORD>
                  <C1>7.746000007548589</C1>
                  <C2>47.54600000914052</C2>
                </COORD>
                <COORD>
                  <C1>7.747000007549611</C1>
                  <C2>47.54600000914028</C2>
                </COORD>
                <COORD>
                  <C1>7.748000007550629</C1>
                  <C2>47.54600000913998</C2>
                </COORD>
                <COORD>
                  <C1>7.749000007551648</C1>
                  <C2>47.546000009139775</C2>
                </COORD>
                <COORD>
                  <C1>7.750000007552672</C1>
                  <C2>47.546000009139505</C2>
                </COORD>
                <COORD>
                  <C1>7.7510000075536905</C1>
                  <C2>47.546000009139235</C2>
                </COORD>
                <COORD>
                  <C1>7.753000007555451</C1>
                  <C2>47.54700000913912</C2>
                </COORD>
                <COORD>
                  <C1>7.754000007556473</C1>
                  <C2>47.54700000913884</C2>
                </COORD>
                <COORD>
                  <C1>7.755000007557489</C1>
                  <C2>47.54700000913856</C2>
                </COORD>
                <COORD>
                  <C1>7.755000007557201</C1>
                  <C2>47.54800000913901</C2>
                </COORD>
                <COORD>
                  <C1>7.756000007558227</C1>
                  <C2>47.54800000913875</C2>
                </COORD>
                <COORD>
                  <C1>7.758000007559981</C1>
                  <C2>47.549000009138595</C2>
                </COORD>
                <COORD>
                  <C1>7.758000007559694</C1>
                  <C2>47.55000000913905</C2>
                </COORD>
                <COORD>
                  <C1>7.759000007560718</C1>
                  <C2>47.55000000913876</C2>
                </COORD>
                <COORD>
                  <C1>7.760000007561454</C1>
                  <C2>47.551000009138946</C2>
                </COORD>
                <COORD>
                  <C1>7.765000007566268</C1>
                  <C2>47.55200000913803</C2>
                </COORD>
                <COORD>
                  <C1>7.766000007567286</C1>
                  <C2>47.552000009137764</C2>
                </COORD>
                <COORD>
                  <C1>7.767000007568306</C1>
                  <C2>47.55200000913748</C2>
                </COORD>
                <COORD>
                  <C1>7.7680000075693245</C1>
                  <C2>47.552000009137245</C2>
                </COORD>
                <COORD>
                  <C1>7.7680000075690385</C1>
                  <C2>47.553000009137655</C2>
                </COORD>
                <COORD>
                  <C1>7.769000007570055</C1>
                  <C2>47.55300000913738</C2>
                </COORD>
                <COORD>
                  <C1>7.7710000075721</C1>
                  <C2>47.553000009136845</C2>
                </COORD>
                <COORD>
                  <C1>7.772000007573113</C1>
                  <C2>47.5530000091366</C2>
                </COORD>
                <COORD>
                  <C1>7.772000007572831</C1>
                  <C2>47.55400000913702</C2>
                </COORD>
                <COORD>
                  <C1>7.773000007573852</C1>
                  <C2>47.55400000913673</C2>
                </COORD>
                <COORD>
                  <C1>7.774000007574867</C1>
                  <C2>47.55400000913646</C2>
                </COORD>
                <COORD>
                  <C1>7.775000007575885</C1>
                  <C2>47.554000009136274</C2>
                </COORD>
                <COORD>
                  <C1>7.776000007576905</C1>
                  <C2>47.554000009135976</C2>
                </COORD>
                <COORD>
                  <C1>7.776000007576623</C1>
                  <C2>47.555000009136364</C2>
                </COORD>
                <COORD>
                  <C1>7.777000007577639</C1>
                  <C2>47.55500000913614</C2>
                </COORD>
                <COORD>
                  <C1>7.781000007581713</C1>
                  <C2>47.55500000913507</C2>
                </COORD>
                <COORD>
                  <C1>7.782000007582727</C1>
                  <C2>47.55500000913478</C2>
                </COORD>
                <COORD>
                  <C1>7.783000007583751</C1>
                  <C2>47.555000009134545</C2>
                </COORD>
                <COORD>
                  <C1>7.784000007584765</C1>
                  <C2>47.55500000913427</C2>
                </COORD>
                <COORD>
                  <C1>7.785000007585787</C1>
                  <C2>47.555000009134</C2>
                </COORD>
                <COORD>
                  <C1>7.787000007587537</C1>
                  <C2>47.556000009133875</C2>
                </COORD>
                <COORD>
                  <C1>7.788000007588553</C1>
                  <C2>47.55600000913362</C2>
                </COORD>
                <COORD>
                  <C1>7.788000007588265</C1>
                  <C2>47.557000009134015</C2>
                </COORD>
                <COORD>
                  <C1>7.789000007589285</C1>
                  <C2>47.55700000913376</C2>
                </COORD>
                <COORD>
                  <C1>7.7900000075903</C1>
                  <C2>47.557000009133525</C2>
                </COORD>
                <COORD>
                  <C1>7.79100000759132</C1>
                  <C2>47.557000009133255</C2>
                </COORD>
                <COORD>
                  <C1>7.791000007591034</C1>
                  <C2>47.55800000913365</C2>
                </COORD>
                <COORD>
                  <C1>7.792000007592052</C1>
                  <C2>47.55800000913338</C2>
                </COORD>
                <COORD>
                  <C1>7.796000007595834</C1>
                  <C2>47.559000009132745</C2>
                </COORD>
                <COORD>
                  <C1>7.797000007596846</C1>
                  <C2>47.559000009132504</C2>
                </COORD>
                <COORD>
                  <C1>7.797000007596562</C1>
                  <C2>47.56000000913291</C2>
                </COORD>
                <COORD>
                  <C1>7.798000007597579</C1>
                  <C2>47.56000000913262</C2>
                </COORD>
                <COORD>
                  <C1>7.800000007598752</C1>
                  <C2>47.563000009133305</C2>
                </COORD>
                <COORD>
                  <C1>7.8000000075984675</C1>
                  <C2>47.56400000913374</C2>
                </COORD>
                <COORD>
                  <C1>7.801000007599483</C1>
                  <C2>47.564000009133444</C2>
                </COORD>
                <COORD>
                  <C1>7.80200000760021</C1>
                  <C2>47.565000009133584</C2>
                </COORD>
                <COORD>
                  <C1>7.802000007599924</C1>
                  <C2>47.566000009134015</C2>
                </COORD>
                <COORD>
                  <C1>7.803000007600944</C1>
                  <C2>47.566000009133774</C2>
                </COORD>
                <COORD>
                  <C1>7.804000007601671</C1>
                  <C2>47.567000009133906</C2>
                </COORD>
                <COORD>
                  <C1>7.805000007602688</C1>
                  <C2>47.56700000913363</C2>
                </COORD>
                <COORD>
                  <C1>7.805000007602398</C1>
                  <C2>47.56800000913404</C2>
                </COORD>
                <COORD>
                  <C1>7.806000007603418</C1>
                  <C2>47.56800000913382</C2>
                </COORD>
                <COORD>
                  <C1>7.807000007604432</C1>
                  <C2>47.568000009133534</C2>
                </COORD>
                <COORD>
                  <C1>7.8080000076051626</C1>
                  <C2>47.56900000913364</C2>
                </COORD>
                <COORD>
                  <C1>7.810000007607193</C1>
                  <C2>47.56900000913313</C2>
                </COORD>
                <COORD>
                  <C1>7.810000007606905</C1>
                  <C2>47.57000000913352</C2>
                </COORD>
                <COORD>
                  <C1>7.811000007607921</C1>
                  <C2>47.57000000913324</C2>
                </COORD>
                <COORD>
                  <C1>7.812000007608939</C1>
                  <C2>47.57000000913302</C2>
                </COORD>
                <COORD>
                  <C1>7.812000007608649</C1>
                  <C2>47.571000009133414</C2>
                </COORD>
                <COORD>
                  <C1>7.813000007609664</C1>
                  <C2>47.571000009133115</C2>
                </COORD>
                <COORD>
                  <C1>7.813000007609375</C1>
                  <C2>47.57200000913357</C2>
                </COORD>
                <COORD>
                  <C1>7.813000007609088</C1>
                  <C2>47.57300000913395</C2>
                </COORD>
                <COORD>
                  <C1>7.814000007610104</C1>
                  <C2>47.573000009133715</C2>
                </COORD>
                <COORD>
                  <C1>7.8150000076093935</C1>
                  <C2>47.579000009135896</C2>
                </COORD>
                <COORD>
                  <C1>7.815000007609104</C1>
                  <C2>47.58000000913628</C2>
                </COORD>
                <COORD>
                  <C1>7.815000007608818</C1>
                  <C2>47.58100000913671</C2>
                </COORD>
                <COORD>
                  <C1>7.81500000760853</C1>
                  <C2>47.58200000913705</C2>
                </COORD>
                <COORD>
                  <C1>7.816000007609543</C1>
                  <C2>47.58200000913683</C2>
                </COORD>
                <COORD>
                  <C1>7.8160000076092535</C1>
                  <C2>47.58300000913724</C2>
                </COORD>
                <COORD>
                  <C1>7.816000007608963</C1>
                  <C2>47.58400000913762</C2>
                </COORD>
                <COORD>
                  <C1>7.819000007610859</C1>
                  <C2>47.58800000913848</C2>
                </COORD>
                <COORD>
                  <C1>7.820000007611583</C1>
                  <C2>47.58900000913861</C2>
                </COORD>
                <COORD>
                  <C1>7.821000007612595</C1>
                  <C2>47.58900000913836</C2>
                </COORD>
                <COORD>
                  <C1>7.821000007612305</C1>
                  <C2>47.590000009138734</C2>
                </COORD>
                <COORD>
                  <C1>7.8220000076133225</C1>
                  <C2>47.59000000913851</C2>
                </COORD>
                <COORD>
                  <C1>7.823000007614335</C1>
                  <C2>47.59000000913823</C2>
                </COORD>
                <COORD>
                  <C1>7.824000007615349</C1>
                  <C2>47.59000000913797</C2>
                </COORD>
                <COORD>
                  <C1>7.825000007616365</C1>
                  <C2>47.5900000091377</C2>
                </COORD>
                <COORD>
                  <C1>7.826000007617378</C1>
                  <C2>47.59000000913741</C2>
                </COORD>
                <COORD>
                  <C1>7.832000007623746</C1>
                  <C2>47.589000009135454</C2>
                </COORD>
                <COORD>
                  <C1>7.83300000762476</C1>
                  <C2>47.589000009135155</C2>
                </COORD>
                <COORD>
                  <C1>7.83400000762577</C1>
                  <C2>47.58900000913489</C2>
                </COORD>
                <COORD>
                  <C1>7.835000007627078</C1>
                  <C2>47.588000009134184</C2>
                </COORD>
                <COORD>
                  <C1>7.836000007628088</C1>
                  <C2>47.588000009133964</C2>
                </COORD>
                <COORD>
                  <C1>7.836000007628377</C1>
                  <C2>47.58700000913355</C2>
                </COORD>
                <COORD>
                  <C1>7.837000007629679</C1>
                  <C2>47.58600000913289</C2>
                </COORD>
                <COORD>
                  <C1>7.838000007630693</C1>
                  <C2>47.58600000913263</C2>
                </COORD>
                <COORD>
                  <C1>7.83800000763098</C1>
                  <C2>47.585000009132216</C2>
                </COORD>
                <COORD>
                  <C1>7.839000007631991</C1>
                  <C2>47.58500000913193</C2>
                </COORD>
                <COORD>
                  <C1>7.840000007633004</C1>
                  <C2>47.585000009131676</C2>
                </COORD>
                <COORD>
                  <C1>7.8400000076332965</C1>
                  <C2>47.584000009131294</C2>
                </COORD>
                <COORD>
                  <C1>7.841000007634306</C1>
                  <C2>47.58400000913104</C2>
                </COORD>
                <COORD>
                  <C1>7.84200000763532</C1>
                  <C2>47.58400000913073</C2>
                </COORD>
                <COORD>
                  <C1>7.843000007636334</C1>
                  <C2>47.58400000913048</C2>
                </COORD>
                <COORD>
                  <C1>7.844000007637348</C1>
                  <C2>47.58400000913019</C2>
                </COORD>
                <COORD>
                  <C1>7.845000007638358</C1>
                  <C2>47.58400000912995</C2>
                </COORD>
                <COORD>
                  <C1>7.846000007639372</C1>
                  <C2>47.58400000912971</C2>
                </COORD>
                <COORD>
                  <C1>7.847000007640379</C1>
                  <C2>47.58400000912939</C2>
                </COORD>
                <COORD>
                  <C1>7.848000007641396</C1>
                  <C2>47.58400000912913</C2>
                </COORD>
                <COORD>
                  <C1>7.848000007641106</C1>
                  <C2>47.585000009129544</C2>
                </COORD>
                <COORD>
                  <C1>7.849000007642118</C1>
                  <C2>47.58500000912928</C2>
                </COORD>
                <COORD>
                  <C1>7.854000007646886</C1>
                  <C2>47.58600000912837</C2>
                </COORD>
                <COORD>
                  <C1>7.855000007647901</C1>
                  <C2>47.586000009128085</C2>
                </COORD>
                <COORD>
                  <C1>7.855000007647613</C1>
                  <C2>47.58700000912854</C2>
                </COORD>
                <COORD>
                  <C1>7.85600000764862</C1>
                  <C2>47.58700000912823</C2>
                </COORD>
                <COORD>
                  <C1>7.8570000076496305</C1>
                  <C2>47.58700000912796</C2>
                </COORD>
                <COORD>
                  <C1>7.858000007650352</C1>
                  <C2>47.58800000912816</C2>
                </COORD>
                <COORD>
                  <C1>7.859000007651366</C1>
                  <C2>47.58800000912785</C2>
                </COORD>
                <COORD>
                  <C1>7.859000007651076</C1>
                  <C2>47.58900000912825</C2>
                </COORD>
                <COORD>
                  <C1>7.860000007652086</C1>
                  <C2>47.589000009127986</C2>
                </COORD>
                <COORD>
                  <C1>7.861000007653098</C1>
                  <C2>47.58900000912771</C2>
                </COORD>
                <COORD>
                  <C1>7.862000007654107</C1>
                  <C2>47.58900000912745</C2>
                </COORD>
                <COORD>
                  <C1>7.862000007653819</C1>
                  <C2>47.59000000912785</C2>
                </COORD>
                <COORD>
                  <C1>7.863000007654829</C1>
                  <C2>47.59000000912759</C2>
                </COORD>
                <COORD>
                  <C1>7.86400000765584</C1>
                  <C2>47.59000000912731</C2>
                </COORD>
                <COORD>
                  <C1>7.868000007659592</C1>
                  <C2>47.59100000912663</C2>
                </COORD>
                <COORD>
                  <C1>7.869000007660603</C1>
                  <C2>47.5910000091264</C2>
                </COORD>
                <COORD>
                  <C1>7.870000007661615</C1>
                  <C2>47.59100000912615</C2>
                </COORD>
                <COORD>
                  <C1>7.871000007662625</C1>
                  <C2>47.59100000912587</C2>
                </COORD>
                <COORD>
                  <C1>7.874000007665654</C1>
                  <C2>47.591000009125075</C2>
                </COORD>
                <COORD>
                  <C1>7.875000007666665</C1>
                  <C2>47.591000009124805</C2>
                </COORD>
                <COORD>
                  <C1>7.876000007667965</C1>
                  <C2>47.59000000912414</C2>
                </COORD>
                <COORD>
                  <C1>7.877000007668978</C1>
                  <C2>47.59000000912389</C2>
                </COORD>
                <COORD>
                  <C1>7.878000007669987</C1>
                  <C2>47.59000000912359</C2>
                </COORD>
                <COORD>
                  <C1>7.883000007674745</C1>
                  <C2>47.591000009122645</C2>
                </COORD>
                <COORD>
                  <C1>7.884000007675752</C1>
                  <C2>47.591000009122425</C2>
                </COORD>
                <COORD>
                  <C1>7.885000007676761</C1>
                  <C2>47.591000009122084</C2>
                </COORD>
                <COORD>
                  <C1>7.886000007677771</C1>
                  <C2>47.591000009121856</C2>
                </COORD>
                <COORD>
                  <C1>7.88700000767878</C1>
                  <C2>47.59100000912159</C2>
                </COORD>
                <COORD>
                  <C1>7.888000007679787</C1>
                  <C2>47.5910000091213</C2>
                </COORD>
                <COORD>
                  <C1>7.889000007681092</C1>
                  <C2>47.590000009120644</C2>
                </COORD>
                <COORD>
                  <C1>7.891000007683109</C1>
                  <C2>47.590000009120125</C2>
                </COORD>
                <COORD>
                  <C1>7.892000007684119</C1>
                  <C2>47.590000009119855</C2>
                </COORD>
                <COORD>
                  <C1>7.8930000076851226</C1>
                  <C2>47.59000000911957</C2>
                </COORD>
                <COORD>
                  <C1>7.8930000076854165</C1>
                  <C2>47.58900000911918</C2>
                </COORD>
                <COORD>
                  <C1>7.89400000768643</C1>
                  <C2>47.58900000911893</C2>
                </COORD>
                <COORD>
                  <C1>7.8950000076874405</C1>
                  <C2>47.589000009118585</C2>
                </COORD>
                <COORD>
                  <C1>7.899000007692347</C1>
                  <C2>47.58600000911637</C2>
                </COORD>
                <COORD>
                  <C1>7.901000007694658</C1>
                  <C2>47.58500000911541</C2>
                </COORD>
                <COORD>
                  <C1>7.902000007695665</C1>
                  <C2>47.58500000911514</C2>
                </COORD>
                <COORD>
                  <C1>7.902000007695954</C1>
                  <C2>47.58400000911477</C2>
                </COORD>
                <COORD>
                  <C1>7.9030000076969635</C1>
                  <C2>47.58400000911448</C2>
                </COORD>
                <COORD>
                  <C1>7.903000007697256</C1>
                  <C2>47.583000009114066</C2>
                </COORD>
                <COORD>
                  <C1>7.904000007698266</C1>
                  <C2>47.583000009113825</C2>
                </COORD>
                <COORD>
                  <C1>7.905000007699563</C1>
                  <C2>47.58200000911314</C2>
                </COORD>
                <COORD>
                  <C1>7.906000007700865</C1>
                  <C2>47.58100000911248</C2>
                </COORD>
                <COORD>
                  <C1>7.907000007702166</C1>
                  <C2>47.580000009111814</C2>
                </COORD>
                <COORD>
                  <C1>7.908000007703466</C1>
                  <C2>47.57900000911112</C2>
                </COORD>
                <COORD>
                  <C1>7.908000007703756</C1>
                  <C2>47.57800000911073</C2>
                </COORD>
                <COORD>
                  <C1>7.909000007705063</C1>
                  <C2>47.57700000911007</C2>
                </COORD>
                <COORD>
                  <C1>7.909000007705351</C1>
                  <C2>47.57600000910965</C2>
                </COORD>
                <COORD>
                  <C1>7.9100000077063575</C1>
                  <C2>47.576000009109386</C2>
                </COORD>
                <COORD>
                  <C1>7.910000007706651</C1>
                  <C2>47.57500000910895</C2>
                </COORD>
                <COORD>
                  <C1>7.911000007707659</C1>
                  <C2>47.575000009108706</C2>
                </COORD>
                <COORD>
                  <C1>7.911000007707953</C1>
                  <C2>47.57400000910832</C2>
                </COORD>
                <COORD>
                  <C1>7.91200000770925</C1>
                  <C2>47.573000009107595</C2>
                </COORD>
                <COORD>
                  <C1>7.912000007709544</C1>
                  <C2>47.57200000910721</C2>
                </COORD>
                <COORD>
                  <C1>7.9130000077108456</C1>
                  <C2>47.571000009106555</C2>
                </COORD>
                <COORD>
                  <C1>7.913000007711135</C1>
                  <C2>47.57000000910615</C2>
                </COORD>
                <COORD>
                  <C1>7.913000007711427</C1>
                  <C2>47.569000009105736</C2>
                </COORD>
                <COORD>
                  <C1>7.912000007710419</C1>
                  <C2>47.56900000910596</C2>
                </COORD>
                <COORD>
                  <C1>7.91200000771071</C1>
                  <C2>47.568000009105575</C2>
                </COORD>
                <COORD>
                  <C1>7.912000007711002</C1>
                  <C2>47.56700000910518</C2>
                </COORD>
                <COORD>
                  <C1>7.911000007709997</C1>
                  <C2>47.56700000910542</C2>
                </COORD>
                <COORD>
                  <C1>7.90900000770856</C1>
                  <C2>47.56500000910517</C2>
                </COORD>
                <COORD>
                  <C1>7.909000007708851</C1>
                  <C2>47.56400000910479</C2>
                </COORD>
                <COORD>
                  <C1>7.908000007708133</C1>
                  <C2>47.563000009104606</C2>
                </COORD>
                <COORD>
                  <C1>7.908000007708424</C1>
                  <C2>47.56200000910423</C2>
                </COORD>
                <COORD>
                  <C1>7.908000007708711</C1>
                  <C2>47.561000009103765</C2>
                </COORD>
                <COORD>
                  <C1>7.909000007710306</C1>
                  <C2>47.559000009102704</C2>
                </COORD>
                <COORD>
                  <C1>7.909000007710596</C1>
                  <C2>47.55800000910231</C2>
                </COORD>
                <COORD>
                  <C1>7.910000007711895</C1>
                  <C2>47.55700000910164</C2>
                </COORD>
                <COORD>
                  <C1>7.9100000077121875</C1>
                  <C2>47.5560000091012</C2>
                </COORD>
                <COORD>
                  <C1>7.911000007713489</C1>
                  <C2>47.55500000910058</C2>
                </COORD>
                <COORD>
                  <C1>7.9110000077137785</C1>
                  <C2>47.55400000910014</C2>
                </COORD>
                <COORD>
                  <C1>7.912000007714789</C1>
                  <C2>47.554000009099894</C2>
                </COORD>
                <COORD>
                  <C1>7.912000007715078</C1>
                  <C2>47.55300000909949</C2>
                </COORD>
                <COORD>
                  <C1>7.913000007716088</C1>
                  <C2>47.553000009099215</C2>
                </COORD>
                <COORD>
                  <C1>7.913000007716382</C1>
                  <C2>47.5520000090988</C2>
                </COORD>
                <COORD>
                  <C1>7.9140000077173855</C1>
                  <C2>47.55200000909853</C2>
                </COORD>
                <COORD>
                  <C1>7.9150000077186915</C1>
                  <C2>47.551000009097876</C2>
                </COORD>
                <COORD>
                  <C1>7.916000007719699</C1>
                  <C2>47.551000009097564</C2>
                </COORD>
                <COORD>
                  <C1>7.917000007720997</C1>
                  <C2>47.55000000909691</C2>
                </COORD>
                <COORD>
                  <C1>7.918000007722006</C1>
                  <C2>47.550000009096614</C2>
                </COORD>
                <COORD>
                  <C1>7.9190000077230165</C1>
                  <C2>47.55000000909638</C2>
                </COORD>
                <COORD>
                  <C1>7.919000007723306</C1>
                  <C2>47.54900000909595</C2>
                </COORD>
                <COORD>
                  <C1>7.920000007724316</C1>
                  <C2>47.54900000909569</C2>
                </COORD>
                <COORD>
                  <C1>7.921000007725325</C1>
                  <C2>47.549000009095444</C2>
                </COORD>
                <COORD>
                  <C1>7.92500000772936</C1>
                  <C2>47.54900000909438</C2>
                </COORD>
                <COORD>
                  <C1>7.926000007730366</C1>
                  <C2>47.54900000909407</C2>
                </COORD>
                <COORD>
                  <C1>7.927000007731374</C1>
                  <C2>47.5490000090938</C2>
                </COORD>
                <COORD>
                  <C1>7.928000007732384</C1>
                  <C2>47.54900000909354</C2>
                </COORD>
                <COORD>
                  <C1>7.92900000773339</C1>
                  <C2>47.549000009093284</C2>
                </COORD>
                <COORD>
                  <C1>7.930000007734401</C1>
                  <C2>47.54900000909302</C2>
                </COORD>
                <COORD>
                  <C1>7.93100000773541</C1>
                  <C2>47.54900000909273</C2>
                </COORD>
                <COORD>
                  <C1>7.932000007736417</C1>
                  <C2>47.54900000909248</C2>
                </COORD>
                <COORD>
                  <C1>7.933000007737423</C1>
                  <C2>47.54900000909221</C2>
                </COORD>
                <COORD>
                  <C1>7.934000007738431</C1>
                  <C2>47.549000009091934</C2>
                </COORD>
                <COORD>
                  <C1>7.935000007739439</C1>
                  <C2>47.54900000909165</C2>
                </COORD>
                <COORD>
                  <C1>7.936000007740739</C1>
                  <C2>47.54800000909101</C2>
                </COORD>
                <COORD>
                  <C1>7.937000007741744</C1>
                  <C2>47.548000009090714</C2>
                </COORD>
                <COORD>
                  <C1>7.938000007742753</C1>
                  <C2>47.54800000909045</C2>
                </COORD>
                <COORD>
                  <C1>7.939000007743763</C1>
                  <C2>47.548000009090174</C2>
                </COORD>
                <COORD>
                  <C1>7.94100000774607</C1>
                  <C2>47.5470000090892</C2>
                </COORD>
                <COORD>
                  <C1>7.942000007747368</C1>
                  <C2>47.546000009088544</C2>
                </COORD>
                <COORD>
                  <C1>7.943000007748374</C1>
                  <C2>47.546000009088324</C2>
                </COORD>
                <COORD>
                  <C1>7.944000007749383</C1>
                  <C2>47.54600000908801</C2>
                </COORD>
                <COORD>
                  <C1>7.94500000775039</C1>
                  <C2>47.546000009087706</C2>
                </COORD>
                <COORD>
                  <C1>7.946000007751395</C1>
                  <C2>47.54600000908748</C2>
                </COORD>
                <COORD>
                  <C1>7.947000007752403</C1>
                  <C2>47.54600000908719</C2>
                </COORD>
                <COORD>
                  <C1>7.948000007753411</C1>
                  <C2>47.54600000908694</C2>
                </COORD>
                <COORD>
                  <C1>7.949000007754125</C1>
                  <C2>47.54700000908704</C2>
                </COORD>
                <COORD>
                  <C1>7.950000007754841</C1>
                  <C2>47.54800000908723</C2>
                </COORD>
                <COORD>
                  <C1>7.951000007755556</C1>
                  <C2>47.549000009087365</C2>
                </COORD>
                <COORD>
                  <C1>7.951000007755262</C1>
                  <C2>47.550000009087746</C2>
                </COORD>
                <COORD>
                  <C1>7.9520000077562685</C1>
                  <C2>47.55000000908753</C2>
                </COORD>
                <COORD>
                  <C1>7.952000007755978</C1>
                  <C2>47.5510000090879</C2>
                </COORD>
                <COORD>
                  <C1>7.952000007755682</C1>
                  <C2>47.55200000908831</C2>
                </COORD>
                <COORD>
                  <C1>7.953000007755519</C1>
                  <C2>47.556000009089665</C2>
                </COORD>
                <COORD>
                  <C1>7.954000007756235</C1>
                  <C2>47.55700000908985</C2>
                </COORD>
                <COORD>
                  <C1>7.955000007756944</C1>
                  <C2>47.55800000908993</C2>
                </COORD>
                <COORD>
                  <C1>7.956000007757952</C1>
                  <C2>47.55800000908967</C2>
                </COORD>
                <COORD>
                  <C1>7.956000007757658</C1>
                  <C2>47.55900000909008</C2>
                </COORD>
                <COORD>
                  <C1>7.957000007758664</C1>
                  <C2>47.55900000908983</C2>
                </COORD>
                <COORD>
                  <C1>7.9580000077596695</C1>
                  <C2>47.55900000908955</C2>
                </COORD>
                <COORD>
                  <C1>7.959000007760382</C1>
                  <C2>47.560000009089684</C2>
                </COORD>
                <COORD>
                  <C1>7.960000007761386</C1>
                  <C2>47.560000009089435</C2>
                </COORD>
                <COORD>
                  <C1>7.961000007762396</C1>
                  <C2>47.560000009089194</C2>
                </COORD>
                <COORD>
                  <C1>7.9620000077633994</C1>
                  <C2>47.560000009088874</C2>
                </COORD>
                <COORD>
                  <C1>7.963000007764403</C1>
                  <C2>47.56000000908859</C2>
                </COORD>
                <COORD>
                  <C1>7.964000007765408</C1>
                  <C2>47.56000000908836</C2>
                </COORD>
                <COORD>
                  <C1>7.966000007767714</C1>
                  <C2>47.55900000908743</C2>
                </COORD>
                <COORD>
                  <C1>7.9670000077687195</C1>
                  <C2>47.55900000908713</C2>
                </COORD>
                <COORD>
                  <C1>7.968000007769725</C1>
                  <C2>47.55900000908687</C2>
                </COORD>
                <COORD>
                  <C1>7.969000007771025</C1>
                  <C2>47.55800000908618</C2>
                </COORD>
                <COORD>
                  <C1>7.970000007772028</C1>
                  <C2>47.55800000908592</C2>
                </COORD>
                <COORD>
                  <C1>7.971000007773035</C1>
                  <C2>47.55800000908563</C2>
                </COORD>
                <COORD>
                  <C1>7.972000007774039</C1>
                  <C2>47.55800000908538</C2>
                </COORD>
                <COORD>
                  <C1>7.973000007775042</C1>
                  <C2>47.558000009085085</C2>
                </COORD>
                <COORD>
                  <C1>7.97400000777605</C1>
                  <C2>47.558000009084836</C2>
                </COORD>
                <COORD>
                  <C1>7.975000007777347</C1>
                  <C2>47.55700000908418</C2>
                </COORD>
                <COORD>
                  <C1>7.976000007778348</C1>
                  <C2>47.557000009083836</C2>
                </COORD>
                <COORD>
                  <C1>7.977000007779355</C1>
                  <C2>47.55700000908362</C2>
                </COORD>
                <COORD>
                  <C1>7.9780000077803574</C1>
                  <C2>47.55700000908335</C2>
                </COORD>
                <COORD>
                  <C1>7.979000007781365</C1>
                  <C2>47.55700000908306</C2>
                </COORD>
                <COORD>
                  <C1>7.980000007782367</C1>
                  <C2>47.55700000908279</C2>
                </COORD>
                <COORD>
                  <C1>7.982000007784377</C1>
                  <C2>47.557000009082245</C2>
                </COORD>
                <COORD>
                  <C1>7.983000007785379</C1>
                  <C2>47.55700000908194</C2>
                </COORD>
                <COORD>
                  <C1>7.984000007786387</C1>
                  <C2>47.557000009081726</C2>
                </COORD>
                <COORD>
                  <C1>7.985000007787391</C1>
                  <C2>47.557000009081456</C2>
                </COORD>
                <COORD>
                  <C1>7.986000007788393</C1>
                  <C2>47.55700000908118</C2>
                </COORD>
                <COORD>
                  <C1>7.987000007789395</C1>
                  <C2>47.55700000908087</C2>
                </COORD>
                <COORD>
                  <C1>7.988000007790107</C1>
                  <C2>47.55800000908108</C2>
                </COORD>
                <COORD>
                  <C1>7.989000007791114</C1>
                  <C2>47.558000009080764</C2>
                </COORD>
                <COORD>
                  <C1>7.990000007792115</C1>
                  <C2>47.55800000908053</C2>
                </COORD>
                <COORD>
                  <C1>7.991000007793116</C1>
                  <C2>47.55800000908023</C2>
                </COORD>
                <COORD>
                  <C1>7.992000007794118</C1>
                  <C2>47.55800000907994</C2>
                </COORD>
                <COORD>
                  <C1>7.996000007798134</C1>
                  <C2>47.55800000907888</C2>
                </COORD>
                <COORD>
                  <C1>7.997000007799134</C1>
                  <C2>47.55800000907863</C2>
                </COORD>
                <COORD>
                  <C1>7.997000007798841</C1>
                  <C2>47.559000009079064</C2>
                </COORD>
                <COORD>
                  <C1>7.9980000077998445</C1>
                  <C2>47.559000009078716</C2>
                </COORD>
                <COORD>
                  <C1>7.999000007800846</C1>
                  <C2>47.559000009078474</C2>
                </COORD>
                <COORD>
                  <C1>8.000000007802146</C1>
                  <C2>47.558000009077766</C2>
                </COORD>
                <COORD>
                  <C1>8.001000007803146</C1>
                  <C2>47.558000009077524</C2>
                </COORD>
                <COORD>
                  <C1>8.002000007804147</C1>
                  <C2>47.55800000907725</C2>
                </COORD>
                <COORD>
                  <C1>8.003000007805152</C1>
                  <C2>47.558000009076956</C2>
                </COORD>
                <COORD>
                  <C1>8.006000007808458</C1>
                  <C2>47.5570000090758</C2>
                </COORD>
                <COORD>
                  <C1>8.007000007809456</C1>
                  <C2>47.55700000907549</C2>
                </COORD>
                <COORD>
                  <C1>8.008000007810463</C1>
                  <C2>47.55700000907524</C2>
                </COORD>
                <COORD>
                  <C1>8.009000007811466</C1>
                  <C2>47.55700000907493</C2>
                </COORD>
                <COORD>
                  <C1>8.009000007811759</C1>
                  <C2>47.556000009074516</C2>
                </COORD>
                <COORD>
                  <C1>8.010000007812762</C1>
                  <C2>47.55600000907429</C2>
                </COORD>
                <COORD>
                  <C1>8.011000007813761</C1>
                  <C2>47.55600000907399</C2>
                </COORD>
                <COORD>
                  <C1>8.01100000781406</C1>
                  <C2>47.55500000907362</C2>
                </COORD>
                <COORD>
                  <C1>8.012000007815061</C1>
                  <C2>47.55500000907333</C2>
                </COORD>
                <COORD>
                  <C1>8.013000007816062</C1>
                  <C2>47.555000009073034</C2>
                </COORD>
                <COORD>
                  <C1>8.013000007816355</C1>
                  <C2>47.554000009072645</C2>
                </COORD>
                <COORD>
                  <C1>8.014000007817364</C1>
                  <C2>47.55400000907237</C2>
                </COORD>
                <COORD>
                  <C1>8.015000007818363</C1>
                  <C2>47.5540000090721</C2>
                </COORD>
                <COORD>
                  <C1>8.01500000781866</C1>
                  <C2>47.55300000907166</C2>
                </COORD>
                <COORD>
                  <C1>8.016000007819661</C1>
                  <C2>47.553000009071425</C2>
                </COORD>
                <COORD>
                  <C1>8.017000007820661</C1>
                  <C2>47.55300000907111</C2>
                </COORD>
                <COORD>
                  <C1>8.018000007821664</C1>
                  <C2>47.553000009070836</C2>
                </COORD>
                <COORD>
                  <C1>8.019000007822667</C1>
                  <C2>47.55300000907058</C2>
                </COORD>
                <COORD>
                  <C1>8.022000007825962</C1>
                  <C2>47.55200000906934</C2>
                </COORD>
                <COORD>
                  <C1>8.023000007826967</C1>
                  <C2>47.5520000090691</C2>
                </COORD>
                <COORD>
                  <C1>8.024000007827965</C1>
                  <C2>47.552000009068806</C2>
                </COORD>
                <COORD>
                  <C1>8.024000007827672</C1>
                  <C2>47.553000009069216</C2>
                </COORD>
                <COORD>
                  <C1>8.025000007828677</C1>
                  <C2>47.55300000906895</C2>
                </COORD>
                <COORD>
                  <C1>8.027000007830676</C1>
                  <C2>47.55300000906843</C2>
                </COORD>
                <COORD>
                  <C1>8.02700000783038</C1>
                  <C2>47.554000009068844</C2>
                </COORD>
                <COORD>
                  <C1>8.028000007831382</C1>
                  <C2>47.554000009068545</C2>
                </COORD>
                <COORD>
                  <C1>8.02900000783238</C1>
                  <C2>47.55400000906828</C2>
                </COORD>
                <COORD>
                  <C1>8.034000007837388</C1>
                  <C2>47.55400000906692</C2>
                </COORD>
                <COORD>
                  <C1>8.03500000783809</C1>
                  <C2>47.555000009067015</C2>
                </COORD>
                <COORD>
                  <C1>8.036000007839089</C1>
                  <C2>47.55500000906676</C2>
                </COORD>
                <COORD>
                  <C1>8.04000000784309</C1>
                  <C2>47.55500000906571</C2>
                </COORD>
                <COORD>
                  <C1>8.041000007844096</C1>
                  <C2>47.55500000906545</C2>
                </COORD>
                <COORD>
                  <C1>8.041000007843795</C1>
                  <C2>47.55600000906583</C2>
                </COORD>
                <COORD>
                  <C1>8.042000007844795</C1>
                  <C2>47.55600000906554</C2>
                </COORD>
                <COORD>
                  <C1>8.043000007845794</C1>
                  <C2>47.55600000906526</C2>
                </COORD>
                <COORD>
                  <C1>8.047000007849498</C1>
                  <C2>47.557000009064595</C2>
                </COORD>
                <COORD>
                  <C1>8.048000007850202</C1>
                  <C2>47.5580000090647</C2>
                </COORD>
                <COORD>
                  <C1>8.049000007851198</C1>
                  <C2>47.55800000906445</C2>
                </COORD>
                <COORD>
                  <C1>8.050000007851905</C1>
                  <C2>47.55900000906456</C2>
                </COORD>
                <COORD>
                  <C1>8.051000007852902</C1>
                  <C2>47.55900000906432</C2>
                </COORD>
                <COORD>
                  <C1>8.0510000078526</C1>
                  <C2>47.56000000906473</C2>
                </COORD>
                <COORD>
                  <C1>8.052000007853602</C1>
                  <C2>47.56000000906444</C2>
                </COORD>
                <COORD>
                  <C1>8.053000007854605</C1>
                  <C2>47.5600000090642</C2>
                </COORD>
                <COORD>
                  <C1>8.053000007854306</C1>
                  <C2>47.56100000906461</C2>
                </COORD>
                <COORD>
                  <C1>8.054000007855302</C1>
                  <C2>47.561000009064315</C2>
                </COORD>
                <COORD>
                  <C1>8.055000007856007</C1>
                  <C2>47.562000009064434</C2>
                </COORD>
                <COORD>
                  <C1>8.056000007857001</C1>
                  <C2>47.56200000906417</C2>
                </COORD>
                <COORD>
                  <C1>8.057000007858003</C1>
                  <C2>47.56200000906393</C2>
                </COORD>
                <COORD>
                  <C1>8.057000007857706</C1>
                  <C2>47.56300000906428</C2>
                </COORD>
                <COORD>
                  <C1>8.058000007858704</C1>
                  <C2>47.56300000906402</C2>
                </COORD>
                <COORD>
                  <C1>8.0590000078597</C1>
                  <C2>47.56300000906373</C2>
                </COORD>
                <COORD>
                  <C1>8.059000007859401</C1>
                  <C2>47.56400000906416</C2>
                </COORD>
                <COORD>
                  <C1>8.060000007860106</C1>
                  <C2>47.56500000906426</C2>
                </COORD>
                <COORD>
                  <C1>8.06000000785981</C1>
                  <C2>47.5660000090647</C2>
                </COORD>
                <COORD>
                  <C1>8.061000007860805</C1>
                  <C2>47.56600000906442</C2>
                </COORD>
                <COORD>
                  <C1>8.062000007861803</C1>
                  <C2>47.566000009064155</C2>
                </COORD>
                <COORD>
                  <C1>8.063000007863103</C1>
                  <C2>47.56500000906349</C2>
                </COORD>
                <COORD>
                  <C1>8.064000007864099</C1>
                  <C2>47.565000009063205</C2>
                </COORD>
                <COORD>
                  <C1>8.065000007865093</C1>
                  <C2>47.56500000906295</C2>
                </COORD>
                <COORD>
                  <C1>8.066000007865798</C1>
                  <C2>47.566000009063046</C2>
                </COORD>
                <COORD>
                  <C1>8.067000007866792</C1>
                  <C2>47.566000009062776</C2>
                </COORD>
                <COORD>
                  <C1>8.068000007867791</C1>
                  <C2>47.56600000906251</C2>
                </COORD>
                <COORD>
                  <C1>8.069000007868787</C1>
                  <C2>47.56600000906226</C2>
                </COORD>
                <COORD>
                  <C1>8.070000007869785</C1>
                  <C2>47.566000009061966</C2>
                </COORD>
                <COORD>
                  <C1>8.071000007870783</C1>
                  <C2>47.566000009061675</C2>
                </COORD>
                <COORD>
                  <C1>8.072000007871777</C1>
                  <C2>47.56600000906139</C2>
                </COORD>
                <COORD>
                  <C1>8.073000007873077</C1>
                  <C2>47.56500000906071</C2>
                </COORD>
                <COORD>
                  <C1>8.074000007874071</C1>
                  <C2>47.565000009060455</C2>
                </COORD>
                <COORD>
                  <C1>8.07500000787537</C1>
                  <C2>47.564000009059775</C2>
                </COORD>
                <COORD>
                  <C1>8.076000007876367</C1>
                  <C2>47.56400000905953</C2>
                </COORD>
                <COORD>
                  <C1>8.077000007877663</C1>
                  <C2>47.563000009058825</C2>
                </COORD>
                <COORD>
                  <C1>8.080000007881253</C1>
                  <C2>47.561000009057196</C2>
                </COORD>
                <COORD>
                  <C1>8.081000007882247</C1>
                  <C2>47.5610000090569</C2>
                </COORD>
                <COORD>
                  <C1>8.081000007882546</C1>
                  <C2>47.56000000905653</C2>
                </COORD>
                <COORD>
                  <C1>8.082000007883547</C1>
                  <C2>47.56000000905623</C2>
                </COORD>
                <COORD>
                  <C1>8.083000007884543</C1>
                  <C2>47.56000000905596</C2>
                </COORD>
                <COORD>
                  <C1>8.084000007885535</C1>
                  <C2>47.560000009055685</C2>
                </COORD>
                <COORD>
                  <C1>8.085000007886537</C1>
                  <C2>47.56000000905548</C2>
                </COORD>
                <COORD>
                  <C1>8.086000007887533</C1>
                  <C2>47.56000000905517</C2>
                </COORD>
                <COORD>
                  <C1>8.088000007889821</C1>
                  <C2>47.55900000905421</C2>
                </COORD>
                <COORD>
                  <C1>8.08900000789052</C1>
                  <C2>47.560000009054306</C2>
                </COORD>
                <COORD>
                  <C1>8.09000000789152</C1>
                  <C2>47.56000000905405</C2>
                </COORD>
                <COORD>
                  <C1>8.091000007892509</C1>
                  <C2>47.56000000905376</C2>
                </COORD>
                <COORD>
                  <C1>8.092000007893507</C1>
                  <C2>47.56000000905348</C2>
                </COORD>
                <COORD>
                  <C1>8.093000007894506</C1>
                  <C2>47.560000009053205</C2>
                </COORD>
                <COORD>
                  <C1>8.093000007894204</C1>
                  <C2>47.56100000905356</C2>
                </COORD>
                <COORD>
                  <C1>8.094000007895202</C1>
                  <C2>47.561000009053345</C2>
                </COORD>
                <COORD>
                  <C1>8.097000007897892</C1>
                  <C2>47.562000009052916</C2>
                </COORD>
                <COORD>
                  <C1>8.098000007898586</C1>
                  <C2>47.56300000905305</C2>
                </COORD>
                <COORD>
                  <C1>8.099000007899582</C1>
                  <C2>47.56300000905277</C2>
                </COORD>
                <COORD>
                  <C1>8.099000007899283</C1>
                  <C2>47.56400000905319</C2>
                </COORD>
                <COORD>
                  <C1>8.100000007900281</C1>
                  <C2>47.56400000905291</C2>
                </COORD>
                <COORD>
                  <C1>8.100000007899977</C1>
                  <C2>47.56500000905331</C2>
                </COORD>
                <COORD>
                  <C1>8.101000007900977</C1>
                  <C2>47.565000009053044</C2>
                </COORD>
                <COORD>
                  <C1>8.101000007900677</C1>
                  <C2>47.56600000905344</C2>
                </COORD>
                <COORD>
                  <C1>8.102000007901669</C1>
                  <C2>47.56600000905317</C2>
                </COORD>
                <COORD>
                  <C1>8.102000007901369</C1>
                  <C2>47.56700000905357</C2>
                </COORD>
                <COORD>
                  <C1>8.10200000790107</C1>
                  <C2>47.568000009053975</C2>
                </COORD>
                <COORD>
                  <C1>8.103000007901768</C1>
                  <C2>47.569000009054115</C2>
                </COORD>
                <COORD>
                  <C1>8.103000007901466</C1>
                  <C2>47.57000000905453</C2>
                </COORD>
                <COORD>
                  <C1>8.103000007901166</C1>
                  <C2>47.571000009054934</C2>
                </COORD>
                <COORD>
                  <C1>8.103000007900865</C1>
                  <C2>47.5720000090553</C2>
                </COORD>
                <COORD>
                  <C1>8.104000007900659</C1>
                  <C2>47.57600000905668</C2>
                </COORD>
                <COORD>
                  <C1>8.104000007900359</C1>
                  <C2>47.57700000905705</C2>
                </COORD>
                <COORD>
                  <C1>8.10400000790006</C1>
                  <C2>47.57800000905743</C2>
                </COORD>
                <COORD>
                  <C1>8.10400000789976</C1>
                  <C2>47.57900000905788</C2>
                </COORD>
                <COORD>
                  <C1>8.105000007900756</C1>
                  <C2>47.57900000905762</C2>
                </COORD>
                <COORD>
                  <C1>8.105000007900452</C1>
                  <C2>47.580000009058004</C2>
                </COORD>
                <COORD>
                  <C1>8.106000007901446</C1>
                  <C2>47.58000000905771</C2>
                </COORD>
                <COORD>
                  <C1>8.106000007901146</C1>
                  <C2>47.581000009058116</C2>
                </COORD>
                <COORD>
                  <C1>8.107000007902139</C1>
                  <C2>47.58100000905785</C2>
                </COORD>
                <COORD>
                  <C1>8.107000007901839</C1>
                  <C2>47.58200000905825</C2>
                </COORD>
                <COORD>
                  <C1>8.108000007902833</C1>
                  <C2>47.58200000905794</C2>
                </COORD>
                <COORD>
                  <C1>8.108000007902534</C1>
                  <C2>47.583000009058374</C2>
                </COORD>
                <COORD>
                  <C1>8.10900000790353</C1>
                  <C2>47.583000009058104</C2>
                </COORD>
                <COORD>
                  <C1>8.110000007904217</C1>
                  <C2>47.584000009058215</C2>
                </COORD>
                <COORD>
                  <C1>8.111000007905215</C1>
                  <C2>47.58400000905793</C2>
                </COORD>
                <COORD>
                  <C1>8.111000007904913</C1>
                  <C2>47.585000009058376</C2>
                </COORD>
                <COORD>
                  <C1>8.112000007905907</C1>
                  <C2>47.58500000905809</C2>
                </COORD>
                <COORD>
                  <C1>8.1130000079069</C1>
                  <C2>47.58500000905783</C2>
                </COORD>
                <COORD>
                  <C1>8.114000007907594</C1>
                  <C2>47.58600000905787</C2>
                </COORD>
                <COORD>
                  <C1>8.115000007908586</C1>
                  <C2>47.58600000905765</C2>
                </COORD>
                <COORD>
                  <C1>8.116000007909578</C1>
                  <C2>47.58600000905738</C2>
                </COORD>
                <COORD>
                  <C1>8.117000007910574</C1>
                  <C2>47.586000009057116</C2>
                </COORD>
                <COORD>
                  <C1>8.118000007911567</C1>
                  <C2>47.586000009056825</C2>
                </COORD>
                <COORD>
                  <C1>8.119000007912557</C1>
                  <C2>47.58600000905654</C2>
                </COORD>
                <COORD>
                  <C1>8.120000007913553</C1>
                  <C2>47.586000009056285</C2>
                </COORD>
                <COORD>
                  <C1>8.121000007914548</C1>
                  <C2>47.58600000905601</C2>
                </COORD>
                <COORD>
                  <C1>8.122000007915537</C1>
                  <C2>47.58600000905572</C2>
                </COORD>
                <COORD>
                  <C1>8.123000007916529</C1>
                  <C2>47.586000009055475</C2>
                </COORD>
                <COORD>
                  <C1>8.124000007917829</C1>
                  <C2>47.585000009054774</C2>
                </COORD>
                <COORD>
                  <C1>8.125000007918818</C1>
                  <C2>47.5850000090545</C2>
                </COORD>
                <COORD>
                  <C1>8.12600000791981</C1>
                  <C2>47.58500000905419</C2>
                </COORD>
                <COORD>
                  <C1>8.127000007920804</C1>
                  <C2>47.58500000905394</C2>
                </COORD>
                <COORD>
                  <C1>8.128000007921797</C1>
                  <C2>47.58500000905367</C2>
                </COORD>
                <COORD>
                  <C1>8.129000007922787</C1>
                  <C2>47.58500000905339</C2>
                </COORD>
                <COORD>
                  <C1>8.130000007923783</C1>
                  <C2>47.58500000905311</C2>
                </COORD>
                <COORD>
                  <C1>8.131000007924774</C1>
                  <C2>47.58500000905285</C2>
                </COORD>
                <COORD>
                  <C1>8.13200000792577</C1>
                  <C2>47.58500000905257</C2>
                </COORD>
                <COORD>
                  <C1>8.13300000792676</C1>
                  <C2>47.58500000905229</C2>
                </COORD>
                <COORD>
                  <C1>8.134000007927751</C1>
                  <C2>47.58500000905201</C2>
                </COORD>
                <COORD>
                  <C1>8.135000007928742</C1>
                  <C2>47.58500000905174</C2>
                </COORD>
                <COORD>
                  <C1>8.136000007929734</C1>
                  <C2>47.58500000905146</C2>
                </COORD>
                <COORD>
                  <C1>8.136000007929432</C1>
                  <C2>47.58600000905186</C2>
                </COORD>
                <COORD>
                  <C1>8.137000007930427</C1>
                  <C2>47.58600000905157</C2>
                </COORD>
                <COORD>
                  <C1>8.138000007931419</C1>
                  <C2>47.58600000905133</C2>
                </COORD>
                <COORD>
                  <C1>8.138000007931113</C1>
                  <C2>47.58700000905169</C2>
                </COORD>
                <COORD>
                  <C1>8.139000007932106</C1>
                  <C2>47.587000009051444</C2>
                </COORD>
                <COORD>
                  <C1>8.139000007931802</C1>
                  <C2>47.58800000905182</C2>
                </COORD>
                <COORD>
                  <C1>8.139000007931498</C1>
                  <C2>47.58900000905224</C2>
                </COORD>
                <COORD>
                  <C1>8.139000007931198</C1>
                  <C2>47.59000000905262</C2>
                </COORD>
                <COORD>
                  <C1>8.139000007930896</C1>
                  <C2>47.59100000905303</C2>
                </COORD>
                <COORD>
                  <C1>8.139000007930594</C1>
                  <C2>47.592000009053415</C2>
                </COORD>
                <COORD>
                  <C1>8.140000007931587</C1>
                  <C2>47.592000009053116</C2>
                </COORD>
                <COORD>
                  <C1>8.140000007931285</C1>
                  <C2>47.59300000905357</C2>
                </COORD>
                <COORD>
                  <C1>8.144000007934943</C1>
                  <C2>47.59400000905284</C2>
                </COORD>
                <COORD>
                  <C1>8.144000007934642</C1>
                  <C2>47.59500000905325</C2>
                </COORD>
                <COORD>
                  <C1>8.145000007935629</C1>
                  <C2>47.595000009052974</C2>
                </COORD>
                <COORD>
                  <C1>8.14700000793701</C1>
                  <C2>47.59700000905324</C2>
                </COORD>
                <COORD>
                  <C1>8.148000007937997</C1>
                  <C2>47.59700000905294</C2>
                </COORD>
                <COORD>
                  <C1>8.149000007938989</C1>
                  <C2>47.597000009052664</C2>
                </COORD>
                <COORD>
                  <C1>8.149000007938685</C1>
                  <C2>47.59800000905307</C2>
                </COORD>
                <COORD>
                  <C1>8.150000007939674</C1>
                  <C2>47.59800000905278</C2>
                </COORD>
                <COORD>
                  <C1>8.151000007940668</C1>
                  <C2>47.598000009052534</C2>
                </COORD>
                <COORD>
                  <C1>8.152000007941657</C1>
                  <C2>47.59800000905222</C2>
                </COORD>
                <COORD>
                  <C1>8.153000007942648</C1>
                  <C2>47.598000009051944</C2>
                </COORD>
                <COORD>
                  <C1>8.154000007943637</C1>
                  <C2>47.59800000905167</C2>
                </COORD>
                <COORD>
                  <C1>8.155000007944626</C1>
                  <C2>47.5980000090514</C2>
                </COORD>
                <COORD>
                  <C1>8.15500000794493</C1>
                  <C2>47.597000009050994</C2>
                </COORD>
                <COORD>
                  <C1>8.156000007945924</C1>
                  <C2>47.5970000090507</C2>
                </COORD>
                <COORD>
                  <C1>8.157000007946912</C1>
                  <C2>47.59700000905046</C2>
                </COORD>
                <COORD>
                  <C1>8.158000007948209</C1>
                  <C2>47.59600000904973</C2>
                </COORD>
                <COORD>
                  <C1>8.159000007949198</C1>
                  <C2>47.59600000904949</C2>
                </COORD>
                <COORD>
                  <C1>8.160000007950183</C1>
                  <C2>47.596000009049185</C2>
                </COORD>
                <COORD>
                  <C1>8.161000007951175</C1>
                  <C2>47.59600000904893</C2>
                </COORD>
                <COORD>
                  <C1>8.162000007952166</C1>
                  <C2>47.5960000090486</C2>
                </COORD>
                <COORD>
                  <C1>8.163000007953155</C1>
                  <C2>47.596000009048375</C2>
                </COORD>
                <COORD>
                  <C1>8.164000007954144</C1>
                  <C2>47.596000009048055</C2>
                </COORD>
                <COORD>
                  <C1>8.165000007955134</C1>
                  <C2>47.59600000904781</C2>
                </COORD>
                <COORD>
                  <C1>8.166000007956125</C1>
                  <C2>47.5960000090475</C2>
                </COORD>
                <COORD>
                  <C1>8.167000007957114</C1>
                  <C2>47.596000009047245</C2>
                </COORD>
                <COORD>
                  <C1>8.167000007956807</C1>
                  <C2>47.59700000904767</C2>
                </COORD>
                <COORD>
                  <C1>8.168000007957794</C1>
                  <C2>47.59700000904737</C2>
                </COORD>
                <COORD>
                  <C1>8.169000007958479</C1>
                  <C2>47.598000009047524</C2>
                </COORD>
                <COORD>
                  <C1>8.169000007958177</C1>
                  <C2>47.59900000904794</C2>
                </COORD>
                <COORD>
                  <C1>8.170000007959166</C1>
                  <C2>47.59900000904761</C2>
                </COORD>
                <COORD>
                  <C1>8.171000007960155</C1>
                  <C2>47.599000009047366</C2>
                </COORD>
                <COORD>
                  <C1>8.171000007959853</C1>
                  <C2>47.60000000904774</C2>
                </COORD>
                <COORD>
                  <C1>8.17200000796084</C1>
                  <C2>47.60000000904747</C2>
                </COORD>
                <COORD>
                  <C1>8.173000007961221</C1>
                  <C2>47.60200000904799</C2>
                </COORD>
                <COORD>
                  <C1>8.174000007962206</C1>
                  <C2>47.60200000904773</C2>
                </COORD>
                <COORD>
                  <C1>8.174000007961904</C1>
                  <C2>47.60300000904813</C2>
                </COORD>
                <COORD>
                  <C1>8.176000007963575</C1>
                  <C2>47.60400000904795</C2>
                </COORD>
                <COORD>
                  <C1>8.177000007964562</C1>
                  <C2>47.604000009047674</C2>
                </COORD>
                <COORD>
                  <C1>8.178000007965245</C1>
                  <C2>47.605000009047764</C2>
                </COORD>
                <COORD>
                  <C1>8.179000007966236</C1>
                  <C2>47.6050000090475</C2>
                </COORD>
                <COORD>
                  <C1>8.183000007969882</C1>
                  <C2>47.6060000090468</C2>
                </COORD>
                <COORD>
                  <C1>8.184000007970864</C1>
                  <C2>47.606000009046525</C2>
                </COORD>
                <COORD>
                  <C1>8.185000007971547</C1>
                  <C2>47.60700000904662</C2>
                </COORD>
                <COORD>
                  <C1>8.186000007972542</C1>
                  <C2>47.60700000904635</C2>
                </COORD>
                <COORD>
                  <C1>8.186000007972233</C1>
                  <C2>47.60800000904677</C2>
                </COORD>
                <COORD>
                  <C1>8.18700000797322</C1>
                  <C2>47.60800000904646</C2>
                </COORD>
                <COORD>
                  <C1>8.188000007973903</C1>
                  <C2>47.6090000090466</C2>
                </COORD>
                <COORD>
                  <C1>8.189000007974585</C1>
                  <C2>47.61000000904674</C2>
                </COORD>
                <COORD>
                  <C1>8.189000007974279</C1>
                  <C2>47.611000009047125</C2>
                </COORD>
                <COORD>
                  <C1>8.190000007975266</C1>
                  <C2>47.61100000904687</C2>
                </COORD>
                <COORD>
                  <C1>8.19000000797496</C1>
                  <C2>47.612000009047236</C2>
                </COORD>
                <COORD>
                  <C1>8.19100000797564</C1>
                  <C2>47.613000009047326</C2>
                </COORD>
                <COORD>
                  <C1>8.191000007975337</C1>
                  <C2>47.61400000904775</C2>
                </COORD>
                <COORD>
                  <C1>8.19200000797632</C1>
                  <C2>47.61400000904745</C2>
                </COORD>
                <COORD>
                  <C1>8.193000007976389</C1>
                  <C2>47.617000009048404</C2>
                </COORD>
                <COORD>
                  <C1>8.194000007977376</C1>
                  <C2>47.617000009048105</C2>
                </COORD>
                <COORD>
                  <C1>8.194000007977072</C1>
                  <C2>47.61800000904847</C2>
                </COORD>
                <COORD>
                  <C1>8.195000007978056</C1>
                  <C2>47.6180000090482</C2>
                </COORD>
                <COORD>
                  <C1>8.19500000797775</C1>
                  <C2>47.61900000904862</C2>
                </COORD>
                <COORD>
                  <C1>8.1980000079804</C1>
                  <C2>47.620000009048184</C2>
                </COORD>
                <COORD>
                  <C1>8.198000007980092</C1>
                  <C2>47.62100000904864</C2>
                </COORD>
                <COORD>
                  <C1>8.199000007981082</C1>
                  <C2>47.621000009048274</C2>
                </COORD>
                <COORD>
                  <C1>8.200000007982064</C1>
                  <C2>47.62100000904801</C2>
                </COORD>
                <COORD>
                  <C1>8.200000007981757</C1>
                  <C2>47.62200000904842</C2>
                </COORD>
                <COORD>
                  <C1>8.201000007982746</C1>
                  <C2>47.62200000904813</C2>
                </COORD>
                <COORD>
                  <C1>8.20200000798373</C1>
                  <C2>47.62200000904784</C2>
                </COORD>
                <COORD>
                  <C1>8.203000007984713</C1>
                  <C2>47.62200000904755</C2>
                </COORD>
                <COORD>
                  <C1>8.203000007984407</C1>
                  <C2>47.623000009047985</C2>
                </COORD>
                <COORD>
                  <C1>8.204000007985394</C1>
                  <C2>47.62300000904767</C2>
                </COORD>
                <COORD>
                  <C1>8.205000007986378</C1>
                  <C2>47.62300000904744</C2>
                </COORD>
                <COORD>
                  <C1>8.206000007987365</C1>
                  <C2>47.62300000904713</C2>
                </COORD>
                <COORD>
                  <C1>8.207000007988356</C1>
                  <C2>47.623000009046834</C2>
                </COORD>
                <COORD>
                  <C1>8.208000007989334</C1>
                  <C2>47.623000009046564</C2>
                </COORD>
                <COORD>
                  <C1>8.209000007990323</C1>
                  <C2>47.623000009046265</C2>
                </COORD>
                <COORD>
                  <C1>8.21000000799131</C1>
                  <C2>47.623000009045995</C2>
                </COORD>
                <COORD>
                  <C1>8.21100000799229</C1>
                  <C2>47.623000009045725</C2>
                </COORD>
                <COORD>
                  <C1>8.212000007993275</C1>
                  <C2>47.623000009045434</C2>
                </COORD>
                <COORD>
                  <C1>8.213000007994257</C1>
                  <C2>47.62300000904517</C2>
                </COORD>
                <COORD>
                  <C1>8.213000007994568</C1>
                  <C2>47.62200000904476</C2>
                </COORD>
                <COORD>
                  <C1>8.214000007995555</C1>
                  <C2>47.6220000090445</C2>
                </COORD>
                <COORD>
                  <C1>8.215000007996538</C1>
                  <C2>47.622000009044235</C2>
                </COORD>
                <COORD>
                  <C1>8.216000007997524</C1>
                  <C2>47.62200000904392</C2>
                </COORD>
                <COORD>
                  <C1>8.217000007998815</C1>
                  <C2>47.62100000904328</C2>
                </COORD>
                <COORD>
                  <C1>8.2180000079998</C1>
                  <C2>47.621000009042966</C2>
                </COORD>
                <COORD>
                  <C1>8.219000008000782</C1>
                  <C2>47.62100000904272</C2>
                </COORD>
                <COORD>
                  <C1>8.219000008001089</C1>
                  <C2>47.62000000904232</C2>
                </COORD>
                <COORD>
                  <C1>8.220000008002074</C1>
                  <C2>47.620000009042016</C2>
                </COORD>
                <COORD>
                  <C1>8.221000008003061</C1>
                  <C2>47.62000000904174</C2>
                </COORD>
                <COORD>
                  <C1>8.221000008003369</C1>
                  <C2>47.61900000904132</C2>
                </COORD>
                <COORD>
                  <C1>8.22200000800435</C1>
                  <C2>47.619000009041045</C2>
                </COORD>
                <COORD>
                  <C1>8.222000008004661</C1>
                  <C2>47.618000009040685</C2>
                </COORD>
                <COORD>
                  <C1>8.223000008005949</C1>
                  <C2>47.61700000903998</C2>
                </COORD>
                <COORD>
                  <C1>8.223000008006258</C1>
                  <C2>47.61600000903955</C2>
                </COORD>
                <COORD>
                  <C1>8.224000008007552</C1>
                  <C2>47.615000009038916</C2>
                </COORD>
                <COORD>
                  <C1>8.224000008007858</C1>
                  <C2>47.614000009038506</C2>
                </COORD>
                <COORD>
                  <C1>8.224000008008165</C1>
                  <C2>47.613000009038096</C2>
                </COORD>
                <COORD>
                  <C1>8.224000008008474</C1>
                  <C2>47.61200000903775</C2>
                </COORD>
                <COORD>
                  <C1>8.225000008010072</C1>
                  <C2>47.61000000903662</C2>
                </COORD>
                <COORD>
                  <C1>8.22500000801038</C1>
                  <C2>47.60900000903625</C2>
                </COORD>
                <COORD>
                  <C1>8.226000008011674</C1>
                  <C2>47.608000009035585</C2>
                </COORD>
                <COORD>
                  <C1>8.227000008012963</C1>
                  <C2>47.60700000903489</C2>
                </COORD>
                <COORD>
                  <C1>8.228000008013948</C1>
                  <C2>47.60700000903459</C2>
                </COORD>
                <COORD>
                  <C1>8.229000008014932</C1>
                  <C2>47.60700000903434</C2>
                </COORD>
                <COORD>
                  <C1>8.230000008015914</C1>
                  <C2>47.60700000903404</C2>
                </COORD>
                <COORD>
                  <C1>8.23000000801561</C1>
                  <C2>47.60800000903446</C2>
                </COORD>
                <COORD>
                  <C1>8.231000008016592</C1>
                  <C2>47.60800000903417</C2>
                </COORD>
                <COORD>
                  <C1>8.232000008017575</C1>
                  <C2>47.60800000903389</C2>
                </COORD>
                <COORD>
                  <C1>8.232000008017266</C1>
                  <C2>47.60900000903435</C2>
                </COORD>
                <COORD>
                  <C1>8.235000008019604</C1>
                  <C2>47.61100000903424</C2>
                </COORD>
                <COORD>
                  <C1>8.236000008020282</C1>
                  <C2>47.612000009034354</C2>
                </COORD>
                <COORD>
                  <C1>8.23700000802096</C1>
                  <C2>47.6130000090345</C2>
                </COORD>
                <COORD>
                  <C1>8.238000008021631</C1>
                  <C2>47.614000009034605</C2>
                </COORD>
                <COORD>
                  <C1>8.239000008022309</C1>
                  <C2>47.6150000090347</C2>
                </COORD>
                <COORD>
                  <C1>8.240000008023292</C1>
                  <C2>47.61500000903442</C2>
                </COORD>
                <COORD>
                  <C1>8.241000008024276</C1>
                  <C2>47.61500000903418</C2>
                </COORD>
                <COORD>
                  <C1>8.245000008028514</C1>
                  <C2>47.61400000903265</C2>
                </COORD>
                <COORD>
                  <C1>8.2460000080295</C1>
                  <C2>47.61400000903237</C2>
                </COORD>
                <COORD>
                  <C1>8.24600000802919</C1>
                  <C2>47.615000009032755</C2>
                </COORD>
                <COORD>
                  <C1>8.24700000803017</C1>
                  <C2>47.61500000903247</C2>
                </COORD>
                <COORD>
                  <C1>8.248000008031152</C1>
                  <C2>47.615000009032194</C2>
                </COORD>
                <COORD>
                  <C1>8.249000008032134</C1>
                  <C2>47.615000009031874</C2>
                </COORD>
                <COORD>
                  <C1>8.250000008033117</C1>
                  <C2>47.61500000903164</C2>
                </COORD>
                <COORD>
                  <C1>8.2510000080341</C1>
                  <C2>47.615000009031306</C2>
                </COORD>
                <COORD>
                  <C1>8.251000008033794</C1>
                  <C2>47.616000009031765</C2>
                </COORD>
                <COORD>
                  <C1>8.252000008034772</C1>
                  <C2>47.61600000903145</C2>
                </COORD>
                <COORD>
                  <C1>8.253000008035757</C1>
                  <C2>47.616000009031175</C2>
                </COORD>
                <COORD>
                  <C1>8.25400000803643</C1>
                  <C2>47.61700000903129</C2>
                </COORD>
                <COORD>
                  <C1>8.255000008037413</C1>
                  <C2>47.61700000903098</C2>
                </COORD>
                <COORD>
                  <C1>8.256000008038395</C1>
                  <C2>47.61700000903072</C2>
                </COORD>
                <COORD>
                  <C1>8.257000008039375</C1>
                  <C2>47.617000009030434</C2>
                </COORD>
                <COORD>
                  <C1>8.258000008040357</C1>
                  <C2>47.61700000903014</C2>
                </COORD>
                <COORD>
                  <C1>8.25900000804134</C1>
                  <C2>47.61700000902984</C2>
                </COORD>
                <COORD>
                  <C1>8.260000008042322</C1>
                  <C2>47.61700000902959</C2>
                </COORD>
                <COORD>
                  <C1>8.2610000080433</C1>
                  <C2>47.617000009029326</C2>
                </COORD>
                <COORD>
                  <C1>8.262000008044287</C1>
                  <C2>47.61700000902902</C2>
                </COORD>
                <COORD>
                  <C1>8.262000008044597</C1>
                  <C2>47.616000009028625</C2>
                </COORD>
                <COORD>
                  <C1>8.264000008047484</C1>
                  <C2>47.6130000090269</C2>
                </COORD>
                <COORD>
                  <C1>8.264000008047795</C1>
                  <C2>47.61200000902651</C2>
                </COORD>
                <COORD>
                  <C1>8.265000008048778</C1>
                  <C2>47.612000009026225</C2>
                </COORD>
                <COORD>
                  <C1>8.265000008049086</C1>
                  <C2>47.6110000090258</C2>
                </COORD>
                <COORD>
                  <C1>8.266000008050067</C1>
                  <C2>47.61100000902551</C2>
                </COORD>
                <COORD>
                  <C1>8.267000008051049</C1>
                  <C2>47.611000009025254</C2>
                </COORD>
                <COORD>
                  <C1>8.268000008052029</C1>
                  <C2>47.61100000902496</C2>
                </COORD>
                <COORD>
                  <C1>8.269000008053013</C1>
                  <C2>47.61100000902465</C2>
                </COORD>
                <COORD>
                  <C1>8.27000000805368</C1>
                  <C2>47.61200000902481</C2>
                </COORD>
                <COORD>
                  <C1>8.271000008054662</C1>
                  <C2>47.61200000902451</C2>
                </COORD>
                <COORD>
                  <C1>8.272000008055645</C1>
                  <C2>47.61200000902423</C2>
                </COORD>
                <COORD>
                  <C1>8.273000008056314</C1>
                  <C2>47.61300000902435</C2>
                </COORD>
                <COORD>
                  <C1>8.274000008057294</C1>
                  <C2>47.61300000902407</C2>
                </COORD>
                <COORD>
                  <C1>8.275000008058278</C1>
                  <C2>47.61300000902378</C2>
                </COORD>
                <COORD>
                  <C1>8.276000008059262</C1>
                  <C2>47.61300000902351</C2>
                </COORD>
                <COORD>
                  <C1>8.27700000806024</C1>
                  <C2>47.61300000902324</C2>
                </COORD>
                <COORD>
                  <C1>8.278000008060912</C1>
                  <C2>47.614000009023364</C2>
                </COORD>
                <COORD>
                  <C1>8.279000008061892</C1>
                  <C2>47.61400000902308</C2>
                </COORD>
                <COORD>
                  <C1>8.280000008062872</C1>
                  <C2>47.61400000902277</C2>
                </COORD>
                <COORD>
                  <C1>8.281000008063852</C1>
                  <C2>47.61400000902249</C2>
                </COORD>
                <COORD>
                  <C1>8.282000008064834</C1>
                  <C2>47.61400000902222</C2>
                </COORD>
                <COORD>
                  <C1>8.284000008067105</C1>
                  <C2>47.61300000902126</C2>
                </COORD>
                <COORD>
                  <C1>8.285000008068085</C1>
                  <C2>47.613000009020986</C2>
                </COORD>
                <COORD>
                  <C1>8.286000008069063</C1>
                  <C2>47.61300000902066</C2>
                </COORD>
                <COORD>
                  <C1>8.28700000807004</C1>
                  <C2>47.61300000902043</C2>
                </COORD>
                <COORD>
                  <C1>8.288000008071016</C1>
                  <C2>47.613000009020084</C2>
                </COORD>
                <COORD>
                  <C1>8.289000008072314</C1>
                  <C2>47.61200000901945</C2>
                </COORD>
                <COORD>
                  <C1>8.290000008073289</C1>
                  <C2>47.61200000901915</C2>
                </COORD>
                <COORD>
                  <C1>8.29100000807427</C1>
                  <C2>47.61200000901887</C2>
                </COORD>
                <COORD>
                  <C1>8.293000008076541</C1>
                  <C2>47.61100000901789</C2>
                </COORD>
                <COORD>
                  <C1>8.294000008077521</C1>
                  <C2>47.611000009017594</C2>
                </COORD>
                <COORD>
                  <C1>8.29500000807881</C1>
                  <C2>47.61000000901693</C2>
                </COORD>
                <COORD>
                  <C1>8.296000008079789</C1>
                  <C2>47.61000000901663</C2>
                </COORD>
                <COORD>
                  <C1>8.296000008080098</C1>
                  <C2>47.60900000901627</C2>
                </COORD>
                <COORD>
                  <C1>8.298000008082056</C1>
                  <C2>47.60900000901572</C2>
                </COORD>
                <COORD>
                  <C1>8.298000008082369</C1>
                  <C2>47.60800000901529</C2>
                </COORD>
                <COORD>
                  <C1>8.299000008083345</C1>
                  <C2>47.608000009015</C2>
                </COORD>
                <COORD>
                  <C1>8.299000008083658</C1>
                  <C2>47.607000009014605</C2>
                </COORD>
                <COORD>
                  <C1>8.29900000808397</C1>
                  <C2>47.606000009014245</C2>
                </COORD>
                <COORD>
                  <C1>8.29700000808418</C1>
                  <C2>47.59900000901203</C2>
                </COORD>
                <COORD>
                  <C1>8.297000008084492</C1>
                  <C2>47.59800000901161</C2>
                </COORD>
                <COORD>
                  <C1>8.29600000808351</C1>
                  <C2>47.59800000901192</C2>
                </COORD>
                <COORD>
                  <C1>8.296000008083823</C1>
                  <C2>47.59700000901149</C2>
                </COORD>
                <COORD>
                  <C1>8.296000008084132</C1>
                  <C2>47.596000009011085</C2>
                </COORD>
                <COORD>
                  <C1>8.297000008085423</C1>
                  <C2>47.59500000901043</C2>
                </COORD>
                <COORD>
                  <C1>8.297000008085728</C1>
                  <C2>47.59400000901005</C2>
                </COORD>
                <COORD>
                  <C1>8.297000008086039</C1>
                  <C2>47.593000009009664</C2>
                </COORD>
                <COORD>
                  <C1>8.298000008087325</C1>
                  <C2>47.59200000900893</C2>
                </COORD>
                <COORD>
                  <C1>8.299000008088619</C1>
                  <C2>47.591000009008276</C2>
                </COORD>
                <COORD>
                  <C1>8.300000008089908</C1>
                  <C2>47.590000009007596</C2>
                </COORD>
                <COORD>
                  <C1>8.301000008090886</C1>
                  <C2>47.590000009007255</C2>
                </COORD>
                <COORD>
                  <C1>8.3010000080912</C1>
                  <C2>47.58900000900692</C2>
                </COORD>
                <COORD>
                  <C1>8.302000008092177</C1>
                  <C2>47.5890000090066</C2>
                </COORD>
                <COORD>
                  <C1>8.303000008093468</C1>
                  <C2>47.588000009005974</C2>
                </COORD>
                <COORD>
                  <C1>8.30400000809445</C1>
                  <C2>47.58800000900569</C2>
                </COORD>
                <COORD>
                  <C1>8.305000008095428</C1>
                  <C2>47.58800000900536</C2>
                </COORD>
                <COORD>
                  <C1>8.305000008095739</C1>
                  <C2>47.58700000900498</C2>
                </COORD>
                <COORD>
                  <C1>8.306000008096715</C1>
                  <C2>47.5870000090047</C2>
                </COORD>
                <COORD>
                  <C1>8.309000008099654</C1>
                  <C2>47.587000009003845</C2>
                </COORD>
                <COORD>
                  <C1>8.309000008099963</C1>
                  <C2>47.58600000900345</C2>
                </COORD>
                <COORD>
                  <C1>8.310000008100944</C1>
                  <C2>47.586000009003165</C2>
                </COORD>
                <COORD>
                  <C1>8.311000008101923</C1>
                  <C2>47.586000009002895</C2>
                </COORD>
                <COORD>
                  <C1>8.3120000081029</C1>
                  <C2>47.58600000900259</C2>
                </COORD>
                <COORD>
                  <C1>8.31200000810321</C1>
                  <C2>47.58500000900221</C2>
                </COORD>
                <COORD>
                  <C1>8.313000008104192</C1>
                  <C2>47.5850000090019</C2>
                </COORD>
                <COORD>
                  <C1>8.314000008105484</C1>
                  <C2>47.58400000900124</C2>
                </COORD>
                <COORD>
                  <C1>8.31500000810677</C1>
                  <C2>47.58300000900053</C2>
                </COORD>
                <COORD>
                  <C1>8.316000008108059</C1>
                  <C2>47.582000008999835</C2>
                </COORD>
                <COORD>
                  <C1>8.318000008110328</C1>
                  <C2>47.58100000899889</C2>
                </COORD>
                <COORD>
                  <C1>8.320000008112904</C1>
                  <C2>47.57900000899753</C2>
                </COORD>
                <COORD>
                  <C1>8.320000008113213</C1>
                  <C2>47.57800000899712</C2>
                </COORD>
                <COORD>
                  <C1>8.321000008114195</C1>
                  <C2>47.57800000899685</C2>
                </COORD>
                <COORD>
                  <C1>8.321000008114503</C1>
                  <C2>47.57700000899644</C2>
                </COORD>
                <COORD>
                  <C1>8.322000008115483</C1>
                  <C2>47.57700000899615</C2>
                </COORD>
                <COORD>
                  <C1>8.322000008115793</C1>
                  <C2>47.57600000899575</C2>
                </COORD>
                <COORD>
                  <C1>8.323000008116772</C1>
                  <C2>47.576000008995486</C2>
                </COORD>
                <COORD>
                  <C1>8.32400000811775</C1>
                  <C2>47.576000008995194</C2>
                </COORD>
                <COORD>
                  <C1>8.32400000811806</C1>
                  <C2>47.57500000899479</C2>
                </COORD>
                <COORD>
                  <C1>8.325000008119039</C1>
                  <C2>47.57500000899454</C2>
                </COORD>
                <COORD>
                  <C1>8.326000008120017</C1>
                  <C2>47.57500000899421</C2>
                </COORD>
                <COORD>
                  <C1>8.326000008120332</C1>
                  <C2>47.574000008993835</C2>
                </COORD>
                <COORD>
                  <C1>8.329000008123575</C1>
                  <C2>47.57300000899259</C2>
                </COORD>
                <COORD>
                  <C1>8.33000000812455</C1>
                  <C2>47.57300000899227</C2>
                </COORD>
                <COORD>
                  <C1>8.331000008125532</C1>
                  <C2>47.57300000899199</C2>
                </COORD>
                <COORD>
                  <C1>8.332000008126512</C1>
                  <C2>47.57300000899172</C2>
                </COORD>
                <COORD>
                  <C1>8.333000008127486</C1>
                  <C2>47.57300000899143</C2>
                </COORD>
                <COORD>
                  <C1>8.334000008128466</C1>
                  <C2>47.57300000899117</C2>
                </COORD>
                <COORD>
                  <C1>8.335000008129754</C1>
                  <C2>47.572000008990464</C2>
                </COORD>
                <COORD>
                  <C1>8.336000008130732</C1>
                  <C2>47.5720000089902</C2>
                </COORD>
                <COORD>
                  <C1>8.33700000813171</C1>
                  <C2>47.57200000898991</C2>
                </COORD>
                <COORD>
                  <C1>8.33800000813269</C1>
                  <C2>47.572000008989654</C2>
                </COORD>
                <COORD>
                  <C1>8.340000008134643</C1>
                  <C2>47.57200000898907</C2>
                </COORD>
                <COORD>
                  <C1>8.341000008135623</C1>
                  <C2>47.572000008988745</C2>
                </COORD>
                <COORD>
                  <C1>8.342000008136601</C1>
                  <C2>47.5720000089885</C2>
                </COORD>
                <COORD>
                  <C1>8.347000008141173</C1>
                  <C2>47.57300000898747</C2>
                </COORD>
                <COORD>
                  <C1>8.348000008142156</C1>
                  <C2>47.573000008987165</C2>
                </COORD>
                <COORD>
                  <C1>8.349000008143129</C1>
                  <C2>47.573000008986895</C2>
                </COORD>
                <COORD>
                  <C1>8.350000008144107</C1>
                  <C2>47.57300000898662</C2>
                </COORD>
                <COORD>
                  <C1>8.351000008145085</C1>
                  <C2>47.57300000898635</C2>
                </COORD>
                <COORD>
                  <C1>8.352000008146064</C1>
                  <C2>47.573000008986035</C2>
                </COORD>
                <COORD>
                  <C1>8.353000008147037</C1>
                  <C2>47.573000008985765</C2>
                </COORD>
                <COORD>
                  <C1>8.354000008148324</C1>
                  <C2>47.57200000898509</C2>
                </COORD>
                <COORD>
                  <C1>8.355000008149302</C1>
                  <C2>47.572000008984766</C2>
                </COORD>
                <COORD>
                  <C1>8.356000008150277</C1>
                  <C2>47.57200000898451</C2>
                </COORD>
                <COORD>
                  <C1>8.358000008152231</C1>
                  <C2>47.57200000898394</C2>
                </COORD>
                <COORD>
                  <C1>8.359000008153208</C1>
                  <C2>47.572000008983615</C2>
                </COORD>
                <COORD>
                  <C1>8.360000008154186</C1>
                  <C2>47.57200000898336</C2>
                </COORD>
                <COORD>
                  <C1>8.361000008155164</C1>
                  <C2>47.57200000898307</C2>
                </COORD>
                <COORD>
                  <C1>8.362000008156134</C1>
                  <C2>47.57200000898278</C2>
                </COORD>
                <COORD>
                  <C1>8.363000008157423</C1>
                  <C2>47.571000008982125</C2>
                </COORD>
                <COORD>
                  <C1>8.364000008158401</C1>
                  <C2>47.57100000898182</C2>
                </COORD>
                <COORD>
                  <C1>8.36500000815938</C1>
                  <C2>47.571000008981535</C2>
                </COORD>
                <COORD>
                  <C1>8.366000008160352</C1>
                  <C2>47.57100000898122</C2>
                </COORD>
                <COORD>
                  <C1>8.367000008161332</C1>
                  <C2>47.57100000898095</C2>
                </COORD>
                <COORD>
                  <C1>8.372000008166518</C1>
                  <C2>47.570000008979136</C2>
                </COORD>
                <COORD>
                  <C1>8.373000008167494</C1>
                  <C2>47.57000000897884</C2>
                </COORD>
                <COORD>
                  <C1>8.374000008168471</C1>
                  <C2>47.57000000897855</C2>
                </COORD>
                <COORD>
                  <C1>8.375000008169444</C1>
                  <C2>47.5700000089783</C2>
                </COORD>
                <COORD>
                  <C1>8.376000008170417</C1>
                  <C2>47.57000000897801</C2>
                </COORD>
                <COORD>
                  <C1>8.37700000817171</C1>
                  <C2>47.56900000897732</C2>
                </COORD>
                <COORD>
                  <C1>8.378000008172684</C1>
                  <C2>47.56900000897703</C2>
                </COORD>
                <COORD>
                  <C1>8.379000008173655</C1>
                  <C2>47.56900000897672</C2>
                </COORD>
                <COORD>
                  <C1>8.380000008174635</C1>
                  <C2>47.56900000897648</C2>
                </COORD>
                <COORD>
                  <C1>8.383000008177872</C1>
                  <C2>47.56800000897518</C2>
                </COORD>
                <COORD>
                  <C1>8.384000008178845</C1>
                  <C2>47.568000008974906</C2>
                </COORD>
                <COORD>
                  <C1>8.385000008179817</C1>
                  <C2>47.56800000897461</C2>
                </COORD>
                <COORD>
                  <C1>8.386000008180792</C1>
                  <C2>47.56800000897433</C2>
                </COORD>
                <COORD>
                  <C1>8.386000008180478</C1>
                  <C2>47.56900000897474</C2>
                </COORD>
                <COORD>
                  <C1>8.387000008181456</C1>
                  <C2>47.56900000897444</C2>
                </COORD>
                <COORD>
                  <C1>8.387000008181147</C1>
                  <C2>47.57000000897488</C2>
                </COORD>
                <COORD>
                  <C1>8.389000008182151</C1>
                  <C2>47.57300000897549</C2>
                </COORD>
                <COORD>
                  <C1>8.389000008181839</C1>
                  <C2>47.57400000897588</C2>
                </COORD>
                <COORD>
                  <C1>8.390000008182817</C1>
                  <C2>47.57400000897562</C2>
                </COORD>
                <COORD>
                  <C1>8.390000008182502</C1>
                  <C2>47.575000008976005</C2>
                </COORD>
                <COORD>
                  <C1>8.391000008183473</C1>
                  <C2>47.57500000897575</C2>
                </COORD>
                <COORD>
                  <C1>8.391000008183164</C1>
                  <C2>47.57600000897614</C2>
                </COORD>
                <COORD>
                  <C1>8.392000008184135</C1>
                  <C2>47.576000008975846</C2>
                </COORD>
                <COORD>
                  <C1>8.3930000081848</C1>
                  <C2>47.577000008975936</C2>
                </COORD>
                <COORD>
                  <C1>8.395000008186432</C1>
                  <C2>47.57800000897577</C2>
                </COORD>
                <COORD>
                  <C1>8.396000008187405</C1>
                  <C2>47.5780000089755</C2>
                </COORD>
                <COORD>
                  <C1>8.396000008187094</C1>
                  <C2>47.57900000897587</C2>
                </COORD>
                <COORD>
                  <C1>8.397000008188067</C1>
                  <C2>47.57900000897558</C2>
                </COORD>
                <COORD>
                  <C1>8.398000008189037</C1>
                  <C2>47.57900000897532</C2>
                </COORD>
                <COORD>
                  <C1>8.399000008190008</C1>
                  <C2>47.57900000897503</C2>
                </COORD>
                <COORD>
                  <C1>8.400000008190982</C1>
                  <C2>47.579000008974745</C2>
                </COORD>
                <COORD>
                  <C1>8.401000008191955</C1>
                  <C2>47.57900000897444</C2>
                </COORD>
                <COORD>
                  <C1>8.405000008196161</C1>
                  <C2>47.57800000897292</C2>
                </COORD>
                <COORD>
                  <C1>8.40600000819745</C1>
                  <C2>47.57700000897222</C2>
                </COORD>
                <COORD>
                  <C1>8.407000008198422</C1>
                  <C2>47.57700000897192</C2>
                </COORD>
                <COORD>
                  <C1>8.408000008199393</C1>
                  <C2>47.57700000897165</C2>
                </COORD>
                <COORD>
                  <C1>8.409000008200683</C1>
                  <C2>47.57600000897098</C2>
                </COORD>
                <COORD>
                  <C1>8.410000008201653</C1>
                  <C2>47.576000008970674</C2>
                </COORD>
                <COORD>
                  <C1>8.413000008205199</C1>
                  <C2>47.57400000896899</C2>
                </COORD>
                <COORD>
                  <C1>8.41400000820617</C1>
                  <C2>47.57400000896872</C2>
                </COORD>
                <COORD>
                  <C1>8.415000008207453</C1>
                  <C2>47.57300000896806</C2>
                </COORD>
                <COORD>
                  <C1>8.416000008208428</C1>
                  <C2>47.57300000896774</C2>
                </COORD>
                <COORD>
                  <C1>8.417000008209394</C1>
                  <C2>47.57300000896748</C2>
                </COORD>
                <COORD>
                  <C1>8.418000008210687</C1>
                  <C2>47.57200000896681</C2>
                </COORD>
                <COORD>
                  <C1>8.419000008211658</C1>
                  <C2>47.57200000896649</C2>
                </COORD>
                <COORD>
                  <C1>8.420000008212627</C1>
                  <C2>47.57200000896622</C2>
                </COORD>
                <COORD>
                  <C1>8.421000008213603</C1>
                  <C2>47.57200000896596</C2>
                </COORD>
                <COORD>
                  <C1>8.422000008214887</C1>
                  <C2>47.571000008965235</C2>
                </COORD>
                <COORD>
                  <C1>8.423000008215856</C1>
                  <C2>47.57100000896495</C2>
                </COORD>
                <COORD>
                  <C1>8.424000008216833</C1>
                  <C2>47.57100000896464</C2>
                </COORD>
                <COORD>
                  <C1>8.425000008218113</C1>
                  <C2>47.570000008963966</C2>
                </COORD>
                <COORD>
                  <C1>8.426000008219088</C1>
                  <C2>47.57000000896369</C2>
                </COORD>
                <COORD>
                  <C1>8.427000008220062</C1>
                  <C2>47.57000000896338</C2>
                </COORD>
                <COORD>
                  <C1>8.428000008221344</C1>
                  <C2>47.56900000896269</C2>
                </COORD>
                <COORD>
                  <C1>8.429000008222314</C1>
                  <C2>47.56900000896241</C2>
                </COORD>
                <COORD>
                  <C1>8.43000000822329</C1>
                  <C2>47.56900000896212</C2>
                </COORD>
                <COORD>
                  <C1>8.431000008224258</C1>
                  <C2>47.56900000896185</C2>
                </COORD>
                <COORD>
                  <C1>8.432000008225227</C1>
                  <C2>47.56900000896155</C2>
                </COORD>
                <COORD>
                  <C1>8.4330000082262</C1>
                  <C2>47.56900000896126</C2>
                </COORD>
                <COORD>
                  <C1>8.434000008227171</C1>
                  <C2>47.56900000896097</C2>
                </COORD>
                <COORD>
                  <C1>8.43500000822814</C1>
                  <C2>47.56900000896072</C2>
                </COORD>
                <COORD>
                  <C1>8.438000008231056</C1>
                  <C2>47.56900000895984</C2>
                </COORD>
                <COORD>
                  <C1>8.439000008232025</C1>
                  <C2>47.56900000895953</C2>
                </COORD>
                <COORD>
                  <C1>8.440000008232996</C1>
                  <C2>47.56900000895923</C2>
                </COORD>
                <COORD>
                  <C1>8.441000008233651</C1>
                  <C2>47.570000008959354</C2>
                </COORD>
                <COORD>
                  <C1>8.447000008238838</C1>
                  <C2>47.572000008958426</C2>
                </COORD>
                <COORD>
                  <C1>8.448000008239813</C1>
                  <C2>47.572000008958156</C2>
                </COORD>
                <COORD>
                  <C1>8.449000008240784</C1>
                  <C2>47.57200000895787</C2>
                </COORD>
                <COORD>
                  <C1>8.450000008241437</C1>
                  <C2>47.573000008958</C2>
                </COORD>
                <COORD>
                  <C1>8.451000008242406</C1>
                  <C2>47.57300000895769</C2>
                </COORD>
                <COORD>
                  <C1>8.452000008243377</C1>
                  <C2>47.5730000089574</C2>
                </COORD>
                <COORD>
                  <C1>8.453000008244342</C1>
                  <C2>47.57300000895712</C2>
                </COORD>
                <COORD>
                  <C1>8.454000008245313</C1>
                  <C2>47.57300000895682</C2>
                </COORD>
                <COORD>
                  <C1>8.454000008244998</C1>
                  <C2>47.57400000895725</C2>
                </COORD>
                <COORD>
                  <C1>8.455000008245968</C1>
                  <C2>47.574000008956965</C2>
                </COORD>
                <COORD>
                  <C1>8.457000008247903</C1>
                  <C2>47.574000008956354</C2>
                </COORD>
                <COORD>
                  <C1>8.45800000824887</C1>
                  <C2>47.57400000895606</C2>
                </COORD>
                <COORD>
                  <C1>8.462000008252751</C1>
                  <C2>47.57400000895492</C2>
                </COORD>
                <COORD>
                  <C1>8.463000008253717</C1>
                  <C2>47.57400000895462</C2>
                </COORD>
                <COORD>
                  <C1>8.464000008254688</C1>
                  <C2>47.57400000895432</C2>
                </COORD>
                <COORD>
                  <C1>8.465000008255654</C1>
                  <C2>47.57400000895403</C2>
                </COORD>
                <COORD>
                  <C1>8.46600000825662</C1>
                  <C2>47.574000008953774</C2>
                </COORD>
                <COORD>
                  <C1>8.467000008257278</C1>
                  <C2>47.575000008953886</C2>
                </COORD>
                <COORD>
                  <C1>8.468000008258242</C1>
                  <C2>47.57500000895362</C2>
                </COORD>
                <COORD>
                  <C1>8.46900000825921</C1>
                  <C2>47.57500000895331</C2>
                </COORD>
                <COORD>
                  <C1>8.470000008259861</C1>
                  <C2>47.57600000895338</C2>
                </COORD>
                <COORD>
                  <C1>8.47100000826083</C1>
                  <C2>47.576000008953116</C2>
                </COORD>
                <COORD>
                  <C1>8.47200000826148</C1>
                  <C2>47.577000008953235</C2>
                </COORD>
                <COORD>
                  <C1>8.473000008262453</C1>
                  <C2>47.57700000895294</C2>
                </COORD>
                <COORD>
                  <C1>8.4740000082631</C1>
                  <C2>47.57800000895304</C2>
                </COORD>
                <COORD>
                  <C1>8.475000008263752</C1>
                  <C2>47.57900000895318</C2>
                </COORD>
                <COORD>
                  <C1>8.47600000826472</C1>
                  <C2>47.57900000895284</C2>
                </COORD>
                <COORD>
                  <C1>8.477000008265687</C1>
                  <C2>47.579000008952605</C2>
                </COORD>
                <COORD>
                  <C1>8.47700000826537</C1>
                  <C2>47.58000000895295</C2>
                </COORD>
                <COORD>
                  <C1>8.478000008266335</C1>
                  <C2>47.580000008952666</C2>
                </COORD>
                <COORD>
                  <C1>8.479000008267302</C1>
                  <C2>47.580000008952375</C2>
                </COORD>
                <COORD>
                  <C1>8.480000008268268</C1>
                  <C2>47.580000008952105</C2>
                </COORD>
                <COORD>
                  <C1>8.48100000826924</C1>
                  <C2>47.580000008951814</C2>
                </COORD>
                <COORD>
                  <C1>8.484000008272453</C1>
                  <C2>47.57900000895054</C2>
                </COORD>
                <COORD>
                  <C1>8.485000008273422</C1>
                  <C2>47.57900000895025</C2>
                </COORD>
                <COORD>
                  <C1>8.486000008274386</C1>
                  <C2>47.579000008949976</C2>
                </COORD>
                <COORD>
                  <C1>8.487000008275356</C1>
                  <C2>47.579000008949684</C2>
                </COORD>
                <COORD>
                  <C1>8.48800000827632</C1>
                  <C2>47.57900000894938</C2>
                </COORD>
                <COORD>
                  <C1>8.488000008276005</C1>
                  <C2>47.58000000894979</C2>
                </COORD>
                <COORD>
                  <C1>8.492000008279234</C1>
                  <C2>47.58200000894941</C2>
                </COORD>
                <COORD>
                  <C1>8.493000008280198</C1>
                  <C2>47.582000008949144</C2>
                </COORD>
                <COORD>
                  <C1>8.494000008280848</C1>
                  <C2>47.583000008949234</C2>
                </COORD>
                <COORD>
                  <C1>8.495000008281812</C1>
                  <C2>47.583000008948964</C2>
                </COORD>
                <COORD>
                  <C1>8.49600000828278</C1>
                  <C2>47.583000008948694</C2>
                </COORD>
                <COORD>
                  <C1>8.495000008281494</C1>
                  <C2>47.58400000894934</C2>
                </COORD>
                <COORD>
                  <C1>8.494000008279897</C1>
                  <C2>47.586000008950435</C2>
                </COORD>
                <COORD>
                  <C1>8.49300000827861</C1>
                  <C2>47.587000008951144</C2>
                </COORD>
                <COORD>
                  <C1>8.492000008277646</C1>
                  <C2>47.58700000895143</C2>
                </COORD>
                <COORD>
                  <C1>8.49200000827733</C1>
                  <C2>47.58800000895183</C2>
                </COORD>
                <COORD>
                  <C1>8.491000008276359</C1>
                  <C2>47.58800000895209</C2>
                </COORD>
                <COORD>
                  <C1>8.490000008274757</C1>
                  <C2>47.59000000895321</C2>
                </COORD>
                <COORD>
                  <C1>8.488000008273147</C1>
                  <C2>47.58900000895339</C2>
                </COORD>
                <COORD>
                  <C1>8.48400000826928</C1>
                  <C2>47.589000008954514</C2>
                </COORD>
                <COORD>
                  <C1>8.483000008268633</C1>
                  <C2>47.58800000895443</C2>
                </COORD>
                <COORD>
                  <C1>8.482000008267981</C1>
                  <C2>47.58700000895432</C2>
                </COORD>
                <COORD>
                  <C1>8.481000008267017</C1>
                  <C2>47.58700000895461</C2>
                </COORD>
                <COORD>
                  <C1>8.479000008265086</C1>
                  <C2>47.58700000895521</C2>
                </COORD>
                <COORD>
                  <C1>8.478000008264116</C1>
                  <C2>47.587000008955464</C2>
                </COORD>
                <COORD>
                  <C1>8.47700000826315</C1>
                  <C2>47.58700000895577</C2>
                </COORD>
                <COORD>
                  <C1>8.475000008261532</C1>
                  <C2>47.58600000895597</C2>
                </COORD>
                <COORD>
                  <C1>8.474000008260566</C1>
                  <C2>47.586000008956226</C2>
                </COORD>
                <COORD>
                  <C1>8.4730000082596</C1>
                  <C2>47.58600000895654</C2>
                </COORD>
                <COORD>
                  <C1>8.473000008259282</C1>
                  <C2>47.587000008956934</C2>
                </COORD>
                <COORD>
                  <C1>8.47100000825735</C1>
                  <C2>47.58700000895753</C2>
                </COORD>
                <COORD>
                  <C1>8.471000008257665</C1>
                  <C2>47.58600000895709</C2>
                </COORD>
                <COORD>
                  <C1>8.470000008256697</C1>
                  <C2>47.58600000895736</C2>
                </COORD>
                <COORD>
                  <C1>8.46900000825573</C1>
                  <C2>47.586000008957726</C2>
                </COORD>
                <COORD>
                  <C1>8.468000008254766</C1>
                  <C2>47.58600000895799</C2>
                </COORD>
                <COORD>
                  <C1>8.467000008253477</C1>
                  <C2>47.587000008958654</C2>
                </COORD>
                <COORD>
                  <C1>8.467000008252842</C1>
                  <C2>47.58900000895947</C2>
                </COORD>
                <COORD>
                  <C1>8.466000008251557</C1>
                  <C2>47.59000000896017</C2>
                </COORD>
                <COORD>
                  <C1>8.464000008249622</C1>
                  <C2>47.590000008960736</C2>
                </COORD>
                <COORD>
                  <C1>8.462000008247687</C1>
                  <C2>47.5900000089613</C2>
                </COORD>
                <COORD>
                  <C1>8.461000008246087</C1>
                  <C2>47.59200000896238</C2>
                </COORD>
                <COORD>
                  <C1>8.462000008247053</C1>
                  <C2>47.59200000896209</C2>
                </COORD>
                <COORD>
                  <C1>8.462000008246736</C1>
                  <C2>47.593000008962484</C2>
                </COORD>
                <COORD>
                  <C1>8.462000008246417</C1>
                  <C2>47.594000008962844</C2>
                </COORD>
                <COORD>
                  <C1>8.462000008246102</C1>
                  <C2>47.59500000896324</C2>
                </COORD>
                <COORD>
                  <C1>8.46100000824482</C1>
                  <C2>47.59600000896394</C2>
                </COORD>
                <COORD>
                  <C1>8.461000008244499</C1>
                  <C2>47.59700000896435</C2>
                </COORD>
                <COORD>
                  <C1>8.460000008243219</C1>
                  <C2>47.598000008965045</C2>
                </COORD>
                <COORD>
                  <C1>8.45900000824193</C1>
                  <C2>47.59900000896574</C2>
                </COORD>
                <COORD>
                  <C1>8.45800000824096</C1>
                  <C2>47.599000008966065</C2>
                </COORD>
                <COORD>
                  <C1>8.458000008240647</C1>
                  <C2>47.6000000089664</C2>
                </COORD>
                <COORD>
                  <C1>8.458000008240328</C1>
                  <C2>47.6010000089668</C2>
                </COORD>
                <COORD>
                  <C1>8.458000008240015</C1>
                  <C2>47.60200000896719</C2>
                </COORD>
                <COORD>
                  <C1>8.458000008239694</C1>
                  <C2>47.60300000896761</C2>
                </COORD>
                <COORD>
                  <C1>8.458000008239376</C1>
                  <C2>47.604000008968</C2>
                </COORD>
                <COORD>
                  <C1>8.459000008240345</C1>
                  <C2>47.604000008967716</C2>
                </COORD>
                <COORD>
                  <C1>8.460000008241314</C1>
                  <C2>47.60400000896742</C2>
                </COORD>
                <COORD>
                  <C1>8.46100000824228</C1>
                  <C2>47.604000008967105</C2>
                </COORD>
                <COORD>
                  <C1>8.462000008243248</C1>
                  <C2>47.60400000896682</C2>
                </COORD>
                <COORD>
                  <C1>8.465000008246152</C1>
                  <C2>47.604000008965976</C2>
                </COORD>
                <COORD>
                  <C1>8.467000008247766</C1>
                  <C2>47.60500000896578</C2>
                </COORD>
                <COORD>
                  <C1>8.468000008248731</C1>
                  <C2>47.605000008965504</C2>
                </COORD>
                <COORD>
                  <C1>8.469000008249699</C1>
                  <C2>47.60500000896522</C2>
                </COORD>
                <COORD>
                  <C1>8.470000008250349</C1>
                  <C2>47.606000008965296</C2>
                </COORD>
                <COORD>
                  <C1>8.469000008249377</C1>
                  <C2>47.60600000896561</C2>
                </COORD>
                <COORD>
                  <C1>8.469000008249065</C1>
                  <C2>47.60700000896601</C2>
                </COORD>
                <COORD>
                  <C1>8.47000000825003</C1>
                  <C2>47.60700000896568</C2>
                </COORD>
                <COORD>
                  <C1>8.471000008250998</C1>
                  <C2>47.60700000896541</C2>
                </COORD>
                <COORD>
                  <C1>8.47200000825164</C1>
                  <C2>47.608000008965504</C2>
                </COORD>
                <COORD>
                  <C1>8.472000008251324</C1>
                  <C2>47.609000008965936</C2>
                </COORD>
                <COORD>
                  <C1>8.472000008251007</C1>
                  <C2>47.61000000896632</C2>
                </COORD>
                <COORD>
                  <C1>8.47100000825004</C1>
                  <C2>47.61000000896661</C2>
                </COORD>
                <COORD>
                  <C1>8.471000008249726</C1>
                  <C2>47.61100000896701</C2>
                </COORD>
                <COORD>
                  <C1>8.472000008250687</C1>
                  <C2>47.61100000896671</C2>
                </COORD>
                <COORD>
                  <C1>8.47300000825166</C1>
                  <C2>47.611000008966435</C2>
                </COORD>
                <COORD>
                  <C1>8.47400000825294</C1>
                  <C2>47.610000008965706</C2>
                </COORD>
                <COORD>
                  <C1>8.475000008253904</C1>
                  <C2>47.61000000896544</C2>
                </COORD>
                <COORD>
                  <C1>8.476000008254871</C1>
                  <C2>47.610000008965166</C2>
                </COORD>
                <COORD>
                  <C1>8.477000008255843</C1>
                  <C2>47.61000000896487</C2>
                </COORD>
                <COORD>
                  <C1>8.477000008255521</C1>
                  <C2>47.61100000896525</C2>
                </COORD>
                <COORD>
                  <C1>8.478000008256485</C1>
                  <C2>47.611000008964965</C2>
                </COORD>
                <COORD>
                  <C1>8.478000008256167</C1>
                  <C2>47.612000008965374</C2>
                </COORD>
                <COORD>
                  <C1>8.479000008256815</C1>
                  <C2>47.613000008965464</C2>
                </COORD>
                <COORD>
                  <C1>8.479000008256495</C1>
                  <C2>47.614000008965874</C2>
                </COORD>
                <COORD>
                  <C1>8.480000008257461</C1>
                  <C2>47.614000008965576</C2>
                </COORD>
                <COORD>
                  <C1>8.480000008257143</C1>
                  <C2>47.61500000896599</C2>
                </COORD>
                <COORD>
                  <C1>8.47900000825586</C1>
                  <C2>47.61600000896664</C2>
                </COORD>
                <COORD>
                  <C1>8.480000008256829</C1>
                  <C2>47.61600000896636</C2>
                </COORD>
                <COORD>
                  <C1>8.480000008256505</C1>
                  <C2>47.617000008966734</C2>
                </COORD>
                <COORD>
                  <C1>8.48100000825747</C1>
                  <C2>47.61700000896645</C2>
                </COORD>
                <COORD>
                  <C1>8.482000008258437</C1>
                  <C2>47.61700000896614</C2>
                </COORD>
                <COORD>
                  <C1>8.48300000825972</C1>
                  <C2>47.616000008965464</C2>
                </COORD>
                <COORD>
                  <C1>8.484000008260685</C1>
                  <C2>47.61600000896524</C2>
                </COORD>
                <COORD>
                  <C1>8.485000008261654</C1>
                  <C2>47.61600000896491</C2>
                </COORD>
                <COORD>
                  <C1>8.486000008262298</C1>
                  <C2>47.617000008965</C2>
                </COORD>
                <COORD>
                  <C1>8.487000008263262</C1>
                  <C2>47.6170000089647</C2>
                </COORD>
                <COORD>
                  <C1>8.488000008264546</C1>
                  <C2>47.61600000896402</C2>
                </COORD>
                <COORD>
                  <C1>8.490000008266156</C1>
                  <C2>47.61700000896384</C2>
                </COORD>
                <COORD>
                  <C1>8.49100000826712</C1>
                  <C2>47.617000008963586</C2>
                </COORD>
                <COORD>
                  <C1>8.493000008269048</C1>
                  <C2>47.617000008962975</C2>
                </COORD>
                <COORD>
                  <C1>8.494000008270337</C1>
                  <C2>47.61600000896229</C2>
                </COORD>
                <COORD>
                  <C1>8.49600000827194</C1>
                  <C2>47.617000008962094</C2>
                </COORD>
                <COORD>
                  <C1>8.50000000827548</C1>
                  <C2>47.618000008961346</C2>
                </COORD>
                <COORD>
                  <C1>8.502000008277406</C1>
                  <C2>47.61800000896074</C2>
                </COORD>
                <COORD>
                  <C1>8.50300000827805</C1>
                  <C2>47.61900000896087</C2>
                </COORD>
                <COORD>
                  <C1>8.504000008279016</C1>
                  <C2>47.61900000896056</C2>
                </COORD>
                <COORD>
                  <C1>8.507000008281903</C1>
                  <C2>47.61900000895969</C2>
                </COORD>
                <COORD>
                  <C1>8.509000008283506</C1>
                  <C2>47.6200000089595</C2>
                </COORD>
                <COORD>
                  <C1>8.508000008282544</C1>
                  <C2>47.620000008959806</C2>
                </COORD>
                <COORD>
                  <C1>8.510000008284152</C1>
                  <C2>47.621000008959605</C2>
                </COORD>
                <COORD>
                  <C1>8.509000008283193</C1>
                  <C2>47.621000008959925</C2>
                </COORD>
                <COORD>
                  <C1>8.509000008282868</C1>
                  <C2>47.62200000896031</C2>
                </COORD>
                <COORD>
                  <C1>8.509000008282227</C1>
                  <C2>47.62400000896107</C2>
                </COORD>
                <COORD>
                  <C1>8.509000008281589</C1>
                  <C2>47.62600000896188</C2>
                </COORD>
                <COORD>
                  <C1>8.510000008282548</C1>
                  <C2>47.62600000896158</C2>
                </COORD>
                <COORD>
                  <C1>8.512000008284797</C1>
                  <C2>47.625000008960605</C2>
                </COORD>
                <COORD>
                  <C1>8.514000008286724</C1>
                  <C2>47.62500000896004</C2>
                </COORD>
                <COORD>
                  <C1>8.515000008287684</C1>
                  <C2>47.62500000895977</C2>
                </COORD>
                <COORD>
                  <C1>8.515000008287364</C1>
                  <C2>47.62600000896012</C2>
                </COORD>
                <COORD>
                  <C1>8.516000008288323</C1>
                  <C2>47.626000008959835</C2>
                </COORD>
                <COORD>
                  <C1>8.516000008288005</C1>
                  <C2>47.627000008960195</C2>
                </COORD>
                <COORD>
                  <C1>8.515000008287041</C1>
                  <C2>47.6270000089605</C2>
                </COORD>
                <COORD>
                  <C1>8.514000008286079</C1>
                  <C2>47.62700000896082</C2>
                </COORD>
                <COORD>
                  <C1>8.514000008285757</C1>
                  <C2>47.62800000896116</C2>
                </COORD>
                <COORD>
                  <C1>8.515000008286398</C1>
                  <C2>47.62900000896127</C2>
                </COORD>
                <COORD>
                  <C1>8.515000008286721</C1>
                  <C2>47.628000008960875</C2>
                </COORD>
                <COORD>
                  <C1>8.516000008287362</C1>
                  <C2>47.62900000896099</C2>
                </COORD>
                <COORD>
                  <C1>8.516000008287044</C1>
                  <C2>47.630000008961396</C2>
                </COORD>
                <COORD>
                  <C1>8.517000008288003</C1>
                  <C2>47.630000008961154</C2>
                </COORD>
                <COORD>
                  <C1>8.517000008287678</C1>
                  <C2>47.63100000896148</C2>
                </COORD>
                <COORD>
                  <C1>8.516000008286717</C1>
                  <C2>47.631000008961784</C2>
                </COORD>
                <COORD>
                  <C1>8.516000008286397</C1>
                  <C2>47.632000008962144</C2>
                </COORD>
                <COORD>
                  <C1>8.516000008286076</C1>
                  <C2>47.63300000896256</C2>
                </COORD>
                <COORD>
                  <C1>8.517000008287036</C1>
                  <C2>47.633000008962284</C2>
                </COORD>
                <COORD>
                  <C1>8.517000008286718</C1>
                  <C2>47.63400000896268</C2>
                </COORD>
                <COORD>
                  <C1>8.51800000828768</C1>
                  <C2>47.634000008962374</C2>
                </COORD>
                <COORD>
                  <C1>8.517000008286393</C1>
                  <C2>47.63500000896307</C2>
                </COORD>
                <COORD>
                  <C1>8.517000008286074</C1>
                  <C2>47.63600000896343</C2>
                </COORD>
                <COORD>
                  <C1>8.51800000828704</C1>
                  <C2>47.636000008963144</C2>
                </COORD>
                <COORD>
                  <C1>8.519000008287998</C1>
                  <C2>47.63600000896285</C2>
                </COORD>
                <COORD>
                  <C1>8.520000008288958</C1>
                  <C2>47.63600000896258</C2>
                </COORD>
                <COORD>
                  <C1>8.52100000828992</C1>
                  <C2>47.636000008962284</C2>
                </COORD>
                <COORD>
                  <C1>8.522000008290881</C1>
                  <C2>47.636000008961965</C2>
                </COORD>
                <COORD>
                  <C1>8.523000008291843</C1>
                  <C2>47.63600000896171</C2>
                </COORD>
                <COORD>
                  <C1>8.523000008292163</C1>
                  <C2>47.63500000896128</C2>
                </COORD>
                <COORD>
                  <C1>8.52500000829409</C1>
                  <C2>47.63500000896073</C2>
                </COORD>
                <COORD>
                  <C1>8.526000008295371</C1>
                  <C2>47.63400000896005</C2>
                </COORD>
                <COORD>
                  <C1>8.527000008296328</C1>
                  <C2>47.634000008959745</C2>
                </COORD>
                <COORD>
                  <C1>8.528000008297294</C1>
                  <C2>47.634000008959454</C2>
                </COORD>
                <COORD>
                  <C1>8.529000008298251</C1>
                  <C2>47.63400000895915</C2>
                </COORD>
                <COORD>
                  <C1>8.530000008299213</C1>
                  <C2>47.63400000895887</C2>
                </COORD>
                <COORD>
                  <C1>8.531000008300177</C1>
                  <C2>47.63400000895862</C2>
                </COORD>
                <COORD>
                  <C1>8.532000008301136</C1>
                  <C2>47.63400000895834</C2>
                </COORD>
                <COORD>
                  <C1>8.533000008302096</C1>
                  <C2>47.634000008958</C2>
                </COORD>
                <COORD>
                  <C1>8.534000008303384</C1>
                  <C2>47.63300000895728</C2>
                </COORD>
                <COORD>
                  <C1>8.535000008304339</C1>
                  <C2>47.63300000895703</C2>
                </COORD>
                <COORD>
                  <C1>8.5360000083053</C1>
                  <C2>47.633000008956714</C2>
                </COORD>
                <COORD>
                  <C1>8.537000008306261</C1>
                  <C2>47.63300000895648</C2>
                </COORD>
                <COORD>
                  <C1>8.538000008307224</C1>
                  <C2>47.63300000895614</C2>
                </COORD>
                <COORD>
                  <C1>8.53900000830818</C1>
                  <C2>47.63300000895584</C2>
                </COORD>
                <COORD>
                  <C1>8.540000008309143</C1>
                  <C2>47.633000008955555</C2>
                </COORD>
                <COORD>
                  <C1>8.540000008309464</C1>
                  <C2>47.632000008955146</C2>
                </COORD>
                <COORD>
                  <C1>8.540000008309788</C1>
                  <C2>47.631000008954786</C2>
                </COORD>
                <COORD>
                  <C1>8.54000000831011</C1>
                  <C2>47.630000008954404</C2>
                </COORD>
                <COORD>
                  <C1>8.540000008310432</C1>
                  <C2>47.629000008954</C2>
                </COORD>
                <COORD>
                  <C1>8.54000000831075</C1>
                  <C2>47.62800000895359</C2>
                </COORD>
                <COORD>
                  <C1>8.543000008313312</C1>
                  <C2>47.62900000895313</C2>
                </COORD>
                <COORD>
                  <C1>8.544000008314272</C1>
                  <C2>47.629000008952865</C2>
                </COORD>
                <COORD>
                  <C1>8.545000008315553</C1>
                  <C2>47.62800000895213</C2>
                </COORD>
                <COORD>
                  <C1>8.545000008315876</C1>
                  <C2>47.62700000895181</C2>
                </COORD>
                <COORD>
                  <C1>8.546000008316835</C1>
                  <C2>47.627000008951484</C2>
                </COORD>
                <COORD>
                  <C1>8.547000008317799</C1>
                  <C2>47.62700000895119</C2>
                </COORD>
                <COORD>
                  <C1>8.548000008318757</C1>
                  <C2>47.62700000895086</C2>
                </COORD>
                <COORD>
                  <C1>8.549000008319716</C1>
                  <C2>47.627000008950596</C2>
                </COORD>
                <COORD>
                  <C1>8.550000008320675</C1>
                  <C2>47.6270000089503</C2>
                </COORD>
                <COORD>
                  <C1>8.551000008321635</C1>
                  <C2>47.62700000895002</C2>
                </COORD>
                <COORD>
                  <C1>8.552000008322594</C1>
                  <C2>47.62700000894973</C2>
                </COORD>
                <COORD>
                  <C1>8.553000008323552</C1>
                  <C2>47.627000008949416</C2>
                </COORD>
                <COORD>
                  <C1>8.554000008324513</C1>
                  <C2>47.62700000894914</C2>
                </COORD>
                <COORD>
                  <C1>8.555000008325477</C1>
                  <C2>47.62700000894884</C2>
                </COORD>
                <COORD>
                  <C1>8.556000008326432</C1>
                  <C2>47.62700000894858</C2>
                </COORD>
                <COORD>
                  <C1>8.557000008327392</C1>
                  <C2>47.62700000894827</C2>
                </COORD>
                <COORD>
                  <C1>8.558000008328351</C1>
                  <C2>47.627000008947974</C2>
                </COORD>
                <COORD>
                  <C1>8.559000008329633</C1>
                  <C2>47.62600000894728</C2>
                </COORD>
                <COORD>
                  <C1>8.560000008330592</C1>
                  <C2>47.62600000894697</C2>
                </COORD>
                <COORD>
                  <C1>8.560000008330913</C1>
                  <C2>47.62500000894658</C2>
                </COORD>
                <COORD>
                  <C1>8.560000008331237</C1>
                  <C2>47.62400000894617</C2>
                </COORD>
                <COORD>
                  <C1>8.561000008332517</C1>
                  <C2>47.62300000894552</C2>
                </COORD>
                <COORD>
                  <C1>8.562000008333474</C1>
                  <C2>47.623000008945205</C2>
                </COORD>
                <COORD>
                  <C1>8.562000008333799</C1>
                  <C2>47.622000008944816</C2>
                </COORD>
                <COORD>
                  <C1>8.56300000833508</C1>
                  <C2>47.62100000894416</C2>
                </COORD>
                <COORD>
                  <C1>8.563000008335406</C1>
                  <C2>47.62000000894374</C2>
                </COORD>
                <COORD>
                  <C1>8.564000008336365</C1>
                  <C2>47.62000000894346</C2>
                </COORD>
                <COORD>
                  <C1>8.564000008336686</C1>
                  <C2>47.61900000894305</C2>
                </COORD>
                <COORD>
                  <C1>8.565000008337648</C1>
                  <C2>47.619000008942756</C2>
                </COORD>
                <COORD>
                  <C1>8.566000008338607</C1>
                  <C2>47.6190000089425</C2>
                </COORD>
                <COORD>
                  <C1>8.567000008339562</C1>
                  <C2>47.6190000089422</C2>
                </COORD>
                <COORD>
                  <C1>8.568000008340524</C1>
                  <C2>47.61900000894192</C2>
                </COORD>
                <COORD>
                  <C1>8.56900000834148</C1>
                  <C2>47.61900000894163</C2>
                </COORD>
                <COORD>
                  <C1>8.570000008342438</C1>
                  <C2>47.61900000894131</C2>
                </COORD>
                <COORD>
                  <C1>8.571000008343395</C1>
                  <C2>47.619000008940986</C2>
                </COORD>
                <COORD>
                  <C1>8.571000008343722</C1>
                  <C2>47.61800000894061</C2>
                </COORD>
                <COORD>
                  <C1>8.572000008345</C1>
                  <C2>47.61700000893994</C2>
                </COORD>
                <COORD>
                  <C1>8.571000008344043</C1>
                  <C2>47.61700000894025</C2>
                </COORD>
                <COORD>
                  <C1>8.571000008344365</C1>
                  <C2>47.61600000893983</C2>
                </COORD>
                <COORD>
                  <C1>8.572000008345324</C1>
                  <C2>47.616000008939565</C2>
                </COORD>
                <COORD>
                  <C1>8.57200000834597</C1>
                  <C2>47.61400000893879</C2>
                </COORD>
                <COORD>
                  <C1>8.57400000834789</C1>
                  <C2>47.61400000893819</C2>
                </COORD>
                <COORD>
                  <C1>8.575000008348843</C1>
                  <C2>47.61400000893789</C2>
                </COORD>
                <COORD>
                  <C1>8.57500000834917</C1>
                  <C2>47.613000008937476</C2>
                </COORD>
                <COORD>
                  <C1>8.574000008348213</C1>
                  <C2>47.61300000893778</C2>
                </COORD>
                <COORD>
                  <C1>8.57300000834725</C1>
                  <C2>47.613000008938116</C2>
                </COORD>
                <COORD>
                  <C1>8.571000008345333</C1>
                  <C2>47.613000008938656</C2>
                </COORD>
                <COORD>
                  <C1>8.570000008344374</C1>
                  <C2>47.613000008939004</C2>
                </COORD>
                <COORD>
                  <C1>8.56800000834278</C1>
                  <C2>47.61200000893911</C2>
                </COORD>
                <COORD>
                  <C1>8.5680000083431</C1>
                  <C2>47.611000008938774</C2>
                </COORD>
                <COORD>
                  <C1>8.568000008343425</C1>
                  <C2>47.61000000893837</C2>
                </COORD>
                <COORD>
                  <C1>8.56800000834407</C1>
                  <C2>47.60800000893756</C2>
                </COORD>
                <COORD>
                  <C1>8.56700000834343</C1>
                  <C2>47.607000008937476</C2>
                </COORD>
                <COORD>
                  <C1>8.566000008342797</C1>
                  <C2>47.606000008937386</C2>
                </COORD>
                <COORD>
                  <C1>8.565000008342158</C1>
                  <C2>47.60500000893732</C2>
                </COORD>
                <COORD>
                  <C1>8.564000008341523</C1>
                  <C2>47.604000008937156</C2>
                </COORD>
                <COORD>
                  <C1>8.563000008340563</C1>
                  <C2>47.6040000089375</C2>
                </COORD>
                <COORD>
                  <C1>8.563000008340882</C1>
                  <C2>47.6030000089371</C2>
                </COORD>
                <COORD>
                  <C1>8.563000008341202</C1>
                  <C2>47.60200000893667</C2>
                </COORD>
                <COORD>
                  <C1>8.564000008342484</C1>
                  <C2>47.60100000893598</C2>
                </COORD>
                <COORD>
                  <C1>8.565000008343768</C1>
                  <C2>47.600000008935275</C2>
                </COORD>
                <COORD>
                  <C1>8.566000008344727</C1>
                  <C2>47.600000008935</C2>
                </COORD>
                <COORD>
                  <C1>8.567000008345687</C1>
                  <C2>47.60000000893476</C2>
                </COORD>
                <COORD>
                  <C1>8.56800000834697</C1>
                  <C2>47.59900000893404</C2>
                </COORD>
                <COORD>
                  <C1>8.569000008347608</C1>
                  <C2>47.600000008934146</C2>
                </COORD>
                <COORD>
                  <C1>8.57000000834857</C1>
                  <C2>47.60000000893386</C2>
                </COORD>
                <COORD>
                  <C1>8.571000008349525</C1>
                  <C2>47.600000008933556</C2>
                </COORD>
                <COORD>
                  <C1>8.572000008350486</C1>
                  <C2>47.60000000893324</C2>
                </COORD>
                <COORD>
                  <C1>8.573000008351444</C1>
                  <C2>47.600000008933</C2>
                </COORD>
                <COORD>
                  <C1>8.575000008353685</C1>
                  <C2>47.59900000893197</C2>
                </COORD>
                <COORD>
                  <C1>8.576000008355285</C1>
                  <C2>47.597000008930905</C2>
                </COORD>
                <COORD>
                  <C1>8.578000008356561</C1>
                  <C2>47.59900000893115</C2>
                </COORD>
                <COORD>
                  <C1>8.57900000835752</C1>
                  <C2>47.59900000893082</C2>
                </COORD>
                <COORD>
                  <C1>8.581000008359759</C1>
                  <C2>47.59800000892983</C2>
                </COORD>
                <COORD>
                  <C1>8.582000008360716</C1>
                  <C2>47.59800000892955</C2>
                </COORD>
                <COORD>
                  <C1>8.584000008362635</C1>
                  <C2>47.59800000892896</C2>
                </COORD>
                <COORD>
                  <C1>8.584000008362313</C1>
                  <C2>47.59900000892935</C2>
                </COORD>
                <COORD>
                  <C1>8.585000008362947</C1>
                  <C2>47.60000000892944</C2>
                </COORD>
                <COORD>
                  <C1>8.585000008362298</C1>
                  <C2>47.6020000089302</C2>
                </COORD>
                <COORD>
                  <C1>8.58600000836326</C1>
                  <C2>47.602000008929934</C2>
                </COORD>
                <COORD>
                  <C1>8.587000008363896</C1>
                  <C2>47.60300000893006</C2>
                </COORD>
                <COORD>
                  <C1>8.588000008364851</C1>
                  <C2>47.603000008929726</C2>
                </COORD>
                <COORD>
                  <C1>8.589000008365492</C1>
                  <C2>47.60400000892982</C2>
                </COORD>
                <COORD>
                  <C1>8.590000008366447</C1>
                  <C2>47.604000008929546</C2>
                </COORD>
                <COORD>
                  <C1>8.591000008367724</C1>
                  <C2>47.60300000892887</C2>
                </COORD>
                <COORD>
                  <C1>8.59200000836836</C1>
                  <C2>47.60400000892897</C2>
                </COORD>
                <COORD>
                  <C1>8.592000008368037</C1>
                  <C2>47.60500000892933</C2>
                </COORD>
                <COORD>
                  <C1>8.593000008368671</C1>
                  <C2>47.606000008929435</C2>
                </COORD>
                <COORD>
                  <C1>8.593000008368344</C1>
                  <C2>47.60700000892985</C2>
                </COORD>
                <COORD>
                  <C1>8.594000008368983</C1>
                  <C2>47.608000008929935</C2>
                </COORD>
                <COORD>
                  <C1>8.595000008369938</C1>
                  <C2>47.60800000892964</C2>
                </COORD>
                <COORD>
                  <C1>8.596000008370895</C1>
                  <C2>47.60800000892934</C2>
                </COORD>
                <COORD>
                  <C1>8.597000008371852</C1>
                  <C2>47.608000008929096</C2>
                </COORD>
                <COORD>
                  <C1>8.59800000837281</C1>
                  <C2>47.60800000892877</C2>
                </COORD>
                <COORD>
                  <C1>8.598000008372487</C1>
                  <C2>47.60900000892922</C2>
                </COORD>
                <COORD>
                  <C1>8.599000008373444</C1>
                  <C2>47.60900000892888</C2>
                </COORD>
                <COORD>
                  <C1>8.600000008374076</C1>
                  <C2>47.61000000892898</C2>
                </COORD>
                <COORD>
                  <C1>8.601000008375037</C1>
                  <C2>47.61000000892867</C2>
                </COORD>
                <COORD>
                  <C1>8.602000008375665</C1>
                  <C2>47.61100000892881</C2>
                </COORD>
                <COORD>
                  <C1>8.604000008377252</C1>
                  <C2>47.61200000892859</C2>
                </COORD>
                <COORD>
                  <C1>8.604000008376929</C1>
                  <C2>47.613000008928985</C2>
                </COORD>
                <COORD>
                  <C1>8.605000008377884</C1>
                  <C2>47.61300000892866</C2>
                </COORD>
                <COORD>
                  <C1>8.60500000837756</C1>
                  <C2>47.61400000892905</C2>
                </COORD>
                <COORD>
                  <C1>8.606000008378517</C1>
                  <C2>47.614000008928784</C2>
                </COORD>
                <COORD>
                  <C1>8.606000008378192</C1>
                  <C2>47.61500000892918</C2>
                </COORD>
                <COORD>
                  <C1>8.60600000837787</C1>
                  <C2>47.61600000892958</C2>
                </COORD>
                <COORD>
                  <C1>8.606000008377544</C1>
                  <C2>47.61700000892996</C2>
                </COORD>
                <COORD>
                  <C1>8.60600000837722</C1>
                  <C2>47.61800000893036</C2>
                </COORD>
                <COORD>
                  <C1>8.606000008376895</C1>
                  <C2>47.619000008930755</C2>
                </COORD>
                <COORD>
                  <C1>8.605000008375615</C1>
                  <C2>47.62000000893142</C2>
                </COORD>
                <COORD>
                  <C1>8.603000008372728</C1>
                  <C2>47.62300000893316</C2>
                </COORD>
                <COORD>
                  <C1>8.602000008371448</C1>
                  <C2>47.62400000893387</C2>
                </COORD>
                <COORD>
                  <C1>8.601000008370171</C1>
                  <C2>47.625000008934556</C2>
                </COORD>
                <COORD>
                  <C1>8.601000008369844</C1>
                  <C2>47.62600000893495</C2>
                </COORD>
                <COORD>
                  <C1>8.60000000836889</C1>
                  <C2>47.62600000893524</C2>
                </COORD>
                <COORD>
                  <C1>8.600000008368562</C1>
                  <C2>47.62700000893566</C2>
                </COORD>
                <COORD>
                  <C1>8.60000000836824</C1>
                  <C2>47.62800000893602</C2>
                </COORD>
                <COORD>
                  <C1>8.599000008366959</C1>
                  <C2>47.62900000893671</C2>
                </COORD>
                <COORD>
                  <C1>8.599000008366636</C1>
                  <C2>47.6300000089371</C2>
                </COORD>
                <COORD>
                  <C1>8.59900000836631</C1>
                  <C2>47.63100000893753</C2>
                </COORD>
                <COORD>
                  <C1>8.59800000836503</C1>
                  <C2>47.63200000893818</C2>
                </COORD>
                <COORD>
                  <C1>8.598000008364705</C1>
                  <C2>47.63300000893858</C2>
                </COORD>
                <COORD>
                  <C1>8.598000008364378</C1>
                  <C2>47.63400000893895</C2>
                </COORD>
                <COORD>
                  <C1>8.598000008364052</C1>
                  <C2>47.63500000893936</C2>
                </COORD>
                <COORD>
                  <C1>8.598000008363728</C1>
                  <C2>47.63600000893972</C2>
                </COORD>
                <COORD>
                  <C1>8.598000008363401</C1>
                  <C2>47.637000008940106</C2>
                </COORD>
                <COORD>
                  <C1>8.598000008363076</C1>
                  <C2>47.63800000894047</C2>
                </COORD>
                <COORD>
                  <C1>8.598000008362753</C1>
                  <C2>47.6390000089409</C2>
                </COORD>
                <COORD>
                  <C1>8.597000008361794</C1>
                  <C2>47.63900000894119</C2>
                </COORD>
                <COORD>
                  <C1>8.597000008361471</C1>
                  <C2>47.640000008941584</C2>
                </COORD>
                <COORD>
                  <C1>8.597000008361144</C1>
                  <C2>47.64100000894195</C2>
                </COORD>
                <COORD>
                  <C1>8.597000008360821</C1>
                  <C2>47.64200000894237</C2>
                </COORD>
                <COORD>
                  <C1>8.596000008359868</C1>
                  <C2>47.64200000894267</C2>
                </COORD>
                <COORD>
                  <C1>8.596000008359539</C1>
                  <C2>47.64300000894301</C2>
                </COORD>
                <COORD>
                  <C1>8.596000008359216</C1>
                  <C2>47.64400000894338</C2>
                </COORD>
                <COORD>
                  <C1>8.59700000836017</C1>
                  <C2>47.64400000894313</C2>
                </COORD>
                <COORD>
                  <C1>8.597000008359846</C1>
                  <C2>47.645000008943505</C2>
                </COORD>
                <COORD>
                  <C1>8.598000008360476</C1>
                  <C2>47.64600000894359</C2>
                </COORD>
                <COORD>
                  <C1>8.59900000836143</C1>
                  <C2>47.64600000894332</C2>
                </COORD>
                <COORD>
                  <C1>8.601000008363016</C1>
                  <C2>47.64700000894312</C2>
                </COORD>
                <COORD>
                  <C1>8.60200000836397</C1>
                  <C2>47.64700000894283</C2>
                </COORD>
                <COORD>
                  <C1>8.602000008363644</C1>
                  <C2>47.648000008943185</C2>
                </COORD>
                <COORD>
                  <C1>8.603000008364598</C1>
                  <C2>47.6480000089429</C2>
                </COORD>
                <COORD>
                  <C1>8.60300000836427</C1>
                  <C2>47.6490000089433</C2>
                </COORD>
                <COORD>
                  <C1>8.604000008365228</C1>
                  <C2>47.649000008943005</C2>
                </COORD>
                <COORD>
                  <C1>8.6040000083649</C1>
                  <C2>47.650000008943394</C2>
                </COORD>
                <COORD>
                  <C1>8.604000008364576</C1>
                  <C2>47.6510000089438</C2>
                </COORD>
                <COORD>
                  <C1>8.6050000083652</C1>
                  <C2>47.652000008943844</C2>
                </COORD>
                <COORD>
                  <C1>8.605000008364879</C1>
                  <C2>47.653000008944254</C2>
                </COORD>
                <COORD>
                  <C1>8.606000008365832</C1>
                  <C2>47.65300000894396</C2>
                </COORD>
                <COORD>
                  <C1>8.606000008365507</C1>
                  <C2>47.65400000894435</C2>
                </COORD>
                <COORD>
                  <C1>8.607000008366457</C1>
                  <C2>47.65400000894404</C2>
                </COORD>
                <COORD>
                  <C1>8.608000008367416</C1>
                  <C2>47.654000008943754</C2>
                </COORD>
                <COORD>
                  <C1>8.609000008368367</C1>
                  <C2>47.6540000089435</C2>
                </COORD>
                <COORD>
                  <C1>8.61000000836932</C1>
                  <C2>47.65400000894317</C2>
                </COORD>
                <COORD>
                  <C1>8.611000008370278</C1>
                  <C2>47.65400000894288</C2>
                </COORD>
                <COORD>
                  <C1>8.611000008370603</C1>
                  <C2>47.653000008942485</C2>
                </COORD>
                <COORD>
                  <C1>8.612000008371558</C1>
                  <C2>47.65300000894215</C2>
                </COORD>
                <COORD>
                  <C1>8.613000008372508</C1>
                  <C2>47.653000008941895</C2>
                </COORD>
                <COORD>
                  <C1>8.61300000837283</C1>
                  <C2>47.65200000894151</C2>
                </COORD>
                <COORD>
                  <C1>8.614000008373791</C1>
                  <C2>47.65200000894121</C2>
                </COORD>
                <COORD>
                  <C1>8.614000008374115</C1>
                  <C2>47.65100000894083</C2>
                </COORD>
                <COORD>
                  <C1>8.615000008375066</C1>
                  <C2>47.65100000894051</C2>
                </COORD>
                <COORD>
                  <C1>8.615000008375393</C1>
                  <C2>47.650000008940125</C2>
                </COORD>
                <COORD>
                  <C1>8.61500000837572</C1>
                  <C2>47.649000008939716</C2>
                </COORD>
                <COORD>
                  <C1>8.615000008376049</C1>
                  <C2>47.648000008939334</C2>
                </COORD>
                <COORD>
                  <C1>8.61500000837637</C1>
                  <C2>47.647000008939</C2>
                </COORD>
                <COORD>
                  <C1>8.615000008376702</C1>
                  <C2>47.6460000089386</C2>
                </COORD>
                <COORD>
                  <C1>8.615000008377024</C1>
                  <C2>47.64500000893823</C2>
                </COORD>
                <COORD>
                  <C1>8.614000008376072</C1>
                  <C2>47.64500000893849</C2>
                </COORD>
                <COORD>
                  <C1>8.613000008375117</C1>
                  <C2>47.645000008938815</C2>
                </COORD>
                <COORD>
                  <C1>8.613000008375446</C1>
                  <C2>47.64400000893839</C2>
                </COORD>
                <COORD>
                  <C1>8.612000008374494</C1>
                  <C2>47.64400000893875</C2>
                </COORD>
                <COORD>
                  <C1>8.611000008373537</C1>
                  <C2>47.64400000893899</C2>
                </COORD>
                <COORD>
                  <C1>8.610000008372584</C1>
                  <C2>47.6440000089393</C2>
                </COORD>
                <COORD>
                  <C1>8.609000008371956</C1>
                  <C2>47.643000008939225</C2>
                </COORD>
                <COORD>
                  <C1>8.608000008371</C1>
                  <C2>47.6430000089395</C2>
                </COORD>
                <COORD>
                  <C1>8.608000008370675</C1>
                  <C2>47.64400000893988</C2>
                </COORD>
                <COORD>
                  <C1>8.607000008369717</C1>
                  <C2>47.64400000894015</C2>
                </COORD>
                <COORD>
                  <C1>8.606000008368765</C1>
                  <C2>47.64400000894046</C2>
                </COORD>
                <COORD>
                  <C1>8.606000008369092</C1>
                  <C2>47.64300000894007</C2>
                </COORD>
                <COORD>
                  <C1>8.605000008368139</C1>
                  <C2>47.643000008940376</C2>
                </COORD>
                <COORD>
                  <C1>8.605000008368462</C1>
                  <C2>47.642000008939974</C2>
                </COORD>
                <COORD>
                  <C1>8.60400000836751</C1>
                  <C2>47.64200000894035</C2>
                </COORD>
                <COORD>
                  <C1>8.604000008367832</C1>
                  <C2>47.641000008939905</C2>
                </COORD>
                <COORD>
                  <C1>8.605000008368787</C1>
                  <C2>47.64100000893962</C2>
                </COORD>
                <COORD>
                  <C1>8.605000008369117</C1>
                  <C2>47.64000000893924</C2>
                </COORD>
                <COORD>
                  <C1>8.606000008370069</C1>
                  <C2>47.64000000893894</C2>
                </COORD>
                <COORD>
                  <C1>8.60700000837135</C1>
                  <C2>47.639000008938254</C2>
                </COORD>
                <COORD>
                  <C1>8.608000008372304</C1>
                  <C2>47.63900000893794</C2>
                </COORD>
                <COORD>
                  <C1>8.609000008373258</C1>
                  <C2>47.63900000893766</C2>
                </COORD>
                <COORD>
                  <C1>8.610000008374213</C1>
                  <C2>47.639000008937366</C2>
                </COORD>
                <COORD>
                  <C1>8.611000008375164</C1>
                  <C2>47.639000008937046</C2>
                </COORD>
                <COORD>
                  <C1>8.612000008376121</C1>
                  <C2>47.63900000893677</C2>
                </COORD>
                <COORD>
                  <C1>8.613000008377078</C1>
                  <C2>47.63900000893646</C2>
                </COORD>
                <COORD>
                  <C1>8.615000008378981</C1>
                  <C2>47.6390000089359</C2>
                </COORD>
                <COORD>
                  <C1>8.616000008379613</C1>
                  <C2>47.64000000893598</C2>
                </COORD>
                <COORD>
                  <C1>8.617000008380566</C1>
                  <C2>47.640000008935715</C2>
                </COORD>
                <COORD>
                  <C1>8.61800000838152</C1>
                  <C2>47.64000000893538</C2>
                </COORD>
                <COORD>
                  <C1>8.61900000838247</C1>
                  <C2>47.640000008935075</C2>
                </COORD>
                <COORD>
                  <C1>8.62000000838343</C1>
                  <C2>47.6400000089348</C2>
                </COORD>
                <COORD>
                  <C1>8.620000008383101</C1>
                  <C2>47.64100000893518</C2>
                </COORD>
                <COORD>
                  <C1>8.621000008384057</C1>
                  <C2>47.64100000893492</C2>
                </COORD>
                <COORD>
                  <C1>8.622000008385008</C1>
                  <C2>47.6410000089346</C2>
                </COORD>
                <COORD>
                  <C1>8.623000008385636</C1>
                  <C2>47.64200000893468</C2>
                </COORD>
                <COORD>
                  <C1>8.624000008386592</C1>
                  <C2>47.64200000893439</C2>
                </COORD>
                <COORD>
                  <C1>8.624000008386266</C1>
                  <C2>47.64300000893478</C2>
                </COORD>
                <COORD>
                  <C1>8.625000008387214</C1>
                  <C2>47.643000008934486</C2>
                </COORD>
                <COORD>
                  <C1>8.62500000838689</C1>
                  <C2>47.64400000893486</C2>
                </COORD>
                <COORD>
                  <C1>8.626000008387841</C1>
                  <C2>47.64400000893456</C2>
                </COORD>
                <COORD>
                  <C1>8.626000008387516</C1>
                  <C2>47.645000008934964</C2>
                </COORD>
                <COORD>
                  <C1>8.627000008388471</C1>
                  <C2>47.64500000893466</C2>
                </COORD>
                <COORD>
                  <C1>8.628000008388113</C1>
                  <C2>47.649000008935914</C2>
                </COORD>
                <COORD>
                  <C1>8.629000008389067</C1>
                  <C2>47.649000008935644</C2>
                </COORD>
                <COORD>
                  <C1>8.629000008388738</C1>
                  <C2>47.650000008936</C2>
                </COORD>
                <COORD>
                  <C1>8.630000008389366</C1>
                  <C2>47.651000008936116</C2>
                </COORD>
                <COORD>
                  <C1>8.630000008389038</C1>
                  <C2>47.65200000893651</C2>
                </COORD>
                <COORD>
                  <C1>8.630000008388715</C1>
                  <C2>47.65300000893688</C2>
                </COORD>
                <COORD>
                  <C1>8.630000008388382</C1>
                  <C2>47.654000008937246</C2>
                </COORD>
                <COORD>
                  <C1>8.630000008388059</C1>
                  <C2>47.65500000893765</C2>
                </COORD>
                <COORD>
                  <C1>8.629000008387104</C1>
                  <C2>47.65500000893796</C2>
                </COORD>
                <COORD>
                  <C1>8.629000008386774</C1>
                  <C2>47.65600000893832</C2>
                </COORD>
                <COORD>
                  <C1>8.628000008385825</C1>
                  <C2>47.6560000089386</C2>
                </COORD>
                <COORD>
                  <C1>8.624000008380706</C1>
                  <C2>47.660000008941324</C2>
                </COORD>
                <COORD>
                  <C1>8.623000008379751</C1>
                  <C2>47.66000000894161</C2>
                </COORD>
                <COORD>
                  <C1>8.622000008378471</C1>
                  <C2>47.66100000894233</C2>
                </COORD>
                <COORD>
                  <C1>8.62100000837752</C1>
                  <C2>47.661000008942636</C2>
                </COORD>
                <COORD>
                  <C1>8.620000008376563</C1>
                  <C2>47.6610000089429</C2>
                </COORD>
                <COORD>
                  <C1>8.62000000837624</C1>
                  <C2>47.66200000894329</C2>
                </COORD>
                <COORD>
                  <C1>8.619000008375286</C1>
                  <C2>47.662000008943586</C2>
                </COORD>
                <COORD>
                  <C1>8.618000008374331</C1>
                  <C2>47.66200000894386</C2>
                </COORD>
                <COORD>
                  <C1>8.617000008373052</C1>
                  <C2>47.66300000894455</C2>
                </COORD>
                <COORD>
                  <C1>8.616000008371772</C1>
                  <C2>47.66400000894524</C2>
                </COORD>
                <COORD>
                  <C1>8.615000008371148</C1>
                  <C2>47.66300000894518</C2>
                </COORD>
                <COORD>
                  <C1>8.614000008370194</C1>
                  <C2>47.66300000894548</C2>
                </COORD>
                <COORD>
                  <C1>8.613000008368912</C1>
                  <C2>47.66400000894614</C2>
                </COORD>
                <COORD>
                  <C1>8.61100000836668</C1>
                  <C2>47.6650000089471</C2>
                </COORD>
                <COORD>
                  <C1>8.610000008365724</C1>
                  <C2>47.6650000089474</C2>
                </COORD>
                <COORD>
                  <C1>8.610000008365397</C1>
                  <C2>47.666000008947755</C2>
                </COORD>
                <COORD>
                  <C1>8.609000008364445</C1>
                  <C2>47.66600000894811</C2>
                </COORD>
                <COORD>
                  <C1>8.609000008364116</C1>
                  <C2>47.66700000894843</C2>
                </COORD>
                <COORD>
                  <C1>8.608000008362842</C1>
                  <C2>47.668000008949136</C2>
                </COORD>
                <COORD>
                  <C1>8.60700000836123</C1>
                  <C2>47.6700000089502</C2>
                </COORD>
                <COORD>
                  <C1>8.607000008360902</C1>
                  <C2>47.67100000895061</C2>
                </COORD>
                <COORD>
                  <C1>8.607000008360574</C1>
                  <C2>47.67200000895098</C2>
                </COORD>
                <COORD>
                  <C1>8.607000008360249</C1>
                  <C2>47.67300000895135</C2>
                </COORD>
                <COORD>
                  <C1>8.608000008361204</C1>
                  <C2>47.67300000895106</C2>
                </COORD>
                <COORD>
                  <C1>8.608000008360875</C1>
                  <C2>47.67400000895141</C2>
                </COORD>
                <COORD>
                  <C1>8.606000008358963</C1>
                  <C2>47.67400000895204</C2>
                </COORD>
                <COORD>
                  <C1>8.604000008356735</C1>
                  <C2>47.67500000895298</C2>
                </COORD>
                <COORD>
                  <C1>8.60300000835578</C1>
                  <C2>47.67500000895329</C2>
                </COORD>
                <COORD>
                  <C1>8.602000008354826</C1>
                  <C2>47.67500000895358</C2>
                </COORD>
                <COORD>
                  <C1>8.600000008352923</C1>
                  <C2>47.675000008954214</C2>
                </COORD>
                <COORD>
                  <C1>8.599000008351965</C1>
                  <C2>47.675000008954484</C2>
                </COORD>
                <COORD>
                  <C1>8.599000008352295</C1>
                  <C2>47.67400000895413</C2>
                </COORD>
                <COORD>
                  <C1>8.598000008351667</C1>
                  <C2>47.67300000895401</C2>
                </COORD>
                <COORD>
                  <C1>8.598000008351992</C1>
                  <C2>47.67200000895365</C2>
                </COORD>
                <COORD>
                  <C1>8.597000008351365</C1>
                  <C2>47.671000008953534</C2>
                </COORD>
                <COORD>
                  <C1>8.59600000835074</C1>
                  <C2>47.67000000895344</C2>
                </COORD>
                <COORD>
                  <C1>8.595000008350112</C1>
                  <C2>47.66900000895332</C2>
                </COORD>
                <COORD>
                  <C1>8.594000008349155</C1>
                  <C2>47.66900000895364</C2>
                </COORD>
                <COORD>
                  <C1>8.593000008347872</C1>
                  <C2>47.670000008954354</C2>
                </COORD>
                <COORD>
                  <C1>8.591000008346292</C1>
                  <C2>47.66900000895452</C2>
                </COORD>
                <COORD>
                  <C1>8.588000008343752</C1>
                  <C2>47.66800000895506</C2>
                </COORD>
                <COORD>
                  <C1>8.587000008343127</C1>
                  <C2>47.667000008954936</C2>
                </COORD>
                <COORD>
                  <C1>8.585000008341215</C1>
                  <C2>47.66700000895555</C2>
                </COORD>
                <COORD>
                  <C1>8.583000008339631</C1>
                  <C2>47.666000008955756</C2>
                </COORD>
                <COORD>
                  <C1>8.581000008338043</C1>
                  <C2>47.66500000895595</C2>
                </COORD>
                <COORD>
                  <C1>8.580000008337416</C1>
                  <C2>47.66400000895582</C2>
                </COORD>
                <COORD>
                  <C1>8.579000008336463</C1>
                  <C2>47.66400000895614</C2>
                </COORD>
                <COORD>
                  <C1>8.578000008335506</C1>
                  <C2>47.66400000895642</C2>
                </COORD>
                <COORD>
                  <C1>8.577000008334547</C1>
                  <C2>47.66400000895672</C2>
                </COORD>
                <COORD>
                  <C1>8.576000008333263</C1>
                  <C2>47.66500000895741</C2>
                </COORD>
                <COORD>
                  <C1>8.575000008332308</C1>
                  <C2>47.6650000089577</C2>
                </COORD>
                <COORD>
                  <C1>8.57400000833103</C1>
                  <C2>47.66600000895836</C2>
                </COORD>
                <COORD>
                  <C1>8.573000008330071</C1>
                  <C2>47.66600000895869</C2>
                </COORD>
                <COORD>
                  <C1>8.57200000832879</C1>
                  <C2>47.667000008959356</C2>
                </COORD>
                <COORD>
                  <C1>8.571000008327836</C1>
                  <C2>47.667000008959654</C2>
                </COORD>
                <COORD>
                  <C1>8.570000008327202</C1>
                  <C2>47.66600000895954</C2>
                </COORD>
                <COORD>
                  <C1>8.568000008324965</C1>
                  <C2>47.66700000896052</C2>
                </COORD>
                <COORD>
                  <C1>8.567000008323681</C1>
                  <C2>47.66800000896123</C2>
                </COORD>
                <COORD>
                  <C1>8.566000008323053</C1>
                  <C2>47.66700000896106</C2>
                </COORD>
                <COORD>
                  <C1>8.565000008321443</C1>
                  <C2>47.66900000896217</C2>
                </COORD>
                <COORD>
                  <C1>8.565000008321118</C1>
                  <C2>47.67000000896258</C2>
                </COORD>
                <COORD>
                  <C1>8.565000008320792</C1>
                  <C2>47.671000008962956</C2>
                </COORD>
                <COORD>
                  <C1>8.565000008320466</C1>
                  <C2>47.67200000896333</C2>
                </COORD>
                <COORD>
                  <C1>8.564000008319512</C1>
                  <C2>47.672000008963614</C2>
                </COORD>
                <COORD>
                  <C1>8.563000008318552</C1>
                  <C2>47.67200000896392</C2>
                </COORD>
                <COORD>
                  <C1>8.562000008317595</C1>
                  <C2>47.67200000896422</C2>
                </COORD>
                <COORD>
                  <C1>8.56100000831664</C1>
                  <C2>47.672000008964524</C2>
                </COORD>
                <COORD>
                  <C1>8.560000008315685</C1>
                  <C2>47.672000008964794</C2>
                </COORD>
                <COORD>
                  <C1>8.55900000831473</C1>
                  <C2>47.6720000089651</C2>
                </COORD>
                <COORD>
                  <C1>8.558000008314094</C1>
                  <C2>47.671000008964995</C2>
                </COORD>
                <COORD>
                  <C1>8.557000008313139</C1>
                  <C2>47.6710000089653</C2>
                </COORD>
                <COORD>
                  <C1>8.55600000831218</C1>
                  <C2>47.671000008965585</C2>
                </COORD>
                <COORD>
                  <C1>8.55300000830931</C1>
                  <C2>47.67100000896646</C2>
                </COORD>
                <COORD>
                  <C1>8.552000008308674</C1>
                  <C2>47.670000008966376</C2>
                </COORD>
                <COORD>
                  <C1>8.551000008308044</C1>
                  <C2>47.669000008966265</C2>
                </COORD>
                <COORD>
                  <C1>8.54900000830613</C1>
                  <C2>47.66900000896687</C2>
                </COORD>
                <COORD>
                  <C1>8.548000008305172</C1>
                  <C2>47.66900000896715</C2>
                </COORD>
                <COORD>
                  <C1>8.547000008304213</C1>
                  <C2>47.669000008967444</C2>
                </COORD>
                <COORD>
                  <C1>8.54600000830358</C1>
                  <C2>47.66800000896738</C2>
                </COORD>
                <COORD>
                  <C1>8.545000008302619</C1>
                  <C2>47.66800000896768</C2>
                </COORD>
                <COORD>
                  <C1>8.543000008301027</C1>
                  <C2>47.66700000896789</C2>
                </COORD>
                <COORD>
                  <C1>8.542000008300068</C1>
                  <C2>47.667000008968145</C2>
                </COORD>
                <COORD>
                  <C1>8.541000008299111</C1>
                  <C2>47.667000008968465</C2>
                </COORD>
                <COORD>
                  <C1>8.541000008299434</C1>
                  <C2>47.66600000896807</C2>
                </COORD>
                <COORD>
                  <C1>8.540000008298477</C1>
                  <C2>47.66600000896833</C2>
                </COORD>
                <COORD>
                  <C1>8.5400000082988</C1>
                  <C2>47.665000008967986</C2>
                </COORD>
                <COORD>
                  <C1>8.540000008299126</C1>
                  <C2>47.664000008967584</C2>
                </COORD>
                <COORD>
                  <C1>8.541000008300081</C1>
                  <C2>47.664000008967285</C2>
                </COORD>
                <COORD>
                  <C1>8.541000008300406</C1>
                  <C2>47.66300000896692</C2>
                </COORD>
                <COORD>
                  <C1>8.542000008301686</C1>
                  <C2>47.66200000896624</C2>
                </COORD>
                <COORD>
                  <C1>8.542000008302013</C1>
                  <C2>47.66100000896585</C2>
                </COORD>
                <COORD>
                  <C1>8.543000008303297</C1>
                  <C2>47.660000008965156</C2>
                </COORD>
                <COORD>
                  <C1>8.543000008303617</C1>
                  <C2>47.65900000896475</C2>
                </COORD>
                <COORD>
                  <C1>8.542000008302661</C1>
                  <C2>47.65900000896506</C2>
                </COORD>
                <COORD>
                  <C1>8.541000008301701</C1>
                  <C2>47.65900000896533</C2>
                </COORD>
                <COORD>
                  <C1>8.540000008300419</C1>
                  <C2>47.660000008966044</C2>
                </COORD>
                <COORD>
                  <C1>8.53900000829946</C1>
                  <C2>47.66000000896635</C2>
                </COORD>
                <COORD>
                  <C1>8.538000008298503</C1>
                  <C2>47.66000000896665</C2>
                </COORD>
                <COORD>
                  <C1>8.53700000829722</C1>
                  <C2>47.66100000896732</C2>
                </COORD>
                <COORD>
                  <C1>8.536000008296257</C1>
                  <C2>47.661000008967605</C2>
                </COORD>
                <COORD>
                  <C1>8.535000008294977</C1>
                  <C2>47.66200000896827</C2>
                </COORD>
                <COORD>
                  <C1>8.535000008294654</C1>
                  <C2>47.663000008968645</C2>
                </COORD>
                <COORD>
                  <C1>8.53500000829433</C1>
                  <C2>47.66400000896907</C2>
                </COORD>
                <COORD>
                  <C1>8.535000008294007</C1>
                  <C2>47.6650000089694</C2>
                </COORD>
                <COORD>
                  <C1>8.534000008293049</C1>
                  <C2>47.6650000089697</C2>
                </COORD>
                <COORD>
                  <C1>8.533000008292412</C1>
                  <C2>47.66400000896962</C2>
                </COORD>
                <COORD>
                  <C1>8.531000008290816</C1>
                  <C2>47.6630000089698</C2>
                </COORD>
                <COORD>
                  <C1>8.530000008289853</C1>
                  <C2>47.66300000897009</C2>
                </COORD>
                <COORD>
                  <C1>8.529000008288898</C1>
                  <C2>47.663000008970414</C2>
                </COORD>
                <COORD>
                  <C1>8.528000008288261</C1>
                  <C2>47.662000008970296</C2>
                </COORD>
                <COORD>
                  <C1>8.529000008289543</C1>
                  <C2>47.66100000896964</C2>
                </COORD>
                <COORD>
                  <C1>8.529000008289866</C1>
                  <C2>47.66000000896924</C2>
                </COORD>
                <COORD>
                  <C1>8.530000008290822</C1>
                  <C2>47.66000000896895</C2>
                </COORD>
                <COORD>
                  <C1>8.531000008292109</C1>
                  <C2>47.65900000896827</C2>
                </COORD>
                <COORD>
                  <C1>8.53100000829243</C1>
                  <C2>47.6580000089679</C2>
                </COORD>
                <COORD>
                  <C1>8.530000008291793</C1>
                  <C2>47.65700000896778</C2>
                </COORD>
                <COORD>
                  <C1>8.53100000829308</C1>
                  <C2>47.656000008967126</C2>
                </COORD>
                <COORD>
                  <C1>8.532000008294036</C1>
                  <C2>47.65600000896682</C2>
                </COORD>
                <COORD>
                  <C1>8.533000008295318</C1>
                  <C2>47.655000008966155</C2>
                </COORD>
                <COORD>
                  <C1>8.533000008295643</C1>
                  <C2>47.654000008965774</C2>
                </COORD>
                <COORD>
                  <C1>8.534000008296927</C1>
                  <C2>47.6530000089651</C2>
                </COORD>
                <COORD>
                  <C1>8.535000008297887</C1>
                  <C2>47.6530000089648</C2>
                </COORD>
                <COORD>
                  <C1>8.53500000829821</C1>
                  <C2>47.65200000896439</C2>
                </COORD>
                <COORD>
                  <C1>8.536000008299169</C1>
                  <C2>47.65200000896409</C2>
                </COORD>
                <COORD>
                  <C1>8.535000008298534</C1>
                  <C2>47.651000008964004</C2>
                </COORD>
                <COORD>
                  <C1>8.534000008297573</C1>
                  <C2>47.651000008964274</C2>
                </COORD>
                <COORD>
                  <C1>8.535000008298857</C1>
                  <C2>47.650000008963616</C2>
                </COORD>
                <COORD>
                  <C1>8.5340000082979</C1>
                  <C2>47.650000008963936</C2>
                </COORD>
                <COORD>
                  <C1>8.534000008298221</C1>
                  <C2>47.64900000896355</C2>
                </COORD>
                <COORD>
                  <C1>8.533000008297579</C1>
                  <C2>47.64800000896343</C2>
                </COORD>
                <COORD>
                  <C1>8.531000008295663</C1>
                  <C2>47.64800000896399</C2>
                </COORD>
                <COORD>
                  <C1>8.5300000082947</C1>
                  <C2>47.64800000896431</C2>
                </COORD>
                <COORD>
                  <C1>8.528000008293104</C1>
                  <C2>47.64700000896451</C2>
                </COORD>
                <COORD>
                  <C1>8.526000008291184</C1>
                  <C2>47.64700000896507</C2>
                </COORD>
                <COORD>
                  <C1>8.525000008290224</C1>
                  <C2>47.6470000089654</C2>
                </COORD>
                <COORD>
                  <C1>8.524000008289262</C1>
                  <C2>47.64700000896565</C2>
                </COORD>
                <COORD>
                  <C1>8.5230000082883</C1>
                  <C2>47.647000008966</C2>
                </COORD>
                <COORD>
                  <C1>8.522000008287344</C1>
                  <C2>47.647000008966295</C2>
                </COORD>
                <COORD>
                  <C1>8.520000008285095</C1>
                  <C2>47.648000008967216</C2>
                </COORD>
                <COORD>
                  <C1>8.519000008284136</C1>
                  <C2>47.6480000089675</C2>
                </COORD>
                <COORD>
                  <C1>8.518000008283174</C1>
                  <C2>47.6480000089678</C2>
                </COORD>
                <COORD>
                  <C1>8.517000008281888</C1>
                  <C2>47.649000008968486</C2>
                </COORD>
                <COORD>
                  <C1>8.515000008279968</C1>
                  <C2>47.649000008969075</C2>
                </COORD>
                <COORD>
                  <C1>8.514000008279007</C1>
                  <C2>47.649000008969374</C2>
                </COORD>
                <COORD>
                  <C1>8.513000008278047</C1>
                  <C2>47.649000008969665</C2>
                </COORD>
                <COORD>
                  <C1>8.512000008277086</C1>
                  <C2>47.64900000896997</C2>
                </COORD>
                <COORD>
                  <C1>8.511000008276119</C1>
                  <C2>47.649000008970226</C2>
                </COORD>
                <COORD>
                  <C1>8.510000008275156</C1>
                  <C2>47.64900000897054</C2>
                </COORD>
                <COORD>
                  <C1>8.509000008274198</C1>
                  <C2>47.6490000089708</C2>
                </COORD>
                <COORD>
                  <C1>8.50800000827323</C1>
                  <C2>47.64900000897112</C2>
                </COORD>
                <COORD>
                  <C1>8.507000008272275</C1>
                  <C2>47.64900000897142</C2>
                </COORD>
                <COORD>
                  <C1>8.506000008271313</C1>
                  <C2>47.64900000897175</C2>
                </COORD>
                <COORD>
                  <C1>8.504000008269387</C1>
                  <C2>47.649000008972294</C2>
                </COORD>
                <COORD>
                  <C1>8.50300000826843</C1>
                  <C2>47.64900000897258</C2>
                </COORD>
                <COORD>
                  <C1>8.502000008267462</C1>
                  <C2>47.64900000897285</C2>
                </COORD>
                <COORD>
                  <C1>8.501000008266502</C1>
                  <C2>47.64900000897314</C2>
                </COORD>
                <COORD>
                  <C1>8.501000008266821</C1>
                  <C2>47.648000008972765</C2>
                </COORD>
                <COORD>
                  <C1>8.50000000826586</C1>
                  <C2>47.64800000897306</C2>
                </COORD>
                <COORD>
                  <C1>8.499000008264902</C1>
                  <C2>47.64800000897333</C2>
                </COORD>
                <COORD>
                  <C1>8.498000008263936</C1>
                  <C2>47.648000008973675</C2>
                </COORD>
                <COORD>
                  <C1>8.497000008262653</C1>
                  <C2>47.64900000897433</C2>
                </COORD>
                <COORD>
                  <C1>8.496000008261689</C1>
                  <C2>47.64900000897461</C2>
                </COORD>
                <COORD>
                  <C1>8.495000008260725</C1>
                  <C2>47.64900000897486</C2>
                </COORD>
                <COORD>
                  <C1>8.494000008259768</C1>
                  <C2>47.649000008975186</C2>
                </COORD>
                <COORD>
                  <C1>8.495000008261044</C1>
                  <C2>47.64800000897452</C2>
                </COORD>
                <COORD>
                  <C1>8.495000008261366</C1>
                  <C2>47.64700000897415</C2>
                </COORD>
                <COORD>
                  <C1>8.49500000826169</C1>
                  <C2>47.646000008973765</C2>
                </COORD>
                <COORD>
                  <C1>8.495000008262014</C1>
                  <C2>47.64500000897334</C2>
                </COORD>
                <COORD>
                  <C1>8.495000008262329</C1>
                  <C2>47.64400000897296</C2>
                </COORD>
                <COORD>
                  <C1>8.494000008261368</C1>
                  <C2>47.64400000897323</C2>
                </COORD>
                <COORD>
                  <C1>8.493000008260083</C1>
                  <C2>47.645000008973916</C2>
                </COORD>
                <COORD>
                  <C1>8.49200000825944</C1>
                  <C2>47.64400000897382</C2>
                </COORD>
                <COORD>
                  <C1>8.49100000825816</C1>
                  <C2>47.64500000897449</C2>
                </COORD>
                <COORD>
                  <C1>8.490000008256871</C1>
                  <C2>47.646000008975214</C2>
                </COORD>
                <COORD>
                  <C1>8.489000008255589</C1>
                  <C2>47.64700000897587</C2>
                </COORD>
                <COORD>
                  <C1>8.48700000825398</C1>
                  <C2>47.646000008976046</C2>
                </COORD>
                <COORD>
                  <C1>8.486000008253022</C1>
                  <C2>47.646000008976344</C2>
                </COORD>
                <COORD>
                  <C1>8.485000008252056</C1>
                  <C2>47.646000008976664</C2>
                </COORD>
                <COORD>
                  <C1>8.484000008251094</C1>
                  <C2>47.646000008976934</C2>
                </COORD>
                <COORD>
                  <C1>8.483000008249808</C1>
                  <C2>47.64700000897758</C2>
                </COORD>
                <COORD>
                  <C1>8.483000008249489</C1>
                  <C2>47.64800000897799</C2>
                </COORD>
                <COORD>
                  <C1>8.483000008249165</C1>
                  <C2>47.6490000089784</C2>
                </COORD>
                <COORD>
                  <C1>8.482000008247883</C1>
                  <C2>47.65000000897908</C2>
                </COORD>
                <COORD>
                  <C1>8.48200000824756</C1>
                  <C2>47.651000008979445</C2>
                </COORD>
                <COORD>
                  <C1>8.480000008245314</C1>
                  <C2>47.652000008980416</C2>
                </COORD>
                <COORD>
                  <C1>8.479000008244348</C1>
                  <C2>47.652000008980735</C2>
                </COORD>
                <COORD>
                  <C1>8.478000008243384</C1>
                  <C2>47.65200000898098</C2>
                </COORD>
                <COORD>
                  <C1>8.476000008241458</C1>
                  <C2>47.65200000898157</C2>
                </COORD>
                <COORD>
                  <C1>8.475000008240492</C1>
                  <C2>47.65200000898187</C2>
                </COORD>
                <COORD>
                  <C1>8.474000008239848</C1>
                  <C2>47.651000008981754</C2>
                </COORD>
                <COORD>
                  <C1>8.474000008240168</C1>
                  <C2>47.65000000898137</C2>
                </COORD>
                <COORD>
                  <C1>8.475000008241453</C1>
                  <C2>47.649000008980686</C2>
                </COORD>
                <COORD>
                  <C1>8.476000008242417</C1>
                  <C2>47.649000008980394</C2>
                </COORD>
                <COORD>
                  <C1>8.477000008243383</C1>
                  <C2>47.64900000898013</C2>
                </COORD>
                <COORD>
                  <C1>8.479000008245631</C1>
                  <C2>47.64800000897913</C2>
                </COORD>
                <COORD>
                  <C1>8.47900000824595</C1>
                  <C2>47.647000008978786</C2>
                </COORD>
                <COORD>
                  <C1>8.477000008244342</C1>
                  <C2>47.64600000897896</C2>
                </COORD>
                <COORD>
                  <C1>8.4760000082437</C1>
                  <C2>47.645000008978904</C2>
                </COORD>
                <COORD>
                  <C1>8.475000008242734</C1>
                  <C2>47.64500000897915</C2>
                </COORD>
                <COORD>
                  <C1>8.474000008241768</C1>
                  <C2>47.64500000897944</C2>
                </COORD>
                <COORD>
                  <C1>8.47300000824081</C1>
                  <C2>47.645000008979764</C2>
                </COORD>
                <COORD>
                  <C1>8.47200000824016</C1>
                  <C2>47.6440000089796</C2>
                </COORD>
                <COORD>
                  <C1>8.473000008241447</C1>
                  <C2>47.64300000897894</C2>
                </COORD>
                <COORD>
                  <C1>8.474000008242411</C1>
                  <C2>47.64300000897865</C2>
                </COORD>
                <COORD>
                  <C1>8.475000008243372</C1>
                  <C2>47.64300000897838</C2>
                </COORD>
                <COORD>
                  <C1>8.476000008244341</C1>
                  <C2>47.64300000897807</C2>
                </COORD>
                <COORD>
                  <C1>8.477000008245303</C1>
                  <C2>47.643000008977786</C2>
                </COORD>
                <COORD>
                  <C1>8.478000008246587</C1>
                  <C2>47.64200000897708</C2>
                </COORD>
                <COORD>
                  <C1>8.479000008247551</C1>
                  <C2>47.64200000897682</C2>
                </COORD>
                <COORD>
                  <C1>8.478000008246909</C1>
                  <C2>47.64100000897674</C2>
                </COORD>
                <COORD>
                  <C1>8.477000008245943</C1>
                  <C2>47.64100000897703</C2>
                </COORD>
                <COORD>
                  <C1>8.475000008244015</C1>
                  <C2>47.64100000897759</C2>
                </COORD>
                <COORD>
                  <C1>8.475000008244333</C1>
                  <C2>47.6400000089772</C2>
                </COORD>
                <COORD>
                  <C1>8.473000008242087</C1>
                  <C2>47.6410000089782</C2>
                </COORD>
                <COORD>
                  <C1>8.472000008241118</C1>
                  <C2>47.64100000897845</C2>
                </COORD>
                <COORD>
                  <C1>8.471000008240155</C1>
                  <C2>47.64100000897874</C2>
                </COORD>
                <COORD>
                  <C1>8.470000008238873</C1>
                  <C2>47.64200000897943</C2>
                </COORD>
                <COORD>
                  <C1>8.47000000823855</C1>
                  <C2>47.64300000897985</C2>
                </COORD>
                <COORD>
                  <C1>8.469000008237588</C1>
                  <C2>47.64300000898012</C2>
                </COORD>
                <COORD>
                  <C1>8.468000008236302</C1>
                  <C2>47.64400000898077</C2>
                </COORD>
                <COORD>
                  <C1>8.46700000823502</C1>
                  <C2>47.64500000898146</C2>
                </COORD>
                <COORD>
                  <C1>8.467000008234699</C1>
                  <C2>47.64600000898183</C2>
                </COORD>
                <COORD>
                  <C1>8.466000008233408</C1>
                  <C2>47.64700000898254</C2>
                </COORD>
                <COORD>
                  <C1>8.466000008233094</C1>
                  <C2>47.64800000898291</C2>
                </COORD>
                <COORD>
                  <C1>8.466000008232768</C1>
                  <C2>47.6490000089833</C2>
                </COORD>
                <COORD>
                  <C1>8.465000008231488</C1>
                  <C2>47.650000008983994</C2>
                </COORD>
                <COORD>
                  <C1>8.465000008231167</C1>
                  <C2>47.651000008984354</C2>
                </COORD>
                <COORD>
                  <C1>8.466000008231807</C1>
                  <C2>47.65200000898446</C2>
                </COORD>
                <COORD>
                  <C1>8.46600000823149</C1>
                  <C2>47.65300000898484</C2>
                </COORD>
                <COORD>
                  <C1>8.46700000823182</C1>
                  <C2>47.655000008985354</C2>
                </COORD>
                <COORD>
                  <C1>8.467000008231496</C1>
                  <C2>47.65600000898572</C2>
                </COORD>
                <COORD>
                  <C1>8.46800000823214</C1>
                  <C2>47.65700000898579</C2>
                </COORD>
                <COORD>
                  <C1>8.468000008231817</C1>
                  <C2>47.6580000089862</C2>
                </COORD>
                <COORD>
                  <C1>8.467000008230535</C1>
                  <C2>47.65900000898693</C2>
                </COORD>
                <COORD>
                  <C1>8.465000008228925</C1>
                  <C2>47.658000008987074</C2>
                </COORD>
                <COORD>
                  <C1>8.464000008227963</C1>
                  <C2>47.658000008987386</C2>
                </COORD>
                <COORD>
                  <C1>8.462000008226353</C1>
                  <C2>47.65700000898756</C2>
                </COORD>
                <COORD>
                  <C1>8.461000008225705</C1>
                  <C2>47.656000008987455</C2>
                </COORD>
                <COORD>
                  <C1>8.459000008224095</C1>
                  <C2>47.65500000898765</C2>
                </COORD>
                <COORD>
                  <C1>8.45800000822313</C1>
                  <C2>47.655000008987926</C2>
                </COORD>
                <COORD>
                  <C1>8.45600000822088</C1>
                  <C2>47.656000008988954</C2>
                </COORD>
                <COORD>
                  <C1>8.4550000082196</C1>
                  <C2>47.65700000898959</C2>
                </COORD>
                <COORD>
                  <C1>8.453000008217666</C1>
                  <C2>47.65700000899017</C2>
                </COORD>
                <COORD>
                  <C1>8.4520000082167</C1>
                  <C2>47.657000008990444</C2>
                </COORD>
                <COORD>
                  <C1>8.450000008214767</C1>
                  <C2>47.657000008991</C2>
                </COORD>
                <COORD>
                  <C1>8.448000008213157</C1>
                  <C2>47.656000008991235</C2>
                </COORD>
                <COORD>
                  <C1>8.446000008211223</C1>
                  <C2>47.65600000899181</C2>
                </COORD>
                <COORD>
                  <C1>8.44400000820897</C1>
                  <C2>47.65700000899276</C2>
                </COORD>
                <COORD>
                  <C1>8.443000008207681</C1>
                  <C2>47.65800000899348</C2>
                </COORD>
                <COORD>
                  <C1>8.44200000820672</C1>
                  <C2>47.65800000899373</C2>
                </COORD>
                <COORD>
                  <C1>8.44100000820575</C1>
                  <C2>47.65800000899401</C2>
                </COORD>
                <COORD>
                  <C1>8.440000008204466</C1>
                  <C2>47.6590000089947</C2>
                </COORD>
                <COORD>
                  <C1>8.438000008202534</C1>
                  <C2>47.659000008995314</C2>
                </COORD>
                <COORD>
                  <C1>8.437000008201245</C1>
                  <C2>47.66000000899596</C2>
                </COORD>
                <COORD>
                  <C1>8.436000008199963</C1>
                  <C2>47.66100000899665</C2>
                </COORD>
                <COORD>
                  <C1>8.434000008197389</C1>
                  <C2>47.66300000899799</C2>
                </COORD>
                <COORD>
                  <C1>8.433000008196103</C1>
                  <C2>47.664000008998705</C2>
                </COORD>
                <COORD>
                  <C1>8.43100000819385</C1>
                  <C2>47.665000008999606</C2>
                </COORD>
                <COORD>
                  <C1>8.430000008192563</C1>
                  <C2>47.66600000900031</C2>
                </COORD>
                <COORD>
                  <C1>8.429000008191595</C1>
                  <C2>47.66600000900058</C2>
                </COORD>
                <COORD>
                  <C1>8.428000008190311</C1>
                  <C2>47.66700000900125</C2>
                </COORD>
                <COORD>
                  <C1>8.427000008189342</C1>
                  <C2>47.66700000900153</C2>
                </COORD>
                <COORD>
                  <C1>8.42600000818806</C1>
                  <C2>47.66800000900224</C2>
                </COORD>
                <COORD>
                  <C1>8.425000008186773</C1>
                  <C2>47.669000009002886</C2>
                </COORD>
                <COORD>
                  <C1>8.423000008184836</C1>
                  <C2>47.669000009003454</C2>
                </COORD>
                <COORD>
                  <C1>8.421000008182903</C1>
                  <C2>47.669000009004044</C2>
                </COORD>
                <COORD>
                  <C1>8.41800000818032</C1>
                  <C2>47.668000009004544</C2>
                </COORD>
                <COORD>
                  <C1>8.416000008178383</C1>
                  <C2>47.668000009005105</C2>
                </COORD>
                <COORD>
                  <C1>8.414000008176446</C1>
                  <C2>47.6680000090057</C2>
                </COORD>
                <COORD>
                  <C1>8.41300000817548</C1>
                  <C2>47.668000009005965</C2>
                </COORD>
                <COORD>
                  <C1>8.41300000817516</C1>
                  <C2>47.669000009006346</C2>
                </COORD>
                <COORD>
                  <C1>8.412000008173875</C1>
                  <C2>47.67000000900704</C2>
                </COORD>
                <COORD>
                  <C1>8.411000008172584</C1>
                  <C2>47.67100000900773</C2>
                </COORD>
                <COORD>
                  <C1>8.4100000081713</C1>
                  <C2>47.67200000900838</C2>
                </COORD>
                <COORD>
                  <C1>8.409000008169697</C1>
                  <C2>47.67400000900941</C2>
                </COORD>
                <COORD>
                  <C1>8.408000008168726</C1>
                  <C2>47.67400000900971</C2>
                </COORD>
                <COORD>
                  <C1>8.407000008167442</C1>
                  <C2>47.675000009010404</C2>
                </COORD>
                <COORD>
                  <C1>8.40700000816712</C1>
                  <C2>47.67600000901078</C2>
                </COORD>
                <COORD>
                  <C1>8.407000008166799</C1>
                  <C2>47.67700000901115</C2>
                </COORD>
                <COORD>
                  <C1>8.407000008166483</C1>
                  <C2>47.678000009011555</C2>
                </COORD>
                <COORD>
                  <C1>8.40800000816713</C1>
                  <C2>47.67900000901164</C2>
                </COORD>
                <COORD>
                  <C1>8.409000008167785</C1>
                  <C2>47.680000009011756</C2>
                </COORD>
                <COORD>
                  <C1>8.41000000816843</C1>
                  <C2>47.681000009011846</C2>
                </COORD>
                <COORD>
                  <C1>8.411000008169397</C1>
                  <C2>47.681000009011555</C2>
                </COORD>
                <COORD>
                  <C1>8.412000008170367</C1>
                  <C2>47.681000009011285</C2>
                </COORD>
                <COORD>
                  <C1>8.414000008172302</C1>
                  <C2>47.68100000901069</C2>
                </COORD>
                <COORD>
                  <C1>8.416000008173917</C1>
                  <C2>47.682000009010494</C2>
                </COORD>
                <COORD>
                  <C1>8.417000008174883</C1>
                  <C2>47.6820000090102</C2>
                </COORD>
                <COORD>
                  <C1>8.418000008175852</C1>
                  <C2>47.682000009009926</C2>
                </COORD>
                <COORD>
                  <C1>8.4190000081765</C1>
                  <C2>47.683000009010065</C2>
                </COORD>
                <COORD>
                  <C1>8.419000008175862</C1>
                  <C2>47.685000009010786</C2>
                </COORD>
                <COORD>
                  <C1>8.421000008177796</C1>
                  <C2>47.68500000901022</C2>
                </COORD>
                <COORD>
                  <C1>8.422000008178442</C1>
                  <C2>47.686000009010336</C2>
                </COORD>
                <COORD>
                  <C1>8.421000008177156</C1>
                  <C2>47.687000009010966</C2>
                </COORD>
                <COORD>
                  <C1>8.420000008175865</C1>
                  <C2>47.68800000901163</C2>
                </COORD>
                <COORD>
                  <C1>8.42000000817555</C1>
                  <C2>47.68900000901205</C2>
                </COORD>
                <COORD>
                  <C1>8.419000008174262</C1>
                  <C2>47.690000009012714</C2>
                </COORD>
                <COORD>
                  <C1>8.41800000817266</C1>
                  <C2>47.69200000901373</C2>
                </COORD>
                <COORD>
                  <C1>8.4160000081704</C1>
                  <C2>47.69300000901468</C2>
                </COORD>
                <COORD>
                  <C1>8.415000008169114</C1>
                  <C2>47.6940000090154</C2>
                </COORD>
                <COORD>
                  <C1>8.414000008167505</C1>
                  <C2>47.696000009016444</C2>
                </COORD>
                <COORD>
                  <C1>8.413000008166543</C1>
                  <C2>47.69600000901675</C2>
                </COORD>
                <COORD>
                  <C1>8.412000008165256</C1>
                  <C2>47.69700000901738</C2>
                </COORD>
                <COORD>
                  <C1>8.410000008163319</C1>
                  <C2>47.69700000901798</C2>
                </COORD>
                <COORD>
                  <C1>8.409000008162034</C1>
                  <C2>47.698000009018614</C2>
                </COORD>
                <COORD>
                  <C1>8.408000008161066</C1>
                  <C2>47.69800000901893</C2>
                </COORD>
                <COORD>
                  <C1>8.40700000815978</C1>
                  <C2>47.69900000901959</C2>
                </COORD>
                <COORD>
                  <C1>8.406000008158495</C1>
                  <C2>47.70000000902027</C2>
                </COORD>
                <COORD>
                  <C1>8.407000008159141</C1>
                  <C2>47.70100000902037</C2>
                </COORD>
                <COORD>
                  <C1>8.408000008159785</C1>
                  <C2>47.702000009020445</C2>
                </COORD>
                <COORD>
                  <C1>8.408000008159467</C1>
                  <C2>47.70300000902082</C2>
                </COORD>
                <COORD>
                  <C1>8.409000008160115</C1>
                  <C2>47.70400000902096</C2>
                </COORD>
                <COORD>
                  <C1>8.411000008161725</C1>
                  <C2>47.705000009020715</C2>
                </COORD>
                <COORD>
                  <C1>8.412000008162373</C1>
                  <C2>47.70600000902083</C2>
                </COORD>
                <COORD>
                  <C1>8.414000008163985</C1>
                  <C2>47.70700000902064</C2>
                </COORD>
                <COORD>
                  <C1>8.415000008164313</C1>
                  <C2>47.70900000902112</C2>
                </COORD>
                <COORD>
                  <C1>8.416000008164957</C1>
                  <C2>47.71000000902121</C2>
                </COORD>
                <COORD>
                  <C1>8.417000008165596</C1>
                  <C2>47.71100000902126</C2>
                </COORD>
                <COORD>
                  <C1>8.418000008166244</C1>
                  <C2>47.7120000090214</C2>
                </COORD>
                <COORD>
                  <C1>8.41900000816721</C1>
                  <C2>47.71200000902109</C2>
                </COORD>
                <COORD>
                  <C1>8.420000008168175</C1>
                  <C2>47.712000009020805</C2>
                </COORD>
                <COORD>
                  <C1>8.421000008169143</C1>
                  <C2>47.71200000902053</C2>
                </COORD>
                <COORD>
                  <C1>8.423000008171073</C1>
                  <C2>47.712000009019945</C2>
                </COORD>
                <COORD>
                  <C1>8.424000008171719</C1>
                  <C2>47.713000009020014</C2>
                </COORD>
                <COORD>
                  <C1>8.425000008172683</C1>
                  <C2>47.7130000090197</C2>
                </COORD>
                <COORD>
                  <C1>8.426000008173327</C1>
                  <C2>47.71400000901982</C2>
                </COORD>
                <COORD>
                  <C1>8.427000008174613</C1>
                  <C2>47.713000009019154</C2>
                </COORD>
                <COORD>
                  <C1>8.42800000817526</C1>
                  <C2>47.71400000901924</C2>
                </COORD>
                <COORD>
                  <C1>8.430000008176865</C1>
                  <C2>47.71500000901905</C2>
                </COORD>
                <COORD>
                  <C1>8.431000008177506</C1>
                  <C2>47.71600000901914</C2>
                </COORD>
                <COORD>
                  <C1>8.432000008178473</C1>
                  <C2>47.71600000901887</C2>
                </COORD>
                <COORD>
                  <C1>8.433000008179116</C1>
                  <C2>47.71700000901892</C2>
                </COORD>
                <COORD>
                  <C1>8.434000008179758</C1>
                  <C2>47.71800000901902</C2>
                </COORD>
                <COORD>
                  <C1>8.43500000818072</C1>
                  <C2>47.718000009018745</C2>
                </COORD>
                <COORD>
                  <C1>8.436000008181367</C1>
                  <C2>47.71900000901885</C2>
                </COORD>
                <COORD>
                  <C1>8.436000008181042</C1>
                  <C2>47.72000000901919</C2>
                </COORD>
                <COORD>
                  <C1>8.438000008182973</C1>
                  <C2>47.7200000090186</C2>
                </COORD>
                <COORD>
                  <C1>8.439000008183612</C1>
                  <C2>47.721000009018745</C2>
                </COORD>
                <COORD>
                  <C1>8.441000008185865</C1>
                  <C2>47.72000000901774</C2>
                </COORD>
                <COORD>
                  <C1>8.442000008186826</C1>
                  <C2>47.72000000901747</C2>
                </COORD>
                <COORD>
                  <C1>8.443000008187791</C1>
                  <C2>47.72000000901716</C2>
                </COORD>
                <COORD>
                  <C1>8.443000008187466</C1>
                  <C2>47.72100000901754</C2>
                </COORD>
                <COORD>
                  <C1>8.442000008186504</C1>
                  <C2>47.72100000901785</C2>
                </COORD>
                <COORD>
                  <C1>8.441000008185215</C1>
                  <C2>47.72200000901854</C2>
                </COORD>
                <COORD>
                  <C1>8.44200000818586</C1>
                  <C2>47.723000009018605</C2>
                </COORD>
                <COORD>
                  <C1>8.443000008186823</C1>
                  <C2>47.72300000901833</C2>
                </COORD>
                <COORD>
                  <C1>8.444000008187464</C1>
                  <C2>47.72400000901839</C2>
                </COORD>
                <COORD>
                  <C1>8.446000008189065</C1>
                  <C2>47.72500000901822</C2>
                </COORD>
                <COORD>
                  <C1>8.447000008190027</C1>
                  <C2>47.72500000901793</C2>
                </COORD>
                <COORD>
                  <C1>8.449000008191955</C1>
                  <C2>47.725000009017336</C2>
                </COORD>
                <COORD>
                  <C1>8.45100000819388</C1>
                  <C2>47.72500000901674</C2>
                </COORD>
                <COORD>
                  <C1>8.452000008194844</C1>
                  <C2>47.72500000901643</C2>
                </COORD>
                <COORD>
                  <C1>8.453000008195806</C1>
                  <C2>47.72500000901619</C2>
                </COORD>
                <COORD>
                  <C1>8.454000008196768</C1>
                  <C2>47.72500000901589</C2>
                </COORD>
                <COORD>
                  <C1>8.455000008197732</C1>
                  <C2>47.72500000901558</C2>
                </COORD>
                <COORD>
                  <C1>8.456000008199016</C1>
                  <C2>47.724000009014915</C2>
                </COORD>
                <COORD>
                  <C1>8.456000008198693</C1>
                  <C2>47.72500000901529</C2>
                </COORD>
                <COORD>
                  <C1>8.455000008197407</C1>
                  <C2>47.726000009015976</C2>
                </COORD>
                <COORD>
                  <C1>8.456000008198048</C1>
                  <C2>47.72700000901605</C2>
                </COORD>
                <COORD>
                  <C1>8.456000008197723</C1>
                  <C2>47.72800000901641</C2>
                </COORD>
                <COORD>
                  <C1>8.456000008197398</C1>
                  <C2>47.72900000901683</C2>
                </COORD>
                <COORD>
                  <C1>8.45700000819804</C1>
                  <C2>47.7300000090169</C2>
                </COORD>
                <COORD>
                  <C1>8.45800000819868</C1>
                  <C2>47.731000009016974</C2>
                </COORD>
                <COORD>
                  <C1>8.458000008198352</C1>
                  <C2>47.732000009017334</C2>
                </COORD>
                <COORD>
                  <C1>8.45700000819707</C1>
                  <C2>47.73300000901803</C2>
                </COORD>
                <COORD>
                  <C1>8.456000008196428</C1>
                  <C2>47.732000009017945</C2>
                </COORD>
                <COORD>
                  <C1>8.455000008195467</C1>
                  <C2>47.732000009018215</C2>
                </COORD>
                <COORD>
                  <C1>8.454000008194182</C1>
                  <C2>47.733000009018866</C2>
                </COORD>
                <COORD>
                  <C1>8.453000008192895</C1>
                  <C2>47.73400000901955</C2>
                </COORD>
                <COORD>
                  <C1>8.452000008191611</C1>
                  <C2>47.73500000902023</C2>
                </COORD>
                <COORD>
                  <C1>8.452000008191286</C1>
                  <C2>47.73600000902061</C2>
                </COORD>
                <COORD>
                  <C1>8.452000008190964</C1>
                  <C2>47.737000009020974</C2>
                </COORD>
                <COORD>
                  <C1>8.451000008189679</C1>
                  <C2>47.73800000902164</C2>
                </COORD>
                <COORD>
                  <C1>8.451000008189355</C1>
                  <C2>47.73900000902199</C2>
                </COORD>
                <COORD>
                  <C1>8.45100000818903</C1>
                  <C2>47.7400000090224</C2>
                </COORD>
                <COORD>
                  <C1>8.451000008188704</C1>
                  <C2>47.74100000902276</C2>
                </COORD>
                <COORD>
                  <C1>8.452000008189344</C1>
                  <C2>47.74200000902288</C2>
                </COORD>
                <COORD>
                  <C1>8.453000008189981</C1>
                  <C2>47.74300000902297</C2>
                </COORD>
                <COORD>
                  <C1>8.45400000819062</C1>
                  <C2>47.744000009023026</C2>
                </COORD>
                <COORD>
                  <C1>8.45600000819254</C1>
                  <C2>47.744000009022436</C2>
                </COORD>
                <COORD>
                  <C1>8.45700000819318</C1>
                  <C2>47.74500000902252</C2>
                </COORD>
                <COORD>
                  <C1>8.457000008192855</C1>
                  <C2>47.7460000090229</C2>
                </COORD>
                <COORD>
                  <C1>8.457000008192532</C1>
                  <C2>47.74700000902328</C2>
                </COORD>
                <COORD>
                  <C1>8.458000008193165</C1>
                  <C2>47.74800000902331</C2>
                </COORD>
                <COORD>
                  <C1>8.457000008191882</C1>
                  <C2>47.749000009024016</C2>
                </COORD>
                <COORD>
                  <C1>8.457000008191557</C1>
                  <C2>47.75000000902442</C2>
                </COORD>
                <COORD>
                  <C1>8.457000008191232</C1>
                  <C2>47.751000009024764</C2>
                </COORD>
                <COORD>
                  <C1>8.458000008192192</C1>
                  <C2>47.75100000902447</C2>
                </COORD>
                <COORD>
                  <C1>8.45800000819187</C1>
                  <C2>47.752000009024854</C2>
                </COORD>
                <COORD>
                  <C1>8.459000008192826</C1>
                  <C2>47.75200000902455</C2>
                </COORD>
                <COORD>
                  <C1>8.460000008193468</C1>
                  <C2>47.753000009024625</C2>
                </COORD>
                <COORD>
                  <C1>8.462000008195385</C1>
                  <C2>47.753000009024056</C2>
                </COORD>
                <COORD>
                  <C1>8.463000008196348</C1>
                  <C2>47.75300000902377</C2>
                </COORD>
                <COORD>
                  <C1>8.46400000819731</C1>
                  <C2>47.75300000902343</C2>
                </COORD>
                <COORD>
                  <C1>8.464000008196983</C1>
                  <C2>47.754000009023834</C2>
                </COORD>
                <COORD>
                  <C1>8.466000008198577</C1>
                  <C2>47.755000009023654</C2>
                </COORD>
                <COORD>
                  <C1>8.46700000819954</C1>
                  <C2>47.75500000902334</C2>
                </COORD>
                <COORD>
                  <C1>8.468000008200175</C1>
                  <C2>47.75600000902345</C2>
                </COORD>
                <COORD>
                  <C1>8.468000008199848</C1>
                  <C2>47.757000009023805</C2>
                </COORD>
                <COORD>
                  <C1>8.469000008200808</C1>
                  <C2>47.75700000902351</C2>
                </COORD>
                <COORD>
                  <C1>8.469000008200155</C1>
                  <C2>47.75900000902427</C2>
                </COORD>
                <COORD>
                  <C1>8.470000008200792</C1>
                  <C2>47.76000000902433</C2>
                </COORD>
                <COORD>
                  <C1>8.470000008200468</C1>
                  <C2>47.761000009024706</C2>
                </COORD>
                <COORD>
                  <C1>8.471000008201102</C1>
                  <C2>47.76200000902478</C2>
                </COORD>
                <COORD>
                  <C1>8.471000008200775</C1>
                  <C2>47.76300000902515</C2>
                </COORD>
                <COORD>
                  <C1>8.472000008201734</C1>
                  <C2>47.76300000902485</C2>
                </COORD>
                <COORD>
                  <C1>8.472000008201405</C1>
                  <C2>47.764000009025224</C2>
                </COORD>
                <COORD>
                  <C1>8.474000008203001</C1>
                  <C2>47.765000009024995</C2>
                </COORD>
                <COORD>
                  <C1>8.474000008202673</C1>
                  <C2>47.76600000902539</C2>
                </COORD>
                <COORD>
                  <C1>8.475000008203631</C1>
                  <C2>47.76600000902509</C2>
                </COORD>
                <COORD>
                  <C1>8.475000008203303</C1>
                  <C2>47.767000009025466</C2>
                </COORD>
                <COORD>
                  <C1>8.477000008205222</C1>
                  <C2>47.76700000902487</C2>
                </COORD>
                <COORD>
                  <C1>8.478000008205857</C1>
                  <C2>47.76800000902497</C2>
                </COORD>
                <COORD>
                  <C1>8.479000008206812</C1>
                  <C2>47.76800000902468</C2>
                </COORD>
                <COORD>
                  <C1>8.480000008207448</C1>
                  <C2>47.76900000902476</C2>
                </COORD>
                <COORD>
                  <C1>8.481000008208406</C1>
                  <C2>47.76900000902447</C2>
                </COORD>
                <COORD>
                  <C1>8.48100000820808</C1>
                  <C2>47.77000000902486</C2>
                </COORD>
                <COORD>
                  <C1>8.482000008209038</C1>
                  <C2>47.770000009024564</C2>
                </COORD>
                <COORD>
                  <C1>8.483000008209995</C1>
                  <C2>47.77000000902424</C2>
                </COORD>
                <COORD>
                  <C1>8.483000008209668</C1>
                  <C2>47.77100000902462</C2>
                </COORD>
                <COORD>
                  <C1>8.484000008210302</C1>
                  <C2>47.77200000902471</C2>
                </COORD>
                <COORD>
                  <C1>8.485000008210934</C1>
                  <C2>47.77300000902482</C2>
                </COORD>
                <COORD>
                  <C1>8.486000008211892</C1>
                  <C2>47.773000009024464</C2>
                </COORD>
                <COORD>
                  <C1>8.488000008213477</C1>
                  <C2>47.77400000902425</C2>
                </COORD>
                <COORD>
                  <C1>8.490000008215068</C1>
                  <C2>47.77500000902407</C2>
                </COORD>
                <COORD>
                  <C1>8.491000008216027</C1>
                  <C2>47.77500000902377</C2>
                </COORD>
                <COORD>
                  <C1>8.491000008216352</C1>
                  <C2>47.77400000902336</C2>
                </COORD>
                <COORD>
                  <C1>8.492000008217309</C1>
                  <C2>47.774000009023105</C2>
                </COORD>
                <COORD>
                  <C1>8.493000008218269</C1>
                  <C2>47.7740000090228</C2>
                </COORD>
                <COORD>
                  <C1>8.494000008219553</C1>
                  <C2>47.773000009022155</C2>
                </COORD>
                <COORD>
                  <C1>8.49500000822051</C1>
                  <C2>47.773000009021835</C2>
                </COORD>
                <COORD>
                  <C1>8.496000008221467</C1>
                  <C2>47.77300000902157</C2>
                </COORD>
                <COORD>
                  <C1>8.498000008223377</C1>
                  <C2>47.77300000902098</C2>
                </COORD>
                <COORD>
                  <C1>8.499000008224009</C1>
                  <C2>47.77400000902108</C2>
                </COORD>
                <COORD>
                  <C1>8.502000008226553</C1>
                  <C2>47.775000009020545</C2>
                </COORD>
                <COORD>
                  <C1>8.503000008227179</C1>
                  <C2>47.776000009020635</C2>
                </COORD>
                <COORD>
                  <C1>8.505000008229421</C1>
                  <C2>47.77500000901968</C2>
                </COORD>
                <COORD>
                  <C1>8.505000008229095</C1>
                  <C2>47.776000009020045</C2>
                </COORD>
                <COORD>
                  <C1>8.50600000823005</C1>
                  <C2>47.77600000901974</C2>
                </COORD>
                <COORD>
                  <C1>8.508000008231964</C1>
                  <C2>47.776000009019185</C2>
                </COORD>
                <COORD>
                  <C1>8.510000008233876</C1>
                  <C2>47.776000009018595</C2>
                </COORD>
                <COORD>
                  <C1>8.511000008234502</C1>
                  <C2>47.777000009018664</C2>
                </COORD>
                <COORD>
                  <C1>8.511000008234175</C1>
                  <C2>47.77800000901904</C2>
                </COORD>
                <COORD>
                  <C1>8.513000008236089</C1>
                  <C2>47.778000009018434</C2>
                </COORD>
                <COORD>
                  <C1>8.514000008237373</C1>
                  <C2>47.777000009017804</C2>
                </COORD>
                <COORD>
                  <C1>8.51600000823961</C1>
                  <C2>47.77600000901682</C2>
                </COORD>
                <COORD>
                  <C1>8.51800000824185</C1>
                  <C2>47.77500000901593</C2>
                </COORD>
                <COORD>
                  <C1>8.519000008243134</C1>
                  <C2>47.774000009015154</C2>
                </COORD>
                <COORD>
                  <C1>8.519000008243463</C1>
                  <C2>47.77300000901481</C2>
                </COORD>
                <COORD>
                  <C1>8.521000008245373</C1>
                  <C2>47.77300000901425</C2>
                </COORD>
                <COORD>
                  <C1>8.522000008246001</C1>
                  <C2>47.774000009014316</C2>
                </COORD>
                <COORD>
                  <C1>8.5230000082463</C1>
                  <C2>47.77600000901476</C2>
                </COORD>
                <COORD>
                  <C1>8.524000008246924</C1>
                  <C2>47.77700000901489</C2>
                </COORD>
                <COORD>
                  <C1>8.52500000824755</C1>
                  <C2>47.77800000901493</C2>
                </COORD>
                <COORD>
                  <C1>8.527000008249129</C1>
                  <C2>47.7790000090147</C2>
                </COORD>
                <COORD>
                  <C1>8.528000008249755</C1>
                  <C2>47.780000009014785</C2>
                </COORD>
                <COORD>
                  <C1>8.530000008251662</C1>
                  <C2>47.780000009014174</C2>
                </COORD>
                <COORD>
                  <C1>8.53200000825357</C1>
                  <C2>47.780000009013634</C2>
                </COORD>
                <COORD>
                  <C1>8.534000008255475</C1>
                  <C2>47.78000000901302</C2>
                </COORD>
                <COORD>
                  <C1>8.535000008256107</C1>
                  <C2>47.781000009013134</C2>
                </COORD>
                <COORD>
                  <C1>8.537000008257685</C1>
                  <C2>47.782000009012876</C2>
                </COORD>
                <COORD>
                  <C1>8.539000008259588</C1>
                  <C2>47.78200000901226</C2>
                </COORD>
                <COORD>
                  <C1>8.54200000826212</C1>
                  <C2>47.78300000901176</C2>
                </COORD>
                <COORD>
                  <C1>8.543000008262743</C1>
                  <C2>47.78400000901186</C2>
                </COORD>
                <COORD>
                  <C1>8.545000008264648</C1>
                  <C2>47.78400000901128</C2>
                </COORD>
                <COORD>
                  <C1>8.547000008266226</C1>
                  <C2>47.785000009011036</C2>
                </COORD>
                <COORD>
                  <C1>8.548000008267177</C1>
                  <C2>47.78500000901077</C2>
                </COORD>
                <COORD>
                  <C1>8.550000008269082</C1>
                  <C2>47.78500000901013</C2>
                </COORD>
                <COORD>
                  <C1>8.552000008270657</C1>
                  <C2>47.78600000900993</C2>
                </COORD>
                <COORD>
                  <C1>8.55300000827161</C1>
                  <C2>47.78600000900965</C2>
                </COORD>
                <COORD>
                  <C1>8.554000008272231</C1>
                  <C2>47.787000009009724</C2>
                </COORD>
                <COORD>
                  <C1>8.556000008274466</C1>
                  <C2>47.786000009008774</C2>
                </COORD>
                <COORD>
                  <C1>8.557000008275418</C1>
                  <C2>47.78600000900849</C2>
                </COORD>
                <COORD>
                  <C1>8.558000008276704</C1>
                  <C2>47.78500000900778</C2>
                </COORD>
                <COORD>
                  <C1>8.559000008277652</C1>
                  <C2>47.78500000900747</C2>
                </COORD>
                <COORD>
                  <C1>8.560000008278935</C1>
                  <C2>47.78400000900684</C2>
                </COORD>
                <COORD>
                  <C1>8.561000008279889</C1>
                  <C2>47.78400000900657</C2>
                </COORD>
                <COORD>
                  <C1>8.562000008281167</C1>
                  <C2>47.783000009005896</C2>
                </COORD>
                <COORD>
                  <C1>8.56300000828212</C1>
                  <C2>47.783000009005605</C2>
                </COORD>
                <COORD>
                  <C1>8.564000008283404</C1>
                  <C2>47.78200000900492</C2>
                </COORD>
                <COORD>
                  <C1>8.564000008283076</C1>
                  <C2>47.783000009005306</C2>
                </COORD>
                <COORD>
                  <C1>8.56500000828436</C1>
                  <C2>47.78200000900462</C2>
                </COORD>
                <COORD>
                  <C1>8.564000008283733</C1>
                  <C2>47.781000009004565</C2>
                </COORD>
                <COORD>
                  <C1>8.564000008284067</C1>
                  <C2>47.78000000900421</C2>
                </COORD>
                <COORD>
                  <C1>8.56600000828597</C1>
                  <C2>47.78000000900364</C2>
                </COORD>
                <COORD>
                  <C1>8.567000008286922</C1>
                  <C2>47.7800000090033</C2>
                </COORD>
                <COORD>
                  <C1>8.568000008287871</C1>
                  <C2>47.780000009003025</C2>
                </COORD>
                <COORD>
                  <C1>8.569000008288496</C1>
                  <C2>47.78100000900308</C2>
                </COORD>
                <COORD>
                  <C1>8.570000008289444</C1>
                  <C2>47.78100000900278</C2>
                </COORD>
                <COORD>
                  <C1>8.571000008290397</C1>
                  <C2>47.78100000900248</C2>
                </COORD>
                <COORD>
                  <C1>8.573000008291967</C1>
                  <C2>47.78200000900226</C2>
                </COORD>
                <COORD>
                  <C1>8.57500000829387</C1>
                  <C2>47.78200000900166</C2>
                </COORD>
                <COORD>
                  <C1>8.577000008295437</C1>
                  <C2>47.783000009001455</C2>
                </COORD>
                <COORD>
                  <C1>8.578000008296058</C1>
                  <C2>47.784000009001524</C2>
                </COORD>
                <COORD>
                  <C1>8.578000008295724</C1>
                  <C2>47.7850000090019</C2>
                </COORD>
                <COORD>
                  <C1>8.577000008294776</C1>
                  <C2>47.78500000900219</C2>
                </COORD>
                <COORD>
                  <C1>8.577000008294444</C1>
                  <C2>47.786000009002585</C2>
                </COORD>
                <COORD>
                  <C1>8.577000008294112</C1>
                  <C2>47.78700000900294</C2>
                </COORD>
                <COORD>
                  <C1>8.576000008292826</C1>
                  <C2>47.78800000900358</C2>
                </COORD>
                <COORD>
                  <C1>8.576000008292496</C1>
                  <C2>47.78900000900396</C2>
                </COORD>
                <COORD>
                  <C1>8.576000008292162</C1>
                  <C2>47.790000009004316</C2>
                </COORD>
                <COORD>
                  <C1>8.576000008291834</C1>
                  <C2>47.79100000900467</C2>
                </COORD>
                <COORD>
                  <C1>8.576000008291501</C1>
                  <C2>47.792000009005065</C2>
                </COORD>
                <COORD>
                  <C1>8.575000008290548</C1>
                  <C2>47.79200000900534</C2>
                </COORD>
                <COORD>
                  <C1>8.573000008288318</C1>
                  <C2>47.79300000900632</C2>
                </COORD>
                <COORD>
                  <C1>8.572000008287366</C1>
                  <C2>47.793000009006605</C2>
                </COORD>
                <COORD>
                  <C1>8.570000008285467</C1>
                  <C2>47.79300000900721</C2>
                </COORD>
                <COORD>
                  <C1>8.568000008283231</C1>
                  <C2>47.79400000900813</C2>
                </COORD>
                <COORD>
                  <C1>8.56700000828228</C1>
                  <C2>47.79400000900844</C2>
                </COORD>
                <COORD>
                  <C1>8.56500000828038</C1>
                  <C2>47.79400000900902</C2>
                </COORD>
                <COORD>
                  <C1>8.564000008279429</C1>
                  <C2>47.794000009009295</C2>
                </COORD>
                <COORD>
                  <C1>8.563000008278479</C1>
                  <C2>47.794000009009615</C2>
                </COORD>
                <COORD>
                  <C1>8.563000008278143</C1>
                  <C2>47.79500000900998</C2>
                </COORD>
                <COORD>
                  <C1>8.563000008277815</C1>
                  <C2>47.79600000901037</C2>
                </COORD>
                <COORD>
                  <C1>8.564000008278432</C1>
                  <C2>47.79700000901043</C2>
                </COORD>
                <COORD>
                  <C1>8.564000008278102</C1>
                  <C2>47.79800000901078</C2>
                </COORD>
                <COORD>
                  <C1>8.564000008277771</C1>
                  <C2>47.799000009011166</C2>
                </COORD>
                <COORD>
                  <C1>8.563000008276484</C1>
                  <C2>47.800000009011804</C2>
                </COORD>
                <COORD>
                  <C1>8.563000008276154</C1>
                  <C2>47.80100000901219</C2>
                </COORD>
                <COORD>
                  <C1>8.564000008276773</C1>
                  <C2>47.80200000901227</C2>
                </COORD>
                <COORD>
                  <C1>8.564000008276443</C1>
                  <C2>47.80300000901261</C2>
                </COORD>
                <COORD>
                  <C1>8.56400000827611</C1>
                  <C2>47.80400000901294</C2>
                </COORD>
                <COORD>
                  <C1>8.564000008275443</C1>
                  <C2>47.806000009013715</C2>
                </COORD>
                <COORD>
                  <C1>8.565000008276067</C1>
                  <C2>47.80700000901375</C2>
                </COORD>
                <COORD>
                  <C1>8.566000008276681</C1>
                  <C2>47.80800000901383</C2>
                </COORD>
                <COORD>
                  <C1>8.567000008277295</C1>
                  <C2>47.8090000090139</C2>
                </COORD>
                <COORD>
                  <C1>8.568000008278247</C1>
                  <C2>47.8090000090136</C2>
                </COORD>
                <COORD>
                  <C1>8.569000008278866</C1>
                  <C2>47.81000000901366</C2>
                </COORD>
                <COORD>
                  <C1>8.570000008280148</C1>
                  <C2>47.80900000901302</C2>
                </COORD>
                <COORD>
                  <C1>8.571000008281434</C1>
                  <C2>47.80800000901234</C2>
                </COORD>
                <COORD>
                  <C1>8.57300000828333</C1>
                  <C2>47.80800000901175</C2>
                </COORD>
                <COORD>
                  <C1>8.574000008284282</C1>
                  <C2>47.80800000901146</C2>
                </COORD>
                <COORD>
                  <C1>8.575000008285567</C1>
                  <C2>47.80700000901084</C2>
                </COORD>
                <COORD>
                  <C1>8.576000008286845</C1>
                  <C2>47.80600000901017</C2>
                </COORD>
                <COORD>
                  <C1>8.576000008287178</C1>
                  <C2>47.805000009009795</C2>
                </COORD>
                <COORD>
                  <C1>8.576000008287512</C1>
                  <C2>47.80400000900942</C2>
                </COORD>
                <COORD>
                  <C1>8.577000008288463</C1>
                  <C2>47.80400000900912</C2>
                </COORD>
                <COORD>
                  <C1>8.576000008288178</C1>
                  <C2>47.80200000900867</C2>
                </COORD>
                <COORD>
                  <C1>8.577000008289128</C1>
                  <C2>47.8020000090084</C2>
                </COORD>
                <COORD>
                  <C1>8.57800000829008</C1>
                  <C2>47.80200000900813</C2>
                </COORD>
                <COORD>
                  <C1>8.579000008291029</C1>
                  <C2>47.80200000900784</C2>
                </COORD>
                <COORD>
                  <C1>8.581000008292925</C1>
                  <C2>47.802000009007216</C2>
                </COORD>
                <COORD>
                  <C1>8.583000008294494</C1>
                  <C2>47.80300000900699</C2>
                </COORD>
                <COORD>
                  <C1>8.58400000829544</C1>
                  <C2>47.80300000900669</C2>
                </COORD>
                <COORD>
                  <C1>8.586000008297008</C1>
                  <C2>47.80400000900645</C2>
                </COORD>
                <COORD>
                  <C1>8.588000008298899</C1>
                  <C2>47.80400000900588</C2>
                </COORD>
                <COORD>
                  <C1>8.589000008299521</C1>
                  <C2>47.805000009005944</C2>
                </COORD>
                <COORD>
                  <C1>8.590000008301136</C1>
                  <C2>47.803000009004926</C2>
                </COORD>
                <COORD>
                  <C1>8.59100000830242</C1>
                  <C2>47.80200000900426</C2>
                </COORD>
                <COORD>
                  <C1>8.593000008304315</C1>
                  <C2>47.80200000900367</C2>
                </COORD>
                <COORD>
                  <C1>8.594000008305594</C1>
                  <C2>47.80100000900303</C2>
                </COORD>
                <COORD>
                  <C1>8.595000008306545</C1>
                  <C2>47.801000009002735</C2>
                </COORD>
                <COORD>
                  <C1>8.59600000830716</C1>
                  <C2>47.802000009002754</C2>
                </COORD>
                <COORD>
                  <C1>8.598000008308723</C1>
                  <C2>47.80300000900257</C2>
                </COORD>
                <COORD>
                  <C1>8.599000008309337</C1>
                  <C2>47.80400000900265</C2>
                </COORD>
                <COORD>
                  <C1>8.602000008311844</C1>
                  <C2>47.80500000900211</C2>
                </COORD>
                <COORD>
                  <C1>8.604000008313742</C1>
                  <C2>47.805000009001525</C2>
                </COORD>
                <COORD>
                  <C1>8.60600000831564</C1>
                  <C2>47.8050000090009</C2>
                </COORD>
                <COORD>
                  <C1>8.609000008318816</C1>
                  <C2>47.804000008999694</C2>
                </COORD>
                <COORD>
                  <C1>8.611000008320708</C1>
                  <C2>47.80400000899907</C2>
                </COORD>
                <COORD>
                  <C1>8.6130000083226</C1>
                  <C2>47.80400000899851</C2>
                </COORD>
                <COORD>
                  <C1>8.615000008324829</C1>
                  <C2>47.803000008997515</C2>
                </COORD>
                <COORD>
                  <C1>8.616000008326113</C1>
                  <C2>47.802000008996856</C2>
                </COORD>
                <COORD>
                  <C1>8.617000008327059</C1>
                  <C2>47.80200000899656</C2>
                </COORD>
                <COORD>
                  <C1>8.61800000832834</C1>
                  <C2>47.80100000899591</C2>
                </COORD>
                <COORD>
                  <C1>8.620000008330571</C1>
                  <C2>47.80000000899498</C2>
                </COORD>
                <COORD>
                  <C1>8.620000008330903</C1>
                  <C2>47.79900000899462</C2>
                </COORD>
                <COORD>
                  <C1>8.619000008329953</C1>
                  <C2>47.799000008994895</C2>
                </COORD>
                <COORD>
                  <C1>8.619000008330286</C1>
                  <C2>47.79800000899451</C2>
                </COORD>
                <COORD>
                  <C1>8.620000008331237</C1>
                  <C2>47.79800000899422</C2>
                </COORD>
                <COORD>
                  <C1>8.62100000833218</C1>
                  <C2>47.79800000899393</C2>
                </COORD>
                <COORD>
                  <C1>8.623000008334413</C1>
                  <C2>47.79700000899295</C2>
                </COORD>
                <COORD>
                  <C1>8.623000008334746</C1>
                  <C2>47.79600000899262</C2>
                </COORD>
                <COORD>
                  <C1>8.622000008334133</C1>
                  <C2>47.79500000899252</C2>
                </COORD>
                <COORD>
                  <C1>8.622000008334801</C1>
                  <C2>47.79300000899182</C2>
                </COORD>
                <COORD>
                  <C1>8.622000008335137</C1>
                  <C2>47.792000008991415</C2>
                </COORD>
                <COORD>
                  <C1>8.622000008335469</C1>
                  <C2>47.79100000899105</C2>
                </COORD>
                <COORD>
                  <C1>8.621000008334859</C1>
                  <C2>47.790000008990965</C2>
                </COORD>
                <COORD>
                  <C1>8.620000008333909</C1>
                  <C2>47.790000008991264</C2>
                </COORD>
                <COORD>
                  <C1>8.619000008333295</C1>
                  <C2>47.78900000899123</C2>
                </COORD>
                <COORD>
                  <C1>8.618000008332348</C1>
                  <C2>47.78900000899152</C2>
                </COORD>
                <COORD>
                  <C1>8.617000008331402</C1>
                  <C2>47.78900000899183</C2>
                </COORD>
                <COORD>
                  <C1>8.616000008330786</C1>
                  <C2>47.78800000899176</C2>
                </COORD>
                <COORD>
                  <C1>8.616000008331124</C1>
                  <C2>47.7870000089914</C2>
                </COORD>
                <COORD>
                  <C1>8.616000008331458</C1>
                  <C2>47.786000008991046</C2>
                </COORD>
                <COORD>
                  <C1>8.617000008332738</C1>
                  <C2>47.78500000899038</C2>
                </COORD>
                <COORD>
                  <C1>8.618000008334354</C1>
                  <C2>47.78300000898931</C2>
                </COORD>
                <COORD>
                  <C1>8.619000008335629</C1>
                  <C2>47.78200000898867</C2>
                </COORD>
                <COORD>
                  <C1>8.62000000833658</C1>
                  <C2>47.782000008988376</C2>
                </COORD>
                <COORD>
                  <C1>8.620000008336914</C1>
                  <C2>47.78100000898801</C2>
                </COORD>
                <COORD>
                  <C1>8.620000008337247</C1>
                  <C2>47.78000000898764</C2>
                </COORD>
                <COORD>
                  <C1>8.621000008338193</C1>
                  <C2>47.780000008987315</C2>
                </COORD>
                <COORD>
                  <C1>8.622000008339143</C1>
                  <C2>47.78000000898705</C2>
                </COORD>
                <COORD>
                  <C1>8.623000008340089</C1>
                  <C2>47.78000000898677</C2>
                </COORD>
                <COORD>
                  <C1>8.625000008342319</C1>
                  <C2>47.779000008985804</C2>
                </COORD>
                <COORD>
                  <C1>8.624000008341705</C1>
                  <C2>47.7780000089857</C2>
                </COORD>
                <COORD>
                  <C1>8.623000008341089</C1>
                  <C2>47.77700000898563</C2>
                </COORD>
                <COORD>
                  <C1>8.623000008341423</C1>
                  <C2>47.776000008985264</C2>
                </COORD>
                <COORD>
                  <C1>8.623000008341755</C1>
                  <C2>47.77500000898491</C2>
                </COORD>
                <COORD>
                  <C1>8.622000008341145</C1>
                  <C2>47.774000008984856</C2>
                </COORD>
                <COORD>
                  <C1>8.621000008340527</C1>
                  <C2>47.77300000898475</C2>
                </COORD>
                <COORD>
                  <C1>8.62100000834086</C1>
                  <C2>47.77200000898441</C2>
                </COORD>
                <COORD>
                  <C1>8.621000008341197</C1>
                  <C2>47.77100000898405</C2>
                </COORD>
                <COORD>
                  <C1>8.621000008341523</C1>
                  <C2>47.77000000898365</C2>
                </COORD>
                <COORD>
                  <C1>8.62100000834186</C1>
                  <C2>47.769000008983284</C2>
                </COORD>
                <COORD>
                  <C1>8.623000008344087</C1>
                  <C2>47.768000008982305</C2>
                </COORD>
                <COORD>
                  <C1>8.624000008345371</C1>
                  <C2>47.76700000898166</C2>
                </COORD>
                <COORD>
                  <C1>8.626000008347598</C1>
                  <C2>47.76600000898071</C2>
                </COORD>
                <COORD>
                  <C1>8.627000008348881</C1>
                  <C2>47.765000008980046</C2>
                </COORD>
                <COORD>
                  <C1>8.627000008349212</C1>
                  <C2>47.764000008979686</C2>
                </COORD>
                <COORD>
                  <C1>8.628000008350487</C1>
                  <C2>47.76300000897902</C2>
                </COORD>
                <COORD>
                  <C1>8.629000008352103</C1>
                  <C2>47.761000008977945</C2>
                </COORD>
                <COORD>
                  <C1>8.631000008354002</C1>
                  <C2>47.76100000897736</C2>
                </COORD>
                <COORD>
                  <C1>8.633000008356229</C1>
                  <C2>47.760000008976434</C2>
                </COORD>
                <COORD>
                  <C1>8.634000008356509</C1>
                  <C2>47.762000008976834</C2>
                </COORD>
                <COORD>
                  <C1>8.635000008357457</C1>
                  <C2>47.762000008976536</C2>
                </COORD>
                <COORD>
                  <C1>8.636000008358073</C1>
                  <C2>47.76300000897663</C2>
                </COORD>
                <COORD>
                  <C1>8.637000008358685</C1>
                  <C2>47.7640000089767</C2>
                </COORD>
                <COORD>
                  <C1>8.638000008359633</C1>
                  <C2>47.76400000897639</C2>
                </COORD>
                <COORD>
                  <C1>8.639000008360245</C1>
                  <C2>47.76500000897651</C2>
                </COORD>
                <COORD>
                  <C1>8.64000000836119</C1>
                  <C2>47.76500000897616</C2>
                </COORD>
                <COORD>
                  <C1>8.642000008362752</C1>
                  <C2>47.766000008975944</C2>
                </COORD>
                <COORD>
                  <C1>8.642000008362414</C1>
                  <C2>47.76700000897631</C2>
                </COORD>
                <COORD>
                  <C1>8.643000008363368</C1>
                  <C2>47.767000008976005</C2>
                </COORD>
                <COORD>
                  <C1>8.644000008364312</C1>
                  <C2>47.76700000897574</C2>
                </COORD>
                <COORD>
                  <C1>8.646000008366533</C1>
                  <C2>47.766000008974764</C2>
                </COORD>
                <COORD>
                  <C1>8.646000008366201</C1>
                  <C2>47.767000008975096</C2>
                </COORD>
                <COORD>
                  <C1>8.647000008366813</C1>
                  <C2>47.7680000089752</C2>
                </COORD>
                <COORD>
                  <C1>8.648000008367761</C1>
                  <C2>47.76800000897486</C2>
                </COORD>
                <COORD>
                  <C1>8.649000008368368</C1>
                  <C2>47.769000008975006</C2>
                </COORD>
                <COORD>
                  <C1>8.648000008367426</C1>
                  <C2>47.76900000897532</C2>
                </COORD>
                <COORD>
                  <C1>8.647000008366147</C1>
                  <C2>47.77000000897593</C2>
                </COORD>
                <COORD>
                  <C1>8.646000008364865</C1>
                  <C2>47.7710000089766</C2>
                </COORD>
                <COORD>
                  <C1>8.649000008367363</C1>
                  <C2>47.77200000897605</C2>
                </COORD>
                <COORD>
                  <C1>8.650000008368316</C1>
                  <C2>47.77200000897574</C2>
                </COORD>
                <COORD>
                  <C1>8.652000008369871</C1>
                  <C2>47.77300000897556</C2>
                </COORD>
                <COORD>
                  <C1>8.653000008370485</C1>
                  <C2>47.77400000897561</C2>
                </COORD>
                <COORD>
                  <C1>8.653000008370146</C1>
                  <C2>47.77500000897597</C2>
                </COORD>
                <COORD>
                  <C1>8.654000008371094</C1>
                  <C2>47.77500000897569</C2>
                </COORD>
                <COORD>
                  <C1>8.653000008369812</C1>
                  <C2>47.77600000897635</C2>
                </COORD>
                <COORD>
                  <C1>8.65200000836887</C1>
                  <C2>47.77600000897662</C2>
                </COORD>
                <COORD>
                  <C1>8.651000008367921</C1>
                  <C2>47.776000008976965</C2>
                </COORD>
                <COORD>
                  <C1>8.65000000836698</C1>
                  <C2>47.776000008977284</C2>
                </COORD>
                <COORD>
                  <C1>8.64900000836603</C1>
                  <C2>47.776000008977526</C2>
                </COORD>
                <COORD>
                  <C1>8.649000008365693</C1>
                  <C2>47.77700000897792</C2>
                </COORD>
                <COORD>
                  <C1>8.64900000836536</C1>
                  <C2>47.77800000897827</C2>
                </COORD>
                <COORD>
                  <C1>8.650000008365641</C1>
                  <C2>47.780000008978725</C2>
                </COORD>
                <COORD>
                  <C1>8.65100000836625</C1>
                  <C2>47.78100000897878</C2>
                </COORD>
                <COORD>
                  <C1>8.651000008365914</C1>
                  <C2>47.78200000897913</C2>
                </COORD>
                <COORD>
                  <C1>8.65100000836558</C1>
                  <C2>47.78300000897952</C2>
                </COORD>
                <COORD>
                  <C1>8.651000008365244</C1>
                  <C2>47.78400000897989</C2>
                </COORD>
                <COORD>
                  <C1>8.651000008364909</C1>
                  <C2>47.78500000898026</C2>
                </COORD>
                <COORD>
                  <C1>8.650000008363628</C1>
                  <C2>47.78600000898089</C2>
                </COORD>
                <COORD>
                  <C1>8.649000008362343</C1>
                  <C2>47.787000008981565</C2>
                </COORD>
                <COORD>
                  <C1>8.64800000836107</C1>
                  <C2>47.78800000898226</C2>
                </COORD>
                <COORD>
                  <C1>8.647000008359788</C1>
                  <C2>47.78900000898291</C2>
                </COORD>
                <COORD>
                  <C1>8.647000008359452</C1>
                  <C2>47.79000000898328</C2>
                </COORD>
                <COORD>
                  <C1>8.647000008358782</C1>
                  <C2>47.792000008984</C2>
                </COORD>
                <COORD>
                  <C1>8.647000008358445</C1>
                  <C2>47.793000008984365</C2>
                </COORD>
                <COORD>
                  <C1>8.64700000835811</C1>
                  <C2>47.79400000898471</C2>
                </COORD>
                <COORD>
                  <C1>8.64800000835872</C1>
                  <C2>47.7950000089848</C2>
                </COORD>
                <COORD>
                  <C1>8.648000008358384</C1>
                  <C2>47.79600000898518</C2>
                </COORD>
                <COORD>
                  <C1>8.648000008358048</C1>
                  <C2>47.79700000898552</C2>
                </COORD>
                <COORD>
                  <C1>8.650000008359937</C1>
                  <C2>47.797000008984924</C2>
                </COORD>
                <COORD>
                  <C1>8.650000008359603</C1>
                  <C2>47.79800000898529</C2>
                </COORD>
                <COORD>
                  <C1>8.650000008359266</C1>
                  <C2>47.79900000898568</C2>
                </COORD>
                <COORD>
                  <C1>8.650000008358933</C1>
                  <C2>47.80000000898603</C2>
                </COORD>
                <COORD>
                  <C1>8.651000008359874</C1>
                  <C2>47.80000000898571</C2>
                </COORD>
                <COORD>
                  <C1>8.652000008360478</C1>
                  <C2>47.801000008985774</C2>
                </COORD>
                <COORD>
                  <C1>8.653000008361428</C1>
                  <C2>47.801000008985504</C2>
                </COORD>
                <COORD>
                  <C1>8.654000008362036</C1>
                  <C2>47.80200000898555</C2>
                </COORD>
                <COORD>
                  <C1>8.656000008363922</C1>
                  <C2>47.802000008984955</C2>
                </COORD>
                <COORD>
                  <C1>8.657000008364868</C1>
                  <C2>47.80200000898461</C2>
                </COORD>
                <COORD>
                  <C1>8.658000008365809</C1>
                  <C2>47.80200000898434</C2>
                </COORD>
                <COORD>
                  <C1>8.659000008367089</C1>
                  <C2>47.80100000898368</C2>
                </COORD>
                <COORD>
                  <C1>8.660000008368371</C1>
                  <C2>47.800000008983005</C2>
                </COORD>
                <COORD>
                  <C1>8.660000008368709</C1>
                  <C2>47.79900000898267</C2>
                </COORD>
                <COORD>
                  <C1>8.661000008369983</C1>
                  <C2>47.798000008981994</C2>
                </COORD>
                <COORD>
                  <C1>8.661000008370317</C1>
                  <C2>47.79700000898166</C2>
                </COORD>
                <COORD>
                  <C1>8.661000008370657</C1>
                  <C2>47.796000008981295</C2>
                </COORD>
                <COORD>
                  <C1>8.660000008370048</C1>
                  <C2>47.795000008981226</C2>
                </COORD>
                <COORD>
                  <C1>8.659000008369445</C1>
                  <C2>47.79400000898116</C2>
                </COORD>
                <COORD>
                  <C1>8.660000008370387</C1>
                  <C2>47.794000008980824</C2>
                </COORD>
                <COORD>
                  <C1>8.662000008372274</C1>
                  <C2>47.794000008980255</C2>
                </COORD>
                <COORD>
                  <C1>8.663000008373217</C1>
                  <C2>47.79400000897995</C2>
                </COORD>
                <COORD>
                  <C1>8.664000008374497</C1>
                  <C2>47.79300000897929</C2>
                </COORD>
                <COORD>
                  <C1>8.66500000837544</C1>
                  <C2>47.793000008978986</C2>
                </COORD>
                <COORD>
                  <C1>8.666000008376718</C1>
                  <C2>47.79200000897831</C2>
                </COORD>
                <COORD>
                  <C1>8.667000008377999</C1>
                  <C2>47.79100000897765</C2>
                </COORD>
                <COORD>
                  <C1>8.668000008378941</C1>
                  <C2>47.79100000897734</C2>
                </COORD>
                <COORD>
                  <C1>8.669000008380221</C1>
                  <C2>47.79000000897674</C2>
                </COORD>
                <COORD>
                  <C1>8.671000008382443</C1>
                  <C2>47.78900000897572</C2>
                </COORD>
                <COORD>
                  <C1>8.672000008383053</C1>
                  <C2>47.7900000089758</C2>
                </COORD>
                <COORD>
                  <C1>8.67400000838527</C1>
                  <C2>47.789000008974824</C2>
                </COORD>
                <COORD>
                  <C1>8.67500000838622</C1>
                  <C2>47.78900000897453</C2>
                </COORD>
                <COORD>
                  <C1>8.676000008387161</C1>
                  <C2>47.78900000897425</C2>
                </COORD>
                <COORD>
                  <C1>8.6760000083875</C1>
                  <C2>47.78800000897387</C2>
                </COORD>
                <COORD>
                  <C1>8.677000008388438</C1>
                  <C2>47.78800000897356</C2>
                </COORD>
                <COORD>
                  <C1>8.678000008389386</C1>
                  <C2>47.788000008973285</C2>
                </COORD>
                <COORD>
                  <C1>8.679000008390325</C1>
                  <C2>47.78800000897299</C2>
                </COORD>
                <COORD>
                  <C1>8.680000008390927</C1>
                  <C2>47.78900000897306</C2>
                </COORD>
                <COORD>
                  <C1>8.681000008391871</C1>
                  <C2>47.78900000897277</C2>
                </COORD>
                <COORD>
                  <C1>8.682000008392814</C1>
                  <C2>47.78900000897245</C2>
                </COORD>
                <COORD>
                  <C1>8.682000008393153</C1>
                  <C2>47.78800000897212</C2>
                </COORD>
                <COORD>
                  <C1>8.681000008392544</C1>
                  <C2>47.787000008972</C2>
                </COORD>
                <COORD>
                  <C1>8.683000008394432</C1>
                  <C2>47.787000008971425</C2>
                </COORD>
                <COORD>
                  <C1>8.68400000839571</C1>
                  <C2>47.78600000897077</C2>
                </COORD>
                <COORD>
                  <C1>8.683000008394766</C1>
                  <C2>47.78600000897107</C2>
                </COORD>
                <COORD>
                  <C1>8.683000008395105</C1>
                  <C2>47.78500000897069</C2>
                </COORD>
                <COORD>
                  <C1>8.684000008396719</C1>
                  <C2>47.7830000089697</C2>
                </COORD>
                <COORD>
                  <C1>8.684000008397055</C1>
                  <C2>47.78200000896929</C2>
                </COORD>
                <COORD>
                  <C1>8.684000008397394</C1>
                  <C2>47.78100000896893</C2>
                </COORD>
                <COORD>
                  <C1>8.684000008398062</C1>
                  <C2>47.77900000896818</C2>
                </COORD>
                <COORD>
                  <C1>8.68500000839901</C1>
                  <C2>47.779000008967905</C2>
                </COORD>
                <COORD>
                  <C1>8.685000008399344</C1>
                  <C2>47.77800000896757</C2>
                </COORD>
                <COORD>
                  <C1>8.686000008400626</C1>
                  <C2>47.77700000896689</C2>
                </COORD>
                <COORD>
                  <C1>8.68800000840251</C1>
                  <C2>47.777000008966276</C2>
                </COORD>
                <COORD>
                  <C1>8.689000008403788</C1>
                  <C2>47.77600000896561</C2>
                </COORD>
                <COORD>
                  <C1>8.690000008404729</C1>
                  <C2>47.77600000896528</C2>
                </COORD>
                <COORD>
                  <C1>8.689000008404122</C1>
                  <C2>47.775000008965236</C2>
                </COORD>
                <COORD>
                  <C1>8.688000008403517</C1>
                  <C2>47.774000008965146</C2>
                </COORD>
                <COORD>
                  <C1>8.687000008402572</C1>
                  <C2>47.774000008965466</C2>
                </COORD>
                <COORD>
                  <C1>8.685000008401026</C1>
                  <C2>47.7730000089657</C2>
                </COORD>
                <COORD>
                  <C1>8.685000008401362</C1>
                  <C2>47.77200000896531</C2>
                </COORD>
                <COORD>
                  <C1>8.68600000840298</C1>
                  <C2>47.77000000896429</C2>
                </COORD>
                <COORD>
                  <C1>8.687000008404256</C1>
                  <C2>47.769000008963665</C2>
                </COORD>
                <COORD>
                  <C1>8.688000008405535</C1>
                  <C2>47.76800000896294</C2>
                </COORD>
                <COORD>
                  <C1>8.688000008405869</C1>
                  <C2>47.767000008962576</C2>
                </COORD>
                <COORD>
                  <C1>8.688000008406206</C1>
                  <C2>47.76600000896221</C2>
                </COORD>
                <COORD>
                  <C1>8.689000008407486</C1>
                  <C2>47.76500000896156</C2>
                </COORD>
                <COORD>
                  <C1>8.68900000840782</C1>
                  <C2>47.764000008961204</C2>
                </COORD>
                <COORD>
                  <C1>8.690000008408763</C1>
                  <C2>47.76400000896089</C2>
                </COORD>
                <COORD>
                  <C1>8.690000008409099</C1>
                  <C2>47.76300000896055</C2>
                </COORD>
                <COORD>
                  <C1>8.68900000840849</C1>
                  <C2>47.76200000896046</C2>
                </COORD>
                <COORD>
                  <C1>8.689000008408826</C1>
                  <C2>47.761000008960075</C2>
                </COORD>
                <COORD>
                  <C1>8.690000008409772</C1>
                  <C2>47.76100000895978</C2>
                </COORD>
                <COORD>
                  <C1>8.690000008410108</C1>
                  <C2>47.76000000895944</C2>
                </COORD>
                <COORD>
                  <C1>8.691000008411049</C1>
                  <C2>47.76000000895911</C2>
                </COORD>
                <COORD>
                  <C1>8.693000008413268</C1>
                  <C2>47.75900000895814</C2>
                </COORD>
                <COORD>
                  <C1>8.694000008414548</C1>
                  <C2>47.758000008957474</C2>
                </COORD>
                <COORD>
                  <C1>8.695000008415489</C1>
                  <C2>47.75800000895719</C2>
                </COORD>
                <COORD>
                  <C1>8.696000008416439</C1>
                  <C2>47.75800000895692</C2>
                </COORD>
                <COORD>
                  <C1>8.697000008417376</C1>
                  <C2>47.758000008956564</C2>
                </COORD>
                <COORD>
                  <C1>8.697000008417037</C1>
                  <C2>47.75900000895693</C2>
                </COORD>
                <COORD>
                  <C1>8.698000008417985</C1>
                  <C2>47.75900000895666</C2>
                </COORD>
                <COORD>
                  <C1>8.69900000841893</C1>
                  <C2>47.75900000895634</C2>
                </COORD>
                <COORD>
                  <C1>8.700000008419533</C1>
                  <C2>47.76000000895644</C2>
                </COORD>
                <COORD>
                  <C1>8.700000008419197</C1>
                  <C2>47.76100000895679</C2>
                </COORD>
                <COORD>
                  <C1>8.700000008418858</C1>
                  <C2>47.76200000895716</C2>
                </COORD>
                <COORD>
                  <C1>8.7010000084198</C1>
                  <C2>47.762000008956846</C2>
                </COORD>
                <COORD>
                  <C1>8.702000008420745</C1>
                  <C2>47.76200000895656</C2>
                </COORD>
                <COORD>
                  <C1>8.703000008421348</C1>
                  <C2>47.76300000895663</C2>
                </COORD>
                <COORD>
                  <C1>8.703000008421686</C1>
                  <C2>47.76200000895628</C2>
                </COORD>
                <COORD>
                  <C1>8.704000008422291</C1>
                  <C2>47.76300000895631</C2>
                </COORD>
                <COORD>
                  <C1>8.705000008422896</C1>
                  <C2>47.764000008956394</C2>
                </COORD>
                <COORD>
                  <C1>8.70600000842384</C1>
                  <C2>47.76400000895611</C2>
                </COORD>
                <COORD>
                  <C1>8.707000008424446</C1>
                  <C2>47.76500000895618</C2>
                </COORD>
                <COORD>
                  <C1>8.708000008425051</C1>
                  <C2>47.76600000895625</C2>
                </COORD>
                <COORD>
                  <C1>8.711000008428211</C1>
                  <C2>47.76500000895496</C2>
                </COORD>
                <COORD>
                  <C1>8.711000008427874</C1>
                  <C2>47.76600000895532</C2>
                </COORD>
                <COORD>
                  <C1>8.713000008429418</C1>
                  <C2>47.767000008955115</C2>
                </COORD>
                <COORD>
                  <C1>8.71400000843036</C1>
                  <C2>47.76700000895479</C2>
                </COORD>
                <COORD>
                  <C1>8.7150000084313</C1>
                  <C2>47.76700000895451</C2>
                </COORD>
                <COORD>
                  <C1>8.718000008434121</C1>
                  <C2>47.767000008953595</C2>
                </COORD>
                <COORD>
                  <C1>8.720000008436342</C1>
                  <C2>47.766000008952645</C2>
                </COORD>
                <COORD>
                  <C1>8.721000008437283</C1>
                  <C2>47.76600000895236</C2>
                </COORD>
                <COORD>
                  <C1>8.723000008439499</C1>
                  <C2>47.76500000895135</C2>
                </COORD>
                <COORD>
                  <C1>8.723000008439161</C1>
                  <C2>47.76600000895175</C2>
                </COORD>
                <COORD>
                  <C1>8.725000008441377</C1>
                  <C2>47.76500000895077</C2>
                </COORD>
                <COORD>
                  <C1>8.72600000844232</C1>
                  <C2>47.76500000895046</C2>
                </COORD>
                <COORD>
                  <C1>8.728000008444535</C1>
                  <C2>47.76400000894951</C2>
                </COORD>
                <COORD>
                  <C1>8.730000008446757</C1>
                  <C2>47.76300000894851</C2>
                </COORD>
                <COORD>
                  <C1>8.732000008448969</C1>
                  <C2>47.76200000894755</C2>
                </COORD>
                <COORD>
                  <C1>8.731000008448367</C1>
                  <C2>47.7610000089475</C2>
                </COORD>
                <COORD>
                  <C1>8.730000008447766</C1>
                  <C2>47.76000000894741</C2>
                </COORD>
                <COORD>
                  <C1>8.731000008449042</C1>
                  <C2>47.75900000894676</C2>
                </COORD>
                <COORD>
                  <C1>8.733000008450924</C1>
                  <C2>47.759000008946145</C2>
                </COORD>
                <COORD>
                  <C1>8.734000008451861</C1>
                  <C2>47.75900000894587</C2>
                </COORD>
                <COORD>
                  <C1>8.735000008453138</C1>
                  <C2>47.75800000894519</C2>
                </COORD>
                <COORD>
                  <C1>8.736000008454416</C1>
                  <C2>47.75700000894451</C2>
                </COORD>
                <COORD>
                  <C1>8.73800000845663</C1>
                  <C2>47.75600000894355</C2>
                </COORD>
                <COORD>
                  <C1>8.73900000845757</C1>
                  <C2>47.75600000894323</C2>
                </COORD>
                <COORD>
                  <C1>8.741000008459787</C1>
                  <C2>47.755000008942254</C2>
                </COORD>
                <COORD>
                  <C1>8.742000008461067</C1>
                  <C2>47.75400000894159</C2>
                </COORD>
                <COORD>
                  <C1>8.742000008461739</C1>
                  <C2>47.752000008940854</C2>
                </COORD>
                <COORD>
                  <C1>8.743000008463355</C1>
                  <C2>47.75000000893983</C2>
                </COORD>
                <COORD>
                  <C1>8.742000008462417</C1>
                  <C2>47.75000000894015</C2>
                </COORD>
                <COORD>
                  <C1>8.74100000846181</C1>
                  <C2>47.74900000894004</C2>
                </COORD>
                <COORD>
                  <C1>8.740000008460877</C1>
                  <C2>47.74900000894037</C2>
                </COORD>
                <COORD>
                  <C1>8.738000008458995</C1>
                  <C2>47.749000008940946</C2>
                </COORD>
                <COORD>
                  <C1>8.737000008458054</C1>
                  <C2>47.749000008941245</C2>
                </COORD>
                <COORD>
                  <C1>8.736000008457118</C1>
                  <C2>47.74900000894158</C2>
                </COORD>
                <COORD>
                  <C1>8.735000008456174</C1>
                  <C2>47.74900000894182</C2>
                </COORD>
                <COORD>
                  <C1>8.734000008455572</C1>
                  <C2>47.74800000894177</C2>
                </COORD>
                <COORD>
                  <C1>8.733000008454635</C1>
                  <C2>47.74800000894211</C2>
                </COORD>
                <COORD>
                  <C1>8.732000008453692</C1>
                  <C2>47.74800000894239</C2>
                </COORD>
                <COORD>
                  <C1>8.731000008452748</C1>
                  <C2>47.7480000089427</C2>
                </COORD>
                <COORD>
                  <C1>8.729000008450871</C1>
                  <C2>47.74800000894327</C2>
                </COORD>
                <COORD>
                  <C1>8.728000008450266</C1>
                  <C2>47.74700000894323</C2>
                </COORD>
                <COORD>
                  <C1>8.725000008447111</C1>
                  <C2>47.7480000089445</C2>
                </COORD>
                <COORD>
                  <C1>8.724000008446506</C1>
                  <C2>47.74700000894443</C2>
                </COORD>
                <COORD>
                  <C1>8.723000008445899</C1>
                  <C2>47.74600000894437</C2>
                </COORD>
                <COORD>
                  <C1>8.722000008445294</C1>
                  <C2>47.745000008944274</C2>
                </COORD>
                <COORD>
                  <C1>8.721000008445026</C1>
                  <C2>47.743000008943845</C2>
                </COORD>
                <COORD>
                  <C1>8.720000008444423</C1>
                  <C2>47.74200000894376</C2>
                </COORD>
                <COORD>
                  <C1>8.718000008442539</C1>
                  <C2>47.74200000894435</C2>
                </COORD>
                <COORD>
                  <C1>8.717000008441932</C1>
                  <C2>47.74100000894431</C2>
                </COORD>
                <COORD>
                  <C1>8.716000008440988</C1>
                  <C2>47.741000008944646</C2>
                </COORD>
                <COORD>
                  <C1>8.716000008441322</C1>
                  <C2>47.74000000894422</C2>
                </COORD>
                <COORD>
                  <C1>8.715000008441057</C1>
                  <C2>47.73800000894378</C2>
                </COORD>
                <COORD>
                  <C1>8.714000008440783</C1>
                  <C2>47.73600000894334</C2>
                </COORD>
                <COORD>
                  <C1>8.71400000844112</C1>
                  <C2>47.73500000894296</C2>
                </COORD>
                <COORD>
                  <C1>8.714000008441456</C1>
                  <C2>47.73400000894258</C2>
                </COORD>
                <COORD>
                  <C1>8.713000008440847</C1>
                  <C2>47.73300000894254</C2>
                </COORD>
                <COORD>
                  <C1>8.712000008440242</C1>
                  <C2>47.73200000894247</C2>
                </COORD>
                <COORD>
                  <C1>8.713000008441515</C1>
                  <C2>47.7310000089418</C2>
                </COORD>
                <COORD>
                  <C1>8.714000008442797</C1>
                  <C2>47.73000000894106</C2>
                </COORD>
                <COORD>
                  <C1>8.715000008443736</C1>
                  <C2>47.73000000894078</C2>
                </COORD>
                <COORD>
                  <C1>8.716000008445349</C1>
                  <C2>47.72800000893977</C2>
                </COORD>
                <COORD>
                  <C1>8.717000008446627</C1>
                  <C2>47.72700000893909</C2>
                </COORD>
                <COORD>
                  <C1>8.71700000844696</C1>
                  <C2>47.726000008938676</C2>
                </COORD>
                <COORD>
                  <C1>8.71800000844824</C1>
                  <C2>47.72500000893803</C2>
                </COORD>
                <COORD>
                  <C1>8.719000008449516</C1>
                  <C2>47.72400000893733</C2>
                </COORD>
                <COORD>
                  <C1>8.720000008450462</C1>
                  <C2>47.72400000893706</C2>
                </COORD>
                <COORD>
                  <C1>8.721000008451401</C1>
                  <C2>47.72400000893677</C2>
                </COORD>
                <COORD>
                  <C1>8.722000008452342</C1>
                  <C2>47.72400000893643</C2>
                </COORD>
                <COORD>
                  <C1>8.723000008453287</C1>
                  <C2>47.72400000893617</C2>
                </COORD>
                <COORD>
                  <C1>8.724000008454563</C1>
                  <C2>47.723000008935465</C2>
                </COORD>
                <COORD>
                  <C1>8.725000008455504</C1>
                  <C2>47.7230000089352</C2>
                </COORD>
                <COORD>
                  <C1>8.726000008456449</C1>
                  <C2>47.72300000893487</C2>
                </COORD>
                <COORD>
                  <C1>8.726000008456786</C1>
                  <C2>47.72200000893452</C2>
                </COORD>
                <COORD>
                  <C1>8.727000008457725</C1>
                  <C2>47.72200000893423</C2>
                </COORD>
                <COORD>
                  <C1>8.728000008458665</C1>
                  <C2>47.72200000893391</C2>
                </COORD>
                <COORD>
                  <C1>8.729000008459943</C1>
                  <C2>47.7210000089332</C2>
                </COORD>
                <COORD>
                  <C1>8.730000008460884</C1>
                  <C2>47.721000008932926</C2>
                </COORD>
                <COORD>
                  <C1>8.731000008461827</C1>
                  <C2>47.72100000893259</C2>
                </COORD>
                <COORD>
                  <C1>8.732000008462766</C1>
                  <C2>47.72100000893234</C2>
                </COORD>
                <COORD>
                  <C1>8.73300000846371</C1>
                  <C2>47.721000008932016</C2>
                </COORD>
                <COORD>
                  <C1>8.73400000846465</C1>
                  <C2>47.72100000893173</C2>
                </COORD>
                <COORD>
                  <C1>8.735000008465924</C1>
                  <C2>47.720000008931024</C2>
                </COORD>
                <COORD>
                  <C1>8.737000008468147</C1>
                  <C2>47.71900000893009</C2>
                </COORD>
                <COORD>
                  <C1>8.737000008468481</C1>
                  <C2>47.718000008929714</C2>
                </COORD>
                <COORD>
                  <C1>8.736000008467874</C1>
                  <C2>47.71700000892965</C2>
                </COORD>
                <COORD>
                  <C1>8.735000008467269</C1>
                  <C2>47.716000008929576</C2>
                </COORD>
                <COORD>
                  <C1>8.7350000084676</C1>
                  <C2>47.71500000892919</C2>
                </COORD>
                <COORD>
                  <C1>8.734000008467</C1>
                  <C2>47.714000008929105</C2>
                </COORD>
                <COORD>
                  <C1>8.733000008466059</C1>
                  <C2>47.7140000089294</C2>
                </COORD>
                <COORD>
                  <C1>8.73300000846639</C1>
                  <C2>47.71300000892904</C2>
                </COORD>
                <COORD>
                  <C1>8.733000008466728</C1>
                  <C2>47.712000008928655</C2>
                </COORD>
                <COORD>
                  <C1>8.73300000846706</C1>
                  <C2>47.711000008928266</C2>
                </COORD>
                <COORD>
                  <C1>8.732000008466452</C1>
                  <C2>47.710000008928205</C2>
                </COORD>
                <COORD>
                  <C1>8.732000008466786</C1>
                  <C2>47.70900000892784</C2>
                </COORD>
                <COORD>
                  <C1>8.73100000846618</C1>
                  <C2>47.70800000892776</C2>
                </COORD>
                <COORD>
                  <C1>8.73000000846591</C1>
                  <C2>47.7060000089273</C2>
                </COORD>
                <COORD>
                  <C1>8.730000008466577</C1>
                  <C2>47.70400000892657</C2>
                </COORD>
                <COORD>
                  <C1>8.729000008465967</C1>
                  <C2>47.703000008926495</C2>
                </COORD>
                <COORD>
                  <C1>8.729000008466302</C1>
                  <C2>47.7020000089261</C2>
                </COORD>
                <COORD>
                  <C1>8.728000008465697</C1>
                  <C2>47.701000008926016</C2>
                </COORD>
                <COORD>
                  <C1>8.728000008466026</C1>
                  <C2>47.70000000892562</C2>
                </COORD>
                <COORD>
                  <C1>8.728000008466362</C1>
                  <C2>47.699000008925275</C2>
                </COORD>
                <COORD>
                  <C1>8.728000008467033</C1>
                  <C2>47.6970000089245</C2>
                </COORD>
                <COORD>
                  <C1>8.728000008467367</C1>
                  <C2>47.6960000089241</C2>
                </COORD>
                <COORD>
                  <C1>8.729000008468306</C1>
                  <C2>47.69600000892385</C2>
                </COORD>
                <COORD>
                  <C1>8.729000008468642</C1>
                  <C2>47.69500000892344</C2>
                </COORD>
                <COORD>
                  <C1>8.733000008472413</C1>
                  <C2>47.69500000892224</C2>
                </COORD>
                <COORD>
                  <C1>8.734000008473359</C1>
                  <C2>47.695000008921966</C2>
                </COORD>
                <COORD>
                  <C1>8.735000008474296</C1>
                  <C2>47.69500000892163</C2>
                </COORD>
                <COORD>
                  <C1>8.736000008475244</C1>
                  <C2>47.69500000892133</C2>
                </COORD>
                <COORD>
                  <C1>8.737000008476183</C1>
                  <C2>47.695000008921035</C2>
                </COORD>
                <COORD>
                  <C1>8.738000008477458</C1>
                  <C2>47.69400000892038</C2>
                </COORD>
                <COORD>
                  <C1>8.740000008479345</C1>
                  <C2>47.694000008919744</C2>
                </COORD>
                <COORD>
                  <C1>8.741000008480286</C1>
                  <C2>47.694000008919474</C2>
                </COORD>
                <COORD>
                  <C1>8.74200000848123</C1>
                  <C2>47.694000008919176</C2>
                </COORD>
                <COORD>
                  <C1>8.742000008481561</C1>
                  <C2>47.693000008918744</C2>
                </COORD>
                <COORD>
                  <C1>8.743000008482504</C1>
                  <C2>47.69300000891845</C2>
                </COORD>
                <COORD>
                  <C1>8.744000008483443</C1>
                  <C2>47.693000008918155</C2>
                </COORD>
                <COORD>
                  <C1>8.745000008484391</C1>
                  <C2>47.693000008917885</C2>
                </COORD>
                <COORD>
                  <C1>8.74600000848533</C1>
                  <C2>47.693000008917586</C2>
                </COORD>
                <COORD>
                  <C1>8.751000008490037</C1>
                  <C2>47.69300000891609</C2>
                </COORD>
                <COORD>
                  <C1>8.75200000849098</C1>
                  <C2>47.693000008915774</C2>
                </COORD>
                <COORD>
                  <C1>8.753000008491918</C1>
                  <C2>47.69300000891547</C2>
                </COORD>
                <COORD>
                  <C1>8.75700000849602</C1>
                  <C2>47.69200000891393</C2>
                </COORD>
                <COORD>
                  <C1>8.75800000849696</C1>
                  <C2>47.6920000089136</C2>
                </COORD>
                <COORD>
                  <C1>8.75900000849824</C1>
                  <C2>47.691000008912916</C2>
                </COORD>
                <COORD>
                  <C1>8.760000008499178</C1>
                  <C2>47.69100000891265</C2>
                </COORD>
                <COORD>
                  <C1>8.761000008500119</C1>
                  <C2>47.6910000089123</C2>
                </COORD>
                <COORD>
                  <C1>8.766000008505491</C1>
                  <C2>47.68900000891008</C2>
                </COORD>
                <COORD>
                  <C1>8.76700000850643</C1>
                  <C2>47.68900000890973</C2>
                </COORD>
                <COORD>
                  <C1>8.767000008506766</C1>
                  <C2>47.68800000890937</C2>
                </COORD>
                <COORD>
                  <C1>8.768000008507702</C1>
                  <C2>47.68800000890908</C2>
                </COORD>
                <COORD>
                  <C1>8.769000008508646</C1>
                  <C2>47.688000008908745</C2>
                </COORD>
                <COORD>
                  <C1>8.769000008508982</C1>
                  <C2>47.68700000890839</C2>
                </COORD>
                <COORD>
                  <C1>8.770000008509923</C1>
                  <C2>47.687000008908065</C2>
                </COORD>
                <COORD>
                  <C1>8.771000008511194</C1>
                  <C2>47.6860000089074</C2>
                </COORD>
                <COORD>
                  <C1>8.772000008512139</C1>
                  <C2>47.68600000890711</C2>
                </COORD>
                <COORD>
                  <C1>8.772000008512476</C1>
                  <C2>47.685000008906734</C2>
                </COORD>
                <COORD>
                  <C1>8.773000008513412</C1>
                  <C2>47.685000008906435</C2>
                </COORD>
                <COORD>
                  <C1>8.77300000851375</C1>
                  <C2>47.68400000890605</C2>
                </COORD>
                <COORD>
                  <C1>8.774000008514685</C1>
                  <C2>47.68400000890577</C2>
                </COORD>
                <COORD>
                  <C1>8.77400000851502</C1>
                  <C2>47.6830000089054</C2>
                </COORD>
                <COORD>
                  <C1>8.775000008515967</C1>
                  <C2>47.68300000890511</C2>
                </COORD>
                <COORD>
                  <C1>8.776000008516903</C1>
                  <C2>47.68300000890472</C2>
                </COORD>
                <COORD>
                  <C1>8.77700000851818</C1>
                  <C2>47.682000008904105</C2>
                </COORD>
                <COORD>
                  <C1>8.778000008519118</C1>
                  <C2>47.682000008903785</C2>
                </COORD>
                <COORD>
                  <C1>8.779000008520057</C1>
                  <C2>47.6820000089035</C2>
                </COORD>
                <COORD>
                  <C1>8.779000008520393</C1>
                  <C2>47.681000008903084</C2>
                </COORD>
                <COORD>
                  <C1>8.780000008521332</C1>
                  <C2>47.68100000890279</C2>
                </COORD>
                <COORD>
                  <C1>8.781000008522271</C1>
                  <C2>47.68100000890248</C2>
                </COORD>
                <COORD>
                  <C1>8.782000008523214</C1>
                  <C2>47.68100000890217</C2>
                </COORD>
                <COORD>
                  <C1>8.782000008523546</C1>
                  <C2>47.680000008901864</C2>
                </COORD>
                <COORD>
                  <C1>8.783000008524487</C1>
                  <C2>47.68000000890149</C2>
                </COORD>
                <COORD>
                  <C1>8.784000008525425</C1>
                  <C2>47.68000000890119</C2>
                </COORD>
                <COORD>
                  <C1>8.784000008525762</C1>
                  <C2>47.67900000890084</C2>
                </COORD>
                <COORD>
                  <C1>8.785000008526705</C1>
                  <C2>47.67900000890053</C2>
                </COORD>
                <COORD>
                  <C1>8.789000008530794</C1>
                  <C2>47.67800000889895</C2>
                </COORD>
                <COORD>
                  <C1>8.790000008532065</C1>
                  <C2>47.677000008898254</C2>
                </COORD>
                <COORD>
                  <C1>8.791000008533008</C1>
                  <C2>47.67700000889795</C2>
                </COORD>
                <COORD>
                  <C1>8.792000008533945</C1>
                  <C2>47.67700000889766</C2>
                </COORD>
                <COORD>
                  <C1>8.793000008534884</C1>
                  <C2>47.67700000889735</C2>
                </COORD>
                <COORD>
                  <C1>8.794000008535821</C1>
                  <C2>47.677000008897025</C2>
                </COORD>
                <COORD>
                  <C1>8.79500000853676</C1>
                  <C2>47.677000008896734</C2>
                </COORD>
                <COORD>
                  <C1>8.796000008537698</C1>
                  <C2>47.67700000889644</C2>
                </COORD>
                <COORD>
                  <C1>8.79700000853864</C1>
                  <C2>47.67700000889614</C2>
                </COORD>
                <COORD>
                  <C1>8.797000008538301</C1>
                  <C2>47.678000008896525</C2>
                </COORD>
                <COORD>
                  <C1>8.796000008537025</C1>
                  <C2>47.679000008897205</C2>
                </COORD>
                <COORD>
                  <C1>8.795000008535418</C1>
                  <C2>47.681000008898266</C2>
                </COORD>
                <COORD>
                  <C1>8.795000008535078</C1>
                  <C2>47.68200000889865</C2>
                </COORD>
                <COORD>
                  <C1>8.795000008534744</C1>
                  <C2>47.68300000889902</C2>
                </COORD>
                <COORD>
                  <C1>8.795000008534409</C1>
                  <C2>47.68400000889942</C2>
                </COORD>
                <COORD>
                  <C1>8.796000008535344</C1>
                  <C2>47.68400000889912</C2>
                </COORD>
                <COORD>
                  <C1>8.796000008535009</C1>
                  <C2>47.68500000889949</C2>
                </COORD>
                <COORD>
                  <C1>8.796000008534671</C1>
                  <C2>47.6860000088999</C2>
                </COORD>
                <COORD>
                  <C1>8.797000008535612</C1>
                  <C2>47.68600000889954</C2>
                </COORD>
                <COORD>
                  <C1>8.797000008535278</C1>
                  <C2>47.68700000889994</C2>
                </COORD>
                <COORD>
                  <C1>8.797000008534939</C1>
                  <C2>47.68800000890032</C2>
                </COORD>
                <COORD>
                  <C1>8.798000008535876</C1>
                  <C2>47.68800000890001</C2>
                </COORD>
                <COORD>
                  <C1>8.79800000853554</C1>
                  <C2>47.689000008900415</C2>
                </COORD>
                <COORD>
                  <C1>8.798000008535203</C1>
                  <C2>47.69000000890076</C2>
                </COORD>
                <COORD>
                  <C1>8.799000008535803</C1>
                  <C2>47.69100000890085</C2>
                </COORD>
                <COORD>
                  <C1>8.799000008535467</C1>
                  <C2>47.69200000890123</C2>
                </COORD>
                <COORD>
                  <C1>8.800000008536404</C1>
                  <C2>47.69200000890091</C2>
                </COORD>
                <COORD>
                  <C1>8.800000008536069</C1>
                  <C2>47.69300000890131</C2>
                </COORD>
                <COORD>
                  <C1>8.801000008537004</C1>
                  <C2>47.69300000890101</C2>
                </COORD>
                <COORD>
                  <C1>8.801000008536668</C1>
                  <C2>47.694000008901405</C2>
                </COORD>
                <COORD>
                  <C1>8.803000008538545</C1>
                  <C2>47.69400000890078</C2>
                </COORD>
                <COORD>
                  <C1>8.80400000853948</C1>
                  <C2>47.694000008900474</C2>
                </COORD>
                <COORD>
                  <C1>8.805000008540413</C1>
                  <C2>47.69400000890015</C2>
                </COORD>
                <COORD>
                  <C1>8.807000008542289</C1>
                  <C2>47.69400000889954</C2>
                </COORD>
                <COORD>
                  <C1>8.809000008544162</C1>
                  <C2>47.69400000889895</C2>
                </COORD>
                <COORD>
                  <C1>8.810000008545101</C1>
                  <C2>47.694000008898655</C2>
                </COORD>
                <COORD>
                  <C1>8.8110000085457</C1>
                  <C2>47.695000008898695</C2>
                </COORD>
                <COORD>
                  <C1>8.81100000854536</C1>
                  <C2>47.696000008899134</C2>
                </COORD>
                <COORD>
                  <C1>8.810000008544424</C1>
                  <C2>47.69600000889943</C2>
                </COORD>
                <COORD>
                  <C1>8.810000008544087</C1>
                  <C2>47.69700000889978</C2>
                </COORD>
                <COORD>
                  <C1>8.809000008543151</C1>
                  <C2>47.697000008900105</C2>
                </COORD>
                <COORD>
                  <C1>8.809000008542814</C1>
                  <C2>47.69800000890046</C2>
                </COORD>
                <COORD>
                  <C1>8.808000008541876</C1>
                  <C2>47.69800000890077</C2>
                </COORD>
                <COORD>
                  <C1>8.808000008541539</C1>
                  <C2>47.699000008901145</C2>
                </COORD>
                <COORD>
                  <C1>8.806000008540003</C1>
                  <C2>47.69800000890137</C2>
                </COORD>
                <COORD>
                  <C1>8.805000008539064</C1>
                  <C2>47.698000008901666</C2>
                </COORD>
                <COORD>
                  <C1>8.804000008538134</C1>
                  <C2>47.69800000890198</C2>
                </COORD>
                <COORD>
                  <C1>8.80200000853592</C1>
                  <C2>47.69900000890296</C2>
                </COORD>
                <COORD>
                  <C1>8.801000008534983</C1>
                  <C2>47.69900000890327</C2>
                </COORD>
                <COORD>
                  <C1>8.800000008534045</C1>
                  <C2>47.699000008903575</C2>
                </COORD>
                <COORD>
                  <C1>8.799000008533108</C1>
                  <C2>47.69900000890389</C2>
                </COORD>
                <COORD>
                  <C1>8.799000008532769</C1>
                  <C2>47.70000000890423</C2>
                </COORD>
                <COORD>
                  <C1>8.80000000853337</C1>
                  <C2>47.70100000890431</C2>
                </COORD>
                <COORD>
                  <C1>8.800000008533036</C1>
                  <C2>47.70200000890471</C2>
                </COORD>
                <COORD>
                  <C1>8.799000008531758</C1>
                  <C2>47.70300000890537</C2>
                </COORD>
                <COORD>
                  <C1>8.799000008531417</C1>
                  <C2>47.704000008905766</C2>
                </COORD>
                <COORD>
                  <C1>8.799000008531086</C1>
                  <C2>47.705000008906126</C2>
                </COORD>
                <COORD>
                  <C1>8.798000008530144</C1>
                  <C2>47.705000008906445</C2>
                </COORD>
                <COORD>
                  <C1>8.79700000852921</C1>
                  <C2>47.70500000890674</C2>
                </COORD>
                <COORD>
                  <C1>8.797000008528869</C1>
                  <C2>47.7060000089071</C2>
                </COORD>
                <COORD>
                  <C1>8.796000008528269</C1>
                  <C2>47.70500000890702</C2>
                </COORD>
                <COORD>
                  <C1>8.795000008526998</C1>
                  <C2>47.7060000089077</C2>
                </COORD>
                <COORD>
                  <C1>8.794000008526057</C1>
                  <C2>47.70600000890803</C2>
                </COORD>
                <COORD>
                  <C1>8.79300000852478</C1>
                  <C2>47.707000008908686</C2>
                </COORD>
                <COORD>
                  <C1>8.792000008523845</C1>
                  <C2>47.707000008908985</C2>
                </COORD>
                <COORD>
                  <C1>8.791000008522909</C1>
                  <C2>47.7070000089093</C2>
                </COORD>
                <COORD>
                  <C1>8.79000000852197</C1>
                  <C2>47.7070000089096</C2>
                </COORD>
                <COORD>
                  <C1>8.789000008521032</C1>
                  <C2>47.70700000890986</C2>
                </COORD>
                <COORD>
                  <C1>8.788000008520099</C1>
                  <C2>47.70700000891023</C2>
                </COORD>
                <COORD>
                  <C1>8.787000008519158</C1>
                  <C2>47.70700000891052</C2>
                </COORD>
                <COORD>
                  <C1>8.785000008517283</C1>
                  <C2>47.70700000891114</C2>
                </COORD>
                <COORD>
                  <C1>8.784000008516346</C1>
                  <C2>47.7070000089114</C2>
                </COORD>
                <COORD>
                  <C1>8.783000008515405</C1>
                  <C2>47.707000008911706</C2>
                </COORD>
                <COORD>
                  <C1>8.78200000851447</C1>
                  <C2>47.70700000891202</C2>
                </COORD>
                <COORD>
                  <C1>8.781000008513194</C1>
                  <C2>47.708000008912684</C2>
                </COORD>
                <COORD>
                  <C1>8.780000008512257</C1>
                  <C2>47.708000008913</C2>
                </COORD>
                <COORD>
                  <C1>8.779000008511316</C1>
                  <C2>47.70800000891329</C2>
                </COORD>
                <COORD>
                  <C1>8.778000008510379</C1>
                  <C2>47.70800000891363</C2>
                </COORD>
                <COORD>
                  <C1>8.777000008509438</C1>
                  <C2>47.70800000891391</C2>
                </COORD>
                <COORD>
                  <C1>8.775000008507565</C1>
                  <C2>47.708000008914524</C2>
                </COORD>
                <COORD>
                  <C1>8.774000008506624</C1>
                  <C2>47.70800000891485</C2>
                </COORD>
                <COORD>
                  <C1>8.77300000850535</C1>
                  <C2>47.70900000891552</C2>
                </COORD>
                <COORD>
                  <C1>8.771000008503469</C1>
                  <C2>47.70900000891613</C2>
                </COORD>
                <COORD>
                  <C1>8.771000008503133</C1>
                  <C2>47.71000000891646</C2>
                </COORD>
                <COORD>
                  <C1>8.7710000085028</C1>
                  <C2>47.711000008916855</C2>
                </COORD>
                <COORD>
                  <C1>8.772000008503401</C1>
                  <C2>47.712000008916945</C2>
                </COORD>
                <COORD>
                  <C1>8.773000008504336</C1>
                  <C2>47.71200000891661</C2>
                </COORD>
                <COORD>
                  <C1>8.772000008503062</C1>
                  <C2>47.71300000891729</C2>
                </COORD>
                <COORD>
                  <C1>8.773000008503663</C1>
                  <C2>47.71400000891736</C2>
                </COORD>
                <COORD>
                  <C1>8.773000008503326</C1>
                  <C2>47.71500000891773</C2>
                </COORD>
                <COORD>
                  <C1>8.774000008504263</C1>
                  <C2>47.71500000891745</C2>
                </COORD>
                <COORD>
                  <C1>8.77300000850299</C1>
                  <C2>47.716000008918144</C2>
                </COORD>
                <COORD>
                  <C1>8.772000008501715</C1>
                  <C2>47.7170000089188</C2>
                </COORD>
                <COORD>
                  <C1>8.77100000850078</C1>
                  <C2>47.717000008919086</C2>
                </COORD>
                <COORD>
                  <C1>8.772000008501378</C1>
                  <C2>47.71800000891916</C2>
                </COORD>
                <COORD>
                  <C1>8.77100000850044</C1>
                  <C2>47.71800000891947</C2>
                </COORD>
                <COORD>
                  <C1>8.771000008500101</C1>
                  <C2>47.71900000891985</C2>
                </COORD>
                <COORD>
                  <C1>8.771000008499763</C1>
                  <C2>47.72000000892022</C2>
                </COORD>
                <COORD>
                  <C1>8.771000008499428</C1>
                  <C2>47.72100000892061</C2>
                </COORD>
                <COORD>
                  <C1>8.773000008501642</C1>
                  <C2>47.720000008919634</C2>
                </COORD>
                <COORD>
                  <C1>8.774000008502577</C1>
                  <C2>47.720000008919335</C2>
                </COORD>
                <COORD>
                  <C1>8.77600000850412</C1>
                  <C2>47.7210000089191</C2>
                </COORD>
                <COORD>
                  <C1>8.777000008504722</C1>
                  <C2>47.7220000089192</C2>
                </COORD>
                <COORD>
                  <C1>8.778000008505323</C1>
                  <C2>47.72300000891923</C2>
                </COORD>
                <COORD>
                  <C1>8.779000008506259</C1>
                  <C2>47.72300000891891</C2>
                </COORD>
                <COORD>
                  <C1>8.778000008504982</C1>
                  <C2>47.724000008919596</C2>
                </COORD>
                <COORD>
                  <C1>8.777000008504045</C1>
                  <C2>47.72400000891989</C2>
                </COORD>
                <COORD>
                  <C1>8.777000008503705</C1>
                  <C2>47.725000008920254</C2>
                </COORD>
                <COORD>
                  <C1>8.77900000850592</C1>
                  <C2>47.724000008919305</C2>
                </COORD>
                <COORD>
                  <C1>8.781000008507798</C1>
                  <C2>47.724000008918715</C2>
                </COORD>
                <COORD>
                  <C1>8.782000008508732</C1>
                  <C2>47.7240000089184</C2>
                </COORD>
                <COORD>
                  <C1>8.783000008509331</C1>
                  <C2>47.725000008918435</C2>
                </COORD>
                <COORD>
                  <C1>8.784000008509933</C1>
                  <C2>47.726000008918504</C2>
                </COORD>
                <COORD>
                  <C1>8.785000008510869</C1>
                  <C2>47.72600000891824</C2>
                </COORD>
                <COORD>
                  <C1>8.784000008509594</C1>
                  <C2>47.727000008918914</C2>
                </COORD>
                <COORD>
                  <C1>8.785000008510531</C1>
                  <C2>47.7270000089186</C2>
                </COORD>
                <COORD>
                  <C1>8.785000008510192</C1>
                  <C2>47.728000008918976</C2>
                </COORD>
                <COORD>
                  <C1>8.786000008510795</C1>
                  <C2>47.72900000891907</C2>
                </COORD>
                <COORD>
                  <C1>8.788000008513</C1>
                  <C2>47.728000008918066</C2>
                </COORD>
                <COORD>
                  <C1>8.789000008513602</C1>
                  <C2>47.72900000891815</C2>
                </COORD>
                <COORD>
                  <C1>8.79000000851454</C1>
                  <C2>47.72900000891784</C2>
                </COORD>
                <COORD>
                  <C1>8.7900000085142</C1>
                  <C2>47.73000000891822</C2>
                </COORD>
                <COORD>
                  <C1>8.792000008516412</C1>
                  <C2>47.72900000891724</C2>
                </COORD>
                <COORD>
                  <C1>8.793000008517009</C1>
                  <C2>47.730000008917344</C2>
                </COORD>
                <COORD>
                  <C1>8.79300000851667</C1>
                  <C2>47.73100000891771</C2>
                </COORD>
                <COORD>
                  <C1>8.79500000851888</C1>
                  <C2>47.73000000891672</C2>
                </COORD>
                <COORD>
                  <C1>8.797000008520756</C1>
                  <C2>47.7300000089161</C2>
                </COORD>
                <COORD>
                  <C1>8.799000008522967</C1>
                  <C2>47.72900000891511</C2>
                </COORD>
                <COORD>
                  <C1>8.800000008523902</C1>
                  <C2>47.729000008914795</C2>
                </COORD>
                <COORD>
                  <C1>8.800000008523567</C1>
                  <C2>47.73000000891517</C2>
                </COORD>
                <COORD>
                  <C1>8.800000008523224</C1>
                  <C2>47.73100000891555</C2>
                </COORD>
                <COORD>
                  <C1>8.800000008522884</C1>
                  <C2>47.73200000891596</C2>
                </COORD>
                <COORD>
                  <C1>8.79900000852127</C1>
                  <C2>47.73400000891698</C2>
                </COORD>
                <COORD>
                  <C1>8.798000008519995</C1>
                  <C2>47.73500000891764</C2>
                </COORD>
                <COORD>
                  <C1>8.798000008519656</C1>
                  <C2>47.736000008918</C2>
                </COORD>
                <COORD>
                  <C1>8.798000008519319</C1>
                  <C2>47.73700000891839</C2>
                </COORD>
                <COORD>
                  <C1>8.801000008522122</C1>
                  <C2>47.73700000891748</C2>
                </COORD>
                <COORD>
                  <C1>8.801000008521784</C1>
                  <C2>47.73800000891785</C2>
                </COORD>
                <COORD>
                  <C1>8.803000008523657</C1>
                  <C2>47.738000008917254</C2>
                </COORD>
                <COORD>
                  <C1>8.80600000852612</C1>
                  <C2>47.739000008916705</C2>
                </COORD>
                <COORD>
                  <C1>8.807000008526717</C1>
                  <C2>47.74000000891676</C2>
                </COORD>
                <COORD>
                  <C1>8.80800000852765</C1>
                  <C2>47.74000000891648</C2>
                </COORD>
                <COORD>
                  <C1>8.809000008528923</C1>
                  <C2>47.73900000891578</C2>
                </COORD>
                <COORD>
                  <C1>8.80800000852833</C1>
                  <C2>47.738000008915705</C2>
                </COORD>
                <COORD>
                  <C1>8.80800000852867</C1>
                  <C2>47.73700000891536</C2>
                </COORD>
                <COORD>
                  <C1>8.809000008530285</C1>
                  <C2>47.73500000891433</C2>
                </COORD>
                <COORD>
                  <C1>8.809000008530626</C1>
                  <C2>47.73400000891394</C2>
                </COORD>
                <COORD>
                  <C1>8.810000008531901</C1>
                  <C2>47.73300000891332</C2>
                </COORD>
                <COORD>
                  <C1>8.812000008533767</C1>
                  <C2>47.73300000891269</C2>
                </COORD>
                <COORD>
                  <C1>8.813000008535042</C1>
                  <C2>47.732000008912</C2>
                </COORD>
                <COORD>
                  <C1>8.81200000853411</C1>
                  <C2>47.7320000089123</C2>
                </COORD>
                <COORD>
                  <C1>8.813000008535381</C1>
                  <C2>47.73100000891165</C2>
                </COORD>
                <COORD>
                  <C1>8.812000008534786</C1>
                  <C2>47.730000008911546</C2>
                </COORD>
                <COORD>
                  <C1>8.811000008533853</C1>
                  <C2>47.73000000891186</C2>
                </COORD>
                <COORD>
                  <C1>8.809000008532319</C1>
                  <C2>47.72900000891208</C2>
                </COORD>
                <COORD>
                  <C1>8.808000008531724</C1>
                  <C2>47.72800000891202</C2>
                </COORD>
                <COORD>
                  <C1>8.807000008530792</C1>
                  <C2>47.72800000891232</C2>
                </COORD>
                <COORD>
                  <C1>8.806000008530193</C1>
                  <C2>47.72700000891221</C2>
                </COORD>
                <COORD>
                  <C1>8.80700000853113</C1>
                  <C2>47.72700000891196</C2>
                </COORD>
                <COORD>
                  <C1>8.810000008533938</C1>
                  <C2>47.72700000891105</C2>
                </COORD>
                <COORD>
                  <C1>8.812000008536144</C1>
                  <C2>47.72600000891003</C2>
                </COORD>
                <COORD>
                  <C1>8.814000008538013</C1>
                  <C2>47.72600000890943</C2>
                </COORD>
                <COORD>
                  <C1>8.815000008539291</C1>
                  <C2>47.72500000890881</C2>
                </COORD>
                <COORD>
                  <C1>8.816000008540902</C1>
                  <C2>47.72300000890772</C2>
                </COORD>
                <COORD>
                  <C1>8.81800000854311</C1>
                  <C2>47.72200000890681</C2>
                </COORD>
                <COORD>
                  <C1>8.819000008544386</C1>
                  <C2>47.72100000890606</C2>
                </COORD>
                <COORD>
                  <C1>8.820000008545659</C1>
                  <C2>47.720000008905394</C2>
                </COORD>
                <COORD>
                  <C1>8.821000008546598</C1>
                  <C2>47.72000000890509</C2>
                </COORD>
                <COORD>
                  <C1>8.822000008547526</C1>
                  <C2>47.720000008904776</C2>
                </COORD>
                <COORD>
                  <C1>8.8240000085494</C1>
                  <C2>47.72000000890417</C2>
                </COORD>
                <COORD>
                  <C1>8.82500000854999</C1>
                  <C2>47.72100000890427</C2>
                </COORD>
                <COORD>
                  <C1>8.82700000855186</C1>
                  <C2>47.721000008903644</C2>
                </COORD>
                <COORD>
                  <C1>8.827000008552197</C1>
                  <C2>47.720000008903256</C2>
                </COORD>
                <COORD>
                  <C1>8.82700000855254</C1>
                  <C2>47.71900000890291</C2>
                </COORD>
                <COORD>
                  <C1>8.826000008551603</C1>
                  <C2>47.719000008903166</C2>
                </COORD>
                <COORD>
                  <C1>8.82500000855101</C1>
                  <C2>47.71800000890313</C2>
                </COORD>
                <COORD>
                  <C1>8.824000008550076</C1>
                  <C2>47.71800000890344</C2>
                </COORD>
                <COORD>
                  <C1>8.82300000854948</C1>
                  <C2>47.717000008903334</C2>
                </COORD>
                <COORD>
                  <C1>8.822000008548546</C1>
                  <C2>47.71700000890365</C2>
                </COORD>
                <COORD>
                  <C1>8.821000008547955</C1>
                  <C2>47.716000008903585</C2>
                </COORD>
                <COORD>
                  <C1>8.820000008547355</C1>
                  <C2>47.71500000890353</C2>
                </COORD>
                <COORD>
                  <C1>8.821000008548292</C1>
                  <C2>47.7150000089032</C2>
                </COORD>
                <COORD>
                  <C1>8.8230000085505</C1>
                  <C2>47.714000008902275</C2>
                </COORD>
                <COORD>
                  <C1>8.824000008551433</C1>
                  <C2>47.71400000890191</C2>
                </COORD>
                <COORD>
                  <C1>8.825000008552705</C1>
                  <C2>47.713000008901275</C2>
                </COORD>
                <COORD>
                  <C1>8.827000008554574</C1>
                  <C2>47.71300000890065</C2>
                </COORD>
                <COORD>
                  <C1>8.829000008556102</C1>
                  <C2>47.71400000890043</C2>
                </COORD>
                <COORD>
                  <C1>8.831000008557975</C1>
                  <C2>47.714000008899816</C2>
                </COORD>
                <COORD>
                  <C1>8.833000008559164</C1>
                  <C2>47.71600000889993</C2>
                </COORD>
                <COORD>
                  <C1>8.835000008560693</C1>
                  <C2>47.71700000889972</C2>
                </COORD>
                <COORD>
                  <C1>8.835000008561028</C1>
                  <C2>47.716000008899314</C2>
                </COORD>
                <COORD>
                  <C1>8.837000008562896</C1>
                  <C2>47.716000008898725</C2>
                </COORD>
                <COORD>
                  <C1>8.839000008565101</C1>
                  <C2>47.71500000889773</C2>
                </COORD>
                <COORD>
                  <C1>8.842000008567906</C1>
                  <C2>47.715000008896844</C2>
                </COORD>
                <COORD>
                  <C1>8.842000008568245</C1>
                  <C2>47.7140000088965</C2>
                </COORD>
                <COORD>
                  <C1>8.844000008570113</C1>
                  <C2>47.71400000889585</C2>
                </COORD>
                <COORD>
                  <C1>8.847000008573247</C1>
                  <C2>47.713000008894554</C2>
                </COORD>
                <COORD>
                  <C1>8.847000008573929</C1>
                  <C2>47.711000008893805</C2>
                </COORD>
                <COORD>
                  <C1>8.847000008574607</C1>
                  <C2>47.70900000889307</C2>
                </COORD>
                <COORD>
                  <C1>8.848000008575543</C1>
                  <C2>47.709000008892744</C2>
                </COORD>
                <COORD>
                  <C1>8.84800000857588</C1>
                  <C2>47.70800000889239</C2>
                </COORD>
                <COORD>
                  <C1>8.849000008577155</C1>
                  <C2>47.707000008891754</C2>
                </COORD>
                <COORD>
                  <C1>8.849000008577493</C1>
                  <C2>47.70600000889136</C2>
                </COORD>
                <COORD>
                  <C1>8.850000008578768</C1>
                  <C2>47.70500000889063</C2>
                </COORD>
                <COORD>
                  <C1>8.85100000857936</C1>
                  <C2>47.70600000889071</C2>
                </COORD>
                <COORD>
                  <C1>8.852000008580294</C1>
                  <C2>47.70600000889039</C2>
                </COORD>
                <COORD>
                  <C1>8.853000008581226</C1>
                  <C2>47.706000008890115</C2>
                </COORD>
                <COORD>
                  <C1>8.854000008582156</C1>
                  <C2>47.70600000888981</C2>
                </COORD>
                <COORD>
                  <C1>8.854000008581819</C1>
                  <C2>47.70700000889019</C2>
                </COORD>
                <COORD>
                  <C1>8.855000008582753</C1>
                  <C2>47.7070000088899</C2>
                </COORD>
                <COORD>
                  <C1>8.856000008583685</C1>
                  <C2>47.707000008889615</C2>
                </COORD>
                <COORD>
                  <C1>8.857000008584613</C1>
                  <C2>47.70700000888929</C2>
                </COORD>
                <COORD>
                  <C1>8.858000008585549</C1>
                  <C2>47.70700000888895</C2>
                </COORD>
                <COORD>
                  <C1>8.85900000858648</C1>
                  <C2>47.70700000888866</C2>
                </COORD>
                <COORD>
                  <C1>8.860000008587752</C1>
                  <C2>47.706000008887955</C2>
                </COORD>
                <COORD>
                  <C1>8.861000008588688</C1>
                  <C2>47.70600000888767</C2>
                </COORD>
                <COORD>
                  <C1>8.862000008589618</C1>
                  <C2>47.70600000888741</C2>
                </COORD>
                <COORD>
                  <C1>8.86300000859055</C1>
                  <C2>47.70600000888711</C2>
                </COORD>
                <COORD>
                  <C1>8.86300000859021</C1>
                  <C2>47.707000008887434</C2>
                </COORD>
                <COORD>
                  <C1>8.864000008591145</C1>
                  <C2>47.707000008887135</C2>
                </COORD>
                <COORD>
                  <C1>8.865000008592071</C1>
                  <C2>47.707000008886865</C2>
                </COORD>
                <COORD>
                  <C1>8.866000008593003</C1>
                  <C2>47.7070000088865</C2>
                </COORD>
                <COORD>
                  <C1>8.867000008593939</C1>
                  <C2>47.70700000888621</C2>
                </COORD>
                <COORD>
                  <C1>8.868000008594867</C1>
                  <C2>47.70700000888591</C2>
                </COORD>
                <COORD>
                  <C1>8.869000008595798</C1>
                  <C2>47.70700000888561</C2>
                </COORD>
                <COORD>
                  <C1>8.870000008596731</C1>
                  <C2>47.7070000088853</C2>
                </COORD>
                <COORD>
                  <C1>8.871000008597665</C1>
                  <C2>47.70700000888501</C2>
                </COORD>
                <COORD>
                  <C1>8.872000008598592</C1>
                  <C2>47.70700000888469</C2>
                </COORD>
                <COORD>
                  <C1>8.873000008599526</C1>
                  <C2>47.70700000888443</C2>
                </COORD>
                <COORD>
                  <C1>8.873000008599863</C1>
                  <C2>47.70600000888404</C2>
                </COORD>
                <COORD>
                  <C1>8.874000008600797</C1>
                  <C2>47.70600000888375</C2>
                </COORD>
                <COORD>
                  <C1>8.873000008600206</C1>
                  <C2>47.70500000888363</C2>
                </COORD>
                <COORD>
                  <C1>8.871000008598683</C1>
                  <C2>47.7040000088839</C2>
                </COORD>
                <COORD>
                  <C1>8.872000008599956</C1>
                  <C2>47.703000008883215</C2>
                </COORD>
                <COORD>
                  <C1>8.873000008601228</C1>
                  <C2>47.70200000888248</C2>
                </COORD>
                <COORD>
                  <C1>8.874000008602504</C1>
                  <C2>47.701000008881856</C2>
                </COORD>
                <COORD>
                  <C1>8.875000008603774</C1>
                  <C2>47.700000008881126</C2>
                </COORD>
                <COORD>
                  <C1>8.876000008604704</C1>
                  <C2>47.700000008880835</C2>
                </COORD>
                <COORD>
                  <C1>8.877000008605975</C1>
                  <C2>47.699000008880176</C2>
                </COORD>
                <COORD>
                  <C1>8.877000008606318</C1>
                  <C2>47.6980000088798</C2>
                </COORD>
                <COORD>
                  <C1>8.876000008605727</C1>
                  <C2>47.69700000887971</C2>
                </COORD>
                <COORD>
                  <C1>8.87600000860607</C1>
                  <C2>47.696000008879366</C2>
                </COORD>
                <COORD>
                  <C1>8.875000008605134</C1>
                  <C2>47.69600000887964</C2>
                </COORD>
                <COORD>
                  <C1>8.874000008604204</C1>
                  <C2>47.696000008879956</C2>
                </COORD>
                <COORD>
                  <C1>8.873000008603272</C1>
                  <C2>47.69600000888024</C2>
                </COORD>
                <COORD>
                  <C1>8.87200000860268</C1>
                  <C2>47.695000008880186</C2>
                </COORD>
                <COORD>
                  <C1>8.87200000860234</C1>
                  <C2>47.696000008880574</C2>
                </COORD>
                <COORD>
                  <C1>8.871000008601408</C1>
                  <C2>47.69600000888088</C2>
                </COORD>
                <COORD>
                  <C1>8.870000008600474</C1>
                  <C2>47.69600000888119</C2>
                </COORD>
                <COORD>
                  <C1>8.869000008599546</C1>
                  <C2>47.69600000888148</C2>
                </COORD>
                <COORD>
                  <C1>8.868000008598612</C1>
                  <C2>47.69600000888182</C2>
                </COORD>
                <COORD>
                  <C1>8.867000008597683</C1>
                  <C2>47.69600000888211</C2>
                </COORD>
                <COORD>
                  <C1>8.866000008597087</C1>
                  <C2>47.695000008882</C2>
                </COORD>
                <COORD>
                  <C1>8.865000008596496</C1>
                  <C2>47.69400000888196</C2>
                </COORD>
                <COORD>
                  <C1>8.864000008595564</C1>
                  <C2>47.694000008882256</C2>
                </COORD>
                <COORD>
                  <C1>8.864000008595227</C1>
                  <C2>47.695000008882644</C2>
                </COORD>
                <COORD>
                  <C1>8.86500000859582</C1>
                  <C2>47.69600000888267</C2>
                </COORD>
                <COORD>
                  <C1>8.865000008595473</C1>
                  <C2>47.697000008883144</C2>
                </COORD>
                <COORD>
                  <C1>8.866000008596407</C1>
                  <C2>47.69700000888275</C2>
                </COORD>
                <COORD>
                  <C1>8.867000008597005</C1>
                  <C2>47.69800000888284</C2>
                </COORD>
                <COORD>
                  <C1>8.866000008595728</C1>
                  <C2>47.69900000888351</C2>
                </COORD>
                <COORD>
                  <C1>8.864000008593528</C1>
                  <C2>47.7000000088845</C2>
                </COORD>
                <COORD>
                  <C1>8.864000008593864</C1>
                  <C2>47.699000008884155</C2>
                </COORD>
                <COORD>
                  <C1>8.86300000859293</C1>
                  <C2>47.699000008884454</C2>
                </COORD>
                <COORD>
                  <C1>8.862000008592</C1>
                  <C2>47.69900000888481</C2>
                </COORD>
                <COORD>
                  <C1>8.86200000859234</C1>
                  <C2>47.69800000888436</C2>
                </COORD>
                <COORD>
                  <C1>8.861000008591407</C1>
                  <C2>47.69800000888468</C2>
                </COORD>
                <COORD>
                  <C1>8.861000008591068</C1>
                  <C2>47.69900000888502</C2>
                </COORD>
                <COORD>
                  <C1>8.861000008590727</C1>
                  <C2>47.700000008885425</C2>
                </COORD>
                <COORD>
                  <C1>8.859000008588524</C1>
                  <C2>47.70100000888643</C2>
                </COORD>
                <COORD>
                  <C1>8.859000008588865</C1>
                  <C2>47.700000008886065</C2>
                </COORD>
                <COORD>
                  <C1>8.858000008587933</C1>
                  <C2>47.700000008886356</C2>
                </COORD>
                <COORD>
                  <C1>8.857000008587336</C1>
                  <C2>47.69900000888626</C2>
                </COORD>
                <COORD>
                  <C1>8.856000008586406</C1>
                  <C2>47.6990000088866</C2>
                </COORD>
                <COORD>
                  <C1>8.855000008585472</C1>
                  <C2>47.69900000888687</C2>
                </COORD>
                <COORD>
                  <C1>8.854000008584539</C1>
                  <C2>47.6990000088872</C2>
                </COORD>
                <COORD>
                  <C1>8.853000008583264</C1>
                  <C2>47.70000000888785</C2>
                </COORD>
                <COORD>
                  <C1>8.853000008583603</C1>
                  <C2>47.69900000888751</C2>
                </COORD>
                <COORD>
                  <C1>8.853000008583944</C1>
                  <C2>47.698000008887135</C2>
                </COORD>
                <COORD>
                  <C1>8.852000008583012</C1>
                  <C2>47.69800000888739</C2>
                </COORD>
                <COORD>
                  <C1>8.852000008583353</C1>
                  <C2>47.69700000888705</C2>
                </COORD>
                <COORD>
                  <C1>8.853000008584628</C1>
                  <C2>47.69600000888637</C2>
                </COORD>
                <COORD>
                  <C1>8.854000008585555</C1>
                  <C2>47.69600000888606</C2>
                </COORD>
                <COORD>
                  <C1>8.855000008586494</C1>
                  <C2>47.696000008885754</C2>
                </COORD>
                <COORD>
                  <C1>8.856000008587426</C1>
                  <C2>47.696000008885434</C2>
                </COORD>
                <COORD>
                  <C1>8.857000008588356</C1>
                  <C2>47.69600000888513</C2>
                </COORD>
                <COORD>
                  <C1>8.857000008588692</C1>
                  <C2>47.69500000888474</C2>
                </COORD>
                <COORD>
                  <C1>8.858000008589627</C1>
                  <C2>47.69500000888444</C2>
                </COORD>
                <COORD>
                  <C1>8.859000008590563</C1>
                  <C2>47.69500000888417</C2>
                </COORD>
                <COORD>
                  <C1>8.8590000085909</C1>
                  <C2>47.694000008883776</C2>
                </COORD>
                <COORD>
                  <C1>8.858000008590311</C1>
                  <C2>47.69300000888369</C2>
                </COORD>
                <COORD>
                  <C1>8.858000008590647</C1>
                  <C2>47.692000008883305</C2>
                </COORD>
                <COORD>
                  <C1>8.857000008589715</C1>
                  <C2>47.692000008883625</C2>
                </COORD>
                <COORD>
                  <C1>8.857000008590052</C1>
                  <C2>47.69100000888325</C2>
                </COORD>
                <COORD>
                  <C1>8.85600000858946</C1>
                  <C2>47.69000000888319</C2>
                </COORD>
                <COORD>
                  <C1>8.855000008588531</C1>
                  <C2>47.69000000888348</C2>
                </COORD>
                <COORD>
                  <C1>8.854000008587594</C1>
                  <C2>47.69000000888377</C2>
                </COORD>
                <COORD>
                  <C1>8.854000008587933</C1>
                  <C2>47.68900000888341</C2>
                </COORD>
                <COORD>
                  <C1>8.85400000858827</C1>
                  <C2>47.688000008883066</C2>
                </COORD>
                <COORD>
                  <C1>8.853000008587337</C1>
                  <C2>47.688000008883314</C2>
                </COORD>
                <COORD>
                  <C1>8.852000008586405</C1>
                  <C2>47.68800000888367</C2>
                </COORD>
                <COORD>
                  <C1>8.852000008586744</C1>
                  <C2>47.687000008883274</C2>
                </COORD>
                <COORD>
                  <C1>8.852000008587085</C1>
                  <C2>47.68600000888288</C2>
                </COORD>
                <COORD>
                  <C1>8.85200000858742</C1>
                  <C2>47.68500000888254</C2>
                </COORD>
                <COORD>
                  <C1>8.853000008588355</C1>
                  <C2>47.68500000888224</C2>
                </COORD>
                <COORD>
                  <C1>8.853000008588698</C1>
                  <C2>47.684000008881824</C2>
                </COORD>
                <COORD>
                  <C1>8.852000008587762</C1>
                  <C2>47.68400000888212</C2>
                </COORD>
                <COORD>
                  <C1>8.852000008588098</C1>
                  <C2>47.68300000888173</C2>
                </COORD>
                <COORD>
                  <C1>8.853000008589031</C1>
                  <C2>47.68300000888145</C2>
                </COORD>
                <COORD>
                  <C1>8.8550000085909</C1>
                  <C2>47.68300000888085</C2>
                </COORD>
                <COORD>
                  <C1>8.856000008591838</C1>
                  <C2>47.68300000888056</C2>
                </COORD>
                <COORD>
                  <C1>8.857000008593104</C1>
                  <C2>47.68200000887983</C2>
                </COORD>
                <COORD>
                  <C1>8.859000008594975</C1>
                  <C2>47.68200000887924</C2>
                </COORD>
                <COORD>
                  <C1>8.861000008596504</C1>
                  <C2>47.683000008879</C2>
                </COORD>
                <COORD>
                  <C1>8.862000008597771</C1>
                  <C2>47.68200000887834</C2>
                </COORD>
                <COORD>
                  <C1>8.86400000859998</C1>
                  <C2>47.68100000887734</C2>
                </COORD>
                <COORD>
                  <C1>8.865000008600912</C1>
                  <C2>47.68100000887702</C2>
                </COORD>
                <COORD>
                  <C1>8.866000008602182</C1>
                  <C2>47.68000000887635</C2>
                </COORD>
                <COORD>
                  <C1>8.867000008603458</C1>
                  <C2>47.67900000887568</C2>
                </COORD>
                <COORD>
                  <C1>8.869000008605662</C1>
                  <C2>47.6780000088747</C2>
                </COORD>
                <COORD>
                  <C1>8.869000008606</C1>
                  <C2>47.677000008874295</C2>
                </COORD>
                <COORD>
                  <C1>8.870000008606937</C1>
                  <C2>47.67700000887399</C2>
                </COORD>
                <COORD>
                  <C1>8.87000000860727</C1>
                  <C2>47.67600000887365</C2>
                </COORD>
                <COORD>
                  <C1>8.871000008608545</C1>
                  <C2>47.675000008872935</C2>
                </COORD>
                <COORD>
                  <C1>8.872000008609813</C1>
                  <C2>47.674000008872255</C2>
                </COORD>
                <COORD>
                  <C1>8.873000008611088</C1>
                  <C2>47.67300000887155</C2>
                </COORD>
                <COORD>
                  <C1>8.87500000861329</C1>
                  <C2>47.67200000887058</C2>
                </COORD>
                <COORD>
                  <C1>8.875000008613634</C1>
                  <C2>47.671000008870195</C2>
                </COORD>
                <COORD>
                  <C1>8.875000008613972</C1>
                  <C2>47.67000000886981</C2>
                </COORD>
                <COORD>
                  <C1>8.876000008615241</C1>
                  <C2>47.66900000886913</C2>
                </COORD>
                <COORD>
                  <C1>8.87600000861558</C1>
                  <C2>47.66800000886874</C2>
                </COORD>
                <COORD>
                  <C1>8.876000008615922</C1>
                  <C2>47.66700000886839</C2>
                </COORD>
                <COORD>
                  <C1>8.877000008617195</C1>
                  <C2>47.666000008867705</C2>
                </COORD>
                <COORD>
                  <C1>8.877000008617868</C1>
                  <C2>47.66400000886689</C2>
                </COORD>
                <COORD>
                  <C1>8.877000008618547</C1>
                  <C2>47.66200000886615</C2>
                </COORD>
                <COORD>
                  <C1>8.87700000861889</C1>
                  <C2>47.661000008865756</C2>
                </COORD>
                <COORD>
                  <C1>8.877000008619563</C1>
                  <C2>47.659000008865014</C2>
                </COORD>
                <COORD>
                  <C1>8.87700000862024</C1>
                  <C2>47.657000008864216</C2>
                </COORD>
                <COORD>
                  <C1>8.879000008622107</C1>
                  <C2>47.65700000886364</C2>
                </COORD>
                <COORD>
                  <C1>8.880000008623037</C1>
                  <C2>47.657000008863356</C2>
                </COORD>
                <COORD>
                  <C1>8.881000008623975</C1>
                  <C2>47.657000008863065</C2>
                </COORD>
                <COORD>
                  <C1>8.882000008624907</C1>
                  <C2>47.65700000886272</C2>
                </COORD>
                <COORD>
                  <C1>8.883000008625833</C1>
                  <C2>47.6570000088624</C2>
                </COORD>
                <COORD>
                  <C1>8.883000008626174</C1>
                  <C2>47.65600000886203</C2>
                </COORD>
                <COORD>
                  <C1>8.88400000862711</C1>
                  <C2>47.656000008861746</C2>
                </COORD>
                <COORD>
                  <C1>8.885000008628039</C1>
                  <C2>47.65600000886143</C2>
                </COORD>
                <COORD>
                  <C1>8.886000008628974</C1>
                  <C2>47.65600000886113</C2>
                </COORD>
                <COORD>
                  <C1>8.886000008629312</C1>
                  <C2>47.65500000886076</C2>
                </COORD>
                <COORD>
                  <C1>8.887000008630245</C1>
                  <C2>47.65500000886044</C2>
                </COORD>
                <COORD>
                  <C1>8.89000000863372</C1>
                  <C2>47.653000008858754</C2>
                </COORD>
                <COORD>
                  <C1>8.891000008634988</C1>
                  <C2>47.65200000885811</C2>
                </COORD>
                <COORD>
                  <C1>8.89200000863592</C1>
                  <C2>47.65200000885777</C2>
                </COORD>
                <COORD>
                  <C1>8.892000008636257</C1>
                  <C2>47.65100000885738</C2>
                </COORD>
                <COORD>
                  <C1>8.893000008637193</C1>
                  <C2>47.651000008857075</C2>
                </COORD>
                <COORD>
                  <C1>8.894000008638123</C1>
                  <C2>47.65100000885676</C2>
                </COORD>
                <COORD>
                  <C1>8.895000008639395</C1>
                  <C2>47.65000000885607</C2>
                </COORD>
                <COORD>
                  <C1>8.896000008640327</C1>
                  <C2>47.65000000885579</C2>
                </COORD>
                <COORD>
                  <C1>8.897000008641257</C1>
                  <C2>47.65000000885544</C2>
                </COORD>
                <COORD>
                  <C1>8.899000008643121</C1>
                  <C2>47.6500000088548</C2>
                </COORD>
                <COORD>
                  <C1>8.900000008644055</C1>
                  <C2>47.650000008854505</C2>
                </COORD>
                <COORD>
                  <C1>8.901000008644985</C1>
                  <C2>47.650000008854235</C2>
                </COORD>
                <COORD>
                  <C1>8.902000008645919</C1>
                  <C2>47.65000000885393</C2>
                </COORD>
                <COORD>
                  <C1>8.903000008646849</C1>
                  <C2>47.65000000885369</C2>
                </COORD>
                <COORD>
                  <C1>8.903000008646506</C1>
                  <C2>47.65100000885402</C2>
                </COORD>
                <COORD>
                  <C1>8.90400000864744</C1>
                  <C2>47.651000008853714</C2>
                </COORD>
                <COORD>
                  <C1>8.90500000864837</C1>
                  <C2>47.65100000885339</C2>
                </COORD>
                <COORD>
                  <C1>8.90500000864803</C1>
                  <C2>47.6520000088538</C2>
                </COORD>
                <COORD>
                  <C1>8.906000008648961</C1>
                  <C2>47.65200000885346</C2>
                </COORD>
                <COORD>
                  <C1>8.907000008649897</C1>
                  <C2>47.65200000885317</C2>
                </COORD>
                <COORD>
                  <C1>8.908000008650824</C1>
                  <C2>47.65200000885289</C2>
                </COORD>
                <COORD>
                  <C1>8.908000008650484</C1>
                  <C2>47.65300000885323</C2>
                </COORD>
                <COORD>
                  <C1>8.909000008651415</C1>
                  <C2>47.653000008852935</C2>
                </COORD>
                <COORD>
                  <C1>8.910000008652347</C1>
                  <C2>47.65300000885261</C2>
                </COORD>
                <COORD>
                  <C1>8.911000008653277</C1>
                  <C2>47.65300000885234</C2>
                </COORD>
                <COORD>
                  <C1>8.912000008654205</C1>
                  <C2>47.653000008852004</C2>
                </COORD>
                <COORD>
                  <C1>8.913000008655137</C1>
                  <C2>47.653000008851706</C2>
                </COORD>
                <COORD>
                  <C1>8.914000008656066</C1>
                  <C2>47.65300000885142</C2>
                </COORD>
                <COORD>
                  <C1>8.914000008655728</C1>
                  <C2>47.65400000885179</C2>
                </COORD>
                <COORD>
                  <C1>8.915000008656657</C1>
                  <C2>47.65400000885151</C2>
                </COORD>
                <COORD>
                  <C1>8.916000008657589</C1>
                  <C2>47.654000008851185</C2>
                </COORD>
                <COORD>
                  <C1>8.917000008658515</C1>
                  <C2>47.654000008850886</C2>
                </COORD>
                <COORD>
                  <C1>8.918000008659446</C1>
                  <C2>47.65400000885057</C2>
                </COORD>
                <COORD>
                  <C1>8.919000008660037</C1>
                  <C2>47.65500000885065</C2>
                </COORD>
                <COORD>
                  <C1>8.920000008660969</C1>
                  <C2>47.65500000885035</C2>
                </COORD>
                <COORD>
                  <C1>8.921000008661899</C1>
                  <C2>47.655000008850045</C2>
                </COORD>
                <COORD>
                  <C1>8.922000008662826</C1>
                  <C2>47.65500000884971</C2>
                </COORD>
                <COORD>
                  <C1>8.923000008663754</C1>
                  <C2>47.65500000884941</C2>
                </COORD>
                <COORD>
                  <C1>8.926000008665863</C1>
                  <C2>47.65700000884926</C2>
                </COORD>
                <COORD>
                  <C1>8.92700000866679</C1>
                  <C2>47.65700000884898</C2>
                </COORD>
                <COORD>
                  <C1>8.92800000866772</C1>
                  <C2>47.65700000884863</C2>
                </COORD>
                <COORD>
                  <C1>8.929000008668652</C1>
                  <C2>47.65700000884837</C2>
                </COORD>
                <COORD>
                  <C1>8.930000008669575</C1>
                  <C2>47.65700000884803</C2>
                </COORD>
                <COORD>
                  <C1>8.931000008670503</C1>
                  <C2>47.65700000884772</C2>
                </COORD>
                <COORD>
                  <C1>8.931000008670162</C1>
                  <C2>47.65800000884809</C2>
                </COORD>
                <COORD>
                  <C1>8.932000008671093</C1>
                  <C2>47.6580000088478</C2>
                </COORD>
                <COORD>
                  <C1>8.933000008672023</C1>
                  <C2>47.658000008847495</C2>
                </COORD>
                <COORD>
                  <C1>8.934000008672946</C1>
                  <C2>47.658000008847175</C2>
                </COORD>
                <COORD>
                  <C1>8.93500000867388</C1>
                  <C2>47.658000008846905</C2>
                </COORD>
                <COORD>
                  <C1>8.936000008674808</C1>
                  <C2>47.658000008846585</C2>
                </COORD>
                <COORD>
                  <C1>8.937000008675735</C1>
                  <C2>47.658000008846265</C2>
                </COORD>
                <COORD>
                  <C1>8.938000008676667</C1>
                  <C2>47.65800000884596</C2>
                </COORD>
                <COORD>
                  <C1>8.939000008677596</C1>
                  <C2>47.65800000884566</C2>
                </COORD>
                <COORD>
                  <C1>8.940000008678519</C1>
                  <C2>47.65800000884535</C2>
                </COORD>
                <COORD>
                  <C1>8.941000008679449</C1>
                  <C2>47.65800000884508</C2>
                </COORD>
                <COORD>
                  <C1>8.942000008680376</C1>
                  <C2>47.65800000884473</C2>
                </COORD>
                <COORD>
                  <C1>8.9430000086813</C1>
                  <C2>47.65800000884442</C2>
                </COORD>
                <COORD>
                  <C1>8.943000008680961</C1>
                  <C2>47.65900000884483</C2>
                </COORD>
                <COORD>
                  <C1>8.944000008681892</C1>
                  <C2>47.659000008844494</C2>
                </COORD>
                <COORD>
                  <C1>8.945000008682477</C1>
                  <C2>47.660000008844555</C2>
                </COORD>
                <COORD>
                  <C1>8.946000008683404</C1>
                  <C2>47.660000008844264</C2>
                </COORD>
                <COORD>
                  <C1>8.946000008683065</C1>
                  <C2>47.66100000884465</C2>
                </COORD>
                <COORD>
                  <C1>8.947000008683988</C1>
                  <C2>47.66100000884435</C2>
                </COORD>
                <COORD>
                  <C1>8.947000008683647</C1>
                  <C2>47.66200000884471</C2>
                </COORD>
                <COORD>
                  <C1>8.948000008684572</C1>
                  <C2>47.66200000884443</C2>
                </COORD>
                <COORD>
                  <C1>8.949000008685498</C1>
                  <C2>47.66200000884413</C2>
                </COORD>
                <COORD>
                  <C1>8.950000008686429</C1>
                  <C2>47.662000008843776</C2>
                </COORD>
                <COORD>
                  <C1>8.951000008687355</C1>
                  <C2>47.66200000884349</C2>
                </COORD>
                <COORD>
                  <C1>8.95200000868828</C1>
                  <C2>47.6620000088432</C2>
                </COORD>
                <COORD>
                  <C1>8.952000008687941</C1>
                  <C2>47.66300000884356</C2>
                </COORD>
                <COORD>
                  <C1>8.955000008690378</C1>
                  <C2>47.66400000884302</C2>
                </COORD>
                <COORD>
                  <C1>8.956000008691307</C1>
                  <C2>47.66400000884276</C2>
                </COORD>
                <COORD>
                  <C1>8.95600000869096</C1>
                  <C2>47.66500000884311</C2>
                </COORD>
                <COORD>
                  <C1>8.957000008691892</C1>
                  <C2>47.66500000884281</C2>
                </COORD>
                <COORD>
                  <C1>8.958000008692816</C1>
                  <C2>47.665000008842476</C2>
                </COORD>
                <COORD>
                  <C1>8.962000008696178</C1>
                  <C2>47.66600000884159</C2>
                </COORD>
                <COORD>
                  <C1>8.963000008697104</C1>
                  <C2>47.66600000884132</C2>
                </COORD>
                <COORD>
                  <C1>8.96400000869768</C1>
                  <C2>47.66700000884142</C2>
                </COORD>
                <COORD>
                  <C1>8.96500000869861</C1>
                  <C2>47.667000008841065</C2>
                </COORD>
                <COORD>
                  <C1>8.969000008701624</C1>
                  <C2>47.66900000884063</C2>
                </COORD>
                <COORD>
                  <C1>8.97000000870255</C1>
                  <C2>47.6690000088403</C2>
                </COORD>
                <COORD>
                  <C1>8.970000008702208</C1>
                  <C2>47.67000000884067</C2>
                </COORD>
                <COORD>
                  <C1>8.971000008703133</C1>
                  <C2>47.67000000884038</C2>
                </COORD>
                <COORD>
                  <C1>8.97200000870406</C1>
                  <C2>47.67000000884007</C2>
                </COORD>
                <COORD>
                  <C1>8.975000008706488</C1>
                  <C2>47.67100000883952</C2>
                </COORD>
                <COORD>
                  <C1>8.976000008707409</C1>
                  <C2>47.671000008839215</C2>
                </COORD>
                <COORD>
                  <C1>8.977000008708337</C1>
                  <C2>47.67100000883887</C2>
                </COORD>
                <COORD>
                  <C1>8.977000008707995</C1>
                  <C2>47.67200000883929</C2>
                </COORD>
                <COORD>
                  <C1>8.978000008708234</C1>
                  <C2>47.67400000883975</C2>
                </COORD>
                <COORD>
                  <C1>8.979000008709152</C1>
                  <C2>47.67400000883944</C2>
                </COORD>
                <COORD>
                  <C1>8.979000008708809</C1>
                  <C2>47.67500000883981</C2>
                </COORD>
                <COORD>
                  <C1>8.980000008709734</C1>
                  <C2>47.6750000088395</C2>
                </COORD>
                <COORD>
                  <C1>8.981000008710657</C1>
                  <C2>47.67500000883923</C2>
                </COORD>
                <COORD>
                  <C1>8.981000008710312</C1>
                  <C2>47.676000008839566</C2>
                </COORD>
                <COORD>
                  <C1>8.982000008711239</C1>
                  <C2>47.67600000883924</C2>
                </COORD>
                <COORD>
                  <C1>8.98300000871216</C1>
                  <C2>47.676000008838955</C2>
                </COORD>
                <COORD>
                  <C1>8.984000008713087</C1>
                  <C2>47.67600000883867</C2>
                </COORD>
                <COORD>
                  <C1>8.985000008714012</C1>
                  <C2>47.676000008838336</C2>
                </COORD>
                <COORD>
                  <C1>8.986000008714933</C1>
                  <C2>47.67600000883799</C2>
                </COORD>
                <COORD>
                  <C1>8.986000008714585</C1>
                  <C2>47.67700000883838</C2>
                </COORD>
                <COORD>
                  <C1>8.987000008715512</C1>
                  <C2>47.67700000883807</C2>
                </COORD>
                <COORD>
                  <C1>8.988000008716433</C1>
                  <C2>47.67700000883777</C2>
                </COORD>
                <COORD>
                  <C1>8.989000008717362</C1>
                  <C2>47.67700000883748</C2>
                </COORD>
                <COORD>
                  <C1>8.990000008718285</C1>
                  <C2>47.67700000883718</C2>
                </COORD>
                <COORD>
                  <C1>8.991000008719206</C1>
                  <C2>47.67700000883687</C2>
                </COORD>
                <COORD>
                  <C1>9.000000008726472</C1>
                  <C2>47.68000000883523</C2>
                </COORD>
                <COORD>
                  <C1>9.001000008727395</C1>
                  <C2>47.68000000883491</C2>
                </COORD>
                <COORD>
                  <C1>9.002000008727974</C1>
                  <C2>47.68100000883497</C2>
                </COORD>
                <COORD>
                  <C1>9.003000008728893</C1>
                  <C2>47.68100000883466</C2>
                </COORD>
                <COORD>
                  <C1>9.004000008729466</C1>
                  <C2>47.68200000883473</C2>
                </COORD>
                <COORD>
                  <C1>9.005000008730391</C1>
                  <C2>47.68200000883438</C2>
                </COORD>
                <COORD>
                  <C1>9.006000008731315</C1>
                  <C2>47.6820000088341</C2>
                </COORD>
                <COORD>
                  <C1>9.00700000873189</C1>
                  <C2>47.68300000883418</C2>
                </COORD>
                <COORD>
                  <C1>9.00800000873281</C1>
                  <C2>47.683000008833886</C2>
                </COORD>
                <COORD>
                  <C1>9.009000008733386</C1>
                  <C2>47.68400000883394</C2>
                </COORD>
                <COORD>
                  <C1>9.013000008736379</C1>
                  <C2>47.68600000883344</C2>
                </COORD>
                <COORD>
                  <C1>9.014000008737298</C1>
                  <C2>47.68600000883311</C2>
                </COORD>
                <COORD>
                  <C1>9.014000008736954</C1>
                  <C2>47.68700000883353</C2>
                </COORD>
                <COORD>
                  <C1>9.015000008737877</C1>
                  <C2>47.68700000883317</C2>
                </COORD>
                <COORD>
                  <C1>9.016000008738795</C1>
                  <C2>47.687000008832904</C2>
                </COORD>
                <COORD>
                  <C1>9.017000008739368</C1>
                  <C2>47.688000008832965</C2>
                </COORD>
                <COORD>
                  <C1>9.018000008740287</C1>
                  <C2>47.688000008832645</C2>
                </COORD>
                <COORD>
                  <C1>9.019000008741209</C1>
                  <C2>47.68800000883234</C2>
                </COORD>
                <COORD>
                  <C1>9.020000008742128</C1>
                  <C2>47.688000008832034</C2>
                </COORD>
                <COORD>
                  <C1>9.021000008743052</C1>
                  <C2>47.688000008831686</C2>
                </COORD>
                <COORD>
                  <C1>9.021000008742707</C1>
                  <C2>47.68900000883208</C2>
                </COORD>
                <COORD>
                  <C1>9.022000008743623</C1>
                  <C2>47.68900000883177</C2>
                </COORD>
                <COORD>
                  <C1>9.023000008744539</C1>
                  <C2>47.68900000883145</C2>
                </COORD>
                <COORD>
                  <C1>9.024000008745462</C1>
                  <C2>47.68900000883113</C2>
                </COORD>
                <COORD>
                  <C1>9.025000008746378</C1>
                  <C2>47.689000008830824</C2>
                </COORD>
                <COORD>
                  <C1>9.0260000087473</C1>
                  <C2>47.68900000883054</C2>
                </COORD>
                <COORD>
                  <C1>9.027000008748221</C1>
                  <C2>47.68900000883021</C2>
                </COORD>
                <COORD>
                  <C1>9.028000008749142</C1>
                  <C2>47.6890000088299</C2>
                </COORD>
                <COORD>
                  <C1>9.029000008750064</C1>
                  <C2>47.689000008829574</C2>
                </COORD>
                <COORD>
                  <C1>9.03000000875098</C1>
                  <C2>47.689000008829275</C2>
                </COORD>
                <COORD>
                  <C1>9.030000008751328</C1>
                  <C2>47.68800000882895</C2>
                </COORD>
                <COORD>
                  <C1>9.031000008752248</C1>
                  <C2>47.6880000088286</C2>
                </COORD>
                <COORD>
                  <C1>9.033000008754085</C1>
                  <C2>47.688000008827984</C2>
                </COORD>
                <COORD>
                  <C1>9.035000008755924</C1>
                  <C2>47.68800000882738</C2>
                </COORD>
                <COORD>
                  <C1>9.03600000875719</C1>
                  <C2>47.687000008826665</C2>
                </COORD>
                <COORD>
                  <C1>9.038000008759028</C1>
                  <C2>47.68700000882606</C2>
                </COORD>
                <COORD>
                  <C1>9.039000008759947</C1>
                  <C2>47.68700000882575</C2>
                </COORD>
                <COORD>
                  <C1>9.041000008762131</C1>
                  <C2>47.686000008824735</C2>
                </COORD>
                <COORD>
                  <C1>9.042000008763049</C1>
                  <C2>47.68600000882446</C2>
                </COORD>
                <COORD>
                  <C1>9.04400000876489</C1>
                  <C2>47.68600000882383</C2>
                </COORD>
                <COORD>
                  <C1>9.045000008766152</C1>
                  <C2>47.685000008823096</C2>
                </COORD>
                <COORD>
                  <C1>9.047000008767991</C1>
                  <C2>47.68500000882255</C2>
                </COORD>
                <COORD>
                  <C1>9.04800000876891</C1>
                  <C2>47.68500000882219</C2>
                </COORD>
                <COORD>
                  <C1>9.050000008770741</C1>
                  <C2>47.685000008821575</C2>
                </COORD>
                <COORD>
                  <C1>9.051000008772013</C1>
                  <C2>47.684000008820895</C2>
                </COORD>
                <COORD>
                  <C1>9.053000008773846</C1>
                  <C2>47.68400000882023</C2>
                </COORD>
                <COORD>
                  <C1>9.05400000877476</C1>
                  <C2>47.68400000881992</C2>
                </COORD>
                <COORD>
                  <C1>9.056000008776596</C1>
                  <C2>47.68400000881931</C2>
                </COORD>
                <COORD>
                  <C1>9.058000008778782</C1>
                  <C2>47.68300000881831</C2>
                </COORD>
                <COORD>
                  <C1>9.059000008779698</C1>
                  <C2>47.68300000881802</C2>
                </COORD>
                <COORD>
                  <C1>9.061000008781527</C1>
                  <C2>47.68300000881736</C2>
                </COORD>
                <COORD>
                  <C1>9.062000008782446</C1>
                  <C2>47.683000008817096</C2>
                </COORD>
                <COORD>
                  <C1>9.06400000878428</C1>
                  <C2>47.68300000881648</C2>
                </COORD>
                <COORD>
                  <C1>9.065000008785546</C1>
                  <C2>47.682000008815756</C2>
                </COORD>
                <COORD>
                  <C1>9.067000008787382</C1>
                  <C2>47.68200000881513</C2>
                </COORD>
                <COORD>
                  <C1>9.068000008788294</C1>
                  <C2>47.68200000881482</C2>
                </COORD>
                <COORD>
                  <C1>9.070000008790132</C1>
                  <C2>47.6820000088142</C2>
                </COORD>
                <COORD>
                  <C1>9.07200000879196</C1>
                  <C2>47.68200000881359</C2>
                </COORD>
                <COORD>
                  <C1>9.07300000879288</C1>
                  <C2>47.68200000881324</C2>
                </COORD>
                <COORD>
                  <C1>9.073000008793226</C1>
                  <C2>47.68100000881285</C2>
                </COORD>
                <COORD>
                  <C1>9.074000008794142</C1>
                  <C2>47.68100000881256</C2>
                </COORD>
                <COORD>
                  <C1>9.07500000879506</C1>
                  <C2>47.68100000881226</C2>
                </COORD>
                <COORD>
                  <C1>9.076000008795976</C1>
                  <C2>47.68100000881193</C2>
                </COORD>
                <COORD>
                  <C1>9.077000008796894</C1>
                  <C2>47.68100000881163</C2>
                </COORD>
                <COORD>
                  <C1>9.078000008797808</C1>
                  <C2>47.68100000881134</C2>
                </COORD>
                <COORD>
                  <C1>9.079000008798724</C1>
                  <C2>47.68100000881103</C2>
                </COORD>
                <COORD>
                  <C1>9.08000000879964</C1>
                  <C2>47.68100000881068</C2>
                </COORD>
                <COORD>
                  <C1>9.081000008800556</C1>
                  <C2>47.681000008810386</C2>
                </COORD>
                <COORD>
                  <C1>9.082000008801472</C1>
                  <C2>47.68100000881011</C2>
                </COORD>
                <COORD>
                  <C1>9.083000008802385</C1>
                  <C2>47.68100000880977</C2>
                </COORD>
                <COORD>
                  <C1>9.084000008803304</C1>
                  <C2>47.681000008809455</C2>
                </COORD>
                <COORD>
                  <C1>9.085000008804217</C1>
                  <C2>47.681000008809114</C2>
                </COORD>
                <COORD>
                  <C1>9.086000008804783</C1>
                  <C2>47.682000008809204</C2>
                </COORD>
                <COORD>
                  <C1>9.087000008805697</C1>
                  <C2>47.68200000880892</C2>
                </COORD>
                <COORD>
                  <C1>9.088000008806615</C1>
                  <C2>47.68200000880857</C2>
                </COORD>
                <COORD>
                  <C1>9.08900000880753</C1>
                  <C2>47.68200000880831</C2>
                </COORD>
                <COORD>
                  <C1>9.090000008808447</C1>
                  <C2>47.68200000880797</C2>
                </COORD>
                <COORD>
                  <C1>9.091000008809361</C1>
                  <C2>47.68200000880767</C2>
                </COORD>
                <COORD>
                  <C1>9.092000008810274</C1>
                  <C2>47.68200000880732</C2>
                </COORD>
                <COORD>
                  <C1>9.093000008811188</C1>
                  <C2>47.682000008806995</C2>
                </COORD>
                <COORD>
                  <C1>9.094000008812102</C1>
                  <C2>47.68200000880671</C2>
                </COORD>
                <COORD>
                  <C1>9.095000008813015</C1>
                  <C2>47.68200000880637</C2>
                </COORD>
                <COORD>
                  <C1>9.095000008813368</C1>
                  <C2>47.681000008806</C2>
                </COORD>
                <COORD>
                  <C1>9.096000008814281</C1>
                  <C2>47.68100000880571</C2>
                </COORD>
                <COORD>
                  <C1>9.097000008815195</C1>
                  <C2>47.68100000880541</C2>
                </COORD>
                <COORD>
                  <C1>9.098000008816111</C1>
                  <C2>47.681000008805036</C2>
                </COORD>
                <COORD>
                  <C1>9.099000008817022</C1>
                  <C2>47.68100000880476</C2>
                </COORD>
                <COORD>
                  <C1>9.099000008817372</C1>
                  <C2>47.68000000880432</C2>
                </COORD>
                <COORD>
                  <C1>9.100000008818286</C1>
                  <C2>47.680000008804036</C2>
                </COORD>
                <COORD>
                  <C1>9.101000008819202</C1>
                  <C2>47.68000000880373</C2>
                </COORD>
                <COORD>
                  <C1>9.102000008820113</C1>
                  <C2>47.68000000880345</C2>
                </COORD>
                <COORD>
                  <C1>9.102000008820466</C1>
                  <C2>47.67900000880306</C2>
                </COORD>
                <COORD>
                  <C1>9.103000008821377</C1>
                  <C2>47.679000008802774</C2>
                </COORD>
                <COORD>
                  <C1>9.10400000882229</C1>
                  <C2>47.67900000880244</C2>
                </COORD>
                <COORD>
                  <C1>9.105000008823556</C1>
                  <C2>47.678000008801746</C2>
                </COORD>
                <COORD>
                  <C1>9.10600000882447</C1>
                  <C2>47.67800000880142</C2>
                </COORD>
                <COORD>
                  <C1>9.107000008825379</C1>
                  <C2>47.67800000880112</C2>
                </COORD>
                <COORD>
                  <C1>9.10700000882573</C1>
                  <C2>47.677000008800746</C2>
                </COORD>
                <COORD>
                  <C1>9.108000008826645</C1>
                  <C2>47.67700000880042</C2>
                </COORD>
                <COORD>
                  <C1>9.109000008827561</C1>
                  <C2>47.67700000880012</C2>
                </COORD>
                <COORD>
                  <C1>9.10900000882791</C1>
                  <C2>47.67600000879975</C2>
                </COORD>
                <COORD>
                  <C1>9.110000008828822</C1>
                  <C2>47.67600000879948</C2>
                </COORD>
                <COORD>
                  <C1>9.111000008829738</C1>
                  <C2>47.67600000879915</C2>
                </COORD>
                <COORD>
                  <C1>9.111000008830086</C1>
                  <C2>47.67500000879873</C2>
                </COORD>
                <COORD>
                  <C1>9.112000008831002</C1>
                  <C2>47.67500000879843</C2>
                </COORD>
                <COORD>
                  <C1>9.112000008831352</C1>
                  <C2>47.674000008798046</C2>
                </COORD>
                <COORD>
                  <C1>9.113000008832262</C1>
                  <C2>47.67400000879776</C2>
                </COORD>
                <COORD>
                  <C1>9.114000008833527</C1>
                  <C2>47.67300000879704</C2>
                </COORD>
                <COORD>
                  <C1>9.11500000883444</C1>
                  <C2>47.67300000879674</C2>
                </COORD>
                <COORD>
                  <C1>9.115000008834793</C1>
                  <C2>47.67200000879633</C2>
                </COORD>
                <COORD>
                  <C1>9.1160000088357</C1>
                  <C2>47.67200000879602</C2>
                </COORD>
                <COORD>
                  <C1>9.117000008836614</C1>
                  <C2>47.67200000879574</C2>
                </COORD>
                <COORD>
                  <C1>9.117000008836966</C1>
                  <C2>47.671000008795325</C2>
                </COORD>
                <COORD>
                  <C1>9.118000008837882</C1>
                  <C2>47.67100000879504</C2>
                </COORD>
                <COORD>
                  <C1>9.11900000883879</C1>
                  <C2>47.67100000879473</C2>
                </COORD>
                <COORD>
                  <C1>9.120000008839703</C1>
                  <C2>47.67100000879442</C2>
                </COORD>
                <COORD>
                  <C1>9.120000008840055</C1>
                  <C2>47.67000000879406</C2>
                </COORD>
                <COORD>
                  <C1>9.121000008840968</C1>
                  <C2>47.6700000087937</C2>
                </COORD>
                <COORD>
                  <C1>9.122000008841878</C1>
                  <C2>47.67000000879338</C2>
                </COORD>
                <COORD>
                  <C1>9.12300000884279</C1>
                  <C2>47.670000008793096</C2>
                </COORD>
                <COORD>
                  <C1>9.124000008843707</C1>
                  <C2>47.670000008792805</C2>
                </COORD>
                <COORD>
                  <C1>9.125000008844621</C1>
                  <C2>47.67000000879244</C2>
                </COORD>
                <COORD>
                  <C1>9.12500000884497</C1>
                  <C2>47.669000008792096</C2>
                </COORD>
                <COORD>
                  <C1>9.126000008845883</C1>
                  <C2>47.66900000879178</C2>
                </COORD>
                <COORD>
                  <C1>9.127000008846792</C1>
                  <C2>47.66900000879147</C2>
                </COORD>
                <COORD>
                  <C1>9.128000008847707</C1>
                  <C2>47.6690000087911</C2>
                </COORD>
                <COORD>
                  <C1>9.129000008848616</C1>
                  <C2>47.6690000087908</C2>
                </COORD>
                <COORD>
                  <C1>9.130000008849532</C1>
                  <C2>47.669000008790505</C2>
                </COORD>
                <COORD>
                  <C1>9.131000008850792</C1>
                  <C2>47.66800000878984</C2>
                </COORD>
                <COORD>
                  <C1>9.132000008851705</C1>
                  <C2>47.66800000878953</C2>
                </COORD>
                <COORD>
                  <C1>9.133000008852616</C1>
                  <C2>47.66800000878919</C2>
                </COORD>
                <COORD>
                  <C1>9.134000008853528</C1>
                  <C2>47.66800000878889</C2>
                </COORD>
                <COORD>
                  <C1>9.135000008854439</C1>
                  <C2>47.668000008788574</C2>
                </COORD>
                <COORD>
                  <C1>9.136000008855703</C1>
                  <C2>47.66700000878785</C2>
                </COORD>
                <COORD>
                  <C1>9.137000008856612</C1>
                  <C2>47.66700000878755</C2>
                </COORD>
                <COORD>
                  <C1>9.138000008857526</C1>
                  <C2>47.667000008787255</C2>
                </COORD>
                <COORD>
                  <C1>9.139000008858433</C1>
                  <C2>47.66700000878693</C2>
                </COORD>
                <COORD>
                  <C1>9.139000008858789</C1>
                  <C2>47.66600000878656</C2>
                </COORD>
                <COORD>
                  <C1>9.140000008859701</C1>
                  <C2>47.66600000878623</C2>
                </COORD>
                <COORD>
                  <C1>9.14100000886061</C1>
                  <C2>47.666000008785936</C2>
                </COORD>
                <COORD>
                  <C1>9.14200000886152</C1>
                  <C2>47.666000008785595</C2>
                </COORD>
                <COORD>
                  <C1>9.144000008862994</C1>
                  <C2>47.667000008785344</C2>
                </COORD>
                <COORD>
                  <C1>9.145000008863907</C1>
                  <C2>47.667000008785045</C2>
                </COORD>
                <COORD>
                  <C1>9.145000008863553</C1>
                  <C2>47.66800000878545</C2>
                </COORD>
                <COORD>
                  <C1>9.146000008864466</C1>
                  <C2>47.66800000878508</C2>
                </COORD>
                <COORD>
                  <C1>9.147000008865373</C1>
                  <C2>47.66800000878483</C2>
                </COORD>
                <COORD>
                  <C1>9.148000008865933</C1>
                  <C2>47.66900000878483</C2>
                </COORD>
                <COORD>
                  <C1>9.149000008866844</C1>
                  <C2>47.66900000878453</C2>
                </COORD>
                <COORD>
                  <C1>9.150000008867757</C1>
                  <C2>47.669000008784224</C2>
                </COORD>
                <COORD>
                  <C1>9.150000008867405</C1>
                  <C2>47.67000000878459</C2>
                </COORD>
                <COORD>
                  <C1>9.151000008868317</C1>
                  <C2>47.6700000087843</C2>
                </COORD>
                <COORD>
                  <C1>9.152000008869226</C1>
                  <C2>47.67000000878397</C2>
                </COORD>
                <COORD>
                  <C1>9.158000008875389</C1>
                  <C2>47.668000008781306</C2>
                </COORD>
                <COORD>
                  <C1>9.159000008876301</C1>
                  <C2>47.66800000878105</C2>
                </COORD>
                <COORD>
                  <C1>9.161000008878819</C1>
                  <C2>47.66600000877959</C2>
                </COORD>
                <COORD>
                  <C1>9.16100000887917</C1>
                  <C2>47.66500000877923</C2>
                </COORD>
                <COORD>
                  <C1>9.162000008880433</C1>
                  <C2>47.664000008778565</C2>
                </COORD>
                <COORD>
                  <C1>9.163000008881347</C1>
                  <C2>47.664000008778245</C2>
                </COORD>
                <COORD>
                  <C1>9.165000008883867</C1>
                  <C2>47.66200000877685</C2>
                </COORD>
                <COORD>
                  <C1>9.166000008885128</C1>
                  <C2>47.661000008776156</C2>
                </COORD>
                <COORD>
                  <C1>9.167000008886038</C1>
                  <C2>47.66100000877586</C2>
                </COORD>
                <COORD>
                  <C1>9.171000008890728</C1>
                  <C2>47.65800000877346</C2>
                </COORD>
                <COORD>
                  <C1>9.17200000889199</C1>
                  <C2>47.65700000877275</C2>
                </COORD>
                <COORD>
                  <C1>9.1730000088929</C1>
                  <C2>47.657000008772435</C2>
                </COORD>
                <COORD>
                  <C1>9.174000008893808</C1>
                  <C2>47.6570000087721</C2>
                </COORD>
                <COORD>
                  <C1>9.175000008894719</C1>
                  <C2>47.65700000877182</C2>
                </COORD>
                <COORD>
                  <C1>9.177000008896187</C1>
                  <C2>47.65800000877161</C2>
                </COORD>
                <COORD>
                  <C1>9.177000008896885</C1>
                  <C2>47.656000008770775</C2>
                </COORD>
                <COORD>
                  <C1>9.178000008897442</C1>
                  <C2>47.65700000877084</C2>
                </COORD>
                <COORD>
                  <C1>9.179000008898354</C1>
                  <C2>47.65700000877053</C2>
                </COORD>
                <COORD>
                  <C1>9.183000008901637</C1>
                  <C2>47.65800000876968</C2>
                </COORD>
                <COORD>
                  <C1>9.188000008905824</C1>
                  <C2>47.65900000876847</C2>
                </COORD>
                <COORD>
                  <C1>9.20400000892104</C1>
                  <C2>47.657000008762665</C2>
                </COORD>
                <COORD>
                  <C1>9.216000008931918</C1>
                  <C2>47.65700000875884</C2>
                </COORD>
                <COORD>
                  <C1>9.235000008948399</C1>
                  <C2>47.65900000875357</C2>
                </COORD>
                <COORD>
                  <C1>9.2360000089493</C1>
                  <C2>47.65900000875326</C2>
                </COORD>
                <COORD>
                  <C1>9.258000008968455</C1>
                  <C2>47.661000008747</C2>
                </COORD>
                <COORD>
                  <C1>9.278000008988617</C1>
                  <C2>47.655000008738334</C2>
                </COORD>
                <COORD>
                  <C1>9.396000009106194</C1>
                  <C2>47.62200000868795</C2>
                </COORD>
                <COORD>
                  <C1>9.420000009133345</C1>
                  <C2>47.60600000867405</C2>
                </COORD>
                <COORD>
                  <C1>9.49700000922084</C1>
                  <C2>47.55300000862858</C2>
                </COORD>
                <COORD>
                  <C1>9.5000000092235</C1>
                  <C2>47.553000008627585</C2>
                </COORD>
                <COORD>
                  <C1>9.508000009230946</C1>
                  <C2>47.552000008624574</C2>
                </COORD>
                <COORD>
                  <C1>9.560000009279786</C1>
                  <C2>47.544000008604456</C2>
                </COORD>
                <COORD>
                  <C1>9.563000009295795</C1>
                  <C2>47.507000008588946</C2>
                </COORD>
                <COORD>
                  <C1>9.563000009297596</C1>
                  <C2>47.50200000858697</C2>
                </COORD>
                <COORD>
                  <C1>9.563000009297955</C1>
                  <C2>47.50100000858655</C2>
                </COORD>
                <COORD>
                  <C1>9.56300000929832</C1>
                  <C2>47.50000000858614</C2>
                </COORD>
                <COORD>
                  <C1>9.563000009298673</C1>
                  <C2>47.499000008585796</C2>
                </COORD>
                <COORD>
                  <C1>9.563000009299033</C1>
                  <C2>47.498000008585336</C2>
                </COORD>
                <COORD>
                  <C1>9.56400000929992</C1>
                  <C2>47.49800000858503</C2>
                </COORD>
                <COORD>
                  <C1>9.564000009300278</C1>
                  <C2>47.497000008584656</C2>
                </COORD>
                <COORD>
                  <C1>9.56500000930152</C1>
                  <C2>47.49600000858392</C2>
                </COORD>
                <COORD>
                  <C1>9.56600000930276</C1>
                  <C2>47.495000008583176</C2>
                </COORD>
                <COORD>
                  <C1>9.567000009304005</C1>
                  <C2>47.49400000858247</C2>
                </COORD>
                <COORD>
                  <C1>9.568000009304887</C1>
                  <C2>47.49400000858214</C2>
                </COORD>
                <COORD>
                  <C1>9.578000009315874</C1>
                  <C2>47.48800000857647</C2>
                </COORD>
                <COORD>
                  <C1>9.580000009317999</C1>
                  <C2>47.487000008575414</C2>
                </COORD>
                <COORD>
                  <C1>9.581000009318881</C1>
                  <C2>47.487000008575066</C2>
                </COORD>
                <COORD>
                  <C1>9.581000009319238</C1>
                  <C2>47.486000008574685</C2>
                </COORD>
                <COORD>
                  <C1>9.582000009320124</C1>
                  <C2>47.48600000857435</C2>
                </COORD>
                <COORD>
                  <C1>9.583000009321367</C1>
                  <C2>47.48500000857366</C2>
                </COORD>
                <COORD>
                  <C1>9.584000009322247</C1>
                  <C2>47.485000008573316</C2>
                </COORD>
                <COORD>
                  <C1>9.584000009322608</C1>
                  <C2>47.48400000857292</C2>
                </COORD>
                <COORD>
                  <C1>9.584000009322967</C1>
                  <C2>47.4830000085725</C2>
                </COORD>
                <COORD>
                  <C1>9.585000009323847</C1>
                  <C2>47.4830000085722</C2>
                </COORD>
                <COORD>
                  <C1>9.594000009337183</C1>
                  <C2>47.46800000856325</C2>
                </COORD>
                <COORD>
                  <C1>9.59500000933842</C1>
                  <C2>47.467000008562515</C2>
                </COORD>
                <COORD>
                  <C1>9.595000009338778</C1>
                  <C2>47.46600000856211</C2>
                </COORD>
                <COORD>
                  <C1>9.59600000933966</C1>
                  <C2>47.466000008561785</C2>
                </COORD>
                <COORD>
                  <C1>9.596000009340022</C1>
                  <C2>47.46500000856139</C2>
                </COORD>
                <COORD>
                  <C1>9.597000009340901</C1>
                  <C2>47.465000008561056</C2>
                </COORD>
                <COORD>
                  <C1>9.598000009341787</C1>
                  <C2>47.4650000085607</C2>
                </COORD>
                <COORD>
                  <C1>9.598000009342144</C1>
                  <C2>47.46400000856031</C2>
                </COORD>
                <COORD>
                  <C1>9.599000009343026</C1>
                  <C2>47.46400000855997</C2>
                </COORD>
                <COORD>
                  <C1>9.602000009345668</C1>
                  <C2>47.464000008559005</C2>
                </COORD>
                <COORD>
                  <C1>9.60300000934655</C1>
                  <C2>47.46400000855867</C2>
                </COORD>
                <COORD>
                  <C1>9.60400000934743</C1>
                  <C2>47.46400000855838</C2>
                </COORD>
                <COORD>
                  <C1>9.605000009348313</C1>
                  <C2>47.464000008558</C2>
                </COORD>
                <COORD>
                  <C1>9.60500000934795</C1>
                  <C2>47.46500000855845</C2>
                </COORD>
                <COORD>
                  <C1>9.606000009348831</C1>
                  <C2>47.465000008558114</C2>
                </COORD>
                <COORD>
                  <C1>9.60600000934847</C1>
                  <C2>47.4660000085585</C2>
                </COORD>
                <COORD>
                  <C1>9.607000009348996</C1>
                  <C2>47.46700000855859</C2>
                </COORD>
                <COORD>
                  <C1>9.607000009348635</C1>
                  <C2>47.468000008558974</C2>
                </COORD>
                <COORD>
                  <C1>9.607000009348276</C1>
                  <C2>47.469000008559384</C2>
                </COORD>
                <COORD>
                  <C1>9.6080000093488</C1>
                  <C2>47.470000008559445</C2>
                </COORD>
                <COORD>
                  <C1>9.608000009348437</C1>
                  <C2>47.47100000855982</C2>
                </COORD>
                <COORD>
                  <C1>9.608000009348075</C1>
                  <C2>47.472000008560215</C2>
                </COORD>
                <COORD>
                  <C1>9.60900000934896</C1>
                  <C2>47.4720000085599</C2>
                </COORD>
                <COORD>
                  <C1>9.609000009348598</C1>
                  <C2>47.473000008560305</C2>
                </COORD>
                <COORD>
                  <C1>9.610000009349479</C1>
                  <C2>47.47300000855999</C2>
                </COORD>
                <COORD>
                  <C1>9.610000009349838</C1>
                  <C2>47.47200000855958</C2>
                </COORD>
                <COORD>
                  <C1>9.611000009350718</C1>
                  <C2>47.47200000855927</C2>
                </COORD>
                <COORD>
                  <C1>9.612000009351593</C1>
                  <C2>47.4720000085589</C2>
                </COORD>
                <COORD>
                  <C1>9.613000009352476</C1>
                  <C2>47.4720000085586</C2>
                </COORD>
                <COORD>
                  <C1>9.61300000935284</C1>
                  <C2>47.471000008558214</C2>
                </COORD>
                <COORD>
                  <C1>9.6180000093594</C1>
                  <C2>47.465000008554135</C2>
                </COORD>
                <COORD>
                  <C1>9.618000009359758</C1>
                  <C2>47.464000008553754</C2>
                </COORD>
                <COORD>
                  <C1>9.619000009361002</C1>
                  <C2>47.46300000855303</C2>
                </COORD>
                <COORD>
                  <C1>9.62200000936436</C1>
                  <C2>47.46100000855122</C2>
                </COORD>
                <COORD>
                  <C1>9.622000009364719</C1>
                  <C2>47.460000008550814</C2>
                </COORD>
                <COORD>
                  <C1>9.623000009365596</C1>
                  <C2>47.46000000855049</C2>
                </COORD>
                <COORD>
                  <C1>9.62400000936684</C1>
                  <C2>47.45900000854978</C2>
                </COORD>
                <COORD>
                  <C1>9.625000009367719</C1>
                  <C2>47.45900000854942</C2>
                </COORD>
                <COORD>
                  <C1>9.626000009368596</C1>
                  <C2>47.45900000854909</C2>
                </COORD>
                <COORD>
                  <C1>9.627000009369477</C1>
                  <C2>47.45900000854876</C2>
                </COORD>
                <COORD>
                  <C1>9.628000009370359</C1>
                  <C2>47.459000008548486</C2>
                </COORD>
                <COORD>
                  <C1>9.640000009381266</C1>
                  <C2>47.45800000854409</C2>
                </COORD>
                <COORD>
                  <C1>9.641000009382143</C1>
                  <C2>47.45800000854379</C2>
                </COORD>
                <COORD>
                  <C1>9.644000009384778</C1>
                  <C2>47.45800000854278</C2>
                </COORD>
                <COORD>
                  <C1>9.645000009385653</C1>
                  <C2>47.458000008542456</C2>
                </COORD>
                <COORD>
                  <C1>9.646000009386535</C1>
                  <C2>47.45800000854209</C2>
                </COORD>
                <COORD>
                  <C1>9.64700000938741</C1>
                  <C2>47.45800000854176</C2>
                </COORD>
                <COORD>
                  <C1>9.65600000939603</C1>
                  <C2>47.45600000853804</C2>
                </COORD>
                <COORD>
                  <C1>9.657000009396908</C1>
                  <C2>47.45600000853769</C2>
                </COORD>
                <COORD>
                  <C1>9.658000009397782</C1>
                  <C2>47.45600000853735</C2>
                </COORD>
                <COORD>
                  <C1>9.659000009399023</C1>
                  <C2>47.455000008536636</C2>
                </COORD>
                <COORD>
                  <C1>9.6600000093999</C1>
                  <C2>47.45500000853631</C2>
                </COORD>
                <COORD>
                  <C1>9.660000009400264</C1>
                  <C2>47.454000008535864</C2>
                </COORD>
                <COORD>
                  <C1>9.661000009401135</C1>
                  <C2>47.45400000853556</C2>
                </COORD>
                <COORD>
                  <C1>9.661000009401496</C1>
                  <C2>47.45300000853515</C2>
                </COORD>
                <COORD>
                  <C1>9.660000009401347</C1>
                  <C2>47.45100000853467</C2>
                </COORD>
                <COORD>
                  <C1>9.65900000940083</C1>
                  <C2>47.45000000853462</C2>
                </COORD>
                <COORD>
                  <C1>9.65200000939649</C1>
                  <C2>47.4450000085349</C2>
                </COORD>
                <COORD>
                  <C1>9.651000009395972</C1>
                  <C2>47.44400000853482</C2>
                </COORD>
                <COORD>
                  <C1>9.650000009395455</C1>
                  <C2>47.44300000853472</C2>
                </COORD>
                <COORD>
                  <C1>9.649000009394573</C1>
                  <C2>47.443000008535066</C2>
                </COORD>
                <COORD>
                  <C1>9.649000009394932</C1>
                  <C2>47.442000008534706</C2>
                </COORD>
                <COORD>
                  <C1>9.648000009394055</C1>
                  <C2>47.442000008535025</C2>
                </COORD>
                <COORD>
                  <C1>9.648000009394416</C1>
                  <C2>47.4410000085346</C2>
                </COORD>
                <COORD>
                  <C1>9.647000009393539</C1>
                  <C2>47.44100000853495</C2>
                </COORD>
                <COORD>
                  <C1>9.647000009393897</C1>
                  <C2>47.440000008534554</C2>
                </COORD>
                <COORD>
                  <C1>9.646000009393022</C1>
                  <C2>47.44000000853484</C2>
                </COORD>
                <COORD>
                  <C1>9.646000009393383</C1>
                  <C2>47.43900000853451</C2>
                </COORD>
                <COORD>
                  <C1>9.646000009393738</C1>
                  <C2>47.43800000853406</C2>
                </COORD>
                <COORD>
                  <C1>9.646000009394099</C1>
                  <C2>47.437000008533595</C2>
                </COORD>
                <COORD>
                  <C1>9.646000009394461</C1>
                  <C2>47.43600000853324</C2>
                </COORD>
                <COORD>
                  <C1>9.646000009394818</C1>
                  <C2>47.4350000085328</C2>
                </COORD>
                <COORD>
                  <C1>9.64600000939518</C1>
                  <C2>47.43400000853242</C2>
                </COORD>
                <COORD>
                  <C1>9.647000009396416</C1>
                  <C2>47.43300000853165</C2>
                </COORD>
                <COORD>
                  <C1>9.650000009400852</C1>
                  <C2>47.42800000852867</C2>
                </COORD>
                <COORD>
                  <C1>9.65000000940121</C1>
                  <C2>47.42700000852827</C2>
                </COORD>
                <COORD>
                  <C1>9.650000009401568</C1>
                  <C2>47.42600000852788</C2>
                </COORD>
                <COORD>
                  <C1>9.651000009402445</C1>
                  <C2>47.42600000852754</C2>
                </COORD>
                <COORD>
                  <C1>9.651000009402807</C1>
                  <C2>47.42500000852714</C2>
                </COORD>
                <COORD>
                  <C1>9.651000009403166</C1>
                  <C2>47.42400000852673</C2>
                </COORD>
                <COORD>
                  <C1>9.652000009404404</C1>
                  <C2>47.42300000852594</C2>
                </COORD>
                <COORD>
                  <C1>9.652000009404762</C1>
                  <C2>47.42200000852561</C2>
                </COORD>
                <COORD>
                  <C1>9.65200000940512</C1>
                  <C2>47.421000008525205</C2>
                </COORD>
                <COORD>
                  <C1>9.652000009405839</C1>
                  <C2>47.419000008524364</C2>
                </COORD>
                <COORD>
                  <C1>9.652000009406198</C1>
                  <C2>47.41800000852396</C2>
                </COORD>
                <COORD>
                  <C1>9.65300000940959</C1>
                  <C2>47.411000008520766</C2>
                </COORD>
                <COORD>
                  <C1>9.653000009409945</C1>
                  <C2>47.41000000852035</C2>
                </COORD>
                <COORD>
                  <C1>9.653000009410304</C1>
                  <C2>47.40900000851996</C2>
                </COORD>
                <COORD>
                  <C1>9.653000009410665</C1>
                  <C2>47.40800000851956</C2>
                </COORD>
                <COORD>
                  <C1>9.653000009411022</C1>
                  <C2>47.40700000851915</C2>
                </COORD>
                <COORD>
                  <C1>9.656000009414013</C1>
                  <C2>47.40600000851774</C2>
                </COORD>
                <COORD>
                  <C1>9.658000009416853</C1>
                  <C2>47.40300000851587</C2>
                </COORD>
                <COORD>
                  <C1>9.659000009418088</C1>
                  <C2>47.40200000851513</C2>
                </COORD>
                <COORD>
                  <C1>9.660000009419324</C1>
                  <C2>47.40100000851435</C2>
                </COORD>
                <COORD>
                  <C1>9.66100000942092</C1>
                  <C2>47.39900000851322</C2>
                </COORD>
                <COORD>
                  <C1>9.66300000942268</C1>
                  <C2>47.399000008512544</C2>
                </COORD>
                <COORD>
                  <C1>9.664000009423914</C1>
                  <C2>47.398000008511836</C2>
                </COORD>
                <COORD>
                  <C1>9.665000009424794</C1>
                  <C2>47.39800000851149</C2>
                </COORD>
                <COORD>
                  <C1>9.671000009430783</C1>
                  <C2>47.3960000085087</C2>
                </COORD>
                <COORD>
                  <C1>9.672000009431661</C1>
                  <C2>47.39600000850836</C2>
                </COORD>
                <COORD>
                  <C1>9.67200000943202</C1>
                  <C2>47.39500000850798</C2>
                </COORD>
                <COORD>
                  <C1>9.673000009432899</C1>
                  <C2>47.395000008507616</C2>
                </COORD>
                <COORD>
                  <C1>9.674000009433776</C1>
                  <C2>47.39500000850729</C2>
                </COORD>
                <COORD>
                  <C1>9.674000009434131</C1>
                  <C2>47.39400000850686</C2>
                </COORD>
                <COORD>
                  <C1>9.675000009435367</C1>
                  <C2>47.39300000850616</C2>
                </COORD>
                <COORD>
                  <C1>9.675000009435728</C1>
                  <C2>47.39200000850571</C2>
                </COORD>
                <COORD>
                  <C1>9.675000009436088</C1>
                  <C2>47.39100000850532</C2>
                </COORD>
                <COORD>
                  <C1>9.67500000943752</C1>
                  <C2>47.387000008503676</C2>
                </COORD>
                <COORD>
                  <C1>9.675000009437877</C1>
                  <C2>47.386000008503274</C2>
                </COORD>
                <COORD>
                  <C1>9.67500000943895</C1>
                  <C2>47.383000008502044</C2>
                </COORD>
                <COORD>
                  <C1>9.674000009438073</C1>
                  <C2>47.3830000085024</C2>
                </COORD>
                <COORD>
                  <C1>9.67400000943843</C1>
                  <C2>47.38200000850194</C2>
                </COORD>
                <COORD>
                  <C1>9.673000009438264</C1>
                  <C2>47.38000000850146</C2>
                </COORD>
                <COORD>
                  <C1>9.672000009437388</C1>
                  <C2>47.38000000850181</C2>
                </COORD>
                <COORD>
                  <C1>9.672000009437747</C1>
                  <C2>47.379000008501365</C2>
                </COORD>
                <COORD>
                  <C1>9.66700000943442</C1>
                  <C2>47.376000008501734</C2>
                </COORD>
                <COORD>
                  <C1>9.666000009433901</C1>
                  <C2>47.37500000850167</C2>
                </COORD>
                <COORD>
                  <C1>9.665000009433372</C1>
                  <C2>47.37400000850162</C2>
                </COORD>
                <COORD>
                  <C1>9.66400000943285</C1>
                  <C2>47.37300000850151</C2>
                </COORD>
                <COORD>
                  <C1>9.662000009431452</C1>
                  <C2>47.372000008501814</C2>
                </COORD>
                <COORD>
                  <C1>9.66000000943005</C1>
                  <C2>47.37100000850199</C2>
                </COORD>
                <COORD>
                  <C1>9.658000009428285</C1>
                  <C2>47.371000008502655</C2>
                </COORD>
                <COORD>
                  <C1>9.655000009425994</C1>
                  <C2>47.37000000850321</C2>
                </COORD>
                <COORD>
                  <C1>9.652000009423714</C1>
                  <C2>47.36900000850382</C2>
                </COORD>
                <COORD>
                  <C1>9.651000009422832</C1>
                  <C2>47.36900000850413</C2>
                </COORD>
                <COORD>
                  <C1>9.650000009421948</C1>
                  <C2>47.369000008504464</C2>
                </COORD>
                <COORD>
                  <C1>9.649000009421068</C1>
                  <C2>47.369000008504806</C2>
                </COORD>
                <COORD>
                  <C1>9.648000009420187</C1>
                  <C2>47.36900000850513</C2>
                </COORD>
                <COORD>
                  <C1>9.646000009418424</C1>
                  <C2>47.36900000850579</C2>
                </COORD>
                <COORD>
                  <C1>9.644000009416663</C1>
                  <C2>47.36900000850646</C2>
                </COORD>
                <COORD>
                  <C1>9.641000009414018</C1>
                  <C2>47.36900000850743</C2>
                </COORD>
                <COORD>
                  <C1>9.63800000941137</C1>
                  <C2>47.36900000850843</C2>
                </COORD>
                <COORD>
                  <C1>9.637000009410489</C1>
                  <C2>47.36900000850872</C2>
                </COORD>
                <COORD>
                  <C1>9.635000009408722</C1>
                  <C2>47.369000008509396</C2>
                </COORD>
                <COORD>
                  <C1>9.63400000940784</C1>
                  <C2>47.36900000850971</C2>
                </COORD>
                <COORD>
                  <C1>9.632000009406427</C1>
                  <C2>47.368000008509966</C2>
                </COORD>
                <COORD>
                  <C1>9.630000009404664</C1>
                  <C2>47.36800000851064</C2>
                </COORD>
                <COORD>
                  <C1>9.628000009403252</C1>
                  <C2>47.36700000851088</C2>
                </COORD>
                <COORD>
                  <C1>9.62600000940113</C1>
                  <C2>47.368000008511935</C2>
                </COORD>
                <COORD>
                  <C1>9.62400000940007</C1>
                  <C2>47.36600000851175</C2>
                </COORD>
                <COORD>
                  <C1>9.622000009398308</C1>
                  <C2>47.366000008512415</C2>
                </COORD>
                <COORD>
                  <C1>9.612000009392291</C1>
                  <C2>47.358000008512356</C2>
                </COORD>
                <COORD>
                  <C1>9.60700000938928</C1>
                  <C2>47.354000008512344</C2>
                </COORD>
                <COORD>
                  <C1>9.606000009388746</C1>
                  <C2>47.35300000851227</C2>
                </COORD>
                <COORD>
                  <C1>9.605000009388213</C1>
                  <C2>47.35200000851214</C2>
                </COORD>
                <COORD>
                  <C1>9.602000009386613</C1>
                  <C2>47.34900000851187</C2>
                </COORD>
                <COORD>
                  <C1>9.60200000938697</C1>
                  <C2>47.34800000851144</C2>
                </COORD>
                <COORD>
                  <C1>9.601000009386082</C1>
                  <C2>47.34800000851178</C2>
                </COORD>
                <COORD>
                  <C1>9.60100000938644</C1>
                  <C2>47.34700000851135</C2>
                </COORD>
                <COORD>
                  <C1>9.596000009385873</C1>
                  <C2>47.33600000850836</C2>
                </COORD>
                <COORD>
                  <C1>9.596000009386223</C1>
                  <C2>47.33500000850797</C2>
                </COORD>
                <COORD>
                  <C1>9.594000009386205</C1>
                  <C2>47.33000000850652</C2>
                </COORD>
                <COORD>
                  <C1>9.5910000093867</C1>
                  <C2>47.32100000850369</C2>
                </COORD>
                <COORD>
                  <C1>9.590000009385813</C1>
                  <C2>47.32100000850401</C2>
                </COORD>
                <COORD>
                  <C1>9.590000009386166</C1>
                  <C2>47.320000008503605</C2>
                </COORD>
                <COORD>
                  <C1>9.589000009385625</C1>
                  <C2>47.31900000850349</C2>
                </COORD>
                <COORD>
                  <C1>9.58500000938347</C1>
                  <C2>47.31500000850309</C2>
                </COORD>
                <COORD>
                  <C1>9.58500000938382</C1>
                  <C2>47.3140000085027</C2>
                </COORD>
                <COORD>
                  <C1>9.584000009382933</C1>
                  <C2>47.314000008502994</C2>
                </COORD>
                <COORD>
                  <C1>9.583000009382394</C1>
                  <C2>47.31300000850289</C2>
                </COORD>
                <COORD>
                  <C1>9.582000009381504</C1>
                  <C2>47.313000008503195</C2>
                </COORD>
                <COORD>
                  <C1>9.582000009381856</C1>
                  <C2>47.3120000085028</C2>
                </COORD>
                <COORD>
                  <C1>9.581000009380963</C1>
                  <C2>47.31200000850313</C2>
                </COORD>
                <COORD>
                  <C1>9.580000009380075</C1>
                  <C2>47.31200000850342</C2>
                </COORD>
                <COORD>
                  <C1>9.567000009370593</C1>
                  <C2>47.30600000850514</C2>
                </COORD>
                <COORD>
                  <C1>9.566000009369702</C1>
                  <C2>47.306000008505485</C2>
                </COORD>
                <COORD>
                  <C1>9.559000009365207</C1>
                  <C2>47.30100000850565</C2>
                </COORD>
                <COORD>
                  <C1>9.558000009364314</C1>
                  <C2>47.30100000850595</C2>
                </COORD>
                <COORD>
                  <C1>9.558000009364662</C1>
                  <C2>47.300000008505506</C2>
                </COORD>
                <COORD>
                  <C1>9.55700000936377</C1>
                  <C2>47.30000000850584</C2>
                </COORD>
                <COORD>
                  <C1>9.557000009364117</C1>
                  <C2>47.299000008505416</C2>
                </COORD>
                <COORD>
                  <C1>9.556000009363224</C1>
                  <C2>47.29900000850574</C2>
                </COORD>
                <COORD>
                  <C1>9.556000009363572</C1>
                  <C2>47.29800000850534</C2>
                </COORD>
                <COORD>
                  <C1>9.55300000936333</C1>
                  <C2>47.29100000850332</C2>
                </COORD>
                <COORD>
                  <C1>9.553000009363677</C1>
                  <C2>47.29000000850291</C2>
                </COORD>
                <COORD>
                  <C1>9.553000009364021</C1>
                  <C2>47.289000008502455</C2>
                </COORD>
                <COORD>
                  <C1>9.552000009363478</C1>
                  <C2>47.28800000850233</C2>
                </COORD>
                <COORD>
                  <C1>9.552000009363825</C1>
                  <C2>47.28700000850194</C2>
                </COORD>
                <COORD>
                  <C1>9.551000009363278</C1>
                  <C2>47.28600000850183</C2>
                </COORD>
                <COORD>
                  <C1>9.548000009361983</C1>
                  <C2>47.28200000850108</C2>
                </COORD>
                <COORD>
                  <C1>9.547000009361096</C1>
                  <C2>47.28200000850138</C2>
                </COORD>
                <COORD>
                  <C1>9.547000009361442</C1>
                  <C2>47.281000008500946</C2>
                </COORD>
                <COORD>
                  <C1>9.545000009359995</C1>
                  <C2>47.280000008501204</C2>
                </COORD>
                <COORD>
                  <C1>9.54200000935766</C1>
                  <C2>47.279000008501704</C2>
                </COORD>
                <COORD>
                  <C1>9.541000009357115</C1>
                  <C2>47.2780000085016</C2>
                </COORD>
                <COORD>
                  <C1>9.534000009351889</C1>
                  <C2>47.27500000850262</C2>
                </COORD>
                <COORD>
                  <C1>9.533000009351337</C1>
                  <C2>47.274000008502504</C2>
                </COORD>
                <COORD>
                  <C1>9.532000009350789</C1>
                  <C2>47.27300000850241</C2>
                </COORD>
                <COORD>
                  <C1>9.532000009351131</C1>
                  <C2>47.27200000850197</C2>
                </COORD>
                <COORD>
                  <C1>9.532000009351478</C1>
                  <C2>47.2710000085015</C2>
                </COORD>
                <COORD>
                  <C1>9.532000009353547</C1>
                  <C2>47.265000008498916</C2>
                </COORD>
                <COORD>
                  <C1>9.531000009353</C1>
                  <C2>47.26400000849887</C2>
                </COORD>
                <COORD>
                  <C1>9.531000009353344</C1>
                  <C2>47.2630000084984</C2>
                </COORD>
                <COORD>
                  <C1>9.526000009351963</C1>
                  <C2>47.254000008496114</C2>
                </COORD>
                <COORD>
                  <C1>9.522000009351126</C1>
                  <C2>47.24600000849396</C2>
                </COORD>
                <COORD>
                  <C1>9.521000009350916</C1>
                  <C2>47.24400000849341</C2>
                </COORD>
                <COORD>
                  <C1>9.519000009349462</C1>
                  <C2>47.24300000849361</C2>
                </COORD>
                <COORD>
                  <C1>9.51400000934737</C1>
                  <C2>47.23600000849217</C2>
                </COORD>
                <COORD>
                  <C1>9.512000009346261</C1>
                  <C2>47.234000008491954</C2>
                </COORD>
                <COORD>
                  <C1>9.510000009345147</C1>
                  <C2>47.23200000849169</C2>
                </COORD>
                <COORD>
                  <C1>9.50600000934326</C1>
                  <C2>47.227000008490855</C2>
                </COORD>
                <COORD>
                  <C1>9.505000009343043</C1>
                  <C2>47.225000008490284</C2>
                </COORD>
                <COORD>
                  <C1>9.50300000934227</C1>
                  <C2>47.22200000848961</C2>
                </COORD>
                <COORD>
                  <C1>9.50200000934205</C1>
                  <C2>47.22000000848906</C2>
                </COORD>
                <COORD>
                  <C1>9.501000009343198</C1>
                  <C2>47.21400000848677</C2>
                </COORD>
                <COORD>
                  <C1>9.501000009343537</C1>
                  <C2>47.21300000848632</C2>
                </COORD>
                <COORD>
                  <C1>9.498000009342197</C1>
                  <C2>47.20900000848552</C2>
                </COORD>
                <COORD>
                  <C1>9.49600000934108</C1>
                  <C2>47.20700000848529</C2>
                </COORD>
                <COORD>
                  <C1>9.492000009339852</C1>
                  <C2>47.2000000084835</C2>
                </COORD>
                <COORD>
                  <C1>9.491000009339626</C1>
                  <C2>47.19800000848291</C2>
                </COORD>
                <COORD>
                  <C1>9.490000009339067</C1>
                  <C2>47.197000008482824</C2>
                </COORD>
                <COORD>
                  <C1>9.489000009339524</C1>
                  <C2>47.19300000848136</C2>
                </COORD>
                <COORD>
                  <C1>9.489000009339867</C1>
                  <C2>47.19200000848092</C2>
                </COORD>
                <COORD>
                  <C1>9.488000009340993</C1>
                  <C2>47.18600000847861</C2>
                </COORD>
                <COORD>
                  <C1>9.487000009340765</C1>
                  <C2>47.18400000847803</C2>
                </COORD>
                <COORD>
                  <C1>9.487000009341102</C1>
                  <C2>47.18300000847757</C2>
                </COORD>
                <COORD>
                  <C1>9.487000009341445</C1>
                  <C2>47.18200000847713</C2>
                </COORD>
                <COORD>
                  <C1>9.489000009344945</C1>
                  <C2>47.17700000847429</C2>
                </COORD>
                <COORD>
                  <C1>9.491000009348777</C1>
                  <C2>47.171000008470955</C2>
                </COORD>
                <COORD>
                  <C1>9.492000009351367</C1>
                  <C2>47.16600000846842</C2>
                </COORD>
                <COORD>
                  <C1>9.49300000935261</C1>
                  <C2>47.16500000846762</C2>
                </COORD>
                <COORD>
                  <C1>9.49500000935543</C1>
                  <C2>47.16200000846567</C2>
                </COORD>
                <COORD>
                  <C1>9.49600000935735</C1>
                  <C2>47.15900000846401</C2>
                </COORD>
                <COORD>
                  <C1>9.497000009358588</C1>
                  <C2>47.15800000846323</C2>
                </COORD>
                <COORD>
                  <C1>9.500000009362985</C1>
                  <C2>47.15300000846006</C2>
                </COORD>
                <COORD>
                  <C1>9.501000009364224</C1>
                  <C2>47.15200000845926</C2>
                </COORD>
                <COORD>
                  <C1>9.502000009365803</C1>
                  <C2>47.15000000845811</C2>
                </COORD>
                <COORD>
                  <C1>9.504000009367946</C1>
                  <C2>47.14900000845693</C2>
                </COORD>
                <COORD>
                  <C1>9.507000009371666</C1>
                  <C2>47.146000008454656</C2>
                </COORD>
                <COORD>
                  <C1>9.50800000937324</C1>
                  <C2>47.14400000845347</C2>
                </COORD>
                <COORD>
                  <C1>9.509000009374484</C1>
                  <C2>47.143000008452695</C2>
                </COORD>
                <COORD>
                  <C1>9.510000009375728</C1>
                  <C2>47.142000008451916</C2>
                </COORD>
                <COORD>
                  <C1>9.511000009377641</C1>
                  <C2>47.13900000845027</C2>
                </COORD>
                <COORD>
                  <C1>9.512000009379555</C1>
                  <C2>47.1360000084486</C2>
                </COORD>
                <COORD>
                  <C1>9.51300000938113</C1>
                  <C2>47.13400000844735</C2>
                </COORD>
                <COORD>
                  <C1>9.514000009382707</C1>
                  <C2>47.13200000844612</C2>
                </COORD>
                <COORD>
                  <C1>9.516000009387206</C1>
                  <C2>47.12400000844191</C2>
                </COORD>
                <COORD>
                  <C1>9.516000009387541</C1>
                  <C2>47.12300000844145</C2>
                </COORD>
                <COORD>
                  <C1>9.517000009390125</C1>
                  <C2>47.11800000843887</C2>
                </COORD>
                <COORD>
                  <C1>9.518000009391368</C1>
                  <C2>47.117000008438104</C2>
                </COORD>
                <COORD>
                  <C1>9.520000009395858</C1>
                  <C2>47.109000008433824</C2>
                </COORD>
                <COORD>
                  <C1>9.52000000939653</C1>
                  <C2>47.1070000084329</C2>
                </COORD>
                <COORD>
                  <C1>9.521000009398442</C1>
                  <C2>47.10400000843123</C2>
                </COORD>
                <COORD>
                  <C1>9.521000009399115</C1>
                  <C2>47.10200000843032</C2>
                </COORD>
                <COORD>
                  <C1>9.521000009399783</C1>
                  <C2>47.10000000842943</C2>
                </COORD>
                <COORD>
                  <C1>9.521000009400455</C1>
                  <C2>47.09800000842853</C2>
                </COORD>
                <COORD>
                  <C1>9.520000009399883</C1>
                  <C2>47.097000008428346</C2>
                </COORD>
                <COORD>
                  <C1>9.519000009399651</C1>
                  <C2>47.09500000842774</C2>
                </COORD>
                <COORD>
                  <C1>9.517000009399185</C1>
                  <C2>47.09100000842662</C2>
                </COORD>
                <COORD>
                  <C1>9.517000009399519</C1>
                  <C2>47.09000000842617</C2>
                </COORD>
                <COORD>
                  <C1>9.516000009398951</C1>
                  <C2>47.089000008425984</C2>
                </COORD>
                <COORD>
                  <C1>9.516000009399283</C1>
                  <C2>47.08800000842555</C2>
                </COORD>
                <COORD>
                  <C1>9.515000009398378</C1>
                  <C2>47.08800000842589</C2>
                </COORD>
                <COORD>
                  <C1>9.514000009397808</C1>
                  <C2>47.087000008425726</C2>
                </COORD>
                <COORD>
                  <C1>9.512000009396335</C1>
                  <C2>47.086000008425906</C2>
                </COORD>
                <COORD>
                  <C1>9.50400000939076</C1>
                  <C2>47.081000008426216</C2>
                </COORD>
                <COORD>
                  <C1>9.494000009383365</C1>
                  <C2>47.076000008427094</C2>
                </COORD>
                <COORD>
                  <C1>9.492000009381883</C1>
                  <C2>47.07500000842731</C2>
                </COORD>
                <COORD>
                  <C1>9.489000009379497</C1>
                  <C2>47.0740000084278</C2>
                </COORD>
                <COORD>
                  <C1>9.482000009374138</C1>
                  <C2>47.07100000842859</C2>
                </COORD>
                <COORD>
                  <C1>9.480000009372652</C1>
                  <C2>47.070000008428835</C2>
                </COORD>
                <COORD>
                  <C1>9.477000009370261</C1>
                  <C2>47.06900000842934</C2>
                </COORD>
                <COORD>
                  <C1>9.47600000936935</C1>
                  <C2>47.06900000842961</C2>
                </COORD>
                <COORD>
                  <C1>9.475000009368774</C1>
                  <C2>47.06800000842952</C2>
                </COORD>
                <COORD>
                  <C1>9.474000009367867</C1>
                  <C2>47.06800000842982</C2>
                </COORD>
                <COORD>
                  <C1>9.474000009368199</C1>
                  <C2>47.067000008429325</C2>
                </COORD>
                <COORD>
                  <C1>9.473000009367622</C1>
                  <C2>47.06600000842922</C2>
                </COORD>
                <COORD>
                  <C1>9.47300000936795</C1>
                  <C2>47.06500000842877</C2>
                </COORD>
                <COORD>
                  <C1>9.473000009368615</C1>
                  <C2>47.06300000842785</C2>
                </COORD>
                <COORD>
                  <C1>9.474000009369854</C1>
                  <C2>47.06200000842704</C2>
                </COORD>
                <COORD>
                  <C1>9.477000009375237</C1>
                  <C2>47.05400000842241</C2>
                </COORD>
                <COORD>
                  <C1>9.478000009376139</C1>
                  <C2>47.05400000842211</C2>
                </COORD>
                <COORD>
                  <C1>9.478000009375808</C1>
                  <C2>47.05500000842257</C2>
                </COORD>
                <COORD>
                  <C1>9.478000009375148</C1>
                  <C2>47.05700000842348</C2>
                </COORD>
                <COORD>
                  <C1>9.480000009376633</C1>
                  <C2>47.05800000842332</C2>
                </COORD>
                <COORD>
                  <C1>9.481000009377874</C1>
                  <C2>47.05700000842251</C2>
                </COORD>
                <COORD>
                  <C1>9.482000009378453</C1>
                  <C2>47.058000008422674</C2>
                </COORD>
                <COORD>
                  <C1>9.484000009380267</C1>
                  <C2>47.05800000842202</C2>
                </COORD>
                <COORD>
                  <C1>9.483000009379694</C1>
                  <C2>47.05700000842187</C2>
                </COORD>
                <COORD>
                  <C1>9.483000009380351</C1>
                  <C2>47.05500000842097</C2>
                </COORD>
                <COORD>
                  <C1>9.483000009380685</C1>
                  <C2>47.054000008420466</C2>
                </COORD>
                <COORD>
                  <C1>9.484000009381594</C1>
                  <C2>47.05400000842016</C2>
                </COORD>
                <COORD>
                  <C1>9.484000009381923</C1>
                  <C2>47.053000008419694</C2>
                </COORD>
                <COORD>
                  <C1>9.486000009384403</C1>
                  <C2>47.05100000841814</C2>
                </COORD>
                <COORD>
                  <C1>9.487000009385314</C1>
                  <C2>47.05100000841785</C2>
                </COORD>
                <COORD>
                  <C1>9.488000009385889</C1>
                  <C2>47.052000008417984</C2>
                </COORD>
                <COORD>
                  <C1>9.490000009386712</C1>
                  <C2>47.055000008418745</C2>
                </COORD>
                <COORD>
                  <C1>9.49100000938729</C1>
                  <C2>47.05600000841886</C2>
                </COORD>
                <COORD>
                  <C1>9.492000009387867</C1>
                  <C2>47.05700000841901</C2>
                </COORD>
                <COORD>
                  <C1>9.492000009387533</C1>
                  <C2>47.058000008419484</C2>
                </COORD>
                <COORD>
                  <C1>9.493000009388442</C1>
                  <C2>47.05800000841915</C2>
                </COORD>
                <COORD>
                  <C1>9.494000009389346</C1>
                  <C2>47.05800000841884</C2>
                </COORD>
                <COORD>
                  <C1>9.495000009390257</C1>
                  <C2>47.0580000084185</C2>
                </COORD>
                <COORD>
                  <C1>9.496000009391162</C1>
                  <C2>47.05800000841821</C2>
                </COORD>
                <COORD>
                  <C1>9.49900000939455</C1>
                  <C2>47.056000008416305</C2>
                </COORD>
                <COORD>
                  <C1>9.50100000939636</C1>
                  <C2>47.05600000841565</C2>
                </COORD>
                <COORD>
                  <C1>9.50100000939603</C1>
                  <C2>47.05700000841617</C2>
                </COORD>
                <COORD>
                  <C1>9.501000009395696</C1>
                  <C2>47.0580000084166</C2>
                </COORD>
                <COORD>
                  <C1>9.501000009395364</C1>
                  <C2>47.05900000841708</C2>
                </COORD>
                <COORD>
                  <C1>9.502000009396271</C1>
                  <C2>47.05900000841673</C2>
                </COORD>
                <COORD>
                  <C1>9.503000009397176</C1>
                  <C2>47.05900000841641</C2>
                </COORD>
                <COORD>
                  <C1>9.504000009398416</C1>
                  <C2>47.05800000841563</C2>
                </COORD>
                <COORD>
                  <C1>9.513000009406241</C1>
                  <C2>47.0590000084132</C2>
                </COORD>
                <COORD>
                  <C1>9.515000009408059</C1>
                  <C2>47.059000008412596</C2>
                </COORD>
                <COORD>
                  <C1>9.516000009408629</C1>
                  <C2>47.06000000841273</C2>
                </COORD>
                <COORD>
                  <C1>9.517000009409532</C1>
                  <C2>47.060000008412445</C2>
                </COORD>
                <COORD>
                  <C1>9.5170000094092</C1>
                  <C2>47.061000008412876</C2>
                </COORD>
                <COORD>
                  <C1>9.518000009409775</C1>
                  <C2>47.062000008413015</C2>
                </COORD>
                <COORD>
                  <C1>9.525000009415438</C1>
                  <C2>47.06400000841171</C2>
                </COORD>
                <COORD>
                  <C1>9.532000009421436</C1>
                  <C2>47.06500000840991</C2>
                </COORD>
                <COORD>
                  <C1>9.53300000942234</C1>
                  <C2>47.06500000840956</C2>
                </COORD>
                <COORD>
                  <C1>9.534000009423247</C1>
                  <C2>47.06500000840926</C2>
                </COORD>
                <COORD>
                  <C1>9.535000009424145</C1>
                  <C2>47.065000008408965</C2>
                </COORD>
                <COORD>
                  <C1>9.535000009423811</C1>
                  <C2>47.0660000084094</C2>
                </COORD>
                <COORD>
                  <C1>9.536000009424717</C1>
                  <C2>47.06600000840907</C2>
                </COORD>
                <COORD>
                  <C1>9.537000009425622</C1>
                  <C2>47.0660000084088</C2>
                </COORD>
                <COORD>
                  <C1>9.538000009426526</C1>
                  <C2>47.06600000840842</C2>
                </COORD>
                <COORD>
                  <C1>9.539000009427092</C1>
                  <C2>47.06700000840856</C2>
                </COORD>
                <COORD>
                  <C1>9.540000009427999</C1>
                  <C2>47.067000008408286</C2>
                </COORD>
                <COORD>
                  <C1>9.5410000094289</C1>
                  <C2>47.06700000840795</C2>
                </COORD>
                <COORD>
                  <C1>9.542000009430135</C1>
                  <C2>47.06600000840716</C2>
                </COORD>
                <COORD>
                  <C1>9.54300000943104</C1>
                  <C2>47.06600000840683</C2>
                </COORD>
                <COORD>
                  <C1>9.544000009431942</C1>
                  <C2>47.066000008406526</C2>
                </COORD>
                <COORD>
                  <C1>9.545000009433178</C1>
                  <C2>47.065000008405754</C2>
                </COORD>
                <COORD>
                  <C1>9.546000009434083</C1>
                  <C2>47.06500000840545</C2>
                </COORD>
                <COORD>
                  <C1>9.546000009434417</C1>
                  <C2>47.06400000840499</C2>
                </COORD>
                <COORD>
                  <C1>9.54700000943532</C1>
                  <C2>47.064000008404676</C2>
                </COORD>
                <COORD>
                  <C1>9.548000009436224</C1>
                  <C2>47.06400000840433</C2>
                </COORD>
                <COORD>
                  <C1>9.549000009437462</C1>
                  <C2>47.063000008403534</C2>
                </COORD>
                <COORD>
                  <C1>9.550000009438364</C1>
                  <C2>47.063000008403236</C2>
                </COORD>
                <COORD>
                  <C1>9.551000009439598</C1>
                  <C2>47.06200000840245</C2>
                </COORD>
                <COORD>
                  <C1>9.552000009440835</C1>
                  <C2>47.06100000840168</C2>
                </COORD>
                <COORD>
                  <C1>9.553000009441737</C1>
                  <C2>47.061000008401365</C2>
                </COORD>
                <COORD>
                  <C1>9.553000009442073</C1>
                  <C2>47.06000000840089</C2>
                </COORD>
                <COORD>
                  <C1>9.554000009442975</C1>
                  <C2>47.06000000840056</C2>
                </COORD>
                <COORD>
                  <C1>9.55400000944331</C1>
                  <C2>47.05900000840006</C2>
                </COORD>
                <COORD>
                  <C1>9.555000009444214</C1>
                  <C2>47.05900000839979</C2>
                </COORD>
                <COORD>
                  <C1>9.555000009444882</C1>
                  <C2>47.05700000839887</C2>
                </COORD>
                <COORD>
                  <C1>9.555000009445216</C1>
                  <C2>47.056000008398414</C2>
                </COORD>
                <COORD>
                  <C1>9.555000009445552</C1>
                  <C2>47.055000008397954</C2>
                </COORD>
                <COORD>
                  <C1>9.555000009445882</C1>
                  <C2>47.05400000839749</C2>
                </COORD>
                <COORD>
                  <C1>9.555000009446221</C1>
                  <C2>47.053000008397014</C2>
                </COORD>
                <COORD>
                  <C1>9.556000009447121</C1>
                  <C2>47.05300000839669</C2>
                </COORD>
                <COORD>
                  <C1>9.556000009447452</C1>
                  <C2>47.052000008396256</C2>
                </COORD>
                <COORD>
                  <C1>9.557000009448355</C1>
                  <C2>47.05200000839594</C2>
                </COORD>
                <COORD>
                  <C1>9.558000009449929</C1>
                  <C2>47.050000008394655</C2>
                </COORD>
                <COORD>
                  <C1>9.559000009450827</C1>
                  <C2>47.05000000839431</C2>
                </COORD>
                <COORD>
                  <C1>9.560000009451732</C1>
                  <C2>47.050000008394065</C2>
                </COORD>
                <COORD>
                  <C1>9.561000009452632</C1>
                  <C2>47.05000000839371</C2>
                </COORD>
                <COORD>
                  <C1>9.5610000094523</C1>
                  <C2>47.05100000839413</C2>
                </COORD>
                <COORD>
                  <C1>9.562000009453204</C1>
                  <C2>47.051000008393814</C2>
                </COORD>
                <COORD>
                  <C1>9.563000009454106</C1>
                  <C2>47.051000008393515</C2>
                </COORD>
                <COORD>
                  <C1>9.564000009455006</C1>
                  <C2>47.05100000839319</C2>
                </COORD>
                <COORD>
                  <C1>9.564000009454668</C1>
                  <C2>47.05200000839364</C2>
                </COORD>
                <COORD>
                  <C1>9.565000009455574</C1>
                  <C2>47.05200000839335</C2>
                </COORD>
                <COORD>
                  <C1>9.566000009456475</C1>
                  <C2>47.05200000839302</C2>
                </COORD>
                <COORD>
                  <C1>9.566000009456138</C1>
                  <C2>47.05300000839344</C2>
                </COORD>
                <COORD>
                  <C1>9.567000009457043</C1>
                  <C2>47.053000008393184</C2>
                </COORD>
                <COORD>
                  <C1>9.56800000945794</C1>
                  <C2>47.05300000839283</C2>
                </COORD>
                <COORD>
                  <C1>9.569000009458845</C1>
                  <C2>47.05300000839253</C2>
                </COORD>
                <COORD>
                  <C1>9.570000009459413</C1>
                  <C2>47.054000008392656</C2>
                </COORD>
                <COORD>
                  <C1>9.57100000946031</C1>
                  <C2>47.0540000083923</C2>
                </COORD>
                <COORD>
                  <C1>9.57200000946121</C1>
                  <C2>47.05400000839201</C2>
                </COORD>
                <COORD>
                  <C1>9.573000009462117</C1>
                  <C2>47.054000008391725</C2>
                </COORD>
                <COORD>
                  <C1>9.57400000946268</C1>
                  <C2>47.055000008391836</C2>
                </COORD>
                <COORD>
                  <C1>9.575000009463581</C1>
                  <C2>47.05500000839151</C2>
                </COORD>
                <COORD>
                  <C1>9.57600000946448</C1>
                  <C2>47.05500000839118</C2>
                </COORD>
                <COORD>
                  <C1>9.57700000946538</C1>
                  <C2>47.05500000839087</C2>
                </COORD>
                <COORD>
                  <C1>9.57800000946628</C1>
                  <C2>47.05500000839052</C2>
                </COORD>
                <COORD>
                  <C1>9.579000009467185</C1>
                  <C2>47.05500000839021</C2>
                </COORD>
                <COORD>
                  <C1>9.580000009468082</C1>
                  <C2>47.05500000838991</C2>
                </COORD>
                <COORD>
                  <C1>9.581000009468985</C1>
                  <C2>47.0550000083896</C2>
                </COORD>
                <COORD>
                  <C1>9.582000009469883</C1>
                  <C2>47.055000008389285</C2>
                </COORD>
                <COORD>
                  <C1>9.583000009470782</C1>
                  <C2>47.05500000838888</C2>
                </COORD>
                <COORD>
                  <C1>9.584000009471682</C1>
                  <C2>47.05500000838861</C2>
                </COORD>
                <COORD>
                  <C1>9.585000009472248</C1>
                  <C2>47.05600000838874</C2>
                </COORD>
                <COORD>
                  <C1>9.586000009473144</C1>
                  <C2>47.05600000838844</C2>
                </COORD>
                <COORD>
                  <C1>9.587000009474048</C1>
                  <C2>47.0560000083881</C2>
                </COORD>
                <COORD>
                  <C1>9.588000009474607</C1>
                  <C2>47.05700000838823</C2>
                </COORD>
                <COORD>
                  <C1>9.58900000947551</C1>
                  <C2>47.05700000838793</C2>
                </COORD>
                <COORD>
                  <C1>9.590000009476412</C1>
                  <C2>47.05700000838755</C2>
                </COORD>
                <COORD>
                  <C1>9.590000009476073</C1>
                  <C2>47.05800000838803</C2>
                </COORD>
                <COORD>
                  <C1>9.591000009476971</C1>
                  <C2>47.0580000083877</C2>
                </COORD>
                <COORD>
                  <C1>9.592000009477875</C1>
                  <C2>47.05800000838741</C2>
                </COORD>
                <COORD>
                  <C1>9.592000009477541</C1>
                  <C2>47.05900000838786</C2>
                </COORD>
                <COORD>
                  <C1>9.593000009478438</C1>
                  <C2>47.05900000838756</C2>
                </COORD>
                <COORD>
                  <C1>9.594000009479334</C1>
                  <C2>47.059000008387216</C2>
                </COORD>
                <COORD>
                  <C1>9.59500000948023</C1>
                  <C2>47.05900000838691</C2>
                </COORD>
                <COORD>
                  <C1>9.596000009480795</C1>
                  <C2>47.06000000838705</C2>
                </COORD>
                <COORD>
                  <C1>9.597000009481691</C1>
                  <C2>47.06000000838672</C2>
                </COORD>
                <COORD>
                  <C1>9.598000009482597</C1>
                  <C2>47.060000008386424</C2>
                </COORD>
                <COORD>
                  <C1>9.599000009483154</C1>
                  <C2>47.06100000838654</C2>
                </COORD>
                <COORD>
                  <C1>9.600000009484052</C1>
                  <C2>47.06100000838622</C2>
                </COORD>
                <COORD>
                  <C1>9.601000009484952</C1>
                  <C2>47.06100000838588</C2>
                </COORD>
                <COORD>
                  <C1>9.602000009485849</C1>
                  <C2>47.06100000838556</C2>
                </COORD>
                <COORD>
                  <C1>9.602000009485513</C1>
                  <C2>47.06200000838603</C2>
                </COORD>
                <COORD>
                  <C1>9.603000009486072</C1>
                  <C2>47.06300000838615</C2>
                </COORD>
                <COORD>
                  <C1>9.60400000948697</C1>
                  <C2>47.06300000838584</C2>
                </COORD>
                <COORD>
                  <C1>9.605000009487533</C1>
                  <C2>47.06400000838599</C2>
                </COORD>
                <COORD>
                  <C1>9.606000009488767</C1>
                  <C2>47.063000008385174</C2>
                </COORD>
                <COORD>
                  <C1>9.607000009489665</C1>
                  <C2>47.06300000838486</C2>
                </COORD>
                <COORD>
                  <C1>9.608000009490565</C1>
                  <C2>47.06300000838454</C2>
                </COORD>
                <COORD>
                  <C1>9.609000009491796</C1>
                  <C2>47.06200000838375</C2>
                </COORD>
                <COORD>
                  <C1>9.610000009492698</C1>
                  <C2>47.06200000838344</C2>
                </COORD>
                <COORD>
                  <C1>9.61000000949303</C1>
                  <C2>47.06100000838301</C2>
                </COORD>
                <COORD>
                  <C1>9.611000009493928</C1>
                  <C2>47.06100000838268</C2>
                </COORD>
                <COORD>
                  <C1>9.611000009494264</C1>
                  <C2>47.06000000838223</C2>
                </COORD>
                <COORD>
                  <C1>9.612000009495164</C1>
                  <C2>47.0600000083819</C2>
                </COORD>
                <COORD>
                  <C1>9.613000009496396</C1>
                  <C2>47.05900000838112</C2>
                </COORD>
                <COORD>
                  <C1>9.6140000094973</C1>
                  <C2>47.05900000838078</C2>
                </COORD>
                <COORD>
                  <C1>9.614000009497632</C1>
                  <C2>47.058000008380304</C2>
                </COORD>
                <COORD>
                  <C1>9.615000009498527</C1>
                  <C2>47.05800000838</C2>
                </COORD>
                <COORD>
                  <C1>9.616000009499764</C1>
                  <C2>47.05700000837922</C2>
                </COORD>
                <COORD>
                  <C1>9.61700000950066</C1>
                  <C2>47.05700000837886</C2>
                </COORD>
                <COORD>
                  <C1>9.618000009501554</C1>
                  <C2>47.057000008378544</C2>
                </COORD>
                <COORD>
                  <C1>9.618000009501893</C1>
                  <C2>47.056000008378085</C2>
                </COORD>
                <COORD>
                  <C1>9.619000009503129</C1>
                  <C2>47.05500000837731</C2>
                </COORD>
                <COORD>
                  <C1>9.620000009504022</C1>
                  <C2>47.05500000837699</C2>
                </COORD>
                <COORD>
                  <C1>9.62100000950492</C1>
                  <C2>47.05500000837668</C2>
                </COORD>
                <COORD>
                  <C1>9.622000009505815</C1>
                  <C2>47.05500000837636</C2>
                </COORD>
                <COORD>
                  <C1>9.623000009506711</C1>
                  <C2>47.05500000837607</C2>
                </COORD>
                <COORD>
                  <C1>9.623000009507047</C1>
                  <C2>47.054000008375546</C2>
                </COORD>
                <COORD>
                  <C1>9.624000009507945</C1>
                  <C2>47.05400000837524</C2>
                </COORD>
                <COORD>
                  <C1>9.625000009508842</C1>
                  <C2>47.05400000837492</C2>
                </COORD>
                <COORD>
                  <C1>9.62600000950974</C1>
                  <C2>47.05400000837457</C2>
                </COORD>
                <COORD>
                  <C1>9.627000009510637</C1>
                  <C2>47.05400000837426</C2>
                </COORD>
                <COORD>
                  <C1>9.627000009510974</C1>
                  <C2>47.05300000837381</C2>
                </COORD>
                <COORD>
                  <C1>9.628000009511869</C1>
                  <C2>47.05300000837349</C2>
                </COORD>
                <COORD>
                  <C1>9.629000009512424</C1>
                  <C2>47.05400000837361</C2>
                </COORD>
                <COORD>
                  <C1>9.630000009513324</C1>
                  <C2>47.0540000083733</C2>
                </COORD>
                <COORD>
                  <C1>9.63000000951366</C1>
                  <C2>47.05300000837285</C2>
                </COORD>
                <COORD>
                  <C1>9.631000009514556</C1>
                  <C2>47.053000008372486</C2>
                </COORD>
                <COORD>
                  <C1>9.632000009515453</C1>
                  <C2>47.05300000837216</C2>
                </COORD>
                <COORD>
                  <C1>9.633000009516346</C1>
                  <C2>47.05300000837186</C2>
                </COORD>
                <COORD>
                  <C1>9.634000009517244</C1>
                  <C2>47.053000008371555</C2>
                </COORD>
                <COORD>
                  <C1>9.635000009518139</C1>
                  <C2>47.05300000837124</C2>
                </COORD>
                <COORD>
                  <C1>9.636000009519035</C1>
                  <C2>47.05300000837096</C2>
                </COORD>
                <COORD>
                  <C1>9.6360000095187</C1>
                  <C2>47.05400000837137</C2>
                </COORD>
                <COORD>
                  <C1>9.637000009519596</C1>
                  <C2>47.054000008371055</C2>
                </COORD>
                <COORD>
                  <C1>9.638000009520487</C1>
                  <C2>47.0540000083707</C2>
                </COORD>
                <COORD>
                  <C1>9.639000009521382</C1>
                  <C2>47.054000008370366</C2>
                </COORD>
                <COORD>
                  <C1>9.639000009521048</C1>
                  <C2>47.05500000837085</C2>
                </COORD>
                <COORD>
                  <C1>9.640000009521945</C1>
                  <C2>47.055000008370584</C2>
                </COORD>
                <COORD>
                  <C1>9.641000009522836</C1>
                  <C2>47.05500000837023</C2>
                </COORD>
                <COORD>
                  <C1>9.642000009523729</C1>
                  <C2>47.05500000836987</C2>
                </COORD>
                <COORD>
                  <C1>9.642000009523395</C1>
                  <C2>47.05600000837035</C2>
                </COORD>
                <COORD>
                  <C1>9.643000009524291</C1>
                  <C2>47.05600000837004</C2>
                </COORD>
                <COORD>
                  <C1>9.642000009523054</C1>
                  <C2>47.05700000837079</C2>
                </COORD>
                <COORD>
                  <C1>9.643000009523956</C1>
                  <C2>47.057000008370466</C2>
                </COORD>
                <COORD>
                  <C1>9.64300000952361</C1>
                  <C2>47.05800000837092</C2>
                </COORD>
                <COORD>
                  <C1>9.643000009523275</C1>
                  <C2>47.05900000837139</C2>
                </COORD>
                <COORD>
                  <C1>9.64400000952417</C1>
                  <C2>47.059000008371086</C2>
                </COORD>
                <COORD>
                  <C1>9.645000009525063</C1>
                  <C2>47.05900000837075</C2>
                </COORD>
                <COORD>
                  <C1>9.645000009524724</C1>
                  <C2>47.0600000083712</C2>
                </COORD>
                <COORD>
                  <C1>9.645000009524388</C1>
                  <C2>47.06100000837164</C2>
                </COORD>
                <COORD>
                  <C1>9.646000009525283</C1>
                  <C2>47.06100000837134</C2>
                </COORD>
                <COORD>
                  <C1>9.646000009524943</C1>
                  <C2>47.062000008371776</C2>
                </COORD>
                <COORD>
                  <C1>9.647000009525838</C1>
                  <C2>47.062000008371456</C2>
                </COORD>
                <COORD>
                  <C1>9.647000009526176</C1>
                  <C2>47.06100000837101</C2>
                </COORD>
                <COORD>
                  <C1>9.648000009527072</C1>
                  <C2>47.06100000837067</C2>
                </COORD>
                <COORD>
                  <C1>9.649000009527963</C1>
                  <C2>47.061000008370364</C2>
                </COORD>
                <COORD>
                  <C1>9.65000000952886</C1>
                  <C2>47.06100000837002</C2>
                </COORD>
                <COORD>
                  <C1>9.651000009529751</C1>
                  <C2>47.06100000836972</C2>
                </COORD>
                <COORD>
                  <C1>9.652000009530646</C1>
                  <C2>47.06100000836939</C2>
                </COORD>
                <COORD>
                  <C1>9.65300000953154</C1>
                  <C2>47.06100000836905</C2>
                </COORD>
                <COORD>
                  <C1>9.654000009532433</C1>
                  <C2>47.06100000836873</C2>
                </COORD>
                <COORD>
                  <C1>9.655000009533662</C1>
                  <C2>47.06000000836796</C2>
                </COORD>
                <COORD>
                  <C1>9.65600000953456</C1>
                  <C2>47.060000008367666</C2>
                </COORD>
                <COORD>
                  <C1>9.657000009535453</C1>
                  <C2>47.06000000836732</C2>
                </COORD>
                <COORD>
                  <C1>9.658000009536343</C1>
                  <C2>47.060000008367005</C2>
                </COORD>
                <COORD>
                  <C1>9.659000009537236</C1>
                  <C2>47.06000000836665</C2>
                </COORD>
                <COORD>
                  <C1>9.660000009538132</C1>
                  <C2>47.06000000836634</C2>
                </COORD>
                <COORD>
                  <C1>9.661000009539022</C1>
                  <C2>47.06000000836597</C2>
                </COORD>
                <COORD>
                  <C1>9.661000009538686</C1>
                  <C2>47.06100000836647</C2>
                </COORD>
                <COORD>
                  <C1>9.66200000953958</C1>
                  <C2>47.06100000836617</C2>
                </COORD>
                <COORD>
                  <C1>9.66300000954047</C1>
                  <C2>47.061000008365816</C2>
                </COORD>
                <COORD>
                  <C1>9.664000009541363</C1>
                  <C2>47.06100000836548</C2>
                </COORD>
                <COORD>
                  <C1>9.665000009542254</C1>
                  <C2>47.06100000836517</C2>
                </COORD>
                <COORD>
                  <C1>9.665000009541918</C1>
                  <C2>47.06200000836566</C2>
                </COORD>
                <COORD>
                  <C1>9.666000009542811</C1>
                  <C2>47.06200000836532</C2>
                </COORD>
                <COORD>
                  <C1>9.667000009543703</C1>
                  <C2>47.062000008364976</C2>
                </COORD>
                <COORD>
                  <C1>9.668000009544597</C1>
                  <C2>47.062000008364684</C2>
                </COORD>
                <COORD>
                  <C1>9.669000009545487</C1>
                  <C2>47.06200000836432</C2>
                </COORD>
                <COORD>
                  <C1>9.670000009546719</C1>
                  <C2>47.06100000836353</C2>
                </COORD>
                <COORD>
                  <C1>9.671000009547612</C1>
                  <C2>47.06100000836323</C2>
                </COORD>
                <COORD>
                  <C1>9.672000009548507</C1>
                  <C2>47.06100000836289</C2>
                </COORD>
                <COORD>
                  <C1>9.673000009549055</C1>
                  <C2>47.06200000836299</C2>
                </COORD>
                <COORD>
                  <C1>9.674000009549948</C1>
                  <C2>47.062000008362695</C2>
                </COORD>
                <COORD>
                  <C1>9.67500000955084</C1>
                  <C2>47.06200000836234</C2>
                </COORD>
                <COORD>
                  <C1>9.676000009551734</C1>
                  <C2>47.06200000836206</C2>
                </COORD>
                <COORD>
                  <C1>9.676000009551393</C1>
                  <C2>47.06300000836254</C2>
                </COORD>
                <COORD>
                  <C1>9.677000009552286</C1>
                  <C2>47.06300000836219</C2>
                </COORD>
                <COORD>
                  <C1>9.678000009553177</C1>
                  <C2>47.06300000836183</C2>
                </COORD>
                <COORD>
                  <C1>9.679000009554064</C1>
                  <C2>47.063000008361534</C2>
                </COORD>
                <COORD>
                  <C1>9.681000009555511</C1>
                  <C2>47.06400000836133</C2>
                </COORD>
                <COORD>
                  <C1>9.68300000955729</C1>
                  <C2>47.06400000836069</C2>
                </COORD>
                <COORD>
                  <C1>9.684000009558865</C1>
                  <C2>47.062000008359455</C2>
                </COORD>
                <COORD>
                  <C1>9.684000009559199</C1>
                  <C2>47.061000008359024</C2>
                </COORD>
                <COORD>
                  <C1>9.684000009559542</C1>
                  <C2>47.06000000835858</C2>
                </COORD>
                <COORD>
                  <C1>9.685000009560431</C1>
                  <C2>47.06000000835819</C2>
                </COORD>
                <COORD>
                  <C1>9.686000009561662</C1>
                  <C2>47.05900000835744</C2>
                </COORD>
                <COORD>
                  <C1>9.687000009562553</C1>
                  <C2>47.0590000083571</C2>
                </COORD>
                <COORD>
                  <C1>9.688000009563446</C1>
                  <C2>47.05900000835679</C2>
                </COORD>
                <COORD>
                  <C1>9.688000009563785</C1>
                  <C2>47.058000008356274</C2>
                </COORD>
                <COORD>
                  <C1>9.689000009564676</C1>
                  <C2>47.058000008355954</C2>
                </COORD>
                <COORD>
                  <C1>9.689000009565016</C1>
                  <C2>47.05700000835548</C2>
                </COORD>
                <COORD>
                  <C1>9.690000009565907</C1>
                  <C2>47.0570000083552</C2>
                </COORD>
                <COORD>
                  <C1>9.691000009566796</C1>
                  <C2>47.05700000835488</C2>
                </COORD>
                <COORD>
                  <C1>9.693000009568573</C1>
                  <C2>47.057000008354215</C2>
                </COORD>
                <COORD>
                  <C1>9.694000009569468</C1>
                  <C2>47.0570000083539</C2>
                </COORD>
                <COORD>
                  <C1>9.694000009569807</C1>
                  <C2>47.056000008353415</C2>
                </COORD>
                <COORD>
                  <C1>9.695000009570697</C1>
                  <C2>47.05600000835308</C2>
                </COORD>
                <COORD>
                  <C1>9.696000009571588</C1>
                  <C2>47.0560000083528</C2>
                </COORD>
                <COORD>
                  <C1>9.696000009571925</C1>
                  <C2>47.0550000083523</C2>
                </COORD>
                <COORD>
                  <C1>9.697000009572813</C1>
                  <C2>47.055000008351996</C2>
                </COORD>
                <COORD>
                  <C1>9.698000009573704</C1>
                  <C2>47.05500000835169</C2>
                </COORD>
                <COORD>
                  <C1>9.699000009574597</C1>
                  <C2>47.05500000835135</C2>
                </COORD>
                <COORD>
                  <C1>9.699000009574938</C1>
                  <C2>47.0540000083509</C2>
                </COORD>
                <COORD>
                  <C1>9.70100000957672</C1>
                  <C2>47.054000008350265</C2>
                </COORD>
                <COORD>
                  <C1>9.702000009577606</C1>
                  <C2>47.054000008349924</C2>
                </COORD>
                <COORD>
                  <C1>9.703000009578494</C1>
                  <C2>47.05400000834957</C2>
                </COORD>
                <COORD>
                  <C1>9.705000009579935</C1>
                  <C2>47.0550000083494</C2>
                </COORD>
                <COORD>
                  <C1>9.708000009582264</C1>
                  <C2>47.056000008348875</C2>
                </COORD>
                <COORD>
                  <C1>9.709000009583152</C1>
                  <C2>47.056000008348505</C2>
                </COORD>
                <COORD>
                  <C1>9.709000009583493</C1>
                  <C2>47.05500000834811</C2>
                </COORD>
                <COORD>
                  <C1>9.71000000958472</C1>
                  <C2>47.05400000834725</C2>
                </COORD>
                <COORD>
                  <C1>9.71000000958506</C1>
                  <C2>47.053000008346864</C2>
                </COORD>
                <COORD>
                  <C1>9.70900000958417</C1>
                  <C2>47.053000008347176</C2>
                </COORD>
                <COORD>
                  <C1>9.708000009583284</C1>
                  <C2>47.05300000834749</C2>
                </COORD>
                <COORD>
                  <C1>9.707000009582732</C1>
                  <C2>47.05200000834736</C2>
                </COORD>
                <COORD>
                  <C1>9.708000009583966</C1>
                  <C2>47.0510000083466</C2>
                </COORD>
                <COORD>
                  <C1>9.708000009584305</C1>
                  <C2>47.05000000834612</C2>
                </COORD>
                <COORD>
                  <C1>9.709000009585191</C1>
                  <C2>47.05000000834582</C2>
                </COORD>
                <COORD>
                  <C1>9.710000009586425</C1>
                  <C2>47.04900000834501</C2>
                </COORD>
                <COORD>
                  <C1>9.711000009587313</C1>
                  <C2>47.04900000834472</C2>
                </COORD>
                <COORD>
                  <C1>9.712000009588198</C1>
                  <C2>47.04900000834434</C2>
                </COORD>
                <COORD>
                  <C1>9.713000009589427</C1>
                  <C2>47.04800000834357</C2>
                </COORD>
                <COORD>
                  <C1>9.71400000959032</C1>
                  <C2>47.048000008343266</C2>
                </COORD>
                <COORD>
                  <C1>9.71500000959121</C1>
                  <C2>47.0480000083429</C2>
                </COORD>
                <COORD>
                  <C1>9.716000009592092</C1>
                  <C2>47.04800000834262</C2>
                </COORD>
                <COORD>
                  <C1>9.716000009592435</C1>
                  <C2>47.04700000834215</C2>
                </COORD>
                <COORD>
                  <C1>9.71700000959333</C1>
                  <C2>47.047000008341826</C2>
                </COORD>
                <COORD>
                  <C1>9.718000009594213</C1>
                  <C2>47.04700000834148</C2>
                </COORD>
                <COORD>
                  <C1>9.718000009594554</C1>
                  <C2>47.046000008341025</C2>
                </COORD>
                <COORD>
                  <C1>9.719000009595442</C1>
                  <C2>47.046000008340684</C2>
                </COORD>
                <COORD>
                  <C1>9.719000009595781</C1>
                  <C2>47.045000008340224</C2>
                </COORD>
                <COORD>
                  <C1>9.720000009596674</C1>
                  <C2>47.04500000833995</C2>
                </COORD>
                <COORD>
                  <C1>9.72100000959756</C1>
                  <C2>47.04500000833959</C2>
                </COORD>
                <COORD>
                  <C1>9.721000009597217</C1>
                  <C2>47.04600000834005</C2>
                </COORD>
                <COORD>
                  <C1>9.722000009598103</C1>
                  <C2>47.04600000833969</C2>
                </COORD>
                <COORD>
                  <C1>9.723000009598998</C1>
                  <C2>47.04600000833939</C2>
                </COORD>
                <COORD>
                  <C1>9.724000009599886</C1>
                  <C2>47.04600000833907</C2>
                </COORD>
                <COORD>
                  <C1>9.725000009600775</C1>
                  <C2>47.04600000833875</C2>
                </COORD>
                <COORD>
                  <C1>9.72600000960166</C1>
                  <C2>47.04600000833835</C2>
                </COORD>
                <COORD>
                  <C1>9.727000009602547</C1>
                  <C2>47.04600000833807</C2>
                </COORD>
                <COORD>
                  <C1>9.728000009603434</C1>
                  <C2>47.046000008337735</C2>
                </COORD>
                <COORD>
                  <C1>9.729000009604663</C1>
                  <C2>47.045000008337</C2>
                </COORD>
                <COORD>
                  <C1>9.730000009605552</C1>
                  <C2>47.04500000833667</C2>
                </COORD>
                <COORD>
                  <C1>9.731000009606436</C1>
                  <C2>47.04500000833634</C2>
                </COORD>
                <COORD>
                  <C1>9.732000009607326</C1>
                  <C2>47.045000008336</C2>
                </COORD>
                <COORD>
                  <C1>9.733000009608217</C1>
                  <C2>47.04500000833565</C2>
                </COORD>
                <COORD>
                  <C1>9.734000009609101</C1>
                  <C2>47.045000008335336</C2>
                </COORD>
                <COORD>
                  <C1>9.735000009609987</C1>
                  <C2>47.045000008335</C2>
                </COORD>
                <COORD>
                  <C1>9.735000009610332</C1>
                  <C2>47.044000008334535</C2>
                </COORD>
                <COORD>
                  <C1>9.736000009611217</C1>
                  <C2>47.04400000833426</C2>
                </COORD>
                <COORD>
                  <C1>9.737000009612107</C1>
                  <C2>47.044000008333896</C2>
                </COORD>
                <COORD>
                  <C1>9.738000009612994</C1>
                  <C2>47.044000008333555</C2>
                </COORD>
                <COORD>
                  <C1>9.739000009613873</C1>
                  <C2>47.044000008333256</C2>
                </COORD>
                <COORD>
                  <C1>9.740000009614766</C1>
                  <C2>47.04400000833287</C2>
                </COORD>
                <COORD>
                  <C1>9.741000009615648</C1>
                  <C2>47.04400000833255</C2>
                </COORD>
                <COORD>
                  <C1>9.74200000961654</C1>
                  <C2>47.044000008332276</C2>
                </COORD>
                <COORD>
                  <C1>9.743000009617429</C1>
                  <C2>47.04400000833197</C2>
                </COORD>
                <COORD>
                  <C1>9.744000009618652</C1>
                  <C2>47.04300000833114</C2>
                </COORD>
                <COORD>
                  <C1>9.745000009619538</C1>
                  <C2>47.04300000833083</C2>
                </COORD>
                <COORD>
                  <C1>9.746000009620422</C1>
                  <C2>47.04300000833046</C2>
                </COORD>
                <COORD>
                  <C1>9.74700000962131</C1>
                  <C2>47.04300000833015</C2>
                </COORD>
                <COORD>
                  <C1>9.747000009621651</C1>
                  <C2>47.04200000832968</C2>
                </COORD>
                <COORD>
                  <C1>9.747000009621994</C1>
                  <C2>47.04100000832924</C2>
                </COORD>
                <COORD>
                  <C1>9.748000009623219</C1>
                  <C2>47.04000000832845</C2>
                </COORD>
                <COORD>
                  <C1>9.748000009623556</C1>
                  <C2>47.03900000832803</C2>
                </COORD>
                <COORD>
                  <C1>9.749000009624446</C1>
                  <C2>47.03900000832765</C2>
                </COORD>
                <COORD>
                  <C1>9.75000000962533</C1>
                  <C2>47.03900000832736</C2>
                </COORD>
                <COORD>
                  <C1>9.751000009626221</C1>
                  <C2>47.039000008327015</C2>
                </COORD>
                <COORD>
                  <C1>9.752000009627103</C1>
                  <C2>47.03900000832669</C2>
                </COORD>
                <COORD>
                  <C1>9.753000009627991</C1>
                  <C2>47.039000008326376</C2>
                </COORD>
                <COORD>
                  <C1>9.754000009628877</C1>
                  <C2>47.03900000832605</C2>
                </COORD>
                <COORD>
                  <C1>9.755000009629766</C1>
                  <C2>47.03900000832571</C2>
                </COORD>
                <COORD>
                  <C1>9.756000009630649</C1>
                  <C2>47.03900000832541</C2>
                </COORD>
                <COORD>
                  <C1>9.757000009631536</C1>
                  <C2>47.039000008325026</C2>
                </COORD>
                <COORD>
                  <C1>9.758000009632417</C1>
                  <C2>47.03900000832473</C2>
                </COORD>
                <COORD>
                  <C1>9.758000009632076</C1>
                  <C2>47.04000000832519</C2>
                </COORD>
                <COORD>
                  <C1>9.759000009632965</C1>
                  <C2>47.040000008324874</C2>
                </COORD>
                <COORD>
                  <C1>9.760000009633847</C1>
                  <C2>47.040000008324505</C2>
                </COORD>
                <COORD>
                  <C1>9.760000009634187</C1>
                  <C2>47.03900000832406</C2>
                </COORD>
                <COORD>
                  <C1>9.761000009635076</C1>
                  <C2>47.03900000832375</C2>
                </COORD>
                <COORD>
                  <C1>9.762000009635958</C1>
                  <C2>47.03900000832343</C2>
                </COORD>
                <COORD>
                  <C1>9.762000009635619</C1>
                  <C2>47.04000000832386</C2>
                </COORD>
                <COORD>
                  <C1>9.763000009636501</C1>
                  <C2>47.04000000832356</C2>
                </COORD>
                <COORD>
                  <C1>9.763000009636846</C1>
                  <C2>47.03900000832304</C2>
                </COORD>
                <COORD>
                  <C1>9.764000009637728</C1>
                  <C2>47.03900000832274</C2>
                </COORD>
                <COORD>
                  <C1>9.765000009638614</C1>
                  <C2>47.03900000832245</C2>
                </COORD>
                <COORD>
                  <C1>9.765000009638275</C1>
                  <C2>47.040000008322906</C2>
                </COORD>
                <COORD>
                  <C1>9.766000009639155</C1>
                  <C2>47.04000000832252</C2>
                </COORD>
                <COORD>
                  <C1>9.767000009640041</C1>
                  <C2>47.04000000832223</C2>
                </COORD>
                <COORD>
                  <C1>9.768000009640925</C1>
                  <C2>47.04000000832192</C2>
                </COORD>
                <COORD>
                  <C1>9.768000009640584</C1>
                  <C2>47.041000008322385</C2>
                </COORD>
                <COORD>
                  <C1>9.769000009641468</C1>
                  <C2>47.04100000832206</C2>
                </COORD>
                <COORD>
                  <C1>9.770000009642354</C1>
                  <C2>47.04100000832171</C2>
                </COORD>
                <COORD>
                  <C1>9.771000009643236</C1>
                  <C2>47.04100000832138</C2>
                </COORD>
                <COORD>
                  <C1>9.772000009644124</C1>
                  <C2>47.04100000832104</C2>
                </COORD>
                <COORD>
                  <C1>9.773000009645003</C1>
                  <C2>47.041000008320715</C2>
                </COORD>
                <COORD>
                  <C1>9.77400000964589</C1>
                  <C2>47.041000008320395</C2>
                </COORD>
                <COORD>
                  <C1>9.775000009646773</C1>
                  <C2>47.04100000832003</C2>
                </COORD>
                <COORD>
                  <C1>9.776000009647657</C1>
                  <C2>47.04100000831974</C2>
                </COORD>
                <COORD>
                  <C1>9.777000009648537</C1>
                  <C2>47.04100000831942</C2>
                </COORD>
                <COORD>
                  <C1>9.778000009649768</C1>
                  <C2>47.0400000083186</C2>
                </COORD>
                <COORD>
                  <C1>9.77900000965065</C1>
                  <C2>47.040000008318245</C2>
                </COORD>
                <COORD>
                  <C1>9.779000009650309</C1>
                  <C2>47.04100000831875</C2>
                </COORD>
                <COORD>
                  <C1>9.78000000965119</C1>
                  <C2>47.04100000831843</C2>
                </COORD>
                <COORD>
                  <C1>9.781000009652416</C1>
                  <C2>47.04000000831763</C2>
                </COORD>
                <COORD>
                  <C1>9.782000009653299</C1>
                  <C2>47.04000000831729</C2>
                </COORD>
                <COORD>
                  <C1>9.783000009654181</C1>
                  <C2>47.040000008316994</C2>
                </COORD>
                <COORD>
                  <C1>9.78400000965507</C1>
                  <C2>47.04000000831663</C2>
                </COORD>
                <COORD>
                  <C1>9.785000009655953</C1>
                  <C2>47.04000000831635</C2>
                </COORD>
                <COORD>
                  <C1>9.78600000965683</C1>
                  <C2>47.040000008315964</C2>
                </COORD>
                <COORD>
                  <C1>9.786000009657172</C1>
                  <C2>47.03900000831555</C2>
                </COORD>
                <COORD>
                  <C1>9.78700000965806</C1>
                  <C2>47.0390000083152</C2>
                </COORD>
                <COORD>
                  <C1>9.7870000096584</C1>
                  <C2>47.03800000831476</C2>
                </COORD>
                <COORD>
                  <C1>9.788000009659287</C1>
                  <C2>47.038000008314455</C2>
                </COORD>
                <COORD>
                  <C1>9.78900000966051</C1>
                  <C2>47.037000008313605</C2>
                </COORD>
                <COORD>
                  <C1>9.790000009661389</C1>
                  <C2>47.03700000831332</C2>
                </COORD>
                <COORD>
                  <C1>9.791000009662275</C1>
                  <C2>47.03700000831301</C2>
                </COORD>
                <COORD>
                  <C1>9.791000009662616</C1>
                  <C2>47.03600000831255</C2>
                </COORD>
                <COORD>
                  <C1>9.792000009663498</C1>
                  <C2>47.03600000831218</C2>
                </COORD>
                <COORD>
                  <C1>9.79200000966384</C1>
                  <C2>47.035000008311705</C2>
                </COORD>
                <COORD>
                  <C1>9.793000009665063</C1>
                  <C2>47.034000008310926</C2>
                </COORD>
                <COORD>
                  <C1>9.794000009665949</C1>
                  <C2>47.03400000831058</C2>
                </COORD>
                <COORD>
                  <C1>9.794000009666291</C1>
                  <C2>47.033000008310125</C2>
                </COORD>
                <COORD>
                  <C1>9.795000009667174</C1>
                  <C2>47.03300000830983</C2>
                </COORD>
                <COORD>
                  <C1>9.796000009668056</C1>
                  <C2>47.03300000830946</C2>
                </COORD>
                <COORD>
                  <C1>9.797000009668936</C1>
                  <C2>47.03300000830914</C2>
                </COORD>
                <COORD>
                  <C1>9.79700000966928</C1>
                  <C2>47.032000008308664</C2>
                </COORD>
                <COORD>
                  <C1>9.798000009670163</C1>
                  <C2>47.03200000830839</C2>
                </COORD>
                <COORD>
                  <C1>9.799000009671044</C1>
                  <C2>47.032000008308046</C2>
                </COORD>
                <COORD>
                  <C1>9.800000009671926</C1>
                  <C2>47.0320000083077</C2>
                </COORD>
                <COORD>
                  <C1>9.801000009672808</C1>
                  <C2>47.03200000830739</C2>
                </COORD>
                <COORD>
                  <C1>9.801000009673148</C1>
                  <C2>47.03100000830692</C2>
                </COORD>
                <COORD>
                  <C1>9.802000009674034</C1>
                  <C2>47.0310000083066</C2>
                </COORD>
                <COORD>
                  <C1>9.803000009674914</C1>
                  <C2>47.03100000830627</C2>
                </COORD>
                <COORD>
                  <C1>9.80300000967526</C1>
                  <C2>47.03000000830581</C2>
                </COORD>
                <COORD>
                  <C1>9.80400000967648</C1>
                  <C2>47.02900000830502</C2>
                </COORD>
                <COORD>
                  <C1>9.80500000967736</C1>
                  <C2>47.02900000830472</C2>
                </COORD>
                <COORD>
                  <C1>9.806000009678586</C1>
                  <C2>47.028000008303884</C2>
                </COORD>
                <COORD>
                  <C1>9.807000009679815</C1>
                  <C2>47.0270000083031</C2>
                </COORD>
                <COORD>
                  <C1>9.808000009680692</C1>
                  <C2>47.027000008302785</C2>
                </COORD>
                <COORD>
                  <C1>9.808000009681034</C1>
                  <C2>47.02600000830229</C2>
                </COORD>
                <COORD>
                  <C1>9.809000009681915</C1>
                  <C2>47.02600000830201</C2>
                </COORD>
                <COORD>
                  <C1>9.8100000096828</C1>
                  <C2>47.02600000830167</C2>
                </COORD>
                <COORD>
                  <C1>9.810000009683142</C1>
                  <C2>47.02500000830118</C2>
                </COORD>
                <COORD>
                  <C1>9.811000009684024</C1>
                  <C2>47.02500000830088</C2>
                </COORD>
                <COORD>
                  <C1>9.812000009684903</C1>
                  <C2>47.02500000830054</C2>
                </COORD>
                <COORD>
                  <C1>9.81200000968525</C1>
                  <C2>47.02400000830008</C2>
                </COORD>
                <COORD>
                  <C1>9.813000009686128</C1>
                  <C2>47.02400000829973</C2>
                </COORD>
                <COORD>
                  <C1>9.814000009687009</C1>
                  <C2>47.02400000829941</C2>
                </COORD>
                <COORD>
                  <C1>9.81500000968789</C1>
                  <C2>47.02400000829905</C2>
                </COORD>
                <COORD>
                  <C1>9.81600000968877</C1>
                  <C2>47.024000008298735</C2>
                </COORD>
                <COORD>
                  <C1>9.817000009689654</C1>
                  <C2>47.02400000829844</C2>
                </COORD>
                <COORD>
                  <C1>9.81800000969053</C1>
                  <C2>47.02400000829813</C2>
                </COORD>
                <COORD>
                  <C1>9.819000009691413</C1>
                  <C2>47.02400000829777</C2>
                </COORD>
                <COORD>
                  <C1>9.82000000969229</C1>
                  <C2>47.02400000829744</C2>
                </COORD>
                <COORD>
                  <C1>9.820000009692635</C1>
                  <C2>47.023000008297004</C2>
                </COORD>
                <COORD>
                  <C1>9.821000009693517</C1>
                  <C2>47.02300000829664</C2>
                </COORD>
                <COORD>
                  <C1>9.822000009694396</C1>
                  <C2>47.023000008296336</C2>
                </COORD>
                <COORD>
                  <C1>9.823000009695276</C1>
                  <C2>47.02300000829599</C2>
                </COORD>
                <COORD>
                  <C1>9.823000009695622</C1>
                  <C2>47.02200000829553</C2>
                </COORD>
                <COORD>
                  <C1>9.824000009696501</C1>
                  <C2>47.022000008295144</C2>
                </COORD>
                <COORD>
                  <C1>9.82500000969738</C1>
                  <C2>47.02200000829488</C2>
                </COORD>
                <COORD>
                  <C1>9.826000009698603</C1>
                  <C2>47.02100000829404</C2>
                </COORD>
                <COORD>
                  <C1>9.826000009698946</C1>
                  <C2>47.020000008293586</C2>
                </COORD>
                <COORD>
                  <C1>9.827000009699825</C1>
                  <C2>47.020000008293295</C2>
                </COORD>
                <COORD>
                  <C1>9.828000009701052</C1>
                  <C2>47.01900000829246</C2>
                </COORD>
                <COORD>
                  <C1>9.829000009701936</C1>
                  <C2>47.01900000829218</C2>
                </COORD>
                <COORD>
                  <C1>9.830000009702811</C1>
                  <C2>47.01900000829184</C2>
                </COORD>
                <COORD>
                  <C1>9.831000009704029</C1>
                  <C2>47.01800000829104</C2>
                </COORD>
                <COORD>
                  <C1>9.832000009705258</C1>
                  <C2>47.01700000829023</C2>
                </COORD>
                <COORD>
                  <C1>9.8320000097056</C1>
                  <C2>47.016000008289815</C2>
                </COORD>
                <COORD>
                  <C1>9.833000009706478</C1>
                  <C2>47.01600000828948</C2>
                </COORD>
                <COORD>
                  <C1>9.834000009707356</C1>
                  <C2>47.01600000828913</C2>
                </COORD>
                <COORD>
                  <C1>9.83500000970824</C1>
                  <C2>47.016000008288806</C2>
                </COORD>
                <COORD>
                  <C1>9.836000009709117</C1>
                  <C2>47.016000008288486</C2>
                </COORD>
                <COORD>
                  <C1>9.835000009708583</C1>
                  <C2>47.015000008288354</C2>
                </COORD>
                <COORD>
                  <C1>9.836000009709464</C1>
                  <C2>47.015000008288006</C2>
                </COORD>
                <COORD>
                  <C1>9.837000009710335</C1>
                  <C2>47.015000008287664</C2>
                </COORD>
                <COORD>
                  <C1>9.837000009710687</C1>
                  <C2>47.01400000828722</C2>
                </COORD>
                <COORD>
                  <C1>9.838000009711557</C1>
                  <C2>47.014000008286885</C2>
                </COORD>
                <COORD>
                  <C1>9.838000009711218</C1>
                  <C2>47.015000008287345</C2>
                </COORD>
                <COORD>
                  <C1>9.839000009712102</C1>
                  <C2>47.01500000828701</C2>
                </COORD>
                <COORD>
                  <C1>9.840000009712634</C1>
                  <C2>47.01600000828717</C2>
                </COORD>
                <COORD>
                  <C1>9.84200000971405</C1>
                  <C2>47.017000008286935</C2>
                </COORD>
                <COORD>
                  <C1>9.843000009714928</C1>
                  <C2>47.0170000082866</C2>
                </COORD>
                <COORD>
                  <C1>9.844000009715804</C1>
                  <C2>47.01700000828626</C2>
                </COORD>
                <COORD>
                  <C1>9.845000009716685</C1>
                  <C2>47.017000008285954</C2>
                </COORD>
                <COORD>
                  <C1>9.84600000971722</C1>
                  <C2>47.0180000082861</C2>
                </COORD>
                <COORD>
                  <C1>9.847000009718098</C1>
                  <C2>47.018000008285775</C2>
                </COORD>
                <COORD>
                  <C1>9.84800000971898</C1>
                  <C2>47.01800000828543</C2>
                </COORD>
                <COORD>
                  <C1>9.849000009719857</C1>
                  <C2>47.01800000828509</C2>
                </COORD>
                <COORD>
                  <C1>9.850000009720732</C1>
                  <C2>47.01800000828477</C2>
                </COORD>
                <COORD>
                  <C1>9.851000009721613</C1>
                  <C2>47.018000008284424</C2>
                </COORD>
                <COORD>
                  <C1>9.85200000972249</C1>
                  <C2>47.0180000082841</C2>
                </COORD>
                <COORD>
                  <C1>9.853000009723367</C1>
                  <C2>47.018000008283764</C2>
                </COORD>
                <COORD>
                  <C1>9.85400000972424</C1>
                  <C2>47.01800000828344</C2>
                </COORD>
                <COORD>
                  <C1>9.8540000097239</C1>
                  <C2>47.019000008283896</C2>
                </COORD>
                <COORD>
                  <C1>9.855000009724778</C1>
                  <C2>47.01900000828358</C2>
                </COORD>
                <COORD>
                  <C1>9.856000009725653</C1>
                  <C2>47.01900000828324</C2>
                </COORD>
                <COORD>
                  <C1>9.856000009725308</C1>
                  <C2>47.020000008283674</C2>
                </COORD>
                <COORD>
                  <C1>9.857000009726185</C1>
                  <C2>47.02000000828333</C2>
                </COORD>
                <COORD>
                  <C1>9.857000009725843</C1>
                  <C2>47.021000008283835</C2>
                </COORD>
                <COORD>
                  <C1>9.858000009726723</C1>
                  <C2>47.0210000082835</C2>
                </COORD>
                <COORD>
                  <C1>9.861000009727974</C1>
                  <C2>47.025000008284366</C2>
                </COORD>
                <COORD>
                  <C1>9.862000009728849</C1>
                  <C2>47.025000008284046</C2>
                </COORD>
                <COORD>
                  <C1>9.863000009730072</C1>
                  <C2>47.02400000828324</C2>
                </COORD>
                <COORD>
                  <C1>9.86400000973095</C1>
                  <C2>47.02400000828295</C2>
                </COORD>
                <COORD>
                  <C1>9.865000009731826</C1>
                  <C2>47.024000008282584</C2>
                </COORD>
                <COORD>
                  <C1>9.866000009732701</C1>
                  <C2>47.02400000828223</C2>
                </COORD>
                <COORD>
                  <C1>9.867000009733577</C1>
                  <C2>47.02400000828188</C2>
                </COORD>
                <COORD>
                  <C1>9.867000009733923</C1>
                  <C2>47.02300000828144</C2>
                </COORD>
                <COORD>
                  <C1>9.868000009734802</C1>
                  <C2>47.02300000828114</C2>
                </COORD>
                <COORD>
                  <C1>9.869000009735677</C1>
                  <C2>47.02300000828081</C2>
                </COORD>
                <COORD>
                  <C1>9.870000009736552</C1>
                  <C2>47.02300000828045</C2>
                </COORD>
                <COORD>
                  <C1>9.871000009737427</C1>
                  <C2>47.02300000828015</C2>
                </COORD>
                <COORD>
                  <C1>9.872000009738304</C1>
                  <C2>47.02300000827981</C2>
                </COORD>
                <COORD>
                  <C1>9.873000009739178</C1>
                  <C2>47.02300000827947</C2>
                </COORD>
                <COORD>
                  <C1>9.874000009740056</C1>
                  <C2>47.02300000827918</C2>
                </COORD>
                <COORD>
                  <C1>9.875000009740928</C1>
                  <C2>47.023000008278814</C2>
                </COORD>
                <COORD>
                  <C1>9.876000009741807</C1>
                  <C2>47.02300000827845</C2>
                </COORD>
                <COORD>
                  <C1>9.877000009742684</C1>
                  <C2>47.023000008278146</C2>
                </COORD>
                <COORD>
                  <C1>9.878000009743555</C1>
                  <C2>47.02300000827782</C2>
                </COORD>
                <COORD>
                  <C1>9.879000009744432</C1>
                  <C2>47.02300000827743</C2>
                </COORD>
                <COORD>
                  <C1>9.879000009744777</C1>
                  <C2>47.02200000827701</C2>
                </COORD>
                <COORD>
                  <C1>9.880000009745656</C1>
                  <C2>47.02200000827668</C2>
                </COORD>
                <COORD>
                  <C1>9.881000009746527</C1>
                  <C2>47.022000008276336</C2>
                </COORD>
                <COORD>
                  <C1>9.881000009746876</C1>
                  <C2>47.02100000827588</C2>
                </COORD>
                <COORD>
                  <C1>9.88100000974722</C1>
                  <C2>47.02000000827544</C2>
                </COORD>
                <COORD>
                  <C1>9.882000009748092</C1>
                  <C2>47.0200000082751</C2>
                </COORD>
                <COORD>
                  <C1>9.882000009748436</C1>
                  <C2>47.019000008274624</C2>
                </COORD>
                <COORD>
                  <C1>9.881000009747563</C1>
                  <C2>47.019000008274936</C2>
                </COORD>
                <COORD>
                  <C1>9.880000009746693</C1>
                  <C2>47.01900000827528</C2>
                </COORD>
                <COORD>
                  <C1>9.88100000974791</C1>
                  <C2>47.0180000082745</C2>
                </COORD>
                <COORD>
                  <C1>9.880000009747034</C1>
                  <C2>47.01800000827481</C2>
                </COORD>
                <COORD>
                  <C1>9.879000009746159</C1>
                  <C2>47.01800000827515</C2>
                </COORD>
                <COORD>
                  <C1>9.878000009745282</C1>
                  <C2>47.01800000827551</C2>
                </COORD>
                <COORD>
                  <C1>9.87800000974563</C1>
                  <C2>47.01700000827505</C2>
                </COORD>
                <COORD>
                  <C1>9.877000009744755</C1>
                  <C2>47.01700000827539</C2>
                </COORD>
                <COORD>
                  <C1>9.877000009745094</C1>
                  <C2>47.01600000827492</C2>
                </COORD>
                <COORD>
                  <C1>9.876000009744219</C1>
                  <C2>47.01600000827527</C2>
                </COORD>
                <COORD>
                  <C1>9.875000009743346</C1>
                  <C2>47.01600000827557</C2>
                </COORD>
                <COORD>
                  <C1>9.874000009742469</C1>
                  <C2>47.01600000827588</C2>
                </COORD>
                <COORD>
                  <C1>9.873000009741938</C1>
                  <C2>47.01500000827577</C2>
                </COORD>
                <COORD>
                  <C1>9.872000009741063</C1>
                  <C2>47.01500000827612</C2>
                </COORD>
                <COORD>
                  <C1>9.872000009741404</C1>
                  <C2>47.01400000827566</C2>
                </COORD>
                <COORD>
                  <C1>9.873000009742286</C1>
                  <C2>47.014000008275325</C2>
                </COORD>
                <COORD>
                  <C1>9.873000009742626</C1>
                  <C2>47.013000008274865</C2>
                </COORD>
                <COORD>
                  <C1>9.873000009742972</C1>
                  <C2>47.01200000827438</C2>
                </COORD>
                <COORD>
                  <C1>9.872000009742097</C1>
                  <C2>47.01200000827471</C2>
                </COORD>
                <COORD>
                  <C1>9.872000009742438</C1>
                  <C2>47.011000008274294</C2>
                </COORD>
                <COORD>
                  <C1>9.873000009743318</C1>
                  <C2>47.01100000827393</C2>
                </COORD>
                <COORD>
                  <C1>9.874000009744194</C1>
                  <C2>47.011000008273605</C2>
                </COORD>
                <COORD>
                  <C1>9.874000009744535</C1>
                  <C2>47.01000000827314</C2>
                </COORD>
                <COORD>
                  <C1>9.87500000974541</C1>
                  <C2>47.01000000827282</C2>
                </COORD>
                <COORD>
                  <C1>9.875000009745758</C1>
                  <C2>47.009000008272324</C2>
                </COORD>
                <COORD>
                  <C1>9.874000009744883</C1>
                  <C2>47.00900000827266</C2>
                </COORD>
                <COORD>
                  <C1>9.874000009745224</C1>
                  <C2>47.008000008272184</C2>
                </COORD>
                <COORD>
                  <C1>9.875000009746099</C1>
                  <C2>47.00800000827186</C2>
                </COORD>
                <COORD>
                  <C1>9.880000009751173</C1>
                  <C2>47.00600000826929</C2>
                </COORD>
                <COORD>
                  <C1>9.881000009752045</C1>
                  <C2>47.006000008268934</C2>
                </COORD>
                <COORD>
                  <C1>9.882000009753268</C1>
                  <C2>47.00500000826816</C2>
                </COORD>
                <COORD>
                  <C1>9.884000009755017</C1>
                  <C2>47.00500000826753</C2>
                </COORD>
                <COORD>
                  <C1>9.884000009755363</C1>
                  <C2>47.004000008267056</C2>
                </COORD>
                <COORD>
                  <C1>9.88500000975624</C1>
                  <C2>47.00400000826673</C2>
                </COORD>
                <COORD>
                  <C1>9.886000009757113</C1>
                  <C2>47.004000008266395</C2>
                </COORD>
                <COORD>
                  <C1>9.88700000975799</C1>
                  <C2>47.004000008266054</C2>
                </COORD>
                <COORD>
                  <C1>9.887000009758331</C1>
                  <C2>47.003000008265566</C2>
                </COORD>
                <COORD>
                  <C1>9.888000009759208</C1>
                  <C2>47.00300000826526</C2>
                </COORD>
                <COORD>
                  <C1>9.889000009760085</C1>
                  <C2>47.003000008264884</C2>
                </COORD>
                <COORD>
                  <C1>9.890000009760959</C1>
                  <C2>47.0030000082646</C2>
                </COORD>
                <COORD>
                  <C1>9.890000009761307</C1>
                  <C2>47.00200000826413</C2>
                </COORD>
                <COORD>
                  <C1>9.89000000976165</C1>
                  <C2>47.00100000826368</C2>
                </COORD>
                <COORD>
                  <C1>9.890000009761994</C1>
                  <C2>47.00000000826321</C2>
                </COORD>
                <COORD>
                  <C1>9.891000009763212</C1>
                  <C2>46.99900000826242</C2>
                </COORD>
                <COORD>
                  <C1>9.891000009763555</C1>
                  <C2>46.99800000826193</C2>
                </COORD>
                <COORD>
                  <C1>9.8910000097639</C1>
                  <C2>46.99700000826147</C2>
                </COORD>
                <COORD>
                  <C1>9.891000009764245</C1>
                  <C2>46.99600000826103</C2>
                </COORD>
                <COORD>
                  <C1>9.89200000976512</C1>
                  <C2>46.996000008260694</C2>
                </COORD>
                <COORD>
                  <C1>9.892000009765463</C1>
                  <C2>46.995000008260206</C2>
                </COORD>
                <COORD>
                  <C1>9.892000009765809</C1>
                  <C2>46.994000008259746</C2>
                </COORD>
                <COORD>
                  <C1>9.893000009767027</C1>
                  <C2>46.99300000825898</C2>
                </COORD>
                <COORD>
                  <C1>9.893000009767372</C1>
                  <C2>46.992000008258486</C2>
                </COORD>
                <COORD>
                  <C1>9.89300000976772</C1>
                  <C2>46.991000008258034</C2>
                </COORD>
                <COORD>
                  <C1>9.893000009768063</C1>
                  <C2>46.990000008257574</C2>
                </COORD>
                <COORD>
                  <C1>9.892000009767184</C1>
                  <C2>46.99000000825786</C2>
                </COORD>
                <COORD>
                  <C1>9.891000009766309</C1>
                  <C2>46.99000000825827</C2>
                </COORD>
                <COORD>
                  <C1>9.891000009766652</C1>
                  <C2>46.989000008257776</C2>
                </COORD>
                <COORD>
                  <C1>9.89000000976578</C1>
                  <C2>46.9890000082581</C2>
                </COORD>
                <COORD>
                  <C1>9.889000009764903</C1>
                  <C2>46.989000008258465</C2>
                </COORD>
                <COORD>
                  <C1>9.889000009765246</C1>
                  <C2>46.98800000825798</C2>
                </COORD>
                <COORD>
                  <C1>9.888000009764369</C1>
                  <C2>46.9880000082583</C2>
                </COORD>
                <COORD>
                  <C1>9.887000009763497</C1>
                  <C2>46.98800000825862</C2>
                </COORD>
                <COORD>
                  <C1>9.887000009763842</C1>
                  <C2>46.98700000825819</C2>
                </COORD>
                <COORD>
                  <C1>9.886000009762963</C1>
                  <C2>46.98700000825851</C2>
                </COORD>
                <COORD>
                  <C1>9.886000009763304</C1>
                  <C2>46.98600000825804</C2>
                </COORD>
                <COORD>
                  <C1>9.885000009762432</C1>
                  <C2>46.98600000825839</C2>
                </COORD>
                <COORD>
                  <C1>9.885000009762772</C1>
                  <C2>46.985000008257884</C2>
                </COORD>
                <COORD>
                  <C1>9.885000009763116</C1>
                  <C2>46.984000008257404</C2>
                </COORD>
                <COORD>
                  <C1>9.886000009763993</C1>
                  <C2>46.98400000825713</C2>
                </COORD>
                <COORD>
                  <C1>9.886000009764334</C1>
                  <C2>46.98300000825663</C2>
                </COORD>
                <COORD>
                  <C1>9.885000009763804</C1>
                  <C2>46.9820000082565</C2>
                </COORD>
                <COORD>
                  <C1>9.884000009762923</C1>
                  <C2>46.982000008256804</C2>
                </COORD>
                <COORD>
                  <C1>9.884000009763271</C1>
                  <C2>46.981000008256366</C2>
                </COORD>
                <COORD>
                  <C1>9.883000009762396</C1>
                  <C2>46.981000008256736</C2>
                </COORD>
                <COORD>
                  <C1>9.883000009762732</C1>
                  <C2>46.980000008256255</C2>
                </COORD>
                <COORD>
                  <C1>9.882000009761859</C1>
                  <C2>46.980000008256575</C2>
                </COORD>
                <COORD>
                  <C1>9.882000009762205</C1>
                  <C2>46.979000008256094</C2>
                </COORD>
                <COORD>
                  <C1>9.881000009761326</C1>
                  <C2>46.979000008256456</C2>
                </COORD>
                <COORD>
                  <C1>9.881000009761665</C1>
                  <C2>46.978000008255954</C2>
                </COORD>
                <COORD>
                  <C1>9.881000009762012</C1>
                  <C2>46.9770000082555</C2>
                </COORD>
                <COORD>
                  <C1>9.880000009761137</C1>
                  <C2>46.97700000825581</C2>
                </COORD>
                <COORD>
                  <C1>9.87900000976026</C1>
                  <C2>46.977000008256155</C2>
                </COORD>
                <COORD>
                  <C1>9.878000009759377</C1>
                  <C2>46.9770000082565</C2>
                </COORD>
                <COORD>
                  <C1>9.878000009759722</C1>
                  <C2>46.976000008256</C2>
                </COORD>
                <COORD>
                  <C1>9.877000009758845</C1>
                  <C2>46.97600000825638</C2>
                </COORD>
                <COORD>
                  <C1>9.877000009759188</C1>
                  <C2>46.97500000825588</C2>
                </COORD>
                <COORD>
                  <C1>9.876000009758654</C1>
                  <C2>46.97400000825575</C2>
                </COORD>
                <COORD>
                  <C1>9.876000009758993</C1>
                  <C2>46.97300000825527</C2>
                </COORD>
                <COORD>
                  <C1>9.877000009759872</C1>
                  <C2>46.97300000825495</C2>
                </COORD>
                <COORD>
                  <C1>9.877000009760213</C1>
                  <C2>46.972000008254476</C2>
                </COORD>
                <COORD>
                  <C1>9.877000009760554</C1>
                  <C2>46.97100000825404</C2>
                </COORD>
                <COORD>
                  <C1>9.8770000097609</C1>
                  <C2>46.97000000825355</C2>
                </COORD>
                <COORD>
                  <C1>9.87700000976124</C1>
                  <C2>46.96900000825308</C2>
                </COORD>
                <COORD>
                  <C1>9.876000009760364</C1>
                  <C2>46.96900000825338</C2>
                </COORD>
                <COORD>
                  <C1>9.876000009760705</C1>
                  <C2>46.968000008252936</C2>
                </COORD>
                <COORD>
                  <C1>9.875000009759827</C1>
                  <C2>46.96800000825329</C2>
                </COORD>
                <COORD>
                  <C1>9.874000009759289</C1>
                  <C2>46.967000008253166</C2>
                </COORD>
                <COORD>
                  <C1>9.873000009758416</C1>
                  <C2>46.96700000825346</C2>
                </COORD>
                <COORD>
                  <C1>9.873000009758757</C1>
                  <C2>46.96600000825301</C2>
                </COORD>
                <COORD>
                  <C1>9.873000009759098</C1>
                  <C2>46.96500000825256</C2>
                </COORD>
                <COORD>
                  <C1>9.87300000975944</C1>
                  <C2>46.96400000825206</C2>
                </COORD>
                <COORD>
                  <C1>9.874000009760318</C1>
                  <C2>46.96400000825173</C2>
                </COORD>
                <COORD>
                  <C1>9.874000009760657</C1>
                  <C2>46.96300000825126</C2>
                </COORD>
                <COORD>
                  <C1>9.875000009761875</C1>
                  <C2>46.9620000082505</C2>
                </COORD>
                <COORD>
                  <C1>9.876000009762759</C1>
                  <C2>46.962000008250165</C2>
                </COORD>
                <COORD>
                  <C1>9.876000009763098</C1>
                  <C2>46.96100000824968</C2>
                </COORD>
                <COORD>
                  <C1>9.877000009763975</C1>
                  <C2>46.96100000824933</C2>
                </COORD>
                <COORD>
                  <C1>9.878000009764852</C1>
                  <C2>46.961000008249016</C2>
                </COORD>
                <COORD>
                  <C1>9.878000009765199</C1>
                  <C2>46.960000008248535</C2>
                </COORD>
                <COORD>
                  <C1>9.879000009766074</C1>
                  <C2>46.9600000082482</C2>
                </COORD>
                <COORD>
                  <C1>9.880000009767295</C1>
                  <C2>46.959000008247386</C2>
                </COORD>
                <COORD>
                  <C1>9.880000009767635</C1>
                  <C2>46.958000008246955</C2>
                </COORD>
                <COORD>
                  <C1>9.880000009767977</C1>
                  <C2>46.95700000824649</C2>
                </COORD>
                <COORD>
                  <C1>9.879000009767097</C1>
                  <C2>46.95700000824681</C2>
                </COORD>
                <COORD>
                  <C1>9.879000009767442</C1>
                  <C2>46.95600000824635</C2>
                </COORD>
                <COORD>
                  <C1>9.879000009767783</C1>
                  <C2>46.9550000082459</C2>
                </COORD>
                <COORD>
                  <C1>9.879000009768124</C1>
                  <C2>46.954000008245366</C2>
                </COORD>
                <COORD>
                  <C1>9.878000009767584</C1>
                  <C2>46.95300000824526</C2>
                </COORD>
                <COORD>
                  <C1>9.877000009766707</C1>
                  <C2>46.953000008245596</C2>
                </COORD>
                <COORD>
                  <C1>9.877000009767047</C1>
                  <C2>46.95200000824515</C2>
                </COORD>
                <COORD>
                  <C1>9.876000009766171</C1>
                  <C2>46.952000008245456</C2>
                </COORD>
                <COORD>
                  <C1>9.87700000976739</C1>
                  <C2>46.951000008244634</C2>
                </COORD>
                <COORD>
                  <C1>9.87700000976773</C1>
                  <C2>46.95000000824418</C2>
                </COORD>
                <COORD>
                  <C1>9.87800000976861</C1>
                  <C2>46.95000000824385</C2>
                </COORD>
                <COORD>
                  <C1>9.87800000976895</C1>
                  <C2>46.94900000824341</C2>
                </COORD>
                <COORD>
                  <C1>9.878000009769291</C1>
                  <C2>46.94800000824293</C2>
                </COORD>
                <COORD>
                  <C1>9.87800000976963</C1>
                  <C2>46.94700000824246</C2>
                </COORD>
                <COORD>
                  <C1>9.878000009769973</C1>
                  <C2>46.946000008241995</C2>
                </COORD>
                <COORD>
                  <C1>9.878000009770313</C1>
                  <C2>46.9450000082415</C2>
                </COORD>
                <COORD>
                  <C1>9.878000009770656</C1>
                  <C2>46.9440000082411</C2>
                </COORD>
                <COORD>
                  <C1>9.878000009770995</C1>
                  <C2>46.94300000824053</C2>
                </COORD>
                <COORD>
                  <C1>9.878000009771334</C1>
                  <C2>46.942000008240086</C2>
                </COORD>
                <COORD>
                  <C1>9.879000009772213</C1>
                  <C2>46.94200000823974</C2>
                </COORD>
                <COORD>
                  <C1>9.880000009773093</C1>
                  <C2>46.942000008239454</C2>
                </COORD>
                <COORD>
                  <C1>9.880000009772756</C1>
                  <C2>46.943000008239885</C2>
                </COORD>
                <COORD>
                  <C1>9.88100000977397</C1>
                  <C2>46.94200000823909</C2>
                </COORD>
                <COORD>
                  <C1>9.88200000977485</C1>
                  <C2>46.94200000823875</C2>
                </COORD>
                <COORD>
                  <C1>9.882000009775188</C1>
                  <C2>46.941000008238305</C2>
                </COORD>
                <COORD>
                  <C1>9.881000009774311</C1>
                  <C2>46.94100000823866</C2>
                </COORD>
                <COORD>
                  <C1>9.880000009773436</C1>
                  <C2>46.94100000823898</C2>
                </COORD>
                <COORD>
                  <C1>9.880000009773775</C1>
                  <C2>46.94000000823846</C2>
                </COORD>
                <COORD>
                  <C1>9.879000009772895</C1>
                  <C2>46.94000000823878</C2>
                </COORD>
                <COORD>
                  <C1>9.879000009773236</C1>
                  <C2>46.93900000823836</C2>
                </COORD>
                <COORD>
                  <C1>9.878000009772357</C1>
                  <C2>46.93900000823868</C2>
                </COORD>
                <COORD>
                  <C1>9.8780000097727</C1>
                  <C2>46.938000008238184</C2>
                </COORD>
                <COORD>
                  <C1>9.878000009773038</C1>
                  <C2>46.93700000823772</C2>
                </COORD>
                <COORD>
                  <C1>9.878000009773379</C1>
                  <C2>46.93600000823725</C2>
                </COORD>
                <COORD>
                  <C1>9.879000009774257</C1>
                  <C2>46.93600000823695</C2>
                </COORD>
                <COORD>
                  <C1>9.88000000977514</C1>
                  <C2>46.9360000082366</C2>
                </COORD>
                <COORD>
                  <C1>9.8800000097748</C1>
                  <C2>46.93700000823709</C2>
                </COORD>
                <COORD>
                  <C1>9.881000009775676</C1>
                  <C2>46.93700000823673</C2>
                </COORD>
                <COORD>
                  <C1>9.88200000977655</C1>
                  <C2>46.937000008236396</C2>
                </COORD>
                <COORD>
                  <C1>9.883000009777433</C1>
                  <C2>46.937000008236076</C2>
                </COORD>
                <COORD>
                  <C1>9.883000009777772</C1>
                  <C2>46.93600000823563</C2>
                </COORD>
                <COORD>
                  <C1>9.884000009778651</C1>
                  <C2>46.93600000823528</C2>
                </COORD>
                <COORD>
                  <C1>9.885000009779528</C1>
                  <C2>46.93600000823493</C2>
                </COORD>
                <COORD>
                  <C1>9.88500000977987</C1>
                  <C2>46.93500000823449</C2>
                </COORD>
                <COORD>
                  <C1>9.886000009780748</C1>
                  <C2>46.935000008234155</C2>
                </COORD>
                <COORD>
                  <C1>9.887000009781625</C1>
                  <C2>46.93500000823381</C2>
                </COORD>
                <COORD>
                  <C1>9.888000009782504</C1>
                  <C2>46.93500000823347</C2>
                </COORD>
                <COORD>
                  <C1>9.888000009782845</C1>
                  <C2>46.934000008233035</C2>
                </COORD>
                <COORD>
                  <C1>9.889000009783722</C1>
                  <C2>46.934000008232644</C2>
                </COORD>
                <COORD>
                  <C1>9.8900000097846</C1>
                  <C2>46.93400000823233</C2>
                </COORD>
                <COORD>
                  <C1>9.891000009785477</C1>
                  <C2>46.93400000823203</C2>
                </COORD>
                <COORD>
                  <C1>9.892000009786354</C1>
                  <C2>46.93400000823169</C2>
                </COORD>
                <COORD>
                  <C1>9.89300000978723</C1>
                  <C2>46.934000008231344</C2>
                </COORD>
                <COORD>
                  <C1>9.894000009788114</C1>
                  <C2>46.93400000823103</C2>
                </COORD>
                <COORD>
                  <C1>9.894000009788453</C1>
                  <C2>46.93300000823055</C2>
                </COORD>
                <COORD>
                  <C1>9.895000009788987</C1>
                  <C2>46.93400000823069</C2>
                </COORD>
                <COORD>
                  <C1>9.896000009789864</C1>
                  <C2>46.93400000823036</C2>
                </COORD>
                <COORD>
                  <C1>9.896000009790205</C1>
                  <C2>46.93300000822989</C2>
                </COORD>
                <COORD>
                  <C1>9.89700000979108</C1>
                  <C2>46.933000008229556</C2>
                </COORD>
                <COORD>
                  <C1>9.898000009791959</C1>
                  <C2>46.933000008229214</C2>
                </COORD>
                <COORD>
                  <C1>9.898000009792305</C1>
                  <C2>46.932000008228755</C2>
                </COORD>
                <COORD>
                  <C1>9.899000009793175</C1>
                  <C2>46.932000008228414</C2>
                </COORD>
                <COORD>
                  <C1>9.899000009793516</C1>
                  <C2>46.93100000822795</C2>
                </COORD>
                <COORD>
                  <C1>9.900000009794399</C1>
                  <C2>46.93100000822764</C2>
                </COORD>
                <COORD>
                  <C1>9.901000009795272</C1>
                  <C2>46.93100000822731</C2>
                </COORD>
                <COORD>
                  <C1>9.901000009795613</C1>
                  <C2>46.93000000822682</C2>
                </COORD>
                <COORD>
                  <C1>9.901000009795956</C1>
                  <C2>46.92900000822633</C2>
                </COORD>
                <COORD>
                  <C1>9.90200000979683</C1>
                  <C2>46.92900000822602</C2>
                </COORD>
                <COORD>
                  <C1>9.903000009797712</C1>
                  <C2>46.92900000822567</C2>
                </COORD>
                <COORD>
                  <C1>9.904000009798587</C1>
                  <C2>46.92900000822538</C2>
                </COORD>
                <COORD>
                  <C1>9.905000009799801</C1>
                  <C2>46.92800000822452</C2>
                </COORD>
                <COORD>
                  <C1>9.906000009800678</C1>
                  <C2>46.928000008224195</C2>
                </COORD>
                <COORD>
                  <C1>9.907000009801555</C1>
                  <C2>46.928000008223876</C2>
                </COORD>
                <COORD>
                  <C1>9.908000009802775</C1>
                  <C2>46.927000008223075</C2>
                </COORD>
                <COORD>
                  <C1>9.90900000980365</C1>
                  <C2>46.92700000822275</C2>
                </COORD>
                <COORD>
                  <C1>9.911000009805402</C1>
                  <C2>46.927000008222066</C2>
                </COORD>
                <COORD>
                  <C1>9.91200000980628</C1>
                  <C2>46.92700000822179</C2>
                </COORD>
                <COORD>
                  <C1>9.913000009807154</C1>
                  <C2>46.927000008221434</C2>
                </COORD>
                <COORD>
                  <C1>9.913000009806812</C1>
                  <C2>46.92800000822188</C2>
                </COORD>
                <COORD>
                  <C1>9.914000009807687</C1>
                  <C2>46.92800000822157</C2>
                </COORD>
                <COORD>
                  <C1>9.91400000980803</C1>
                  <C2>46.92700000822113</C2>
                </COORD>
                <COORD>
                  <C1>9.915000009808901</C1>
                  <C2>46.92700000822076</C2>
                </COORD>
                <COORD>
                  <C1>9.916000009809782</C1>
                  <C2>46.92700000822044</C2>
                </COORD>
                <COORD>
                  <C1>9.917000009810998</C1>
                  <C2>46.92600000821964</C2>
                </COORD>
                <COORD>
                  <C1>9.91700000981134</C1>
                  <C2>46.925000008219136</C2>
                </COORD>
                <COORD>
                  <C1>9.91700000981168</C1>
                  <C2>46.924000008218684</C2>
                </COORD>
                <COORD>
                  <C1>9.918000009812557</C1>
                  <C2>46.92400000821835</C2>
                </COORD>
                <COORD>
                  <C1>9.918000009812896</C1>
                  <C2>46.92300000821787</C2>
                </COORD>
                <COORD>
                  <C1>9.919000009813777</C1>
                  <C2>46.92300000821754</C2>
                </COORD>
                <COORD>
                  <C1>9.92000000981499</C1>
                  <C2>46.922000008216756</C2>
                </COORD>
                <COORD>
                  <C1>9.921000009815867</C1>
                  <C2>46.922000008216415</C2>
                </COORD>
                <COORD>
                  <C1>9.922000009816744</C1>
                  <C2>46.922000008216095</C2>
                </COORD>
                <COORD>
                  <C1>9.923000009817958</C1>
                  <C2>46.921000008215266</C2>
                </COORD>
                <COORD>
                  <C1>9.92400000981917</C1>
                  <C2>46.92000000821446</C2>
                </COORD>
                <COORD>
                  <C1>9.925000009820051</C1>
                  <C2>46.92000000821414</C2>
                </COORD>
                <COORD>
                  <C1>9.926000009820923</C1>
                  <C2>46.9200000082138</C2>
                </COORD>
                <COORD>
                  <C1>9.92700000982214</C1>
                  <C2>46.91900000821299</C2>
                </COORD>
                <COORD>
                  <C1>9.928000009823018</C1>
                  <C2>46.91900000821267</C2>
                </COORD>
                <COORD>
                  <C1>9.929000009823891</C1>
                  <C2>46.91900000821233</C2>
                </COORD>
                <COORD>
                  <C1>9.930000009824765</C1>
                  <C2>46.919000008212</C2>
                </COORD>
                <COORD>
                  <C1>9.931000009825981</C1>
                  <C2>46.91800000821117</C2>
                </COORD>
                <COORD>
                  <C1>9.932000009826858</C1>
                  <C2>46.9180000082109</C2>
                </COORD>
                <COORD>
                  <C1>9.932000009827195</C1>
                  <C2>46.91700000821039</C2>
                </COORD>
                <COORD>
                  <C1>9.933000009828069</C1>
                  <C2>46.91700000821003</C2>
                </COORD>
                <COORD>
                  <C1>9.934000009828946</C1>
                  <C2>46.917000008209705</C2>
                </COORD>
                <COORD>
                  <C1>9.93500000982982</C1>
                  <C2>46.91700000820939</C2>
                </COORD>
                <COORD>
                  <C1>9.935000009830164</C1>
                  <C2>46.916000008208904</C2>
                </COORD>
                <COORD>
                  <C1>9.93600000983104</C1>
                  <C2>46.91600000820856</C2>
                </COORD>
                <COORD>
                  <C1>9.937000009831912</C1>
                  <C2>46.916000008208265</C2>
                </COORD>
                <COORD>
                  <C1>9.938000009832788</C1>
                  <C2>46.91600000820794</C2>
                </COORD>
                <COORD>
                  <C1>9.938000009833127</C1>
                  <C2>46.915000008207464</C2>
                </COORD>
                <COORD>
                  <C1>9.939000009834002</C1>
                  <C2>46.915000008207116</C2>
                </COORD>
                <COORD>
                  <C1>9.940000009834876</C1>
                  <C2>46.91500000820677</C2>
                </COORD>
                <COORD>
                  <C1>9.94100000983575</C1>
                  <C2>46.91500000820645</C2>
                </COORD>
                <COORD>
                  <C1>9.942000009836626</C1>
                  <C2>46.91500000820613</C2>
                </COORD>
                <COORD>
                  <C1>9.9430000098375</C1>
                  <C2>46.91500000820581</C2>
                </COORD>
                <COORD>
                  <C1>9.944000009838371</C1>
                  <C2>46.91500000820547</C2>
                </COORD>
                <COORD>
                  <C1>9.945000009839248</C1>
                  <C2>46.915000008205126</C2>
                </COORD>
                <COORD>
                  <C1>9.946000009840118</C1>
                  <C2>46.9150000082048</C2>
                </COORD>
                <COORD>
                  <C1>9.946000009840462</C1>
                  <C2>46.91400000820432</C2>
                </COORD>
                <COORD>
                  <C1>9.947000009841332</C1>
                  <C2>46.914000008204006</C2>
                </COORD>
                <COORD>
                  <C1>9.948000009842202</C1>
                  <C2>46.914000008203665</C2>
                </COORD>
                <COORD>
                  <C1>9.948000009841865</C1>
                  <C2>46.915000008204125</C2>
                </COORD>
                <COORD>
                  <C1>9.949000009842742</C1>
                  <C2>46.91500000820378</C2>
                </COORD>
                <COORD>
                  <C1>9.950000009843613</C1>
                  <C2>46.91500000820343</C2>
                </COORD>
                <COORD>
                  <C1>9.950000009843269</C1>
                  <C2>46.91600000820394</C2>
                </COORD>
                <COORD>
                  <C1>9.951000009844488</C1>
                  <C2>46.91500000820315</C2>
                </COORD>
                <COORD>
                  <C1>9.951000009844144</C1>
                  <C2>46.916000008203596</C2>
                </COORD>
                <COORD>
                  <C1>9.952000009845017</C1>
                  <C2>46.91600000820327</C2>
                </COORD>
                <COORD>
                  <C1>9.953000009845889</C1>
                  <C2>46.916000008202936</C2>
                </COORD>
                <COORD>
                  <C1>9.954000009846762</C1>
                  <C2>46.91600000820263</C2>
                </COORD>
                <COORD>
                  <C1>9.954000009846421</C1>
                  <C2>46.917000008203104</C2>
                </COORD>
                <COORD>
                  <C1>9.955000009847295</C1>
                  <C2>46.91700000820272</C2>
                </COORD>
                <COORD>
                  <C1>9.956000009848168</C1>
                  <C2>46.91700000820239</C2>
                </COORD>
                <COORD>
                  <C1>9.95700000984904</C1>
                  <C2>46.91700000820208</C2>
                </COORD>
                <COORD>
                  <C1>9.958000009849908</C1>
                  <C2>46.917000008201725</C2>
                </COORD>
                <COORD>
                  <C1>9.958000009849567</C1>
                  <C2>46.918000008202206</C2>
                </COORD>
                <COORD>
                  <C1>9.959000009850445</C1>
                  <C2>46.918000008201915</C2>
                </COORD>
                <COORD>
                  <C1>9.96000000985131</C1>
                  <C2>46.91800000820157</C2>
                </COORD>
                <COORD>
                  <C1>9.961000009852183</C1>
                  <C2>46.91800000820124</C2>
                </COORD>
                <COORD>
                  <C1>9.961000009852526</C1>
                  <C2>46.91700000820075</C2>
                </COORD>
                <COORD>
                  <C1>9.9620000098534</C1>
                  <C2>46.917000008200425</C2>
                </COORD>
                <COORD>
                  <C1>9.96300000985427</C1>
                  <C2>46.917000008200105</C2>
                </COORD>
                <COORD>
                  <C1>9.963000009854612</C1>
                  <C2>46.9160000081996</C2>
                </COORD>
                <COORD>
                  <C1>9.964000009855829</C1>
                  <C2>46.9150000081988</C2>
                </COORD>
                <COORD>
                  <C1>9.964000009856173</C1>
                  <C2>46.914000008198336</C2>
                </COORD>
                <COORD>
                  <C1>9.96500000985704</C1>
                  <C2>46.91400000819801</C2>
                </COORD>
                <COORD>
                  <C1>9.966000009857915</C1>
                  <C2>46.91400000819767</C2>
                </COORD>
                <COORD>
                  <C1>9.96700000985879</C1>
                  <C2>46.91400000819731</C2>
                </COORD>
                <COORD>
                  <C1>9.968000009859658</C1>
                  <C2>46.914000008197</C2>
                </COORD>
                <COORD>
                  <C1>9.969000009860526</C1>
                  <C2>46.914000008196645</C2>
                </COORD>
                <COORD>
                  <C1>9.969000009860183</C1>
                  <C2>46.91500000819715</C2>
                </COORD>
                <COORD>
                  <C1>9.970000009861058</C1>
                  <C2>46.915000008196806</C2>
                </COORD>
                <COORD>
                  <C1>9.97100000986193</C1>
                  <C2>46.915000008196515</C2>
                </COORD>
                <COORD>
                  <C1>9.9720000098628</C1>
                  <C2>46.91500000819616</C2>
                </COORD>
                <COORD>
                  <C1>9.973000009863672</C1>
                  <C2>46.915000008195825</C2>
                </COORD>
                <COORD>
                  <C1>9.973000009863325</C1>
                  <C2>46.916000008196306</C2>
                </COORD>
                <COORD>
                  <C1>9.974000009864202</C1>
                  <C2>46.916000008195944</C2>
                </COORD>
                <COORD>
                  <C1>9.974000009863854</C1>
                  <C2>46.91700000819639</C2>
                </COORD>
                <COORD>
                  <C1>9.975000009864726</C1>
                  <C2>46.91700000819611</C2>
                </COORD>
                <COORD>
                  <C1>9.976000009865595</C1>
                  <C2>46.917000008195764</C2>
                </COORD>
                <COORD>
                  <C1>9.976000009865256</C1>
                  <C2>46.91800000819626</C2>
                </COORD>
                <COORD>
                  <C1>9.977000009866126</C1>
                  <C2>46.91800000819591</C2>
                </COORD>
                <COORD>
                  <C1>9.978000009866994</C1>
                  <C2>46.91800000819555</C2>
                </COORD>
                <COORD>
                  <C1>9.979000009867862</C1>
                  <C2>46.91800000819523</C2>
                </COORD>
                <COORD>
                  <C1>9.979000009868207</C1>
                  <C2>46.917000008194755</C2>
                </COORD>
                <COORD>
                  <C1>9.98000000986908</C1>
                  <C2>46.9170000081944</C2>
                </COORD>
                <COORD>
                  <C1>9.980000009869425</C1>
                  <C2>46.91600000819395</C2>
                </COORD>
                <COORD>
                  <C1>9.981000009870293</C1>
                  <C2>46.91600000819361</C2>
                </COORD>
                <COORD>
                  <C1>9.982000009871163</C1>
                  <C2>46.91600000819327</C2>
                </COORD>
                <COORD>
                  <C1>9.982000009871504</C1>
                  <C2>46.915000008192806</C2>
                </COORD>
                <COORD>
                  <C1>9.982000009871848</C1>
                  <C2>46.91400000819233</C2>
                </COORD>
                <COORD>
                  <C1>9.983000009872722</C1>
                  <C2>46.91400000819199</C2>
                </COORD>
                <COORD>
                  <C1>9.983000009873061</C1>
                  <C2>46.913000008191524</C2>
                </COORD>
                <COORD>
                  <C1>9.983000009873408</C1>
                  <C2>46.91200000819105</C2>
                </COORD>
                <COORD>
                  <C1>9.984000009874277</C1>
                  <C2>46.91200000819072</C2>
                </COORD>
                <COORD>
                  <C1>9.983000009873754</C1>
                  <C2>46.91100000819058</C2>
                </COORD>
                <COORD>
                  <C1>9.983000009874091</C1>
                  <C2>46.91000000819007</C2>
                </COORD>
                <COORD>
                  <C1>9.983000009874438</C1>
                  <C2>46.90900000818958</C2>
                </COORD>
                <COORD>
                  <C1>9.984000009875649</C1>
                  <C2>46.90800000818882</C2>
                </COORD>
                <COORD>
                  <C1>9.985000009876519</C1>
                  <C2>46.90800000818848</C2>
                </COORD>
                <COORD>
                  <C1>9.986000009877394</C1>
                  <C2>46.90800000818819</C2>
                </COORD>
                <COORD>
                  <C1>9.986000009877735</C1>
                  <C2>46.90700000818771</C2>
                </COORD>
                <COORD>
                  <C1>9.987000009878258</C1>
                  <C2>46.908000008187834</C2>
                </COORD>
                <COORD>
                  <C1>9.987000009878601</C1>
                  <C2>46.90700000818736</C2>
                </COORD>
                <COORD>
                  <C1>9.988000009879475</C1>
                  <C2>46.90700000818701</C2>
                </COORD>
                <COORD>
                  <C1>9.989000009880343</C1>
                  <C2>46.90700000818668</C2>
                </COORD>
                <COORD>
                  <C1>9.989000009880687</C1>
                  <C2>46.906000008186226</C2>
                </COORD>
                <COORD>
                  <C1>9.990000009881555</C1>
                  <C2>46.90600000818588</C2>
                </COORD>
                <COORD>
                  <C1>9.990000009881898</C1>
                  <C2>46.90500000818538</C2>
                </COORD>
                <COORD>
                  <C1>9.991000009882764</C1>
                  <C2>46.90500000818506</C2>
                </COORD>
                <COORD>
                  <C1>9.991000009883109</C1>
                  <C2>46.90400000818462</C2>
                </COORD>
                <COORD>
                  <C1>9.99200000988398</C1>
                  <C2>46.90400000818429</C2>
                </COORD>
                <COORD>
                  <C1>9.993000009884852</C1>
                  <C2>46.904000008183914</C2>
                </COORD>
                <COORD>
                  <C1>9.994000009885719</C1>
                  <C2>46.904000008183594</C2>
                </COORD>
                <COORD>
                  <C1>9.99500000988659</C1>
                  <C2>46.90400000818328</C2>
                </COORD>
                <COORD>
                  <C1>9.99600000988746</C1>
                  <C2>46.90400000818297</C2>
                </COORD>
                <COORD>
                  <C1>9.997000009888332</C1>
                  <C2>46.90400000818261</C2>
                </COORD>
                <COORD>
                  <C1>9.998000009889196</C1>
                  <C2>46.90400000818229</C2>
                </COORD>
                <COORD>
                  <C1>9.999000009890068</C1>
                  <C2>46.90400000818194</C2>
                </COORD>
                <COORD>
                  <C1>9.999000009890414</C1>
                  <C2>46.903000008181465</C2>
                </COORD>
                <COORD>
                  <C1>10.00000000989128</C1>
                  <C2>46.903000008181145</C2>
                </COORD>
                <COORD>
                  <C1>10.001000009892147</C1>
                  <C2>46.90300000818077</C2>
                </COORD>
                <COORD>
                  <C1>10.00100000989249</C1>
                  <C2>46.9020000081803</C2>
                </COORD>
                <COORD>
                  <C1>10.002000009893363</C1>
                  <C2>46.90200000817997</C2>
                </COORD>
                <COORD>
                  <C1>10.003000009894228</C1>
                  <C2>46.902000008179634</C2>
                </COORD>
                <COORD>
                  <C1>10.003000009894576</C1>
                  <C2>46.901000008179174</C2>
                </COORD>
                <COORD>
                  <C1>10.004000009895437</C1>
                  <C2>46.901000008178826</C2>
                </COORD>
                <COORD>
                  <C1>10.00500000989631</C1>
                  <C2>46.901000008178485</C2>
                </COORD>
                <COORD>
                  <C1>10.006000009897178</C1>
                  <C2>46.90100000817818</C2>
                </COORD>
                <COORD>
                  <C1>10.007000009898048</C1>
                  <C2>46.90100000817786</C2>
                </COORD>
                <COORD>
                  <C1>10.008000009898913</C1>
                  <C2>46.90100000817746</C2>
                </COORD>
                <COORD>
                  <C1>10.009000009899784</C1>
                  <C2>46.90100000817716</C2>
                </COORD>
                <COORD>
                  <C1>10.00900000989944</C1>
                  <C2>46.90200000817763</C2>
                </COORD>
                <COORD>
                  <C1>10.010000009900311</C1>
                  <C2>46.9020000081773</C2>
                </COORD>
                <COORD>
                  <C1>10.011000009901176</C1>
                  <C2>46.90200000817696</C2>
                </COORD>
                <COORD>
                  <C1>10.012000009902046</C1>
                  <C2>46.90200000817664</C2>
                </COORD>
                <COORD>
                  <C1>10.013000009902916</C1>
                  <C2>46.902000008176294</C2>
                </COORD>
                <COORD>
                  <C1>10.014000009903784</C1>
                  <C2>46.902000008175946</C2>
                </COORD>
                <COORD>
                  <C1>10.015000009904652</C1>
                  <C2>46.90200000817563</C2>
                </COORD>
                <COORD>
                  <C1>10.016000009905515</C1>
                  <C2>46.90200000817529</C2>
                </COORD>
                <COORD>
                  <C1>10.017000009906383</C1>
                  <C2>46.902000008174966</C2>
                </COORD>
                <COORD>
                  <C1>10.017000009906043</C1>
                  <C2>46.90300000817542</C2>
                </COORD>
                <COORD>
                  <C1>10.01800000990691</C1>
                  <C2>46.90300000817507</C2>
                </COORD>
                <COORD>
                  <C1>10.019000009907776</C1>
                  <C2>46.903000008174786</C2>
                </COORD>
                <COORD>
                  <C1>10.020000009908644</C1>
                  <C2>46.90300000817442</C2>
                </COORD>
                <COORD>
                  <C1>10.020000009908987</C1>
                  <C2>46.902000008173935</C2>
                </COORD>
                <COORD>
                  <C1>10.021000009909859</C1>
                  <C2>46.90200000817363</C2>
                </COORD>
                <COORD>
                  <C1>10.021000009910201</C1>
                  <C2>46.90100000817316</C2>
                </COORD>
                <COORD>
                  <C1>10.02200000991107</C1>
                  <C2>46.90100000817281</C2>
                </COORD>
                <COORD>
                  <C1>10.022000009911409</C1>
                  <C2>46.90000000817232</C2>
                </COORD>
                <COORD>
                  <C1>10.023000009912279</C1>
                  <C2>46.900000008172015</C2>
                </COORD>
                <COORD>
                  <C1>10.024000009913145</C1>
                  <C2>46.90000000817167</C2>
                </COORD>
                <COORD>
                  <C1>10.024000009913484</C1>
                  <C2>46.89900000817118</C2>
                </COORD>
                <COORD>
                  <C1>10.025000009914354</C1>
                  <C2>46.899000008170844</C2>
                </COORD>
                <COORD>
                  <C1>10.025000009914699</C1>
                  <C2>46.89800000817039</C2>
                </COORD>
                <COORD>
                  <C1>10.026000009915569</C1>
                  <C2>46.89800000817002</C2>
                </COORD>
                <COORD>
                  <C1>10.027000009916433</C1>
                  <C2>46.89800000816971</C2>
                </COORD>
                <COORD>
                  <C1>10.028000009917298</C1>
                  <C2>46.89800000816939</C2>
                </COORD>
                <COORD>
                  <C1>10.028000009917646</C1>
                  <C2>46.89700000816894</C2>
                </COORD>
                <COORD>
                  <C1>10.029000009918853</C1>
                  <C2>46.89600000816809</C2>
                </COORD>
                <COORD>
                  <C1>10.029000009919198</C1>
                  <C2>46.89500000816762</C2>
                </COORD>
                <COORD>
                  <C1>10.030000009920066</C1>
                  <C2>46.8950000081673</C2>
                </COORD>
                <COORD>
                  <C1>10.030000009920407</C1>
                  <C2>46.894000008166806</C2>
                </COORD>
                <COORD>
                  <C1>10.030000009920755</C1>
                  <C2>46.89300000816631</C2>
                </COORD>
                <COORD>
                  <C1>10.031000009921616</C1>
                  <C2>46.89300000816598</C2>
                </COORD>
                <COORD>
                  <C1>10.032000009922488</C1>
                  <C2>46.89300000816568</C2>
                </COORD>
                <COORD>
                  <C1>10.032000009922827</C1>
                  <C2>46.892000008165205</C2>
                </COORD>
                <COORD>
                  <C1>10.033000009924043</C1>
                  <C2>46.89100000816439</C2>
                </COORD>
                <COORD>
                  <C1>10.034000009924908</C1>
                  <C2>46.891000008164035</C2>
                </COORD>
                <COORD>
                  <C1>10.03400000992525</C1>
                  <C2>46.89000000816356</C2>
                </COORD>
                <COORD>
                  <C1>10.035000009926458</C1>
                  <C2>46.889000008162746</C2>
                </COORD>
                <COORD>
                  <C1>10.036000009927328</C1>
                  <C2>46.889000008162476</C2>
                </COORD>
                <COORD>
                  <C1>10.036000009927672</C1>
                  <C2>46.88800000816198</C2>
                </COORD>
                <COORD>
                  <C1>10.037000009928192</C1>
                  <C2>46.889000008162085</C2>
                </COORD>
                <COORD>
                  <C1>10.03800000992906</C1>
                  <C2>46.88900000816179</C2>
                </COORD>
                <COORD>
                  <C1>10.039000009929925</C1>
                  <C2>46.8890000081614</C2>
                </COORD>
                <COORD>
                  <C1>10.03900000993027</C1>
                  <C2>46.88800000816093</C2>
                </COORD>
                <COORD>
                  <C1>10.040000009931138</C1>
                  <C2>46.88800000816059</C2>
                </COORD>
                <COORD>
                  <C1>10.041000009932008</C1>
                  <C2>46.88800000816025</C2>
                </COORD>
                <COORD>
                  <C1>10.041000009932347</C1>
                  <C2>46.887000008159795</C2>
                </COORD>
                <COORD>
                  <C1>10.04200000993355</C1>
                  <C2>46.886000008158966</C2>
                </COORD>
                <COORD>
                  <C1>10.04300000993442</C1>
                  <C2>46.88600000815866</C2>
                </COORD>
                <COORD>
                  <C1>10.042000009933899</C1>
                  <C2>46.885000008158464</C2>
                </COORD>
                <COORD>
                  <C1>10.043000009934765</C1>
                  <C2>46.88500000815818</C2>
                </COORD>
                <COORD>
                  <C1>10.043000009935108</C1>
                  <C2>46.88400000815764</C2>
                </COORD>
                <COORD>
                  <C1>10.043000009935449</C1>
                  <C2>46.883000008157225</C2>
                </COORD>
                <COORD>
                  <C1>10.044000009936319</C1>
                  <C2>46.883000008156884</C2>
                </COORD>
                <COORD>
                  <C1>10.044000009936662</C1>
                  <C2>46.88200000815638</C2>
                </COORD>
                <COORD>
                  <C1>10.04500000993753</C1>
                  <C2>46.882000008156076</C2>
                </COORD>
                <COORD>
                  <C1>10.046000009938393</C1>
                  <C2>46.88200000815572</C2>
                </COORD>
                <COORD>
                  <C1>10.047000009939262</C1>
                  <C2>46.882000008155416</C2>
                </COORD>
                <COORD>
                  <C1>10.047000009939605</C1>
                  <C2>46.881000008154935</C2>
                </COORD>
                <COORD>
                  <C1>10.048000009940473</C1>
                  <C2>46.881000008154565</C2>
                </COORD>
                <COORD>
                  <C1>10.049000009941334</C1>
                  <C2>46.88100000815423</C2>
                </COORD>
                <COORD>
                  <C1>10.049000009941677</C1>
                  <C2>46.880000008153765</C2>
                </COORD>
                <COORD>
                  <C1>10.050000009942542</C1>
                  <C2>46.88000000815344</C2>
                </COORD>
                <COORD>
                  <C1>10.051000009943753</C1>
                  <C2>46.87900000815263</C2>
                </COORD>
                <COORD>
                  <C1>10.052000009944615</C1>
                  <C2>46.87900000815228</C2>
                </COORD>
                <COORD>
                  <C1>10.053000009945826</C1>
                  <C2>46.87800000815147</C2>
                </COORD>
                <COORD>
                  <C1>10.054000009946696</C1>
                  <C2>46.878000008151176</C2>
                </COORD>
                <COORD>
                  <C1>10.054000009947039</C1>
                  <C2>46.877000008150674</C2>
                </COORD>
                <COORD>
                  <C1>10.053000009946517</C1>
                  <C2>46.87600000815053</C2>
                </COORD>
                <COORD>
                  <C1>10.05300000994686</C1>
                  <C2>46.87500000815003</C2>
                </COORD>
                <COORD>
                  <C1>10.053000009947203</C1>
                  <C2>46.87400000814956</C2>
                </COORD>
                <COORD>
                  <C1>10.052000009946681</C1>
                  <C2>46.873000008149404</C2>
                </COORD>
                <COORD>
                  <C1>10.05300000994789</C1>
                  <C2>46.872000008148596</C2>
                </COORD>
                <COORD>
                  <C1>10.052000009947024</C1>
                  <C2>46.87200000814897</C2>
                </COORD>
                <COORD>
                  <C1>10.052000009947367</C1>
                  <C2>46.87100000814845</C2>
                </COORD>
                <COORD>
                  <C1>10.05200000994771</C1>
                  <C2>46.870000008147976</C2>
                </COORD>
                <COORD>
                  <C1>10.052000009948054</C1>
                  <C2>46.86900000814753</C2>
                </COORD>
                <COORD>
                  <C1>10.052000009948397</C1>
                  <C2>46.86800000814706</C2>
                </COORD>
                <COORD>
                  <C1>10.052000009948742</C1>
                  <C2>46.867000008146555</C2>
                </COORD>
                <COORD>
                  <C1>10.052000009949083</C1>
                  <C2>46.866000008146095</C2>
                </COORD>
                <COORD>
                  <C1>10.05300000994995</C1>
                  <C2>46.86600000814574</C2>
                </COORD>
                <COORD>
                  <C1>10.053000009950296</C1>
                  <C2>46.86500000814528</C2>
                </COORD>
                <COORD>
                  <C1>10.054000009951157</C1>
                  <C2>46.865000008144925</C2>
                </COORD>
                <COORD>
                  <C1>10.055000009952025</C1>
                  <C2>46.865000008144605</C2>
                </COORD>
                <COORD>
                  <C1>10.055000009952362</C1>
                  <C2>46.86400000814408</C2>
                </COORD>
                <COORD>
                  <C1>10.056000009953232</C1>
                  <C2>46.864000008143776</C2>
                </COORD>
                <COORD>
                  <C1>10.05700000995444</C1>
                  <C2>46.863000008142976</C2>
                </COORD>
                <COORD>
                  <C1>10.058000009954963</C1>
                  <C2>46.86400000814312</C2>
                </COORD>
                <COORD>
                  <C1>10.059000009955827</C1>
                  <C2>46.864000008142774</C2>
                </COORD>
                <COORD>
                  <C1>10.060000009957035</C1>
                  <C2>46.863000008141974</C2>
                </COORD>
                <COORD>
                  <C1>10.061000009957903</C1>
                  <C2>46.86300000814162</C2>
                </COORD>
                <COORD>
                  <C1>10.062000009958762</C1>
                  <C2>46.86300000814129</C2>
                </COORD>
                <COORD>
                  <C1>10.063000009959632</C1>
                  <C2>46.86300000814095</C2>
                </COORD>
                <COORD>
                  <C1>10.065000009961361</C1>
                  <C2>46.86300000814028</C2>
                </COORD>
                <COORD>
                  <C1>10.066000009962227</C1>
                  <C2>46.86300000813997</C2>
                </COORD>
                <COORD>
                  <C1>10.06700000996309</C1>
                  <C2>46.86300000813963</C2>
                </COORD>
                <COORD>
                  <C1>10.068000009963955</C1>
                  <C2>46.8630000081393</C2>
                </COORD>
                <COORD>
                  <C1>10.069000009964823</C1>
                  <C2>46.86300000813893</C2>
                </COORD>
                <COORD>
                  <C1>10.070000009965685</C1>
                  <C2>46.86300000813863</C2>
                </COORD>
                <COORD>
                  <C1>10.071000009966548</C1>
                  <C2>46.86300000813828</C2>
                </COORD>
                <COORD>
                  <C1>10.072000009967415</C1>
                  <C2>46.863000008137945</C2>
                </COORD>
                <COORD>
                  <C1>10.073000009968277</C1>
                  <C2>46.86300000813761</C2>
                </COORD>
                <COORD>
                  <C1>10.074000009968794</C1>
                  <C2>46.864000008137744</C2>
                </COORD>
                <COORD>
                  <C1>10.075000009969658</C1>
                  <C2>46.86400000813743</C2>
                </COORD>
                <COORD>
                  <C1>10.076000009970521</C1>
                  <C2>46.864000008137076</C2>
                </COORD>
                <COORD>
                  <C1>10.077000009971385</C1>
                  <C2>46.86400000813676</C2>
                </COORD>
                <COORD>
                  <C1>10.078000009972252</C1>
                  <C2>46.86400000813639</C2>
                </COORD>
                <COORD>
                  <C1>10.078000009972596</C1>
                  <C2>46.863000008135934</C2>
                </COORD>
                <COORD>
                  <C1>10.079000009973461</C1>
                  <C2>46.863000008135586</C2>
                </COORD>
                <COORD>
                  <C1>10.08000000997432</C1>
                  <C2>46.86300000813527</C2>
                </COORD>
                <COORD>
                  <C1>10.081000009975186</C1>
                  <C2>46.863000008134904</C2>
                </COORD>
                <COORD>
                  <C1>10.08200000997605</C1>
                  <C2>46.86300000813458</C2>
                </COORD>
                <COORD>
                  <C1>10.082000009976394</C1>
                  <C2>46.862000008134096</C2>
                </COORD>
                <COORD>
                  <C1>10.083000009977257</C1>
                  <C2>46.862000008133776</C2>
                </COORD>
                <COORD>
                  <C1>10.084000009978121</C1>
                  <C2>46.862000008133414</C2>
                </COORD>
                <COORD>
                  <C1>10.085000009978984</C1>
                  <C2>46.8620000081331</C2>
                </COORD>
                <COORD>
                  <C1>10.087000009980706</C1>
                  <C2>46.86200000813243</C2>
                </COORD>
                <COORD>
                  <C1>10.087000009980365</C1>
                  <C2>46.86300000813289</C2>
                </COORD>
                <COORD>
                  <C1>10.089000009982085</C1>
                  <C2>46.863000008132225</C2>
                </COORD>
                <COORD>
                  <C1>10.089000009982433</C1>
                  <C2>46.862000008131744</C2>
                </COORD>
                <COORD>
                  <C1>10.090000009983294</C1>
                  <C2>46.8620000081314</C2>
                </COORD>
                <COORD>
                  <C1>10.091000009984501</C1>
                  <C2>46.86100000813058</C2>
                </COORD>
                <COORD>
                  <C1>10.092000009985364</C1>
                  <C2>46.86100000813022</C2>
                </COORD>
                <COORD>
                  <C1>10.093000009986229</C1>
                  <C2>46.86100000812991</C2>
                </COORD>
                <COORD>
                  <C1>10.09300000998657</C1>
                  <C2>46.8600000081294</C2>
                </COORD>
                <COORD>
                  <C1>10.094000009987434</C1>
                  <C2>46.860000008129106</C2>
                </COORD>
                <COORD>
                  <C1>10.094000009987777</C1>
                  <C2>46.85900000812861</C2>
                </COORD>
                <COORD>
                  <C1>10.094000009988118</C1>
                  <C2>46.85800000812815</C2>
                </COORD>
                <COORD>
                  <C1>10.093000009987263</C1>
                  <C2>46.858000008128464</C2>
                </COORD>
                <COORD>
                  <C1>10.093000009987602</C1>
                  <C2>46.85700000812796</C2>
                </COORD>
                <COORD>
                  <C1>10.093000009987948</C1>
                  <C2>46.85600000812756</C2>
                </COORD>
                <COORD>
                  <C1>10.093000009988293</C1>
                  <C2>46.855000008127035</C2>
                </COORD>
                <COORD>
                  <C1>10.094000009989154</C1>
                  <C2>46.855000008126694</C2>
                </COORD>
                <COORD>
                  <C1>10.094000009989497</C1>
                  <C2>46.85400000812623</C2>
                </COORD>
                <COORD>
                  <C1>10.09300000998898</C1>
                  <C2>46.8530000081261</C2>
                </COORD>
                <COORD>
                  <C1>10.09400000998984</C1>
                  <C2>46.8530000081258</C2>
                </COORD>
                <COORD>
                  <C1>10.09500000999105</C1>
                  <C2>46.85200000812491</C2>
                </COORD>
                <COORD>
                  <C1>10.09700000999277</C1>
                  <C2>46.85200000812429</C2>
                </COORD>
                <COORD>
                  <C1>10.09800000999398</C1>
                  <C2>46.85100000812341</C2>
                </COORD>
                <COORD>
                  <C1>10.098000009994324</C1>
                  <C2>46.85000000812294</C2>
                </COORD>
                <COORD>
                  <C1>10.099000009995187</C1>
                  <C2>46.850000008122606</C2>
                </COORD>
                <COORD>
                  <C1>10.099000009995532</C1>
                  <C2>46.84900000812213</C2>
                </COORD>
                <COORD>
                  <C1>10.100000009996396</C1>
                  <C2>46.849000008121806</C2>
                </COORD>
                <COORD>
                  <C1>10.101000009997255</C1>
                  <C2>46.84900000812146</C2>
                </COORD>
                <COORD>
                  <C1>10.102000009998461</C1>
                  <C2>46.84800000812069</C2>
                </COORD>
                <COORD>
                  <C1>10.102000009998804</C1>
                  <C2>46.847000008120176</C2>
                </COORD>
                <COORD>
                  <C1>10.103000009999667</C1>
                  <C2>46.84700000811983</C2>
                </COORD>
                <COORD>
                  <C1>10.104000010000869</C1>
                  <C2>46.846000008119034</C2>
                </COORD>
                <COORD>
                  <C1>10.104000010001217</C1>
                  <C2>46.845000008118504</C2>
                </COORD>
                <COORD>
                  <C1>10.105000010002419</C1>
                  <C2>46.8440000081177</C2>
                </COORD>
                <COORD>
                  <C1>10.106000010003285</C1>
                  <C2>46.84400000811738</C2>
                </COORD>
                <COORD>
                  <C1>10.106000010003626</C1>
                  <C2>46.84300000811692</C2>
                </COORD>
                <COORD>
                  <C1>10.107000010004485</C1>
                  <C2>46.84300000811658</C2>
                </COORD>
                <COORD>
                  <C1>10.108000010005346</C1>
                  <C2>46.84300000811621</C2>
                </COORD>
                <COORD>
                  <C1>10.109000010006211</C1>
                  <C2>46.84300000811588</C2>
                </COORD>
                <COORD>
                  <C1>10.110000010007072</C1>
                  <C2>46.84300000811555</C2>
                </COORD>
                <COORD>
                  <C1>10.111000010007933</C1>
                  <C2>46.84300000811523</C2>
                </COORD>
                <COORD>
                  <C1>10.11100001000759</C1>
                  <C2>46.84400000811567</C2>
                </COORD>
                <COORD>
                  <C1>10.11200001000845</C1>
                  <C2>46.84400000811537</C2>
                </COORD>
                <COORD>
                  <C1>10.113000010009312</C1>
                  <C2>46.84400000811502</C2>
                </COORD>
                <COORD>
                  <C1>10.114000010010175</C1>
                  <C2>46.8440000081147</C2>
                </COORD>
                <COORD>
                  <C1>10.115000010011036</C1>
                  <C2>46.844000008114364</C2>
                </COORD>
                <COORD>
                  <C1>10.115000010010693</C1>
                  <C2>46.84500000811483</C2>
                </COORD>
                <COORD>
                  <C1>10.116000010011552</C1>
                  <C2>46.84500000811446</C2>
                </COORD>
                <COORD>
                  <C1>10.117000010012415</C1>
                  <C2>46.845000008114155</C2>
                </COORD>
                <COORD>
                  <C1>10.117000010012067</C1>
                  <C2>46.84600000811463</C2>
                </COORD>
                <COORD>
                  <C1>10.11800001001293</C1>
                  <C2>46.84600000811431</C2>
                </COORD>
                <COORD>
                  <C1>10.119000010013787</C1>
                  <C2>46.84600000811397</C2>
                </COORD>
                <COORD>
                  <C1>10.120000010014646</C1>
                  <C2>46.84600000811363</C2>
                </COORD>
                <COORD>
                  <C1>10.121000010015507</C1>
                  <C2>46.846000008113286</C2>
                </COORD>
                <COORD>
                  <C1>10.121000010015166</C1>
                  <C2>46.847000008113774</C2>
                </COORD>
                <COORD>
                  <C1>10.121000010014821</C1>
                  <C2>46.84800000811422</C2>
                </COORD>
                <COORD>
                  <C1>10.122000010015677</C1>
                  <C2>46.848000008113914</C2>
                </COORD>
                <COORD>
                  <C1>10.121000010014477</C1>
                  <C2>46.849000008114736</C2>
                </COORD>
                <COORD>
                  <C1>10.122000010015338</C1>
                  <C2>46.84900000811437</C2>
                </COORD>
                <COORD>
                  <C1>10.123000010016193</C1>
                  <C2>46.849000008114025</C2>
                </COORD>
                <COORD>
                  <C1>10.124000010017054</C1>
                  <C2>46.849000008113734</C2>
                </COORD>
                <COORD>
                  <C1>10.124000010016712</C1>
                  <C2>46.85000000811419</C2>
                </COORD>
                <COORD>
                  <C1>10.12500001001757</C1>
                  <C2>46.85000000811385</C2>
                </COORD>
                <COORD>
                  <C1>10.126000010018432</C1>
                  <C2>46.850000008113575</C2>
                </COORD>
                <COORD>
                  <C1>10.127000010019291</C1>
                  <C2>46.85000000811316</C2>
                </COORD>
                <COORD>
                  <C1>10.128000010020148</C1>
                  <C2>46.85000000811287</C2>
                </COORD>
                <COORD>
                  <C1>10.129000010021004</C1>
                  <C2>46.85000000811252</C2>
                </COORD>
                <COORD>
                  <C1>10.13000001002187</C1>
                  <C2>46.85000000811219</C2>
                </COORD>
                <COORD>
                  <C1>10.131000010022726</C1>
                  <C2>46.85000000811184</C2>
                </COORD>
                <COORD>
                  <C1>10.132000010023587</C1>
                  <C2>46.85000000811151</C2>
                </COORD>
                <COORD>
                  <C1>10.132000010023928</C1>
                  <C2>46.84900000811102</C2>
                </COORD>
                <COORD>
                  <C1>10.133000010024789</C1>
                  <C2>46.84900000811067</C2>
                </COORD>
                <COORD>
                  <C1>10.13400001002565</C1>
                  <C2>46.849000008110316</C2>
                </COORD>
                <COORD>
                  <C1>10.134000010025305</C1>
                  <C2>46.850000008110854</C2>
                </COORD>
                <COORD>
                  <C1>10.13500001002651</C1>
                  <C2>46.849000008109996</C2>
                </COORD>
                <COORD>
                  <C1>10.136000010027367</C1>
                  <C2>46.84900000810966</C2>
                </COORD>
                <COORD>
                  <C1>10.13700001002823</C1>
                  <C2>46.84900000810932</C2>
                </COORD>
                <COORD>
                  <C1>10.138000010029083</C1>
                  <C2>46.84900000810897</C2>
                </COORD>
                <COORD>
                  <C1>10.139000010029948</C1>
                  <C2>46.84900000810864</C2>
                </COORD>
                <COORD>
                  <C1>10.140000010030803</C1>
                  <C2>46.849000008108284</C2>
                </COORD>
                <COORD>
                  <C1>10.141000010031659</C1>
                  <C2>46.84900000810795</C2>
                </COORD>
                <COORD>
                  <C1>10.142000010032522</C1>
                  <C2>46.849000008107645</C2>
                </COORD>
                <COORD>
                  <C1>10.142000010032174</C1>
                  <C2>46.85000000810814</C2>
                </COORD>
                <COORD>
                  <C1>10.143000010033033</C1>
                  <C2>46.850000008107784</C2>
                </COORD>
                <COORD>
                  <C1>10.144000010033887</C1>
                  <C2>46.85000000810743</C2>
                </COORD>
                <COORD>
                  <C1>10.144000010033547</C1>
                  <C2>46.851000008107924</C2>
                </COORD>
                <COORD>
                  <C1>10.145000010034403</C1>
                  <C2>46.85100000810755</C2>
                </COORD>
                <COORD>
                  <C1>10.146000010035262</C1>
                  <C2>46.85100000810724</C2>
                </COORD>
                <COORD>
                  <C1>10.146000010034914</C1>
                  <C2>46.852000008107716</C2>
                </COORD>
                <COORD>
                  <C1>10.14600001003457</C1>
                  <C2>46.853000008108204</C2>
                </COORD>
                <COORD>
                  <C1>10.147000010035427</C1>
                  <C2>46.853000008107884</C2>
                </COORD>
                <COORD>
                  <C1>10.148000010036284</C1>
                  <C2>46.85300000810755</C2>
                </COORD>
                <COORD>
                  <C1>10.149000010037145</C1>
                  <C2>46.85300000810719</C2>
                </COORD>
                <COORD>
                  <C1>10.150000010037997</C1>
                  <C2>46.853000008106875</C2>
                </COORD>
                <COORD>
                  <C1>10.151000010038858</C1>
                  <C2>46.8530000081065</C2>
                </COORD>
                <COORD>
                  <C1>10.152000010039716</C1>
                  <C2>46.85300000810618</C2>
                </COORD>
                <COORD>
                  <C1>10.153000010040572</C1>
                  <C2>46.85300000810585</C2>
                </COORD>
                <COORD>
                  <C1>10.153000010040918</C1>
                  <C2>46.85200000810534</C2>
                </COORD>
                <COORD>
                  <C1>10.154000010041775</C1>
                  <C2>46.85200000810502</C2>
                </COORD>
                <COORD>
                  <C1>10.154000010041425</C1>
                  <C2>46.85300000810549</C2>
                </COORD>
                <COORD>
                  <C1>10.15500001004263</C1>
                  <C2>46.85200000810467</C2>
                </COORD>
                <COORD>
                  <C1>10.156000010043488</C1>
                  <C2>46.85200000810436</C2>
                </COORD>
                <COORD>
                  <C1>10.157000010044346</C1>
                  <C2>46.852000008104014</C2>
                </COORD>
                <COORD>
                  <C1>10.157000010044689</C1>
                  <C2>46.85100000810353</C2>
                </COORD>
                <COORD>
                  <C1>10.157000010045037</C1>
                  <C2>46.85000000810306</C2>
                </COORD>
                <COORD>
                  <C1>10.158000010045894</C1>
                  <C2>46.85000000810271</C2>
                </COORD>
                <COORD>
                  <C1>10.159000010046752</C1>
                  <C2>46.85000000810237</C2>
                </COORD>
                <COORD>
                  <C1>10.16000001004761</C1>
                  <C2>46.850000008102036</C2>
                </COORD>
                <COORD>
                  <C1>10.161000010048122</C1>
                  <C2>46.85100000810216</C2>
                </COORD>
                <COORD>
                  <C1>10.163000010049485</C1>
                  <C2>46.85200000810199</C2>
                </COORD>
                <COORD>
                  <C1>10.164000010049994</C1>
                  <C2>46.85300000810212</C2>
                </COORD>
                <COORD>
                  <C1>10.16500001005085</C1>
                  <C2>46.85300000810175</C2>
                </COORD>
                <COORD>
                  <C1>10.169000010054273</C1>
                  <C2>46.85300000810043</C2>
                </COORD>
                <COORD>
                  <C1>10.170000010055475</C1>
                  <C2>46.8520000080996</C2>
                </COORD>
                <COORD>
                  <C1>10.170000010055128</C1>
                  <C2>46.85300000810007</C2>
                </COORD>
                <COORD>
                  <C1>10.171000010055984</C1>
                  <C2>46.85300000809975</C2>
                </COORD>
                <COORD>
                  <C1>10.17200001005684</C1>
                  <C2>46.853000008099414</C2>
                </COORD>
                <COORD>
                  <C1>10.172000010056495</C1>
                  <C2>46.854000008099916</C2>
                </COORD>
                <COORD>
                  <C1>10.172000010056145</C1>
                  <C2>46.85500000810039</C2>
                </COORD>
                <COORD>
                  <C1>10.173000010056999</C1>
                  <C2>46.855000008100035</C2>
                </COORD>
                <COORD>
                  <C1>10.173000010056654</C1>
                  <C2>46.85600000810049</C2>
                </COORD>
                <COORD>
                  <C1>10.174000010057508</C1>
                  <C2>46.85600000810014</C2>
                </COORD>
                <COORD>
                  <C1>10.174000010057854</C1>
                  <C2>46.855000008099665</C2>
                </COORD>
                <COORD>
                  <C1>10.175000010058366</C1>
                  <C2>46.85600000809983</C2>
                </COORD>
                <COORD>
                  <C1>10.17600001005922</C1>
                  <C2>46.856000008099464</C2>
                </COORD>
                <COORD>
                  <C1>10.176000010059566</C1>
                  <C2>46.85500000809899</C2>
                </COORD>
                <COORD>
                  <C1>10.177000010060418</C1>
                  <C2>46.85500000809867</C2>
                </COORD>
                <COORD>
                  <C1>10.177000010060075</C1>
                  <C2>46.85600000809915</C2>
                </COORD>
                <COORD>
                  <C1>10.17800001006093</C1>
                  <C2>46.8560000080988</C2>
                </COORD>
                <COORD>
                  <C1>10.179000010061785</C1>
                  <C2>46.856000008098476</C2>
                </COORD>
                <COORD>
                  <C1>10.180000010062633</C1>
                  <C2>46.85600000809809</C2>
                </COORD>
                <COORD>
                  <C1>10.180000010062288</C1>
                  <C2>46.85700000809858</C2>
                </COORD>
                <COORD>
                  <C1>10.181000010063148</C1>
                  <C2>46.85700000809824</C2>
                </COORD>
                <COORD>
                  <C1>10.182000010064002</C1>
                  <C2>46.857000008097906</C2>
                </COORD>
                <COORD>
                  <C1>10.183000010064854</C1>
                  <C2>46.85700000809758</C2>
                </COORD>
                <COORD>
                  <C1>10.183000010064509</C1>
                  <C2>46.85800000809808</C2>
                </COORD>
                <COORD>
                  <C1>10.184000010065361</C1>
                  <C2>46.85800000809774</C2>
                </COORD>
                <COORD>
                  <C1>10.18400001006501</C1>
                  <C2>46.8590000080982</C2>
                </COORD>
                <COORD>
                  <C1>10.184000010064661</C1>
                  <C2>46.860000008098666</C2>
                </COORD>
                <COORD>
                  <C1>10.185000010065522</C1>
                  <C2>46.86000000809835</C2>
                </COORD>
                <COORD>
                  <C1>10.185000010065174</C1>
                  <C2>46.861000008098806</C2>
                </COORD>
                <COORD>
                  <C1>10.186000010066023</C1>
                  <C2>46.861000008098465</C2>
                </COORD>
                <COORD>
                  <C1>10.186000010065678</C1>
                  <C2>46.86200000809897</C2>
                </COORD>
                <COORD>
                  <C1>10.187000010066528</C1>
                  <C2>46.86200000809862</C2>
                </COORD>
                <COORD>
                  <C1>10.18700001006618</C1>
                  <C2>46.863000008099114</C2>
                </COORD>
                <COORD>
                  <C1>10.188000010067034</C1>
                  <C2>46.86300000809875</C2>
                </COORD>
                <COORD>
                  <C1>10.189000010067886</C1>
                  <C2>46.86300000809845</C2>
                </COORD>
                <COORD>
                  <C1>10.19000001006874</C1>
                  <C2>46.863000008098105</C2>
                </COORD>
                <COORD>
                  <C1>10.190000010068392</C1>
                  <C2>46.86400000809855</C2>
                </COORD>
                <COORD>
                  <C1>10.19100001006925</C1>
                  <C2>46.86400000809824</C2>
                </COORD>
                <COORD>
                  <C1>10.192000010070101</C1>
                  <C2>46.864000008097904</C2>
                </COORD>
                <COORD>
                  <C1>10.192000010069753</C1>
                  <C2>46.865000008098406</C2>
                </COORD>
                <COORD>
                  <C1>10.193000010070605</C1>
                  <C2>46.865000008098065</C2>
                </COORD>
                <COORD>
                  <C1>10.193000010070255</C1>
                  <C2>46.86600000809846</C2>
                </COORD>
                <COORD>
                  <C1>10.19400001007111</C1>
                  <C2>46.86600000809813</C2>
                </COORD>
                <COORD>
                  <C1>10.194000010070763</C1>
                  <C2>46.867000008098614</C2>
                </COORD>
                <COORD>
                  <C1>10.195000010071265</C1>
                  <C2>46.86800000809876</C2>
                </COORD>
                <COORD>
                  <C1>10.196000010072117</C1>
                  <C2>46.8680000080984</C2>
                </COORD>
                <COORD>
                  <C1>10.197000010072626</C1>
                  <C2>46.869000008098546</C2>
                </COORD>
                <COORD>
                  <C1>10.198000010073475</C1>
                  <C2>46.869000008098226</C2>
                </COORD>
                <COORD>
                  <C1>10.199000010074675</C1>
                  <C2>46.86800000809744</C2>
                </COORD>
                <COORD>
                  <C1>10.200000010075529</C1>
                  <C2>46.868000008097056</C2>
                </COORD>
                <COORD>
                  <C1>10.201000010076383</C1>
                  <C2>46.86800000809672</C2>
                </COORD>
                <COORD>
                  <C1>10.202000010077233</C1>
                  <C2>46.868000008096374</C2>
                </COORD>
                <COORD>
                  <C1>10.203000010078084</C1>
                  <C2>46.868000008096026</C2>
                </COORD>
                <COORD>
                  <C1>10.203000010078433</C1>
                  <C2>46.867000008095545</C2>
                </COORD>
                <COORD>
                  <C1>10.204000010079286</C1>
                  <C2>46.86700000809523</C2>
                </COORD>
                <COORD>
                  <C1>10.205000010080134</C1>
                  <C2>46.86700000809488</C2>
                </COORD>
                <COORD>
                  <C1>10.206000010080988</C1>
                  <C2>46.86700000809457</C2>
                </COORD>
                <COORD>
                  <C1>10.20700001008184</C1>
                  <C2>46.8670000080942</C2>
                </COORD>
                <COORD>
                  <C1>10.208000010082689</C1>
                  <C2>46.86700000809385</C2>
                </COORD>
                <COORD>
                  <C1>10.209000010083543</C1>
                  <C2>46.86700000809351</C2>
                </COORD>
                <COORD>
                  <C1>10.211000010085243</C1>
                  <C2>46.867000008092845</C2>
                </COORD>
                <COORD>
                  <C1>10.213000010086946</C1>
                  <C2>46.86700000809216</C2>
                </COORD>
                <COORD>
                  <C1>10.215000010088298</C1>
                  <C2>46.86800000809196</C2>
                </COORD>
                <COORD>
                  <C1>10.21600001008915</C1>
                  <C2>46.86800000809163</C2>
                </COORD>
                <COORD>
                  <C1>10.217000010090002</C1>
                  <C2>46.86800000809129</C2>
                </COORD>
                <COORD>
                  <C1>10.218000010090504</C1>
                  <C2>46.86900000809142</C2>
                </COORD>
                <COORD>
                  <C1>10.219000010091357</C1>
                  <C2>46.86900000809108</C2>
                </COORD>
                <COORD>
                  <C1>10.220000010092209</C1>
                  <C2>46.86900000809074</C2>
                </COORD>
                <COORD>
                  <C1>10.221000010093052</C1>
                  <C2>46.86900000809038</C2>
                </COORD>
                <COORD>
                  <C1>10.222000010093904</C1>
                  <C2>46.86900000809007</C2>
                </COORD>
                <COORD>
                  <C1>10.223000010094756</C1>
                  <C2>46.86900000808974</C2>
                </COORD>
                <COORD>
                  <C1>10.223000010095106</C1>
                  <C2>46.86800000808926</C2>
                </COORD>
                <COORD>
                  <C1>10.224000010095953</C1>
                  <C2>46.86800000808886</C2>
                </COORD>
                <COORD>
                  <C1>10.225000010096805</C1>
                  <C2>46.86800000808856</C2>
                </COORD>
                <COORD>
                  <C1>10.226000010097653</C1>
                  <C2>46.86800000808824</C2>
                </COORD>
                <COORD>
                  <C1>10.227000010098509</C1>
                  <C2>46.868000008087876</C2>
                </COORD>
                <COORD>
                  <C1>10.228000010099354</C1>
                  <C2>46.86800000808753</C2>
                </COORD>
                <COORD>
                  <C1>10.229000010100199</C1>
                  <C2>46.868000008087165</C2>
                </COORD>
                <COORD>
                  <C1>10.230000010101055</C1>
                  <C2>46.868000008086845</C2>
                </COORD>
                <COORD>
                  <C1>10.2310000101019</C1>
                  <C2>46.868000008086504</C2>
                </COORD>
                <COORD>
                  <C1>10.232000010102748</C1>
                  <C2>46.86800000808616</C2>
                </COORD>
                <COORD>
                  <C1>10.234000010104447</C1>
                  <C2>46.86800000808549</C2>
                </COORD>
                <COORD>
                  <C1>10.233000010103252</C1>
                  <C2>46.8690000080863</C2>
                </COORD>
                <COORD>
                  <C1>10.233000010102902</C1>
                  <C2>46.87000000808679</C2>
                </COORD>
                <COORD>
                  <C1>10.2320000101017</C1>
                  <C2>46.87100000808759</C2>
                </COORD>
                <COORD>
                  <C1>10.233000010102202</C1>
                  <C2>46.87200000808773</C2>
                </COORD>
                <COORD>
                  <C1>10.234000010103049</C1>
                  <C2>46.872000008087376</C2>
                </COORD>
                <COORD>
                  <C1>10.2340000101027</C1>
                  <C2>46.87300000808785</C2>
                </COORD>
                <COORD>
                  <C1>10.234000010102347</C1>
                  <C2>46.874000008088316</C2>
                </COORD>
                <COORD>
                  <C1>10.234000010101994</C1>
                  <C2>46.875000008088826</C2>
                </COORD>
                <COORD>
                  <C1>10.234000010101646</C1>
                  <C2>46.8760000080893</C2>
                </COORD>
                <COORD>
                  <C1>10.234000010101298</C1>
                  <C2>46.877000008089745</C2>
                </COORD>
                <COORD>
                  <C1>10.23300001010045</C1>
                  <C2>46.8770000080901</C2>
                </COORD>
                <COORD>
                  <C1>10.233000010100097</C1>
                  <C2>46.87800000809057</C2>
                </COORD>
                <COORD>
                  <C1>10.234000010100942</C1>
                  <C2>46.87800000809021</C2>
                </COORD>
                <COORD>
                  <C1>10.23400001010059</C1>
                  <C2>46.87900000809069</C2>
                </COORD>
                <COORD>
                  <C1>10.235000010101441</C1>
                  <C2>46.87900000809039</C2>
                </COORD>
                <COORD>
                  <C1>10.235000010101093</C1>
                  <C2>46.880000008090825</C2>
                </COORD>
                <COORD>
                  <C1>10.235000010100741</C1>
                  <C2>46.881000008091334</C2>
                </COORD>
                <COORD>
                  <C1>10.236000010101584</C1>
                  <C2>46.881000008090965</C2>
                </COORD>
                <COORD>
                  <C1>10.23600001010124</C1>
                  <C2>46.88200000809143</C2>
                </COORD>
                <COORD>
                  <C1>10.236000010100888</C1>
                  <C2>46.88300000809191</C2>
                </COORD>
                <COORD>
                  <C1>10.23500001010004</C1>
                  <C2>46.883000008092274</C2>
                </COORD>
                <COORD>
                  <C1>10.235000010099686</C1>
                  <C2>46.88400000809273</C2>
                </COORD>
                <COORD>
                  <C1>10.236000010100184</C1>
                  <C2>46.885000008092874</C2>
                </COORD>
                <COORD>
                  <C1>10.236000010099833</C1>
                  <C2>46.88600000809332</C2>
                </COORD>
                <COORD>
                  <C1>10.236000010099481</C1>
                  <C2>46.88700000809379</C2>
                </COORD>
                <COORD>
                  <C1>10.236000010099133</C1>
                  <C2>46.888000008094274</C2>
                </COORD>
                <COORD>
                  <C1>10.23500001009828</C1>
                  <C2>46.88800000809463</C2>
                </COORD>
                <COORD>
                  <C1>10.23400001009743</C1>
                  <C2>46.888000008094956</C2>
                </COORD>
                <COORD>
                  <C1>10.234000010097084</C1>
                  <C2>46.88900000809548</C2>
                </COORD>
                <COORD>
                  <C1>10.233000010095887</C1>
                  <C2>46.89000000809624</C2>
                </COORD>
                <COORD>
                  <C1>10.232000010095035</C1>
                  <C2>46.890000008096585</C2>
                </COORD>
                <COORD>
                  <C1>10.23200001009468</C1>
                  <C2>46.891000008097066</C2>
                </COORD>
                <COORD>
                  <C1>10.231000010093835</C1>
                  <C2>46.89100000809742</C2>
                </COORD>
                <COORD>
                  <C1>10.23000001009299</C1>
                  <C2>46.89100000809777</C2>
                </COORD>
                <COORD>
                  <C1>10.230000010092636</C1>
                  <C2>46.89200000809822</C2>
                </COORD>
                <COORD>
                  <C1>10.229000010091788</C1>
                  <C2>46.89200000809858</C2>
                </COORD>
                <COORD>
                  <C1>10.229000010091433</C1>
                  <C2>46.89300000809903</C2>
                </COORD>
                <COORD>
                  <C1>10.229000010091081</C1>
                  <C2>46.894000008099546</C2>
                </COORD>
                <COORD>
                  <C1>10.228000010090234</C1>
                  <C2>46.894000008099844</C2>
                </COORD>
                <COORD>
                  <C1>10.228000010089882</C1>
                  <C2>46.895000008100325</C2>
                </COORD>
                <COORD>
                  <C1>10.22800001008953</C1>
                  <C2>46.8960000081008</C2>
                </COORD>
                <COORD>
                  <C1>10.22800001008918</C1>
                  <C2>46.89700000810128</C2>
                </COORD>
                <COORD>
                  <C1>10.227000010087984</C1>
                  <C2>46.89800000810211</C2>
                </COORD>
                <COORD>
                  <C1>10.227000010087629</C1>
                  <C2>46.89900000810254</C2>
                </COORD>
                <COORD>
                  <C1>10.22800001008848</C1>
                  <C2>46.89900000810223</C2>
                </COORD>
                <COORD>
                  <C1>10.229000010089322</C1>
                  <C2>46.899000008101865</C2>
                </COORD>
                <COORD>
                  <C1>10.23000001009018</C1>
                  <C2>46.899000008101545</C2>
                </COORD>
                <COORD>
                  <C1>10.230000010089826</C1>
                  <C2>46.900000008102005</C2>
                </COORD>
                <COORD>
                  <C1>10.231000010090671</C1>
                  <C2>46.900000008101664</C2>
                </COORD>
                <COORD>
                  <C1>10.232000010091516</C1>
                  <C2>46.90000000810134</C2>
                </COORD>
                <COORD>
                  <C1>10.232000010091161</C1>
                  <C2>46.901000008101796</C2>
                </COORD>
                <COORD>
                  <C1>10.233000010092018</C1>
                  <C2>46.90100000810147</C2>
                </COORD>
                <COORD>
                  <C1>10.233000010091663</C1>
                  <C2>46.90200000810193</C2>
                </COORD>
                <COORD>
                  <C1>10.23400001009251</C1>
                  <C2>46.90200000810157</C2>
                </COORD>
                <COORD>
                  <C1>10.234000010092156</C1>
                  <C2>46.90300000810203</C2>
                </COORD>
                <COORD>
                  <C1>10.235000010092653</C1>
                  <C2>46.90400000810218</C2>
                </COORD>
                <COORD>
                  <C1>10.2350000100923</C1>
                  <C2>46.90500000810262</C2>
                </COORD>
                <COORD>
                  <C1>10.235000010091948</C1>
                  <C2>46.906000008103135</C2>
                </COORD>
                <COORD>
                  <C1>10.236000010092793</C1>
                  <C2>46.9060000081028</C2>
                </COORD>
                <COORD>
                  <C1>10.236000010092441</C1>
                  <C2>46.90700000810324</C2>
                </COORD>
                <COORD>
                  <C1>10.235000010091595</C1>
                  <C2>46.90700000810355</C2>
                </COORD>
                <COORD>
                  <C1>10.235000010091243</C1>
                  <C2>46.90800000810407</C2>
                </COORD>
                <COORD>
                  <C1>10.236000010092091</C1>
                  <C2>46.90800000810372</C2>
                </COORD>
                <COORD>
                  <C1>10.236000010091736</C1>
                  <C2>46.90900000810415</C2>
                </COORD>
                <COORD>
                  <C1>10.236000010091384</C1>
                  <C2>46.910000008104625</C2>
                </COORD>
                <COORD>
                  <C1>10.23600001009103</C1>
                  <C2>46.911000008105155</C2>
                </COORD>
                <COORD>
                  <C1>10.237000010091883</C1>
                  <C2>46.91100000810479</C2>
                </COORD>
                <COORD>
                  <C1>10.237000010091526</C1>
                  <C2>46.91200000810526</C2>
                </COORD>
                <COORD>
                  <C1>10.237000010091174</C1>
                  <C2>46.913000008105726</C2>
                </COORD>
                <COORD>
                  <C1>10.23800001009202</C1>
                  <C2>46.91300000810537</C2>
                </COORD>
                <COORD>
                  <C1>10.238000010091666</C1>
                  <C2>46.91400000810587</C2>
                </COORD>
                <COORD>
                  <C1>10.23800001009131</C1>
                  <C2>46.91500000810633</C2>
                </COORD>
                <COORD>
                  <C1>10.23800001009096</C1>
                  <C2>46.916000008106835</C2>
                </COORD>
                <COORD>
                  <C1>10.238000010090607</C1>
                  <C2>46.91700000810727</C2>
                </COORD>
                <COORD>
                  <C1>10.238000010090254</C1>
                  <C2>46.91800000810774</C2>
                </COORD>
                <COORD>
                  <C1>10.239000010091102</C1>
                  <C2>46.91800000810741</C2>
                </COORD>
                <COORD>
                  <C1>10.240000010091949</C1>
                  <C2>46.91800000810707</C2>
                </COORD>
                <COORD>
                  <C1>10.241000010092794</C1>
                  <C2>46.9180000081067</C2>
                </COORD>
                <COORD>
                  <C1>10.241000010092439</C1>
                  <C2>46.91900000810716</C2>
                </COORD>
                <COORD>
                  <C1>10.242000010093289</C1>
                  <C2>46.91900000810681</C2>
                </COORD>
                <COORD>
                  <C1>10.242000010092934</C1>
                  <C2>46.920000008107294</C2>
                </COORD>
                <COORD>
                  <C1>10.24300001009378</C1>
                  <C2>46.920000008106925</C2>
                </COORD>
                <COORD>
                  <C1>10.243000010093425</C1>
                  <C2>46.921000008107455</C2>
                </COORD>
                <COORD>
                  <C1>10.244000010094272</C1>
                  <C2>46.92100000810709</C2>
                </COORD>
                <COORD>
                  <C1>10.243000010093073</C1>
                  <C2>46.92200000810791</C2>
                </COORD>
                <COORD>
                  <C1>10.243000010092716</C1>
                  <C2>46.92300000810838</C2>
                </COORD>
                <COORD>
                  <C1>10.242000010091873</C1>
                  <C2>46.92300000810874</C2>
                </COORD>
                <COORD>
                  <C1>10.242000010091518</C1>
                  <C2>46.92400000810917</C2>
                </COORD>
                <COORD>
                  <C1>10.242000010091164</C1>
                  <C2>46.92500000810961</C2>
                </COORD>
                <COORD>
                  <C1>10.242000010090813</C1>
                  <C2>46.9260000081101</C2>
                </COORD>
                <COORD>
                  <C1>10.242000010090457</C1>
                  <C2>46.927000008110596</C2>
                </COORD>
                <COORD>
                  <C1>10.242000010090104</C1>
                  <C2>46.92800000811104</C2>
                </COORD>
                <COORD>
                  <C1>10.243000010090597</C1>
                  <C2>46.92900000811116</C2>
                </COORD>
                <COORD>
                  <C1>10.243000010090238</C1>
                  <C2>46.930000008111634</C2>
                </COORD>
                <COORD>
                  <C1>10.243000010089887</C1>
                  <C2>46.9310000081121</C2>
                </COORD>
                <COORD>
                  <C1>10.243000010089535</C1>
                  <C2>46.932000008112595</C2>
                </COORD>
                <COORD>
                  <C1>10.24200001008833</C1>
                  <C2>46.93300000811337</C2>
                </COORD>
                <COORD>
                  <C1>10.243000010088826</C1>
                  <C2>46.934000008113514</C2>
                </COORD>
                <COORD>
                  <C1>10.254000010098476</C1>
                  <C2>46.933000008109296</C2>
                </COORD>
                <COORD>
                  <C1>10.258000010102206</C1>
                  <C2>46.93200000810746</C2>
                </COORD>
                <COORD>
                  <C1>10.259000010103051</C1>
                  <C2>46.93200000810709</C2>
                </COORD>
                <COORD>
                  <C1>10.261000010105096</C1>
                  <C2>46.931000008105926</C2>
                </COORD>
                <COORD>
                  <C1>10.264000010107628</C1>
                  <C2>46.9310000081049</C2>
                </COORD>
                <COORD>
                  <C1>10.266000010109318</C1>
                  <C2>46.93100000810421</C2>
                </COORD>
                <COORD>
                  <C1>10.268000010111</C1>
                  <C2>46.931000008103524</C2>
                </COORD>
                <COORD>
                  <C1>10.272000010114732</C1>
                  <C2>46.93000000810169</C2>
                </COORD>
                <COORD>
                  <C1>10.27400001011677</C1>
                  <C2>46.92900000810052</C2>
                </COORD>
                <COORD>
                  <C1>10.281000010123382</C1>
                  <C2>46.92700000809719</C2>
                </COORD>
                <COORD>
                  <C1>10.291000010132512</C1>
                  <C2>46.925000008092816</C2>
                </COORD>
                <COORD>
                  <C1>10.292000010133352</C1>
                  <C2>46.9250000080925</C2>
                </COORD>
                <COORD>
                  <C1>10.293000010134547</C1>
                  <C2>46.924000008091674</C2>
                </COORD>
                <COORD>
                  <C1>10.295000010136233</C1>
                  <C2>46.92400000809101</C2>
                </COORD>
                <COORD>
                  <C1>10.298000010139466</C1>
                  <C2>46.92200000808902</C2>
                </COORD>
                <COORD>
                  <C1>10.299000010139952</C1>
                  <C2>46.92300000808916</C2>
                </COORD>
                <COORD>
                  <C1>10.300000010140439</C1>
                  <C2>46.92400000808928</C2>
                </COORD>
                <COORD>
                  <C1>10.30000001014008</C1>
                  <C2>46.92500000808972</C2>
                </COORD>
                <COORD>
                  <C1>10.301000010140921</C1>
                  <C2>46.92500000808937</C2>
                </COORD>
                <COORD>
                  <C1>10.301000010140566</C1>
                  <C2>46.92600000808985</C2>
                </COORD>
                <COORD>
                  <C1>10.302000010141404</C1>
                  <C2>46.926000008089545</C2>
                </COORD>
                <COORD>
                  <C1>10.302000010141052</C1>
                  <C2>46.92700000809001</C2>
                </COORD>
                <COORD>
                  <C1>10.304000010142733</C1>
                  <C2>46.9270000080893</C2>
                </COORD>
                <COORD>
                  <C1>10.305000010143571</C1>
                  <C2>46.92700000808894</C2>
                </COORD>
                <COORD>
                  <C1>10.30600001014441</C1>
                  <C2>46.92700000808859</C2>
                </COORD>
                <COORD>
                  <C1>10.308000010146095</C1>
                  <C2>46.92700000808795</C2>
                </COORD>
                <COORD>
                  <C1>10.30900001014693</C1>
                  <C2>46.92700000808753</C2>
                </COORD>
                <COORD>
                  <C1>10.311000010148256</C1>
                  <C2>46.92800000808736</C2>
                </COORD>
                <COORD>
                  <C1>10.312000010149088</C1>
                  <C2>46.928000008087</C2>
                </COORD>
                <COORD>
                  <C1>10.312000010149449</C1>
                  <C2>46.92700000808655</C2>
                </COORD>
                <COORD>
                  <C1>10.314000010151128</C1>
                  <C2>46.92700000808585</C2>
                </COORD>
                <COORD>
                  <C1>10.31500001015197</C1>
                  <C2>46.927000008085535</C2>
                </COORD>
                <COORD>
                  <C1>10.317000010153647</C1>
                  <C2>46.9270000080848</C2>
                </COORD>
                <COORD>
                  <C1>10.318000010154485</C1>
                  <C2>46.927000008084434</C2>
                </COORD>
                <COORD>
                  <C1>10.318000010154126</C1>
                  <C2>46.92800000808492</C2>
                </COORD>
                <COORD>
                  <C1>10.318000010153767</C1>
                  <C2>46.9290000080854</C2>
                </COORD>
                <COORD>
                  <C1>10.318000010153412</C1>
                  <C2>46.93000000808585</C2>
                </COORD>
                <COORD>
                  <C1>10.318000010153055</C1>
                  <C2>46.93100000808636</C2>
                </COORD>
                <COORD>
                  <C1>10.318000010152698</C1>
                  <C2>46.932000008086774</C2>
                </COORD>
                <COORD>
                  <C1>10.319000010153545</C1>
                  <C2>46.932000008086455</C2>
                </COORD>
                <COORD>
                  <C1>10.31900001015318</C1>
                  <C2>46.9330000080869</C2>
                </COORD>
                <COORD>
                  <C1>10.31800001015234</C1>
                  <C2>46.933000008087255</C2>
                </COORD>
                <COORD>
                  <C1>10.318000010151987</C1>
                  <C2>46.934000008087736</C2>
                </COORD>
                <COORD>
                  <C1>10.317000010151148</C1>
                  <C2>46.934000008088056</C2>
                </COORD>
                <COORD>
                  <C1>10.316000010149951</C1>
                  <C2>46.93500000808887</C2>
                </COORD>
                <COORD>
                  <C1>10.315000010149113</C1>
                  <C2>46.93500000808924</C2>
                </COORD>
                <COORD>
                  <C1>10.315000010148752</C1>
                  <C2>46.93600000808969</C2>
                </COORD>
                <COORD>
                  <C1>10.314000010147915</C1>
                  <C2>46.93600000809002</C2>
                </COORD>
                <COORD>
                  <C1>10.313000010147078</C1>
                  <C2>46.93600000809038</C2>
                </COORD>
                <COORD>
                  <C1>10.31300001014672</C1>
                  <C2>46.93700000809084</C2>
                </COORD>
                <COORD>
                  <C1>10.312000010145876</C1>
                  <C2>46.93700000809119</C2>
                </COORD>
                <COORD>
                  <C1>10.312000010145521</C1>
                  <C2>46.93800000809167</C2>
                </COORD>
                <COORD>
                  <C1>10.31100001014468</C1>
                  <C2>46.938000008092004</C2>
                </COORD>
                <COORD>
                  <C1>10.311000010144324</C1>
                  <C2>46.93900000809247</C2>
                </COORD>
                <COORD>
                  <C1>10.310000010143485</C1>
                  <C2>46.939000008092826</C2>
                </COORD>
                <COORD>
                  <C1>10.310000010143128</C1>
                  <C2>46.940000008093314</C2>
                </COORD>
                <COORD>
                  <C1>10.30900001014229</C1>
                  <C2>46.94000000809359</C2>
                </COORD>
                <COORD>
                  <C1>10.308000010141091</C1>
                  <C2>46.94100000809443</C2>
                </COORD>
                <COORD>
                  <C1>10.308000010140734</C1>
                  <C2>46.942000008094894</C2>
                </COORD>
                <COORD>
                  <C1>10.308000010140379</C1>
                  <C2>46.94300000809535</C2>
                </COORD>
                <COORD>
                  <C1>10.308000010140018</C1>
                  <C2>46.94400000809581</C2>
                </COORD>
                <COORD>
                  <C1>10.309000010140858</C1>
                  <C2>46.94400000809548</C2>
                </COORD>
                <COORD>
                  <C1>10.309000010140501</C1>
                  <C2>46.94500000809594</C2>
                </COORD>
                <COORD>
                  <C1>10.31000001014134</C1>
                  <C2>46.94500000809561</C2>
                </COORD>
                <COORD>
                  <C1>10.309000010140144</C1>
                  <C2>46.94600000809642</C2>
                </COORD>
                <COORD>
                  <C1>10.309000010139785</C1>
                  <C2>46.94700000809685</C2>
                </COORD>
                <COORD>
                  <C1>10.309000010139428</C1>
                  <C2>46.948000008097324</C2>
                </COORD>
                <COORD>
                  <C1>10.309000010139071</C1>
                  <C2>46.9490000080978</C2>
                </COORD>
                <COORD>
                  <C1>10.309000010138709</C1>
                  <C2>46.95000000809826</C2>
                </COORD>
                <COORD>
                  <C1>10.310000010139552</C1>
                  <C2>46.95000000809792</C2>
                </COORD>
                <COORD>
                  <C1>10.310000010139197</C1>
                  <C2>46.95100000809838</C2>
                </COORD>
                <COORD>
                  <C1>10.31100001014003</C1>
                  <C2>46.95100000809804</C2>
                </COORD>
                <COORD>
                  <C1>10.311000010139672</C1>
                  <C2>46.95200000809849</C2>
                </COORD>
                <COORD>
                  <C1>10.312000010140508</C1>
                  <C2>46.952000008098146</C2>
                </COORD>
                <COORD>
                  <C1>10.313000010140994</C1>
                  <C2>46.95300000809826</C2>
                </COORD>
                <COORD>
                  <C1>10.314000010141829</C1>
                  <C2>46.953000008097916</C2>
                </COORD>
                <COORD>
                  <C1>10.315000010142665</C1>
                  <C2>46.95300000809756</C2>
                </COORD>
                <COORD>
                  <C1>10.316000010143506</C1>
                  <C2>46.95300000809724</C2>
                </COORD>
                <COORD>
                  <C1>10.317000010144348</C1>
                  <C2>46.95300000809692</C2>
                </COORD>
                <COORD>
                  <C1>10.318000010145184</C1>
                  <C2>46.953000008096566</C2>
                </COORD>
                <COORD>
                  <C1>10.31900001014602</C1>
                  <C2>46.953000008096204</C2>
                </COORD>
                <COORD>
                  <C1>10.319000010145666</C1>
                  <C2>46.95400000809665</C2>
                </COORD>
                <COORD>
                  <C1>10.320000010146503</C1>
                  <C2>46.95400000809633</C2>
                </COORD>
                <COORD>
                  <C1>10.321000010147337</C1>
                  <C2>46.95400000809597</C2>
                </COORD>
                <COORD>
                  <C1>10.322000010148535</C1>
                  <C2>46.95300000809518</C2>
                </COORD>
                <COORD>
                  <C1>10.325000010150692</C1>
                  <C2>46.95400000809463</C2>
                </COORD>
                <COORD>
                  <C1>10.326000010151528</C1>
                  <C2>46.954000008094255</C2>
                </COORD>
                <COORD>
                  <C1>10.327000010152362</C1>
                  <C2>46.95400000809391</C2>
                </COORD>
                <COORD>
                  <C1>10.327000010152002</C1>
                  <C2>46.95500000809438</C2>
                </COORD>
                <COORD>
                  <C1>10.328000010152842</C1>
                  <C2>46.955000008094</C2>
                </COORD>
                <COORD>
                  <C1>10.329000010153317</C1>
                  <C2>46.95600000809412</C2>
                </COORD>
                <COORD>
                  <C1>10.329000010152956</C1>
                  <C2>46.95700000809458</C2>
                </COORD>
                <COORD>
                  <C1>10.330000010153794</C1>
                  <C2>46.95700000809428</C2>
                </COORD>
                <COORD>
                  <C1>10.330000010153437</C1>
                  <C2>46.95800000809474</C2>
                </COORD>
                <COORD>
                  <C1>10.330000010153075</C1>
                  <C2>46.95900000809515</C2>
                </COORD>
                <COORD>
                  <C1>10.331000010153911</C1>
                  <C2>46.95900000809483</C2>
                </COORD>
                <COORD>
                  <C1>10.331000010153552</C1>
                  <C2>46.960000008095264</C2>
                </COORD>
                <COORD>
                  <C1>10.331000010153193</C1>
                  <C2>46.96100000809575</C2>
                </COORD>
                <COORD>
                  <C1>10.331000010152833</C1>
                  <C2>46.962000008096226</C2>
                </COORD>
                <COORD>
                  <C1>10.331000010152477</C1>
                  <C2>46.96300000809668</C2>
                </COORD>
                <COORD>
                  <C1>10.330000010151275</C1>
                  <C2>46.96400000809747</C2>
                </COORD>
                <COORD>
                  <C1>10.331000010152115</C1>
                  <C2>46.96400000809715</C2>
                </COORD>
                <COORD>
                  <C1>10.331000010151755</C1>
                  <C2>46.965000008097626</C2>
                </COORD>
                <COORD>
                  <C1>10.331000010151392</C1>
                  <C2>46.96600000809806</C2>
                </COORD>
                <COORD>
                  <C1>10.331000010151035</C1>
                  <C2>46.9670000080985</C2>
                </COORD>
                <COORD>
                  <C1>10.332000010151875</C1>
                  <C2>46.96700000809819</C2>
                </COORD>
                <COORD>
                  <C1>10.332000010151514</C1>
                  <C2>46.96800000809863</C2>
                </COORD>
                <COORD>
                  <C1>10.333000010151988</C1>
                  <C2>46.96900000809875</C2>
                </COORD>
                <COORD>
                  <C1>10.33400001015282</C1>
                  <C2>46.96900000809844</C2>
                </COORD>
                <COORD>
                  <C1>10.334000010152462</C1>
                  <C2>46.970000008098864</C2>
                </COORD>
                <COORD>
                  <C1>10.3350000101533</C1>
                  <C2>46.97000000809852</C2>
                </COORD>
                <COORD>
                  <C1>10.33500001015294</C1>
                  <C2>46.971000008098976</C2>
                </COORD>
                <COORD>
                  <C1>10.336000010153414</C1>
                  <C2>46.972000008099116</C2>
                </COORD>
                <COORD>
                  <C1>10.335000010152582</C1>
                  <C2>46.972000008099435</C2>
                </COORD>
                <COORD>
                  <C1>10.336000010153054</C1>
                  <C2>46.97300000809954</C2>
                </COORD>
                <COORD>
                  <C1>10.336000010152691</C1>
                  <C2>46.97400000810003</C2>
                </COORD>
                <COORD>
                  <C1>10.337000010153167</C1>
                  <C2>46.97500000810012</C2>
                </COORD>
                <COORD>
                  <C1>10.338000010153284</C1>
                  <C2>46.977000008100696</C2>
                </COORD>
                <COORD>
                  <C1>10.34000001015459</C1>
                  <C2>46.978000008100466</C2>
                </COORD>
                <COORD>
                  <C1>10.34100001015506</C1>
                  <C2>46.97900000810058</C2>
                </COORD>
                <COORD>
                  <C1>10.342000010155537</C1>
                  <C2>46.98000000810067</C2>
                </COORD>
                <COORD>
                  <C1>10.341000010153978</C1>
                  <C2>46.982000008101956</C2>
                </COORD>
                <COORD>
                  <C1>10.341000010153618</C1>
                  <C2>46.98300000810243</C2>
                </COORD>
                <COORD>
                  <C1>10.342000010154456</C1>
                  <C2>46.98300000810207</C2>
                </COORD>
                <COORD>
                  <C1>10.342000010154093</C1>
                  <C2>46.98400000810249</C2>
                </COORD>
                <COORD>
                  <C1>10.34300001015493</C1>
                  <C2>46.98400000810214</C2>
                </COORD>
                <COORD>
                  <C1>10.344000010155762</C1>
                  <C2>46.98400000810186</C2>
                </COORD>
                <COORD>
                  <C1>10.345000010156594</C1>
                  <C2>46.98400000810148</C2>
                </COORD>
                <COORD>
                  <C1>10.346000010157068</C1>
                  <C2>46.9850000081016</C2>
                </COORD>
                <COORD>
                  <C1>10.346000010156706</C1>
                  <C2>46.98600000810208</C2>
                </COORD>
                <COORD>
                  <C1>10.34700001015754</C1>
                  <C2>46.986000008101726</C2>
                </COORD>
                <COORD>
                  <C1>10.34700001015718</C1>
                  <C2>46.987000008102214</C2>
                </COORD>
                <COORD>
                  <C1>10.348000010157648</C1>
                  <C2>46.98800000810226</C2>
                </COORD>
                <COORD>
                  <C1>10.347000010156819</C1>
                  <C2>46.98800000810261</C2>
                </COORD>
                <COORD>
                  <C1>10.348000010157287</C1>
                  <C2>46.98900000810277</C2>
                </COORD>
                <COORD>
                  <C1>10.347000010156451</C1>
                  <C2>46.989000008103076</C2>
                </COORD>
                <COORD>
                  <C1>10.348000010156925</C1>
                  <C2>46.9900000081032</C2>
                </COORD>
                <COORD>
                  <C1>10.348000010156568</C1>
                  <C2>46.991000008103654</C2>
                </COORD>
                <COORD>
                  <C1>10.349000010157397</C1>
                  <C2>46.991000008103306</C2>
                </COORD>
                <COORD>
                  <C1>10.35000001015787</C1>
                  <C2>46.99200000810342</C2>
                </COORD>
                <COORD>
                  <C1>10.350000010157505</C1>
                  <C2>46.99300000810385</C2>
                </COORD>
                <COORD>
                  <C1>10.351000010158339</C1>
                  <C2>46.993000008103536</C2>
                </COORD>
                <COORD>
                  <C1>10.352000010159173</C1>
                  <C2>46.99300000810318</C2>
                </COORD>
                <COORD>
                  <C1>10.353000010160004</C1>
                  <C2>46.99300000810279</C2>
                </COORD>
                <COORD>
                  <C1>10.35400001016084</C1>
                  <C2>46.993000008102484</C2>
                </COORD>
                <COORD>
                  <C1>10.354000010160476</C1>
                  <C2>46.99400000810293</C2>
                </COORD>
                <COORD>
                  <C1>10.35500001016131</C1>
                  <C2>46.99400000810257</C2>
                </COORD>
                <COORD>
                  <C1>10.356000010162143</C1>
                  <C2>46.99400000810224</C2>
                </COORD>
                <COORD>
                  <C1>10.357000010162974</C1>
                  <C2>46.99400000810187</C2>
                </COORD>
                <COORD>
                  <C1>10.35800001016381</C1>
                  <C2>46.99400000810157</C2>
                </COORD>
                <COORD>
                  <C1>10.35900001016464</C1>
                  <C2>46.99400000810121</C2>
                </COORD>
                <COORD>
                  <C1>10.360000010165471</C1>
                  <C2>46.994000008100876</C2>
                </COORD>
                <COORD>
                  <C1>10.360000010165834</C1>
                  <C2>46.99300000810039</C2>
                </COORD>
                <COORD>
                  <C1>10.361000010166668</C1>
                  <C2>46.99300000810006</C2>
                </COORD>
                <COORD>
                  <C1>10.361000010166306</C1>
                  <C2>46.9940000081005</C2>
                </COORD>
                <COORD>
                  <C1>10.362000010167502</C1>
                  <C2>46.993000008099706</C2>
                </COORD>
                <COORD>
                  <C1>10.36300001016797</C1>
                  <C2>46.99400000809984</C2>
                </COORD>
                <COORD>
                  <C1>10.363000010168335</C1>
                  <C2>46.99300000809937</C2>
                </COORD>
                <COORD>
                  <C1>10.36400001016917</C1>
                  <C2>46.99300000809901</C2>
                </COORD>
                <COORD>
                  <C1>10.365000010169997</C1>
                  <C2>46.99300000809865</C2>
                </COORD>
                <COORD>
                  <C1>10.366000010170827</C1>
                  <C2>46.993000008098306</C2>
                </COORD>
                <COORD>
                  <C1>10.367000010171662</C1>
                  <C2>46.99300000809801</C2>
                </COORD>
                <COORD>
                  <C1>10.36800001017249</C1>
                  <C2>46.99300000809761</C2>
                </COORD>
                <COORD>
                  <C1>10.369000010173323</C1>
                  <C2>46.99300000809729</C2>
                </COORD>
                <COORD>
                  <C1>10.370000010174152</C1>
                  <C2>46.99300000809695</C2>
                </COORD>
                <COORD>
                  <C1>10.371000010174985</C1>
                  <C2>46.99300000809658</C2>
                </COORD>
                <COORD>
                  <C1>10.37200001017582</C1>
                  <C2>46.99300000809624</C2>
                </COORD>
                <COORD>
                  <C1>10.37200001017618</C1>
                  <C2>46.99200000809578</C2>
                </COORD>
                <COORD>
                  <C1>10.373000010176645</C1>
                  <C2>46.99300000809588</C2>
                </COORD>
                <COORD>
                  <C1>10.37400001017748</C1>
                  <C2>46.993000008095535</C2>
                </COORD>
                <COORD>
                  <C1>10.374000010177118</C1>
                  <C2>46.99400000809598</C2>
                </COORD>
                <COORD>
                  <C1>10.375000010177946</C1>
                  <C2>46.99400000809563</C2>
                </COORD>
                <COORD>
                  <C1>10.375000010177583</C1>
                  <C2>46.99500000809612</C2>
                </COORD>
                <COORD>
                  <C1>10.376000010178418</C1>
                  <C2>46.99500000809576</C2>
                </COORD>
                <COORD>
                  <C1>10.377000010179247</C1>
                  <C2>46.99500000809544</C2>
                </COORD>
                <COORD>
                  <C1>10.378000010179715</C1>
                  <C2>46.99600000809551</C2>
                </COORD>
                <COORD>
                  <C1>10.379000010180542</C1>
                  <C2>46.996000008095194</C2>
                </COORD>
                <COORD>
                  <C1>10.37900001018018</C1>
                  <C2>46.99700000809559</C2>
                </COORD>
                <COORD>
                  <C1>10.380000010181009</C1>
                  <C2>46.99700000809526</C2>
                </COORD>
                <COORD>
                  <C1>10.380000010180645</C1>
                  <C2>46.998000008095715</C2>
                </COORD>
                <COORD>
                  <C1>10.381000010181479</C1>
                  <C2>46.99800000809539</C2>
                </COORD>
                <COORD>
                  <C1>10.381000010181111</C1>
                  <C2>46.999000008095834</C2>
                </COORD>
                <COORD>
                  <C1>10.38200001018194</C1>
                  <C2>46.99900000809549</C2>
                </COORD>
                <COORD>
                  <C1>10.383000010182773</C1>
                  <C2>46.99900000809512</C2>
                </COORD>
                <COORD>
                  <C1>10.383000010182405</C1>
                  <C2>47.000000008095604</C2>
                </COORD>
                <COORD>
                  <C1>10.384000010183241</C1>
                  <C2>47.00000000809525</C2>
                </COORD>
                <COORD>
                  <C1>10.384000010182874</C1>
                  <C2>47.00100000809567</C2>
                </COORD>
                <COORD>
                  <C1>10.385000010183704</C1>
                  <C2>47.00100000809537</C2>
                </COORD>
                <COORD>
                  <C1>10.386000010184533</C1>
                  <C2>47.001000008095005</C2>
                </COORD>
                <COORD>
                  <C1>10.386000010184171</C1>
                  <C2>47.002000008095465</C2>
                </COORD>
                <COORD>
                  <C1>10.387000010184996</C1>
                  <C2>47.00200000809514</C2>
                </COORD>
                <COORD>
                  <C1>10.388000010185827</C1>
                  <C2>47.002000008094754</C2>
                </COORD>
                <COORD>
                  <C1>10.389000010186656</C1>
                  <C2>47.00200000809443</C2>
                </COORD>
                <COORD>
                  <C1>10.390000010187489</C1>
                  <C2>47.0020000080941</C2>
                </COORD>
                <COORD>
                  <C1>10.391000010188314</C1>
                  <C2>47.00200000809371</C2>
                </COORD>
                <COORD>
                  <C1>10.393000010189976</C1>
                  <C2>47.00200000809302</C2>
                </COORD>
                <COORD>
                  <C1>10.396000010192829</C1>
                  <C2>47.001000008091495</C2>
                </COORD>
                <COORD>
                  <C1>10.39600001019319</C1>
                  <C2>47.00000000809105</C2>
                </COORD>
                <COORD>
                  <C1>10.40000001019687</C1>
                  <C2>46.99900000808924</C2>
                </COORD>
                <COORD>
                  <C1>10.401000010198791</C1>
                  <C2>46.9960000080875</C2>
                </COORD>
                <COORD>
                  <C1>10.402000010200346</C1>
                  <C2>46.994000008086246</C2>
                </COORD>
                <COORD>
                  <C1>10.40400001020237</C1>
                  <C2>46.99300000808508</C2>
                </COORD>
                <COORD>
                  <C1>10.407000010205582</C1>
                  <C2>46.99100000808311</C2>
                </COORD>
                <COORD>
                  <C1>10.408000010206413</C1>
                  <C2>46.99100000808276</C2>
                </COORD>
                <COORD>
                  <C1>10.408000010206774</C1>
                  <C2>46.99000000808232</C2>
                </COORD>
                <COORD>
                  <C1>10.409000010207603</C1>
                  <C2>46.990000008081985</C2>
                </COORD>
                <COORD>
                  <C1>10.409000010207972</C1>
                  <C2>46.989000008081504</C2>
                </COORD>
                <COORD>
                  <C1>10.410000010208796</C1>
                  <C2>46.98900000808116</C2>
                </COORD>
                <COORD>
                  <C1>10.410000010209158</C1>
                  <C2>46.988000008080725</C2>
                </COORD>
                <COORD>
                  <C1>10.411000010209987</C1>
                  <C2>46.988000008080355</C2>
                </COORD>
                <COORD>
                  <C1>10.411000010210351</C1>
                  <C2>46.987000008079896</C2>
                </COORD>
                <COORD>
                  <C1>10.412000010211178</C1>
                  <C2>46.98700000807958</C2>
                </COORD>
                <COORD>
                  <C1>10.412000010211548</C1>
                  <C2>46.986000008079095</C2>
                </COORD>
                <COORD>
                  <C1>10.41300001021237</C1>
                  <C2>46.98600000807874</C2>
                </COORD>
                <COORD>
                  <C1>10.413000010212732</C1>
                  <C2>46.9850000080783</C2>
                </COORD>
                <COORD>
                  <C1>10.414000010213561</C1>
                  <C2>46.98500000807793</C2>
                </COORD>
                <COORD>
                  <C1>10.41400001021393</C1>
                  <C2>46.98400000807747</C2>
                </COORD>
                <COORD>
                  <C1>10.415000010214756</C1>
                  <C2>46.98400000807713</C2>
                </COORD>
                <COORD>
                  <C1>10.41600001021558</C1>
                  <C2>46.98400000807679</C2>
                </COORD>
                <COORD>
                  <C1>10.417000010216409</C1>
                  <C2>46.98400000807643</C2>
                </COORD>
                <COORD>
                  <C1>10.417000010216775</C1>
                  <C2>46.98300000807598</C2>
                </COORD>
                <COORD>
                  <C1>10.4180000102176</C1>
                  <C2>46.98300000807562</C2>
                </COORD>
                <COORD>
                  <C1>10.419000010218431</C1>
                  <C2>46.98300000807524</C2>
                </COORD>
                <COORD>
                  <C1>10.420000010219258</C1>
                  <C2>46.98300000807493</C2>
                </COORD>
                <COORD>
                  <C1>10.421000010220082</C1>
                  <C2>46.983000008074576</C2>
                </COORD>
                <COORD>
                  <C1>10.421000010220444</C1>
                  <C2>46.9820000080741</C2>
                </COORD>
                <COORD>
                  <C1>10.422000010221272</C1>
                  <C2>46.9820000080738</C2>
                </COORD>
                <COORD>
                  <C1>10.422000010221641</C1>
                  <C2>46.98100000807331</C2>
                </COORD>
                <COORD>
                  <C1>10.423000010222468</C1>
                  <C2>46.98100000807299</C2>
                </COORD>
                <COORD>
                  <C1>10.42400001022329</C1>
                  <C2>46.981000008072655</C2>
                </COORD>
                <COORD>
                  <C1>10.424000010223656</C1>
                  <C2>46.980000008072146</C2>
                </COORD>
                <COORD>
                  <C1>10.425000010224483</C1>
                  <C2>46.980000008071805</C2>
                </COORD>
                <COORD>
                  <C1>10.426000010225309</C1>
                  <C2>46.980000008071464</C2>
                </COORD>
                <COORD>
                  <C1>10.426000010225675</C1>
                  <C2>46.97900000807101</C2>
                </COORD>
                <COORD>
                  <C1>10.427000010226504</C1>
                  <C2>46.97900000807067</C2>
                </COORD>
                <COORD>
                  <C1>10.427000010226868</C1>
                  <C2>46.97800000807018</C2>
                </COORD>
                <COORD>
                  <C1>10.428000010227693</C1>
                  <C2>46.97800000806987</C2>
                </COORD>
                <COORD>
                  <C1>10.428000010228057</C1>
                  <C2>46.97700000806942</C2>
                </COORD>
                <COORD>
                  <C1>10.429000010228883</C1>
                  <C2>46.97700000806901</C2>
                </COORD>
                <COORD>
                  <C1>10.429000010229249</C1>
                  <C2>46.976000008068574</C2>
                </COORD>
                <COORD>
                  <C1>10.42800001022842</C1>
                  <C2>46.97600000806898</C2>
                </COORD>
                <COORD>
                  <C1>10.428000010228788</C1>
                  <C2>46.9750000080685</C2>
                </COORD>
                <COORD>
                  <C1>10.429000010229615</C1>
                  <C2>46.97500000806815</C2>
                </COORD>
                <COORD>
                  <C1>10.429000010229972</C1>
                  <C2>46.97400000806766</C2>
                </COORD>
                <COORD>
                  <C1>10.428000010229512</C1>
                  <C2>46.973000008067565</C2>
                </COORD>
                <COORD>
                  <C1>10.428000010229878</C1>
                  <C2>46.9720000080671</C2>
                </COORD>
                <COORD>
                  <C1>10.428000010230242</C1>
                  <C2>46.97100000806662</C2>
                </COORD>
                <COORD>
                  <C1>10.427000010229413</C1>
                  <C2>46.97100000806698</C2>
                </COORD>
                <COORD>
                  <C1>10.42700001022978</C1>
                  <C2>46.97000000806652</C2>
                </COORD>
                <COORD>
                  <C1>10.426000010228952</C1>
                  <C2>46.97000000806685</C2>
                </COORD>
                <COORD>
                  <C1>10.426000010229314</C1>
                  <C2>46.96900000806642</C2>
                </COORD>
                <COORD>
                  <C1>10.426000010229679</C1>
                  <C2>46.968000008065964</C2>
                </COORD>
                <COORD>
                  <C1>10.425000010228851</C1>
                  <C2>46.968000008066284</C2>
                </COORD>
                <COORD>
                  <C1>10.424000010228022</C1>
                  <C2>46.96800000806663</C2>
                </COORD>
                <COORD>
                  <C1>10.424000010228388</C1>
                  <C2>46.96700000806619</C2>
                </COORD>
                <COORD>
                  <C1>10.42400001022875</C1>
                  <C2>46.96600000806573</C2>
                </COORD>
                <COORD>
                  <C1>10.424000010229115</C1>
                  <C2>46.96500000806528</C2>
                </COORD>
                <COORD>
                  <C1>10.424000010229475</C1>
                  <C2>46.9640000080648</C2>
                </COORD>
                <COORD>
                  <C1>10.424000010229841</C1>
                  <C2>46.96300000806436</C2>
                </COORD>
                <COORD>
                  <C1>10.423000010229018</C1>
                  <C2>46.96300000806474</C2>
                </COORD>
                <COORD>
                  <C1>10.424000010230204</C1>
                  <C2>46.962000008063896</C2>
                </COORD>
                <COORD>
                  <C1>10.425000010231033</C1>
                  <C2>46.962000008063555</C2>
                </COORD>
                <COORD>
                  <C1>10.425000010231397</C1>
                  <C2>46.96100000806311</C2>
                </COORD>
                <COORD>
                  <C1>10.426000010232222</C1>
                  <C2>46.96100000806274</C2>
                </COORD>
                <COORD>
                  <C1>10.426000010232588</C1>
                  <C2>46.96000000806226</C2>
                </COORD>
                <COORD>
                  <C1>10.427000010233415</C1>
                  <C2>46.96000000806191</C2>
                </COORD>
                <COORD>
                  <C1>10.428000010234605</C1>
                  <C2>46.95900000806111</C2>
                </COORD>
                <COORD>
                  <C1>10.429000010235432</C1>
                  <C2>46.95900000806074</C2>
                </COORD>
                <COORD>
                  <C1>10.429000010235796</C1>
                  <C2>46.95800000806031</C2>
                </COORD>
                <COORD>
                  <C1>10.43000001023662</C1>
                  <C2>46.95800000805995</C2>
                </COORD>
                <COORD>
                  <C1>10.431000010237446</C1>
                  <C2>46.95800000805962</C2>
                </COORD>
                <COORD>
                  <C1>10.432000010238278</C1>
                  <C2>46.95800000805929</C2>
                </COORD>
                <COORD>
                  <C1>10.4330000102391</C1>
                  <C2>46.95800000805892</C2>
                </COORD>
                <COORD>
                  <C1>10.43400001023993</C1>
                  <C2>46.95800000805858</C2>
                </COORD>
                <COORD>
                  <C1>10.435000010240756</C1>
                  <C2>46.95800000805821</C2>
                </COORD>
                <COORD>
                  <C1>10.436000010241582</C1>
                  <C2>46.95800000805787</C2>
                </COORD>
                <COORD>
                  <C1>10.437000010242409</C1>
                  <C2>46.958000008057525</C2>
                </COORD>
                <COORD>
                  <C1>10.43800001024324</C1>
                  <C2>46.95800000805718</C2>
                </COORD>
                <COORD>
                  <C1>10.439000010244063</C1>
                  <C2>46.95800000805683</C2>
                </COORD>
                <COORD>
                  <C1>10.440000010245255</C1>
                  <C2>46.95700000805605</C2>
                </COORD>
                <COORD>
                  <C1>10.440000010245614</C1>
                  <C2>46.95600000805555</C2>
                </COORD>
                <COORD>
                  <C1>10.441000010246446</C1>
                  <C2>46.95600000805525</C2>
                </COORD>
                <COORD>
                  <C1>10.442000010247268</C1>
                  <C2>46.956000008054886</C2>
                </COORD>
                <COORD>
                  <C1>10.443000010248095</C1>
                  <C2>46.956000008054495</C2>
                </COORD>
                <COORD>
                  <C1>10.444000010248923</C1>
                  <C2>46.95600000805416</C2>
                </COORD>
                <COORD>
                  <C1>10.445000010249746</C1>
                  <C2>46.95600000805383</C2>
                </COORD>
                <COORD>
                  <C1>10.446000010250573</C1>
                  <C2>46.95600000805347</C2>
                </COORD>
                <COORD>
                  <C1>10.447000010251758</C1>
                  <C2>46.955000008052664</C2>
                </COORD>
                <COORD>
                  <C1>10.448000010252587</C1>
                  <C2>46.955000008052295</C2>
                </COORD>
                <COORD>
                  <C1>10.44900001025341</C1>
                  <C2>46.955000008051975</C2>
                </COORD>
                <COORD>
                  <C1>10.450000010254238</C1>
                  <C2>46.95500000805161</C2>
                </COORD>
                <COORD>
                  <C1>10.4500000102546</C1>
                  <C2>46.95400000805111</C2>
                </COORD>
                <COORD>
                  <C1>10.451000010255427</C1>
                  <C2>46.95400000805078</C2>
                </COORD>
                <COORD>
                  <C1>10.452000010256253</C1>
                  <C2>46.954000008050464</C2>
                </COORD>
                <COORD>
                  <C1>10.453000010257073</C1>
                  <C2>46.954000008050095</C2>
                </COORD>
                <COORD>
                  <C1>10.454000010257905</C1>
                  <C2>46.95400000804974</C2>
                </COORD>
                <COORD>
                  <C1>10.455000010258727</C1>
                  <C2>46.95400000804938</C2>
                </COORD>
                <COORD>
                  <C1>10.455000010258363</C1>
                  <C2>46.95500000804985</C2>
                </COORD>
                <COORD>
                  <C1>10.456000010259189</C1>
                  <C2>46.95500000804953</C2>
                </COORD>
                <COORD>
                  <C1>10.457000010260016</C1>
                  <C2>46.955000008049154</C2>
                </COORD>
                <COORD>
                  <C1>10.457000010260378</C1>
                  <C2>46.9540000080487</C2>
                </COORD>
                <COORD>
                  <C1>10.458000010261204</C1>
                  <C2>46.954000008048354</C2>
                </COORD>
                <COORD>
                  <C1>10.458000010261568</C1>
                  <C2>46.95300000804787</C2>
                </COORD>
                <COORD>
                  <C1>10.459000010262386</C1>
                  <C2>46.953000008047546</C2>
                </COORD>
                <COORD>
                  <C1>10.460000010263212</C1>
                  <C2>46.953000008047184</C2>
                </COORD>
                <COORD>
                  <C1>10.460000010263578</C1>
                  <C2>46.95200000804672</C2>
                </COORD>
                <COORD>
                  <C1>10.461000010264405</C1>
                  <C2>46.95200000804636</C2>
                </COORD>
                <COORD>
                  <C1>10.462000010265223</C1>
                  <C2>46.95200000804599</C2>
                </COORD>
                <COORD>
                  <C1>10.46300001026605</C1>
                  <C2>46.95200000804566</C2>
                </COORD>
                <COORD>
                  <C1>10.463000010266416</C1>
                  <C2>46.951000008045185</C2>
                </COORD>
                <COORD>
                  <C1>10.464000010267242</C1>
                  <C2>46.95100000804483</C2>
                </COORD>
                <COORD>
                  <C1>10.464000010267608</C1>
                  <C2>46.950000008044384</C2>
                </COORD>
                <COORD>
                  <C1>10.465000010268426</C1>
                  <C2>46.95000000804404</C2>
                </COORD>
                <COORD>
                  <C1>10.466000010269253</C1>
                  <C2>46.95000000804369</C2>
                </COORD>
                <COORD>
                  <C1>10.467000010270077</C1>
                  <C2>46.95000000804333</C2>
                </COORD>
                <COORD>
                  <C1>10.4680000102709</C1>
                  <C2>46.95000000804301</C2>
                </COORD>
                <COORD>
                  <C1>10.468000010271265</C1>
                  <C2>46.94900000804252</C2>
                </COORD>
                <COORD>
                  <C1>10.469000010272092</C1>
                  <C2>46.949000008042205</C2>
                </COORD>
                <COORD>
                  <C1>10.470000010272914</C1>
                  <C2>46.94900000804183</C2>
                </COORD>
                <COORD>
                  <C1>10.471000010274102</C1>
                  <C2>46.948000008041014</C2>
                </COORD>
                <COORD>
                  <C1>10.472000010274922</C1>
                  <C2>46.94800000804065</C2>
                </COORD>
                <COORD>
                  <C1>10.47200001027529</C1>
                  <C2>46.94700000804021</C2>
                </COORD>
                <COORD>
                  <C1>10.473000010276111</C1>
                  <C2>46.94700000803986</C2>
                </COORD>
                <COORD>
                  <C1>10.474000010276933</C1>
                  <C2>46.94700000803951</C2>
                </COORD>
                <COORD>
                  <C1>10.474000010277297</C1>
                  <C2>46.94600000803904</C2>
                </COORD>
                <COORD>
                  <C1>10.47400001027766</C1>
                  <C2>46.94500000803856</C2>
                </COORD>
                <COORD>
                  <C1>10.475000010278489</C1>
                  <C2>46.94500000803824</C2>
                </COORD>
                <COORD>
                  <C1>10.476000010279312</C1>
                  <C2>46.94500000803789</C2>
                </COORD>
                <COORD>
                  <C1>10.476000010279677</C1>
                  <C2>46.94400000803743</C2>
                </COORD>
                <COORD>
                  <C1>10.477000010280499</C1>
                  <C2>46.94400000803713</C2>
                </COORD>
                <COORD>
                  <C1>10.477000010280864</C1>
                  <C2>46.94300000803663</C2>
                </COORD>
                <COORD>
                  <C1>10.478000010281688</C1>
                  <C2>46.943000008036265</C2>
                </COORD>
                <COORD>
                  <C1>10.479000010282512</C1>
                  <C2>46.943000008035945</C2>
                </COORD>
                <COORD>
                  <C1>10.479000010282872</C1>
                  <C2>46.94200000803547</C2>
                </COORD>
                <COORD>
                  <C1>10.480000010283694</C1>
                  <C2>46.94200000803508</C2>
                </COORD>
                <COORD>
                  <C1>10.481000010284518</C1>
                  <C2>46.94200000803476</C2>
                </COORD>
                <COORD>
                  <C1>10.482000010285343</C1>
                  <C2>46.94200000803437</C2>
                </COORD>
                <COORD>
                  <C1>10.483000010286167</C1>
                  <C2>46.942000008034015</C2>
                </COORD>
                <COORD>
                  <C1>10.484000010286987</C1>
                  <C2>46.9420000080337</C2>
                </COORD>
                <COORD>
                  <C1>10.484000010287353</C1>
                  <C2>46.941000008033214</C2>
                </COORD>
                <COORD>
                  <C1>10.485000010288177</C1>
                  <C2>46.941000008032894</C2>
                </COORD>
                <COORD>
                  <C1>10.486000010288997</C1>
                  <C2>46.94100000803251</C2>
                </COORD>
                <COORD>
                  <C1>10.487000010289819</C1>
                  <C2>46.941000008032205</C2>
                </COORD>
                <COORD>
                  <C1>10.48800001029064</C1>
                  <C2>46.94100000803183</C2>
                </COORD>
                <COORD>
                  <C1>10.489000010291466</C1>
                  <C2>46.94100000803149</C2>
                </COORD>
                <COORD>
                  <C1>10.490000010292286</C1>
                  <C2>46.94100000803113</C2>
                </COORD>
                <COORD>
                  <C1>10.49000001029265</C1>
                  <C2>46.940000008030694</C2>
                </COORD>
                <COORD>
                  <C1>10.49100001029347</C1>
                  <C2>46.940000008030296</C2>
                </COORD>
                <COORD>
                  <C1>10.490000010293015</C1>
                  <C2>46.93900000803019</C2>
                </COORD>
                <COORD>
                  <C1>10.489000010292553</C1>
                  <C2>46.938000008030095</C2>
                </COORD>
                <COORD>
                  <C1>10.489000010292921</C1>
                  <C2>46.93700000802966</C2>
                </COORD>
                <COORD>
                  <C1>10.488000010292103</C1>
                  <C2>46.93700000802998</C2>
                </COORD>
                <COORD>
                  <C1>10.489000010293287</C1>
                  <C2>46.93600000802916</C2>
                </COORD>
                <COORD>
                  <C1>10.488000010292463</C1>
                  <C2>46.9360000080295</C2>
                </COORD>
                <COORD>
                  <C1>10.487000010292006</C1>
                  <C2>46.93500000802944</C2>
                </COORD>
                <COORD>
                  <C1>10.487000010292366</C1>
                  <C2>46.93400000802891</C2>
                </COORD>
                <COORD>
                  <C1>10.487000010292736</C1>
                  <C2>46.93300000802847</C2>
                </COORD>
                <COORD>
                  <C1>10.4870000102931</C1>
                  <C2>46.93200000802801</C2>
                </COORD>
                <COORD>
                  <C1>10.487000010293462</C1>
                  <C2>46.931000008027574</C2>
                </COORD>
                <COORD>
                  <C1>10.488000010294282</C1>
                  <C2>46.931000008027205</C2>
                </COORD>
                <COORD>
                  <C1>10.489000010295102</C1>
                  <C2>46.93100000802686</C2>
                </COORD>
                <COORD>
                  <C1>10.489000010295468</C1>
                  <C2>46.930000008026376</C2>
                </COORD>
                <COORD>
                  <C1>10.489000010295834</C1>
                  <C2>46.92900000802595</C2>
                </COORD>
                <COORD>
                  <C1>10.49000001029702</C1>
                  <C2>46.92800000802512</C2>
                </COORD>
                <COORD>
                  <C1>10.48900001029656</C1>
                  <C2>46.92700000802499</C2>
                </COORD>
                <COORD>
                  <C1>10.489000010296925</C1>
                  <C2>46.926000008024566</C2>
                </COORD>
                <COORD>
                  <C1>10.488000010296465</C1>
                  <C2>46.92500000802443</C2>
                </COORD>
                <COORD>
                  <C1>10.488000010296828</C1>
                  <C2>46.92400000802397</C2>
                </COORD>
                <COORD>
                  <C1>10.488000010297194</C1>
                  <C2>46.92300000802349</C2>
                </COORD>
                <COORD>
                  <C1>10.48800001029755</C1>
                  <C2>46.92200000802304</C2>
                </COORD>
                <COORD>
                  <C1>10.487000010296734</C1>
                  <C2>46.92200000802338</C2>
                </COORD>
                <COORD>
                  <C1>10.487000010297098</C1>
                  <C2>46.921000008022915</C2>
                </COORD>
                <COORD>
                  <C1>10.487000010297459</C1>
                  <C2>46.920000008022456</C2>
                </COORD>
                <COORD>
                  <C1>10.487000010297823</C1>
                  <C2>46.91900000802198</C2>
                </COORD>
                <COORD>
                  <C1>10.488000010298647</C1>
                  <C2>46.91900000802163</C2>
                </COORD>
                <COORD>
                  <C1>10.488000010299007</C1>
                  <C2>46.91800000802115</C2>
                </COORD>
                <COORD>
                  <C1>10.488000010299373</C1>
                  <C2>46.91700000802072</C2>
                </COORD>
                <COORD>
                  <C1>10.48700001029855</C1>
                  <C2>46.917000008021034</C2>
                </COORD>
                <COORD>
                  <C1>10.487000010298917</C1>
                  <C2>46.91600000802061</C2>
                </COORD>
                <COORD>
                  <C1>10.485000010297629</C1>
                  <C2>46.91500000802085</C2>
                </COORD>
                <COORD>
                  <C1>10.48500001029799</C1>
                  <C2>46.91400000802035</C2>
                </COORD>
                <COORD>
                  <C1>10.484000010297162</C1>
                  <C2>46.91400000802068</C2>
                </COORD>
                <COORD>
                  <C1>10.48300001029634</C1>
                  <C2>46.91400000802106</C2>
                </COORD>
                <COORD>
                  <C1>10.482000010295879</C1>
                  <C2>46.91300000802096</C2>
                </COORD>
                <COORD>
                  <C1>10.481000010295059</C1>
                  <C2>46.913000008021335</C2>
                </COORD>
                <COORD>
                  <C1>10.480000010294232</C1>
                  <C2>46.91300000802163</C2>
                </COORD>
                <COORD>
                  <C1>10.480000010294598</C1>
                  <C2>46.912000008021145</C2>
                </COORD>
                <COORD>
                  <C1>10.480000010294958</C1>
                  <C2>46.91100000802074</C2>
                </COORD>
                <COORD>
                  <C1>10.48000001029532</C1>
                  <C2>46.91000000802023</C2>
                </COORD>
                <COORD>
                  <C1>10.48000001029568</C1>
                  <C2>46.90900000801977</C2>
                </COORD>
                <COORD>
                  <C1>10.480000010296045</C1>
                  <C2>46.90800000801932</C2>
                </COORD>
                <COORD>
                  <C1>10.479000010295215</C1>
                  <C2>46.90800000801968</C2>
                </COORD>
                <COORD>
                  <C1>10.47900001029558</C1>
                  <C2>46.90700000801919</C2>
                </COORD>
                <COORD>
                  <C1>10.479000010295943</C1>
                  <C2>46.906000008018765</C2>
                </COORD>
                <COORD>
                  <C1>10.479000010296309</C1>
                  <C2>46.905000008018256</C2>
                </COORD>
                <COORD>
                  <C1>10.478000010295842</C1>
                  <C2>46.904000008018144</C2>
                </COORD>
                <COORD>
                  <C1>10.47700001029502</C1>
                  <C2>46.90400000801854</C2>
                </COORD>
                <COORD>
                  <C1>10.477000010295379</C1>
                  <C2>46.90300000801803</C2>
                </COORD>
                <COORD>
                  <C1>10.477000010295741</C1>
                  <C2>46.90200000801756</C2>
                </COORD>
                <COORD>
                  <C1>10.477000010296104</C1>
                  <C2>46.901000008017114</C2>
                </COORD>
                <COORD>
                  <C1>10.47600001029528</C1>
                  <C2>46.90100000801749</C2>
                </COORD>
                <COORD>
                  <C1>10.476000010295643</C1>
                  <C2>46.900000008016995</C2>
                </COORD>
                <COORD>
                  <C1>10.47700001029647</C1>
                  <C2>46.90000000801665</C2>
                </COORD>
                <COORD>
                  <C1>10.477000010296823</C1>
                  <C2>46.899000008016166</C2>
                </COORD>
                <COORD>
                  <C1>10.47700001029719</C1>
                  <C2>46.89800000801568</C2>
                </COORD>
                <COORD>
                  <C1>10.477000010297552</C1>
                  <C2>46.89700000801518</C2>
                </COORD>
                <COORD>
                  <C1>10.476000010297085</C1>
                  <C2>46.89600000801509</C2>
                </COORD>
                <COORD>
                  <C1>10.475000010296624</C1>
                  <C2>46.89500000801499</C2>
                </COORD>
                <COORD>
                  <C1>10.474000010295795</C1>
                  <C2>46.895000008015316</C2>
                </COORD>
                <COORD>
                  <C1>10.474000010296157</C1>
                  <C2>46.894000008014885</C2>
                </COORD>
                <COORD>
                  <C1>10.474000010296518</C1>
                  <C2>46.893000008014425</C2>
                </COORD>
                <COORD>
                  <C1>10.473000010295692</C1>
                  <C2>46.89300000801474</C2>
                </COORD>
                <COORD>
                  <C1>10.472000010295229</C1>
                  <C2>46.89200000801463</C2>
                </COORD>
                <COORD>
                  <C1>10.47100001029476</C1>
                  <C2>46.891000008014494</C2>
                </COORD>
                <COORD>
                  <C1>10.47000001029394</C1>
                  <C2>46.89100000801485</C2>
                </COORD>
                <COORD>
                  <C1>10.4700000102943</C1>
                  <C2>46.8900000080144</C2>
                </COORD>
                <COORD>
                  <C1>10.468000010293006</C1>
                  <C2>46.8890000080146</C2>
                </COORD>
                <COORD>
                  <C1>10.466000010292072</C1>
                  <C2>46.88700000801437</C2>
                </COORD>
                <COORD>
                  <C1>10.466000010292436</C1>
                  <C2>46.88600000801391</C2>
                </COORD>
                <COORD>
                  <C1>10.467000010293262</C1>
                  <C2>46.88600000801354</C2>
                </COORD>
                <COORD>
                  <C1>10.468000010294446</C1>
                  <C2>46.885000008012724</C2>
                </COORD>
                <COORD>
                  <C1>10.469000010295272</C1>
                  <C2>46.885000008012355</C2>
                </COORD>
                <COORD>
                  <C1>10.470000010296461</C1>
                  <C2>46.88400000801157</C2>
                </COORD>
                <COORD>
                  <C1>10.471000010297649</C1>
                  <C2>46.883000008010754</C2>
                </COORD>
                <COORD>
                  <C1>10.471000010298006</C1>
                  <C2>46.88200000801026</C2>
                </COORD>
                <COORD>
                  <C1>10.471000010299086</C1>
                  <C2>46.87900000800884</C2>
                </COORD>
                <COORD>
                  <C1>10.473000010302178</C1>
                  <C2>46.87500000800626</C2>
                </COORD>
                <COORD>
                  <C1>10.472000010302072</C1>
                  <C2>46.873000008005675</C2>
                </COORD>
                <COORD>
                  <C1>10.472000010302429</C1>
                  <C2>46.87200000800523</C2>
                </COORD>
                <COORD>
                  <C1>10.472000010303509</C1>
                  <C2>46.869000008003816</C2>
                </COORD>
                <COORD>
                  <C1>10.469000010302828</C1>
                  <C2>46.86400000800248</C2>
                </COORD>
                <COORD>
                  <C1>10.47000001030437</C1>
                  <C2>46.86200000800122</C2>
                </COORD>
                <COORD>
                  <C1>10.471000010306991</C1>
                  <C2>46.857000007998494</C2>
                </COORD>
                <COORD>
                  <C1>10.473000010310798</C1>
                  <C2>46.85100000799493</C2>
                </COORD>
                <COORD>
                  <C1>10.47200001031033</C1>
                  <C2>46.85000000799481</C2>
                </COORD>
                <COORD>
                  <C1>10.4710000103095</C1>
                  <C2>46.850000007995135</C2>
                </COORD>
                <COORD>
                  <C1>10.470000010308675</C1>
                  <C2>46.85000000799551</C2>
                </COORD>
                <COORD>
                  <C1>10.470000010309036</C1>
                  <C2>46.849000007995016</C2>
                </COORD>
                <COORD>
                  <C1>10.47000001030939</C1>
                  <C2>46.848000007994564</C2>
                </COORD>
                <COORD>
                  <C1>10.469000010308564</C1>
                  <C2>46.8480000079949</C2>
                </COORD>
                <COORD>
                  <C1>10.469000010308923</C1>
                  <C2>46.84700000799444</C2>
                </COORD>
                <COORD>
                  <C1>10.468000010308094</C1>
                  <C2>46.84700000799481</C2>
                </COORD>
                <COORD>
                  <C1>10.46800001030845</C1>
                  <C2>46.84600000799429</C2>
                </COORD>
                <COORD>
                  <C1>10.468000010308803</C1>
                  <C2>46.84500000799379</C2>
                </COORD>
                <COORD>
                  <C1>10.46700001030798</C1>
                  <C2>46.84500000799419</C2>
                </COORD>
                <COORD>
                  <C1>10.46600001030751</C1>
                  <C2>46.84400000799405</C2>
                </COORD>
                <COORD>
                  <C1>10.465000010307039</C1>
                  <C2>46.84300000799394</C2>
                </COORD>
                <COORD>
                  <C1>10.466000010308225</C1>
                  <C2>46.842000007993114</C2>
                </COORD>
                <COORD>
                  <C1>10.467000010309052</C1>
                  <C2>46.84200000799274</C2>
                </COORD>
                <COORD>
                  <C1>10.467000010309414</C1>
                  <C2>46.841000007992285</C2>
                </COORD>
                <COORD>
                  <C1>10.468000010310238</C1>
                  <C2>46.841000007991944</C2>
                </COORD>
                <COORD>
                  <C1>10.468000010310593</C1>
                  <C2>46.84000000799146</C2>
                </COORD>
                <COORD>
                  <C1>10.46800001031096</C1>
                  <C2>46.839000007991</C2>
                </COORD>
                <COORD>
                  <C1>10.468000010311309</C1>
                  <C2>46.83800000799052</C2>
                </COORD>
                <COORD>
                  <C1>10.46700001031084</C1>
                  <C2>46.83700000799039</C2>
                </COORD>
                <COORD>
                  <C1>10.466000010310013</C1>
                  <C2>46.83700000799073</C2>
                </COORD>
                <COORD>
                  <C1>10.46500001030954</C1>
                  <C2>46.83600000799059</C2>
                </COORD>
                <COORD>
                  <C1>10.464000010308714</C1>
                  <C2>46.83600000799095</C2>
                </COORD>
                <COORD>
                  <C1>10.463000010307525</C1>
                  <C2>46.837000007991776</C2>
                </COORD>
                <COORD>
                  <C1>10.462000010307055</C1>
                  <C2>46.83600000799167</C2>
                </COORD>
                <COORD>
                  <C1>10.461000010306579</C1>
                  <C2>46.8350000079915</C2>
                </COORD>
                <COORD>
                  <C1>10.461000010306941</C1>
                  <C2>46.834000007991065</C2>
                </COORD>
                <COORD>
                  <C1>10.46000001030647</C1>
                  <C2>46.833000007990904</C2>
                </COORD>
                <COORD>
                  <C1>10.459000010305635</C1>
                  <C2>46.83300000799123</C2>
                </COORD>
                <COORD>
                  <C1>10.459000010305994</C1>
                  <C2>46.832000007990786</C2>
                </COORD>
                <COORD>
                  <C1>10.458000010305167</C1>
                  <C2>46.832000007991134</C2>
                </COORD>
                <COORD>
                  <C1>10.45800001030552</C1>
                  <C2>46.83100000799064</C2>
                </COORD>
                <COORD>
                  <C1>10.459000010306353</C1>
                  <C2>46.83100000799034</C2>
                </COORD>
                <COORD>
                  <C1>10.459000010306708</C1>
                  <C2>46.83000000798979</C2>
                </COORD>
                <COORD>
                  <C1>10.460000010307539</C1>
                  <C2>46.830000007989476</C2>
                </COORD>
                <COORD>
                  <C1>10.460000010307892</C1>
                  <C2>46.82900000798904</C2>
                </COORD>
                <COORD>
                  <C1>10.461000010309082</C1>
                  <C2>46.82800000798817</C2>
                </COORD>
                <COORD>
                  <C1>10.461000010309439</C1>
                  <C2>46.827000007987685</C2>
                </COORD>
                <COORD>
                  <C1>10.462000010310264</C1>
                  <C2>46.827000007987344</C2>
                </COORD>
                <COORD>
                  <C1>10.46200001031062</C1>
                  <C2>46.82600000798685</C2>
                </COORD>
                <COORD>
                  <C1>10.461000010309792</C1>
                  <C2>46.826000007987226</C2>
                </COORD>
                <COORD>
                  <C1>10.46000001030932</C1>
                  <C2>46.82500000798708</C2>
                </COORD>
                <COORD>
                  <C1>10.459000010308488</C1>
                  <C2>46.82500000798742</C2>
                </COORD>
                <COORD>
                  <C1>10.458000010307659</C1>
                  <C2>46.82500000798778</C2>
                </COORD>
                <COORD>
                  <C1>10.458000010308016</C1>
                  <C2>46.824000007987294</C2>
                </COORD>
                <COORD>
                  <C1>10.45700001030719</C1>
                  <C2>46.82400000798765</C2>
                </COORD>
                <COORD>
                  <C1>10.457000010307542</C1>
                  <C2>46.823000007987176</C2>
                </COORD>
                <COORD>
                  <C1>10.45800001030873</C1>
                  <C2>46.82200000798635</C2>
                </COORD>
                <COORD>
                  <C1>10.458000010309084</C1>
                  <C2>46.82100000798586</C2>
                </COORD>
                <COORD>
                  <C1>10.457000010308256</C1>
                  <C2>46.82100000798621</C2>
                </COORD>
                <COORD>
                  <C1>10.457000010308615</C1>
                  <C2>46.82000000798574</C2>
                </COORD>
                <COORD>
                  <C1>10.458000010309446</C1>
                  <C2>46.82000000798538</C2>
                </COORD>
                <COORD>
                  <C1>10.458000010309798</C1>
                  <C2>46.81900000798494</C2>
                </COORD>
                <COORD>
                  <C1>10.459000010310627</C1>
                  <C2>46.81900000798455</C2>
                </COORD>
                <COORD>
                  <C1>10.459000010310982</C1>
                  <C2>46.81800000798408</C2>
                </COORD>
                <COORD>
                  <C1>10.458000010310506</C1>
                  <C2>46.81700000798398</C2>
                </COORD>
                <COORD>
                  <C1>10.459000010311339</C1>
                  <C2>46.8170000079836</C2>
                </COORD>
                <COORD>
                  <C1>10.458000010310865</C1>
                  <C2>46.8160000079835</C2>
                </COORD>
                <COORD>
                  <C1>10.457000010310386</C1>
                  <C2>46.81500000798334</C2>
                </COORD>
                <COORD>
                  <C1>10.45600001030956</C1>
                  <C2>46.8150000079837</C2>
                </COORD>
                <COORD>
                  <C1>10.456000010309912</C1>
                  <C2>46.814000007983246</C2>
                </COORD>
                <COORD>
                  <C1>10.45600001031027</C1>
                  <C2>46.813000007982765</C2>
                </COORD>
                <COORD>
                  <C1>10.456000010310627</C1>
                  <C2>46.81200000798225</C2>
                </COORD>
                <COORD>
                  <C1>10.455000010309792</C1>
                  <C2>46.81200000798258</C2>
                </COORD>
                <COORD>
                  <C1>10.45500001031015</C1>
                  <C2>46.81100000798212</C2>
                </COORD>
                <COORD>
                  <C1>10.455000010310505</C1>
                  <C2>46.81000000798163</C2>
                </COORD>
                <COORD>
                  <C1>10.454000010309677</C1>
                  <C2>46.810000007981984</C2>
                </COORD>
                <COORD>
                  <C1>10.45400001031003</C1>
                  <C2>46.80900000798148</C2>
                </COORD>
                <COORD>
                  <C1>10.454000010310386</C1>
                  <C2>46.80800000798103</C2>
                </COORD>
                <COORD>
                  <C1>10.453000010309552</C1>
                  <C2>46.80800000798137</C2>
                </COORD>
                <COORD>
                  <C1>10.452000010308724</C1>
                  <C2>46.8080000079817</C2>
                </COORD>
                <COORD>
                  <C1>10.452000010309076</C1>
                  <C2>46.80700000798124</C2>
                </COORD>
                <COORD>
                  <C1>10.45200001030943</C1>
                  <C2>46.806000007980764</C2>
                </COORD>
                <COORD>
                  <C1>10.45100001030896</C1>
                  <C2>46.80500000798066</C2>
                </COORD>
                <COORD>
                  <C1>10.450000010308123</C1>
                  <C2>46.80500000798096</C2>
                </COORD>
                <COORD>
                  <C1>10.450000010308477</C1>
                  <C2>46.8040000079805</C2>
                </COORD>
                <COORD>
                  <C1>10.449000010307644</C1>
                  <C2>46.804000007980825</C2>
                </COORD>
                <COORD>
                  <C1>10.449000010308007</C1>
                  <C2>46.80300000798036</C2>
                </COORD>
                <COORD>
                  <C1>10.447000010306693</C1>
                  <C2>46.8020000079806</C2>
                </COORD>
                <COORD>
                  <C1>10.445000010305034</C1>
                  <C2>46.80200000798124</C2>
                </COORD>
                <COORD>
                  <C1>10.444000010304556</C1>
                  <C2>46.801000007981145</C2>
                </COORD>
                <COORD>
                  <C1>10.440000010301578</C1>
                  <C2>46.800000007982014</C2>
                </COORD>
                <COORD>
                  <C1>10.437000010299434</C1>
                  <C2>46.79900000798259</C2>
                </COORD>
                <COORD>
                  <C1>10.43400001029694</C1>
                  <C2>46.79900000798363</C2>
                </COORD>
                <COORD>
                  <C1>10.43200001029527</C1>
                  <C2>46.799000007984304</C2>
                </COORD>
                <COORD>
                  <C1>10.431000010294438</C1>
                  <C2>46.799000007984695</C2>
                </COORD>
                <COORD>
                  <C1>10.431000010294792</C1>
                  <C2>46.798000007984214</C2>
                </COORD>
                <COORD>
                  <C1>10.431000010295145</C1>
                  <C2>46.797000007983726</C2>
                </COORD>
                <COORD>
                  <C1>10.429000010293834</C1>
                  <C2>46.79600000798392</C2>
                </COORD>
                <COORD>
                  <C1>10.428000010292998</C1>
                  <C2>46.79600000798425</C2>
                </COORD>
                <COORD>
                  <C1>10.429000010294537</C1>
                  <C2>46.79400000798295</C2>
                </COORD>
                <COORD>
                  <C1>10.42900001029489</C1>
                  <C2>46.793000007982464</C2>
                </COORD>
                <COORD>
                  <C1>10.428000010294765</C1>
                  <C2>46.79100000798188</C2>
                </COORD>
                <COORD>
                  <C1>10.427000010293932</C1>
                  <C2>46.791000007982205</C2>
                </COORD>
                <COORD>
                  <C1>10.425000010292614</C1>
                  <C2>46.790000007982435</C2>
                </COORD>
                <COORD>
                  <C1>10.425000010292965</C1>
                  <C2>46.789000007981905</C2>
                </COORD>
                <COORD>
                  <C1>10.4260000102938</C1>
                  <C2>46.78900000798156</C2>
                </COORD>
                <COORD>
                  <C1>10.426000010294153</C1>
                  <C2>46.78800000798111</C2>
                </COORD>
                <COORD>
                  <C1>10.42700001029499</C1>
                  <C2>46.78800000798074</C2>
                </COORD>
                <COORD>
                  <C1>10.428000010295822</C1>
                  <C2>46.788000007980386</C2>
                </COORD>
                <COORD>
                  <C1>10.430000010297844</C1>
                  <C2>46.78700000797923</C2>
                </COORD>
                <COORD>
                  <C1>10.431000010298675</C1>
                  <C2>46.78700000797887</C2>
                </COORD>
                <COORD>
                  <C1>10.431000010299027</C1>
                  <C2>46.78600000797839</C2>
                </COORD>
                <COORD>
                  <C1>10.43100001029938</C1>
                  <C2>46.785000007977914</C2>
                </COORD>
                <COORD>
                  <C1>10.432000010300214</C1>
                  <C2>46.78500000797759</C2>
                </COORD>
                <COORD>
                  <C1>10.433000010301049</C1>
                  <C2>46.785000007977246</C2>
                </COORD>
                <COORD>
                  <C1>10.434000010302235</C1>
                  <C2>46.784000007976424</C2>
                </COORD>
                <COORD>
                  <C1>10.435000010303071</C1>
                  <C2>46.78400000797602</C2>
                </COORD>
                <COORD>
                  <C1>10.435000010303424</C1>
                  <C2>46.78300000797558</C2>
                </COORD>
                <COORD>
                  <C1>10.435000010303778</C1>
                  <C2>46.78200000797511</C2>
                </COORD>
                <COORD>
                  <C1>10.436000010304962</C1>
                  <C2>46.78100000797427</C2>
                </COORD>
                <COORD>
                  <C1>10.437000010306502</C1>
                  <C2>46.77900000797292</C2>
                </COORD>
                <COORD>
                  <C1>10.439000010308517</C1>
                  <C2>46.77800000797173</C2>
                </COORD>
                <COORD>
                  <C1>10.44000001030935</C1>
                  <C2>46.778000007971414</C2>
                </COORD>
                <COORD>
                  <C1>10.441000010310535</C1>
                  <C2>46.77700000797054</C2>
                </COORD>
                <COORD>
                  <C1>10.442000010312077</C1>
                  <C2>46.775000007969254</C2>
                </COORD>
                <COORD>
                  <C1>10.442000010312428</C1>
                  <C2>46.774000007968745</C2>
                </COORD>
                <COORD>
                  <C1>10.443000010313257</C1>
                  <C2>46.774000007968425</C2>
                </COORD>
                <COORD>
                  <C1>10.443000010313613</C1>
                  <C2>46.77300000796796</C2>
                </COORD>
                <COORD>
                  <C1>10.443000010313972</C1>
                  <C2>46.77200000796747</C2>
                </COORD>
                <COORD>
                  <C1>10.44300001031432</C1>
                  <C2>46.771000007966975</C2>
                </COORD>
                <COORD>
                  <C1>10.44300001031467</C1>
                  <C2>46.77000000796649</C2>
                </COORD>
                <COORD>
                  <C1>10.443000010315021</C1>
                  <C2>46.76900000796601</C2>
                </COORD>
                <COORD>
                  <C1>10.444000010316211</C1>
                  <C2>46.76800000796514</C2>
                </COORD>
                <COORD>
                  <C1>10.444000010316563</C1>
                  <C2>46.76700000796468</C2>
                </COORD>
                <COORD>
                  <C1>10.44400001031691</C1>
                  <C2>46.7660000079642</C2>
                </COORD>
                <COORD>
                  <C1>10.445000010317747</C1>
                  <C2>46.76600000796384</C2>
                </COORD>
                <COORD>
                  <C1>10.445000010318099</C1>
                  <C2>46.76500000796334</C2>
                </COORD>
                <COORD>
                  <C1>10.445000010318454</C1>
                  <C2>46.7640000079629</C2>
                </COORD>
                <COORD>
                  <C1>10.445000010318802</C1>
                  <C2>46.763000007962376</C2>
                </COORD>
                <COORD>
                  <C1>10.446000010319988</C1>
                  <C2>46.76200000796156</C2>
                </COORD>
                <COORD>
                  <C1>10.445000010319507</C1>
                  <C2>46.761000007961385</C2>
                </COORD>
                <COORD>
                  <C1>10.445000010319857</C1>
                  <C2>46.76000000796093</C2>
                </COORD>
                <COORD>
                  <C1>10.44500001032021</C1>
                  <C2>46.75900000796044</C2>
                </COORD>
                <COORD>
                  <C1>10.444000010320083</C1>
                  <C2>46.757000007959824</C2>
                </COORD>
                <COORD>
                  <C1>10.444000010320433</C1>
                  <C2>46.75600000795931</C2>
                </COORD>
                <COORD>
                  <C1>10.443000010320302</C1>
                  <C2>46.7540000079587</C2>
                </COORD>
                <COORD>
                  <C1>10.442000010319468</C1>
                  <C2>46.75400000795904</C2>
                </COORD>
                <COORD>
                  <C1>10.441000010318632</C1>
                  <C2>46.754000007959405</C2>
                </COORD>
                <COORD>
                  <C1>10.441000010318282</C1>
                  <C2>46.75500000795988</C2>
                </COORD>
                <COORD>
                  <C1>10.437000010314943</C1>
                  <C2>46.755000007961264</C2>
                </COORD>
                <COORD>
                  <C1>10.43500001031398</C1>
                  <C2>46.75300000796099</C2>
                </COORD>
                <COORD>
                  <C1>10.433000010312655</C1>
                  <C2>46.75200000796118</C2>
                </COORD>
                <COORD>
                  <C1>10.430000010310856</C1>
                  <C2>46.75000000796124</C2>
                </COORD>
                <COORD>
                  <C1>10.424000010306889</C1>
                  <C2>46.74700000796188</C2>
                </COORD>
                <COORD>
                  <C1>10.41400001029993</C1>
                  <C2>46.74300000796336</C2>
                </COORD>
                <COORD>
                  <C1>10.414000010300276</C1>
                  <C2>46.742000007962844</C2>
                </COORD>
                <COORD>
                  <C1>10.413000010299786</C1>
                  <C2>46.741000007962725</C2>
                </COORD>
                <COORD>
                  <C1>10.413000010300138</C1>
                  <C2>46.740000007962216</C2>
                </COORD>
                <COORD>
                  <C1>10.411000010298466</C1>
                  <C2>46.74000000796292</C2>
                </COORD>
                <COORD>
                  <C1>10.411000010298814</C1>
                  <C2>46.73900000796242</C2>
                </COORD>
                <COORD>
                  <C1>10.410000010297974</C1>
                  <C2>46.73900000796277</C2>
                </COORD>
                <COORD>
                  <C1>10.40900001029714</C1>
                  <C2>46.739000007963135</C2>
                </COORD>
                <COORD>
                  <C1>10.408000010296648</C1>
                  <C2>46.73800000796297</C2>
                </COORD>
                <COORD>
                  <C1>10.40700001029616</C1>
                  <C2>46.73700000796285</C2>
                </COORD>
                <COORD>
                  <C1>10.40600001029532</C1>
                  <C2>46.73700000796315</C2>
                </COORD>
                <COORD>
                  <C1>10.405000010294485</C1>
                  <C2>46.737000007963495</C2>
                </COORD>
                <COORD>
                  <C1>10.403000010293155</C1>
                  <C2>46.73600000796372</C2>
                </COORD>
                <COORD>
                  <C1>10.40200001029232</C1>
                  <C2>46.73600000796405</C2>
                </COORD>
                <COORD>
                  <C1>10.402000010292669</C1>
                  <C2>46.73500000796358</C2>
                </COORD>
                <COORD>
                  <C1>10.402000010293015</C1>
                  <C2>46.7340000079631</C2>
                </COORD>
                <COORD>
                  <C1>10.403000010293857</C1>
                  <C2>46.734000007962734</C2>
                </COORD>
                <COORD>
                  <C1>10.40400001029504</C1>
                  <C2>46.73300000796193</C2>
                </COORD>
                <COORD>
                  <C1>10.406000010297072</C1>
                  <C2>46.732000007960735</C2>
                </COORD>
                <COORD>
                  <C1>10.40900001029993</C1>
                  <C2>46.73100000795919</C2>
                </COORD>
                <COORD>
                  <C1>10.410000010301117</C1>
                  <C2>46.73000000795836</C2>
                </COORD>
                <COORD>
                  <C1>10.411000010302304</C1>
                  <C2>46.72900000795754</C2>
                </COORD>
                <COORD>
                  <C1>10.411000010302653</C1>
                  <C2>46.72800000795705</C2>
                </COORD>
                <COORD>
                  <C1>10.411000010303002</C1>
                  <C2>46.72700000795654</C2>
                </COORD>
                <COORD>
                  <C1>10.412000010304185</C1>
                  <C2>46.726000007955726</C2>
                </COORD>
                <COORD>
                  <C1>10.413000010305375</C1>
                  <C2>46.72500000795488</C2>
                </COORD>
                <COORD>
                  <C1>10.414000010306209</C1>
                  <C2>46.7250000079545</C2>
                </COORD>
                <COORD>
                  <C1>10.414000010306559</C1>
                  <C2>46.72400000795399</C2>
                </COORD>
                <COORD>
                  <C1>10.415000010307399</C1>
                  <C2>46.724000007953656</C2>
                </COORD>
                <COORD>
                  <C1>10.41600001030858</C1>
                  <C2>46.723000007952855</C2>
                </COORD>
                <COORD>
                  <C1>10.417000010309765</C1>
                  <C2>46.72200000795199</C2>
                </COORD>
                <COORD>
                  <C1>10.418000010310605</C1>
                  <C2>46.72200000795167</C2>
                </COORD>
                <COORD>
                  <C1>10.418000010310957</C1>
                  <C2>46.721000007951154</C2>
                </COORD>
                <COORD>
                  <C1>10.420000010312629</C1>
                  <C2>46.72100000795047</C2>
                </COORD>
                <COORD>
                  <C1>10.420000010312977</C1>
                  <C2>46.72000000794999</C2>
                </COORD>
                <COORD>
                  <C1>10.419000010312137</C1>
                  <C2>46.720000007950304</C2>
                </COORD>
                <COORD>
                  <C1>10.41900001031249</C1>
                  <C2>46.719000007949816</C2>
                </COORD>
                <COORD>
                  <C1>10.419000010312834</C1>
                  <C2>46.71800000794935</C2>
                </COORD>
                <COORD>
                  <C1>10.419000010313185</C1>
                  <C2>46.717000007948855</C2>
                </COORD>
                <COORD>
                  <C1>10.419000010313534</C1>
                  <C2>46.71600000794836</C2>
                </COORD>
                <COORD>
                  <C1>10.418000010312694</C1>
                  <C2>46.716000007948736</C2>
                </COORD>
                <COORD>
                  <C1>10.418000010313044</C1>
                  <C2>46.7150000079482</C2>
                </COORD>
                <COORD>
                  <C1>10.417000010312204</C1>
                  <C2>46.715000007948525</C2>
                </COORD>
                <COORD>
                  <C1>10.417000010312554</C1>
                  <C2>46.71400000794807</C2>
                </COORD>
                <COORD>
                  <C1>10.417000010312902</C1>
                  <C2>46.713000007947585</C2>
                </COORD>
                <COORD>
                  <C1>10.417000010313247</C1>
                  <C2>46.712000007947076</C2>
                </COORD>
                <COORD>
                  <C1>10.417000010313599</C1>
                  <C2>46.71100000794661</C2>
                </COORD>
                <COORD>
                  <C1>10.417000010313947</C1>
                  <C2>46.7100000079461</C2>
                </COORD>
                <COORD>
                  <C1>10.416000010313105</C1>
                  <C2>46.710000007946455</C2>
                </COORD>
                <COORD>
                  <C1>10.416000010313452</C1>
                  <C2>46.70900000794593</C2>
                </COORD>
                <COORD>
                  <C1>10.413000010311286</C1>
                  <C2>46.7080000079465</C2>
                </COORD>
                <COORD>
                  <C1>10.412000010310452</C1>
                  <C2>46.708000007946815</C2>
                </COORD>
                <COORD>
                  <C1>10.412000010310797</C1>
                  <C2>46.70700000794631</C2>
                </COORD>
                <COORD>
                  <C1>10.411000010309959</C1>
                  <C2>46.70700000794668</C2>
                </COORD>
                <COORD>
                  <C1>10.410000010309119</C1>
                  <C2>46.707000007947016</C2>
                </COORD>
                <COORD>
                  <C1>10.40900001030828</C1>
                  <C2>46.70700000794734</C2>
                </COORD>
                <COORD>
                  <C1>10.406000010305762</C1>
                  <C2>46.70700000794841</C2>
                </COORD>
                <COORD>
                  <C1>10.405000010304922</C1>
                  <C2>46.70700000794875</C2>
                </COORD>
                <COORD>
                  <C1>10.40000001030315</C1>
                  <C2>46.70000000794703</C2>
                </COORD>
                <COORD>
                  <C1>10.399000010303006</C1>
                  <C2>46.698000007946355</C2>
                </COORD>
                <COORD>
                  <C1>10.398000010302162</C1>
                  <C2>46.69800000794669</C2>
                </COORD>
                <COORD>
                  <C1>10.39800001030251</C1>
                  <C2>46.697000007946215</C2>
                </COORD>
                <COORD>
                  <C1>10.39800001030286</C1>
                  <C2>46.69600000794571</C2>
                </COORD>
                <COORD>
                  <C1>10.397000010302364</C1>
                  <C2>46.69500000794557</C2>
                </COORD>
                <COORD>
                  <C1>10.396000010302215</C1>
                  <C2>46.69300000794489</C2>
                </COORD>
                <COORD>
                  <C1>10.395000010301718</C1>
                  <C2>46.692000007944735</C2>
                </COORD>
                <COORD>
                  <C1>10.395000010302065</C1>
                  <C2>46.69100000794423</C2>
                </COORD>
                <COORD>
                  <C1>10.394000010301225</C1>
                  <C2>46.69100000794456</C2>
                </COORD>
                <COORD>
                  <C1>10.393000010300726</C1>
                  <C2>46.690000007944406</C2>
                </COORD>
                <COORD>
                  <C1>10.392000010299885</C1>
                  <C2>46.690000007944754</C2>
                </COORD>
                <COORD>
                  <C1>10.391000010299049</C1>
                  <C2>46.69000000794511</C2>
                </COORD>
                <COORD>
                  <C1>10.390000010298207</C1>
                  <C2>46.69000000794544</C2>
                </COORD>
                <COORD>
                  <C1>10.389000010297364</C1>
                  <C2>46.69000000794583</C2>
                </COORD>
                <COORD>
                  <C1>10.389000010297707</C1>
                  <C2>46.689000007945324</C2>
                </COORD>
                <COORD>
                  <C1>10.38800001029687</C1>
                  <C2>46.689000007945644</C2>
                </COORD>
                <COORD>
                  <C1>10.386000010295186</C1>
                  <C2>46.68900000794638</C2>
                </COORD>
                <COORD>
                  <C1>10.385000010294341</C1>
                  <C2>46.6890000079467</C2>
                </COORD>
                <COORD>
                  <C1>10.384000010293503</C1>
                  <C2>46.689000007947044</C2>
                </COORD>
                <COORD>
                  <C1>10.38300001029335</C1>
                  <C2>46.687000007946374</C2>
                </COORD>
                <COORD>
                  <C1>10.383000010293697</C1>
                  <C2>46.68600000794591</C2>
                </COORD>
                <COORD>
                  <C1>10.385000010295723</C1>
                  <C2>46.685000007944694</C2>
                </COORD>
                <COORD>
                  <C1>10.386000010296565</C1>
                  <C2>46.68500000794438</C2>
                </COORD>
                <COORD>
                  <C1>10.387000010297754</C1>
                  <C2>46.68400000794351</C2>
                </COORD>
                <COORD>
                  <C1>10.387000010298099</C1>
                  <C2>46.68300000794301</C2>
                </COORD>
                <COORD>
                  <C1>10.388000010299287</C1>
                  <C2>46.68200000794217</C2>
                </COORD>
                <COORD>
                  <C1>10.388000010299633</C1>
                  <C2>46.681000007941684</C2>
                </COORD>
                <COORD>
                  <C1>10.389000010300466</C1>
                  <C2>46.68100000794134</C2>
                </COORD>
                <COORD>
                  <C1>10.389000010300817</C1>
                  <C2>46.68000000794082</C2>
                </COORD>
                <COORD>
                  <C1>10.38900001030116</C1>
                  <C2>46.67900000794034</C2>
                </COORD>
                <COORD>
                  <C1>10.390000010302005</C1>
                  <C2>46.67900000794002</C2>
                </COORD>
                <COORD>
                  <C1>10.391000010303188</C1>
                  <C2>46.67800000793918</C2>
                </COORD>
                <COORD>
                  <C1>10.391000010303532</C1>
                  <C2>46.677000007938645</C2>
                </COORD>
                <COORD>
                  <C1>10.392000010304722</C1>
                  <C2>46.67600000793777</C2>
                </COORD>
                <COORD>
                  <C1>10.392000010305068</C1>
                  <C2>46.67500000793732</C2>
                </COORD>
                <COORD>
                  <C1>10.39300001030625</C1>
                  <C2>46.67400000793646</C2>
                </COORD>
                <COORD>
                  <C1>10.394000010307439</C1>
                  <C2>46.67300000793563</C2>
                </COORD>
                <COORD>
                  <C1>10.393000010307281</C1>
                  <C2>46.67100000793493</C2>
                </COORD>
                <COORD>
                  <C1>10.393000010307631</C1>
                  <C2>46.67000000793447</C2>
                </COORD>
                <COORD>
                  <C1>10.392000010306784</C1>
                  <C2>46.670000007934775</C2>
                </COORD>
                <COORD>
                  <C1>10.393000010308315</C1>
                  <C2>46.66800000793346</C2>
                </COORD>
                <COORD>
                  <C1>10.394000010309162</C1>
                  <C2>46.6680000079331</C2>
                </COORD>
                <COORD>
                  <C1>10.393000010308663</C1>
                  <C2>46.667000007932955</C2>
                </COORD>
                <COORD>
                  <C1>10.393000010309004</C1>
                  <C2>46.66600000793245</C2>
                </COORD>
                <COORD>
                  <C1>10.393000010309349</C1>
                  <C2>46.66500000793196</C2>
                </COORD>
                <COORD>
                  <C1>10.394000010310192</C1>
                  <C2>46.665000007931624</C2>
                </COORD>
                <COORD>
                  <C1>10.394000010310885</C1>
                  <C2>46.663000007930634</C2>
                </COORD>
                <COORD>
                  <C1>10.394000010311228</C1>
                  <C2>46.662000007930125</C2>
                </COORD>
                <COORD>
                  <C1>10.393000010310727</C1>
                  <C2>46.66100000792999</C2>
                </COORD>
                <COORD>
                  <C1>10.392000010309884</C1>
                  <C2>46.661000007930305</C2>
                </COORD>
                <COORD>
                  <C1>10.393000010311411</C1>
                  <C2>46.65900000792895</C2>
                </COORD>
                <COORD>
                  <C1>10.3940000103126</C1>
                  <C2>46.658000007928116</C2>
                </COORD>
                <COORD>
                  <C1>10.393000010312099</C1>
                  <C2>46.657000007927955</C2>
                </COORD>
                <COORD>
                  <C1>10.395000010314128</C1>
                  <C2>46.65600000792676</C2>
                </COORD>
                <COORD>
                  <C1>10.396000010314973</C1>
                  <C2>46.65600000792642</C2>
                </COORD>
                <COORD>
                  <C1>10.396000010315312</C1>
                  <C2>46.655000007925956</C2>
                </COORD>
                <COORD>
                  <C1>10.397000010316155</C1>
                  <C2>46.65500000792562</C2>
                </COORD>
                <COORD>
                  <C1>10.398000010316997</C1>
                  <C2>46.655000007925246</C2>
                </COORD>
                <COORD>
                  <C1>10.398000010317341</C1>
                  <C2>46.654000007924765</C2>
                </COORD>
                <COORD>
                  <C1>10.398000010317682</C1>
                  <C2>46.65300000792422</C2>
                </COORD>
                <COORD>
                  <C1>10.398000010318029</C1>
                  <C2>46.65200000792377</C2>
                </COORD>
                <COORD>
                  <C1>10.39800001031837</C1>
                  <C2>46.65100000792323</C2>
                </COORD>
                <COORD>
                  <C1>10.399000010319211</C1>
                  <C2>46.6510000079229</C2>
                </COORD>
                <COORD>
                  <C1>10.399000010319558</C1>
                  <C2>46.6500000079224</C2>
                </COORD>
                <COORD>
                  <C1>10.400000010320397</C1>
                  <C2>46.65000000792205</C2>
                </COORD>
                <COORD>
                  <C1>10.401000010321582</C1>
                  <C2>46.649000007921195</C2>
                </COORD>
                <COORD>
                  <C1>10.401000010321924</C1>
                  <C2>46.64800000792068</C2>
                </COORD>
                <COORD>
                  <C1>10.402000010322768</C1>
                  <C2>46.648000007920395</C2>
                </COORD>
                <COORD>
                  <C1>10.40200001032311</C1>
                  <C2>46.647000007919864</C2>
                </COORD>
                <COORD>
                  <C1>10.402000010323457</C1>
                  <C2>46.64600000791936</C2>
                </COORD>
                <COORD>
                  <C1>10.4020000103238</C1>
                  <C2>46.64500000791884</C2>
                </COORD>
                <COORD>
                  <C1>10.403000010324982</C1>
                  <C2>46.64400000791797</C2>
                </COORD>
                <COORD>
                  <C1>10.403000010325327</C1>
                  <C2>46.64300000791749</C2>
                </COORD>
                <COORD>
                  <C1>10.40300001032567</C1>
                  <C2>46.64200000791699</C2>
                </COORD>
                <COORD>
                  <C1>10.403000010326014</C1>
                  <C2>46.641000007916496</C2>
                </COORD>
                <COORD>
                  <C1>10.401000010324672</C1>
                  <C2>46.64000000791668</C2>
                </COORD>
                <COORD>
                  <C1>10.40400001032754</C1>
                  <C2>46.639000007915165</C2>
                </COORD>
                <COORD>
                  <C1>10.408000010331591</C1>
                  <C2>46.6370000079128</C2>
                </COORD>
                <COORD>
                  <C1>10.411000010334112</C1>
                  <C2>46.63700000791172</C2>
                </COORD>
                <COORD>
                  <C1>10.412000010334957</C1>
                  <C2>46.63700000791138</C2>
                </COORD>
                <COORD>
                  <C1>10.41500001033714</C1>
                  <C2>46.63800000791087</C2>
                </COORD>
                <COORD>
                  <C1>10.417000010338475</C1>
                  <C2>46.639000007910646</C2>
                </COORD>
                <COORD>
                  <C1>10.422000010342332</C1>
                  <C2>46.64000000790947</C2>
                </COORD>
                <COORD>
                  <C1>10.423000010343177</C1>
                  <C2>46.64000000790914</C2>
                </COORD>
                <COORD>
                  <C1>10.424000010344011</C1>
                  <C2>46.64000000790876</C2>
                </COORD>
                <COORD>
                  <C1>10.425000010344853</C1>
                  <C2>46.64000000790843</C2>
                </COORD>
                <COORD>
                  <C1>10.427000010346529</C1>
                  <C2>46.64000000790772</C2>
                </COORD>
                <COORD>
                  <C1>10.428000010347372</C1>
                  <C2>46.64000000790742</C2>
                </COORD>
                <COORD>
                  <C1>10.430000010349051</C1>
                  <C2>46.6400000079067</C2>
                </COORD>
                <COORD>
                  <C1>10.432000010350386</C1>
                  <C2>46.64100000790654</C2>
                </COORD>
                <COORD>
                  <C1>10.433000010351222</C1>
                  <C2>46.64100000790622</C2>
                </COORD>
                <COORD>
                  <C1>10.435000010352905</C1>
                  <C2>46.64100000790552</C2>
                </COORD>
                <COORD>
                  <C1>10.43600001035374</C1>
                  <C2>46.641000007905156</C2>
                </COORD>
                <COORD>
                  <C1>10.438000010355418</C1>
                  <C2>46.64100000790447</C2>
                </COORD>
                <COORD>
                  <C1>10.442000010358772</C1>
                  <C2>46.64100000790309</C2>
                </COORD>
                <COORD>
                  <C1>10.445000010361282</C1>
                  <C2>46.641000007902036</C2>
                </COORD>
                <COORD>
                  <C1>10.446000010361779</C1>
                  <C2>46.6420000079022</C2>
                </COORD>
                <COORD>
                  <C1>10.447000010362268</C1>
                  <C2>46.64300000790235</C2>
                </COORD>
                <COORD>
                  <C1>10.453000010367983</C1>
                  <C2>46.64100000789932</C2>
                </COORD>
                <COORD>
                  <C1>10.456000010371184</C1>
                  <C2>46.63900000789725</C2>
                </COORD>
                <COORD>
                  <C1>10.460000010375222</C1>
                  <C2>46.63700000789488</C2>
                </COORD>
                <COORD>
                  <C1>10.464000010379264</C1>
                  <C2>46.63500000789249</C2>
                </COORD>
                <COORD>
                  <C1>10.467000010382458</C1>
                  <C2>46.63300000789045</C2>
                </COORD>
                <COORD>
                  <C1>10.46900001038482</C1>
                  <C2>46.63100000788873</C2>
                </COORD>
                <COORD>
                  <C1>10.472000010388017</C1>
                  <C2>46.62900000788671</C2>
                </COORD>
                <COORD>
                  <C1>10.480000010396422</C1>
                  <C2>46.62400000788139</C2>
                </COORD>
                <COORD>
                  <C1>10.481000010397606</C1>
                  <C2>46.62300000788057</C2>
                </COORD>
                <COORD>
                  <C1>10.48200001039878</C1>
                  <C2>46.62200000787971</C2>
                </COORD>
                <COORD>
                  <C1>10.483000010399616</C1>
                  <C2>46.62200000787937</C2>
                </COORD>
                <COORD>
                  <C1>10.484000010400797</C1>
                  <C2>46.62100000787854</C2>
                </COORD>
                <COORD>
                  <C1>10.486000010403158</C1>
                  <C2>46.619000007876856</C2>
                </COORD>
                <COORD>
                  <C1>10.490000010407185</C1>
                  <C2>46.617000007874445</C2>
                </COORD>
                <COORD>
                  <C1>10.49100001040802</C1>
                  <C2>46.617000007874104</C2>
                </COORD>
                <COORD>
                  <C1>10.492000010408853</C1>
                  <C2>46.61700000787373</C2>
                </COORD>
                <COORD>
                  <C1>10.49300001040969</C1>
                  <C2>46.61700000787339</C2>
                </COORD>
                <COORD>
                  <C1>10.49300001041038</C1>
                  <C2>46.615000007872396</C2>
                </COORD>
                <COORD>
                  <C1>10.493000010410725</C1>
                  <C2>46.614000007871894</C2>
                </COORD>
                <COORD>
                  <C1>10.493000010411068</C1>
                  <C2>46.61300000787135</C2>
                </COORD>
                <COORD>
                  <C1>10.492000010410234</C1>
                  <C2>46.613000007871705</C2>
                </COORD>
                <COORD>
                  <C1>10.492000010410578</C1>
                  <C2>46.61200000787119</C2>
                </COORD>
                <COORD>
                  <C1>10.491000010409742</C1>
                  <C2>46.61200000787156</C2>
                </COORD>
                <COORD>
                  <C1>10.491000010410087</C1>
                  <C2>46.61100000787104</C2>
                </COORD>
                <COORD>
                  <C1>10.49000001040925</C1>
                  <C2>46.61100000787137</C2>
                </COORD>
                <COORD>
                  <C1>10.489000010408418</C1>
                  <C2>46.61100000787176</C2>
                </COORD>
                <COORD>
                  <C1>10.489000010408763</C1>
                  <C2>46.610000007871236</C2>
                </COORD>
                <COORD>
                  <C1>10.488000010407925</C1>
                  <C2>46.610000007871584</C2>
                </COORD>
                <COORD>
                  <C1>10.488000010408273</C1>
                  <C2>46.609000007871096</C2>
                </COORD>
                <COORD>
                  <C1>10.487000010407785</C1>
                  <C2>46.608000007870906</C2>
                </COORD>
                <COORD>
                  <C1>10.486000010406945</C1>
                  <C2>46.608000007871276</C2>
                </COORD>
                <COORD>
                  <C1>10.486000010407293</C1>
                  <C2>46.60700000787073</C2>
                </COORD>
                <COORD>
                  <C1>10.486000010407635</C1>
                  <C2>46.606000007870236</C2>
                </COORD>
                <COORD>
                  <C1>10.486000010407977</C1>
                  <C2>46.60500000786974</C2>
                </COORD>
                <COORD>
                  <C1>10.487000010408815</C1>
                  <C2>46.60500000786941</C2>
                </COORD>
                <COORD>
                  <C1>10.487000010409158</C1>
                  <C2>46.60400000786888</C2>
                </COORD>
                <COORD>
                  <C1>10.487000010409501</C1>
                  <C2>46.60300000786842</C2>
                </COORD>
                <COORD>
                  <C1>10.488000010410678</C1>
                  <C2>46.602000007867545</C2>
                </COORD>
                <COORD>
                  <C1>10.488000010411026</C1>
                  <C2>46.601000007867064</C2>
                </COORD>
                <COORD>
                  <C1>10.48900001041186</C1>
                  <C2>46.6010000078667</C2>
                </COORD>
                <COORD>
                  <C1>10.489000010412203</C1>
                  <C2>46.6000000078662</C2>
                </COORD>
                <COORD>
                  <C1>10.489000010412546</C1>
                  <C2>46.599000007865676</C2>
                </COORD>
                <COORD>
                  <C1>10.48800001041171</C1>
                  <C2>46.599000007866</C2>
                </COORD>
                <COORD>
                  <C1>10.488000010412057</C1>
                  <C2>46.59800000786551</C2>
                </COORD>
                <COORD>
                  <C1>10.48700001041122</C1>
                  <C2>46.59800000786586</C2>
                </COORD>
                <COORD>
                  <C1>10.487000010411565</C1>
                  <C2>46.59700000786535</C2>
                </COORD>
                <COORD>
                  <C1>10.486000010410729</C1>
                  <C2>46.59700000786569</C2>
                </COORD>
                <COORD>
                  <C1>10.48600001041107</C1>
                  <C2>46.59600000786519</C2>
                </COORD>
                <COORD>
                  <C1>10.486000010411416</C1>
                  <C2>46.595000007864655</C2>
                </COORD>
                <COORD>
                  <C1>10.48500001041058</C1>
                  <C2>46.59500000786501</C2>
                </COORD>
                <COORD>
                  <C1>10.485000010410921</C1>
                  <C2>46.59400000786451</C2>
                </COORD>
                <COORD>
                  <C1>10.486000010411756</C1>
                  <C2>46.594000007864146</C2>
                </COORD>
                <COORD>
                  <C1>10.4860000104121</C1>
                  <C2>46.59300000786362</C2>
                </COORD>
                <COORD>
                  <C1>10.486000010412443</C1>
                  <C2>46.592000007863156</C2>
                </COORD>
                <COORD>
                  <C1>10.487000010413277</C1>
                  <C2>46.59200000786281</C2>
                </COORD>
                <COORD>
                  <C1>10.48700001041294</C1>
                  <C2>46.59300000786331</C2>
                </COORD>
                <COORD>
                  <C1>10.488000010414112</C1>
                  <C2>46.592000007862474</C2>
                </COORD>
                <COORD>
                  <C1>10.489000010414955</C1>
                  <C2>46.59200000786209</C2>
                </COORD>
                <COORD>
                  <C1>10.489000010415289</C1>
                  <C2>46.591000007861616</C2>
                </COORD>
                <COORD>
                  <C1>10.488000010414803</C1>
                  <C2>46.590000007861455</C2>
                </COORD>
                <COORD>
                  <C1>10.488000010415142</C1>
                  <C2>46.589000007860946</C2>
                </COORD>
                <COORD>
                  <C1>10.488000010415485</C1>
                  <C2>46.58800000786043</C2>
                </COORD>
                <COORD>
                  <C1>10.487000010414995</C1>
                  <C2>46.58700000786028</C2>
                </COORD>
                <COORD>
                  <C1>10.487000010415338</C1>
                  <C2>46.58600000785978</C2>
                </COORD>
                <COORD>
                  <C1>10.487000010415679</C1>
                  <C2>46.58500000785925</C2>
                </COORD>
                <COORD>
                  <C1>10.486000010414843</C1>
                  <C2>46.58500000785958</C2>
                </COORD>
                <COORD>
                  <C1>10.486000010415188</C1>
                  <C2>46.58400000785908</C2>
                </COORD>
                <COORD>
                  <C1>10.485000010414348</C1>
                  <C2>46.584000007859444</C2>
                </COORD>
                <COORD>
                  <C1>10.485000010414693</C1>
                  <C2>46.583000007858935</C2>
                </COORD>
                <COORD>
                  <C1>10.485000010415035</C1>
                  <C2>46.582000007858404</C2>
                </COORD>
                <COORD>
                  <C1>10.486000010416216</C1>
                  <C2>46.58100000785756</C2>
                </COORD>
                <COORD>
                  <C1>10.486000010416557</C1>
                  <C2>46.580000007857045</C2>
                </COORD>
                <COORD>
                  <C1>10.486000010416896</C1>
                  <C2>46.57900000785653</C2>
                </COORD>
                <COORD>
                  <C1>10.485000010416064</C1>
                  <C2>46.57900000785692</C2>
                </COORD>
                <COORD>
                  <C1>10.485000010416405</C1>
                  <C2>46.578000007856375</C2>
                </COORD>
                <COORD>
                  <C1>10.484000010415572</C1>
                  <C2>46.57800000785671</C2>
                </COORD>
                <COORD>
                  <C1>10.483000010415074</C1>
                  <C2>46.57700000785656</C2>
                </COORD>
                <COORD>
                  <C1>10.48200001041424</C1>
                  <C2>46.57700000785688</C2>
                </COORD>
                <COORD>
                  <C1>10.48200001041458</C1>
                  <C2>46.57600000785636</C2>
                </COORD>
                <COORD>
                  <C1>10.481000010413744</C1>
                  <C2>46.57600000785671</C2>
                </COORD>
                <COORD>
                  <C1>10.481000010414084</C1>
                  <C2>46.5750000078562</C2>
                </COORD>
                <COORD>
                  <C1>10.481000010414425</C1>
                  <C2>46.5740000078557</C2>
                </COORD>
                <COORD>
                  <C1>10.480000010413589</C1>
                  <C2>46.574000007856014</C2>
                </COORD>
                <COORD>
                  <C1>10.47900001041275</C1>
                  <C2>46.57400000785638</C2>
                </COORD>
                <COORD>
                  <C1>10.479000010413095</C1>
                  <C2>46.57300000785588</C2>
                </COORD>
                <COORD>
                  <C1>10.479000010413433</C1>
                  <C2>46.572000007855365</C2>
                </COORD>
                <COORD>
                  <C1>10.479000010413777</C1>
                  <C2>46.57100000785486</C2>
                </COORD>
                <COORD>
                  <C1>10.478000010413284</C1>
                  <C2>46.57000000785469</C2>
                </COORD>
                <COORD>
                  <C1>10.478000010413625</C1>
                  <C2>46.56900000785419</C2>
                </COORD>
                <COORD>
                  <C1>10.477000010412786</C1>
                  <C2>46.569000007854534</C2>
                </COORD>
                <COORD>
                  <C1>10.476000010412287</C1>
                  <C2>46.56800000785435</C2>
                </COORD>
                <COORD>
                  <C1>10.477000010413128</C1>
                  <C2>46.56800000785402</C2>
                </COORD>
                <COORD>
                  <C1>10.476000010412632</C1>
                  <C2>46.56700000785383</C2>
                </COORD>
                <COORD>
                  <C1>10.476000010412974</C1>
                  <C2>46.56600000785336</C2>
                </COORD>
                <COORD>
                  <C1>10.476000010413312</C1>
                  <C2>46.56500000785281</C2>
                </COORD>
                <COORD>
                  <C1>10.476000010413653</C1>
                  <C2>46.56400000785231</C2>
                </COORD>
                <COORD>
                  <C1>10.477000010414832</C1>
                  <C2>46.56300000785144</C2>
                </COORD>
                <COORD>
                  <C1>10.477000010415173</C1>
                  <C2>46.56200000785094</C2>
                </COORD>
                <COORD>
                  <C1>10.47800001041635</C1>
                  <C2>46.5610000078501</C2>
                </COORD>
                <COORD>
                  <C1>10.47900001041753</C1>
                  <C2>46.56000000784924</C2>
                </COORD>
                <COORD>
                  <C1>10.479000010417874</C1>
                  <C2>46.55900000784871</C2>
                </COORD>
                <COORD>
                  <C1>10.479000010418215</C1>
                  <C2>46.55800000784823</C2>
                </COORD>
                <COORD>
                  <C1>10.478000010417379</C1>
                  <C2>46.55800000784852</C2>
                </COORD>
                <COORD>
                  <C1>10.478000010417716</C1>
                  <C2>46.557000007848046</C2>
                </COORD>
                <COORD>
                  <C1>10.477000010416875</C1>
                  <C2>46.55700000784837</C2>
                </COORD>
                <COORD>
                  <C1>10.477000010417218</C1>
                  <C2>46.556000007847835</C2>
                </COORD>
                <COORD>
                  <C1>10.477000010417559</C1>
                  <C2>46.555000007847354</C2>
                </COORD>
                <COORD>
                  <C1>10.476000010417062</C1>
                  <C2>46.55400000784721</C2>
                </COORD>
                <COORD>
                  <C1>10.476000010417403</C1>
                  <C2>46.553000007846656</C2>
                </COORD>
                <COORD>
                  <C1>10.475000010416565</C1>
                  <C2>46.55300000784701</C2>
                </COORD>
                <COORD>
                  <C1>10.475000010416906</C1>
                  <C2>46.552000007846466</C2>
                </COORD>
                <COORD>
                  <C1>10.474000010416063</C1>
                  <C2>46.55200000784683</C2>
                </COORD>
                <COORD>
                  <C1>10.47400001041641</C1>
                  <C2>46.55100000784635</C2>
                </COORD>
                <COORD>
                  <C1>10.473000010415566</C1>
                  <C2>46.55100000784667</C2>
                </COORD>
                <COORD>
                  <C1>10.473000010415905</C1>
                  <C2>46.550000007846144</C2>
                </COORD>
                <COORD>
                  <C1>10.473000010416246</C1>
                  <C2>46.54900000784564</C2>
                </COORD>
                <COORD>
                  <C1>10.473000010416586</C1>
                  <C2>46.54800000784514</C2>
                </COORD>
                <COORD>
                  <C1>10.473000010416925</C1>
                  <C2>46.5470000078446</C2>
                </COORD>
                <COORD>
                  <C1>10.473000010417268</C1>
                  <C2>46.5460000078441</C2>
                </COORD>
                <COORD>
                  <C1>10.474000010418445</C1>
                  <C2>46.545000007843214</C2>
                </COORD>
                <COORD>
                  <C1>10.473000010417609</C1>
                  <C2>46.54500000784359</C2>
                </COORD>
                <COORD>
                  <C1>10.473000010417945</C1>
                  <C2>46.54400000784308</C2>
                </COORD>
                <COORD>
                  <C1>10.472000010417107</C1>
                  <C2>46.54400000784344</C2>
                </COORD>
                <COORD>
                  <C1>10.471000010416269</C1>
                  <C2>46.54400000784375</C2>
                </COORD>
                <COORD>
                  <C1>10.470000010415431</C1>
                  <C2>46.54400000784407</C2>
                </COORD>
                <COORD>
                  <C1>10.469000010414595</C1>
                  <C2>46.54400000784449</C2>
                </COORD>
                <COORD>
                  <C1>10.46800001041375</C1>
                  <C2>46.54400000784478</C2>
                </COORD>
                <COORD>
                  <C1>10.467000010413255</C1>
                  <C2>46.543000007844626</C2>
                </COORD>
                <COORD>
                  <C1>10.466000010412413</C1>
                  <C2>46.543000007844974</C2>
                </COORD>
                <COORD>
                  <C1>10.465000010411575</C1>
                  <C2>46.54300000784532</C2>
                </COORD>
                <COORD>
                  <C1>10.464000010410734</C1>
                  <C2>46.543000007845656</C2>
                </COORD>
                <COORD>
                  <C1>10.463000010409894</C1>
                  <C2>46.543000007845976</C2>
                </COORD>
                <COORD>
                  <C1>10.462000010409055</C1>
                  <C2>46.54300000784633</C2>
                </COORD>
                <COORD>
                  <C1>10.461000010408217</C1>
                  <C2>46.54300000784667</C2>
                </COORD>
                <COORD>
                  <C1>10.460000010407713</C1>
                  <C2>46.5420000078465</C2>
                </COORD>
                <COORD>
                  <C1>10.461000010408892</C1>
                  <C2>46.541000007845646</C2>
                </COORD>
                <COORD>
                  <C1>10.461000010409233</C1>
                  <C2>46.54000000784517</C2>
                </COORD>
                <COORD>
                  <C1>10.460000010408733</C1>
                  <C2>46.53900000784501</C2>
                </COORD>
                <COORD>
                  <C1>10.460000010409068</C1>
                  <C2>46.53800000784443</C2>
                </COORD>
                <COORD>
                  <C1>10.45800001040773</C1>
                  <C2>46.537000007844604</C2>
                </COORD>
                <COORD>
                  <C1>10.455000010405882</C1>
                  <C2>46.53500000784461</C2>
                </COORD>
                <COORD>
                  <C1>10.45400001040572</C1>
                  <C2>46.53300000784391</C2>
                </COORD>
                <COORD>
                  <C1>10.453000010404876</C1>
                  <C2>46.53300000784428</C2>
                </COORD>
                <COORD>
                  <C1>10.449000010400834</C1>
                  <C2>46.535000007846655</C2>
                </COORD>
                <COORD>
                  <C1>10.447000010398817</C1>
                  <C2>46.53600000784786</C2>
                </COORD>
                <COORD>
                  <C1>10.442000010393931</C1>
                  <C2>46.5380000078506</C2>
                </COORD>
                <COORD>
                  <C1>10.438000010390228</C1>
                  <C2>46.53900000785254</C2>
                </COORD>
                <COORD>
                  <C1>10.435000010386345</C1>
                  <C2>46.5430000078556</C2>
                </COORD>
                <COORD>
                  <C1>10.43000001038111</C1>
                  <C2>46.54600000785884</C2>
                </COORD>
                <COORD>
                  <C1>10.426000010377066</C1>
                  <C2>46.54800000786127</C2>
                </COORD>
                <COORD>
                  <C1>10.425000010375884</C1>
                  <C2>46.549000007862105</C2>
                </COORD>
                <COORD>
                  <C1>10.424000010375043</C1>
                  <C2>46.549000007862446</C2>
                </COORD>
                <COORD>
                  <C1>10.424000010374701</C1>
                  <C2>46.55000000786296</C2>
                </COORD>
                <COORD>
                  <C1>10.423000010373862</C1>
                  <C2>46.55000000786331</C2>
                </COORD>
                <COORD>
                  <C1>10.423000010373526</C1>
                  <C2>46.55100000786381</C2>
                </COORD>
                <COORD>
                  <C1>10.42200001037268</C1>
                  <C2>46.55100000786417</C2>
                </COORD>
                <COORD>
                  <C1>10.42200001037234</C1>
                  <C2>46.55200000786467</C2>
                </COORD>
                <COORD>
                  <C1>10.421000010371495</C1>
                  <C2>46.552000007865026</C2>
                </COORD>
                <COORD>
                  <C1>10.42100001037116</C1>
                  <C2>46.55300000786555</C2>
                </COORD>
                <COORD>
                  <C1>10.420000010370318</C1>
                  <C2>46.55300000786588</C2>
                </COORD>
                <COORD>
                  <C1>10.419000010369476</C1>
                  <C2>46.5530000078662</C2>
                </COORD>
                <COORD>
                  <C1>10.418000010368626</C1>
                  <C2>46.553000007866586</C2>
                </COORD>
                <COORD>
                  <C1>10.417000010367786</C1>
                  <C2>46.5530000078669</C2>
                </COORD>
                <COORD>
                  <C1>10.41600001036694</C1>
                  <C2>46.553000007867254</C2>
                </COORD>
                <COORD>
                  <C1>10.415000010366096</C1>
                  <C2>46.5530000078676</C2>
                </COORD>
                <COORD>
                  <C1>10.41400001036559</C1>
                  <C2>46.55200000786745</C2>
                </COORD>
                <COORD>
                  <C1>10.413000010364748</C1>
                  <C2>46.55200000786776</C2>
                </COORD>
                <COORD>
                  <C1>10.412000010363904</C1>
                  <C2>46.552000007868116</C2>
                </COORD>
                <COORD>
                  <C1>10.412000010364244</C1>
                  <C2>46.5510000078676</C2>
                </COORD>
                <COORD>
                  <C1>10.411000010363399</C1>
                  <C2>46.55100000786794</C2>
                </COORD>
                <COORD>
                  <C1>10.410000010362552</C1>
                  <C2>46.551000007868296</C2>
                </COORD>
                <COORD>
                  <C1>10.410000010362888</C1>
                  <C2>46.550000007867766</C2>
                </COORD>
                <COORD>
                  <C1>10.40900001036205</C1>
                  <C2>46.550000007868114</C2>
                </COORD>
                <COORD>
                  <C1>10.408000010361198</C1>
                  <C2>46.55000000786848</C2>
                </COORD>
                <COORD>
                  <C1>10.40800001036154</C1>
                  <C2>46.5490000078679</C2>
                </COORD>
                <COORD>
                  <C1>10.407000010360695</C1>
                  <C2>46.5490000078683</C2>
                </COORD>
                <COORD>
                  <C1>10.405000010359341</C1>
                  <C2>46.548000007868445</C2>
                </COORD>
                <COORD>
                  <C1>10.404000010358494</C1>
                  <C2>46.5480000078688</C2>
                </COORD>
                <COORD>
                  <C1>10.40300001035765</C1>
                  <C2>46.54800000786914</C2>
                </COORD>
                <COORD>
                  <C1>10.402000010357147</C1>
                  <C2>46.54700000786896</C2>
                </COORD>
                <COORD>
                  <C1>10.401000010356292</C1>
                  <C2>46.54700000786931</C2>
                </COORD>
                <COORD>
                  <C1>10.401000010356633</C1>
                  <C2>46.54600000786881</C2>
                </COORD>
                <COORD>
                  <C1>10.400000010355788</C1>
                  <C2>46.54600000786916</C2>
                </COORD>
                <COORD>
                  <C1>10.399000010354941</C1>
                  <C2>46.54600000786948</C2>
                </COORD>
                <COORD>
                  <C1>10.398000010354096</C1>
                  <C2>46.546000007869786</C2>
                </COORD>
                <COORD>
                  <C1>10.397000010353247</C1>
                  <C2>46.54600000787013</C2>
                </COORD>
                <COORD>
                  <C1>10.396000010352067</C1>
                  <C2>46.54700000787099</C2>
                </COORD>
                <COORD>
                  <C1>10.395000010351222</C1>
                  <C2>46.54700000787135</C2>
                </COORD>
                <COORD>
                  <C1>10.394000010350378</C1>
                  <C2>46.5470000078717</C2>
                </COORD>
                <COORD>
                  <C1>10.39400001035004</C1>
                  <C2>46.54800000787222</C2>
                </COORD>
                <COORD>
                  <C1>10.393000010349194</C1>
                  <C2>46.54800000787255</C2>
                </COORD>
                <COORD>
                  <C1>10.39200001034835</C1>
                  <C2>46.5480000078729</C2>
                </COORD>
                <COORD>
                  <C1>10.391000010347163</C1>
                  <C2>46.54900000787374</C2>
                </COORD>
                <COORD>
                  <C1>10.390000010346318</C1>
                  <C2>46.54900000787407</C2>
                </COORD>
                <COORD>
                  <C1>10.389000010345468</C1>
                  <C2>46.5490000078744</C2>
                </COORD>
                <COORD>
                  <C1>10.38900001034513</C1>
                  <C2>46.55000000787493</C2>
                </COORD>
                <COORD>
                  <C1>10.388000010344287</C1>
                  <C2>46.550000007875276</C2>
                </COORD>
                <COORD>
                  <C1>10.387000010343103</C1>
                  <C2>46.551000007876134</C2>
                </COORD>
                <COORD>
                  <C1>10.386000010342254</C1>
                  <C2>46.55100000787645</C2>
                </COORD>
                <COORD>
                  <C1>10.386000010341919</C1>
                  <C2>46.552000007876984</C2>
                </COORD>
                <COORD>
                  <C1>10.384000010340229</C1>
                  <C2>46.55200000787767</C2>
                </COORD>
                <COORD>
                  <C1>10.383000010339376</C1>
                  <C2>46.55200000787804</C2>
                </COORD>
                <COORD>
                  <C1>10.381000010337686</C1>
                  <C2>46.552000007878675</C2>
                </COORD>
                <COORD>
                  <C1>10.380000010336836</C1>
                  <C2>46.55200000787902</C2>
                </COORD>
                <COORD>
                  <C1>10.380000010336504</C1>
                  <C2>46.55300000787956</C2>
                </COORD>
                <COORD>
                  <C1>10.37900001033565</C1>
                  <C2>46.55300000787988</C2>
                </COORD>
                <COORD>
                  <C1>10.378000010334805</C1>
                  <C2>46.55300000788021</C2>
                </COORD>
                <COORD>
                  <C1>10.37800001033447</C1>
                  <C2>46.55400000788075</C2>
                </COORD>
                <COORD>
                  <C1>10.377000010333624</C1>
                  <C2>46.55400000788109</C2>
                </COORD>
                <COORD>
                  <C1>10.376000010332774</C1>
                  <C2>46.55400000788145</C2>
                </COORD>
                <COORD>
                  <C1>10.375000010331927</C1>
                  <C2>46.554000007881776</C2>
                </COORD>
                <COORD>
                  <C1>10.374000010330741</C1>
                  <C2>46.555000007882626</C2>
                </COORD>
                <COORD>
                  <C1>10.373000010329894</C1>
                  <C2>46.55500000788298</C2>
                </COORD>
                <COORD>
                  <C1>10.372000010329046</C1>
                  <C2>46.5550000078833</C2>
                </COORD>
                <COORD>
                  <C1>10.372000010328712</C1>
                  <C2>46.55600000788383</C2>
                </COORD>
                <COORD>
                  <C1>10.371000010327862</C1>
                  <C2>46.55600000788415</C2>
                </COORD>
                <COORD>
                  <C1>10.370000010327013</C1>
                  <C2>46.55600000788449</C2>
                </COORD>
                <COORD>
                  <C1>10.369000010326165</C1>
                  <C2>46.556000007884855</C2>
                </COORD>
                <COORD>
                  <C1>10.368000010325316</C1>
                  <C2>46.556000007885174</C2>
                </COORD>
                <COORD>
                  <C1>10.368000010324982</C1>
                  <C2>46.557000007885726</C2>
                </COORD>
                <COORD>
                  <C1>10.367000010324132</C1>
                  <C2>46.557000007886046</C2>
                </COORD>
                <COORD>
                  <C1>10.366000010323285</C1>
                  <C2>46.55700000788638</C2>
                </COORD>
                <COORD>
                  <C1>10.365000010322435</C1>
                  <C2>46.557000007886714</C2>
                </COORD>
                <COORD>
                  <C1>10.36400001032159</C1>
                  <C2>46.55700000788704</C2>
                </COORD>
                <COORD>
                  <C1>10.363000010320738</C1>
                  <C2>46.55700000788743</C2>
                </COORD>
                <COORD>
                  <C1>10.36200001031989</C1>
                  <C2>46.557000007887744</C2>
                </COORD>
                <COORD>
                  <C1>10.36100001031904</C1>
                  <C2>46.55700000788809</C2>
                </COORD>
                <COORD>
                  <C1>10.360000010318194</C1>
                  <C2>46.55700000788842</C2>
                </COORD>
                <COORD>
                  <C1>10.359000010317345</C1>
                  <C2>46.55700000788878</C2>
                </COORD>
                <COORD>
                  <C1>10.358000010316495</C1>
                  <C2>46.55700000788911</C2>
                </COORD>
                <COORD>
                  <C1>10.357000010315643</C1>
                  <C2>46.55700000788944</C2>
                </COORD>
                <COORD>
                  <C1>10.356000010314798</C1>
                  <C2>46.55700000788979</C2>
                </COORD>
                <COORD>
                  <C1>10.355000010313946</C1>
                  <C2>46.55700000789014</C2>
                </COORD>
                <COORD>
                  <C1>10.354000010312763</C1>
                  <C2>46.55800000789101</C2>
                </COORD>
                <COORD>
                  <C1>10.353000010311911</C1>
                  <C2>46.55800000789132</C2>
                </COORD>
                <COORD>
                  <C1>10.353000010312249</C1>
                  <C2>46.557000007890835</C2>
                </COORD>
                <COORD>
                  <C1>10.352000010311398</C1>
                  <C2>46.55700000789117</C2>
                </COORD>
                <COORD>
                  <C1>10.352000010311736</C1>
                  <C2>46.556000007890646</C2>
                </COORD>
                <COORD>
                  <C1>10.35200001031207</C1>
                  <C2>46.555000007890136</C2>
                </COORD>
                <COORD>
                  <C1>10.351000010311221</C1>
                  <C2>46.55500000789046</C2>
                </COORD>
                <COORD>
                  <C1>10.351000010311893</C1>
                  <C2>46.55300000788943</C2>
                </COORD>
                <COORD>
                  <C1>10.352000010313077</C1>
                  <C2>46.552000007888566</C2>
                </COORD>
                <COORD>
                  <C1>10.352000010313409</C1>
                  <C2>46.55100000788805</C2>
                </COORD>
                <COORD>
                  <C1>10.35100001031256</C1>
                  <C2>46.55100000788838</C2>
                </COORD>
                <COORD>
                  <C1>10.35000001031171</C1>
                  <C2>46.551000007888724</C2>
                </COORD>
                <COORD>
                  <C1>10.34900001031086</C1>
                  <C2>46.55100000788906</C2>
                </COORD>
                <COORD>
                  <C1>10.349000010311192</C1>
                  <C2>46.55000000788853</C2>
                </COORD>
                <COORD>
                  <C1>10.348000010310344</C1>
                  <C2>46.55000000788893</C2>
                </COORD>
                <COORD>
                  <C1>10.348000010310683</C1>
                  <C2>46.549000007888374</C2>
                </COORD>
                <COORD>
                  <C1>10.347000010309829</C1>
                  <C2>46.549000007888694</C2>
                </COORD>
                <COORD>
                  <C1>10.346000010309321</C1>
                  <C2>46.54800000788856</C2>
                </COORD>
                <COORD>
                  <C1>10.34500001030847</C1>
                  <C2>46.548000007888895</C2>
                </COORD>
                <COORD>
                  <C1>10.345000010308803</C1>
                  <C2>46.54700000788839</C2>
                </COORD>
                <COORD>
                  <C1>10.344000010308287</C1>
                  <C2>46.5460000078882</C2>
                </COORD>
                <COORD>
                  <C1>10.343000010307435</C1>
                  <C2>46.54600000788853</C2>
                </COORD>
                <COORD>
                  <C1>10.343000010307769</C1>
                  <C2>46.54500000788801</C2>
                </COORD>
                <COORD>
                  <C1>10.342000010306917</C1>
                  <C2>46.54500000788833</C2>
                </COORD>
                <COORD>
                  <C1>10.341000010306068</C1>
                  <C2>46.545000007888696</C2>
                </COORD>
                <COORD>
                  <C1>10.340000010305216</C1>
                  <C2>46.545000007889044</C2>
                </COORD>
                <COORD>
                  <C1>10.339000010304366</C1>
                  <C2>46.545000007889364</C2>
                </COORD>
                <COORD>
                  <C1>10.338000010303517</C1>
                  <C2>46.5450000078897</C2>
                </COORD>
                <COORD>
                  <C1>10.337000010302328</C1>
                  <C2>46.54600000789059</C2>
                </COORD>
                <COORD>
                  <C1>10.33700001030199</C1>
                  <C2>46.547000007891086</C2>
                </COORD>
                <COORD>
                  <C1>10.336000010301138</C1>
                  <C2>46.54700000789145</C2>
                </COORD>
                <COORD>
                  <C1>10.336000010300808</C1>
                  <C2>46.54800000789194</C2>
                </COORD>
                <COORD>
                  <C1>10.335000010299954</C1>
                  <C2>46.54800000789229</C2>
                </COORD>
                <COORD>
                  <C1>10.33500001029962</C1>
                  <C2>46.54900000789278</C2>
                </COORD>
                <COORD>
                  <C1>10.33400001029877</C1>
                  <C2>46.54900000789315</C2>
                </COORD>
                <COORD>
                  <C1>10.333000010297582</C1>
                  <C2>46.55000000789403</C2>
                </COORD>
                <COORD>
                  <C1>10.332000010296394</C1>
                  <C2>46.55100000789483</C2>
                </COORD>
                <COORD>
                  <C1>10.330000010294356</C1>
                  <C2>46.55200000789605</C2>
                </COORD>
                <COORD>
                  <C1>10.327000010291128</C1>
                  <C2>46.554000007898104</C2>
                </COORD>
                <COORD>
                  <C1>10.327000010291465</C1>
                  <C2>46.553000007897566</C2>
                </COORD>
                <COORD>
                  <C1>10.326000010290613</C1>
                  <C2>46.55300000789789</C2>
                </COORD>
                <COORD>
                  <C1>10.325000010290099</C1>
                  <C2>46.55200000789774</C2>
                </COORD>
                <COORD>
                  <C1>10.324000010289245</C1>
                  <C2>46.5520000078981</C2>
                </COORD>
                <COORD>
                  <C1>10.322000010287537</C1>
                  <C2>46.55200000789878</C2>
                </COORD>
                <COORD>
                  <C1>10.321000010287017</C1>
                  <C2>46.55100000789861</C2>
                </COORD>
                <COORD>
                  <C1>10.321000010287353</C1>
                  <C2>46.55000000789806</C2>
                </COORD>
                <COORD>
                  <C1>10.320000010286497</C1>
                  <C2>46.55000000789842</C2>
                </COORD>
                <COORD>
                  <C1>10.318000010284791</C1>
                  <C2>46.55000000789905</C2>
                </COORD>
                <COORD>
                  <C1>10.317000010283941</C1>
                  <C2>46.55000000789945</C2>
                </COORD>
                <COORD>
                  <C1>10.315000010282233</C1>
                  <C2>46.55000000790009</C2>
                </COORD>
                <COORD>
                  <C1>10.315000010282567</C1>
                  <C2>46.549000007899586</C2>
                </COORD>
                <COORD>
                  <C1>10.314000010281713</C1>
                  <C2>46.54900000789991</C2>
                </COORD>
                <COORD>
                  <C1>10.31300001028086</C1>
                  <C2>46.54900000790029</C2>
                </COORD>
                <COORD>
                  <C1>10.312000010280004</C1>
                  <C2>46.54900000790061</C2>
                </COORD>
                <COORD>
                  <C1>10.310000010277967</C1>
                  <C2>46.5500000079018</C2>
                </COORD>
                <COORD>
                  <C1>10.31000001027763</C1>
                  <C2>46.5510000079023</C2>
                </COORD>
                <COORD>
                  <C1>10.309000010276774</C1>
                  <C2>46.55100000790267</C2>
                </COORD>
                <COORD>
                  <C1>10.30800001027592</C1>
                  <C2>46.551000007902964</C2>
                </COORD>
                <COORD>
                  <C1>10.30700001027507</C1>
                  <C2>46.55100000790333</C2>
                </COORD>
                <COORD>
                  <C1>10.306000010274213</C1>
                  <C2>46.55100000790366</C2>
                </COORD>
                <COORD>
                  <C1>10.304000010272507</C1>
                  <C2>46.551000007904356</C2>
                </COORD>
                <COORD>
                  <C1>10.303000010271651</C1>
                  <C2>46.551000007904726</C2>
                </COORD>
                <COORD>
                  <C1>10.302000010270797</C1>
                  <C2>46.55100000790504</C2>
                </COORD>
                <COORD>
                  <C1>10.30100001026994</C1>
                  <C2>46.55100000790535</C2>
                </COORD>
                <COORD>
                  <C1>10.300000010268752</C1>
                  <C2>46.552000007906194</C2>
                </COORD>
                <COORD>
                  <C1>10.299000010267898</C1>
                  <C2>46.55200000790656</C2>
                </COORD>
                <COORD>
                  <C1>10.297000010266188</C1>
                  <C2>46.552000007907225</C2>
                </COORD>
                <COORD>
                  <C1>10.297000010265856</C1>
                  <C2>46.55300000790775</C2>
                </COORD>
                <COORD>
                  <C1>10.296000010264999</C1>
                  <C2>46.55300000790812</C2>
                </COORD>
                <COORD>
                  <C1>10.296000010264667</C1>
                  <C2>46.55400000790861</C2>
                </COORD>
                <COORD>
                  <C1>10.296000010264331</C1>
                  <C2>46.55500000790912</C2>
                </COORD>
                <COORD>
                  <C1>10.297000010265187</C1>
                  <C2>46.55500000790877</C2>
                </COORD>
                <COORD>
                  <C1>10.297000010264853</C1>
                  <C2>46.556000007909304</C2>
                </COORD>
                <COORD>
                  <C1>10.298000010265376</C1>
                  <C2>46.55700000790947</C2>
                </COORD>
                <COORD>
                  <C1>10.298000010265033</C1>
                  <C2>46.558000007909996</C2>
                </COORD>
                <COORD>
                  <C1>10.298000010264705</C1>
                  <C2>46.55900000791048</C2>
                </COORD>
                <COORD>
                  <C1>10.29700001026385</C1>
                  <C2>46.55900000791086</C2>
                </COORD>
                <COORD>
                  <C1>10.29800001026437</C1>
                  <C2>46.56000000791101</C2>
                </COORD>
                <COORD>
                  <C1>10.297000010263517</C1>
                  <C2>46.56000000791138</C2>
                </COORD>
                <COORD>
                  <C1>10.297000010263181</C1>
                  <C2>46.561000007911886</C2>
                </COORD>
                <COORD>
                  <C1>10.296000010262329</C1>
                  <C2>46.56100000791222</C2>
                </COORD>
                <COORD>
                  <C1>10.296000010261993</C1>
                  <C2>46.56200000791272</C2>
                </COORD>
                <COORD>
                  <C1>10.29500001026114</C1>
                  <C2>46.562000007913056</C2>
                </COORD>
                <COORD>
                  <C1>10.29400001025995</C1>
                  <C2>46.5630000079139</C2>
                </COORD>
                <COORD>
                  <C1>10.294000010259616</C1>
                  <C2>46.564000007914444</C2>
                </COORD>
                <COORD>
                  <C1>10.293000010258758</C1>
                  <C2>46.56400000791476</C2>
                </COORD>
                <COORD>
                  <C1>10.292000010257572</C1>
                  <C2>46.565000007915614</C2>
                </COORD>
                <COORD>
                  <C1>10.292000010257233</C1>
                  <C2>46.566000007916145</C2>
                </COORD>
                <COORD>
                  <C1>10.291000010256383</C1>
                  <C2>46.5660000079165</C2>
                </COORD>
                <COORD>
                  <C1>10.29100001025605</C1>
                  <C2>46.56700000791699</C2>
                </COORD>
                <COORD>
                  <C1>10.291000010255711</C1>
                  <C2>46.568000007917526</C2>
                </COORD>
                <COORD>
                  <C1>10.290000010254856</C1>
                  <C2>46.56800000791788</C2>
                </COORD>
                <COORD>
                  <C1>10.290000010254523</C1>
                  <C2>46.569000007918376</C2>
                </COORD>
                <COORD>
                  <C1>10.291000010255376</C1>
                  <C2>46.56900000791804</C2>
                </COORD>
                <COORD>
                  <C1>10.290000010254188</C1>
                  <C2>46.57000000791887</C2>
                </COORD>
                <COORD>
                  <C1>10.29000001025385</C1>
                  <C2>46.5710000079194</C2>
                </COORD>
                <COORD>
                  <C1>10.289000010252996</C1>
                  <C2>46.5710000079197</C2>
                </COORD>
                <COORD>
                  <C1>10.289000010252664</C1>
                  <C2>46.57200000792025</C2>
                </COORD>
                <COORD>
                  <C1>10.288000010251809</C1>
                  <C2>46.57200000792061</C2>
                </COORD>
                <COORD>
                  <C1>10.288000010251473</C1>
                  <C2>46.5730000079211</C2>
                </COORD>
                <COORD>
                  <C1>10.287000010250955</C1>
                  <C2>46.572000007920934</C2>
                </COORD>
                <COORD>
                  <C1>10.287000010250619</C1>
                  <C2>46.57300000792144</C2>
                </COORD>
                <COORD>
                  <C1>10.286000010249762</C1>
                  <C2>46.57300000792179</C2>
                </COORD>
                <COORD>
                  <C1>10.285000010248908</C1>
                  <C2>46.57300000792212</C2>
                </COORD>
                <COORD>
                  <C1>10.28400001024805</C1>
                  <C2>46.57300000792244</C2>
                </COORD>
                <COORD>
                  <C1>10.283000010247196</C1>
                  <C2>46.57300000792278</C2>
                </COORD>
                <COORD>
                  <C1>10.282000010246346</C1>
                  <C2>46.57300000792318</C2>
                </COORD>
                <COORD>
                  <C1>10.282000010246009</C1>
                  <C2>46.574000007923644</C2>
                </COORD>
                <COORD>
                  <C1>10.281000010245153</C1>
                  <C2>46.574000007923985</C2>
                </COORD>
                <COORD>
                  <C1>10.280000010244294</C1>
                  <C2>46.57400000792431</C2>
                </COORD>
                <COORD>
                  <C1>10.278000010242584</C1>
                  <C2>46.57400000792499</C2>
                </COORD>
                <COORD>
                  <C1>10.27800001024225</C1>
                  <C2>46.57500000792551</C2>
                </COORD>
                <COORD>
                  <C1>10.277000010241391</C1>
                  <C2>46.575000007925865</C2>
                </COORD>
                <COORD>
                  <C1>10.276000010240535</C1>
                  <C2>46.575000007926185</C2>
                </COORD>
                <COORD>
                  <C1>10.275000010239348</C1>
                  <C2>46.57600000792707</C2>
                </COORD>
                <COORD>
                  <C1>10.274000010238487</C1>
                  <C2>46.576000007927384</C2>
                </COORD>
                <COORD>
                  <C1>10.274000010238154</C1>
                  <C2>46.57700000792793</C2>
                </COORD>
                <COORD>
                  <C1>10.273000010236963</C1>
                  <C2>46.57800000792876</C2>
                </COORD>
                <COORD>
                  <C1>10.272000010236107</C1>
                  <C2>46.57800000792907</C2>
                </COORD>
                <COORD>
                  <C1>10.272000010235772</C1>
                  <C2>46.57900000792961</C2>
                </COORD>
                <COORD>
                  <C1>10.27100001023492</C1>
                  <C2>46.579000007929935</C2>
                </COORD>
                <COORD>
                  <C1>10.271000010234587</C1>
                  <C2>46.580000007930444</C2>
                </COORD>
                <COORD>
                  <C1>10.27000001023406</C1>
                  <C2>46.57900000793027</C2>
                </COORD>
                <COORD>
                  <C1>10.269000010233203</C1>
                  <C2>46.579000007930595</C2>
                </COORD>
                <COORD>
                  <C1>10.268000010232345</C1>
                  <C2>46.57900000793095</C2>
                </COORD>
                <COORD>
                  <C1>10.26700001023149</C1>
                  <C2>46.579000007931285</C2>
                </COORD>
                <COORD>
                  <C1>10.266000010230632</C1>
                  <C2>46.57900000793161</C2>
                </COORD>
                <COORD>
                  <C1>10.26500001022978</C1>
                  <C2>46.57900000793194</C2>
                </COORD>
                <COORD>
                  <C1>10.26500001023011</C1>
                  <C2>46.578000007931465</C2>
                </COORD>
                <COORD>
                  <C1>10.264000010229253</C1>
                  <C2>46.5780000079318</C2>
                </COORD>
                <COORD>
                  <C1>10.263000010228398</C1>
                  <C2>46.578000007932076</C2>
                </COORD>
                <COORD>
                  <C1>10.263000010228728</C1>
                  <C2>46.57700000793158</C2>
                </COORD>
                <COORD>
                  <C1>10.262000010227872</C1>
                  <C2>46.577000007931936</C2>
                </COORD>
                <COORD>
                  <C1>10.261000010227015</C1>
                  <C2>46.57700000793226</C2>
                </COORD>
                <COORD>
                  <C1>10.261000010227347</C1>
                  <C2>46.576000007931775</C2>
                </COORD>
                <COORD>
                  <C1>10.26000001022649</C1>
                  <C2>46.576000007932116</C2>
                </COORD>
                <COORD>
                  <C1>10.25900001022563</C1>
                  <C2>46.576000007932436</C2>
                </COORD>
                <COORD>
                  <C1>10.259000010225966</C1>
                  <C2>46.5750000079319</C2>
                </COORD>
                <COORD>
                  <C1>10.258000010225109</C1>
                  <C2>46.57500000793229</C2>
                </COORD>
                <COORD>
                  <C1>10.257000010224582</C1>
                  <C2>46.57400000793209</C2>
                </COORD>
                <COORD>
                  <C1>10.256000010223728</C1>
                  <C2>46.57400000793244</C2>
                </COORD>
                <COORD>
                  <C1>10.25600001022406</C1>
                  <C2>46.573000007931945</C2>
                </COORD>
                <COORD>
                  <C1>10.255000010223204</C1>
                  <C2>46.573000007932244</C2>
                </COORD>
                <COORD>
                  <C1>10.254000010222343</C1>
                  <C2>46.57300000793258</C2>
                </COORD>
                <COORD>
                  <C1>10.252000010219962</C1>
                  <C2>46.57500000793428</C2>
                </COORD>
                <COORD>
                  <C1>10.25000001021824</C1>
                  <C2>46.57500000793493</C2>
                </COORD>
                <COORD>
                  <C1>10.248000010216192</C1>
                  <C2>46.57600000793615</C2>
                </COORD>
                <COORD>
                  <C1>10.247000010214999</C1>
                  <C2>46.577000007936974</C2>
                </COORD>
                <COORD>
                  <C1>10.247000010214666</C1>
                  <C2>46.57800000793755</C2>
                </COORD>
                <COORD>
                  <C1>10.247000010214334</C1>
                  <C2>46.57900000793805</C2>
                </COORD>
                <COORD>
                  <C1>10.246000010213477</C1>
                  <C2>46.579000007938376</C2>
                </COORD>
                <COORD>
                  <C1>10.246000010213143</C1>
                  <C2>46.580000007938885</C2>
                </COORD>
                <COORD>
                  <C1>10.24600001021281</C1>
                  <C2>46.58100000793939</C2>
                </COORD>
                <COORD>
                  <C1>10.246000010212475</C1>
                  <C2>46.58200000793991</C2>
                </COORD>
                <COORD>
                  <C1>10.246000010212143</C1>
                  <C2>46.58300000794043</C2>
                </COORD>
                <COORD>
                  <C1>10.245000010211278</C1>
                  <C2>46.58300000794074</C2>
                </COORD>
                <COORD>
                  <C1>10.245000010210946</C1>
                  <C2>46.584000007941285</C2>
                </COORD>
                <COORD>
                  <C1>10.245000010210612</C1>
                  <C2>46.585000007941794</C2>
                </COORD>
                <COORD>
                  <C1>10.24500001021028</C1>
                  <C2>46.58600000794231</C2>
                </COORD>
                <COORD>
                  <C1>10.244000010209085</C1>
                  <C2>46.58700000794317</C2>
                </COORD>
                <COORD>
                  <C1>10.244000010208753</C1>
                  <C2>46.588000007943684</C2>
                </COORD>
                <COORD>
                  <C1>10.244000010208419</C1>
                  <C2>46.58900000794415</C2>
                </COORD>
                <COORD>
                  <C1>10.244000010208085</C1>
                  <C2>46.59000000794469</C2>
                </COORD>
                <COORD>
                  <C1>10.243000010207224</C1>
                  <C2>46.59000000794505</C2>
                </COORD>
                <COORD>
                  <C1>10.243000010206892</C1>
                  <C2>46.591000007945546</C2>
                </COORD>
                <COORD>
                  <C1>10.243000010206558</C1>
                  <C2>46.59200000794601</C2>
                </COORD>
                <COORD>
                  <C1>10.243000010206222</C1>
                  <C2>46.59300000794657</C2>
                </COORD>
                <COORD>
                  <C1>10.243000010205892</C1>
                  <C2>46.594000007947095</C2>
                </COORD>
                <COORD>
                  <C1>10.244000010206749</C1>
                  <C2>46.59400000794673</C2>
                </COORD>
                <COORD>
                  <C1>10.244000010206413</C1>
                  <C2>46.59500000794726</C2>
                </COORD>
                <COORD>
                  <C1>10.245000010207274</C1>
                  <C2>46.59500000794692</C2>
                </COORD>
                <COORD>
                  <C1>10.245000010206937</C1>
                  <C2>46.59600000794741</C2>
                </COORD>
                <COORD>
                  <C1>10.2460000102078</C1>
                  <C2>46.596000007947076</C2>
                </COORD>
                <COORD>
                  <C1>10.246000010207464</C1>
                  <C2>46.59700000794759</C2>
                </COORD>
                <COORD>
                  <C1>10.24700001020832</C1>
                  <C2>46.59700000794727</C2>
                </COORD>
                <COORD>
                  <C1>10.247000010207985</C1>
                  <C2>46.59800000794777</C2>
                </COORD>
                <COORD>
                  <C1>10.248000010208507</C1>
                  <C2>46.59900000794794</C2>
                </COORD>
                <COORD>
                  <C1>10.248000010208175</C1>
                  <C2>46.600000007948445</C2>
                </COORD>
                <COORD>
                  <C1>10.249000010208697</C1>
                  <C2>46.60100000794863</C2>
                </COORD>
                <COORD>
                  <C1>10.249000010208363</C1>
                  <C2>46.60200000794913</C2>
                </COORD>
                <COORD>
                  <C1>10.250000010209224</C1>
                  <C2>46.60200000794877</C2>
                </COORD>
                <COORD>
                  <C1>10.250000010208884</C1>
                  <C2>46.60300000794933</C2>
                </COORD>
                <COORD>
                  <C1>10.251000010209742</C1>
                  <C2>46.60300000794896</C2>
                </COORD>
                <COORD>
                  <C1>10.25100001020941</C1>
                  <C2>46.60400000794948</C2>
                </COORD>
                <COORD>
                  <C1>10.252000010210265</C1>
                  <C2>46.60400000794912</C2>
                </COORD>
                <COORD>
                  <C1>10.253000010211121</C1>
                  <C2>46.604000007948784</C2>
                </COORD>
                <COORD>
                  <C1>10.253000010210787</C1>
                  <C2>46.60500000794934</C2>
                </COORD>
                <COORD>
                  <C1>10.254000010211305</C1>
                  <C2>46.60600000794947</C2>
                </COORD>
                <COORD>
                  <C1>10.254000010210968</C1>
                  <C2>46.60700000794998</C2>
                </COORD>
                <COORD>
                  <C1>10.255000010211496</C1>
                  <C2>46.60800000795018</C2>
                </COORD>
                <COORD>
                  <C1>10.256000010212352</C1>
                  <C2>46.60800000794982</C2>
                </COORD>
                <COORD>
                  <C1>10.256000010212015</C1>
                  <C2>46.60900000795036</C2>
                </COORD>
                <COORD>
                  <C1>10.257000010212536</C1>
                  <C2>46.6100000079505</C2>
                </COORD>
                <COORD>
                  <C1>10.258000010213394</C1>
                  <C2>46.61000000795017</C2>
                </COORD>
                <COORD>
                  <C1>10.259000010213915</C1>
                  <C2>46.611000007950366</C2>
                </COORD>
                <COORD>
                  <C1>10.260000010214773</C1>
                  <C2>46.61100000795001</C2>
                </COORD>
                <COORD>
                  <C1>10.260000010214434</C1>
                  <C2>46.612000007950535</C2>
                </COORD>
                <COORD>
                  <C1>10.255000010208809</C1>
                  <C2>46.61600000795426</C2>
                </COORD>
                <COORD>
                  <C1>10.246000010198406</C1>
                  <C2>46.62400000796139</C2>
                </COORD>
                <COORD>
                  <C1>10.243000010194153</C1>
                  <C2>46.62900000796493</C2>
                </COORD>
                <COORD>
                  <C1>10.242000010191955</C1>
                  <C2>46.6330000079673</C2>
                </COORD>
                <COORD>
                  <C1>10.242000010191617</C1>
                  <C2>46.63400000796779</C2>
                </COORD>
                <COORD>
                  <C1>10.242000010191276</C1>
                  <C2>46.63500000796828</C2>
                </COORD>
                <COORD>
                  <C1>10.242000010190942</C1>
                  <C2>46.6360000079688</C2>
                </COORD>
                <COORD>
                  <C1>10.242000010190605</C1>
                  <C2>46.63700000796929</C2>
                </COORD>
                <COORD>
                  <C1>10.241000010189746</C1>
                  <C2>46.637000007969654</C2>
                </COORD>
                <COORD>
                  <C1>10.240000010188895</C1>
                  <C2>46.637000007969974</C2>
                </COORD>
                <COORD>
                  <C1>10.239000010188033</C1>
                  <C2>46.6370000079703</C2>
                </COORD>
                <COORD>
                  <C1>10.238000010187514</C1>
                  <C2>46.63600000797016</C2>
                </COORD>
                <COORD>
                  <C1>10.237000010186653</C1>
                  <C2>46.63600000797049</C2>
                </COORD>
                <COORD>
                  <C1>10.23700001018699</C1>
                  <C2>46.63500000796998</C2>
                </COORD>
                <COORD>
                  <C1>10.236000010186132</C1>
                  <C2>46.635000007970305</C2>
                </COORD>
                <COORD>
                  <C1>10.235000010185274</C1>
                  <C2>46.635000007970625</C2>
                </COORD>
                <COORD>
                  <C1>10.23400001018442</C1>
                  <C2>46.63500000797101</C2>
                </COORD>
                <COORD>
                  <C1>10.233000010183902</C1>
                  <C2>46.63400000797087</C2>
                </COORD>
                <COORD>
                  <C1>10.232000010183038</C1>
                  <C2>46.63400000797115</C2>
                </COORD>
                <COORD>
                  <C1>10.231000010182179</C1>
                  <C2>46.634000007971515</C2>
                </COORD>
                <COORD>
                  <C1>10.231000010182518</C1>
                  <C2>46.633000007970985</C2>
                </COORD>
                <COORD>
                  <C1>10.230000010181662</C1>
                  <C2>46.63300000797132</C2>
                </COORD>
                <COORD>
                  <C1>10.229000010181135</C1>
                  <C2>46.63200000797119</C2>
                </COORD>
                <COORD>
                  <C1>10.22800001018028</C1>
                  <C2>46.63200000797149</C2>
                </COORD>
                <COORD>
                  <C1>10.227000010179422</C1>
                  <C2>46.632000007971804</C2>
                </COORD>
                <COORD>
                  <C1>10.227000010179758</C1>
                  <C2>46.631000007971316</C2>
                </COORD>
                <COORD>
                  <C1>10.226000010178895</C1>
                  <C2>46.63100000797168</C2>
                </COORD>
                <COORD>
                  <C1>10.225000010178032</C1>
                  <C2>46.631000007972</C2>
                </COORD>
                <COORD>
                  <C1>10.225000010178373</C1>
                  <C2>46.63000000797154</C2>
                </COORD>
                <COORD>
                  <C1>10.224000010177516</C1>
                  <C2>46.63000000797187</C2>
                </COORD>
                <COORD>
                  <C1>10.22400001017785</C1>
                  <C2>46.62900000797133</C2>
                </COORD>
                <COORD>
                  <C1>10.223000010176989</C1>
                  <C2>46.62900000797168</C2>
                </COORD>
                <COORD>
                  <C1>10.223000010177325</C1>
                  <C2>46.62800000797119</C2>
                </COORD>
                <COORD>
                  <C1>10.223000010177662</C1>
                  <C2>46.627000007970615</C2>
                </COORD>
                <COORD>
                  <C1>10.222000010176805</C1>
                  <C2>46.62700000797096</C2>
                </COORD>
                <COORD>
                  <C1>10.22100001017628</C1>
                  <C2>46.6260000079708</C2>
                </COORD>
                <COORD>
                  <C1>10.221000010176613</C1>
                  <C2>46.62500000797033</C2>
                </COORD>
                <COORD>
                  <C1>10.221000010176953</C1>
                  <C2>46.62400000796984</C2>
                </COORD>
                <COORD>
                  <C1>10.221000010177285</C1>
                  <C2>46.62300000796926</C2>
                </COORD>
                <COORD>
                  <C1>10.22000001017643</C1>
                  <C2>46.623000007969615</C2>
                </COORD>
                <COORD>
                  <C1>10.220000010176761</C1>
                  <C2>46.62200000796911</C2>
                </COORD>
                <COORD>
                  <C1>10.217000010175186</C1>
                  <C2>46.6190000079686</C2>
                </COORD>
                <COORD>
                  <C1>10.208000010166103</C1>
                  <C2>46.62300000797364</C2>
                </COORD>
                <COORD>
                  <C1>10.195000010154239</C1>
                  <C2>46.62500000797907</C2>
                </COORD>
                <COORD>
                  <C1>10.194000010153044</C1>
                  <C2>46.6260000079799</C2>
                </COORD>
                <COORD>
                  <C1>10.194000010152704</C1>
                  <C2>46.62700000798041</C2>
                </COORD>
                <COORD>
                  <C1>10.195000010153569</C1>
                  <C2>46.62700000798009</C2>
                </COORD>
                <COORD>
                  <C1>10.195000010153235</C1>
                  <C2>46.62800000798056</C2>
                </COORD>
                <COORD>
                  <C1>10.19400001015237</C1>
                  <C2>46.62800000798091</C2>
                </COORD>
                <COORD>
                  <C1>10.189000010148392</C1>
                  <C2>46.62700000798208</C2>
                </COORD>
                <COORD>
                  <C1>10.184000010144416</C1>
                  <C2>46.626000007983244</C2>
                </COORD>
                <COORD>
                  <C1>10.175000010137984</C1>
                  <C2>46.622000007984234</C2>
                </COORD>
                <COORD>
                  <C1>10.164000010129804</C1>
                  <C2>46.6180000079859</C2>
                </COORD>
                <COORD>
                  <C1>10.163000010128943</C1>
                  <C2>46.618000007986225</C2>
                </COORD>
                <COORD>
                  <C1>10.162000010128075</C1>
                  <C2>46.61800000798657</C2>
                </COORD>
                <COORD>
                  <C1>10.161000010127207</C1>
                  <C2>46.61800000798692</C2>
                </COORD>
                <COORD>
                  <C1>10.161000010127543</C1>
                  <C2>46.617000007986356</C2>
                </COORD>
                <COORD>
                  <C1>10.160000010126678</C1>
                  <C2>46.61700000798672</C2>
                </COORD>
                <COORD>
                  <C1>10.15900001012581</C1>
                  <C2>46.61700000798706</C2>
                </COORD>
                <COORD>
                  <C1>10.158000010124946</C1>
                  <C2>46.61700000798737</C2>
                </COORD>
                <COORD>
                  <C1>10.157000010124081</C1>
                  <C2>46.6170000079877</C2>
                </COORD>
                <COORD>
                  <C1>10.156000010123217</C1>
                  <C2>46.617000007988054</C2>
                </COORD>
                <COORD>
                  <C1>10.155000010122347</C1>
                  <C2>46.61700000798837</C2>
                </COORD>
                <COORD>
                  <C1>10.154000010121482</C1>
                  <C2>46.617000007988715</C2>
                </COORD>
                <COORD>
                  <C1>10.15300001012095</C1>
                  <C2>46.61600000798854</C2>
                </COORD>
                <COORD>
                  <C1>10.15200001012008</C1>
                  <C2>46.61600000798893</C2>
                </COORD>
                <COORD>
                  <C1>10.151000010119546</C1>
                  <C2>46.61500000798869</C2>
                </COORD>
                <COORD>
                  <C1>10.15000001011868</C1>
                  <C2>46.61500000798905</C2>
                </COORD>
                <COORD>
                  <C1>10.149000010117815</C1>
                  <C2>46.6150000079894</C2>
                </COORD>
                <COORD>
                  <C1>10.149000010118145</C1>
                  <C2>46.61400000798885</C2>
                </COORD>
                <COORD>
                  <C1>10.14800001011728</C1>
                  <C2>46.61400000798919</C2>
                </COORD>
                <COORD>
                  <C1>10.147000010116416</C1>
                  <C2>46.61400000798953</C2>
                </COORD>
                <COORD>
                  <C1>10.147000010116747</C1>
                  <C2>46.613000007989044</C2>
                </COORD>
                <COORD>
                  <C1>10.146000010115879</C1>
                  <C2>46.613000007989385</C2>
                </COORD>
                <COORD>
                  <C1>10.145000010115014</C1>
                  <C2>46.6130000079897</C2>
                </COORD>
                <COORD>
                  <C1>10.144000010114144</C1>
                  <C2>46.61300000799002</C2>
                </COORD>
                <COORD>
                  <C1>10.143000010113282</C1>
                  <C2>46.613000007990365</C2>
                </COORD>
                <COORD>
                  <C1>10.142000010112413</C1>
                  <C2>46.6130000079907</C2>
                </COORD>
                <COORD>
                  <C1>10.141000010111545</C1>
                  <C2>46.61300000799104</C2>
                </COORD>
                <COORD>
                  <C1>10.140000010110679</C1>
                  <C2>46.61300000799136</C2>
                </COORD>
                <COORD>
                  <C1>10.139000010109807</C1>
                  <C2>46.61300000799169</C2>
                </COORD>
                <COORD>
                  <C1>10.138000010109273</C1>
                  <C2>46.61200000799156</C2>
                </COORD>
                <COORD>
                  <C1>10.138000010109602</C1>
                  <C2>46.61100000799102</C2>
                </COORD>
                <COORD>
                  <C1>10.138000010109938</C1>
                  <C2>46.61000000799051</C2>
                </COORD>
                <COORD>
                  <C1>10.138000010110266</C1>
                  <C2>46.60900000799</C2>
                </COORD>
                <COORD>
                  <C1>10.137000010109402</C1>
                  <C2>46.60900000799035</C2>
                </COORD>
                <COORD>
                  <C1>10.137000010109068</C1>
                  <C2>46.610000007990834</C2>
                </COORD>
                <COORD>
                  <C1>10.136000010108198</C1>
                  <C2>46.61000000799117</C2>
                </COORD>
                <COORD>
                  <C1>10.136000010108532</C1>
                  <C2>46.60900000799069</C2>
                </COORD>
                <COORD>
                  <C1>10.135000010107664</C1>
                  <C2>46.60900000799101</C2>
                </COORD>
                <COORD>
                  <C1>10.134000010106798</C1>
                  <C2>46.60900000799129</C2>
                </COORD>
                <COORD>
                  <C1>10.134000010107124</C1>
                  <C2>46.608000007990846</C2>
                </COORD>
                <COORD>
                  <C1>10.133000010106255</C1>
                  <C2>46.60800000799116</C2>
                </COORD>
                <COORD>
                  <C1>10.132000010105386</C1>
                  <C2>46.6080000079915</C2>
                </COORD>
                <COORD>
                  <C1>10.131000010104525</C1>
                  <C2>46.608000007991826</C2>
                </COORD>
                <COORD>
                  <C1>10.130000010103652</C1>
                  <C2>46.608000007992146</C2>
                </COORD>
                <COORD>
                  <C1>10.130000010103986</C1>
                  <C2>46.60700000799163</C2>
                </COORD>
                <COORD>
                  <C1>10.129000010103114</C1>
                  <C2>46.60700000799198</C2>
                </COORD>
                <COORD>
                  <C1>10.128000010102244</C1>
                  <C2>46.607000007992305</C2>
                </COORD>
                <COORD>
                  <C1>10.12700001010138</C1>
                  <C2>46.607000007992625</C2>
                </COORD>
                <COORD>
                  <C1>10.127000010101048</C1>
                  <C2>46.608000007993176</C2>
                </COORD>
                <COORD>
                  <C1>10.126000010100178</C1>
                  <C2>46.60800000799348</C2>
                </COORD>
                <COORD>
                  <C1>10.12500001009931</C1>
                  <C2>46.608000007993866</C2>
                </COORD>
                <COORD>
                  <C1>10.124000010098438</C1>
                  <C2>46.60800000799416</C2>
                </COORD>
                <COORD>
                  <C1>10.123000010097572</C1>
                  <C2>46.60800000799448</C2>
                </COORD>
                <COORD>
                  <C1>10.1220000100967</C1>
                  <C2>46.60800000799482</C2>
                </COORD>
                <COORD>
                  <C1>10.12100001009583</C1>
                  <C2>46.60800000799516</C2>
                </COORD>
                <COORD>
                  <C1>10.120000010094962</C1>
                  <C2>46.6080000079955</C2>
                </COORD>
                <COORD>
                  <C1>10.119000010094094</C1>
                  <C2>46.608000007995805</C2>
                </COORD>
                <COORD>
                  <C1>10.118000010093226</C1>
                  <C2>46.60800000799616</C2>
                </COORD>
                <COORD>
                  <C1>10.117000010092028</C1>
                  <C2>46.60900000799701</C2>
                </COORD>
                <COORD>
                  <C1>10.116000010091154</C1>
                  <C2>46.609000007997345</C2>
                </COORD>
                <COORD>
                  <C1>10.115000010090286</C1>
                  <C2>46.609000007997686</C2>
                </COORD>
                <COORD>
                  <C1>10.114000010089415</C1>
                  <C2>46.609000007998</C2>
                </COORD>
                <COORD>
                  <C1>10.114000010089088</C1>
                  <C2>46.610000007998536</C2>
                </COORD>
                <COORD>
                  <C1>10.113000010088214</C1>
                  <C2>46.61000000799888</C2>
                </COORD>
                <COORD>
                  <C1>10.112000010087344</C1>
                  <C2>46.61000000799916</C2>
                </COORD>
                <COORD>
                  <C1>10.111000010086476</C1>
                  <C2>46.61000000799949</C2>
                </COORD>
                <COORD>
                  <C1>10.111000010086142</C1>
                  <C2>46.61100000800002</C2>
                </COORD>
                <COORD>
                  <C1>10.110000010085276</C1>
                  <C2>46.61100000800034</C2>
                </COORD>
                <COORD>
                  <C1>10.1090000100844</C1>
                  <C2>46.611000008000644</C2>
                </COORD>
                <COORD>
                  <C1>10.109000010084072</C1>
                  <C2>46.612000008001225</C2>
                </COORD>
                <COORD>
                  <C1>10.108000010083204</C1>
                  <C2>46.61200000800154</C2>
                </COORD>
                <COORD>
                  <C1>10.108000010082874</C1>
                  <C2>46.613000008002025</C2>
                </COORD>
                <COORD>
                  <C1>10.107000010082002</C1>
                  <C2>46.61300000800238</C2>
                </COORD>
                <COORD>
                  <C1>10.106000010081136</C1>
                  <C2>46.61300000800269</C2>
                </COORD>
                <COORD>
                  <C1>10.105000010080264</C1>
                  <C2>46.61300000800307</C2>
                </COORD>
                <COORD>
                  <C1>10.104000010079389</C1>
                  <C2>46.613000008003375</C2>
                </COORD>
                <COORD>
                  <C1>10.103000010078851</C1>
                  <C2>46.61200000800322</C2>
                </COORD>
                <COORD>
                  <C1>10.103000010079183</C1>
                  <C2>46.61100000800269</C2>
                </COORD>
                <COORD>
                  <C1>10.103000010079512</C1>
                  <C2>46.610000008002174</C2>
                </COORD>
                <COORD>
                  <C1>10.102000010078969</C1>
                  <C2>46.609000008002</C2>
                </COORD>
                <COORD>
                  <C1>10.10100001007843</C1>
                  <C2>46.608000008001795</C2>
                </COORD>
                <COORD>
                  <C1>10.100000010077558</C1>
                  <C2>46.60800000800216</C2>
                </COORD>
                <COORD>
                  <C1>10.100000010077887</C1>
                  <C2>46.60700000800165</C2>
                </COORD>
                <COORD>
                  <C1>10.10100001007942</C1>
                  <C2>46.60500000800029</C2>
                </COORD>
                <COORD>
                  <C1>10.10200001008062</C1>
                  <C2>46.604000007999424</C2>
                </COORD>
                <COORD>
                  <C1>10.10200001008095</C1>
                  <C2>46.60300000799893</C2>
                </COORD>
                <COORD>
                  <C1>10.103000010081821</C1>
                  <C2>46.60300000799862</C2>
                </COORD>
                <COORD>
                  <C1>10.102000010081278</C1>
                  <C2>46.60200000799838</C2>
                </COORD>
                <COORD>
                  <C1>10.101000010080737</C1>
                  <C2>46.60100000799825</C2>
                </COORD>
                <COORD>
                  <C1>10.100000010080192</C1>
                  <C2>46.600000007998034</C2>
                </COORD>
                <COORD>
                  <C1>10.099000010079324</C1>
                  <C2>46.60000000799839</C2>
                </COORD>
                <COORD>
                  <C1>10.099000010079653</C1>
                  <C2>46.599000007997894</C2>
                </COORD>
                <COORD>
                  <C1>10.099000010079981</C1>
                  <C2>46.59800000799736</C2>
                </COORD>
                <COORD>
                  <C1>10.099000010080314</C1>
                  <C2>46.59700000799686</C2>
                </COORD>
                <COORD>
                  <C1>10.099000010080644</C1>
                  <C2>46.596000007996366</C2>
                </COORD>
                <COORD>
                  <C1>10.098000010080094</C1>
                  <C2>46.59500000799613</C2>
                </COORD>
                <COORD>
                  <C1>10.099000010081294</C1>
                  <C2>46.59400000799531</C2>
                </COORD>
                <COORD>
                  <C1>10.100000010082496</C1>
                  <C2>46.59300000799446</C2>
                </COORD>
                <COORD>
                  <C1>10.101000010083371</C1>
                  <C2>46.59300000799413</C2>
                </COORD>
                <COORD>
                  <C1>10.102000010084573</C1>
                  <C2>46.592000007993285</C2>
                </COORD>
                <COORD>
                  <C1>10.10300001008577</C1>
                  <C2>46.59100000799243</C2>
                </COORD>
                <COORD>
                  <C1>10.102000010085227</C1>
                  <C2>46.59000000799223</C2>
                </COORD>
                <COORD>
                  <C1>10.102000010085558</C1>
                  <C2>46.5890000079917</C2>
                </COORD>
                <COORD>
                  <C1>10.102000010085886</C1>
                  <C2>46.5880000079912</C2>
                </COORD>
                <COORD>
                  <C1>10.102000010086217</C1>
                  <C2>46.58700000799073</C2>
                </COORD>
                <COORD>
                  <C1>10.103000010087088</C1>
                  <C2>46.58700000799035</C2>
                </COORD>
                <COORD>
                  <C1>10.103000010087413</C1>
                  <C2>46.586000007989824</C2>
                </COORD>
                <COORD>
                  <C1>10.102000010086542</C1>
                  <C2>46.58600000799019</C2>
                </COORD>
                <COORD>
                  <C1>10.10200001008687</C1>
                  <C2>46.585000007989706</C2>
                </COORD>
                <COORD>
                  <C1>10.100000010085457</C1>
                  <C2>46.58400000798982</C2>
                </COORD>
                <COORD>
                  <C1>10.099000010084914</C1>
                  <C2>46.58300000798962</C2>
                </COORD>
                <COORD>
                  <C1>10.098000010084364</C1>
                  <C2>46.58200000798942</C2>
                </COORD>
                <COORD>
                  <C1>10.098000010084695</C1>
                  <C2>46.58100000798895</C2>
                </COORD>
                <COORD>
                  <C1>10.09700001008415</C1>
                  <C2>46.58000000798873</C2>
                </COORD>
                <COORD>
                  <C1>10.09700001008448</C1>
                  <C2>46.57900000798829</C2>
                </COORD>
                <COORD>
                  <C1>10.096000010083607</C1>
                  <C2>46.57900000798858</C2>
                </COORD>
                <COORD>
                  <C1>10.095000010082732</C1>
                  <C2>46.579000007988896</C2>
                </COORD>
                <COORD>
                  <C1>10.094000010081857</C1>
                  <C2>46.579000007989215</C2>
                </COORD>
                <COORD>
                  <C1>10.093000010080988</C1>
                  <C2>46.57900000798959</C2>
                </COORD>
                <COORD>
                  <C1>10.092000010080444</C1>
                  <C2>46.578000007989374</C2>
                </COORD>
                <COORD>
                  <C1>10.090000010078697</C1>
                  <C2>46.57800000799004</C2>
                </COORD>
                <COORD>
                  <C1>10.089000010077822</C1>
                  <C2>46.57800000799034</C2>
                </COORD>
                <COORD>
                  <C1>10.08800001007695</C1>
                  <C2>46.57800000799073</C2>
                </COORD>
                <COORD>
                  <C1>10.085000010074653</C1>
                  <C2>46.577000007991174</C2>
                </COORD>
                <COORD>
                  <C1>10.084000010073785</C1>
                  <C2>46.57700000799151</C2>
                </COORD>
                <COORD>
                  <C1>10.083000010072908</C1>
                  <C2>46.577000007991835</C2>
                </COORD>
                <COORD>
                  <C1>10.081000010071161</C1>
                  <C2>46.5770000079925</C2>
                </COORD>
                <COORD>
                  <C1>10.080000010070286</C1>
                  <C2>46.577000007992844</C2>
                </COORD>
                <COORD>
                  <C1>10.080000010070613</C1>
                  <C2>46.57600000799234</C2>
                </COORD>
                <COORD>
                  <C1>10.080000010070945</C1>
                  <C2>46.57500000799183</C2>
                </COORD>
                <COORD>
                  <C1>10.081000010072472</C1>
                  <C2>46.57300000799044</C2>
                </COORD>
                <COORD>
                  <C1>10.082000010073344</C1>
                  <C2>46.57300000799012</C2>
                </COORD>
                <COORD>
                  <C1>10.084000010075746</C1>
                  <C2>46.57100000798845</C2>
                </COORD>
                <COORD>
                  <C1>10.085000010076618</C1>
                  <C2>46.57100000798807</C2>
                </COORD>
                <COORD>
                  <C1>10.086000010077818</C1>
                  <C2>46.57000000798723</C2>
                </COORD>
                <COORD>
                  <C1>10.08700001007902</C1>
                  <C2>46.56900000798638</C2>
                </COORD>
                <COORD>
                  <C1>10.086000010078473</C1>
                  <C2>46.56800000798621</C2>
                </COORD>
                <COORD>
                  <C1>10.0850000100776</C1>
                  <C2>46.56800000798654</C2>
                </COORD>
                <COORD>
                  <C1>10.085000010077929</C1>
                  <C2>46.56700000798602</C2>
                </COORD>
                <COORD>
                  <C1>10.084000010077059</C1>
                  <C2>46.56700000798633</C2>
                </COORD>
                <COORD>
                  <C1>10.084000010077707</C1>
                  <C2>46.56500000798532</C2>
                </COORD>
                <COORD>
                  <C1>10.083000010076832</C1>
                  <C2>46.56500000798566</C2>
                </COORD>
                <COORD>
                  <C1>10.081000010075412</C1>
                  <C2>46.56400000798579</C2>
                </COORD>
                <COORD>
                  <C1>10.079000010073992</C1>
                  <C2>46.56300000798596</C2>
                </COORD>
                <COORD>
                  <C1>10.076000010071692</C1>
                  <C2>46.56200000798642</C2>
                </COORD>
                <COORD>
                  <C1>10.075000010070815</C1>
                  <C2>46.56200000798674</C2>
                </COORD>
                <COORD>
                  <C1>10.073000010069387</C1>
                  <C2>46.561000007986905</C2>
                </COORD>
                <COORD>
                  <C1>10.07200001006884</C1>
                  <C2>46.560000007986716</C2>
                </COORD>
                <COORD>
                  <C1>10.073000010070041</C1>
                  <C2>46.55900000798583</C2>
                </COORD>
                <COORD>
                  <C1>10.072000010069491</C1>
                  <C2>46.558000007985655</C2>
                </COORD>
                <COORD>
                  <C1>10.071000010068616</C1>
                  <C2>46.55800000798602</C2>
                </COORD>
                <COORD>
                  <C1>10.070000010068394</C1>
                  <C2>46.55600000798526</C2>
                </COORD>
                <COORD>
                  <C1>10.071000010069916</C1>
                  <C2>46.55400000798391</C2>
                </COORD>
                <COORD>
                  <C1>10.070000010069371</C1>
                  <C2>46.55300000798373</C2>
                </COORD>
                <COORD>
                  <C1>10.069000010068818</C1>
                  <C2>46.552000007983494</C2>
                </COORD>
                <COORD>
                  <C1>10.06800001006794</C1>
                  <C2>46.55200000798386</C2>
                </COORD>
                <COORD>
                  <C1>10.067000010067066</C1>
                  <C2>46.552000007984226</C2>
                </COORD>
                <COORD>
                  <C1>10.065000010065635</C1>
                  <C2>46.551000007984335</C2>
                </COORD>
                <COORD>
                  <C1>10.064000010065087</C1>
                  <C2>46.550000007984146</C2>
                </COORD>
                <COORD>
                  <C1>10.063000010064858</C1>
                  <C2>46.54800000798343</C2>
                </COORD>
                <COORD>
                  <C1>10.058000010060796</C1>
                  <C2>46.547000007984565</C2>
                </COORD>
                <COORD>
                  <C1>10.057000010060246</C1>
                  <C2>46.546000007984404</C2>
                </COORD>
                <COORD>
                  <C1>10.05500001005849</C1>
                  <C2>46.54600000798507</C2>
                </COORD>
                <COORD>
                  <C1>10.054000010057287</C1>
                  <C2>46.547000007985886</C2>
                </COORD>
                <COORD>
                  <C1>10.05300001005641</C1>
                  <C2>46.54700000798622</C2>
                </COORD>
                <COORD>
                  <C1>10.052000010055858</C1>
                  <C2>46.54600000798602</C2>
                </COORD>
                <COORD>
                  <C1>10.050000010054104</C1>
                  <C2>46.54600000798667</C2>
                </COORD>
                <COORD>
                  <C1>10.048000010052347</C1>
                  <C2>46.54600000798735</C2>
                </COORD>
                <COORD>
                  <C1>10.04800001005267</C1>
                  <C2>46.54500000798683</C2>
                </COORD>
                <COORD>
                  <C1>10.048000010052993</C1>
                  <C2>46.5440000079863</C2>
                </COORD>
                <COORD>
                  <C1>10.047000010052441</C1>
                  <C2>46.543000007986095</C2>
                </COORD>
                <COORD>
                  <C1>10.046000010051882</C1>
                  <C2>46.54200000798591</C2>
                </COORD>
                <COORD>
                  <C1>10.045000010051007</C1>
                  <C2>46.54200000798622</C2>
                </COORD>
                <COORD>
                  <C1>10.045000010051329</C1>
                  <C2>46.5410000079857</C2>
                </COORD>
                <COORD>
                  <C1>10.045000010051977</C1>
                  <C2>46.53900000798468</C2>
                </COORD>
                <COORD>
                  <C1>10.046000010052856</C1>
                  <C2>46.53900000798435</C2>
                </COORD>
                <COORD>
                  <C1>10.047000010054061</C1>
                  <C2>46.538000007983484</C2>
                </COORD>
                <COORD>
                  <C1>10.048000010055256</C1>
                  <C2>46.53700000798265</C2>
                </COORD>
                <COORD>
                  <C1>10.050000010057346</C1>
                  <C2>46.536000007981485</C2>
                </COORD>
                <COORD>
                  <C1>10.051000010058221</C1>
                  <C2>46.536000007981144</C2>
                </COORD>
                <COORD>
                  <C1>10.053000010060302</C1>
                  <C2>46.53500000797993</C2>
                </COORD>
                <COORD>
                  <C1>10.054000010061502</C1>
                  <C2>46.53400000797909</C2>
                </COORD>
                <COORD>
                  <C1>10.05500001006238</C1>
                  <C2>46.53400000797876</C2>
                </COORD>
                <COORD>
                  <C1>10.055000010062704</C1>
                  <C2>46.533000007978266</C2>
                </COORD>
                <COORD>
                  <C1>10.05400001006215</C1>
                  <C2>46.532000007978084</C2>
                </COORD>
                <COORD>
                  <C1>10.053000010061275</C1>
                  <C2>46.53200000797839</C2>
                </COORD>
                <COORD>
                  <C1>10.052000010060718</C1>
                  <C2>46.53100000797821</C2>
                </COORD>
                <COORD>
                  <C1>10.052000010061041</C1>
                  <C2>46.53000000797767</C2>
                </COORD>
                <COORD>
                  <C1>10.052000010061366</C1>
                  <C2>46.52900000797714</C2>
                </COORD>
                <COORD>
                  <C1>10.053000010062242</C1>
                  <C2>46.529000007976826</C2>
                </COORD>
                <COORD>
                  <C1>10.054000010063444</C1>
                  <C2>46.52800000797597</C2>
                </COORD>
                <COORD>
                  <C1>10.05400001006377</C1>
                  <C2>46.527000007975424</C2>
                </COORD>
                <COORD>
                  <C1>10.05500001006497</C1>
                  <C2>46.526000007974574</C2>
                </COORD>
                <COORD>
                  <C1>10.055000010065621</C1>
                  <C2>46.524000007973555</C2>
                </COORD>
                <COORD>
                  <C1>10.055000010066589</C1>
                  <C2>46.52100000797198</C2>
                </COORD>
                <COORD>
                  <C1>10.055000010066905</C1>
                  <C2>46.52000000797145</C2>
                </COORD>
                <COORD>
                  <C1>10.054000010066355</C1>
                  <C2>46.51900000797125</C2>
                </COORD>
                <COORD>
                  <C1>10.054000010066677</C1>
                  <C2>46.51800000797069</C2>
                </COORD>
                <COORD>
                  <C1>10.053000010066768</C1>
                  <C2>46.515000007969455</C2>
                </COORD>
                <COORD>
                  <C1>10.051000010065007</C1>
                  <C2>46.51500000797013</C2>
                </COORD>
                <COORD>
                  <C1>10.050000010064457</C1>
                  <C2>46.514000007969955</C2>
                </COORD>
                <COORD>
                  <C1>10.050000010064775</C1>
                  <C2>46.51300000796941</C2>
                </COORD>
                <COORD>
                  <C1>10.049000010063894</C1>
                  <C2>46.513000007969744</C2>
                </COORD>
                <COORD>
                  <C1>10.048000010063337</C1>
                  <C2>46.51200000796954</C2>
                </COORD>
                <COORD>
                  <C1>10.047000010062458</C1>
                  <C2>46.51200000796987</C2>
                </COORD>
                <COORD>
                  <C1>10.046000010061578</C1>
                  <C2>46.51200000797023</C2>
                </COORD>
                <COORD>
                  <C1>10.045000010060699</C1>
                  <C2>46.51200000797054</C2>
                </COORD>
                <COORD>
                  <C1>10.044000010059817</C1>
                  <C2>46.51200000797087</C2>
                </COORD>
                <COORD>
                  <C1>10.044000010060142</C1>
                  <C2>46.51100000797034</C2>
                </COORD>
                <COORD>
                  <C1>10.044000010060463</C1>
                  <C2>46.510000007969815</C2>
                </COORD>
                <COORD>
                  <C1>10.044000010060786</C1>
                  <C2>46.509000007969284</C2>
                </COORD>
                <COORD>
                  <C1>10.044000010061108</C1>
                  <C2>46.508000007968775</C2>
                </COORD>
                <COORD>
                  <C1>10.045000010061987</C1>
                  <C2>46.50800000796844</C2>
                </COORD>
                <COORD>
                  <C1>10.045000010062308</C1>
                  <C2>46.50700000796791</C2>
                </COORD>
                <COORD>
                  <C1>10.045000010062632</C1>
                  <C2>46.50600000796741</C2>
                </COORD>
                <COORD>
                  <C1>10.046000010064155</C1>
                  <C2>46.504000007966006</C2>
                </COORD>
                <COORD>
                  <C1>10.047000010065034</C1>
                  <C2>46.50400000796565</C2>
                </COORD>
                <COORD>
                  <C1>10.049000010067115</C1>
                  <C2>46.50300000796447</C2>
                </COORD>
                <COORD>
                  <C1>10.050000010068318</C1>
                  <C2>46.50200000796362</C2>
                </COORD>
                <COORD>
                  <C1>10.05000001006864</C1>
                  <C2>46.5010000079631</C2>
                </COORD>
                <COORD>
                  <C1>10.049000010068081</C1>
                  <C2>46.50000000796293</C2>
                </COORD>
                <COORD>
                  <C1>10.048000010067204</C1>
                  <C2>46.50000000796325</C2>
                </COORD>
                <COORD>
                  <C1>10.047000010066965</C1>
                  <C2>46.49800000796251</C2>
                </COORD>
                <COORD>
                  <C1>10.047000010067288</C1>
                  <C2>46.497000007961965</C2>
                </COORD>
                <COORD>
                  <C1>10.046000010067047</C1>
                  <C2>46.49500000796123</C2>
                </COORD>
                <COORD>
                  <C1>10.046000010067367</C1>
                  <C2>46.49400000796071</C2>
                </COORD>
                <COORD>
                  <C1>10.046000010067688</C1>
                  <C2>46.49300000796021</C2>
                </COORD>
                <COORD>
                  <C1>10.047000010068894</C1>
                  <C2>46.49200000795932</C2>
                </COORD>
                <COORD>
                  <C1>10.04800001007009</C1>
                  <C2>46.49100000795846</C2>
                </COORD>
                <COORD>
                  <C1>10.049000010071294</C1>
                  <C2>46.49000000795762</C2>
                </COORD>
                <COORD>
                  <C1>10.050000010072175</C1>
                  <C2>46.49000000795728</C2>
                </COORD>
                <COORD>
                  <C1>10.049000010071618</C1>
                  <C2>46.4890000079571</C2>
                </COORD>
                <COORD>
                  <C1>10.049000010071936</C1>
                  <C2>46.48800000795658</C2>
                </COORD>
                <COORD>
                  <C1>10.048000010071057</C1>
                  <C2>46.4880000079569</C2>
                </COORD>
                <COORD>
                  <C1>10.04800001007138</C1>
                  <C2>46.48700000795638</C2>
                </COORD>
                <COORD>
                  <C1>10.046000010069937</C1>
                  <C2>46.4860000079565</C2>
                </COORD>
                <COORD>
                  <C1>10.045000010069378</C1>
                  <C2>46.48500000795632</C2>
                </COORD>
                <COORD>
                  <C1>10.045000010069696</C1>
                  <C2>46.48400000795578</C2>
                </COORD>
                <COORD>
                  <C1>10.045000010070021</C1>
                  <C2>46.48300000795523</C2>
                </COORD>
                <COORD>
                  <C1>10.044000010069137</C1>
                  <C2>46.48300000795556</C2>
                </COORD>
                <COORD>
                  <C1>10.04400001006946</C1>
                  <C2>46.48200000795502</C2>
                </COORD>
                <COORD>
                  <C1>10.044000010069784</C1>
                  <C2>46.4810000079545</C2>
                </COORD>
                <COORD>
                  <C1>10.045000010070984</C1>
                  <C2>46.48000000795363</C2>
                </COORD>
                <COORD>
                  <C1>10.046000010072184</C1>
                  <C2>46.479000007952855</C2>
                </COORD>
                <COORD>
                  <C1>10.047000010073385</C1>
                  <C2>46.47800000795195</C2>
                </COORD>
                <COORD>
                  <C1>10.048000010074263</C1>
                  <C2>46.47800000795164</C2>
                </COORD>
                <COORD>
                  <C1>10.049000010075465</C1>
                  <C2>46.477000007950735</C2>
                </COORD>
                <COORD>
                  <C1>10.050000010076667</C1>
                  <C2>46.47600000794988</C2>
                </COORD>
                <COORD>
                  <C1>10.051000010077544</C1>
                  <C2>46.476000007949565</C2>
                </COORD>
                <COORD>
                  <C1>10.051000010077866</C1>
                  <C2>46.475000007949035</C2>
                </COORD>
                <COORD>
                  <C1>10.052000010078748</C1>
                  <C2>46.47500000794873</C2>
                </COORD>
                <COORD>
                  <C1>10.052000010079066</C1>
                  <C2>46.47400000794818</C2>
                </COORD>
                <COORD>
                  <C1>10.05300001007995</C1>
                  <C2>46.474000007947815</C2>
                </COORD>
                <COORD>
                  <C1>10.053000010080273</C1>
                  <C2>46.47300000794727</C2>
                </COORD>
                <COORD>
                  <C1>10.053000010080591</C1>
                  <C2>46.47200000794679</C2>
                </COORD>
                <COORD>
                  <C1>10.053000010080908</C1>
                  <C2>46.47100000794623</C2>
                </COORD>
                <COORD>
                  <C1>10.053000010081234</C1>
                  <C2>46.47000000794571</C2>
                </COORD>
                <COORD>
                  <C1>10.05300001008155</C1>
                  <C2>46.46900000794515</C2>
                </COORD>
                <COORD>
                  <C1>10.054000010082433</C1>
                  <C2>46.46900000794487</C2>
                </COORD>
                <COORD>
                  <C1>10.054000010082751</C1>
                  <C2>46.46800000794432</C2>
                </COORD>
                <COORD>
                  <C1>10.055000010083951</C1>
                  <C2>46.46700000794344</C2>
                </COORD>
                <COORD>
                  <C1>10.056000010084835</C1>
                  <C2>46.46700000794313</C2>
                </COORD>
                <COORD>
                  <C1>10.056000010085153</C1>
                  <C2>46.466000007942604</C2>
                </COORD>
                <COORD>
                  <C1>10.05500001008427</C1>
                  <C2>46.46600000794291</C2>
                </COORD>
                <COORD>
                  <C1>10.05400001008435</C1>
                  <C2>46.46300000794166</C2>
                </COORD>
                <COORD>
                  <C1>10.054000010084668</C1>
                  <C2>46.4620000079411</C2>
                </COORD>
                <COORD>
                  <C1>10.05200001008323</C1>
                  <C2>46.46100000794125</C2>
                </COORD>
                <COORD>
                  <C1>10.050000010081467</C1>
                  <C2>46.46100000794192</C2>
                </COORD>
                <COORD>
                  <C1>10.04800001008002</C1>
                  <C2>46.46000000794206</C2>
                </COORD>
                <COORD>
                  <C1>10.04800001008034</C1>
                  <C2>46.45900000794151</C2>
                </COORD>
                <COORD>
                  <C1>10.04800001008066</C1>
                  <C2>46.45800000794097</C2>
                </COORD>
                <COORD>
                  <C1>10.04800001008098</C1>
                  <C2>46.45700000794047</C2>
                </COORD>
                <COORD>
                  <C1>10.0470000100801</C1>
                  <C2>46.457000007940785</C2>
                </COORD>
                <COORD>
                  <C1>10.046000010079215</C1>
                  <C2>46.4570000079411</C2>
                </COORD>
                <COORD>
                  <C1>10.045000010078336</C1>
                  <C2>46.457000007941424</C2>
                </COORD>
                <COORD>
                  <C1>10.045000010078654</C1>
                  <C2>46.45600000794088</C2>
                </COORD>
                <COORD>
                  <C1>10.044000010078094</C1>
                  <C2>46.4550000079407</C2>
                </COORD>
                <COORD>
                  <C1>10.043000010077527</C1>
                  <C2>46.45400000794052</C2>
                </COORD>
                <COORD>
                  <C1>10.043000010077844</C1>
                  <C2>46.45300000793998</C2>
                </COORD>
                <COORD>
                  <C1>10.043000010078162</C1>
                  <C2>46.45200000793942</C2>
                </COORD>
                <COORD>
                  <C1>10.043000010078483</C1>
                  <C2>46.45100000793892</C2>
                </COORD>
                <COORD>
                  <C1>10.044000010079369</C1>
                  <C2>46.45100000793853</C2>
                </COORD>
                <COORD>
                  <C1>10.043000010078803</C1>
                  <C2>46.450000007938364</C2>
                </COORD>
                <COORD>
                  <C1>10.042000010077917</C1>
                  <C2>46.45000000793869</C2>
                </COORD>
                <COORD>
                  <C1>10.04200001007824</C1>
                  <C2>46.44900000793815</C2>
                </COORD>
                <COORD>
                  <C1>10.041000010077356</C1>
                  <C2>46.44900000793848</C2>
                </COORD>
                <COORD>
                  <C1>10.040000010076474</C1>
                  <C2>46.44900000793881</C2>
                </COORD>
                <COORD>
                  <C1>10.041000010077676</C1>
                  <C2>46.44800000793792</C2>
                </COORD>
                <COORD>
                  <C1>10.041000010077997</C1>
                  <C2>46.447000007937376</C2>
                </COORD>
                <COORD>
                  <C1>10.042000010078878</C1>
                  <C2>46.44700000793708</C2>
                </COORD>
                <COORD>
                  <C1>10.042000010079192</C1>
                  <C2>46.446000007936554</C2>
                </COORD>
                <COORD>
                  <C1>10.043000010080073</C1>
                  <C2>46.4460000079362</C2>
                </COORD>
                <COORD>
                  <C1>10.043000010080394</C1>
                  <C2>46.44500000793567</C2>
                </COORD>
                <COORD>
                  <C1>10.044000010081602</C1>
                  <C2>46.44400000793481</C2>
                </COORD>
                <COORD>
                  <C1>10.045000010082479</C1>
                  <C2>46.4440000079345</C2>
                </COORD>
                <COORD>
                  <C1>10.046000010083361</C1>
                  <C2>46.44400000793416</C2>
                </COORD>
                <COORD>
                  <C1>10.049000010086006</C1>
                  <C2>46.444000007933205</C2>
                </COORD>
                <COORD>
                  <C1>10.05200001008897</C1>
                  <C2>46.44300000793164</C2>
                </COORD>
                <COORD>
                  <C1>10.053000010090173</C1>
                  <C2>46.44200000793084</C2>
                </COORD>
                <COORD>
                  <C1>10.054000010091055</C1>
                  <C2>46.44200000793049</C2>
                </COORD>
                <COORD>
                  <C1>10.055000010091936</C1>
                  <C2>46.44200000793016</C2>
                </COORD>
                <COORD>
                  <C1>10.056000010092813</C1>
                  <C2>46.44200000792981</C2>
                </COORD>
                <COORD>
                  <C1>10.057000010093697</C1>
                  <C2>46.44200000792947</C2>
                </COORD>
                <COORD>
                  <C1>10.057000010093377</C1>
                  <C2>46.44300000793001</C2>
                </COORD>
                <COORD>
                  <C1>10.058000010094256</C1>
                  <C2>46.44300000792967</C2>
                </COORD>
                <COORD>
                  <C1>10.058000010094577</C1>
                  <C2>46.44200000792916</C2>
                </COORD>
                <COORD>
                  <C1>10.058000010094897</C1>
                  <C2>46.441000007928615</C2>
                </COORD>
                <COORD>
                  <C1>10.059000010095776</C1>
                  <C2>46.44100000792829</C2>
                </COORD>
                <COORD>
                  <C1>10.059000010096096</C1>
                  <C2>46.44000000792774</C2>
                </COORD>
                <COORD>
                  <C1>10.060000010096978</C1>
                  <C2>46.44000000792745</C2>
                </COORD>
                <COORD>
                  <C1>10.059000010096735</C1>
                  <C2>46.43800000792668</C2>
                </COORD>
                <COORD>
                  <C1>10.059000010097053</C1>
                  <C2>46.43700000792614</C2>
                </COORD>
                <COORD>
                  <C1>10.059000010097373</C1>
                  <C2>46.43600000792559</C2>
                </COORD>
                <COORD>
                  <C1>10.060000010098568</C1>
                  <C2>46.43500000792478</C2>
                </COORD>
                <COORD>
                  <C1>10.059000010098007</C1>
                  <C2>46.43400000792454</C2>
                </COORD>
                <COORD>
                  <C1>10.060000010098888</C1>
                  <C2>46.43400000792419</C2>
                </COORD>
                <COORD>
                  <C1>10.060000010099207</C1>
                  <C2>46.433000007923674</C2>
                </COORD>
                <COORD>
                  <C1>10.060000010099525</C1>
                  <C2>46.432000007923136</C2>
                </COORD>
                <COORD>
                  <C1>10.061000010100726</C1>
                  <C2>46.431000007922265</C2>
                </COORD>
                <COORD>
                  <C1>10.061000010101042</C1>
                  <C2>46.43000000792174</C2>
                </COORD>
                <COORD>
                  <C1>10.062000010101919</C1>
                  <C2>46.43000000792137</C2>
                </COORD>
                <COORD>
                  <C1>10.063000010102806</C1>
                  <C2>46.430000007921095</C2>
                </COORD>
                <COORD>
                  <C1>10.063000010103124</C1>
                  <C2>46.429000007920536</C2>
                </COORD>
                <COORD>
                  <C1>10.064000010104003</C1>
                  <C2>46.42900000792018</C2>
                </COORD>
                <COORD>
                  <C1>10.065000010104885</C1>
                  <C2>46.42900000791989</C2>
                </COORD>
                <COORD>
                  <C1>10.066000010106087</C1>
                  <C2>46.42800000791902</C2>
                </COORD>
                <COORD>
                  <C1>10.067000010106963</C1>
                  <C2>46.428000007918705</C2>
                </COORD>
                <COORD>
                  <C1>10.07200001011105</C1>
                  <C2>46.42900000791757</C2>
                </COORD>
                <COORD>
                  <C1>10.076000010114253</C1>
                  <C2>46.43000000791683</C2>
                </COORD>
                <COORD>
                  <C1>10.077000010115128</C1>
                  <C2>46.430000007916476</C2>
                </COORD>
                <COORD>
                  <C1>10.078000010116009</C1>
                  <C2>46.43000000791615</C2>
                </COORD>
                <COORD>
                  <C1>10.079000010116891</C1>
                  <C2>46.430000007915844</C2>
                </COORD>
                <COORD>
                  <C1>10.079000010117209</C1>
                  <C2>46.42900000791529</C2>
                </COORD>
                <COORD>
                  <C1>10.080000010118093</C1>
                  <C2>46.429000007914965</C2>
                </COORD>
                <COORD>
                  <C1>10.081000010119288</C1>
                  <C2>46.428000007914086</C2>
                </COORD>
                <COORD>
                  <C1>10.082000010120488</C1>
                  <C2>46.427000007913236</C2>
                </COORD>
                <COORD>
                  <C1>10.08100001011961</C1>
                  <C2>46.42700000791355</C2>
                </COORD>
                <COORD>
                  <C1>10.081000010119926</C1>
                  <C2>46.42600000791303</C2>
                </COORD>
                <COORD>
                  <C1>10.081000010120244</C1>
                  <C2>46.425000007912466</C2>
                </COORD>
                <COORD>
                  <C1>10.081000010120562</C1>
                  <C2>46.42400000791193</C2>
                </COORD>
                <COORD>
                  <C1>10.081000010120881</C1>
                  <C2>46.42300000791147</C2>
                </COORD>
                <COORD>
                  <C1>10.082000010121758</C1>
                  <C2>46.423000007911085</C2>
                </COORD>
                <COORD>
                  <C1>10.083000010122639</C1>
                  <C2>46.42300000791076</C2>
                </COORD>
                <COORD>
                  <C1>10.0840000101232</C1>
                  <C2>46.424000007911</C2>
                </COORD>
                <COORD>
                  <C1>10.08400001012352</C1>
                  <C2>46.42300000791043</C2>
                </COORD>
                <COORD>
                  <C1>10.085000010124396</C1>
                  <C2>46.423000007910105</C2>
                </COORD>
                <COORD>
                  <C1>10.087000010126157</C1>
                  <C2>46.42300000790944</C2>
                </COORD>
                <COORD>
                  <C1>10.088000010127036</C1>
                  <C2>46.42300000790911</C2>
                </COORD>
                <COORD>
                  <C1>10.089000010127913</C1>
                  <C2>46.42300000790877</C2>
                </COORD>
                <COORD>
                  <C1>10.089000010127597</C1>
                  <C2>46.42400000790932</C2>
                </COORD>
                <COORD>
                  <C1>10.09000001012848</C1>
                  <C2>46.42400000790897</C2>
                </COORD>
                <COORD>
                  <C1>10.091000010129356</C1>
                  <C2>46.424000007908624</C2>
                </COORD>
                <COORD>
                  <C1>10.092000010130231</C1>
                  <C2>46.42400000790833</C2>
                </COORD>
                <COORD>
                  <C1>10.093000010131115</C1>
                  <C2>46.42400000790799</C2>
                </COORD>
                <COORD>
                  <C1>10.094000010131989</C1>
                  <C2>46.42400000790768</C2>
                </COORD>
                <COORD>
                  <C1>10.095000010132871</C1>
                  <C2>46.424000007907324</C2>
                </COORD>
                <COORD>
                  <C1>10.096000010133748</C1>
                  <C2>46.424000007907004</C2>
                </COORD>
                <COORD>
                  <C1>10.097000010134625</C1>
                  <C2>46.42400000790665</C2>
                </COORD>
                <COORD>
                  <C1>10.097000010134943</C1>
                  <C2>46.423000007906126</C2>
                </COORD>
                <COORD>
                  <C1>10.098000010135824</C1>
                  <C2>46.42300000790585</C2>
                </COORD>
                <COORD>
                  <C1>10.099000010136704</C1>
                  <C2>46.42300000790549</C2>
                </COORD>
                <COORD>
                  <C1>10.100000010137578</C1>
                  <C2>46.42300000790516</C2>
                </COORD>
                <COORD>
                  <C1>10.101000010138456</C1>
                  <C2>46.42300000790484</C2>
                </COORD>
                <COORD>
                  <C1>10.102000010139335</C1>
                  <C2>46.42300000790446</C2>
                </COORD>
                <COORD>
                  <C1>10.103000010139898</C1>
                  <C2>46.424000007904695</C2>
                </COORD>
                <COORD>
                  <C1>10.103000010139574</C1>
                  <C2>46.425000007905226</C2>
                </COORD>
                <COORD>
                  <C1>10.103000010139255</C1>
                  <C2>46.42600000790578</C2>
                </COORD>
                <COORD>
                  <C1>10.10400001014013</C1>
                  <C2>46.42600000790544</C2>
                </COORD>
                <COORD>
                  <C1>10.10400001013981</C1>
                  <C2>46.42700000790597</C2>
                </COORD>
                <COORD>
                  <C1>10.10500001014069</C1>
                  <C2>46.427000007905676</C2>
                </COORD>
                <COORD>
                  <C1>10.106000010141562</C1>
                  <C2>46.4270000079053</C2>
                </COORD>
                <COORD>
                  <C1>10.10700001014244</C1>
                  <C2>46.42700000790497</C2>
                </COORD>
                <COORD>
                  <C1>10.108000010143</C1>
                  <C2>46.42800000790517</C2>
                </COORD>
                <COORD>
                  <C1>10.109000010143879</C1>
                  <C2>46.42800000790486</C2>
                </COORD>
                <COORD>
                  <C1>10.109000010143564</C1>
                  <C2>46.429000007905394</C2>
                </COORD>
                <COORD>
                  <C1>10.10900001014324</C1>
                  <C2>46.43000000790592</C2>
                </COORD>
                <COORD>
                  <C1>10.110000010144116</C1>
                  <C2>46.43000000790558</C2>
                </COORD>
                <COORD>
                  <C1>10.111000010144995</C1>
                  <C2>46.43000000790525</C2>
                </COORD>
                <COORD>
                  <C1>10.111000010145318</C1>
                  <C2>46.429000007904726</C2>
                </COORD>
                <COORD>
                  <C1>10.112000010146193</C1>
                  <C2>46.429000007904406</C2>
                </COORD>
                <COORD>
                  <C1>10.113000010147069</C1>
                  <C2>46.42900000790407</C2>
                </COORD>
                <COORD>
                  <C1>10.114000010147945</C1>
                  <C2>46.42900000790377</C2>
                </COORD>
                <COORD>
                  <C1>10.115000010149139</C1>
                  <C2>46.428000007902874</C2>
                </COORD>
                <COORD>
                  <C1>10.116000010150016</C1>
                  <C2>46.42800000790254</C2>
                </COORD>
                <COORD>
                  <C1>10.117000010150893</C1>
                  <C2>46.4280000079022</C2>
                </COORD>
                <COORD>
                  <C1>10.118000010151773</C1>
                  <C2>46.42800000790187</C2>
                </COORD>
                <COORD>
                  <C1>10.119000010152643</C1>
                  <C2>46.42800000790156</C2>
                </COORD>
                <COORD>
                  <C1>10.119000010152323</C1>
                  <C2>46.429000007902104</C2>
                </COORD>
                <COORD>
                  <C1>10.120000010152882</C1>
                  <C2>46.430000007902315</C2>
                </COORD>
                <COORD>
                  <C1>10.120000010152559</C1>
                  <C2>46.43100000790281</C2>
                </COORD>
                <COORD>
                  <C1>10.121000010153438</C1>
                  <C2>46.43100000790251</C2>
                </COORD>
                <COORD>
                  <C1>10.12200001015431</C1>
                  <C2>46.431000007902156</C2>
                </COORD>
                <COORD>
                  <C1>10.123000010154865</C1>
                  <C2>46.43200000790238</C2>
                </COORD>
                <COORD>
                  <C1>10.124000010155743</C1>
                  <C2>46.432000007902076</C2>
                </COORD>
                <COORD>
                  <C1>10.125000010156619</C1>
                  <C2>46.43200000790171</C2>
                </COORD>
                <COORD>
                  <C1>10.126000010157492</C1>
                  <C2>46.43200000790137</C2>
                </COORD>
                <COORD>
                  <C1>10.12700001015837</C1>
                  <C2>46.43200000790105</C2>
                </COORD>
                <COORD>
                  <C1>10.128000010159242</C1>
                  <C2>46.43200000790075</C2>
                </COORD>
                <COORD>
                  <C1>10.129000010160114</C1>
                  <C2>46.432000007900385</C2>
                </COORD>
                <COORD>
                  <C1>10.130000010160673</C1>
                  <C2>46.43300000790063</C2>
                </COORD>
                <COORD>
                  <C1>10.130000010160353</C1>
                  <C2>46.43400000790113</C2>
                </COORD>
                <COORD>
                  <C1>10.131000010161225</C1>
                  <C2>46.43400000790081</C2>
                </COORD>
                <COORD>
                  <C1>10.132000010162422</C1>
                  <C2>46.433000007899935</C2>
                </COORD>
                <COORD>
                  <C1>10.133000010163292</C1>
                  <C2>46.43300000789957</C2>
                </COORD>
                <COORD>
                  <C1>10.133000010163615</C1>
                  <C2>46.432000007899035</C2>
                </COORD>
                <COORD>
                  <C1>10.134000010164813</C1>
                  <C2>46.43100000789819</C2>
                </COORD>
                <COORD>
                  <C1>10.135000010165689</C1>
                  <C2>46.43100000789785</C2>
                </COORD>
                <COORD>
                  <C1>10.136000010166562</C1>
                  <C2>46.4310000078975</C2>
                </COORD>
                <COORD>
                  <C1>10.137000010167434</C1>
                  <C2>46.431000007897175</C2>
                </COORD>
                <COORD>
                  <C1>10.138000010168309</C1>
                  <C2>46.431000007896884</C2>
                </COORD>
                <COORD>
                  <C1>10.139000010169184</C1>
                  <C2>46.4310000078965</C2>
                </COORD>
                <COORD>
                  <C1>10.139000010169505</C1>
                  <C2>46.430000007896</C2>
                </COORD>
                <COORD>
                  <C1>10.140000010170061</C1>
                  <C2>46.43100000789618</C2>
                </COORD>
                <COORD>
                  <C1>10.141000010170934</C1>
                  <C2>46.43100000789591</C2>
                </COORD>
                <COORD>
                  <C1>10.141000010171256</C1>
                  <C2>46.43000000789537</C2>
                </COORD>
                <COORD>
                  <C1>10.142000010172127</C1>
                  <C2>46.43000000789499</C2>
                </COORD>
                <COORD>
                  <C1>10.143000010173001</C1>
                  <C2>46.430000007894705</C2>
                </COORD>
                <COORD>
                  <C1>10.144000010173876</C1>
                  <C2>46.43000000789435</C2>
                </COORD>
                <COORD>
                  <C1>10.145000010174751</C1>
                  <C2>46.43000000789403</C2>
                </COORD>
                <COORD>
                  <C1>10.144000010174196</C1>
                  <C2>46.429000007893805</C2>
                </COORD>
                <COORD>
                  <C1>10.14400001017452</C1>
                  <C2>46.42800000789327</C2>
                </COORD>
                <COORD>
                  <C1>10.14500001017539</C1>
                  <C2>46.42800000789296</C2>
                </COORD>
                <COORD>
                  <C1>10.145000010175714</C1>
                  <C2>46.42700000789243</C2>
                </COORD>
                <COORD>
                  <C1>10.146000010176904</C1>
                  <C2>46.426000007891574</C2>
                </COORD>
                <COORD>
                  <C1>10.14700001017778</C1>
                  <C2>46.42600000789124</C2>
                </COORD>
                <COORD>
                  <C1>10.148000010178652</C1>
                  <C2>46.4260000078909</C2>
                </COORD>
                <COORD>
                  <C1>10.148000010178974</C1>
                  <C2>46.42500000789037</C2>
                </COORD>
                <COORD>
                  <C1>10.149000010179849</C1>
                  <C2>46.425000007890006</C2>
                </COORD>
                <COORD>
                  <C1>10.149000010180167</C1>
                  <C2>46.424000007889475</C2>
                </COORD>
                <COORD>
                  <C1>10.14900001018049</C1>
                  <C2>46.42300000788894</C2>
                </COORD>
                <COORD>
                  <C1>10.14900001018081</C1>
                  <C2>46.42200000788839</C2>
                </COORD>
                <COORD>
                  <C1>10.149000010181132</C1>
                  <C2>46.42100000788788</C2>
                </COORD>
                <COORD>
                  <C1>10.149000010181457</C1>
                  <C2>46.420000007887346</C2>
                </COORD>
                <COORD>
                  <C1>10.149000010181771</C1>
                  <C2>46.41900000788679</C2>
                </COORD>
                <COORD>
                  <C1>10.150000010182644</C1>
                  <C2>46.419000007886446</C2>
                </COORD>
                <COORD>
                  <C1>10.150000010182964</C1>
                  <C2>46.418000007885944</C2>
                </COORD>
                <COORD>
                  <C1>10.150000010183287</C1>
                  <C2>46.417000007885406</C2>
                </COORD>
                <COORD>
                  <C1>10.149000010182737</C1>
                  <C2>46.416000007885216</C2>
                </COORD>
                <COORD>
                  <C1>10.150000010183929</C1>
                  <C2>46.415000007884316</C2>
                </COORD>
                <COORD>
                  <C1>10.151000010184804</C1>
                  <C2>46.41500000788402</C2>
                </COORD>
                <COORD>
                  <C1>10.152000010185677</C1>
                  <C2>46.415000007883684</C2>
                </COORD>
                <COORD>
                  <C1>10.152000010185356</C1>
                  <C2>46.41600000788421</C2>
                </COORD>
                <COORD>
                  <C1>10.153000010186233</C1>
                  <C2>46.416000007883845</C2>
                </COORD>
                <COORD>
                  <C1>10.154000010187106</C1>
                  <C2>46.416000007883504</C2>
                </COORD>
                <COORD>
                  <C1>10.155000010187976</C1>
                  <C2>46.416000007883206</C2>
                </COORD>
                <COORD>
                  <C1>10.15600001018885</C1>
                  <C2>46.41600000788288</C2>
                </COORD>
                <COORD>
                  <C1>10.15600001018853</C1>
                  <C2>46.417000007883395</C2>
                </COORD>
                <COORD>
                  <C1>10.157000010189401</C1>
                  <C2>46.41700000788312</C2>
                </COORD>
                <COORD>
                  <C1>10.158000010190275</C1>
                  <C2>46.41700000788277</C2>
                </COORD>
                <COORD>
                  <C1>10.158000010189955</C1>
                  <C2>46.41800000788326</C2>
                </COORD>
                <COORD>
                  <C1>10.159000010190827</C1>
                  <C2>46.418000007882945</C2>
                </COORD>
                <COORD>
                  <C1>10.160000010191702</C1>
                  <C2>46.4180000078826</C2>
                </COORD>
                <COORD>
                  <C1>10.161000010192891</C1>
                  <C2>46.417000007881754</C2>
                </COORD>
                <COORD>
                  <C1>10.162000010193767</C1>
                  <C2>46.41700000788145</C2>
                </COORD>
                <COORD>
                  <C1>10.16300001019464</C1>
                  <C2>46.417000007881086</C2>
                </COORD>
                <COORD>
                  <C1>10.163000010194962</C1>
                  <C2>46.41600000788058</C2>
                </COORD>
                <COORD>
                  <C1>10.163000010195281</C1>
                  <C2>46.41500000788001</C2>
                </COORD>
                <COORD>
                  <C1>10.164000010196153</C1>
                  <C2>46.415000007879684</C2>
                </COORD>
                <COORD>
                  <C1>10.164000010196471</C1>
                  <C2>46.41400000787917</C2>
                </COORD>
                <COORD>
                  <C1>10.165000010197348</C1>
                  <C2>46.41400000787882</C2>
                </COORD>
                <COORD>
                  <C1>10.165000010197668</C1>
                  <C2>46.413000007878296</C2>
                </COORD>
                <COORD>
                  <C1>10.165000010197987</C1>
                  <C2>46.41200000787774</C2>
                </COORD>
                <COORD>
                  <C1>10.16600001019886</C1>
                  <C2>46.412000007877396</C2>
                </COORD>
                <COORD>
                  <C1>10.16600001019918</C1>
                  <C2>46.411000007876844</C2>
                </COORD>
                <COORD>
                  <C1>10.167000010200054</C1>
                  <C2>46.41100000787653</C2>
                </COORD>
                <COORD>
                  <C1>10.167000010200374</C1>
                  <C2>46.410000007875986</C2>
                </COORD>
                <COORD>
                  <C1>10.168000010201245</C1>
                  <C2>46.41000000787563</C2>
                </COORD>
                <COORD>
                  <C1>10.168000010201567</C1>
                  <C2>46.409000007875136</C2>
                </COORD>
                <COORD>
                  <C1>10.167000010200697</C1>
                  <C2>46.40900000787545</C2>
                </COORD>
                <COORD>
                  <C1>10.167000010201013</C1>
                  <C2>46.40800000787493</C2>
                </COORD>
                <COORD>
                  <C1>10.166000010200145</C1>
                  <C2>46.408000007875266</C2>
                </COORD>
                <COORD>
                  <C1>10.165000010199272</C1>
                  <C2>46.408000007875586</C2>
                </COORD>
                <COORD>
                  <C1>10.165000010199588</C1>
                  <C2>46.40700000787504</C2>
                </COORD>
                <COORD>
                  <C1>10.164000010198716</C1>
                  <C2>46.40700000787538</C2>
                </COORD>
                <COORD>
                  <C1>10.164000010199038</C1>
                  <C2>46.406000007874844</C2>
                </COORD>
                <COORD>
                  <C1>10.163000010198488</C1>
                  <C2>46.40500000787462</C2>
                </COORD>
                <COORD>
                  <C1>10.163000010198807</C1>
                  <C2>46.40400000787413</C2>
                </COORD>
                <COORD>
                  <C1>10.164000010199677</C1>
                  <C2>46.40400000787377</C2>
                </COORD>
                <COORD>
                  <C1>10.1640000102</C1>
                  <C2>46.40300000787323</C2>
                </COORD>
                <COORD>
                  <C1>10.16300001019913</C1>
                  <C2>46.40300000787357</C2>
                </COORD>
                <COORD>
                  <C1>10.163000010199447</C1>
                  <C2>46.402000007873035</C2>
                </COORD>
                <COORD>
                  <C1>10.16400001020064</C1>
                  <C2>46.401000007872156</C2>
                </COORD>
                <COORD>
                  <C1>10.164000010200962</C1>
                  <C2>46.400000007871604</C2>
                </COORD>
                <COORD>
                  <C1>10.16400001020128</C1>
                  <C2>46.3990000078711</C2>
                </COORD>
                <COORD>
                  <C1>10.165000010202153</C1>
                  <C2>46.39900000787075</C2>
                </COORD>
                <COORD>
                  <C1>10.16500001020247</C1>
                  <C2>46.398000007870216</C2>
                </COORD>
                <COORD>
                  <C1>10.164000010201919</C1>
                  <C2>46.397000007869984</C2>
                </COORD>
                <COORD>
                  <C1>10.164000010202239</C1>
                  <C2>46.39600000786946</C2>
                </COORD>
                <COORD>
                  <C1>10.16400001020256</C1>
                  <C2>46.3950000078689</C2>
                </COORD>
                <COORD>
                  <C1>10.165000010203434</C1>
                  <C2>46.39500000786858</C2>
                </COORD>
                <COORD>
                  <C1>10.165000010203753</C1>
                  <C2>46.39400000786805</C2>
                </COORD>
                <COORD>
                  <C1>10.165000010204073</C1>
                  <C2>46.3930000078675</C2>
                </COORD>
                <COORD>
                  <C1>10.165000010204393</C1>
                  <C2>46.39200000786697</C2>
                </COORD>
                <COORD>
                  <C1>10.164000010203837</C1>
                  <C2>46.39100000786679</C2>
                </COORD>
                <COORD>
                  <C1>10.164000010204157</C1>
                  <C2>46.39000000786619</C2>
                </COORD>
                <COORD>
                  <C1>10.163000010203287</C1>
                  <C2>46.39000000786656</C2>
                </COORD>
                <COORD>
                  <C1>10.163000010203605</C1>
                  <C2>46.38900000786604</C2>
                </COORD>
                <COORD>
                  <C1>10.162000010202734</C1>
                  <C2>46.38900000786632</C2>
                </COORD>
                <COORD>
                  <C1>10.161000010202176</C1>
                  <C2>46.38800000786614</C2>
                </COORD>
                <COORD>
                  <C1>10.160000010201623</C1>
                  <C2>46.387000007865936</C2>
                </COORD>
                <COORD>
                  <C1>10.15900001020075</C1>
                  <C2>46.387000007866256</C2>
                </COORD>
                <COORD>
                  <C1>10.157000010198999</C1>
                  <C2>46.38700000786693</C2>
                </COORD>
                <COORD>
                  <C1>10.156000010198126</C1>
                  <C2>46.38700000786725</C2>
                </COORD>
                <COORD>
                  <C1>10.155000010197252</C1>
                  <C2>46.3870000078676</C2>
                </COORD>
                <COORD>
                  <C1>10.154000010196382</C1>
                  <C2>46.38700000786794</C2>
                </COORD>
                <COORD>
                  <C1>10.153000010195509</C1>
                  <C2>46.38700000786828</C2>
                </COORD>
                <COORD>
                  <C1>10.151000010193757</C1>
                  <C2>46.387000007868934</C2>
                </COORD>
                <COORD>
                  <C1>10.151000010193437</C1>
                  <C2>46.388000007869465</C2>
                </COORD>
                <COORD>
                  <C1>10.150000010192562</C1>
                  <C2>46.388000007869785</C2>
                </COORD>
                <COORD>
                  <C1>10.149000010191369</C1>
                  <C2>46.38900000787066</C2>
                </COORD>
                <COORD>
                  <C1>10.148000010190492</C1>
                  <C2>46.389000007871</C2>
                </COORD>
                <COORD>
                  <C1>10.148000010190813</C1>
                  <C2>46.38800000787045</C2>
                </COORD>
                <COORD>
                  <C1>10.147000010189938</C1>
                  <C2>46.388000007870765</C2>
                </COORD>
                <COORD>
                  <C1>10.146000010189061</C1>
                  <C2>46.388000007871156</C2>
                </COORD>
                <COORD>
                  <C1>10.145000010188188</C1>
                  <C2>46.388000007871476</C2>
                </COORD>
                <COORD>
                  <C1>10.144000010187312</C1>
                  <C2>46.388000007871796</C2>
                </COORD>
                <COORD>
                  <C1>10.143000010186755</C1>
                  <C2>46.38700000787155</C2>
                </COORD>
                <COORD>
                  <C1>10.143000010186437</C1>
                  <C2>46.388000007872094</C2>
                </COORD>
                <COORD>
                  <C1>10.142000010185882</C1>
                  <C2>46.38700000787191</C2>
                </COORD>
                <COORD>
                  <C1>10.141000010185005</C1>
                  <C2>46.38700000787226</C2>
                </COORD>
                <COORD>
                  <C1>10.141000010185325</C1>
                  <C2>46.386000007871694</C2>
                </COORD>
                <COORD>
                  <C1>10.140000010184448</C1>
                  <C2>46.38600000787203</C2>
                </COORD>
                <COORD>
                  <C1>10.139000010183572</C1>
                  <C2>46.386000007872354</C2>
                </COORD>
                <COORD>
                  <C1>10.13900001018389</C1>
                  <C2>46.385000007871795</C2>
                </COORD>
                <COORD>
                  <C1>10.138000010183015</C1>
                  <C2>46.38500000787213</C2>
                </COORD>
                <COORD>
                  <C1>10.137000010182138</C1>
                  <C2>46.385000007872485</C2>
                </COORD>
                <COORD>
                  <C1>10.137000010182458</C1>
                  <C2>46.38400000787192</C2>
                </COORD>
                <COORD>
                  <C1>10.13600001018158</C1>
                  <C2>46.38400000787225</C2>
                </COORD>
                <COORD>
                  <C1>10.136000010181899</C1>
                  <C2>46.38300000787173</C2>
                </COORD>
                <COORD>
                  <C1>10.13500001018102</C1>
                  <C2>46.383000007872056</C2>
                </COORD>
                <COORD>
                  <C1>10.134000010180147</C1>
                  <C2>46.383000007872354</C2>
                </COORD>
                <COORD>
                  <C1>10.134000010180463</C1>
                  <C2>46.382000007871845</C2>
                </COORD>
                <COORD>
                  <C1>10.133000010179586</C1>
                  <C2>46.38200000787217</C2>
                </COORD>
                <COORD>
                  <C1>10.13200001017871</C1>
                  <C2>46.382000007872485</C2>
                </COORD>
                <COORD>
                  <C1>10.132000010179025</C1>
                  <C2>46.38100000787197</C2>
                </COORD>
                <COORD>
                  <C1>10.131000010178148</C1>
                  <C2>46.3810000078723</C2>
                </COORD>
                <COORD>
                  <C1>10.130000010177277</C1>
                  <C2>46.381000007872636</C2>
                </COORD>
                <COORD>
                  <C1>10.130000010177596</C1>
                  <C2>46.3800000078721</C2>
                </COORD>
                <COORD>
                  <C1>10.129000010176714</C1>
                  <C2>46.380000007872425</C2>
                </COORD>
                <COORD>
                  <C1>10.129000010177036</C1>
                  <C2>46.37900000787185</C2>
                </COORD>
                <COORD>
                  <C1>10.12900001017735</C1>
                  <C2>46.37800000787129</C2>
                </COORD>
                <COORD>
                  <C1>10.12900001017767</C1>
                  <C2>46.37700000787079</C2>
                </COORD>
                <COORD>
                  <C1>10.130000010178863</C1>
                  <C2>46.37600000786989</C2>
                </COORD>
                <COORD>
                  <C1>10.1290000101783</C1>
                  <C2>46.37500000786972</C2>
                </COORD>
                <COORD>
                  <C1>10.128000010177743</C1>
                  <C2>46.37400000786949</C2>
                </COORD>
                <COORD>
                  <C1>10.128000010178061</C1>
                  <C2>46.37300000786896</C2>
                </COORD>
                <COORD>
                  <C1>10.128000010178383</C1>
                  <C2>46.3720000078684</C2>
                </COORD>
                <COORD>
                  <C1>10.127000010177499</C1>
                  <C2>46.37200000786873</C2>
                </COORD>
                <COORD>
                  <C1>10.12700001017782</C1>
                  <C2>46.371000007868204</C2>
                </COORD>
                <COORD>
                  <C1>10.128000010178695</C1>
                  <C2>46.371000007867856</C2>
                </COORD>
                <COORD>
                  <C1>10.12900001017957</C1>
                  <C2>46.37100000786753</C2>
                </COORD>
                <COORD>
                  <C1>10.129000010179887</C1>
                  <C2>46.370000007866985</C2>
                </COORD>
                <COORD>
                  <C1>10.129000010180206</C1>
                  <C2>46.36900000786646</C2>
                </COORD>
                <COORD>
                  <C1>10.129000010180524</C1>
                  <C2>46.36800000786591</C2>
                </COORD>
                <COORD>
                  <C1>10.130000010181721</C1>
                  <C2>46.367000007864995</C2>
                </COORD>
                <COORD>
                  <C1>10.130000010182039</C1>
                  <C2>46.366000007864486</C2>
                </COORD>
                <COORD>
                  <C1>10.130000010182352</C1>
                  <C2>46.365000007863934</C2>
                </COORD>
                <COORD>
                  <C1>10.131000010183232</C1>
                  <C2>46.36500000786365</C2>
                </COORD>
                <COORD>
                  <C1>10.131000010183547</C1>
                  <C2>46.364000007863055</C2>
                </COORD>
                <COORD>
                  <C1>10.130000010182988</C1>
                  <C2>46.363000007862844</C2>
                </COORD>
                <COORD>
                  <C1>10.130000010183302</C1>
                  <C2>46.36200000786234</C2>
                </COORD>
                <COORD>
                  <C1>10.129000010182425</C1>
                  <C2>46.362000007862655</C2>
                </COORD>
                <COORD>
                  <C1>10.12800001018155</C1>
                  <C2>46.36200000786296</C2>
                </COORD>
                <COORD>
                  <C1>10.127000010180671</C1>
                  <C2>46.36200000786334</C2>
                </COORD>
                <COORD>
                  <C1>10.126000010180112</C1>
                  <C2>46.36100000786312</C2>
                </COORD>
                <COORD>
                  <C1>10.125000010179235</C1>
                  <C2>46.36100000786345</C2>
                </COORD>
                <COORD>
                  <C1>10.124000010178673</C1>
                  <C2>46.36000000786321</C2>
                </COORD>
                <COORD>
                  <C1>10.123000010177792</C1>
                  <C2>46.36000000786355</C2>
                </COORD>
                <COORD>
                  <C1>10.122000010176912</C1>
                  <C2>46.36000000786384</C2>
                </COORD>
                <COORD>
                  <C1>10.12100001017635</C1>
                  <C2>46.35900000786363</C2>
                </COORD>
                <COORD>
                  <C1>10.120000010175472</C1>
                  <C2>46.35900000786399</C2>
                </COORD>
                <COORD>
                  <C1>10.120000010175787</C1>
                  <C2>46.35800000786343</C2>
                </COORD>
                <COORD>
                  <C1>10.11900001017491</C1>
                  <C2>46.35800000786374</C2>
                </COORD>
                <COORD>
                  <C1>10.118000010174352</C1>
                  <C2>46.35700000786356</C2>
                </COORD>
                <COORD>
                  <C1>10.11700001017379</C1>
                  <C2>46.35600000786334</C2>
                </COORD>
                <COORD>
                  <C1>10.116000010173225</C1>
                  <C2>46.35500000786313</C2>
                </COORD>
                <COORD>
                  <C1>10.115000010172345</C1>
                  <C2>46.355000007863474</C2>
                </COORD>
                <COORD>
                  <C1>10.114000010171782</C1>
                  <C2>46.35400000786323</C2>
                </COORD>
                <COORD>
                  <C1>10.113000010170582</C1>
                  <C2>46.35500000786412</C2>
                </COORD>
                <COORD>
                  <C1>10.112000010169705</C1>
                  <C2>46.35500000786442</C2>
                </COORD>
                <COORD>
                  <C1>10.11100001016883</C1>
                  <C2>46.35500000786475</C2>
                </COORD>
                <COORD>
                  <C1>10.110000010167948</C1>
                  <C2>46.3550000078651</C2>
                </COORD>
                <COORD>
                  <C1>10.110000010168266</C1>
                  <C2>46.35400000786457</C2>
                </COORD>
                <COORD>
                  <C1>10.109000010167385</C1>
                  <C2>46.35400000786489</C2>
                </COORD>
                <COORD>
                  <C1>10.109000010167698</C1>
                  <C2>46.35300000786434</C2>
                </COORD>
                <COORD>
                  <C1>10.109000010168014</C1>
                  <C2>46.35200000786381</C2>
                </COORD>
                <COORD>
                  <C1>10.110000010169209</C1>
                  <C2>46.35100000786297</C2>
                </COORD>
                <COORD>
                  <C1>10.110000010169523</C1>
                  <C2>46.35000000786239</C2>
                </COORD>
                <COORD>
                  <C1>10.11000001016984</C1>
                  <C2>46.34900000786184</C2>
                </COORD>
                <COORD>
                  <C1>10.111000010171034</C1>
                  <C2>46.34800000786093</C2>
                </COORD>
                <COORD>
                  <C1>10.110000010170157</C1>
                  <C2>46.348000007861295</C2>
                </COORD>
                <COORD>
                  <C1>10.110000010170472</C1>
                  <C2>46.34700000786076</C2>
                </COORD>
                <COORD>
                  <C1>10.110000010170781</C1>
                  <C2>46.34600000786018</C2>
                </COORD>
                <COORD>
                  <C1>10.109000010169904</C1>
                  <C2>46.346000007860525</C2>
                </COORD>
                <COORD>
                  <C1>10.109000010170218</C1>
                  <C2>46.34500000785996</C2>
                </COORD>
                <COORD>
                  <C1>10.108000010169343</C1>
                  <C2>46.34500000786028</C2>
                </COORD>
                <COORD>
                  <C1>10.108000010169654</C1>
                  <C2>46.344000007859755</C2>
                </COORD>
                <COORD>
                  <C1>10.107000010168775</C1>
                  <C2>46.34400000786008</C2>
                </COORD>
                <COORD>
                  <C1>10.10800001016997</C1>
                  <C2>46.343000007859196</C2>
                </COORD>
                <COORD>
                  <C1>10.108000010170285</C1>
                  <C2>46.34200000785864</C2>
                </COORD>
                <COORD>
                  <C1>10.107000010169404</C1>
                  <C2>46.34200000785902</C2>
                </COORD>
                <COORD>
                  <C1>10.107000010169719</C1>
                  <C2>46.34100000785842</C2>
                </COORD>
                <COORD>
                  <C1>10.107000010170037</C1>
                  <C2>46.34000000785792</C2>
                </COORD>
                <COORD>
                  <C1>10.10700001017035</C1>
                  <C2>46.339000007857365</C2>
                </COORD>
                <COORD>
                  <C1>10.107000010170664</C1>
                  <C2>46.33800000785686</C2>
                </COORD>
                <COORD>
                  <C1>10.107000010170978</C1>
                  <C2>46.33700000785629</C2>
                </COORD>
                <COORD>
                  <C1>10.10700001017129</C1>
                  <C2>46.33600000785571</C2>
                </COORD>
                <COORD>
                  <C1>10.106000010170414</C1>
                  <C2>46.33600000785608</C2>
                </COORD>
                <COORD>
                  <C1>10.106000010170726</C1>
                  <C2>46.33500000785548</C2>
                </COORD>
                <COORD>
                  <C1>10.106000010171039</C1>
                  <C2>46.33400000785497</C2>
                </COORD>
                <COORD>
                  <C1>10.10700001017192</C1>
                  <C2>46.33400000785458</C2>
                </COORD>
                <COORD>
                  <C1>10.107000010172236</C1>
                  <C2>46.333000007854096</C2>
                </COORD>
                <COORD>
                  <C1>10.108000010173118</C1>
                  <C2>46.33300000785376</C2>
                </COORD>
                <COORD>
                  <C1>10.108000010173432</C1>
                  <C2>46.33200000785322</C2>
                </COORD>
                <COORD>
                  <C1>10.109000010174311</C1>
                  <C2>46.33200000785287</C2>
                </COORD>
                <COORD>
                  <C1>10.110000010175504</C1>
                  <C2>46.33100000785197</C2>
                </COORD>
                <COORD>
                  <C1>10.111000010176383</C1>
                  <C2>46.33100000785167</C2>
                </COORD>
                <COORD>
                  <C1>10.1110000101767</C1>
                  <C2>46.33000000785108</C2>
                </COORD>
                <COORD>
                  <C1>10.111000010177015</C1>
                  <C2>46.32900000785055</C2>
                </COORD>
                <COORD>
                  <C1>10.112000010177892</C1>
                  <C2>46.329000007850226</C2>
                </COORD>
                <COORD>
                  <C1>10.11200001017821</C1>
                  <C2>46.328000007849695</C2>
                </COORD>
                <COORD>
                  <C1>10.113000010179086</C1>
                  <C2>46.32800000784935</C2>
                </COORD>
                <COORD>
                  <C1>10.113000010179402</C1>
                  <C2>46.32700000784882</C2>
                </COORD>
                <COORD>
                  <C1>10.113000010179718</C1>
                  <C2>46.32600000784828</C2>
                </COORD>
                <COORD>
                  <C1>10.114000010180598</C1>
                  <C2>46.32600000784795</C2>
                </COORD>
                <COORD>
                  <C1>10.11400001018091</C1>
                  <C2>46.32500000784739</C2>
                </COORD>
                <COORD>
                  <C1>10.114000010181227</C1>
                  <C2>46.32400000784684</C2>
                </COORD>
                <COORD>
                  <C1>10.115000010182104</C1>
                  <C2>46.32400000784651</C2>
                </COORD>
                <COORD>
                  <C1>10.115000010182419</C1>
                  <C2>46.32300000784597</C2>
                </COORD>
                <COORD>
                  <C1>10.115000010182735</C1>
                  <C2>46.32200000784543</C2>
                </COORD>
                <COORD>
                  <C1>10.11500001018305</C1>
                  <C2>46.32100000784487</C2>
                </COORD>
                <COORD>
                  <C1>10.11600001018424</C1>
                  <C2>46.32000000784396</C2>
                </COORD>
                <COORD>
                  <C1>10.116000010184555</C1>
                  <C2>46.31900000784346</C2>
                </COORD>
                <COORD>
                  <C1>10.117000010185754</C1>
                  <C2>46.31800000784256</C2>
                </COORD>
                <COORD>
                  <C1>10.118000010186945</C1>
                  <C2>46.3170000078417</C2>
                </COORD>
                <COORD>
                  <C1>10.118000010187256</C1>
                  <C2>46.316000007841126</C2>
                </COORD>
                <COORD>
                  <C1>10.119000010188135</C1>
                  <C2>46.31600000784077</C2>
                </COORD>
                <COORD>
                  <C1>10.120000010189333</C1>
                  <C2>46.31500000783991</C2>
                </COORD>
                <COORD>
                  <C1>10.121000010190208</C1>
                  <C2>46.315000007839586</C2>
                </COORD>
                <COORD>
                  <C1>10.121000010190524</C1>
                  <C2>46.314000007839034</C2>
                </COORD>
                <COORD>
                  <C1>10.122000010191401</C1>
                  <C2>46.314000007838736</C2>
                </COORD>
                <COORD>
                  <C1>10.124000010193166</C1>
                  <C2>46.31400000783803</C2>
                </COORD>
                <COORD>
                  <C1>10.125000010194043</C1>
                  <C2>46.31400000783771</C2>
                </COORD>
                <COORD>
                  <C1>10.126000010195234</C1>
                  <C2>46.31300000783685</C2>
                </COORD>
                <COORD>
                  <C1>10.128000010197312</C1>
                  <C2>46.31200000783565</C2>
                </COORD>
                <COORD>
                  <C1>10.129000010198183</C1>
                  <C2>46.31200000783534</C2>
                </COORD>
                <COORD>
                  <C1>10.129000010198501</C1>
                  <C2>46.311000007834764</C2>
                </COORD>
                <COORD>
                  <C1>10.130000010199382</C1>
                  <C2>46.31100000783445</C2>
                </COORD>
                <COORD>
                  <C1>10.130000010199696</C1>
                  <C2>46.31000000783388</C2>
                </COORD>
                <COORD>
                  <C1>10.131000010200571</C1>
                  <C2>46.310000007833516</C2>
                </COORD>
                <COORD>
                  <C1>10.132000010201454</C1>
                  <C2>46.31000000783325</C2>
                </COORD>
                <COORD>
                  <C1>10.133000010202645</C1>
                  <C2>46.30900000783238</C2>
                </COORD>
                <COORD>
                  <C1>10.134000010203529</C1>
                  <C2>46.30900000783203</C2>
                </COORD>
                <COORD>
                  <C1>10.135000010204719</C1>
                  <C2>46.30800000783115</C2>
                </COORD>
                <COORD>
                  <C1>10.136000010205592</C1>
                  <C2>46.30800000783082</C2>
                </COORD>
                <COORD>
                  <C1>10.137000010206478</C1>
                  <C2>46.308000007830465</C2>
                </COORD>
                <COORD>
                  <C1>10.137000010206789</C1>
                  <C2>46.30700000782993</C2>
                </COORD>
                <COORD>
                  <C1>10.138000010207668</C1>
                  <C2>46.30700000782959</C2>
                </COORD>
                <COORD>
                  <C1>10.139000010208544</C1>
                  <C2>46.30700000782926</C2>
                </COORD>
                <COORD>
                  <C1>10.140000010209425</C1>
                  <C2>46.30700000782896</C2>
                </COORD>
                <COORD>
                  <C1>10.14000001020974</C1>
                  <C2>46.30600000782838</C2>
                </COORD>
                <COORD>
                  <C1>10.140000010210056</C1>
                  <C2>46.305000007827864</C2>
                </COORD>
                <COORD>
                  <C1>10.140000010210366</C1>
                  <C2>46.30400000782729</C2>
                </COORD>
                <COORD>
                  <C1>10.14000001021068</C1>
                  <C2>46.303000007826746</C2>
                </COORD>
                <COORD>
                  <C1>10.140000010210994</C1>
                  <C2>46.30200000782615</C2>
                </COORD>
                <COORD>
                  <C1>10.140000010211308</C1>
                  <C2>46.30100000782562</C2>
                </COORD>
                <COORD>
                  <C1>10.141000010212187</C1>
                  <C2>46.30100000782529</C2>
                </COORD>
                <COORD>
                  <C1>10.142000010213062</C1>
                  <C2>46.30100000782498</C2>
                </COORD>
                <COORD>
                  <C1>10.142000010213378</C1>
                  <C2>46.30000000782443</C2>
                </COORD>
                <COORD>
                  <C1>10.143000010214257</C1>
                  <C2>46.3000000078241</C2>
                </COORD>
                <COORD>
                  <C1>10.144000010215448</C1>
                  <C2>46.299000007823224</C2>
                </COORD>
                <COORD>
                  <C1>10.14500001021633</C1>
                  <C2>46.29900000782288</C2>
                </COORD>
                <COORD>
                  <C1>10.146000010217518</C1>
                  <C2>46.29800000782198</C2>
                </COORD>
                <COORD>
                  <C1>10.147000010218706</C1>
                  <C2>46.297000007821104</C2>
                </COORD>
                <COORD>
                  <C1>10.148000010219588</C1>
                  <C2>46.29700000782079</C2>
                </COORD>
                <COORD>
                  <C1>10.149000010220464</C1>
                  <C2>46.297000007820444</C2>
                </COORD>
                <COORD>
                  <C1>10.150000010221346</C1>
                  <C2>46.29700000782013</C2>
                </COORD>
                <COORD>
                  <C1>10.150000010221659</C1>
                  <C2>46.296000007819565</C2>
                </COORD>
                <COORD>
                  <C1>10.151000010222536</C1>
                  <C2>46.29600000781925</C2>
                </COORD>
                <COORD>
                  <C1>10.152000010223416</C1>
                  <C2>46.296000007818925</C2>
                </COORD>
                <COORD>
                  <C1>10.153000010224293</C1>
                  <C2>46.29600000781859</C2>
                </COORD>
                <COORD>
                  <C1>10.154000010225172</C1>
                  <C2>46.29600000781826</C2>
                </COORD>
                <COORD>
                  <C1>10.155000010226358</C1>
                  <C2>46.29500000781739</C2>
                </COORD>
                <COORD>
                  <C1>10.15600001022724</C1>
                  <C2>46.295000007817066</C2>
                </COORD>
                <COORD>
                  <C1>10.156000010227553</C1>
                  <C2>46.2940000078165</C2>
                </COORD>
                <COORD>
                  <C1>10.157000010228742</C1>
                  <C2>46.29300000781563</C2>
                </COORD>
                <COORD>
                  <C1>10.157000010229053</C1>
                  <C2>46.29200000781505</C2>
                </COORD>
                <COORD>
                  <C1>10.158000010230246</C1>
                  <C2>46.291000007814205</C2>
                </COORD>
                <COORD>
                  <C1>10.157000010229686</C1>
                  <C2>46.290000007813966</C2>
                </COORD>
                <COORD>
                  <C1>10.157000010229998</C1>
                  <C2>46.2890000078134</C2>
                </COORD>
                <COORD>
                  <C1>10.15600001022912</C1>
                  <C2>46.289000007813755</C2>
                </COORD>
                <COORD>
                  <C1>10.155000010228557</C1>
                  <C2>46.28800000781353</C2>
                </COORD>
                <COORD>
                  <C1>10.156000010229747</C1>
                  <C2>46.28700000781266</C2>
                </COORD>
                <COORD>
                  <C1>10.157000010230936</C1>
                  <C2>46.28600000781174</C2>
                </COORD>
                <COORD>
                  <C1>10.15900001023269</C1>
                  <C2>46.2860000078111</C2>
                </COORD>
                <COORD>
                  <C1>10.160000010233567</C1>
                  <C2>46.28600000781078</C2>
                </COORD>
                <COORD>
                  <C1>10.16100001023445</C1>
                  <C2>46.28600000781045</C2>
                </COORD>
                <COORD>
                  <C1>10.162000010235639</C1>
                  <C2>46.28500000780954</C2>
                </COORD>
                <COORD>
                  <C1>10.163000010236514</C1>
                  <C2>46.285000007809245</C2>
                </COORD>
                <COORD>
                  <C1>10.164000010237705</C1>
                  <C2>46.28400000780835</C2>
                </COORD>
                <COORD>
                  <C1>10.16300001023683</C1>
                  <C2>46.28400000780868</C2>
                </COORD>
                <COORD>
                  <C1>10.163000010237143</C1>
                  <C2>46.283000007808084</C2>
                </COORD>
                <COORD>
                  <C1>10.163000010237456</C1>
                  <C2>46.28200000780758</C2>
                </COORD>
                <COORD>
                  <C1>10.16300001023777</C1>
                  <C2>46.28100000780698</C2>
                </COORD>
                <COORD>
                  <C1>10.163000010238084</C1>
                  <C2>46.28000000780647</C2>
                </COORD>
                <COORD>
                  <C1>10.163000010238397</C1>
                  <C2>46.27900000780589</C2>
                </COORD>
                <COORD>
                  <C1>10.163000010238711</C1>
                  <C2>46.278000007805375</C2>
                </COORD>
                <COORD>
                  <C1>10.164000010239896</C1>
                  <C2>46.27700000780449</C2>
                </COORD>
                <COORD>
                  <C1>10.16500001024109</C1>
                  <C2>46.276000007803596</C2>
                </COORD>
                <COORD>
                  <C1>10.165000010241712</C1>
                  <C2>46.274000007802506</C2>
                </COORD>
                <COORD>
                  <C1>10.165000010242027</C1>
                  <C2>46.27300000780191</C2>
                </COORD>
                <COORD>
                  <C1>10.166000010242902</C1>
                  <C2>46.27300000780161</C2>
                </COORD>
                <COORD>
                  <C1>10.167000010243779</C1>
                  <C2>46.27300000780125</C2>
                </COORD>
                <COORD>
                  <C1>10.167000010244097</C1>
                  <C2>46.272000007800706</C2>
                </COORD>
                <COORD>
                  <C1>10.16800001024497</C1>
                  <C2>46.272000007800386</C2>
                </COORD>
                <COORD>
                  <C1>10.16900001024585</C1>
                  <C2>46.27200000780008</C2>
                </COORD>
                <COORD>
                  <C1>10.170000010247037</C1>
                  <C2>46.27100000779914</C2>
                </COORD>
                <COORD>
                  <C1>10.171000010247916</C1>
                  <C2>46.27100000779883</C2>
                </COORD>
                <COORD>
                  <C1>10.171000010248227</C1>
                  <C2>46.270000007798295</C2>
                </COORD>
                <COORD>
                  <C1>10.172000010249107</C1>
                  <C2>46.27000000779798</C2>
                </COORD>
                <COORD>
                  <C1>10.172000010249418</C1>
                  <C2>46.26900000779741</C2>
                </COORD>
                <COORD>
                  <C1>10.173000010250297</C1>
                  <C2>46.269000007797096</C2>
                </COORD>
                <COORD>
                  <C1>10.173000010250608</C1>
                  <C2>46.268000007796495</C2>
                </COORD>
                <COORD>
                  <C1>10.174000010251483</C1>
                  <C2>46.268000007796175</C2>
                </COORD>
                <COORD>
                  <C1>10.174000010251797</C1>
                  <C2>46.267000007795616</C2>
                </COORD>
                <COORD>
                  <C1>10.175000010252676</C1>
                  <C2>46.26700000779528</C2>
                </COORD>
                <COORD>
                  <C1>10.175000010252985</C1>
                  <C2>46.26600000779475</C2>
                </COORD>
                <COORD>
                  <C1>10.175000010253305</C1>
                  <C2>46.26500000779417</C2>
                </COORD>
                <COORD>
                  <C1>10.175000010253616</C1>
                  <C2>46.264000007793655</C2>
                </COORD>
                <COORD>
                  <C1>10.175000010253926</C1>
                  <C2>46.26300000779309</C2>
                </COORD>
                <COORD>
                  <C1>10.176000010254803</C1>
                  <C2>46.263000007792726</C2>
                </COORD>
                <COORD>
                  <C1>10.176000010255118</C1>
                  <C2>46.26200000779217</C2>
                </COORD>
                <COORD>
                  <C1>10.177000010255991</C1>
                  <C2>46.26200000779188</C2>
                </COORD>
                <COORD>
                  <C1>10.177000010256304</C1>
                  <C2>46.26100000779132</C2>
                </COORD>
                <COORD>
                  <C1>10.178000010257493</C1>
                  <C2>46.260000007790396</C2>
                </COORD>
                <COORD>
                  <C1>10.17600001025699</C1>
                  <C2>46.256000007788856</C2>
                </COORD>
                <COORD>
                  <C1>10.17100001025354</C1>
                  <C2>46.253000007788835</C2>
                </COORD>
                <COORD>
                  <C1>10.158000010244615</C1>
                  <C2>46.245000007788676</C2>
                </COORD>
                <COORD>
                  <C1>10.152000010240581</C1>
                  <C2>46.241000007788415</C2>
                </COORD>
                <COORD>
                  <C1>10.150000010239753</C1>
                  <C2>46.2380000077874</C2>
                </COORD>
                <COORD>
                  <C1>10.149000010239492</C1>
                  <C2>46.23600000778661</C2>
                </COORD>
                <COORD>
                  <C1>10.148000010239233</C1>
                  <C2>46.23400000778581</C2>
                </COORD>
                <COORD>
                  <C1>10.147000010238973</C1>
                  <C2>46.23200000778505</C2>
                </COORD>
                <COORD>
                  <C1>10.139000010232852</C1>
                  <C2>46.22900000778596</C2>
                </COORD>
                <COORD>
                  <C1>10.134000010229066</C1>
                  <C2>46.22700000778648</C2>
                </COORD>
                <COORD>
                  <C1>10.130000010225542</C1>
                  <C2>46.22700000778778</C2>
                </COORD>
                <COORD>
                  <C1>10.127000010222892</C1>
                  <C2>46.22700000778878</C2>
                </COORD>
                <COORD>
                  <C1>10.125000010221438</C1>
                  <C2>46.2260000077889</C2>
                </COORD>
                <COORD>
                  <C1>10.122000010218786</C1>
                  <C2>46.22600000778988</C2>
                </COORD>
                <COORD>
                  <C1>10.120000010216712</C1>
                  <C2>46.22700000779107</C2>
                </COORD>
                <COORD>
                  <C1>10.117000010214069</C1>
                  <C2>46.22700000779208</C2>
                </COORD>
                <COORD>
                  <C1>10.115000010212299</C1>
                  <C2>46.227000007792675</C2>
                </COORD>
                <COORD>
                  <C1>10.110000010207573</C1>
                  <C2>46.228000007794904</C2>
                </COORD>
                <COORD>
                  <C1>10.107000010204606</C1>
                  <C2>46.229000007796465</C2>
                </COORD>
                <COORD>
                  <C1>10.105000010202533</C1>
                  <C2>46.23000000779765</C2>
                </COORD>
                <COORD>
                  <C1>10.103000010200764</C1>
                  <C2>46.2300000077983</C2>
                </COORD>
                <COORD>
                  <C1>10.100000010198418</C1>
                  <C2>46.22900000779871</C2>
                </COORD>
                <COORD>
                  <C1>10.099000010197223</C1>
                  <C2>46.230000007799646</C2>
                </COORD>
                <COORD>
                  <C1>10.09600001019457</C1>
                  <C2>46.23000000780058</C2>
                </COORD>
                <COORD>
                  <C1>10.095000010193687</C1>
                  <C2>46.23000000780092</C2>
                </COORD>
                <COORD>
                  <C1>10.093000010191917</C1>
                  <C2>46.23000000780158</C2>
                </COORD>
                <COORD>
                  <C1>10.091000010190143</C1>
                  <C2>46.23000000780221</C2>
                </COORD>
                <COORD>
                  <C1>10.090000010189257</C1>
                  <C2>46.23000000780255</C2>
                </COORD>
                <COORD>
                  <C1>10.089000010188679</C1>
                  <C2>46.22900000780235</C2>
                </COORD>
                <COORD>
                  <C1>10.088000010187791</C1>
                  <C2>46.22900000780266</C2>
                </COORD>
                <COORD>
                  <C1>10.086000010186023</C1>
                  <C2>46.22900000780335</C2>
                </COORD>
                <COORD>
                  <C1>10.085000010185444</C1>
                  <C2>46.228000007803054</C2>
                </COORD>
                <COORD>
                  <C1>10.084000010184555</C1>
                  <C2>46.22800000780338</C2>
                </COORD>
                <COORD>
                  <C1>10.08200001018309</C1>
                  <C2>46.22700000780351</C2>
                </COORD>
                <COORD>
                  <C1>10.08000001018193</C1>
                  <C2>46.22500000780302</C2>
                </COORD>
                <COORD>
                  <C1>10.07900001018135</C1>
                  <C2>46.22400000780276</C2>
                </COORD>
                <COORD>
                  <C1>10.077000010179884</C1>
                  <C2>46.22300000780288</C2>
                </COORD>
                <COORD>
                  <C1>10.075000010178725</C1>
                  <C2>46.2210000078024</C2>
                </COORD>
                <COORD>
                  <C1>10.073000010177257</C1>
                  <C2>46.22000000780248</C2>
                </COORD>
                <COORD>
                  <C1>10.072000010176676</C1>
                  <C2>46.21900000780227</C2>
                </COORD>
                <COORD>
                  <C1>10.0700000101749</C1>
                  <C2>46.219000007802904</C2>
                </COORD>
                <COORD>
                  <C1>10.068000010172813</C1>
                  <C2>46.22000000780408</C2>
                </COORD>
                <COORD>
                  <C1>10.06800001017251</C1>
                  <C2>46.22100000780468</C2>
                </COORD>
                <COORD>
                  <C1>10.064000010168654</C1>
                  <C2>46.22200000780654</C2>
                </COORD>
                <COORD>
                  <C1>10.063000010167153</C1>
                  <C2>46.224000007808016</C2>
                </COORD>
                <COORD>
                  <C1>10.061000010165069</C1>
                  <C2>46.2250000078092</C2>
                </COORD>
                <COORD>
                  <C1>10.060000010163568</C1>
                  <C2>46.22700000781068</C2>
                </COORD>
                <COORD>
                  <C1>10.059000010162672</C1>
                  <C2>46.227000007810965</C2>
                </COORD>
                <COORD>
                  <C1>10.057000010160898</C1>
                  <C2>46.22700000781164</C2>
                </COORD>
                <COORD>
                  <C1>10.056000010159705</C1>
                  <C2>46.2280000078125</C2>
                </COORD>
                <COORD>
                  <C1>10.05500001015851</C1>
                  <C2>46.22900000781338</C2>
                </COORD>
                <COORD>
                  <C1>10.053000010156733</C1>
                  <C2>46.229000007814065</C2>
                </COORD>
                <COORD>
                  <C1>10.053000010156422</C1>
                  <C2>46.23000000781459</C2>
                </COORD>
                <COORD>
                  <C1>10.051000010154953</C1>
                  <C2>46.22900000781472</C2>
                </COORD>
                <COORD>
                  <C1>10.050000010153758</C1>
                  <C2>46.2300000078156</C2>
                </COORD>
                <COORD>
                  <C1>10.049000010152865</C1>
                  <C2>46.23000000781592</C2>
                </COORD>
                <COORD>
                  <C1>10.04900001015256</C1>
                  <C2>46.231000007816476</C2>
                </COORD>
                <COORD>
                  <C1>10.048000010151672</C1>
                  <C2>46.231000007816796</C2>
                </COORD>
                <COORD>
                  <C1>10.047000010150782</C1>
                  <C2>46.231000007817144</C2>
                </COORD>
                <COORD>
                  <C1>10.045000010149</C1>
                  <C2>46.23100000781776</C2>
                </COORD>
                <COORD>
                  <C1>10.045000010148696</C1>
                  <C2>46.232000007818364</C2>
                </COORD>
                <COORD>
                  <C1>10.04600001014928</C1>
                  <C2>46.233000007818575</C2>
                </COORD>
                <COORD>
                  <C1>10.047000010150166</C1>
                  <C2>46.23300000781827</C2>
                </COORD>
                <COORD>
                  <C1>10.049000010151639</C1>
                  <C2>46.23400000781818</C2>
                </COORD>
                <COORD>
                  <C1>10.051000010153114</C1>
                  <C2>46.235000007818066</C2>
                </COORD>
                <COORD>
                  <C1>10.052000010154003</C1>
                  <C2>46.23500000781776</C2>
                </COORD>
                <COORD>
                  <C1>10.052000010153694</C1>
                  <C2>46.23600000781831</C2>
                </COORD>
                <COORD>
                  <C1>10.053000010154275</C1>
                  <C2>46.23700000781859</C2>
                </COORD>
                <COORD>
                  <C1>10.054000010155164</C1>
                  <C2>46.23700000781823</C2>
                </COORD>
                <COORD>
                  <C1>10.055000010155748</C1>
                  <C2>46.23800000781844</C2>
                </COORD>
                <COORD>
                  <C1>10.055000010155439</C1>
                  <C2>46.23900000781904</C2>
                </COORD>
                <COORD>
                  <C1>10.056000010156021</C1>
                  <C2>46.24000000781924</C2>
                </COORD>
                <COORD>
                  <C1>10.056000010155712</C1>
                  <C2>46.24100000781985</C2>
                </COORD>
                <COORD>
                  <C1>10.055000010154519</C1>
                  <C2>46.24200000782071</C2>
                </COORD>
                <COORD>
                  <C1>10.055000010154211</C1>
                  <C2>46.24300000782127</C2>
                </COORD>
                <COORD>
                  <C1>10.055000010153906</C1>
                  <C2>46.24400000782181</C2>
                </COORD>
                <COORD>
                  <C1>10.056000010154792</C1>
                  <C2>46.24400000782149</C2>
                </COORD>
                <COORD>
                  <C1>10.056000010154486</C1>
                  <C2>46.24500000782205</C2>
                </COORD>
                <COORD>
                  <C1>10.057000010155372</C1>
                  <C2>46.245000007821695</C2>
                </COORD>
                <COORD>
                  <C1>10.05800001015626</C1>
                  <C2>46.24500000782139</C2>
                </COORD>
                <COORD>
                  <C1>10.05800001015595</C1>
                  <C2>46.246000007821955</C2>
                </COORD>
                <COORD>
                  <C1>10.058000010155643</C1>
                  <C2>46.24700000782251</C2>
                </COORD>
                <COORD>
                  <C1>10.058000010155338</C1>
                  <C2>46.24800000782305</C2>
                </COORD>
                <COORD>
                  <C1>10.058000010155027</C1>
                  <C2>46.24900000782365</C2>
                </COORD>
                <COORD>
                  <C1>10.059000010155916</C1>
                  <C2>46.24900000782335</C2>
                </COORD>
                <COORD>
                  <C1>10.060000010156807</C1>
                  <C2>46.249000007823</C2>
                </COORD>
                <COORD>
                  <C1>10.061000010157693</C1>
                  <C2>46.249000007822666</C2>
                </COORD>
                <COORD>
                  <C1>10.06200001015827</C1>
                  <C2>46.25000000782287</C2>
                </COORD>
                <COORD>
                  <C1>10.062000010157965</C1>
                  <C2>46.25100000782342</C2>
                </COORD>
                <COORD>
                  <C1>10.062000010157654</C1>
                  <C2>46.252000007824</C2>
                </COORD>
                <COORD>
                  <C1>10.062000010157348</C1>
                  <C2>46.25300000782455</C2>
                </COORD>
                <COORD>
                  <C1>10.06100001015646</C1>
                  <C2>46.25300000782491</C2>
                </COORD>
                <COORD>
                  <C1>10.061000010156155</C1>
                  <C2>46.25400000782544</C2>
                </COORD>
                <COORD>
                  <C1>10.060000010155266</C1>
                  <C2>46.254000007825766</C2>
                </COORD>
                <COORD>
                  <C1>10.06000001015496</C1>
                  <C2>46.25500000782633</C2>
                </COORD>
                <COORD>
                  <C1>10.06000001015465</C1>
                  <C2>46.2560000078269</C2>
                </COORD>
                <COORD>
                  <C1>10.060000010154342</C1>
                  <C2>46.257000007827436</C2>
                </COORD>
                <COORD>
                  <C1>10.060000010154035</C1>
                  <C2>46.25800000782802</C2>
                </COORD>
                <COORD>
                  <C1>10.059000010153149</C1>
                  <C2>46.25800000782834</C2>
                </COORD>
                <COORD>
                  <C1>10.057000010151063</C1>
                  <C2>46.259000007829556</C2>
                </COORD>
                <COORD>
                  <C1>10.058000010151948</C1>
                  <C2>46.25900000782921</C2>
                </COORD>
                <COORD>
                  <C1>10.059000010152529</C1>
                  <C2>46.26000000782943</C2>
                </COORD>
                <COORD>
                  <C1>10.05900001015222</C1>
                  <C2>46.261000007829985</C2>
                </COORD>
                <COORD>
                  <C1>10.058000010150714</C1>
                  <C2>46.26300000783145</C2>
                </COORD>
                <COORD>
                  <C1>10.05700001014952</C1>
                  <C2>46.26400000783232</C2>
                </COORD>
                <COORD>
                  <C1>10.057000010149213</C1>
                  <C2>46.2650000078329</C2>
                </COORD>
                <COORD>
                  <C1>10.057000010148904</C1>
                  <C2>46.26600000783345</C2>
                </COORD>
                <COORD>
                  <C1>10.057000010148599</C1>
                  <C2>46.26700000783398</C2>
                </COORD>
                <COORD>
                  <C1>10.057000010148288</C1>
                  <C2>46.26800000783455</C2>
                </COORD>
                <COORD>
                  <C1>10.056000010147397</C1>
                  <C2>46.268000007834864</C2>
                </COORD>
                <COORD>
                  <C1>10.0550000101462</C1>
                  <C2>46.26900000783578</C2>
                </COORD>
                <COORD>
                  <C1>10.054000010145312</C1>
                  <C2>46.26900000783608</C2>
                </COORD>
                <COORD>
                  <C1>10.053000010144428</C1>
                  <C2>46.26900000783643</C2>
                </COORD>
                <COORD>
                  <C1>10.052000010143537</C1>
                  <C2>46.269000007836745</C2>
                </COORD>
                <COORD>
                  <C1>10.05100001014234</C1>
                  <C2>46.27000000783765</C2>
                </COORD>
                <COORD>
                  <C1>10.050000010141458</C1>
                  <C2>46.27000000783791</C2>
                </COORD>
                <COORD>
                  <C1>10.049000010140563</C1>
                  <C2>46.27000000783826</C2>
                </COORD>
                <COORD>
                  <C1>10.048000010139368</C1>
                  <C2>46.27100000783915</C2>
                </COORD>
                <COORD>
                  <C1>10.047000010138174</C1>
                  <C2>46.272000007840035</C2>
                </COORD>
                <COORD>
                  <C1>10.046000010137282</C1>
                  <C2>46.27200000784035</C2>
                </COORD>
                <COORD>
                  <C1>10.045000010136391</C1>
                  <C2>46.27200000784067</C2>
                </COORD>
                <COORD>
                  <C1>10.044000010135198</C1>
                  <C2>46.27300000784157</C2>
                </COORD>
                <COORD>
                  <C1>10.043000010134309</C1>
                  <C2>46.273000007841894</C2>
                </COORD>
                <COORD>
                  <C1>10.043000010134</C1>
                  <C2>46.274000007842474</C2>
                </COORD>
                <COORD>
                  <C1>10.04200001013311</C1>
                  <C2>46.274000007842794</C2>
                </COORD>
                <COORD>
                  <C1>10.041000010132228</C1>
                  <C2>46.274000007843114</C2>
                </COORD>
                <COORD>
                  <C1>10.041000010131917</C1>
                  <C2>46.27500000784365</C2>
                </COORD>
                <COORD>
                  <C1>10.040000010131028</C1>
                  <C2>46.275000007844</C2>
                </COORD>
                <COORD>
                  <C1>10.040000010130717</C1>
                  <C2>46.276000007844566</C2>
                </COORD>
                <COORD>
                  <C1>10.039000010129827</C1>
                  <C2>46.27600000784489</C2>
                </COORD>
                <COORD>
                  <C1>10.038000010128943</C1>
                  <C2>46.276000007845184</C2>
                </COORD>
                <COORD>
                  <C1>10.037000010127743</C1>
                  <C2>46.27700000784612</C2>
                </COORD>
                <COORD>
                  <C1>10.036000010126857</C1>
                  <C2>46.2770000078464</C2>
                </COORD>
                <COORD>
                  <C1>10.03400001012508</C1>
                  <C2>46.277000007847064</C2>
                </COORD>
                <COORD>
                  <C1>10.034000010124766</C1>
                  <C2>46.278000007847616</C2>
                </COORD>
                <COORD>
                  <C1>10.033000010123876</C1>
                  <C2>46.27800000784798</C2>
                </COORD>
                <COORD>
                  <C1>10.03300001012357</C1>
                  <C2>46.279000007848495</C2>
                </COORD>
                <COORD>
                  <C1>10.032000010122681</C1>
                  <C2>46.27900000784884</C2>
                </COORD>
                <COORD>
                  <C1>10.031000010121792</C1>
                  <C2>46.27900000784913</C2>
                </COORD>
                <COORD>
                  <C1>10.030000010120904</C1>
                  <C2>46.27900000784948</C2>
                </COORD>
                <COORD>
                  <C1>10.029000010119706</C1>
                  <C2>46.28000000785031</C2>
                </COORD>
                <COORD>
                  <C1>10.028000010118813</C1>
                  <C2>46.280000007850674</C2>
                </COORD>
                <COORD>
                  <C1>10.027000010117924</C1>
                  <C2>46.280000007851</C2>
                </COORD>
                <COORD>
                  <C1>10.026000010117032</C1>
                  <C2>46.28000000785132</C2>
                </COORD>
                <COORD>
                  <C1>10.025000010116145</C1>
                  <C2>46.28000000785166</C2>
                </COORD>
                <COORD>
                  <C1>10.024000010115255</C1>
                  <C2>46.28000000785198</C2>
                </COORD>
                <COORD>
                  <C1>10.023000010114368</C1>
                  <C2>46.280000007852294</C2>
                </COORD>
                <COORD>
                  <C1>10.023000010114057</C1>
                  <C2>46.28100000785285</C2>
                </COORD>
                <COORD>
                  <C1>10.022000010113166</C1>
                  <C2>46.281000007853194</C2>
                </COORD>
                <COORD>
                  <C1>10.021000010112278</C1>
                  <C2>46.28100000785352</C2>
                </COORD>
                <COORD>
                  <C1>10.020000010111385</C1>
                  <C2>46.281000007853834</C2>
                </COORD>
                <COORD>
                  <C1>10.019000010110494</C1>
                  <C2>46.28100000785418</C2>
                </COORD>
                <COORD>
                  <C1>10.018000010109605</C1>
                  <C2>46.281000007854466</C2>
                </COORD>
                <COORD>
                  <C1>10.01700001010872</C1>
                  <C2>46.28100000785483</C2>
                </COORD>
                <COORD>
                  <C1>10.017000010108411</C1>
                  <C2>46.28200000785532</C2>
                </COORD>
                <COORD>
                  <C1>10.016000010107518</C1>
                  <C2>46.28200000785567</C2>
                </COORD>
                <COORD>
                  <C1>10.015000010106627</C1>
                  <C2>46.28200000785599</C2>
                </COORD>
                <COORD>
                  <C1>10.014000010105736</C1>
                  <C2>46.28200000785634</C2>
                </COORD>
                <COORD>
                  <C1>10.013000010104847</C1>
                  <C2>46.282000007856645</C2>
                </COORD>
                <COORD>
                  <C1>10.012000010103648</C1>
                  <C2>46.28300000785755</C2>
                </COORD>
                <COORD>
                  <C1>10.011000010102752</C1>
                  <C2>46.28300000785788</C2>
                </COORD>
                <COORD>
                  <C1>10.01100001010306</C1>
                  <C2>46.28200000785732</C2>
                </COORD>
                <COORD>
                  <C1>10.010000010102173</C1>
                  <C2>46.28200000785762</C2>
                </COORD>
                <COORD>
                  <C1>10.010000010101866</C1>
                  <C2>46.28300000785822</C2>
                </COORD>
                <COORD>
                  <C1>10.009000010100975</C1>
                  <C2>46.28300000785852</C2>
                </COORD>
                <COORD>
                  <C1>10.008000010100082</C1>
                  <C2>46.28300000785886</C2>
                </COORD>
                <COORD>
                  <C1>10.008000010099769</C1>
                  <C2>46.28400000785939</C2>
                </COORD>
                <COORD>
                  <C1>10.007000010098881</C1>
                  <C2>46.28400000785972</C2>
                </COORD>
                <COORD>
                  <C1>10.006000010097988</C1>
                  <C2>46.28400000786003</C2>
                </COORD>
                <COORD>
                  <C1>10.0050000100971</C1>
                  <C2>46.284000007860364</C2>
                </COORD>
                <COORD>
                  <C1>10.004000010096206</C1>
                  <C2>46.284000007860705</C2>
                </COORD>
                <COORD>
                  <C1>10.0040000100959</C1>
                  <C2>46.28500000786128</C2>
                </COORD>
                <COORD>
                  <C1>10.003000010095002</C1>
                  <C2>46.28500000786159</C2>
                </COORD>
                <COORD>
                  <C1>10.002000010094116</C1>
                  <C2>46.28500000786187</C2>
                </COORD>
                <COORD>
                  <C1>10.001000010093229</C1>
                  <C2>46.28500000786225</C2>
                </COORD>
                <COORD>
                  <C1>9.99800001009024</C1>
                  <C2>46.28600000786376</C2>
                </COORD>
                <COORD>
                  <C1>9.997000010089039</C1>
                  <C2>46.287000007864634</C2>
                </COORD>
                <COORD>
                  <C1>9.99700001008873</C1>
                  <C2>46.28800000786517</C2>
                </COORD>
                <COORD>
                  <C1>9.996000010087533</C1>
                  <C2>46.28900000786608</C2>
                </COORD>
                <COORD>
                  <C1>9.996000010087224</C1>
                  <C2>46.29000000786663</C2>
                </COORD>
                <COORD>
                  <C1>9.996000010086917</C1>
                  <C2>46.29100000786717</C2>
                </COORD>
                <COORD>
                  <C1>9.995000010085407</C1>
                  <C2>46.293000007868635</C2>
                </COORD>
                <COORD>
                  <C1>9.9950000100851</C1>
                  <C2>46.29400000786914</C2>
                </COORD>
                <COORD>
                  <C1>9.994000010084207</C1>
                  <C2>46.29400000786947</C2>
                </COORD>
                <COORD>
                  <C1>9.9940000100839</C1>
                  <C2>46.29500000787006</C2>
                </COORD>
                <COORD>
                  <C1>9.993000010082394</C1>
                  <C2>46.2970000078715</C2>
                </COORD>
                <COORD>
                  <C1>9.993000010082083</C1>
                  <C2>46.29800000787203</C2>
                </COORD>
                <COORD>
                  <C1>9.993000010081778</C1>
                  <C2>46.29900000787258</C2>
                </COORD>
                <COORD>
                  <C1>9.994000010082667</C1>
                  <C2>46.29900000787226</C2>
                </COORD>
                <COORD>
                  <C1>9.995000010083558</C1>
                  <C2>46.29900000787192</C2>
                </COORD>
                <COORD>
                  <C1>9.996000010084451</C1>
                  <C2>46.299000007871584</C2>
                </COORD>
                <COORD>
                  <C1>9.997000010085344</C1>
                  <C2>46.299000007871264</C2>
                </COORD>
                <COORD>
                  <C1>9.998000010085926</C1>
                  <C2>46.3000000078715</C2>
                </COORD>
                <COORD>
                  <C1>9.99900001008651</C1>
                  <C2>46.30100000787174</C2>
                </COORD>
                <COORD>
                  <C1>9.9990000100862</C1>
                  <C2>46.3020000078723</C2>
                </COORD>
                <COORD>
                  <C1>10.000000010087088</C1>
                  <C2>46.302000007872</C2>
                </COORD>
                <COORD>
                  <C1>10.000000010086783</C1>
                  <C2>46.303000007872534</C2>
                </COORD>
                <COORD>
                  <C1>10.001000010087676</C1>
                  <C2>46.30300000787219</C2>
                </COORD>
                <COORD>
                  <C1>10.002000010088567</C1>
                  <C2>46.303000007871844</C2>
                </COORD>
                <COORD>
                  <C1>10.002000010088256</C1>
                  <C2>46.304000007872425</C2>
                </COORD>
                <COORD>
                  <C1>10.00200001008795</C1>
                  <C2>46.30500000787297</C2>
                </COORD>
                <COORD>
                  <C1>10.00200001008764</C1>
                  <C2>46.30600000787353</C2>
                </COORD>
                <COORD>
                  <C1>10.001000010086747</C1>
                  <C2>46.306000007873834</C2>
                </COORD>
                <COORD>
                  <C1>10.00100001008644</C1>
                  <C2>46.3070000078744</C2>
                </COORD>
                <COORD>
                  <C1>10.000000010085545</C1>
                  <C2>46.30700000787474</C2>
                </COORD>
                <COORD>
                  <C1>9.999000010084657</C1>
                  <C2>46.307000007875104</C2>
                </COORD>
                <COORD>
                  <C1>9.999000010084348</C1>
                  <C2>46.30800000787561</C2>
                </COORD>
                <COORD>
                  <C1>9.998000010083146</C1>
                  <C2>46.309000007876485</C2>
                </COORD>
                <COORD>
                  <C1>9.998000010082837</C1>
                  <C2>46.310000007877015</C2>
                </COORD>
                <COORD>
                  <C1>9.99900001008373</C1>
                  <C2>46.310000007876724</C2>
                </COORD>
                <COORD>
                  <C1>10.000000010084308</C1>
                  <C2>46.31100000787693</C2>
                </COORD>
                <COORD>
                  <C1>10.001000010085201</C1>
                  <C2>46.3110000078766</C2>
                </COORD>
                <COORD>
                  <C1>10.001000010084892</C1>
                  <C2>46.31200000787717</C2>
                </COORD>
                <COORD>
                  <C1>10.001000010084583</C1>
                  <C2>46.31300000787771</C2>
                </COORD>
                <COORD>
                  <C1>10.001000010084278</C1>
                  <C2>46.314000007878285</C2>
                </COORD>
                <COORD>
                  <C1>10.001000010083965</C1>
                  <C2>46.31500000787883</C2>
                </COORD>
                <COORD>
                  <C1>10.000000010082763</C1>
                  <C2>46.31600000787968</C2>
                </COORD>
                <COORD>
                  <C1>9.999000010081874</C1>
                  <C2>46.31600000788001</C2>
                </COORD>
                <COORD>
                  <C1>9.99700001008009</C1>
                  <C2>46.31600000788066</C2>
                </COORD>
                <COORD>
                  <C1>9.996000010079202</C1>
                  <C2>46.316000007881</C2>
                </COORD>
                <COORD>
                  <C1>9.996000010078893</C1>
                  <C2>46.317000007881546</C2>
                </COORD>
                <COORD>
                  <C1>9.995000010077998</C1>
                  <C2>46.3170000078819</C2>
                </COORD>
                <COORD>
                  <C1>9.994000010077105</C1>
                  <C2>46.3170000078822</C2>
                </COORD>
                <COORD>
                  <C1>9.994000010076794</C1>
                  <C2>46.318000007882745</C2>
                </COORD>
                <COORD>
                  <C1>9.993000010075908</C1>
                  <C2>46.31800000788309</C2>
                </COORD>
                <COORD>
                  <C1>9.99200001007471</C1>
                  <C2>46.31900000788397</C2>
                </COORD>
                <COORD>
                  <C1>9.991000010073817</C1>
                  <C2>46.31900000788428</C2>
                </COORD>
                <COORD>
                  <C1>9.99000001007261</C1>
                  <C2>46.32000000788515</C2>
                </COORD>
                <COORD>
                  <C1>9.98900001007141</C1>
                  <C2>46.32100000788601</C2>
                </COORD>
                <COORD>
                  <C1>9.988000010070518</C1>
                  <C2>46.32100000788638</C2>
                </COORD>
                <COORD>
                  <C1>9.987000010069318</C1>
                  <C2>46.32200000788723</C2>
                </COORD>
                <COORD>
                  <C1>9.987000010069012</C1>
                  <C2>46.32300000788778</C2>
                </COORD>
                <COORD>
                  <C1>9.986000010068121</C1>
                  <C2>46.32300000788813</C2>
                </COORD>
                <COORD>
                  <C1>9.985000010067225</C1>
                  <C2>46.32300000788842</C2>
                </COORD>
                <COORD>
                  <C1>9.985000010066914</C1>
                  <C2>46.32400000788898</C2>
                </COORD>
                <COORD>
                  <C1>9.984000010066024</C1>
                  <C2>46.32400000788933</C2>
                </COORD>
                <COORD>
                  <C1>9.98300001006513</C1>
                  <C2>46.324000007889616</C2>
                </COORD>
                <COORD>
                  <C1>9.982000010063931</C1>
                  <C2>46.32500000789051</C2>
                </COORD>
                <COORD>
                  <C1>9.981000010063038</C1>
                  <C2>46.32500000789082</C2>
                </COORD>
                <COORD>
                  <C1>9.98200001006362</C1>
                  <C2>46.32600000789107</C2>
                </COORD>
                <COORD>
                  <C1>9.983000010064202</C1>
                  <C2>46.32700000789126</C2>
                </COORD>
                <COORD>
                  <C1>9.983000010063893</C1>
                  <C2>46.328000007891795</C2>
                </COORD>
                <COORD>
                  <C1>9.984000010064788</C1>
                  <C2>46.32800000789151</C2>
                </COORD>
                <COORD>
                  <C1>9.984000010064474</C1>
                  <C2>46.32900000789204</C2>
                </COORD>
                <COORD>
                  <C1>9.985000010065056</C1>
                  <C2>46.33000000789231</C2>
                </COORD>
                <COORD>
                  <C1>9.986000010065954</C1>
                  <C2>46.33000000789199</C2>
                </COORD>
                <COORD>
                  <C1>9.986000010065645</C1>
                  <C2>46.33100000789252</C2>
                </COORD>
                <COORD>
                  <C1>9.98500001006475</C1>
                  <C2>46.33100000789282</C2>
                </COORD>
                <COORD>
                  <C1>9.986000010065023</C1>
                  <C2>46.33300000789362</C2>
                </COORD>
                <COORD>
                  <C1>9.987000010065602</C1>
                  <C2>46.33400000789383</C2>
                </COORD>
                <COORD>
                  <C1>9.987000010065291</C1>
                  <C2>46.33500000789439</C2>
                </COORD>
                <COORD>
                  <C1>9.987000010064985</C1>
                  <C2>46.33600000789491</C2>
                </COORD>
                <COORD>
                  <C1>9.988000010065873</C1>
                  <C2>46.33600000789461</C2>
                </COORD>
                <COORD>
                  <C1>9.989000010066766</C1>
                  <C2>46.33600000789428</C2>
                </COORD>
                <COORD>
                  <C1>9.989000010066455</C1>
                  <C2>46.337000007894815</C2>
                </COORD>
                <COORD>
                  <C1>9.990000010067034</C1>
                  <C2>46.33800000789503</C2>
                </COORD>
                <COORD>
                  <C1>9.991000010067925</C1>
                  <C2>46.33800000789471</C2>
                </COORD>
                <COORD>
                  <C1>9.992000010068509</C1>
                  <C2>46.33900000789495</C2>
                </COORD>
                <COORD>
                  <C1>9.992000010068196</C1>
                  <C2>46.3400000078955</C2>
                </COORD>
                <COORD>
                  <C1>9.992000010067889</C1>
                  <C2>46.34100000789604</C2>
                </COORD>
                <COORD>
                  <C1>9.993000010068467</C1>
                  <C2>46.34200000789627</C2>
                </COORD>
                <COORD>
                  <C1>9.994000010069355</C1>
                  <C2>46.34200000789594</C2>
                </COORD>
                <COORD>
                  <C1>9.994000010069046</C1>
                  <C2>46.34300000789647</C2>
                </COORD>
                <COORD>
                  <C1>9.995000010069933</C1>
                  <C2>46.34300000789618</C2>
                </COORD>
                <COORD>
                  <C1>9.997000010071405</C1>
                  <C2>46.34400000789611</C2>
                </COORD>
                <COORD>
                  <C1>9.997000010071094</C1>
                  <C2>46.345000007896594</C2>
                </COORD>
                <COORD>
                  <C1>9.996000010069896</C1>
                  <C2>46.346000007897466</C2>
                </COORD>
                <COORD>
                  <C1>9.997000010070472</C1>
                  <C2>46.34700000789771</C2>
                </COORD>
                <COORD>
                  <C1>9.99700001007016</C1>
                  <C2>46.348000007898236</C2>
                </COORD>
                <COORD>
                  <C1>9.996000010069274</C1>
                  <C2>46.34800000789858</C2>
                </COORD>
                <COORD>
                  <C1>9.996000010068963</C1>
                  <C2>46.34900000789912</C2>
                </COORD>
                <COORD>
                  <C1>9.996000010068649</C1>
                  <C2>46.350000007899666</C2>
                </COORD>
                <COORD>
                  <C1>9.99600001006834</C1>
                  <C2>46.35100000790025</C2>
                </COORD>
                <COORD>
                  <C1>9.997000010069229</C1>
                  <C2>46.351000007899906</C2>
                </COORD>
                <COORD>
                  <C1>9.997000010068916</C1>
                  <C2>46.35200000790043</C2>
                </COORD>
                <COORD>
                  <C1>9.998000010069493</C1>
                  <C2>46.353000007900675</C2>
                </COORD>
                <COORD>
                  <C1>9.997000010068602</C1>
                  <C2>46.35300000790099</C2>
                </COORD>
                <COORD>
                  <C1>9.997000010068291</C1>
                  <C2>46.35400000790153</C2>
                </COORD>
                <COORD>
                  <C1>9.996000010067402</C1>
                  <C2>46.354000007901845</C2>
                </COORD>
                <COORD>
                  <C1>9.995000010066509</C1>
                  <C2>46.354000007902194</C2>
                </COORD>
                <COORD>
                  <C1>9.994000010065621</C1>
                  <C2>46.3540000079025</C2>
                </COORD>
                <COORD>
                  <C1>9.993000010064735</C1>
                  <C2>46.35400000790281</C2>
                </COORD>
                <COORD>
                  <C1>9.99200001006384</C1>
                  <C2>46.35400000790316</C2>
                </COORD>
                <COORD>
                  <C1>9.991000010062951</C1>
                  <C2>46.3540000079035</C2>
                </COORD>
                <COORD>
                  <C1>9.99000001006206</C1>
                  <C2>46.354000007903835</C2>
                </COORD>
                <COORD>
                  <C1>9.989000010061174</C1>
                  <C2>46.354000007904126</C2>
                </COORD>
                <COORD>
                  <C1>9.987000010059699</C1>
                  <C2>46.35300000790425</C2>
                </COORD>
                <COORD>
                  <C1>9.986000010058813</C1>
                  <C2>46.353000007904555</C2>
                </COORD>
                <COORD>
                  <C1>9.986000010058497</C1>
                  <C2>46.354000007905114</C2>
                </COORD>
                <COORD>
                  <C1>9.986000010058188</C1>
                  <C2>46.355000007905645</C2>
                </COORD>
                <COORD>
                  <C1>9.985000010057295</C1>
                  <C2>46.355000007905964</C2>
                </COORD>
                <COORD>
                  <C1>9.985000010056986</C1>
                  <C2>46.35600000790653</C2>
                </COORD>
                <COORD>
                  <C1>9.984000010056098</C1>
                  <C2>46.35600000790686</C2>
                </COORD>
                <COORD>
                  <C1>9.983000010055207</C1>
                  <C2>46.35600000790722</C2>
                </COORD>
                <COORD>
                  <C1>9.982000010054</C1>
                  <C2>46.35700000790806</C2>
                </COORD>
                <COORD>
                  <C1>9.981000010053112</C1>
                  <C2>46.357000007908375</C2>
                </COORD>
                <COORD>
                  <C1>9.981000010052798</C1>
                  <C2>46.35800000790889</C2>
                </COORD>
                <COORD>
                  <C1>9.98000001005191</C1>
                  <C2>46.35800000790924</C2>
                </COORD>
                <COORD>
                  <C1>9.979000010050704</C1>
                  <C2>46.35900000791008</C2>
                </COORD>
                <COORD>
                  <C1>9.978000010049813</C1>
                  <C2>46.35900000791043</C2>
                </COORD>
                <COORD>
                  <C1>9.97700001004861</C1>
                  <C2>46.36000000791128</C2>
                </COORD>
                <COORD>
                  <C1>9.97600001004772</C1>
                  <C2>46.36000000791164</C2>
                </COORD>
                <COORD>
                  <C1>9.975000010046829</C1>
                  <C2>46.36000000791201</C2>
                </COORD>
                <COORD>
                  <C1>9.974000010045627</C1>
                  <C2>46.36100000791286</C2>
                </COORD>
                <COORD>
                  <C1>9.973000010044421</C1>
                  <C2>46.36200000791372</C2>
                </COORD>
                <COORD>
                  <C1>9.972000010043217</C1>
                  <C2>46.36300000791458</C2>
                </COORD>
                <COORD>
                  <C1>9.971000010042326</C1>
                  <C2>46.36300000791489</C2>
                </COORD>
                <COORD>
                  <C1>9.970000010041124</C1>
                  <C2>46.364000007915756</C2>
                </COORD>
                <COORD>
                  <C1>9.96800001003934</C1>
                  <C2>46.36400000791641</C2>
                </COORD>
                <COORD>
                  <C1>9.966000010036934</C1>
                  <C2>46.36600000791817</C2>
                </COORD>
                <COORD>
                  <C1>9.964000010034841</C1>
                  <C2>46.36700000791937</C2>
                </COORD>
                <COORD>
                  <C1>9.96400001003453</C1>
                  <C2>46.36800000791991</C2>
                </COORD>
                <COORD>
                  <C1>9.963000010033324</C1>
                  <C2>46.36900000792078</C2>
                </COORD>
                <COORD>
                  <C1>9.962000010032124</C1>
                  <C2>46.37000000792167</C2>
                </COORD>
                <COORD>
                  <C1>9.960000010030027</C1>
                  <C2>46.37100000792285</C2>
                </COORD>
                <COORD>
                  <C1>9.958000010027309</C1>
                  <C2>46.37400000792516</C2>
                </COORD>
                <COORD>
                  <C1>9.9570000100261</C1>
                  <C2>46.375000007925976</C2>
                </COORD>
                <COORD>
                  <C1>9.95700001002579</C1>
                  <C2>46.37600000792653</C2>
                </COORD>
                <COORD>
                  <C1>9.95700001002548</C1>
                  <C2>46.3770000079271</C2>
                </COORD>
                <COORD>
                  <C1>9.958000010026375</C1>
                  <C2>46.37700000792676</C2>
                </COORD>
                <COORD>
                  <C1>9.959000010026953</C1>
                  <C2>46.37800000792696</C2>
                </COORD>
                <COORD>
                  <C1>9.959000010026642</C1>
                  <C2>46.37900000792754</C2>
                </COORD>
                <COORD>
                  <C1>9.960000010027533</C1>
                  <C2>46.37900000792722</C2>
                </COORD>
                <COORD>
                  <C1>9.960000010027223</C1>
                  <C2>46.38000000792774</C2>
                </COORD>
                <COORD>
                  <C1>9.959000010026328</C1>
                  <C2>46.38000000792803</C2>
                </COORD>
                <COORD>
                  <C1>9.958000010025437</C1>
                  <C2>46.380000007928366</C2>
                </COORD>
                <COORD>
                  <C1>9.954000010021552</C1>
                  <C2>46.381000007930254</C2>
                </COORD>
                <COORD>
                  <C1>9.95200001002008</C1>
                  <C2>46.38000000793032</C2>
                </COORD>
                <COORD>
                  <C1>9.951000010019186</C1>
                  <C2>46.38000000793066</C2>
                </COORD>
                <COORD>
                  <C1>9.949000010017405</C1>
                  <C2>46.380000007931315</C2>
                </COORD>
                <COORD>
                  <C1>9.948000010016509</C1>
                  <C2>46.380000007931606</C2>
                </COORD>
                <COORD>
                  <C1>9.947000010015923</C1>
                  <C2>46.3790000079314</C2>
                </COORD>
                <COORD>
                  <C1>9.94600001001503</C1>
                  <C2>46.37900000793177</C2>
                </COORD>
                <COORD>
                  <C1>9.945000010014137</C1>
                  <C2>46.379000007932056</C2>
                </COORD>
                <COORD>
                  <C1>9.944000010013244</C1>
                  <C2>46.37900000793237</C2>
                </COORD>
                <COORD>
                  <C1>9.943000010012355</C1>
                  <C2>46.37900000793268</C2>
                </COORD>
                <COORD>
                  <C1>9.941000010010876</C1>
                  <C2>46.378000007932805</C2>
                </COORD>
                <COORD>
                  <C1>9.94000001000998</C1>
                  <C2>46.378000007933146</C2>
                </COORD>
                <COORD>
                  <C1>9.939000010009087</C1>
                  <C2>46.37800000793344</C2>
                </COORD>
                <COORD>
                  <C1>9.939000010009394</C1>
                  <C2>46.377000007932914</C2>
                </COORD>
                <COORD>
                  <C1>9.936000010006715</C1>
                  <C2>46.3770000079339</C2>
                </COORD>
                <COORD>
                  <C1>9.93500001000613</C1>
                  <C2>46.37600000793366</C2>
                </COORD>
                <COORD>
                  <C1>9.934000010005235</C1>
                  <C2>46.37600000793397</C2>
                </COORD>
                <COORD>
                  <C1>9.93300001000465</C1>
                  <C2>46.37500000793379</C2>
                </COORD>
                <COORD>
                  <C1>9.932000010004066</C1>
                  <C2>46.37400000793355</C2>
                </COORD>
                <COORD>
                  <C1>9.931000010003169</C1>
                  <C2>46.37400000793386</C2>
                </COORD>
                <COORD>
                  <C1>9.931000010003482</C1>
                  <C2>46.373000007933335</C2>
                </COORD>
                <COORD>
                  <C1>9.931000010003789</C1>
                  <C2>46.372000007932776</C2>
                </COORD>
                <COORD>
                  <C1>9.932000010005</C1>
                  <C2>46.37100000793188</C2>
                </COORD>
                <COORD>
                  <C1>9.93200001000531</C1>
                  <C2>46.370000007931374</C2>
                </COORD>
                <COORD>
                  <C1>9.932000010005618</C1>
                  <C2>46.369000007930836</C2>
                </COORD>
                <COORD>
                  <C1>9.931000010004723</C1>
                  <C2>46.36900000793115</C2>
                </COORD>
                <COORD>
                  <C1>9.930000010003829</C1>
                  <C2>46.36900000793146</C2>
                </COORD>
                <COORD>
                  <C1>9.927000010001448</C1>
                  <C2>46.36800000793191</C2>
                </COORD>
                <COORD>
                  <C1>9.926000010000555</C1>
                  <C2>46.36800000793218</C2>
                </COORD>
                <COORD>
                  <C1>9.92500000999935</C1>
                  <C2>46.369000007933096</C2>
                </COORD>
                <COORD>
                  <C1>9.926000009999933</C1>
                  <C2>46.370000007933314</C2>
                </COORD>
                <COORD>
                  <C1>9.92500000999873</C1>
                  <C2>46.37100000793418</C2>
                </COORD>
                <COORD>
                  <C1>9.924000009997524</C1>
                  <C2>46.37200000793505</C2>
                </COORD>
                <COORD>
                  <C1>9.923000009996322</C1>
                  <C2>46.37300000793591</C2>
                </COORD>
                <COORD>
                  <C1>9.922000009995424</C1>
                  <C2>46.37300000793628</C2>
                </COORD>
                <COORD>
                  <C1>9.921000009994524</C1>
                  <C2>46.3730000079366</C2>
                </COORD>
                <COORD>
                  <C1>9.920000009993629</C1>
                  <C2>46.37300000793686</C2>
                </COORD>
                <COORD>
                  <C1>9.919000009992734</C1>
                  <C2>46.37300000793721</C2>
                </COORD>
                <COORD>
                  <C1>9.918000009992147</C1>
                  <C2>46.372000007936975</C2>
                </COORD>
                <COORD>
                  <C1>9.91700000999063</C1>
                  <C2>46.37400000793841</C2>
                </COORD>
                <COORD>
                  <C1>9.916000009989425</C1>
                  <C2>46.37500000793931</C2>
                </COORD>
                <COORD>
                  <C1>9.915000009987907</C1>
                  <C2>46.377000007940715</C2>
                </COORD>
                <COORD>
                  <C1>9.914000009986703</C1>
                  <C2>46.37800000794151</C2>
                </COORD>
                <COORD>
                  <C1>9.913000009985806</C1>
                  <C2>46.37800000794183</C2>
                </COORD>
                <COORD>
                  <C1>9.913000009985499</C1>
                  <C2>46.379000007942416</C2>
                </COORD>
                <COORD>
                  <C1>9.912000009984293</C1>
                  <C2>46.3800000079433</C2>
                </COORD>
                <COORD>
                  <C1>9.911000009983084</C1>
                  <C2>46.38100000794415</C2>
                </COORD>
                <COORD>
                  <C1>9.910000009981879</C1>
                  <C2>46.38200000794505</C2>
                </COORD>
                <COORD>
                  <C1>9.909000009980984</C1>
                  <C2>46.38200000794535</C2>
                </COORD>
                <COORD>
                  <C1>9.90900000998067</C1>
                  <C2>46.38300000794589</C2>
                </COORD>
                <COORD>
                  <C1>9.908000009979773</C1>
                  <C2>46.38300000794619</C2>
                </COORD>
                <COORD>
                  <C1>9.906000009978289</C1>
                  <C2>46.382000007946296</C2>
                </COORD>
                <COORD>
                  <C1>9.905000009977705</C1>
                  <C2>46.38100000794609</C2>
                </COORD>
                <COORD>
                  <C1>9.904000009976803</C1>
                  <C2>46.381000007946454</C2>
                </COORD>
                <COORD>
                  <C1>9.903000009975907</C1>
                  <C2>46.381000007946746</C2>
                </COORD>
                <COORD>
                  <C1>9.90200000997532</C1>
                  <C2>46.380000007946556</C2>
                </COORD>
                <COORD>
                  <C1>9.901000009974423</C1>
                  <C2>46.38000000794682</C2>
                </COORD>
                <COORD>
                  <C1>9.90200000997563</C1>
                  <C2>46.37900000794593</C2>
                </COORD>
                <COORD>
                  <C1>9.901000009974734</C1>
                  <C2>46.37900000794633</C2>
                </COORD>
                <COORD>
                  <C1>9.900000009974145</C1>
                  <C2>46.37800000794606</C2>
                </COORD>
                <COORD>
                  <C1>9.89900000997293</C1>
                  <C2>46.37900000794694</C2>
                </COORD>
                <COORD>
                  <C1>9.898000009972039</C1>
                  <C2>46.379000007947255</C2>
                </COORD>
                <COORD>
                  <C1>9.896000009970553</C1>
                  <C2>46.37800000794736</C2>
                </COORD>
                <COORD>
                  <C1>9.895000009969653</C1>
                  <C2>46.378000007947705</C2>
                </COORD>
                <COORD>
                  <C1>9.892000009967267</C1>
                  <C2>46.37700000794811</C2>
                </COORD>
                <COORD>
                  <C1>9.89100000996668</C1>
                  <C2>46.37600000794788</C2>
                </COORD>
                <COORD>
                  <C1>9.890000009965783</C1>
                  <C2>46.37600000794821</C2>
                </COORD>
                <COORD>
                  <C1>9.889000009965189</C1>
                  <C2>46.37500000794796</C2>
                </COORD>
                <COORD>
                  <C1>9.888000009964292</C1>
                  <C2>46.3750000079483</C2>
                </COORD>
                <COORD>
                  <C1>9.887000009963392</C1>
                  <C2>46.37500000794861</C2>
                </COORD>
                <COORD>
                  <C1>9.886000009962494</C1>
                  <C2>46.37500000794894</C2>
                </COORD>
                <COORD>
                  <C1>9.885000009961594</C1>
                  <C2>46.37500000794926</C2>
                </COORD>
                <COORD>
                  <C1>9.885000009961903</C1>
                  <C2>46.374000007948716</C2>
                </COORD>
                <COORD>
                  <C1>9.885000009962209</C1>
                  <C2>46.373000007948164</C2>
                </COORD>
                <COORD>
                  <C1>9.884000009961623</C1>
                  <C2>46.37200000794796</C2>
                </COORD>
                <COORD>
                  <C1>9.883000009960723</C1>
                  <C2>46.37200000794827</C2>
                </COORD>
                <COORD>
                  <C1>9.883000009961027</C1>
                  <C2>46.371000007947714</C2>
                </COORD>
                <COORD>
                  <C1>9.88200000996044</C1>
                  <C2>46.370000007947496</C2>
                </COORD>
                <COORD>
                  <C1>9.88100000995954</C1>
                  <C2>46.37000000794784</C2>
                </COORD>
                <COORD>
                  <C1>9.88000000995864</C1>
                  <C2>46.37000000794812</C2>
                </COORD>
                <COORD>
                  <C1>9.880000009958946</C1>
                  <C2>46.36900000794759</C2>
                </COORD>
                <COORD>
                  <C1>9.878000009957457</C1>
                  <C2>46.36800000794772</C2>
                </COORD>
                <COORD>
                  <C1>9.877000009956559</C1>
                  <C2>46.36800000794804</C2>
                </COORD>
                <COORD>
                  <C1>9.875000009955063</C1>
                  <C2>46.36700000794811</C2>
                </COORD>
                <COORD>
                  <C1>9.874000009954473</C1>
                  <C2>46.36600000794788</C2>
                </COORD>
                <COORD>
                  <C1>9.873000009953573</C1>
                  <C2>46.36600000794821</C2>
                </COORD>
                <COORD>
                  <C1>9.870000009951482</C1>
                  <C2>46.36400000794809</C2>
                </COORD>
                <COORD>
                  <C1>9.869000009950279</C1>
                  <C2>46.36500000794894</C2>
                </COORD>
                <COORD>
                  <C1>9.868000009949064</C1>
                  <C2>46.36600000794979</C2>
                </COORD>
                <COORD>
                  <C1>9.867000009948168</C1>
                  <C2>46.36600000795017</C2>
                </COORD>
                <COORD>
                  <C1>9.866000009947268</C1>
                  <C2>46.36600000795046</C2>
                </COORD>
                <COORD>
                  <C1>9.865000009946366</C1>
                  <C2>46.36600000795083</C2>
                </COORD>
                <COORD>
                  <C1>9.864000009945771</C1>
                  <C2>46.36500000795057</C2>
                </COORD>
                <COORD>
                  <C1>9.86400000994546</C1>
                  <C2>46.36600000795112</C2>
                </COORD>
                <COORD>
                  <C1>9.86300000994456</C1>
                  <C2>46.36600000795142</C2>
                </COORD>
                <COORD>
                  <C1>9.861000009943066</C1>
                  <C2>46.36500000795153</C2>
                </COORD>
                <COORD>
                  <C1>9.860000009942166</C1>
                  <C2>46.36500000795187</C2>
                </COORD>
                <COORD>
                  <C1>9.860000009941853</C1>
                  <C2>46.3660000079524</C2>
                </COORD>
                <COORD>
                  <C1>9.859000009940955</C1>
                  <C2>46.36600000795271</C2>
                </COORD>
                <COORD>
                  <C1>9.858000009940362</C1>
                  <C2>46.365000007952496</C2>
                </COORD>
                <COORD>
                  <C1>9.857000009939455</C1>
                  <C2>46.36500000795283</C2>
                </COORD>
                <COORD>
                  <C1>9.855000009937658</C1>
                  <C2>46.365000007953455</C2>
                </COORD>
                <COORD>
                  <C1>9.854000009936442</C1>
                  <C2>46.36600000795433</C2>
                </COORD>
                <COORD>
                  <C1>9.854000009936748</C1>
                  <C2>46.36500000795378</C2>
                </COORD>
                <COORD>
                  <C1>9.85300000993585</C1>
                  <C2>46.365000007954116</C2>
                </COORD>
                <COORD>
                  <C1>9.853000009935544</C1>
                  <C2>46.36600000795464</C2>
                </COORD>
                <COORD>
                  <C1>9.85100000993374</C1>
                  <C2>46.36600000795528</C2>
                </COORD>
                <COORD>
                  <C1>9.850000009932835</C1>
                  <C2>46.3660000079556</C2>
                </COORD>
                <COORD>
                  <C1>9.850000009933142</C1>
                  <C2>46.36500000795506</C2>
                </COORD>
                <COORD>
                  <C1>9.849000009932238</C1>
                  <C2>46.365000007955395</C2>
                </COORD>
                <COORD>
                  <C1>9.848000009931337</C1>
                  <C2>46.3650000079557</C2>
                </COORD>
                <COORD>
                  <C1>9.848000009931642</C1>
                  <C2>46.36400000795514</C2>
                </COORD>
                <COORD>
                  <C1>9.847000009930738</C1>
                  <C2>46.36400000795547</C2>
                </COORD>
                <COORD>
                  <C1>9.84600000992984</C1>
                  <C2>46.36400000795577</C2>
                </COORD>
                <COORD>
                  <C1>9.845000009928937</C1>
                  <C2>46.364000007956086</C2>
                </COORD>
                <COORD>
                  <C1>9.84400000992803</C1>
                  <C2>46.36400000795642</C2>
                </COORD>
                <COORD>
                  <C1>9.843000009927437</C1>
                  <C2>46.3630000079562</C2>
                </COORD>
                <COORD>
                  <C1>9.84300000992713</C1>
                  <C2>46.36400000795674</C2>
                </COORD>
                <COORD>
                  <C1>9.842000009926227</C1>
                  <C2>46.364000007957046</C2>
                </COORD>
                <COORD>
                  <C1>9.84100000992532</C1>
                  <C2>46.36400000795738</C2>
                </COORD>
                <COORD>
                  <C1>9.840000009924417</C1>
                  <C2>46.364000007957706</C2>
                </COORD>
                <COORD>
                  <C1>9.840000009924722</C1>
                  <C2>46.36300000795716</C2>
                </COORD>
                <COORD>
                  <C1>9.839000009923822</C1>
                  <C2>46.363000007957474</C2>
                </COORD>
                <COORD>
                  <C1>9.838000009922915</C1>
                  <C2>46.363000007957815</C2>
                </COORD>
                <COORD>
                  <C1>9.837000009922011</C1>
                  <C2>46.36300000795812</C2>
                </COORD>
                <COORD>
                  <C1>9.835000009920204</C1>
                  <C2>46.36300000795879</C2>
                </COORD>
                <COORD>
                  <C1>9.834000009919302</C1>
                  <C2>46.36300000795909</C2>
                </COORD>
                <COORD>
                  <C1>9.833000009918704</C1>
                  <C2>46.362000007958855</C2>
                </COORD>
                <COORD>
                  <C1>9.83300000991901</C1>
                  <C2>46.361000007958324</C2>
                </COORD>
                <COORD>
                  <C1>9.833000009919319</C1>
                  <C2>46.36000000795776</C2>
                </COORD>
                <COORD>
                  <C1>9.832000009918413</C1>
                  <C2>46.36000000795807</C2>
                </COORD>
                <COORD>
                  <C1>9.829000009916616</C1>
                  <C2>46.35700000795743</C2>
                </COORD>
                <COORD>
                  <C1>9.828000009915703</C1>
                  <C2>46.357000007957716</C2>
                </COORD>
                <COORD>
                  <C1>9.827000009914805</C1>
                  <C2>46.35700000795804</C2>
                </COORD>
                <COORD>
                  <C1>9.825000009913603</C1>
                  <C2>46.35500000795756</C2>
                </COORD>
                <COORD>
                  <C1>9.824000009913009</C1>
                  <C2>46.35400000795738</C2>
                </COORD>
                <COORD>
                  <C1>9.8230000099121</C1>
                  <C2>46.3540000079577</C2>
                </COORD>
                <COORD>
                  <C1>9.823000009912409</C1>
                  <C2>46.35300000795713</C2>
                </COORD>
                <COORD>
                  <C1>9.822000009911498</C1>
                  <C2>46.35300000795745</C2>
                </COORD>
                <COORD>
                  <C1>9.821000009910597</C1>
                  <C2>46.353000007957775</C2>
                </COORD>
                <COORD>
                  <C1>9.821000009910898</C1>
                  <C2>46.35200000795721</C2>
                </COORD>
                <COORD>
                  <C1>9.820000009909997</C1>
                  <C2>46.35200000795754</C2>
                </COORD>
                <COORD>
                  <C1>9.818000009908182</C1>
                  <C2>46.35200000795817</C2>
                </COORD>
                <COORD>
                  <C1>9.817000009907279</C1>
                  <C2>46.35200000795849</C2>
                </COORD>
                <COORD>
                  <C1>9.816000009906373</C1>
                  <C2>46.35200000795881</C2>
                </COORD>
                <COORD>
                  <C1>9.815000009905772</C1>
                  <C2>46.351000007958596</C2>
                </COORD>
                <COORD>
                  <C1>9.814000009904863</C1>
                  <C2>46.3510000079589</C2>
                </COORD>
                <COORD>
                  <C1>9.813000009903957</C1>
                  <C2>46.35100000795923</C2>
                </COORD>
                <COORD>
                  <C1>9.812000009903356</C1>
                  <C2>46.350000007959</C2>
                </COORD>
                <COORD>
                  <C1>9.811000009902449</C1>
                  <C2>46.35000000795934</C2>
                </COORD>
                <COORD>
                  <C1>9.810000009901543</C1>
                  <C2>46.350000007959636</C2>
                </COORD>
                <COORD>
                  <C1>9.810000009901845</C1>
                  <C2>46.349000007959056</C2>
                </COORD>
                <COORD>
                  <C1>9.809000009900942</C1>
                  <C2>46.34900000795938</C2>
                </COORD>
                <COORD>
                  <C1>9.808000009900034</C1>
                  <C2>46.34900000795972</C2>
                </COORD>
                <COORD>
                  <C1>9.807000009899125</C1>
                  <C2>46.349000007960015</C2>
                </COORD>
                <COORD>
                  <C1>9.80700000989943</C1>
                  <C2>46.34800000795952</C2>
                </COORD>
                <COORD>
                  <C1>9.806000009898522</C1>
                  <C2>46.34800000795978</C2>
                </COORD>
                <COORD>
                  <C1>9.806000009898828</C1>
                  <C2>46.34700000795925</C2>
                </COORD>
                <COORD>
                  <C1>9.805000009897922</C1>
                  <C2>46.3470000079596</C2>
                </COORD>
                <COORD>
                  <C1>9.805000009898222</C1>
                  <C2>46.34600000795901</C2>
                </COORD>
                <COORD>
                  <C1>9.804000009897317</C1>
                  <C2>46.346000007959326</C2>
                </COORD>
                <COORD>
                  <C1>9.803000009896412</C1>
                  <C2>46.34600000795965</C2>
                </COORD>
                <COORD>
                  <C1>9.802000009895501</C1>
                  <C2>46.34600000795995</C2>
                </COORD>
                <COORD>
                  <C1>9.802000009895805</C1>
                  <C2>46.34500000795944</C2>
                </COORD>
                <COORD>
                  <C1>9.801000009894594</C1>
                  <C2>46.34600000796028</C2>
                </COORD>
                <COORD>
                  <C1>9.800000009893992</C1>
                  <C2>46.345000007960074</C2>
                </COORD>
                <COORD>
                  <C1>9.800000009893683</C1>
                  <C2>46.346000007960576</C2>
                </COORD>
                <COORD>
                  <C1>9.799000009892774</C1>
                  <C2>46.34600000796094</C2>
                </COORD>
                <COORD>
                  <C1>9.798000009891872</C1>
                  <C2>46.34600000796123</C2>
                </COORD>
                <COORD>
                  <C1>9.798000009892178</C1>
                  <C2>46.34500000796072</C2>
                </COORD>
                <COORD>
                  <C1>9.797000009891269</C1>
                  <C2>46.34500000796102</C2>
                </COORD>
                <COORD>
                  <C1>9.79600000989036</C1>
                  <C2>46.34500000796133</C2>
                </COORD>
                <COORD>
                  <C1>9.79500000988945</C1>
                  <C2>46.34500000796166</C2>
                </COORD>
                <COORD>
                  <C1>9.794000009888544</C1>
                  <C2>46.34500000796199</C2>
                </COORD>
                <COORD>
                  <C1>9.793000009887633</C1>
                  <C2>46.3450000079623</C2>
                </COORD>
                <COORD>
                  <C1>9.793000009887937</C1>
                  <C2>46.34400000796175</C2>
                </COORD>
                <COORD>
                  <C1>9.79200000988703</C1>
                  <C2>46.344000007962066</C2>
                </COORD>
                <COORD>
                  <C1>9.791000009886119</C1>
                  <C2>46.344000007962364</C2>
                </COORD>
                <COORD>
                  <C1>9.791000009886428</C1>
                  <C2>46.34300000796188</C2>
                </COORD>
                <COORD>
                  <C1>9.790000009885514</C1>
                  <C2>46.34300000796213</C2>
                </COORD>
                <COORD>
                  <C1>9.789000009884907</C1>
                  <C2>46.34200000796193</C2>
                </COORD>
                <COORD>
                  <C1>9.788000009884001</C1>
                  <C2>46.34200000796221</C2>
                </COORD>
                <COORD>
                  <C1>9.787000009883094</C1>
                  <C2>46.34200000796257</C2>
                </COORD>
                <COORD>
                  <C1>9.786000009882184</C1>
                  <C2>46.34200000796288</C2>
                </COORD>
                <COORD>
                  <C1>9.786000009881878</C1>
                  <C2>46.343000007963425</C2>
                </COORD>
                <COORD>
                  <C1>9.785000009881275</C1>
                  <C2>46.34200000796321</C2>
                </COORD>
                <COORD>
                  <C1>9.784000009880671</C1>
                  <C2>46.34100000796297</C2>
                </COORD>
                <COORD>
                  <C1>9.783000009880062</C1>
                  <C2>46.340000007962715</C2>
                </COORD>
                <COORD>
                  <C1>9.782000009879456</C1>
                  <C2>46.339000007962504</C2>
                </COORD>
                <COORD>
                  <C1>9.781000009878548</C1>
                  <C2>46.33900000796285</C2>
                </COORD>
                <COORD>
                  <C1>9.78100000987885</C1>
                  <C2>46.33800000796227</C2>
                </COORD>
                <COORD>
                  <C1>9.780000009877936</C1>
                  <C2>46.33800000796258</C2>
                </COORD>
                <COORD>
                  <C1>9.78000000987824</C1>
                  <C2>46.337000007962054</C2>
                </COORD>
                <COORD>
                  <C1>9.779000009877334</C1>
                  <C2>46.33700000796234</C2>
                </COORD>
                <COORD>
                  <C1>9.77700000987551</C1>
                  <C2>46.33700000796298</C2>
                </COORD>
                <COORD>
                  <C1>9.7760000098746</C1>
                  <C2>46.33700000796332</C2>
                </COORD>
                <COORD>
                  <C1>9.775000009873695</C1>
                  <C2>46.33700000796361</C2>
                </COORD>
                <COORD>
                  <C1>9.773000009871568</C1>
                  <C2>46.33800000796482</C2>
                </COORD>
                <COORD>
                  <C1>9.77200000987066</C1>
                  <C2>46.33800000796511</C2>
                </COORD>
                <COORD>
                  <C1>9.771000009869748</C1>
                  <C2>46.33800000796547</C2>
                </COORD>
                <COORD>
                  <C1>9.770000009868834</C1>
                  <C2>46.338000007965796</C2>
                </COORD>
                <COORD>
                  <C1>9.769000009867625</C1>
                  <C2>46.33900000796668</C2>
                </COORD>
                <COORD>
                  <C1>9.768000009866714</C1>
                  <C2>46.33900000796692</C2>
                </COORD>
                <COORD>
                  <C1>9.767000009865805</C1>
                  <C2>46.339000007967286</C2>
                </COORD>
                <COORD>
                  <C1>9.766000009864893</C1>
                  <C2>46.33900000796761</C2>
                </COORD>
                <COORD>
                  <C1>9.765000009863376</C1>
                  <C2>46.341000007968994</C2>
                </COORD>
                <COORD>
                  <C1>9.764000009862464</C1>
                  <C2>46.341000007969335</C2>
                </COORD>
                <COORD>
                  <C1>9.76300000986125</C1>
                  <C2>46.342000007970185</C2>
                </COORD>
                <COORD>
                  <C1>9.762000009860037</C1>
                  <C2>46.34300000797105</C2>
                </COORD>
                <COORD>
                  <C1>9.761000009858826</C1>
                  <C2>46.34400000797192</C2>
                </COORD>
                <COORD>
                  <C1>9.76000000985761</C1>
                  <C2>46.34500000797281</C2>
                </COORD>
                <COORD>
                  <C1>9.759000009856699</C1>
                  <C2>46.34500000797311</C2>
                </COORD>
                <COORD>
                  <C1>9.759000009856392</C1>
                  <C2>46.346000007973636</C2>
                </COORD>
                <COORD>
                  <C1>9.757000009854272</C1>
                  <C2>46.34700000797485</C2>
                </COORD>
                <COORD>
                  <C1>9.755000009852145</C1>
                  <C2>46.34800000797606</C2>
                </COORD>
                <COORD>
                  <C1>9.75400000985123</C1>
                  <C2>46.348000007976346</C2>
                </COORD>
                <COORD>
                  <C1>9.753000009850316</C1>
                  <C2>46.348000007976665</C2>
                </COORD>
                <COORD>
                  <C1>9.75000000984728</C1>
                  <C2>46.34900000797811</C2>
                </COORD>
                <COORD>
                  <C1>9.74900000984607</C1>
                  <C2>46.35000000797904</C2>
                </COORD>
                <COORD>
                  <C1>9.748000009844855</C1>
                  <C2>46.3510000079799</C2>
                </COORD>
                <COORD>
                  <C1>9.747000009843635</C1>
                  <C2>46.35200000798073</C2>
                </COORD>
                <COORD>
                  <C1>9.746000009842724</C1>
                  <C2>46.35200000798109</C2>
                </COORD>
                <COORD>
                  <C1>9.745000009841812</C1>
                  <C2>46.35200000798139</C2>
                </COORD>
                <COORD>
                  <C1>9.745000009841512</C1>
                  <C2>46.35300000798196</C2>
                </COORD>
                <COORD>
                  <C1>9.745000009841206</C1>
                  <C2>46.35400000798254</C2>
                </COORD>
                <COORD>
                  <C1>9.7440000098406</C1>
                  <C2>46.35300000798229</C2>
                </COORD>
                <COORD>
                  <C1>9.743000009839687</C1>
                  <C2>46.35300000798258</C2>
                </COORD>
                <COORD>
                  <C1>9.74200000983908</C1>
                  <C2>46.35200000798237</C2>
                </COORD>
                <COORD>
                  <C1>9.741000009838162</C1>
                  <C2>46.35200000798267</C2>
                </COORD>
                <COORD>
                  <C1>9.740000009837253</C1>
                  <C2>46.35200000798302</C2>
                </COORD>
                <COORD>
                  <C1>9.739000009836337</C1>
                  <C2>46.352000007983314</C2>
                </COORD>
                <COORD>
                  <C1>9.739000009836037</C1>
                  <C2>46.353000007983916</C2>
                </COORD>
                <COORD>
                  <C1>9.73800000983512</C1>
                  <C2>46.353000007984164</C2>
                </COORD>
                <COORD>
                  <C1>9.738000009835426</C1>
                  <C2>46.35200000798361</C2>
                </COORD>
                <COORD>
                  <C1>9.737000009834508</C1>
                  <C2>46.35200000798394</C2>
                </COORD>
                <COORD>
                  <C1>9.73500000983299</C1>
                  <C2>46.35100000798404</C2>
                </COORD>
                <COORD>
                  <C1>9.73500000983329</C1>
                  <C2>46.35000000798348</C2>
                </COORD>
                <COORD>
                  <C1>9.735000009833593</C1>
                  <C2>46.34900000798289</C2>
                </COORD>
                <COORD>
                  <C1>9.734000009832677</C1>
                  <C2>46.349000007983264</C2>
                </COORD>
                <COORD>
                  <C1>9.733000009831766</C1>
                  <C2>46.349000007983534</C2>
                </COORD>
                <COORD>
                  <C1>9.732000009831152</C1>
                  <C2>46.34800000798335</C2>
                </COORD>
                <COORD>
                  <C1>9.73100000983054</C1>
                  <C2>46.34700000798311</C2>
                </COORD>
                <COORD>
                  <C1>9.730000009829626</C1>
                  <C2>46.347000007983425</C2>
                </COORD>
                <COORD>
                  <C1>9.729000009829011</C1>
                  <C2>46.346000007983164</C2>
                </COORD>
                <COORD>
                  <C1>9.728000009828099</C1>
                  <C2>46.346000007983484</C2>
                </COORD>
                <COORD>
                  <C1>9.726000009826574</C1>
                  <C2>46.34500000798359</C2>
                </COORD>
                <COORD>
                  <C1>9.726000009826878</C1>
                  <C2>46.34400000798301</C2>
                </COORD>
                <COORD>
                  <C1>9.725000009825958</C1>
                  <C2>46.34400000798333</C2>
                </COORD>
                <COORD>
                  <C1>9.725000009826262</C1>
                  <C2>46.343000007982795</C2>
                </COORD>
                <COORD>
                  <C1>9.72400000982535</C1>
                  <C2>46.34300000798308</C2>
                </COORD>
                <COORD>
                  <C1>9.72600000982808</C1>
                  <C2>46.340000007980834</C2>
                </COORD>
                <COORD>
                  <C1>9.727000009828997</C1>
                  <C2>46.340000007980514</C2>
                </COORD>
                <COORD>
                  <C1>9.727000009829297</C1>
                  <C2>46.33900000797994</C2>
                </COORD>
                <COORD>
                  <C1>9.727000009829595</C1>
                  <C2>46.338000007979396</C2>
                </COORD>
                <COORD>
                  <C1>9.727000009829895</C1>
                  <C2>46.337000007978816</C2>
                </COORD>
                <COORD>
                  <C1>9.728000009831112</C1>
                  <C2>46.33600000797796</C2>
                </COORD>
                <COORD>
                  <C1>9.728000009831414</C1>
                  <C2>46.335000007977435</C2>
                </COORD>
                <COORD>
                  <C1>9.729000009832628</C1>
                  <C2>46.33400000797655</C2>
                </COORD>
                <COORD>
                  <C1>9.728000009831712</C1>
                  <C2>46.33400000797686</C2>
                </COORD>
                <COORD>
                  <C1>9.726000009830189</C1>
                  <C2>46.33300000797693</C2>
                </COORD>
                <COORD>
                  <C1>9.72500000982927</C1>
                  <C2>46.33300000797725</C2>
                </COORD>
                <COORD>
                  <C1>9.724000009828359</C1>
                  <C2>46.333000007977574</C2>
                </COORD>
                <COORD>
                  <C1>9.724000009828659</C1>
                  <C2>46.33200000797706</C2>
                </COORD>
                <COORD>
                  <C1>9.725000009829872</C1>
                  <C2>46.33100000797615</C2>
                </COORD>
                <COORD>
                  <C1>9.724000009828957</C1>
                  <C2>46.33100000797644</C2>
                </COORD>
                <COORD>
                  <C1>9.723000009828347</C1>
                  <C2>46.33000000797626</C2>
                </COORD>
                <COORD>
                  <C1>9.721000009826813</C1>
                  <C2>46.32900000797633</C2>
                </COORD>
                <COORD>
                  <C1>9.720000009825903</C1>
                  <C2>46.32900000797664</C2>
                </COORD>
                <COORD>
                  <C1>9.720000009826203</C1>
                  <C2>46.32800000797608</C2>
                </COORD>
                <COORD>
                  <C1>9.719000009825583</C1>
                  <C2>46.32700000797583</C2>
                </COORD>
                <COORD>
                  <C1>9.71900000982588</C1>
                  <C2>46.326000007975274</C2>
                </COORD>
                <COORD>
                  <C1>9.719000009826182</C1>
                  <C2>46.325000007974694</C2>
                </COORD>
                <COORD>
                  <C1>9.719000009826487</C1>
                  <C2>46.324000007974185</C2>
                </COORD>
                <COORD>
                  <C1>9.71900000982678</C1>
                  <C2>46.32300000797362</C2>
                </COORD>
                <COORD>
                  <C1>9.720000009827702</C1>
                  <C2>46.323000007973306</C2>
                </COORD>
                <COORD>
                  <C1>9.721000009828616</C1>
                  <C2>46.32300000797296</C2>
                </COORD>
                <COORD>
                  <C1>9.722000009829525</C1>
                  <C2>46.323000007972674</C2>
                </COORD>
                <COORD>
                  <C1>9.723000009830447</C1>
                  <C2>46.32300000797234</C2>
                </COORD>
                <COORD>
                  <C1>9.724000009831363</C1>
                  <C2>46.323000007972034</C2>
                </COORD>
                <COORD>
                  <C1>9.725000009832273</C1>
                  <C2>46.32300000797172</C2>
                </COORD>
                <COORD>
                  <C1>9.726000009833493</C1>
                  <C2>46.32200000797085</C2>
                </COORD>
                <COORD>
                  <C1>9.727000009834406</C1>
                  <C2>46.32200000797051</C2>
                </COORD>
                <COORD>
                  <C1>9.727000009834706</C1>
                  <C2>46.32100000796994</C2>
                </COORD>
                <COORD>
                  <C1>9.727000009835306</C1>
                  <C2>46.31900000796889</C2>
                </COORD>
                <COORD>
                  <C1>9.727000009835606</C1>
                  <C2>46.31800000796831</C2>
                </COORD>
                <COORD>
                  <C1>9.727000009835907</C1>
                  <C2>46.317000007967735</C2>
                </COORD>
                <COORD>
                  <C1>9.727000009836209</C1>
                  <C2>46.31600000796717</C2>
                </COORD>
                <COORD>
                  <C1>9.727000009836507</C1>
                  <C2>46.31500000796664</C2>
                </COORD>
                <COORD>
                  <C1>9.726000009836195</C1>
                  <C2>46.313000007965854</C2>
                </COORD>
                <COORD>
                  <C1>9.726000009836492</C1>
                  <C2>46.3120000079653</C2>
                </COORD>
                <COORD>
                  <C1>9.725000009835874</C1>
                  <C2>46.31100000796507</C2>
                </COORD>
                <COORD>
                  <C1>9.72400000983496</C1>
                  <C2>46.31100000796533</C2>
                </COORD>
                <COORD>
                  <C1>9.723000009834044</C1>
                  <C2>46.311000007965674</C2>
                </COORD>
                <COORD>
                  <C1>9.723000009834346</C1>
                  <C2>46.310000007965144</C2>
                </COORD>
                <COORD>
                  <C1>9.722000009833424</C1>
                  <C2>46.31000000796544</C2>
                </COORD>
                <COORD>
                  <C1>9.722000009833724</C1>
                  <C2>46.30900000796486</C2>
                </COORD>
                <COORD>
                  <C1>9.721000009832812</C1>
                  <C2>46.309000007965196</C2>
                </COORD>
                <COORD>
                  <C1>9.72100000983311</C1>
                  <C2>46.30800000796464</C2>
                </COORD>
                <COORD>
                  <C1>9.720000009832196</C1>
                  <C2>46.30800000796496</C2>
                </COORD>
                <COORD>
                  <C1>9.719000009831275</C1>
                  <C2>46.30800000796527</C2>
                </COORD>
                <COORD>
                  <C1>9.719000009831579</C1>
                  <C2>46.30700000796472</C2>
                </COORD>
                <COORD>
                  <C1>9.719000009831875</C1>
                  <C2>46.30600000796414</C2>
                </COORD>
                <COORD>
                  <C1>9.71800000983126</C1>
                  <C2>46.30500000796394</C2>
                </COORD>
                <COORD>
                  <C1>9.717000009830645</C1>
                  <C2>46.30400000796369</C2>
                </COORD>
                <COORD>
                  <C1>9.717000009831537</C1>
                  <C2>46.301000007962</C2>
                </COORD>
                <COORD>
                  <C1>9.716000009830918</C1>
                  <C2>46.30000000796173</C2>
                </COORD>
                <COORD>
                  <C1>9.716000009831214</C1>
                  <C2>46.29900000796118</C2>
                </COORD>
                <COORD>
                  <C1>9.716000009831514</C1>
                  <C2>46.298000007960646</C2>
                </COORD>
                <COORD>
                  <C1>9.717000009832736</C1>
                  <C2>46.29700000795979</C2>
                </COORD>
                <COORD>
                  <C1>9.716000009831815</C1>
                  <C2>46.29700000796009</C2>
                </COORD>
                <COORD>
                  <C1>9.716000009832113</C1>
                  <C2>46.29600000795953</C2>
                </COORD>
                <COORD>
                  <C1>9.71600000983241</C1>
                  <C2>46.29500000795898</C2>
                </COORD>
                <COORD>
                  <C1>9.714000009830578</C1>
                  <C2>46.29500000795959</C2>
                </COORD>
                <COORD>
                  <C1>9.71300000982966</C1>
                  <C2>46.29500000795989</C2>
                </COORD>
                <COORD>
                  <C1>9.712000009829042</C1>
                  <C2>46.29400000795966</C2>
                </COORD>
                <COORD>
                  <C1>9.711000009828126</C1>
                  <C2>46.29400000795997</C2>
                </COORD>
                <COORD>
                  <C1>9.70900000982629</C1>
                  <C2>46.294000007960605</C2>
                </COORD>
                <COORD>
                  <C1>9.707000009824752</C1>
                  <C2>46.293000007960714</C2>
                </COORD>
                <COORD>
                  <C1>9.706000009823832</C1>
                  <C2>46.29300000796102</C2>
                </COORD>
                <COORD>
                  <C1>9.704000009821998</C1>
                  <C2>46.29300000796163</C2>
                </COORD>
                <COORD>
                  <C1>9.703000009821078</C1>
                  <C2>46.29300000796196</C2>
                </COORD>
                <COORD>
                  <C1>9.701000009819243</C1>
                  <C2>46.293000007962554</C2>
                </COORD>
                <COORD>
                  <C1>9.701000009818946</C1>
                  <C2>46.29400000796313</C2>
                </COORD>
                <COORD>
                  <C1>9.700000009818028</C1>
                  <C2>46.294000007963476</C2>
                </COORD>
                <COORD>
                  <C1>9.699000009817105</C1>
                  <C2>46.29400000796375</C2>
                </COORD>
                <COORD>
                  <C1>9.69800000981619</C1>
                  <C2>46.29400000796408</C2>
                </COORD>
                <COORD>
                  <C1>9.697000009814975</C1>
                  <C2>46.29500000796496</C2>
                </COORD>
                <COORD>
                  <C1>9.696000009814055</C1>
                  <C2>46.295000007965264</C2>
                </COORD>
                <COORD>
                  <C1>9.695000009812837</C1>
                  <C2>46.29600000796612</C2>
                </COORD>
                <COORD>
                  <C1>9.694000009811917</C1>
                  <C2>46.29600000796645</C2>
                </COORD>
                <COORD>
                  <C1>9.69200000981038</C1>
                  <C2>46.29500000796649</C2>
                </COORD>
                <COORD>
                  <C1>9.691000009809462</C1>
                  <C2>46.29500000796688</C2>
                </COORD>
                <COORD>
                  <C1>9.690000009808543</C1>
                  <C2>46.295000007967175</C2>
                </COORD>
                <COORD>
                  <C1>9.689000009807327</C1>
                  <C2>46.29600000796802</C2>
                </COORD>
                <COORD>
                  <C1>9.688000009806109</C1>
                  <C2>46.29700000796891</C2>
                </COORD>
                <COORD>
                  <C1>9.687000009805185</C1>
                  <C2>46.29700000796921</C2>
                </COORD>
                <COORD>
                  <C1>9.686000009803971</C1>
                  <C2>46.29800000797007</C2>
                </COORD>
                <COORD>
                  <C1>9.685000009803051</C1>
                  <C2>46.29800000797041</C2>
                </COORD>
                <COORD>
                  <C1>9.683000009800914</C1>
                  <C2>46.29900000797161</C2>
                </COORD>
                <COORD>
                  <C1>9.683000009800619</C1>
                  <C2>46.30000000797215</C2>
                </COORD>
                <COORD>
                  <C1>9.682000009799404</C1>
                  <C2>46.30100000797305</C2>
                </COORD>
                <COORD>
                  <C1>9.683000009800024</C1>
                  <C2>46.302000007973255</C2>
                </COORD>
                <COORD>
                  <C1>9.682000009799104</C1>
                  <C2>46.302000007973575</C2>
                </COORD>
                <COORD>
                  <C1>9.681000009798185</C1>
                  <C2>46.3020000079739</C2>
                </COORD>
                <COORD>
                  <C1>9.681000009797888</C1>
                  <C2>46.30300000797446</C2>
                </COORD>
                <COORD>
                  <C1>9.680000009796668</C1>
                  <C2>46.30400000797532</C2>
                </COORD>
                <COORD>
                  <C1>9.679000009795748</C1>
                  <C2>46.30400000797566</C2>
                </COORD>
                <COORD>
                  <C1>9.678000009794532</C1>
                  <C2>46.305000007976524</C2>
                </COORD>
                <COORD>
                  <C1>9.677000009793613</C1>
                  <C2>46.30500000797682</C2>
                </COORD>
                <COORD>
                  <C1>9.676000009792693</C1>
                  <C2>46.30500000797712</C2>
                </COORD>
                <COORD>
                  <C1>9.67500000979207</C1>
                  <C2>46.30400000797691</C2>
                </COORD>
                <COORD>
                  <C1>9.675000009792367</C1>
                  <C2>46.30300000797635</C2>
                </COORD>
                <COORD>
                  <C1>9.674000009791445</C1>
                  <C2>46.30300000797665</C2>
                </COORD>
                <COORD>
                  <C1>9.673000009790524</C1>
                  <C2>46.30300000797698</C2>
                </COORD>
                <COORD>
                  <C1>9.672000009789905</C1>
                  <C2>46.30200000797673</C2>
                </COORD>
                <COORD>
                  <C1>9.67100000978898</C1>
                  <C2>46.302000007977085</C2>
                </COORD>
                <COORD>
                  <C1>9.671000009789282</C1>
                  <C2>46.30100000797648</C2>
                </COORD>
                <COORD>
                  <C1>9.671000009789577</C1>
                  <C2>46.30000000797591</C2>
                </COORD>
                <COORD>
                  <C1>9.671000009789871</C1>
                  <C2>46.299000007975344</C2>
                </COORD>
                <COORD>
                  <C1>9.67100000979017</C1>
                  <C2>46.29800000797479</C2>
                </COORD>
                <COORD>
                  <C1>9.670000009789248</C1>
                  <C2>46.29800000797516</C2>
                </COORD>
                <COORD>
                  <C1>9.669000009788325</C1>
                  <C2>46.298000007975425</C2>
                </COORD>
                <COORD>
                  <C1>9.668000009787406</C1>
                  <C2>46.29800000797576</C2>
                </COORD>
                <COORD>
                  <C1>9.668000009787113</C1>
                  <C2>46.29900000797631</C2>
                </COORD>
                <COORD>
                  <C1>9.66600000978527</C1>
                  <C2>46.299000007976915</C2>
                </COORD>
                <COORD>
                  <C1>9.665000009784347</C1>
                  <C2>46.299000007977234</C2>
                </COORD>
                <COORD>
                  <C1>9.664000009783424</C1>
                  <C2>46.29900000797757</C2>
                </COORD>
                <COORD>
                  <C1>9.664000009783724</C1>
                  <C2>46.29800000797701</C2>
                </COORD>
                <COORD>
                  <C1>9.6630000097828</C1>
                  <C2>46.29800000797729</C2>
                </COORD>
                <COORD>
                  <C1>9.661000009780958</C1>
                  <C2>46.29800000797793</C2>
                </COORD>
                <COORD>
                  <C1>9.661000009781253</C1>
                  <C2>46.29700000797738</C2>
                </COORD>
                <COORD>
                  <C1>9.66000000978033</C1>
                  <C2>46.297000007977715</C2>
                </COORD>
                <COORD>
                  <C1>9.659000009779414</C1>
                  <C2>46.29700000797801</C2>
                </COORD>
                <COORD>
                  <C1>9.659000009779708</C1>
                  <C2>46.296000007977455</C2>
                </COORD>
                <COORD>
                  <C1>9.658000009778787</C1>
                  <C2>46.29600000797774</C2>
                </COORD>
                <COORD>
                  <C1>9.657000009777866</C1>
                  <C2>46.2960000079781</C2>
                </COORD>
                <COORD>
                  <C1>9.657000009778159</C1>
                  <C2>46.29500000797752</C2>
                </COORD>
                <COORD>
                  <C1>9.656000009777236</C1>
                  <C2>46.29500000797782</C2>
                </COORD>
                <COORD>
                  <C1>9.655000009776312</C1>
                  <C2>46.29500000797814</C2>
                </COORD>
                <COORD>
                  <C1>9.654000009775391</C1>
                  <C2>46.29500000797846</C2>
                </COORD>
                <COORD>
                  <C1>9.653000009774468</C1>
                  <C2>46.29500000797877</C2>
                </COORD>
                <COORD>
                  <C1>9.652000009773843</C1>
                  <C2>46.29400000797852</C2>
                </COORD>
                <COORD>
                  <C1>9.65100000977292</C1>
                  <C2>46.2940000079788</C2>
                </COORD>
                <COORD>
                  <C1>9.651000009773217</C1>
                  <C2>46.29300000797827</C2>
                </COORD>
                <COORD>
                  <C1>9.651000009773517</C1>
                  <C2>46.29200000797771</C2>
                </COORD>
                <COORD>
                  <C1>9.651000009773814</C1>
                  <C2>46.29100000797719</C2>
                </COORD>
                <COORD>
                  <C1>9.650000009772889</C1>
                  <C2>46.29100000797746</C2>
                </COORD>
                <COORD>
                  <C1>9.649000009771962</C1>
                  <C2>46.29100000797781</C2>
                </COORD>
                <COORD>
                  <C1>9.648000009771039</C1>
                  <C2>46.29100000797813</C2>
                </COORD>
                <COORD>
                  <C1>9.647000009770114</C1>
                  <C2>46.29100000797841</C2>
                </COORD>
                <COORD>
                  <C1>9.646000009769491</C1>
                  <C2>46.29000000797818</C2>
                </COORD>
                <COORD>
                  <C1>9.645000009768564</C1>
                  <C2>46.29000000797846</C2>
                </COORD>
                <COORD>
                  <C1>9.64400000976794</C1>
                  <C2>46.28900000797822</C2>
                </COORD>
                <COORD>
                  <C1>9.643000009767016</C1>
                  <C2>46.28900000797853</C2>
                </COORD>
                <COORD>
                  <C1>9.642000009766091</C1>
                  <C2>46.28900000797884</C2>
                </COORD>
                <COORD>
                  <C1>9.642000009766386</C1>
                  <C2>46.288000007978304</C2>
                </COORD>
                <COORD>
                  <C1>9.641000009765463</C1>
                  <C2>46.28800000797862</C2>
                </COORD>
                <COORD>
                  <C1>9.640000009764542</C1>
                  <C2>46.28800000797891</C2>
                </COORD>
                <COORD>
                  <C1>9.639000009763617</C1>
                  <C2>46.28800000797922</C2>
                </COORD>
                <COORD>
                  <C1>9.638000009762688</C1>
                  <C2>46.288000007979534</C2>
                </COORD>
                <COORD>
                  <C1>9.636000009760844</C1>
                  <C2>46.28800000798021</C2>
                </COORD>
                <COORD>
                  <C1>9.635000009759919</C1>
                  <C2>46.28800000798045</C2>
                </COORD>
                <COORD>
                  <C1>9.634000009758996</C1>
                  <C2>46.28800000798081</C2>
                </COORD>
                <COORD>
                  <C1>9.633000009758069</C1>
                  <C2>46.288000007981104</C2>
                </COORD>
                <COORD>
                  <C1>9.63200000975685</C1>
                  <C2>46.28900000798198</C2>
                </COORD>
                <COORD>
                  <C1>9.630000009755001</C1>
                  <C2>46.28900000798262</C2>
                </COORD>
                <COORD>
                  <C1>9.629000009753783</C1>
                  <C2>46.290000007983515</C2>
                </COORD>
                <COORD>
                  <C1>9.628000009752858</C1>
                  <C2>46.29000000798382</C2>
                </COORD>
                <COORD>
                  <C1>9.628000009753153</C1>
                  <C2>46.28900000798324</C2>
                </COORD>
                <COORD>
                  <C1>9.627000009752226</C1>
                  <C2>46.28900000798355</C2>
                </COORD>
                <COORD>
                  <C1>9.627000009751933</C1>
                  <C2>46.29000000798412</C2>
                </COORD>
                <COORD>
                  <C1>9.626000009751007</C1>
                  <C2>46.29000000798442</C2>
                </COORD>
                <COORD>
                  <C1>9.625000009750082</C1>
                  <C2>46.29000000798475</C2>
                </COORD>
                <COORD>
                  <C1>9.624000009749157</C1>
                  <C2>46.29000000798504</C2>
                </COORD>
                <COORD>
                  <C1>9.622000009747309</C1>
                  <C2>46.29000000798567</C2>
                </COORD>
                <COORD>
                  <C1>9.62000000974575</C1>
                  <C2>46.28900000798574</C2>
                </COORD>
                <COORD>
                  <C1>9.620000009745455</C1>
                  <C2>46.29000000798629</C2>
                </COORD>
                <COORD>
                  <C1>9.619000009744235</C1>
                  <C2>46.291000007987165</C2>
                </COORD>
                <COORD>
                  <C1>9.61800000974331</C1>
                  <C2>46.291000007987485</C2>
                </COORD>
                <COORD>
                  <C1>9.617000009742384</C1>
                  <C2>46.29100000798777</C2>
                </COORD>
                <COORD>
                  <C1>9.617000009742089</C1>
                  <C2>46.292000007988364</C2>
                </COORD>
                <COORD>
                  <C1>9.616000009741164</C1>
                  <C2>46.292000007988676</C2>
                </COORD>
                <COORD>
                  <C1>9.61600000974087</C1>
                  <C2>46.29300000798922</C2>
                </COORD>
                <COORD>
                  <C1>9.615000009739944</C1>
                  <C2>46.29300000798955</C2>
                </COORD>
                <COORD>
                  <C1>9.614000009738724</C1>
                  <C2>46.2940000079904</C2>
                </COORD>
                <COORD>
                  <C1>9.613000009737798</C1>
                  <C2>46.294000007990725</C2>
                </COORD>
                <COORD>
                  <C1>9.613000009737503</C1>
                  <C2>46.29500000799127</C2>
                </COORD>
                <COORD>
                  <C1>9.612000009736574</C1>
                  <C2>46.295000007991604</C2>
                </COORD>
                <COORD>
                  <C1>9.612000009736283</C1>
                  <C2>46.29600000799217</C2>
                </COORD>
                <COORD>
                  <C1>9.611000009735356</C1>
                  <C2>46.29600000799247</C2>
                </COORD>
                <COORD>
                  <C1>9.61000000973443</C1>
                  <C2>46.29600000799277</C2>
                </COORD>
                <COORD>
                  <C1>9.609000009733503</C1>
                  <C2>46.2960000079931</C2>
                </COORD>
                <COORD>
                  <C1>9.608000009732578</C1>
                  <C2>46.29600000799339</C2>
                </COORD>
                <COORD>
                  <C1>9.60700000973165</C1>
                  <C2>46.296000007993726</C2>
                </COORD>
                <COORD>
                  <C1>9.607000009731355</C1>
                  <C2>46.29700000799424</C2>
                </COORD>
                <COORD>
                  <C1>9.606000009730431</C1>
                  <C2>46.29700000799454</C2>
                </COORD>
                <COORD>
                  <C1>9.605000009729501</C1>
                  <C2>46.29700000799487</C2>
                </COORD>
                <COORD>
                  <C1>9.604000009728871</C1>
                  <C2>46.29600000799468</C2>
                </COORD>
                <COORD>
                  <C1>9.60300000972765</C1>
                  <C2>46.29700000799551</C2>
                </COORD>
                <COORD>
                  <C1>9.602000009726721</C1>
                  <C2>46.29700000799581</C2>
                </COORD>
                <COORD>
                  <C1>9.601000009725798</C1>
                  <C2>46.29700000799613</C2>
                </COORD>
                <COORD>
                  <C1>9.600000009724575</C1>
                  <C2>46.298000007997025</C2>
                </COORD>
                <COORD>
                  <C1>9.600000009724868</C1>
                  <C2>46.29700000799644</C2>
                </COORD>
                <COORD>
                  <C1>9.599000009723943</C1>
                  <C2>46.29700000799674</C2>
                </COORD>
                <COORD>
                  <C1>9.598000009723016</C1>
                  <C2>46.297000007997084</C2>
                </COORD>
                <COORD>
                  <C1>9.598000009723311</C1>
                  <C2>46.29600000799651</C2>
                </COORD>
                <COORD>
                  <C1>9.597000009722382</C1>
                  <C2>46.29600000799684</C2>
                </COORD>
                <COORD>
                  <C1>9.596000009721456</C1>
                  <C2>46.29600000799715</C2>
                </COORD>
                <COORD>
                  <C1>9.59500000972053</C1>
                  <C2>46.296000007997456</C2>
                </COORD>
                <COORD>
                  <C1>9.595000009720824</C1>
                  <C2>46.295000007996876</C2>
                </COORD>
                <COORD>
                  <C1>9.594000009719895</C1>
                  <C2>46.29500000799721</C2>
                </COORD>
                <COORD>
                  <C1>9.593000009718672</C1>
                  <C2>46.29600000799809</C2>
                </COORD>
                <COORD>
                  <C1>9.592000009717747</C1>
                  <C2>46.29600000799838</C2>
                </COORD>
                <COORD>
                  <C1>9.591000009716527</C1>
                  <C2>46.29700000799926</C2>
                </COORD>
                <COORD>
                  <C1>9.590000009715595</C1>
                  <C2>46.29700000799956</C2>
                </COORD>
                <COORD>
                  <C1>9.589000009714669</C1>
                  <C2>46.297000007999884</C2>
                </COORD>
                <COORD>
                  <C1>9.588000009713735</C1>
                  <C2>46.297000008000175</C2>
                </COORD>
                <COORD>
                  <C1>9.587000009712812</C1>
                  <C2>46.29700000800049</C2>
                </COORD>
                <COORD>
                  <C1>9.586000009711885</C1>
                  <C2>46.29700000800079</C2>
                </COORD>
                <COORD>
                  <C1>9.586000009712176</C1>
                  <C2>46.29600000800022</C2>
                </COORD>
                <COORD>
                  <C1>9.585000009711251</C1>
                  <C2>46.29600000800054</C2>
                </COORD>
                <COORD>
                  <C1>9.584000009710321</C1>
                  <C2>46.29600000800086</C2>
                </COORD>
                <COORD>
                  <C1>9.584000009710024</C1>
                  <C2>46.29700000800143</C2>
                </COORD>
                <COORD>
                  <C1>9.5830000097091</C1>
                  <C2>46.29700000800172</C2>
                </COORD>
                <COORD>
                  <C1>9.582000009708171</C1>
                  <C2>46.29700000800205</C2>
                </COORD>
                <COORD>
                  <C1>9.58100000970724</C1>
                  <C2>46.29700000800236</C2>
                </COORD>
                <COORD>
                  <C1>9.580000009706312</C1>
                  <C2>46.29700000800266</C2>
                </COORD>
                <COORD>
                  <C1>9.579000009705384</C1>
                  <C2>46.297000008002975</C2>
                </COORD>
                <COORD>
                  <C1>9.579000009705089</C1>
                  <C2>46.298000008003534</C2>
                </COORD>
                <COORD>
                  <C1>9.578000009704159</C1>
                  <C2>46.29800000800386</C2>
                </COORD>
                <COORD>
                  <C1>9.578000009703867</C1>
                  <C2>46.29900000800444</C2>
                </COORD>
                <COORD>
                  <C1>9.577000009702935</C1>
                  <C2>46.299000008004704</C2>
                </COORD>
                <COORD>
                  <C1>9.576000009701719</C1>
                  <C2>46.30000000800559</C2>
                </COORD>
                <COORD>
                  <C1>9.575000009700789</C1>
                  <C2>46.300000008005895</C2>
                </COORD>
                <COORD>
                  <C1>9.575000009700489</C1>
                  <C2>46.301000008006476</C2>
                </COORD>
                <COORD>
                  <C1>9.574000009699564</C1>
                  <C2>46.3010000080068</C2>
                </COORD>
                <COORD>
                  <C1>9.573000009698637</C1>
                  <C2>46.30100000800709</C2>
                </COORD>
                <COORD>
                  <C1>9.572000009697703</C1>
                  <C2>46.30100000800743</C2>
                </COORD>
                <COORD>
                  <C1>9.571000009696778</C1>
                  <C2>46.30100000800772</C2>
                </COORD>
                <COORD>
                  <C1>9.570000009695551</C1>
                  <C2>46.30200000800854</C2>
                </COORD>
                <COORD>
                  <C1>9.569000009694625</C1>
                  <C2>46.3020000080089</C2>
                </COORD>
                <COORD>
                  <C1>9.569000009694333</C1>
                  <C2>46.30300000800948</C2>
                </COORD>
                <COORD>
                  <C1>9.5680000096934</C1>
                  <C2>46.30300000800977</C2>
                </COORD>
                <COORD>
                  <C1>9.567000009692475</C1>
                  <C2>46.303000008010066</C2>
                </COORD>
                <COORD>
                  <C1>9.566000009691248</C1>
                  <C2>46.30400000801097</C2>
                </COORD>
                <COORD>
                  <C1>9.565000009690317</C1>
                  <C2>46.30400000801126</C2>
                </COORD>
                <COORD>
                  <C1>9.564000009689387</C1>
                  <C2>46.30400000801156</C2>
                </COORD>
                <COORD>
                  <C1>9.56300000968817</C1>
                  <C2>46.30500000801244</C2>
                </COORD>
                <COORD>
                  <C1>9.562000009687235</C1>
                  <C2>46.30500000801275</C2>
                </COORD>
                <COORD>
                  <C1>9.56200000968694</C1>
                  <C2>46.306000008013314</C2>
                </COORD>
                <COORD>
                  <C1>9.562000009686646</C1>
                  <C2>46.30700000801386</C2>
                </COORD>
                <COORD>
                  <C1>9.562000009686354</C1>
                  <C2>46.308000008014425</C2>
                </COORD>
                <COORD>
                  <C1>9.561000009685426</C1>
                  <C2>46.308000008014716</C2>
                </COORD>
                <COORD>
                  <C1>9.560000009684494</C1>
                  <C2>46.30800000801508</C2>
                </COORD>
                <COORD>
                  <C1>9.559000009683565</C1>
                  <C2>46.30800000801533</C2>
                </COORD>
                <COORD>
                  <C1>9.558000009682633</C1>
                  <C2>46.308000008015675</C2>
                </COORD>
                <COORD>
                  <C1>9.557000009681705</C1>
                  <C2>46.30800000801593</C2>
                </COORD>
                <COORD>
                  <C1>9.556000009680776</C1>
                  <C2>46.30800000801628</C2>
                </COORD>
                <COORD>
                  <C1>9.555000009680136</C1>
                  <C2>46.30700000801606</C2>
                </COORD>
                <COORD>
                  <C1>9.55500000968043</C1>
                  <C2>46.306000008015474</C2>
                </COORD>
                <COORD>
                  <C1>9.5540000096795</C1>
                  <C2>46.3060000080158</C2>
                </COORD>
                <COORD>
                  <C1>9.554000009679791</C1>
                  <C2>46.30500000801523</C2>
                </COORD>
                <COORD>
                  <C1>9.55300000967886</C1>
                  <C2>46.305000008015526</C2>
                </COORD>
                <COORD>
                  <C1>9.552000009677933</C1>
                  <C2>46.305000008015845</C2>
                </COORD>
                <COORD>
                  <C1>9.551000009677294</C1>
                  <C2>46.304000008015606</C2>
                </COORD>
                <COORD>
                  <C1>9.549000009675138</C1>
                  <C2>46.30500000801676</C2>
                </COORD>
                <COORD>
                  <C1>9.5440000096696</C1>
                  <C2>46.30800000802001</C2>
                </COORD>
                <COORD>
                  <C1>9.54300000966867</C1>
                  <C2>46.308000008020294</C2>
                </COORD>
                <COORD>
                  <C1>9.54300000966838</C1>
                  <C2>46.30900000802086</C2>
                </COORD>
                <COORD>
                  <C1>9.542000009667447</C1>
                  <C2>46.309000008021194</C2>
                </COORD>
                <COORD>
                  <C1>9.541000009666222</C1>
                  <C2>46.31000000802204</C2>
                </COORD>
                <COORD>
                  <C1>9.540000009665292</C1>
                  <C2>46.31000000802234</C2>
                </COORD>
                <COORD>
                  <C1>9.540000009664997</C1>
                  <C2>46.311000008022916</C2>
                </COORD>
                <COORD>
                  <C1>9.539000009664061</C1>
                  <C2>46.31100000802326</C2>
                </COORD>
                <COORD>
                  <C1>9.538000009663135</C1>
                  <C2>46.31100000802355</C2>
                </COORD>
                <COORD>
                  <C1>9.538000009662841</C1>
                  <C2>46.31200000802407</C2>
                </COORD>
                <COORD>
                  <C1>9.538000009662548</C1>
                  <C2>46.313000008024645</C2>
                </COORD>
                <COORD>
                  <C1>9.537000009661616</C1>
                  <C2>46.31300000802497</C2>
                </COORD>
                <COORD>
                  <C1>9.536000009660683</C1>
                  <C2>46.313000008025305</C2>
                </COORD>
                <COORD>
                  <C1>9.536000009660391</C1>
                  <C2>46.31400000802585</C2>
                </COORD>
                <COORD>
                  <C1>9.53500000965946</C1>
                  <C2>46.31400000802614</C2>
                </COORD>
                <COORD>
                  <C1>9.534000009658236</C1>
                  <C2>46.31500000802704</C2>
                </COORD>
                <COORD>
                  <C1>9.53400000965794</C1>
                  <C2>46.316000008027544</C2>
                </COORD>
                <COORD>
                  <C1>9.53300000965701</C1>
                  <C2>46.3160000080279</C2>
                </COORD>
                <COORD>
                  <C1>9.533000009656714</C1>
                  <C2>46.31700000802844</C2>
                </COORD>
                <COORD>
                  <C1>9.532000009655782</C1>
                  <C2>46.31700000802875</C2>
                </COORD>
                <COORD>
                  <C1>9.532000009655489</C1>
                  <C2>46.318000008029294</C2>
                </COORD>
                <COORD>
                  <C1>9.531000009654559</C1>
                  <C2>46.318000008029635</C2>
                </COORD>
                <COORD>
                  <C1>9.530000009653625</C1>
                  <C2>46.318000008029905</C2>
                </COORD>
                <COORD>
                  <C1>9.530000009653332</C1>
                  <C2>46.3190000080305</C2>
                </COORD>
                <COORD>
                  <C1>9.5290000096524</C1>
                  <C2>46.31900000803081</C2>
                </COORD>
                <COORD>
                  <C1>9.529000009652107</C1>
                  <C2>46.320000008031336</C2>
                </COORD>
                <COORD>
                  <C1>9.528000009651175</C1>
                  <C2>46.32000000803167</C2>
                </COORD>
                <COORD>
                  <C1>9.528000009650883</C1>
                  <C2>46.32100000803221</C2>
                </COORD>
                <COORD>
                  <C1>9.527000009649946</C1>
                  <C2>46.32100000803255</C2>
                </COORD>
                <COORD>
                  <C1>9.527000009649655</C1>
                  <C2>46.322000008033065</C2>
                </COORD>
                <COORD>
                  <C1>9.52600000964843</C1>
                  <C2>46.32300000803394</C2>
                </COORD>
                <COORD>
                  <C1>9.526000009648138</C1>
                  <C2>46.3240000080345</C2>
                </COORD>
                <COORD>
                  <C1>9.525000009647206</C1>
                  <C2>46.3240000080348</C2>
                </COORD>
                <COORD>
                  <C1>9.525000009646911</C1>
                  <C2>46.32500000803539</C2>
                </COORD>
                <COORD>
                  <C1>9.524000009645977</C1>
                  <C2>46.325000008035694</C2>
                </COORD>
                <COORD>
                  <C1>9.524000009645686</C1>
                  <C2>46.326000008036246</C2>
                </COORD>
                <COORD>
                  <C1>9.523000009644752</C1>
                  <C2>46.326000008036544</C2>
                </COORD>
                <COORD>
                  <C1>9.52300000964446</C1>
                  <C2>46.32700000803708</C2>
                </COORD>
                <COORD>
                  <C1>9.522000009643529</C1>
                  <C2>46.32700000803743</C2>
                </COORD>
                <COORD>
                  <C1>9.521000009642593</C1>
                  <C2>46.32700000803773</C2>
                </COORD>
                <COORD>
                  <C1>9.521000009642306</C1>
                  <C2>46.32800000803829</C2>
                </COORD>
                <COORD>
                  <C1>9.52000000964137</C1>
                  <C2>46.32800000803863</C2>
                </COORD>
                <COORD>
                  <C1>9.520000009641073</C1>
                  <C2>46.32900000803915</C2>
                </COORD>
                <COORD>
                  <C1>9.519000009640145</C1>
                  <C2>46.32900000803947</C2>
                </COORD>
                <COORD>
                  <C1>9.519000009639852</C1>
                  <C2>46.33000000804004</C2>
                </COORD>
                <COORD>
                  <C1>9.519000009639557</C1>
                  <C2>46.33100000804058</C2>
                </COORD>
                <COORD>
                  <C1>9.519000009639264</C1>
                  <C2>46.33200000804114</C2>
                </COORD>
                <COORD>
                  <C1>9.51900000963897</C1>
                  <C2>46.33300000804168</C2>
                </COORD>
                <COORD>
                  <C1>9.518000009637747</C1>
                  <C2>46.33400000804258</C2>
                </COORD>
                <COORD>
                  <C1>9.517000009636812</C1>
                  <C2>46.33400000804287</C2>
                </COORD>
                <COORD>
                  <C1>9.516000009635878</C1>
                  <C2>46.334000008043226</C2>
                </COORD>
                <COORD>
                  <C1>9.51500000963495</C1>
                  <C2>46.33400000804348</C2>
                </COORD>
                <COORD>
                  <C1>9.515000009634653</C1>
                  <C2>46.33500000804407</C2>
                </COORD>
                <COORD>
                  <C1>9.515000009634358</C1>
                  <C2>46.336000008044614</C2>
                </COORD>
                <COORD>
                  <C1>9.515000009634063</C1>
                  <C2>46.337000008045166</C2>
                </COORD>
                <COORD>
                  <C1>9.51400000963313</C1>
                  <C2>46.337000008045486</C2>
                </COORD>
                <COORD>
                  <C1>9.514000009632834</C1>
                  <C2>46.33800000804605</C2>
                </COORD>
                <COORD>
                  <C1>9.513000009631908</C1>
                  <C2>46.338000008046365</C2>
                </COORD>
                <COORD>
                  <C1>9.513000009631613</C1>
                  <C2>46.339000008046874</C2>
                </COORD>
                <COORD>
                  <C1>9.513000009631318</C1>
                  <C2>46.34000000804744</C2>
                </COORD>
                <COORD>
                  <C1>9.51200000963009</C1>
                  <C2>46.341000008048304</C2>
                </COORD>
                <COORD>
                  <C1>9.512000009629796</C1>
                  <C2>46.342000008048856</C2>
                </COORD>
                <COORD>
                  <C1>9.512000009629503</C1>
                  <C2>46.343000008049415</C2>
                </COORD>
                <COORD>
                  <C1>9.512000009629208</C1>
                  <C2>46.344000008049974</C2>
                </COORD>
                <COORD>
                  <C1>9.511000009628274</C1>
                  <C2>46.344000008050294</C2>
                </COORD>
                <COORD>
                  <C1>9.51100000962798</C1>
                  <C2>46.34500000805083</C2>
                </COORD>
                <COORD>
                  <C1>9.51100000962769</C1>
                  <C2>46.346000008051426</C2>
                </COORD>
                <COORD>
                  <C1>9.510000009626754</C1>
                  <C2>46.3460000080517</C2>
                </COORD>
                <COORD>
                  <C1>9.510000009626463</C1>
                  <C2>46.34700000805226</C2>
                </COORD>
                <COORD>
                  <C1>9.511000009627395</C1>
                  <C2>46.347000008051936</C2>
                </COORD>
                <COORD>
                  <C1>9.511000009627098</C1>
                  <C2>46.348000008052495</C2>
                </COORD>
                <COORD>
                  <C1>9.510000009626166</C1>
                  <C2>46.348000008052836</C2>
                </COORD>
                <COORD>
                  <C1>9.510000009625873</C1>
                  <C2>46.349000008053345</C2>
                </COORD>
                <COORD>
                  <C1>9.510000009625582</C1>
                  <C2>46.35000000805393</C2>
                </COORD>
                <COORD>
                  <C1>9.510000009625285</C1>
                  <C2>46.35100000805447</C2>
                </COORD>
                <COORD>
                  <C1>9.510000009624992</C1>
                  <C2>46.352000008055036</C2>
                </COORD>
                <COORD>
                  <C1>9.5100000096247</C1>
                  <C2>46.353000008055616</C2>
                </COORD>
                <COORD>
                  <C1>9.509000009623469</C1>
                  <C2>46.35400000805645</C2>
                </COORD>
                <COORD>
                  <C1>9.508000009622537</C1>
                  <C2>46.35400000805676</C2>
                </COORD>
                <COORD>
                  <C1>9.507000009621605</C1>
                  <C2>46.35400000805707</C2>
                </COORD>
                <COORD>
                  <C1>9.50600000962067</C1>
                  <C2>46.35400000805736</C2>
                </COORD>
                <COORD>
                  <C1>9.50600000962038</C1>
                  <C2>46.35500000805794</C2>
                </COORD>
                <COORD>
                  <C1>9.505000009619444</C1>
                  <C2>46.35500000805823</C2>
                </COORD>
                <COORD>
                  <C1>9.505000009619154</C1>
                  <C2>46.356000008058835</C2>
                </COORD>
                <COORD>
                  <C1>9.504000009618217</C1>
                  <C2>46.35600000805912</C2>
                </COORD>
                <COORD>
                  <C1>9.504000009617924</C1>
                  <C2>46.357000008059686</C2>
                </COORD>
                <COORD>
                  <C1>9.503000009616988</C1>
                  <C2>46.35700000805996</C2>
                </COORD>
                <COORD>
                  <C1>9.502000009615761</C1>
                  <C2>46.35800000806082</C2>
                </COORD>
                <COORD>
                  <C1>9.501000009614827</C1>
                  <C2>46.358000008061154</C2>
                </COORD>
                <COORD>
                  <C1>9.501000009614534</C1>
                  <C2>46.35900000806169</C2>
                </COORD>
                <COORD>
                  <C1>9.50100000961424</C1>
                  <C2>46.36000000806224</C2>
                </COORD>
                <COORD>
                  <C1>9.50100000961395</C1>
                  <C2>46.36100000806282</C2>
                </COORD>
                <COORD>
                  <C1>9.501000009613653</C1>
                  <C2>46.362000008063376</C2>
                </COORD>
                <COORD>
                  <C1>9.50000000961272</C1>
                  <C2>46.362000008063674</C2>
                </COORD>
                <COORD>
                  <C1>9.500000009612426</C1>
                  <C2>46.36300000806424</C2>
                </COORD>
                <COORD>
                  <C1>9.500000009612128</C1>
                  <C2>46.364000008064764</C2>
                </COORD>
                <COORD>
                  <C1>9.499000009611201</C1>
                  <C2>46.36400000806506</C2>
                </COORD>
                <COORD>
                  <C1>9.499000009610905</C1>
                  <C2>46.365000008065635</C2>
                </COORD>
                <COORD>
                  <C1>9.498000009609967</C1>
                  <C2>46.365000008065934</C2>
                </COORD>
                <COORD>
                  <C1>9.498000009609672</C1>
                  <C2>46.366000008066486</C2>
                </COORD>
                <COORD>
                  <C1>9.497000009608449</C1>
                  <C2>46.36700000806737</C2>
                </COORD>
                <COORD>
                  <C1>9.496000009607513</C1>
                  <C2>46.36700000806765</C2>
                </COORD>
                <COORD>
                  <C1>9.494000009605351</C1>
                  <C2>46.36800000806884</C2>
                </COORD>
                <COORD>
                  <C1>9.493000009604716</C1>
                  <C2>46.3670000080686</C2>
                </COORD>
                <COORD>
                  <C1>9.492000009603485</C1>
                  <C2>46.368000008069465</C2>
                </COORD>
                <COORD>
                  <C1>9.49100000960255</C1>
                  <C2>46.36800000806978</C2>
                </COORD>
                <COORD>
                  <C1>9.490000009601617</C1>
                  <C2>46.36800000807007</C2>
                </COORD>
                <COORD>
                  <C1>9.489000009600685</C1>
                  <C2>46.36800000807039</C2>
                </COORD>
                <COORD>
                  <C1>9.489000009600392</C1>
                  <C2>46.36900000807092</C2>
                </COORD>
                <COORD>
                  <C1>9.486000009597586</C1>
                  <C2>46.369000008071865</C2>
                </COORD>
                <COORD>
                  <C1>9.484000009595714</C1>
                  <C2>46.369000008072454</C2>
                </COORD>
                <COORD>
                  <C1>9.483000009594786</C1>
                  <C2>46.369000008072774</C2>
                </COORD>
                <COORD>
                  <C1>9.483000009594488</C1>
                  <C2>46.37000000807333</C2>
                </COORD>
                <COORD>
                  <C1>9.48200000959326</C1>
                  <C2>46.37100000807418</C2>
                </COORD>
                <COORD>
                  <C1>9.482000009592966</C1>
                  <C2>46.37200000807475</C2>
                </COORD>
                <COORD>
                  <C1>9.481000009592028</C1>
                  <C2>46.37200000807505</C2>
                </COORD>
                <COORD>
                  <C1>9.481000009591737</C1>
                  <C2>46.37300000807561</C2>
                </COORD>
                <COORD>
                  <C1>9.479000009589866</C1>
                  <C2>46.37300000807624</C2>
                </COORD>
                <COORD>
                  <C1>9.479000009590159</C1>
                  <C2>46.37200000807566</C2>
                </COORD>
                <COORD>
                  <C1>9.477000009588291</C1>
                  <C2>46.37200000807631</C2>
                </COORD>
                <COORD>
                  <C1>9.47600000958707</C1>
                  <C2>46.37300000807715</C2>
                </COORD>
                <COORD>
                  <C1>9.475000009585832</C1>
                  <C2>46.374000008078035</C2>
                </COORD>
                <COORD>
                  <C1>9.474000009584897</C1>
                  <C2>46.37400000807835</C2>
                </COORD>
                <COORD>
                  <C1>9.473000009583961</C1>
                  <C2>46.37400000807868</C2>
                </COORD>
                <COORD>
                  <C1>9.472000009583029</C1>
                  <C2>46.37400000807894</C2>
                </COORD>
                <COORD>
                  <C1>9.470000009580863</C1>
                  <C2>46.37500000808012</C2>
                </COORD>
                <COORD>
                  <C1>9.46800000957899</C1>
                  <C2>46.375000008080725</C2>
                </COORD>
                <COORD>
                  <C1>9.467000009577765</C1>
                  <C2>46.37600000808159</C2>
                </COORD>
                <COORD>
                  <C1>9.466000009576826</C1>
                  <C2>46.376000008081895</C2>
                </COORD>
                <COORD>
                  <C1>9.465000009575892</C1>
                  <C2>46.37600000808223</C2>
                </COORD>
                <COORD>
                  <C1>9.46400000957496</C1>
                  <C2>46.376000008082514</C2>
                </COORD>
                <COORD>
                  <C1>9.464000009574669</C1>
                  <C2>46.37700000808305</C2>
                </COORD>
                <COORD>
                  <C1>9.462000009572495</C1>
                  <C2>46.37800000808423</C2>
                </COORD>
                <COORD>
                  <C1>9.46300000957314</C1>
                  <C2>46.379000008084454</C2>
                </COORD>
                <COORD>
                  <C1>9.464000009573484</C1>
                  <C2>46.38100000808527</C2>
                </COORD>
                <COORD>
                  <C1>9.464000009573192</C1>
                  <C2>46.38200000808583</C2>
                </COORD>
                <COORD>
                  <C1>9.464000009572898</C1>
                  <C2>46.38300000808636</C2>
                </COORD>
                <COORD>
                  <C1>9.46300000957167</C1>
                  <C2>46.38400000808725</C2>
                </COORD>
                <COORD>
                  <C1>9.46300000957138</C1>
                  <C2>46.38500000808779</C2>
                </COORD>
                <COORD>
                  <C1>9.466000009574183</C1>
                  <C2>46.38500000808686</C2>
                </COORD>
                <COORD>
                  <C1>9.466000009573888</C1>
                  <C2>46.38600000808745</C2>
                </COORD>
                <COORD>
                  <C1>9.467000009574823</C1>
                  <C2>46.38600000808714</C2>
                </COORD>
                <COORD>
                  <C1>9.467000009574527</C1>
                  <C2>46.38700000808767</C2>
                </COORD>
                <COORD>
                  <C1>9.46700000957423</C1>
                  <C2>46.388000008088206</C2>
                </COORD>
                <COORD>
                  <C1>9.468000009574872</C1>
                  <C2>46.389000008088445</C2>
                </COORD>
                <COORD>
                  <C1>9.469000009575808</C1>
                  <C2>46.38900000808814</C2>
                </COORD>
                <COORD>
                  <C1>9.469000009575513</C1>
                  <C2>46.39000000808866</C2>
                </COORD>
                <COORD>
                  <C1>9.470000009576447</C1>
                  <C2>46.39000000808837</C2>
                </COORD>
                <COORD>
                  <C1>9.470000009576156</C1>
                  <C2>46.39100000808893</C2>
                </COORD>
                <COORD>
                  <C1>9.469000009574923</C1>
                  <C2>46.39200000808983</C2>
                </COORD>
                <COORD>
                  <C1>9.468000009573693</C1>
                  <C2>46.39300000809066</C2>
                </COORD>
                <COORD>
                  <C1>9.4680000095734</C1>
                  <C2>46.394000008091204</C2>
                </COORD>
                <COORD>
                  <C1>9.468000009573101</C1>
                  <C2>46.39500000809177</C2>
                </COORD>
                <COORD>
                  <C1>9.468000009572808</C1>
                  <C2>46.396000008092315</C2>
                </COORD>
                <COORD>
                  <C1>9.468000009572513</C1>
                  <C2>46.39700000809284</C2>
                </COORD>
                <COORD>
                  <C1>9.468000009572219</C1>
                  <C2>46.39800000809338</C2>
                </COORD>
                <COORD>
                  <C1>9.468000009571927</C1>
                  <C2>46.399000008093964</C2>
                </COORD>
                <COORD>
                  <C1>9.46800000957163</C1>
                  <C2>46.4000000080945</C2>
                </COORD>
                <COORD>
                  <C1>9.467000009570695</C1>
                  <C2>46.40000000809478</C2>
                </COORD>
                <COORD>
                  <C1>9.467000009570402</C1>
                  <C2>46.40100000809536</C2>
                </COORD>
                <COORD>
                  <C1>9.467000009570103</C1>
                  <C2>46.40200000809589</C2>
                </COORD>
                <COORD>
                  <C1>9.466000009568877</C1>
                  <C2>46.40300000809675</C2>
                </COORD>
                <COORD>
                  <C1>9.46600000956858</C1>
                  <C2>46.4040000080973</C2>
                </COORD>
                <COORD>
                  <C1>9.466000009568281</C1>
                  <C2>46.405000008097836</C2>
                </COORD>
                <COORD>
                  <C1>9.465000009567055</C1>
                  <C2>46.40600000809869</C2>
                </COORD>
                <COORD>
                  <C1>9.46600000956769</C1>
                  <C2>46.40700000809895</C2>
                </COORD>
                <COORD>
                  <C1>9.465000009566761</C1>
                  <C2>46.40700000809924</C2>
                </COORD>
                <COORD>
                  <C1>9.465000009566465</C1>
                  <C2>46.40800000809982</C2>
                </COORD>
                <COORD>
                  <C1>9.464000009564938</C1>
                  <C2>46.41000000810125</C2>
                </COORD>
                <COORD>
                  <C1>9.463000009564</C1>
                  <C2>46.410000008101534</C2>
                </COORD>
                <COORD>
                  <C1>9.463000009563704</C1>
                  <C2>46.41100000810203</C2>
                </COORD>
                <COORD>
                  <C1>9.46300000956341</C1>
                  <C2>46.412000008102595</C2>
                </COORD>
                <COORD>
                  <C1>9.463000009563117</C1>
                  <C2>46.41300000810318</C2>
                </COORD>
                <COORD>
                  <C1>9.463000009562819</C1>
                  <C2>46.41400000810372</C2>
                </COORD>
                <COORD>
                  <C1>9.462000009561592</C1>
                  <C2>46.415000008104556</C2>
                </COORD>
                <COORD>
                  <C1>9.461000009560358</C1>
                  <C2>46.41600000810541</C2>
                </COORD>
                <COORD>
                  <C1>9.460000009559424</C1>
                  <C2>46.41600000810571</C2>
                </COORD>
                <COORD>
                  <C1>9.459000009558192</C1>
                  <C2>46.41700000810657</C2>
                </COORD>
                <COORD>
                  <C1>9.458000009557258</C1>
                  <C2>46.41700000810689</C2>
                </COORD>
                <COORD>
                  <C1>9.458000009556963</C1>
                  <C2>46.41800000810744</C2>
                </COORD>
                <COORD>
                  <C1>9.457000009556028</C1>
                  <C2>46.418000008107754</C2>
                </COORD>
                <COORD>
                  <C1>9.457000009555731</C1>
                  <C2>46.41900000810827</C2>
                </COORD>
                <COORD>
                  <C1>9.456000009554499</C1>
                  <C2>46.42000000810918</C2>
                </COORD>
                <COORD>
                  <C1>9.456000009554202</C1>
                  <C2>46.4210000081097</C2>
                </COORD>
                <COORD>
                  <C1>9.45600000955391</C1>
                  <C2>46.422000008110246</C2>
                </COORD>
                <COORD>
                  <C1>9.456000009553609</C1>
                  <C2>46.42300000811079</C2>
                </COORD>
                <COORD>
                  <C1>9.457000009553953</C1>
                  <C2>46.425000008111574</C2>
                </COORD>
                <COORD>
                  <C1>9.457000009553658</C1>
                  <C2>46.42600000811211</C2>
                </COORD>
                <COORD>
                  <C1>9.457000009553363</C1>
                  <C2>46.427000008112664</C2>
                </COORD>
                <COORD>
                  <C1>9.457000009553063</C1>
                  <C2>46.42800000811323</C2>
                </COORD>
                <COORD>
                  <C1>9.45700000955277</C1>
                  <C2>46.42900000811375</C2>
                </COORD>
                <COORD>
                  <C1>9.457000009552475</C1>
                  <C2>46.43000000811428</C2>
                </COORD>
                <COORD>
                  <C1>9.457000009552178</C1>
                  <C2>46.43100000811483</C2>
                </COORD>
                <COORD>
                  <C1>9.458000009552814</C1>
                  <C2>46.43200000811509</C2>
                </COORD>
                <COORD>
                  <C1>9.45800000955252</C1>
                  <C2>46.43300000811563</C2>
                </COORD>
                <COORD>
                  <C1>9.459000009553455</C1>
                  <C2>46.43300000811532</C2>
                </COORD>
                <COORD>
                  <C1>9.459000009553154</C1>
                  <C2>46.43400000811586</C2>
                </COORD>
                <COORD>
                  <C1>9.45900000955286</C1>
                  <C2>46.435000008116404</C2>
                </COORD>
                <COORD>
                  <C1>9.45900000955256</C1>
                  <C2>46.436000008116956</C2>
                </COORD>
                <COORD>
                  <C1>9.459000009552268</C1>
                  <C2>46.43700000811748</C2>
                </COORD>
                <COORD>
                  <C1>9.45900000955197</C1>
                  <C2>46.438000008118024</C2>
                </COORD>
                <COORD>
                  <C1>9.45900000955167</C1>
                  <C2>46.439000008118576</C2>
                </COORD>
                <COORD>
                  <C1>9.459000009551374</C1>
                  <C2>46.440000008119114</C2>
                </COORD>
                <COORD>
                  <C1>9.460000009552015</C1>
                  <C2>46.441000008119346</C2>
                </COORD>
                <COORD>
                  <C1>9.461000009552649</C1>
                  <C2>46.442000008119614</C2>
                </COORD>
                <COORD>
                  <C1>9.460000009551417</C1>
                  <C2>46.443000008120464</C2>
                </COORD>
                <COORD>
                  <C1>9.46100000955235</C1>
                  <C2>46.44300000812014</C2>
                </COORD>
                <COORD>
                  <C1>9.462000009552987</C1>
                  <C2>46.444000008120376</C2>
                </COORD>
                <COORD>
                  <C1>9.46200000955269</C1>
                  <C2>46.44500000812095</C2>
                </COORD>
                <COORD>
                  <C1>9.46100000955146</C1>
                  <C2>46.446000008121764</C2>
                </COORD>
                <COORD>
                  <C1>9.46100000955116</C1>
                  <C2>46.44700000812233</C2>
                </COORD>
                <COORD>
                  <C1>9.461000009550864</C1>
                  <C2>46.44800000812284</C2>
                </COORD>
                <COORD>
                  <C1>9.461000009550565</C1>
                  <C2>46.44900000812341</C2>
                </COORD>
                <COORD>
                  <C1>9.461000009550272</C1>
                  <C2>46.45000000812396</C2>
                </COORD>
                <COORD>
                  <C1>9.461000009549974</C1>
                  <C2>46.45100000812448</C2>
                </COORD>
                <COORD>
                  <C1>9.46100000954967</C1>
                  <C2>46.45200000812501</C2>
                </COORD>
                <COORD>
                  <C1>9.462000009550307</C1>
                  <C2>46.45300000812526</C2>
                </COORD>
                <COORD>
                  <C1>9.461000009549078</C1>
                  <C2>46.454000008126116</C2>
                </COORD>
                <COORD>
                  <C1>9.46000000954755</C1>
                  <C2>46.45600000812747</C2>
                </COORD>
                <COORD>
                  <C1>9.460000009547253</C1>
                  <C2>46.457000008128055</C2>
                </COORD>
                <COORD>
                  <C1>9.460000009546953</C1>
                  <C2>46.45800000812859</C2>
                </COORD>
                <COORD>
                  <C1>9.460000009546658</C1>
                  <C2>46.45900000812916</C2>
                </COORD>
                <COORD>
                  <C1>9.460000009546363</C1>
                  <C2>46.46000000812969</C2>
                </COORD>
                <COORD>
                  <C1>9.461000009546693</C1>
                  <C2>46.46200000813043</C2>
                </COORD>
                <COORD>
                  <C1>9.461000009546392</C1>
                  <C2>46.46300000813099</C2>
                </COORD>
                <COORD>
                  <C1>9.4610000095458</C1>
                  <C2>46.46500000813205</C2>
                </COORD>
                <COORD>
                  <C1>9.461000009545502</C1>
                  <C2>46.466000008132596</C2>
                </COORD>
                <COORD>
                  <C1>9.463000009547068</C1>
                  <C2>46.46700000813251</C2>
                </COORD>
                <COORD>
                  <C1>9.464000009548002</C1>
                  <C2>46.4670000081322</C2>
                </COORD>
                <COORD>
                  <C1>9.465000009548634</C1>
                  <C2>46.46800000813244</C2>
                </COORD>
                <COORD>
                  <C1>9.465000009548335</C1>
                  <C2>46.46900000813299</C2>
                </COORD>
                <COORD>
                  <C1>9.466000009548972</C1>
                  <C2>46.470000008133226</C2>
                </COORD>
                <COORD>
                  <C1>9.466000009548669</C1>
                  <C2>46.471000008133764</C2>
                </COORD>
                <COORD>
                  <C1>9.4670000095496</C1>
                  <C2>46.471000008133416</C2>
                </COORD>
                <COORD>
                  <C1>9.466000009548369</C1>
                  <C2>46.47200000813429</C2>
                </COORD>
                <COORD>
                  <C1>9.466000009547773</C1>
                  <C2>46.47400000813535</C2>
                </COORD>
                <COORD>
                  <C1>9.465000009546541</C1>
                  <C2>46.47500000813624</C2>
                </COORD>
                <COORD>
                  <C1>9.466000009547475</C1>
                  <C2>46.47500000813593</C2>
                </COORD>
                <COORD>
                  <C1>9.465000009546245</C1>
                  <C2>46.47600000813677</C2>
                </COORD>
                <COORD>
                  <C1>9.465000009545943</C1>
                  <C2>46.477000008137274</C2>
                </COORD>
                <COORD>
                  <C1>9.46500000954564</C1>
                  <C2>46.47800000813783</C2>
                </COORD>
                <COORD>
                  <C1>9.465000009545344</C1>
                  <C2>46.4790000081384</C2>
                </COORD>
                <COORD>
                  <C1>9.465000009545044</C1>
                  <C2>46.48000000813892</C2>
                </COORD>
                <COORD>
                  <C1>9.465000009544745</C1>
                  <C2>46.48100000813944</C2>
                </COORD>
                <COORD>
                  <C1>9.464000009543517</C1>
                  <C2>46.482000008140304</C2>
                </COORD>
                <COORD>
                  <C1>9.463000009542585</C1>
                  <C2>46.482000008140616</C2>
                </COORD>
                <COORD>
                  <C1>9.451000009531391</C1>
                  <C2>46.482000008144325</C2>
                </COORD>
                <COORD>
                  <C1>9.451000009530793</C1>
                  <C2>46.48400000814541</C2>
                </COORD>
                <COORD>
                  <C1>9.45000000952956</C1>
                  <C2>46.485000008146216</C2>
                </COORD>
                <COORD>
                  <C1>9.450000009529262</C1>
                  <C2>46.48600000814681</C2>
                </COORD>
                <COORD>
                  <C1>9.462000009540153</C1>
                  <C2>46.48700000814361</C2>
                </COORD>
                <COORD>
                  <C1>9.462000009539851</C1>
                  <C2>46.48800000814413</C2>
                </COORD>
                <COORD>
                  <C1>9.462000009539553</C1>
                  <C2>46.48900000814469</C2>
                </COORD>
                <COORD>
                  <C1>9.463000009540188</C1>
                  <C2>46.49000000814492</C2>
                </COORD>
                <COORD>
                  <C1>9.463000009539886</C1>
                  <C2>46.49100000814542</C2>
                </COORD>
                <COORD>
                  <C1>9.463000009539586</C1>
                  <C2>46.492000008145986</C2>
                </COORD>
                <COORD>
                  <C1>9.463000009539288</C1>
                  <C2>46.493000008146566</C2>
                </COORD>
                <COORD>
                  <C1>9.463000009538987</C1>
                  <C2>46.49400000814706</C2>
                </COORD>
                <COORD>
                  <C1>9.463000009538687</C1>
                  <C2>46.49500000814761</C2>
                </COORD>
                <COORD>
                  <C1>9.463000009538385</C1>
                  <C2>46.49600000814815</C2>
                </COORD>
                <COORD>
                  <C1>9.463000009538085</C1>
                  <C2>46.497000008148675</C2>
                </COORD>
                <COORD>
                  <C1>9.464000009538719</C1>
                  <C2>46.498000008148935</C2>
                </COORD>
                <COORD>
                  <C1>9.464000009538118</C1>
                  <C2>46.500000008149996</C2>
                </COORD>
                <COORD>
                  <C1>9.464000009537815</C1>
                  <C2>46.50100000815051</C2>
                </COORD>
                <COORD>
                  <C1>9.463000009536584</C1>
                  <C2>46.50200000815135</C2>
                </COORD>
                <COORD>
                  <C1>9.463000009536287</C1>
                  <C2>46.503000008151865</C2>
                </COORD>
                <COORD>
                  <C1>9.463000009535985</C1>
                  <C2>46.504000008152424</C2>
                </COORD>
                <COORD>
                  <C1>9.463000009535682</C1>
                  <C2>46.505000008152976</C2>
                </COORD>
                <COORD>
                  <C1>9.463000009535383</C1>
                  <C2>46.50600000815351</C2>
                </COORD>
                <COORD>
                  <C1>9.462000009534151</C1>
                  <C2>46.50700000815433</C2>
                </COORD>
                <COORD>
                  <C1>9.463000009534781</C1>
                  <C2>46.50800000815458</C2>
                </COORD>
                <COORD>
                  <C1>9.46600000953697</C1>
                  <C2>46.51000000815474</C2>
                </COORD>
                <COORD>
                  <C1>9.465000009536041</C1>
                  <C2>46.510000008155004</C2>
                </COORD>
                <COORD>
                  <C1>9.46500000953574</C1>
                  <C2>46.51100000815555</C2>
                </COORD>
                <COORD>
                  <C1>9.464000009534804</C1>
                  <C2>46.51100000815586</C2>
                </COORD>
                <COORD>
                  <C1>9.463000009534179</C1>
                  <C2>46.51000000815565</C2>
                </COORD>
                <COORD>
                  <C1>9.461000009532315</C1>
                  <C2>46.51000000815624</C2>
                </COORD>
                <COORD>
                  <C1>9.460000009531386</C1>
                  <C2>46.510000008156545</C2>
                </COORD>
                <COORD>
                  <C1>9.459000009530453</C1>
                  <C2>46.510000008156865</C2>
                </COORD>
                <COORD>
                  <C1>9.458000009529822</C1>
                  <C2>46.50900000815666</C2>
                </COORD>
                <COORD>
                  <C1>9.45700000952919</C1>
                  <C2>46.508000008156436</C2>
                </COORD>
                <COORD>
                  <C1>9.45600000952826</C1>
                  <C2>46.50800000815673</C2>
                </COORD>
                <COORD>
                  <C1>9.45600000952856</C1>
                  <C2>46.507000008156176</C2>
                </COORD>
                <COORD>
                  <C1>9.435000009511072</C1>
                  <C2>46.50000000815893</C2>
                </COORD>
                <COORD>
                  <C1>9.435000009511366</C1>
                  <C2>46.49900000815839</C2>
                </COORD>
                <COORD>
                  <C1>9.435000009511668</C1>
                  <C2>46.4980000081579</C2>
                </COORD>
                <COORD>
                  <C1>9.434000009510736</C1>
                  <C2>46.49800000815818</C2>
                </COORD>
                <COORD>
                  <C1>9.4330000095098</C1>
                  <C2>46.49800000815851</C2>
                </COORD>
                <COORD>
                  <C1>9.433000009510097</C1>
                  <C2>46.497000008157954</C2>
                </COORD>
                <COORD>
                  <C1>9.43200000950946</C1>
                  <C2>46.496000008157736</C2>
                </COORD>
                <COORD>
                  <C1>9.432000009509764</C1>
                  <C2>46.49500000815719</C2>
                </COORD>
                <COORD>
                  <C1>9.431000009508828</C1>
                  <C2>46.49500000815751</C2>
                </COORD>
                <COORD>
                  <C1>9.431000009509129</C1>
                  <C2>46.494000008156966</C2>
                </COORD>
                <COORD>
                  <C1>9.430000009508191</C1>
                  <C2>46.49400000815723</C2>
                </COORD>
                <COORD>
                  <C1>9.429000009507256</C1>
                  <C2>46.49400000815757</C2>
                </COORD>
                <COORD>
                  <C1>9.429000009507558</C1>
                  <C2>46.493000008157075</C2>
                </COORD>
                <COORD>
                  <C1>9.428000009506624</C1>
                  <C2>46.493000008157395</C2>
                </COORD>
                <COORD>
                  <C1>9.428000009506924</C1>
                  <C2>46.49200000815679</C2>
                </COORD>
                <COORD>
                  <C1>9.427000009505988</C1>
                  <C2>46.49200000815715</C2>
                </COORD>
                <COORD>
                  <C1>9.427000009506282</C1>
                  <C2>46.49100000815659</C2>
                </COORD>
                <COORD>
                  <C1>9.426000009505351</C1>
                  <C2>46.491000008156895</C2>
                </COORD>
                <COORD>
                  <C1>9.426000009505646</C1>
                  <C2>46.490000008156386</C2>
                </COORD>
                <COORD>
                  <C1>9.42600000950595</C1>
                  <C2>46.489000008155834</C2>
                </COORD>
                <COORD>
                  <C1>9.427000009506884</C1>
                  <C2>46.48900000815552</C2>
                </COORD>
                <COORD>
                  <C1>9.42700000950718</C1>
                  <C2>46.48800000815497</C2>
                </COORD>
                <COORD>
                  <C1>9.42800000950812</C1>
                  <C2>46.48800000815463</C2>
                </COORD>
                <COORD>
                  <C1>9.427000009507477</C1>
                  <C2>46.48700000815444</C2>
                </COORD>
                <COORD>
                  <C1>9.42600000950684</C1>
                  <C2>46.486000008154214</C2>
                </COORD>
                <COORD>
                  <C1>9.42600000950714</C1>
                  <C2>46.48500000815367</C2>
                </COORD>
                <COORD>
                  <C1>9.425000009506505</C1>
                  <C2>46.484000008153465</C2>
                </COORD>
                <COORD>
                  <C1>9.426000009507737</C1>
                  <C2>46.48300000815259</C2>
                </COORD>
                <COORD>
                  <C1>9.426000009508034</C1>
                  <C2>46.482000008152085</C2>
                </COORD>
                <COORD>
                  <C1>9.4250000095074</C1>
                  <C2>46.48100000815181</C2>
                </COORD>
                <COORD>
                  <C1>9.426000009508334</C1>
                  <C2>46.481000008151526</C2>
                </COORD>
                <COORD>
                  <C1>9.42600000950863</C1>
                  <C2>46.48000000815097</C2>
                </COORD>
                <COORD>
                  <C1>9.426000009508924</C1>
                  <C2>46.479000008150436</C2>
                </COORD>
                <COORD>
                  <C1>9.425000009508292</C1>
                  <C2>46.47800000815021</C2>
                </COORD>
                <COORD>
                  <C1>9.424000009507653</C1>
                  <C2>46.47700000815</C2>
                </COORD>
                <COORD>
                  <C1>9.423000009507014</C1>
                  <C2>46.476000008149725</C2>
                </COORD>
                <COORD>
                  <C1>9.42200000950608</C1>
                  <C2>46.47600000815005</C2>
                </COORD>
                <COORD>
                  <C1>9.42100000950544</C1>
                  <C2>46.47500000814981</C2>
                </COORD>
                <COORD>
                  <C1>9.420000009504506</C1>
                  <C2>46.475000008150126</C2>
                </COORD>
                <COORD>
                  <C1>9.419000009503868</C1>
                  <C2>46.474000008149865</C2>
                </COORD>
                <COORD>
                  <C1>9.41800000950323</C1>
                  <C2>46.47300000814967</C2>
                </COORD>
                <COORD>
                  <C1>9.418000009503526</C1>
                  <C2>46.47200000814911</C2>
                </COORD>
                <COORD>
                  <C1>9.41700000950259</C1>
                  <C2>46.47200000814943</C2>
                </COORD>
                <COORD>
                  <C1>9.41600000950195</C1>
                  <C2>46.47100000814919</C2>
                </COORD>
                <COORD>
                  <C1>9.416000009502246</C1>
                  <C2>46.47000000814866</C2>
                </COORD>
                <COORD>
                  <C1>9.41500000950131</C1>
                  <C2>46.47000000814893</C2>
                </COORD>
                <COORD>
                  <C1>9.415000009501606</C1>
                  <C2>46.46900000814843</C2>
                </COORD>
                <COORD>
                  <C1>9.414000009500672</C1>
                  <C2>46.469000008148726</C2>
                </COORD>
                <COORD>
                  <C1>9.413000009499731</C1>
                  <C2>46.46900000814902</C2>
                </COORD>
                <COORD>
                  <C1>9.4120000094988</C1>
                  <C2>46.46900000814937</C2>
                </COORD>
                <COORD>
                  <C1>9.411000009497856</C1>
                  <C2>46.46900000814965</C2>
                </COORD>
                <COORD>
                  <C1>9.40600000949258</C1>
                  <C2>46.47100000815226</C2>
                </COORD>
                <COORD>
                  <C1>9.40500000949164</C1>
                  <C2>46.471000008152586</C2>
                </COORD>
                <COORD>
                  <C1>9.405000009491939</C1>
                  <C2>46.470000008152056</C2>
                </COORD>
                <COORD>
                  <C1>9.404000009490707</C1>
                  <C2>46.471000008152885</C2>
                </COORD>
                <COORD>
                  <C1>9.403000009489766</C1>
                  <C2>46.47100000815318</C2>
                </COORD>
                <COORD>
                  <C1>9.401000009487893</C1>
                  <C2>46.47100000815385</C2>
                </COORD>
                <COORD>
                  <C1>9.401000009487596</C1>
                  <C2>46.47200000815439</C2>
                </COORD>
                <COORD>
                  <C1>9.400000009486659</C1>
                  <C2>46.47200000815466</C2>
                </COORD>
                <COORD>
                  <C1>9.399000009485722</C1>
                  <C2>46.472000008154986</C2>
                </COORD>
                <COORD>
                  <C1>9.398000009484782</C1>
                  <C2>46.47200000815529</C2>
                </COORD>
                <COORD>
                  <C1>9.397000009483547</C1>
                  <C2>46.473000008156156</C2>
                </COORD>
                <COORD>
                  <C1>9.397000009483252</C1>
                  <C2>46.47400000815667</C2>
                </COORD>
                <COORD>
                  <C1>9.394000009480436</C1>
                  <C2>46.47400000815756</C2>
                </COORD>
                <COORD>
                  <C1>9.392000009478265</C1>
                  <C2>46.475000008158716</C2>
                </COORD>
                <COORD>
                  <C1>9.391000009477326</C1>
                  <C2>46.47500000815904</C2>
                </COORD>
                <COORD>
                  <C1>9.391000009477029</C1>
                  <C2>46.47600000815957</C2>
                </COORD>
                <COORD>
                  <C1>9.390000009475498</C1>
                  <C2>46.478000008161</C2>
                </COORD>
                <COORD>
                  <C1>9.389000009473664</C1>
                  <C2>46.481000008162916</C2>
                </COORD>
                <COORD>
                  <C1>9.38800000947243</C1>
                  <C2>46.482000008163745</C2>
                </COORD>
                <COORD>
                  <C1>9.387000009471496</C1>
                  <C2>46.482000008164064</C2>
                </COORD>
                <COORD>
                  <C1>9.387000009471198</C1>
                  <C2>46.48300000816458</C2>
                </COORD>
                <COORD>
                  <C1>9.387000009470901</C1>
                  <C2>46.48400000816513</C2>
                </COORD>
                <COORD>
                  <C1>9.38600000946996</C1>
                  <C2>46.484000008165424</C2>
                </COORD>
                <COORD>
                  <C1>9.38500000946873</C1>
                  <C2>46.485000008166296</C2>
                </COORD>
                <COORD>
                  <C1>9.383000009467148</C1>
                  <C2>46.484000008166376</C2>
                </COORD>
                <COORD>
                  <C1>9.383000009466846</C1>
                  <C2>46.485000008166885</C2>
                </COORD>
                <COORD>
                  <C1>9.382000009465612</C1>
                  <C2>46.48600000816772</C2>
                </COORD>
                <COORD>
                  <C1>9.381000009464676</C1>
                  <C2>46.48600000816807</C2>
                </COORD>
                <COORD>
                  <C1>9.380000009463735</C1>
                  <C2>46.486000008168396</C2>
                </COORD>
                <COORD>
                  <C1>9.379000009462795</C1>
                  <C2>46.486000008168666</C2>
                </COORD>
                <COORD>
                  <C1>9.378000009461564</C1>
                  <C2>46.48700000816951</C2>
                </COORD>
                <COORD>
                  <C1>9.377000009460621</C1>
                  <C2>46.48700000816984</C2>
                </COORD>
                <COORD>
                  <C1>9.377000009460325</C1>
                  <C2>46.48800000817036</C2>
                </COORD>
                <COORD>
                  <C1>9.37700000946003</C1>
                  <C2>46.4890000081709</C2>
                </COORD>
                <COORD>
                  <C1>9.376000009459093</C1>
                  <C2>46.489000008171224</C2>
                </COORD>
                <COORD>
                  <C1>9.376000009458794</C1>
                  <C2>46.49000000817172</C2>
                </COORD>
                <COORD>
                  <C1>9.375000009457557</C1>
                  <C2>46.49100000817259</C2>
                </COORD>
                <COORD>
                  <C1>9.37400000945662</C1>
                  <C2>46.491000008172925</C2>
                </COORD>
                <COORD>
                  <C1>9.373000009455678</C1>
                  <C2>46.49100000817322</C2>
                </COORD>
                <COORD>
                  <C1>9.37200000945444</C1>
                  <C2>46.49200000817405</C2>
                </COORD>
                <COORD>
                  <C1>9.372000009454148</C1>
                  <C2>46.49300000817459</C2>
                </COORD>
                <COORD>
                  <C1>9.371000009453208</C1>
                  <C2>46.49300000817492</C2>
                </COORD>
                <COORD>
                  <C1>9.371000009452912</C1>
                  <C2>46.49400000817546</C2>
                </COORD>
                <COORD>
                  <C1>9.370000009451672</C1>
                  <C2>46.49500000817628</C2>
                </COORD>
                <COORD>
                  <C1>9.370000009451374</C1>
                  <C2>46.496000008176814</C2>
                </COORD>
                <COORD>
                  <C1>9.370000009451076</C1>
                  <C2>46.49700000817733</C2>
                </COORD>
                <COORD>
                  <C1>9.370000009450782</C1>
                  <C2>46.498000008177925</C2>
                </COORD>
                <COORD>
                  <C1>9.371000009451423</C1>
                  <C2>46.49900000817808</C2>
                </COORD>
                <COORD>
                  <C1>9.37100000945113</C1>
                  <C2>46.50000000817868</C2>
                </COORD>
                <COORD>
                  <C1>9.37200000945207</C1>
                  <C2>46.500000008178375</C2>
                </COORD>
                <COORD>
                  <C1>9.373000009452712</C1>
                  <C2>46.501000008178565</C2>
                </COORD>
                <COORD>
                  <C1>9.374000009453647</C1>
                  <C2>46.501000008178266</C2>
                </COORD>
                <COORD>
                  <C1>9.375000009454588</C1>
                  <C2>46.501000008177975</C2>
                </COORD>
                <COORD>
                  <C1>9.375000009454292</C1>
                  <C2>46.50200000817851</C2>
                </COORD>
                <COORD>
                  <C1>9.375000009453993</C1>
                  <C2>46.503000008179086</C2>
                </COORD>
                <COORD>
                  <C1>9.375000009453696</C1>
                  <C2>46.50400000817959</C2>
                </COORD>
                <COORD>
                  <C1>9.375000009453396</C1>
                  <C2>46.50500000818011</C2>
                </COORD>
                <COORD>
                  <C1>9.3750000094531</C1>
                  <C2>46.506000008180656</C2>
                </COORD>
                <COORD>
                  <C1>9.374000009452162</C1>
                  <C2>46.506000008180955</C2>
                </COORD>
                <COORD>
                  <C1>9.373000009451223</C1>
                  <C2>46.506000008181246</C2>
                </COORD>
                <COORD>
                  <C1>9.372000009450286</C1>
                  <C2>46.5060000081816</C2>
                </COORD>
                <COORD>
                  <C1>9.37100000944905</C1>
                  <C2>46.507000008182416</C2>
                </COORD>
                <COORD>
                  <C1>9.370000009448109</C1>
                  <C2>46.50700000818272</C2>
                </COORD>
                <COORD>
                  <C1>9.369000009446875</C1>
                  <C2>46.50800000818357</C2>
                </COORD>
                <COORD>
                  <C1>9.368000009445934</C1>
                  <C2>46.5080000081839</C2>
                </COORD>
                <COORD>
                  <C1>9.368000009445636</C1>
                  <C2>46.50900000818441</C2>
                </COORD>
                <COORD>
                  <C1>9.367000009444697</C1>
                  <C2>46.509000008184714</C2>
                </COORD>
                <COORD>
                  <C1>9.36600000944346</C1>
                  <C2>46.51000000818557</C2>
                </COORD>
                <COORD>
                  <C1>9.366000009443162</C1>
                  <C2>46.5110000081861</C2>
                </COORD>
                <COORD>
                  <C1>9.364000009441284</C1>
                  <C2>46.511000008186734</C2>
                </COORD>
                <COORD>
                  <C1>9.363000009440347</C1>
                  <C2>46.51100000818703</C2>
                </COORD>
                <COORD>
                  <C1>9.362000009439406</C1>
                  <C2>46.51100000818732</C2>
                </COORD>
                <COORD>
                  <C1>9.362000009439702</C1>
                  <C2>46.5100000081868</C2>
                </COORD>
                <COORD>
                  <C1>9.361000009438762</C1>
                  <C2>46.51000000818708</C2>
                </COORD>
                <COORD>
                  <C1>9.360000009438117</C1>
                  <C2>46.509000008186845</C2>
                </COORD>
                <COORD>
                  <C1>9.359000009437478</C1>
                  <C2>46.508000008186656</C2>
                </COORD>
                <COORD>
                  <C1>9.358000009436834</C1>
                  <C2>46.507000008186424</C2>
                </COORD>
                <COORD>
                  <C1>9.356000009435249</C1>
                  <C2>46.506000008186476</C2>
                </COORD>
                <COORD>
                  <C1>9.353000009432131</C1>
                  <C2>46.50700000818794</C2>
                </COORD>
                <COORD>
                  <C1>9.35200000943119</C1>
                  <C2>46.507000008188236</C2>
                </COORD>
                <COORD>
                  <C1>9.351000009430251</C1>
                  <C2>46.50700000818856</C2>
                </COORD>
                <COORD>
                  <C1>9.34900000942837</C1>
                  <C2>46.50700000818918</C2>
                </COORD>
                <COORD>
                  <C1>9.343000009423017</C1>
                  <C2>46.506000008190476</C2>
                </COORD>
                <COORD>
                  <C1>9.340000009420194</C1>
                  <C2>46.5060000081914</C2>
                </COORD>
                <COORD>
                  <C1>9.340000009419898</C1>
                  <C2>46.50700000819191</C2>
                </COORD>
                <COORD>
                  <C1>9.339000009418658</C1>
                  <C2>46.50800000819278</C2>
                </COORD>
                <COORD>
                  <C1>9.338000009417716</C1>
                  <C2>46.50800000819309</C2>
                </COORD>
                <COORD>
                  <C1>9.333000009413304</C1>
                  <C2>46.507000008194034</C2>
                </COORD>
                <COORD>
                  <C1>9.32300000940388</C1>
                  <C2>46.50700000819714</C2>
                </COORD>
                <COORD>
                  <C1>9.322000009402931</C1>
                  <C2>46.50700000819741</C2>
                </COORD>
                <COORD>
                  <C1>9.32100000940199</C1>
                  <C2>46.507000008197714</C2>
                </COORD>
                <COORD>
                  <C1>9.320000009401047</C1>
                  <C2>46.50700000819805</C2>
                </COORD>
                <COORD>
                  <C1>9.319000009400403</C1>
                  <C2>46.50600000819778</C2>
                </COORD>
                <COORD>
                  <C1>9.318000009399459</C1>
                  <C2>46.506000008198114</C2>
                </COORD>
                <COORD>
                  <C1>9.316000009397571</C1>
                  <C2>46.50600000819872</C2>
                </COORD>
                <COORD>
                  <C1>9.315000009396625</C1>
                  <C2>46.506000008198995</C2>
                </COORD>
                <COORD>
                  <C1>9.314000009395683</C1>
                  <C2>46.50600000819934</C2>
                </COORD>
                <COORD>
                  <C1>9.31300000939474</C1>
                  <C2>46.50600000819963</C2>
                </COORD>
                <COORD>
                  <C1>9.312000009393794</C1>
                  <C2>46.50600000819993</C2>
                </COORD>
                <COORD>
                  <C1>9.311000009393148</C1>
                  <C2>46.5050000081997</C2>
                </COORD>
                <COORD>
                  <C1>9.310000009392201</C1>
                  <C2>46.50500000819999</C2>
                </COORD>
                <COORD>
                  <C1>9.308000009390607</C1>
                  <C2>46.50400000820009</C2>
                </COORD>
                <COORD>
                  <C1>9.307000009389668</C1>
                  <C2>46.50400000820037</C2>
                </COORD>
                <COORD>
                  <C1>9.306000009389013</C1>
                  <C2>46.503000008200125</C2>
                </COORD>
                <COORD>
                  <C1>9.30500000938807</C1>
                  <C2>46.50300000820046</C2>
                </COORD>
                <COORD>
                  <C1>9.303000009386182</C1>
                  <C2>46.503000008201056</C2>
                </COORD>
                <COORD>
                  <C1>9.302000009385527</C1>
                  <C2>46.5020000082008</C2>
                </COORD>
                <COORD>
                  <C1>9.301000009384586</C1>
                  <C2>46.50200000820117</C2>
                </COORD>
                <COORD>
                  <C1>9.300000009383934</C1>
                  <C2>46.50100000820093</C2>
                </COORD>
                <COORD>
                  <C1>9.29900000938299</C1>
                  <C2>46.501000008201174</C2>
                </COORD>
                <COORD>
                  <C1>9.29800000938204</C1>
                  <C2>46.50100000820151</C2>
                </COORD>
                <COORD>
                  <C1>9.297000009381097</C1>
                  <C2>46.501000008201814</C2>
                </COORD>
                <COORD>
                  <C1>9.296000009380151</C1>
                  <C2>46.50100000820211</C2>
                </COORD>
                <COORD>
                  <C1>9.296000009380444</C1>
                  <C2>46.50000000820158</C2>
                </COORD>
                <COORD>
                  <C1>9.295000009379503</C1>
                  <C2>46.5000000082019</C2>
                </COORD>
                <COORD>
                  <C1>9.294000009378554</C1>
                  <C2>46.500000008202186</C2>
                </COORD>
                <COORD>
                  <C1>9.293000009377904</C1>
                  <C2>46.49900000820196</C2>
                </COORD>
                <COORD>
                  <C1>9.291000009376011</C1>
                  <C2>46.49900000820254</C2>
                </COORD>
                <COORD>
                  <C1>9.290000009375065</C1>
                  <C2>46.49900000820287</C2>
                </COORD>
                <COORD>
                  <C1>9.289000009374119</C1>
                  <C2>46.49900000820317</C2>
                </COORD>
                <COORD>
                  <C1>9.288000009373176</C1>
                  <C2>46.499000008203474</C2>
                </COORD>
                <COORD>
                  <C1>9.285000009370332</C1>
                  <C2>46.499000008204376</C2>
                </COORD>
                <COORD>
                  <C1>9.284000009369388</C1>
                  <C2>46.49900000820467</C2>
                </COORD>
                <COORD>
                  <C1>9.283000009368735</C1>
                  <C2>46.49800000820447</C2>
                </COORD>
                <COORD>
                  <C1>9.283000009369028</C1>
                  <C2>46.497000008203926</C2>
                </COORD>
                <COORD>
                  <C1>9.28300000936932</C1>
                  <C2>46.49600000820337</C2>
                </COORD>
                <COORD>
                  <C1>9.282000009368373</C1>
                  <C2>46.4960000082037</C2>
                </COORD>
                <COORD>
                  <C1>9.28200000936867</C1>
                  <C2>46.49500000820315</C2>
                </COORD>
                <COORD>
                  <C1>9.281000009367721</C1>
                  <C2>46.495000008203434</C2>
                </COORD>
                <COORD>
                  <C1>9.281000009368016</C1>
                  <C2>46.49400000820289</C2>
                </COORD>
                <COORD>
                  <C1>9.280000009367363</C1>
                  <C2>46.4930000082027</C2>
                </COORD>
                <COORD>
                  <C1>9.280000009367658</C1>
                  <C2>46.49200000820214</C2>
                </COORD>
                <COORD>
                  <C1>9.281000009368599</C1>
                  <C2>46.49200000820183</C2>
                </COORD>
                <COORD>
                  <C1>9.281000009368892</C1>
                  <C2>46.491000008201304</C2>
                </COORD>
                <COORD>
                  <C1>9.280000009367946</C1>
                  <C2>46.49100000820159</C2>
                </COORD>
                <COORD>
                  <C1>9.279000009367294</C1>
                  <C2>46.49000000820138</C2>
                </COORD>
                <COORD>
                  <C1>9.280000009368534</C1>
                  <C2>46.48900000820052</C2>
                </COORD>
                <COORD>
                  <C1>9.279000009367588</C1>
                  <C2>46.48900000820083</C2>
                </COORD>
                <COORD>
                  <C1>9.278000009366933</C1>
                  <C2>46.488000008200565</C2>
                </COORD>
                <COORD>
                  <C1>9.278000009367226</C1>
                  <C2>46.48700000820003</C2>
                </COORD>
                <COORD>
                  <C1>9.277000009366278</C1>
                  <C2>46.487000008200354</C2>
                </COORD>
                <COORD>
                  <C1>9.276000009365623</C1>
                  <C2>46.48600000820007</C2>
                </COORD>
                <COORD>
                  <C1>9.275000009364968</C1>
                  <C2>46.48500000819988</C2>
                </COORD>
                <COORD>
                  <C1>9.276000009366209</C1>
                  <C2>46.48400000819909</C2>
                </COORD>
                <COORD>
                  <C1>9.2760000093665</C1>
                  <C2>46.48300000819846</C2>
                </COORD>
                <COORD>
                  <C1>9.277000009367741</C1>
                  <C2>46.482000008197645</C2>
                </COORD>
                <COORD>
                  <C1>9.278000009368693</C1>
                  <C2>46.48200000819735</C2>
                </COORD>
                <COORD>
                  <C1>9.278000009368983</C1>
                  <C2>46.48100000819675</C2>
                </COORD>
                <COORD>
                  <C1>9.279000009369927</C1>
                  <C2>46.4810000081965</C2>
                </COORD>
                <COORD>
                  <C1>9.278000009369277</C1>
                  <C2>46.48000000819625</C2>
                </COORD>
                <COORD>
                  <C1>9.278000009369569</C1>
                  <C2>46.479000008195726</C2>
                </COORD>
                <COORD>
                  <C1>9.278000009369858</C1>
                  <C2>46.478000008195174</C2>
                </COORD>
                <COORD>
                  <C1>9.277000009369203</C1>
                  <C2>46.47700000819492</C2>
                </COORD>
                <COORD>
                  <C1>9.277000009369495</C1>
                  <C2>46.47600000819436</C2>
                </COORD>
                <COORD>
                  <C1>9.278000009370443</C1>
                  <C2>46.4760000081941</C2>
                </COORD>
                <COORD>
                  <C1>9.27800000937103</C1>
                  <C2>46.474000008193</C2>
                </COORD>
                <COORD>
                  <C1>9.27700000937008</C1>
                  <C2>46.47400000819331</C2>
                </COORD>
                <COORD>
                  <C1>9.277000009370372</C1>
                  <C2>46.47300000819274</C2>
                </COORD>
                <COORD>
                  <C1>9.276000009369428</C1>
                  <C2>46.473000008193054</C2>
                </COORD>
                <COORD>
                  <C1>9.276000009369715</C1>
                  <C2>46.472000008192545</C2>
                </COORD>
                <COORD>
                  <C1>9.275000009368767</C1>
                  <C2>46.47200000819281</C2>
                </COORD>
                <COORD>
                  <C1>9.275000009369057</C1>
                  <C2>46.471000008192284</C2>
                </COORD>
                <COORD>
                  <C1>9.275000009369354</C1>
                  <C2>46.47000000819176</C2>
                </COORD>
                <COORD>
                  <C1>9.275000009369641</C1>
                  <C2>46.4690000081912</C2>
                </COORD>
                <COORD>
                  <C1>9.275000009369938</C1>
                  <C2>46.46800000819065</C2>
                </COORD>
                <COORD>
                  <C1>9.275000009370231</C1>
                  <C2>46.467000008190126</C2>
                </COORD>
                <COORD>
                  <C1>9.276000009371467</C1>
                  <C2>46.46600000818925</C2>
                </COORD>
                <COORD>
                  <C1>9.27600000937176</C1>
                  <C2>46.46500000818871</C2>
                </COORD>
                <COORD>
                  <C1>9.277000009373001</C1>
                  <C2>46.464000008187895</C2>
                </COORD>
                <COORD>
                  <C1>9.278000009373947</C1>
                  <C2>46.46400000818757</C2>
                </COORD>
                <COORD>
                  <C1>9.279000009374899</C1>
                  <C2>46.46400000818728</C2>
                </COORD>
                <COORD>
                  <C1>9.27900000937519</C1>
                  <C2>46.463000008186725</C2>
                </COORD>
                <COORD>
                  <C1>9.278000009374534</C1>
                  <C2>46.46200000818651</C2>
                </COORD>
                <COORD>
                  <C1>9.277000009373584</C1>
                  <C2>46.4620000081868</C2>
                </COORD>
                <COORD>
                  <C1>9.276000009372925</C1>
                  <C2>46.46100000818656</C2>
                </COORD>
                <COORD>
                  <C1>9.276000009373217</C1>
                  <C2>46.460000008186036</C2>
                </COORD>
                <COORD>
                  <C1>9.27600000937351</C1>
                  <C2>46.45900000818552</C2>
                </COORD>
                <COORD>
                  <C1>9.27500000937256</C1>
                  <C2>46.459000008185754</C2>
                </COORD>
                <COORD>
                  <C1>9.275000009372851</C1>
                  <C2>46.45800000818523</C2>
                </COORD>
                <COORD>
                  <C1>9.274000009371905</C1>
                  <C2>46.45800000818553</C2>
                </COORD>
                <COORD>
                  <C1>9.274000009372198</C1>
                  <C2>46.45700000818502</C2>
                </COORD>
                <COORD>
                  <C1>9.273000009371241</C1>
                  <C2>46.45700000818527</C2>
                </COORD>
                <COORD>
                  <C1>9.272000009370295</C1>
                  <C2>46.457000008185595</C2>
                </COORD>
                <COORD>
                  <C1>9.27200000937059</C1>
                  <C2>46.45600000818505</C2>
                </COORD>
                <COORD>
                  <C1>9.271000009369931</C1>
                  <C2>46.45500000818482</C2>
                </COORD>
                <COORD>
                  <C1>9.27000000936898</C1>
                  <C2>46.455000008185095</C2>
                </COORD>
                <COORD>
                  <C1>9.269000009368034</C1>
                  <C2>46.45500000818541</C2>
                </COORD>
                <COORD>
                  <C1>9.268000009367373</C1>
                  <C2>46.454000008185155</C2>
                </COORD>
                <COORD>
                  <C1>9.267000009366713</C1>
                  <C2>46.453000008184944</C2>
                </COORD>
                <COORD>
                  <C1>9.266000009365765</C1>
                  <C2>46.45300000818522</C2>
                </COORD>
                <COORD>
                  <C1>9.265000009365105</C1>
                  <C2>46.45200000818496</C2>
                </COORD>
                <COORD>
                  <C1>9.264000009364151</C1>
                  <C2>46.45200000818527</C2>
                </COORD>
                <COORD>
                  <C1>9.263000009363207</C1>
                  <C2>46.45200000818561</C2>
                </COORD>
                <COORD>
                  <C1>9.262000009362255</C1>
                  <C2>46.4520000081859</C2>
                </COORD>
                <COORD>
                  <C1>9.261000009361304</C1>
                  <C2>46.45200000818619</C2>
                </COORD>
                <COORD>
                  <C1>9.260000009360352</C1>
                  <C2>46.4520000081865</C2>
                </COORD>
                <COORD>
                  <C1>9.259000009359402</C1>
                  <C2>46.452000008186815</C2>
                </COORD>
                <COORD>
                  <C1>9.258000009358453</C1>
                  <C2>46.452000008187106</C2>
                </COORD>
                <COORD>
                  <C1>9.257000009357796</C1>
                  <C2>46.45100000818686</C2>
                </COORD>
                <COORD>
                  <C1>9.256000009356843</C1>
                  <C2>46.45100000818718</C2>
                </COORD>
                <COORD>
                  <C1>9.253000009353991</C1>
                  <C2>46.45100000818805</C2>
                </COORD>
                <COORD>
                  <C1>9.25200000935304</C1>
                  <C2>46.45100000818835</C2>
                </COORD>
                <COORD>
                  <C1>9.25200000935333</C1>
                  <C2>46.450000008187814</C2>
                </COORD>
                <COORD>
                  <C1>9.251000009352381</C1>
                  <C2>46.450000008188134</C2>
                </COORD>
                <COORD>
                  <C1>9.25100000935267</C1>
                  <C2>46.449000008187596</C2>
                </COORD>
                <COORD>
                  <C1>9.250000009351718</C1>
                  <C2>46.44900000818788</C2>
                </COORD>
                <COORD>
                  <C1>9.249000009350768</C1>
                  <C2>46.44900000818818</C2>
                </COORD>
                <COORD>
                  <C1>9.248000009349814</C1>
                  <C2>46.44900000818846</C2>
                </COORD>
                <COORD>
                  <C1>9.249000009352505</C1>
                  <C2>46.4430000081849</C2>
                </COORD>
                <COORD>
                  <C1>9.250000009353743</C1>
                  <C2>46.44200000818404</C2>
                </COORD>
                <COORD>
                  <C1>9.250000009354324</C1>
                  <C2>46.44000000818296</C2>
                </COORD>
                <COORD>
                  <C1>9.249000009353953</C1>
                  <C2>46.43800000818217</C2>
                </COORD>
                <COORD>
                  <C1>9.24900000935482</C1>
                  <C2>46.435000008180516</C2>
                </COORD>
                <COORD>
                  <C1>9.250000009355771</C1>
                  <C2>46.435000008180246</C2>
                </COORD>
                <COORD>
                  <C1>9.250000009356059</C1>
                  <C2>46.43400000817967</C2>
                </COORD>
                <COORD>
                  <C1>9.251000009357302</C1>
                  <C2>46.43300000817885</C2>
                </COORD>
                <COORD>
                  <C1>9.252000009358545</C1>
                  <C2>46.43200000817799</C2>
                </COORD>
                <COORD>
                  <C1>9.253000009359493</C1>
                  <C2>46.4320000081777</C2>
                </COORD>
                <COORD>
                  <C1>9.254000009360446</C1>
                  <C2>46.43200000817738</C2>
                </COORD>
                <COORD>
                  <C1>9.254000009360734</C1>
                  <C2>46.43100000817681</C2>
                </COORD>
                <COORD>
                  <C1>9.255000009361687</C1>
                  <C2>46.431000008176504</C2>
                </COORD>
                <COORD>
                  <C1>9.255000009361977</C1>
                  <C2>46.430000008176</C2>
                </COORD>
                <COORD>
                  <C1>9.256000009362927</C1>
                  <C2>46.43000000817569</C2>
                </COORD>
                <COORD>
                  <C1>9.25700000936417</C1>
                  <C2>46.42900000817484</C2>
                </COORD>
                <COORD>
                  <C1>9.25800000936512</C1>
                  <C2>46.429000008174505</C2>
                </COORD>
                <COORD>
                  <C1>9.259000009366071</C1>
                  <C2>46.42900000817423</C2>
                </COORD>
                <COORD>
                  <C1>9.259000009366362</C1>
                  <C2>46.4280000081737</C2>
                </COORD>
                <COORD>
                  <C1>9.26000000936731</C1>
                  <C2>46.42800000817339</C2>
                </COORD>
                <COORD>
                  <C1>9.260000009367598</C1>
                  <C2>46.42700000817286</C2>
                </COORD>
                <COORD>
                  <C1>9.261000009368551</C1>
                  <C2>46.42700000817254</C2>
                </COORD>
                <COORD>
                  <C1>9.262000009369501</C1>
                  <C2>46.42700000817221</C2>
                </COORD>
                <COORD>
                  <C1>9.26200000936979</C1>
                  <C2>46.426000008171656</C2>
                </COORD>
                <COORD>
                  <C1>9.26300000937074</C1>
                  <C2>46.42600000817142</C2>
                </COORD>
                <COORD>
                  <C1>9.26300000937103</C1>
                  <C2>46.42500000817081</C2>
                </COORD>
                <COORD>
                  <C1>9.26400000937198</C1>
                  <C2>46.42500000817053</C2>
                </COORD>
                <COORD>
                  <C1>9.265000009373514</C1>
                  <C2>46.423000008169126</C2>
                </COORD>
                <COORD>
                  <C1>9.265000009373802</C1>
                  <C2>46.42200000816855</C2>
                </COORD>
                <COORD>
                  <C1>9.266000009374752</C1>
                  <C2>46.422000008168254</C2>
                </COORD>
                <COORD>
                  <C1>9.267000009375701</C1>
                  <C2>46.422000008167956</C2>
                </COORD>
                <COORD>
                  <C1>9.269000009377603</C1>
                  <C2>46.422000008167366</C2>
                </COORD>
                <COORD>
                  <C1>9.270000009378847</C1>
                  <C2>46.42100000816647</C2>
                </COORD>
                <COORD>
                  <C1>9.271000009379796</C1>
                  <C2>46.421000008166224</C2>
                </COORD>
                <COORD>
                  <C1>9.272000009380745</C1>
                  <C2>46.4210000081659</C2>
                </COORD>
                <COORD>
                  <C1>9.273000009381693</C1>
                  <C2>46.42100000816561</C2>
                </COORD>
                <COORD>
                  <C1>9.274000009382355</C1>
                  <C2>46.422000008165874</C2>
                </COORD>
                <COORD>
                  <C1>9.276000009384546</C1>
                  <C2>46.42100000816469</C2>
                </COORD>
                <COORD>
                  <C1>9.277000009385498</C1>
                  <C2>46.421000008164434</C2>
                </COORD>
                <COORD>
                  <C1>9.277000009385786</C1>
                  <C2>46.420000008163875</C2>
                </COORD>
                <COORD>
                  <C1>9.278000009386735</C1>
                  <C2>46.420000008163505</C2>
                </COORD>
                <COORD>
                  <C1>9.278000009387315</C1>
                  <C2>46.418000008162444</C2>
                </COORD>
                <COORD>
                  <C1>9.278000009387604</C1>
                  <C2>46.41700000816191</C2>
                </COORD>
                <COORD>
                  <C1>9.282000009391693</C1>
                  <C2>46.41600000816015</C2>
                </COORD>
                <COORD>
                  <C1>9.281000009391034</C1>
                  <C2>46.415000008159915</C2>
                </COORD>
                <COORD>
                  <C1>9.282000009392274</C1>
                  <C2>46.41400000815906</C2>
                </COORD>
                <COORD>
                  <C1>9.28200000939256</C1>
                  <C2>46.41300000815847</C2>
                </COORD>
                <COORD>
                  <C1>9.283000009393799</C1>
                  <C2>46.412000008157634</C2>
                </COORD>
                <COORD>
                  <C1>9.28200000939314</C1>
                  <C2>46.411000008157366</C2>
                </COORD>
                <COORD>
                  <C1>9.28300000939438</C1>
                  <C2>46.41000000815654</C2>
                </COORD>
                <COORD>
                  <C1>9.28300000939467</C1>
                  <C2>46.40900000815597</C2>
                </COORD>
                <COORD>
                  <C1>9.284000009396197</C1>
                  <C2>46.40700000815458</C2>
                </COORD>
                <COORD>
                  <C1>9.283000009395534</C1>
                  <C2>46.40600000815433</C2>
                </COORD>
                <COORD>
                  <C1>9.282000009394585</C1>
                  <C2>46.40600000815461</C2>
                </COORD>
                <COORD>
                  <C1>9.281000009393631</C1>
                  <C2>46.40600000815494</C2>
                </COORD>
                <COORD>
                  <C1>9.28000000939297</C1>
                  <C2>46.40500000815472</C2>
                </COORD>
                <COORD>
                  <C1>9.281000009393921</C1>
                  <C2>46.40500000815439</C2>
                </COORD>
                <COORD>
                  <C1>9.28200000939516</C1>
                  <C2>46.40400000815355</C2>
                </COORD>
                <COORD>
                  <C1>9.28300000939611</C1>
                  <C2>46.404000008153226</C2>
                </COORD>
                <COORD>
                  <C1>9.2830000093964</C1>
                  <C2>46.40300000815269</C2>
                </COORD>
                <COORD>
                  <C1>9.28200000939574</C1>
                  <C2>46.40200000815243</C2>
                </COORD>
                <COORD>
                  <C1>9.282000009396027</C1>
                  <C2>46.40100000815189</C2>
                </COORD>
                <COORD>
                  <C1>9.281000009395367</C1>
                  <C2>46.400000008151615</C2>
                </COORD>
                <COORD>
                  <C1>9.280000009394703</C1>
                  <C2>46.3990000081514</C2>
                </COORD>
                <COORD>
                  <C1>9.27800000939309</C1>
                  <C2>46.398000008151435</C2>
                </COORD>
                <COORD>
                  <C1>9.278000009393379</C1>
                  <C2>46.39700000815086</C2>
                </COORD>
                <COORD>
                  <C1>9.277000009392431</C1>
                  <C2>46.39700000815117</C2>
                </COORD>
                <COORD>
                  <C1>9.277000009392717</C1>
                  <C2>46.39600000815062</C2>
                </COORD>
                <COORD>
                  <C1>9.278000009393669</C1>
                  <C2>46.396000008150345</C2>
                </COORD>
                <COORD>
                  <C1>9.278000009393956</C1>
                  <C2>46.3950000081498</C2>
                </COORD>
                <COORD>
                  <C1>9.279000009395196</C1>
                  <C2>46.39400000814891</C2>
                </COORD>
                <COORD>
                  <C1>9.279000009395482</C1>
                  <C2>46.393000008148384</C2>
                </COORD>
                <COORD>
                  <C1>9.279000009395771</C1>
                  <C2>46.39200000814781</C2>
                </COORD>
                <COORD>
                  <C1>9.28000000939701</C1>
                  <C2>46.39100000814695</C2>
                </COORD>
                <COORD>
                  <C1>9.281000009397962</C1>
                  <C2>46.39100000814667</C2>
                </COORD>
                <COORD>
                  <C1>9.28100000939825</C1>
                  <C2>46.39000000814608</C2>
                </COORD>
                <COORD>
                  <C1>9.282000009399486</C1>
                  <C2>46.38900000814528</C2>
                </COORD>
                <COORD>
                  <C1>9.283000009400437</C1>
                  <C2>46.389000008144926</C2>
                </COORD>
                <COORD>
                  <C1>9.284000009401389</C1>
                  <C2>46.38900000814466</C2>
                </COORD>
                <COORD>
                  <C1>9.284000009401677</C1>
                  <C2>46.388000008144104</C2>
                </COORD>
                <COORD>
                  <C1>9.286000009403578</C1>
                  <C2>46.38800000814347</C2>
                </COORD>
                <COORD>
                  <C1>9.286000009403867</C1>
                  <C2>46.38700000814294</C2>
                </COORD>
                <COORD>
                  <C1>9.2850000094032</C1>
                  <C2>46.38600000814269</C2>
                </COORD>
                <COORD>
                  <C1>9.28300000940188</C1>
                  <C2>46.384000008142216</C2>
                </COORD>
                <COORD>
                  <C1>9.282000009400928</C1>
                  <C2>46.3840000081425</C2>
                </COORD>
                <COORD>
                  <C1>9.282000009401214</C1>
                  <C2>46.38300000814191</C2>
                </COORD>
                <COORD>
                  <C1>9.282000009401504</C1>
                  <C2>46.38200000814137</C2>
                </COORD>
                <COORD>
                  <C1>9.281000009400838</C1>
                  <C2>46.38100000814112</C2>
                </COORD>
                <COORD>
                  <C1>9.280000009399888</C1>
                  <C2>46.38100000814142</C2>
                </COORD>
                <COORD>
                  <C1>9.280000009400174</C1>
                  <C2>46.38000000814084</C2>
                </COORD>
                <COORD>
                  <C1>9.280000009400464</C1>
                  <C2>46.379000008140316</C2>
                </COORD>
                <COORD>
                  <C1>9.2790000093998</C1>
                  <C2>46.378000008140084</C2>
                </COORD>
                <COORD>
                  <C1>9.279000009400086</C1>
                  <C2>46.37700000813952</C2>
                </COORD>
                <COORD>
                  <C1>9.278000009399424</C1>
                  <C2>46.37600000813928</C2>
                </COORD>
                <COORD>
                  <C1>9.277000009398467</C1>
                  <C2>46.37600000813958</C2>
                </COORD>
                <COORD>
                  <C1>9.276000009397519</C1>
                  <C2>46.376000008139904</C2>
                </COORD>
                <COORD>
                  <C1>9.277000009398758</C1>
                  <C2>46.375000008139</C2>
                </COORD>
                <COORD>
                  <C1>9.278000009399996</C1>
                  <C2>46.37400000813818</C2>
                </COORD>
                <COORD>
                  <C1>9.278000009400284</C1>
                  <C2>46.37300000813755</C2>
                </COORD>
                <COORD>
                  <C1>9.278000009400571</C1>
                  <C2>46.372000008137086</C2>
                </COORD>
                <COORD>
                  <C1>9.278000009400856</C1>
                  <C2>46.37100000813649</C2>
                </COORD>
                <COORD>
                  <C1>9.278000009401145</C1>
                  <C2>46.37000000813597</C2>
                </COORD>
                <COORD>
                  <C1>9.277000009400194</C1>
                  <C2>46.37000000813622</C2>
                </COORD>
                <COORD>
                  <C1>9.278000009401431</C1>
                  <C2>46.36900000813536</C2>
                </COORD>
                <COORD>
                  <C1>9.279000009402383</C1>
                  <C2>46.36900000813505</C2>
                </COORD>
                <COORD>
                  <C1>9.28000000940362</C1>
                  <C2>46.3680000081342</C2>
                </COORD>
                <COORD>
                  <C1>9.280000009403908</C1>
                  <C2>46.36700000813363</C2>
                </COORD>
                <COORD>
                  <C1>9.281000009404863</C1>
                  <C2>46.36700000813336</C2>
                </COORD>
                <COORD>
                  <C1>9.281000009405147</C1>
                  <C2>46.366000008132794</C2>
                </COORD>
                <COORD>
                  <C1>9.281000009405433</C1>
                  <C2>46.3650000081323</C2>
                </COORD>
                <COORD>
                  <C1>9.282000009406671</C1>
                  <C2>46.364000008131406</C2>
                </COORD>
                <COORD>
                  <C1>9.282000009406959</C1>
                  <C2>46.36300000813086</C2>
                </COORD>
                <COORD>
                  <C1>9.282000009407245</C1>
                  <C2>46.36200000813028</C2>
                </COORD>
                <COORD>
                  <C1>9.283000009408482</C1>
                  <C2>46.36100000812945</C2>
                </COORD>
                <COORD>
                  <C1>9.283000009408768</C1>
                  <C2>46.36000000812882</C2>
                </COORD>
                <COORD>
                  <C1>9.28400000940972</C1>
                  <C2>46.36000000812855</C2>
                </COORD>
                <COORD>
                  <C1>9.285000009410673</C1>
                  <C2>46.36000000812822</C2>
                </COORD>
                <COORD>
                  <C1>9.28500000941096</C1>
                  <C2>46.35900000812771</C2>
                </COORD>
                <COORD>
                  <C1>9.286000009411913</C1>
                  <C2>46.35900000812738</C2>
                </COORD>
                <COORD>
                  <C1>9.287000009412862</C1>
                  <C2>46.359000008127126</C2>
                </COORD>
                <COORD>
                  <C1>9.288000009413816</C1>
                  <C2>46.35900000812678</C2>
                </COORD>
                <COORD>
                  <C1>9.289000009414764</C1>
                  <C2>46.359000008126486</C2>
                </COORD>
                <COORD>
                  <C1>9.290000009416003</C1>
                  <C2>46.35800000812561</C2>
                </COORD>
                <COORD>
                  <C1>9.291000009416953</C1>
                  <C2>46.35800000812534</C2>
                </COORD>
                <COORD>
                  <C1>9.291000009416667</C1>
                  <C2>46.35900000812588</C2>
                </COORD>
                <COORD>
                  <C1>9.29200000941762</C1>
                  <C2>46.35900000812561</C2>
                </COORD>
                <COORD>
                  <C1>9.292000009417906</C1>
                  <C2>46.358000008125025</C2>
                </COORD>
                <COORD>
                  <C1>9.293000009418854</C1>
                  <C2>46.35800000812471</C2>
                </COORD>
                <COORD>
                  <C1>9.29400000941981</C1>
                  <C2>46.35800000812444</C2>
                </COORD>
                <COORD>
                  <C1>9.295000009420757</C1>
                  <C2>46.35800000812414</C2>
                </COORD>
                <COORD>
                  <C1>9.296000009421991</C1>
                  <C2>46.35700000812328</C2>
                </COORD>
                <COORD>
                  <C1>9.297000009422945</C1>
                  <C2>46.35700000812297</C2>
                </COORD>
                <COORD>
                  <C1>9.298000009424182</C1>
                  <C2>46.356000008122095</C2>
                </COORD>
                <COORD>
                  <C1>9.298000009424467</C1>
                  <C2>46.35500000812157</C2>
                </COORD>
                <COORD>
                  <C1>9.299000009425422</C1>
                  <C2>46.35500000812127</C2>
                </COORD>
                <COORD>
                  <C1>9.299000009425704</C1>
                  <C2>46.3540000081207</C2>
                </COORD>
                <COORD>
                  <C1>9.299000009425994</C1>
                  <C2>46.35300000812012</C2>
                </COORD>
                <COORD>
                  <C1>9.29900000942628</C1>
                  <C2>46.35200000811956</C2>
                </COORD>
                <COORD>
                  <C1>9.29800000942533</C1>
                  <C2>46.35200000811986</C2>
                </COORD>
                <COORD>
                  <C1>9.298000009425616</C1>
                  <C2>46.3510000081193</C2>
                </COORD>
                <COORD>
                  <C1>9.299000009426853</C1>
                  <C2>46.35000000811846</C2>
                </COORD>
                <COORD>
                  <C1>9.29900000942714</C1>
                  <C2>46.34900000811791</C2>
                </COORD>
                <COORD>
                  <C1>9.300000009428091</C1>
                  <C2>46.34900000811758</C2>
                </COORD>
                <COORD>
                  <C1>9.300000009428377</C1>
                  <C2>46.34800000811706</C2>
                </COORD>
                <COORD>
                  <C1>9.299000009427427</C1>
                  <C2>46.34800000811733</C2>
                </COORD>
                <COORD>
                  <C1>9.300000009428663</C1>
                  <C2>46.34700000811647</C2>
                </COORD>
                <COORD>
                  <C1>9.300000009428949</C1>
                  <C2>46.3460000081159</C2>
                </COORD>
                <COORD>
                  <C1>9.301000009429908</C1>
                  <C2>46.3460000081156</C2>
                </COORD>
                <COORD>
                  <C1>9.301000009430188</C1>
                  <C2>46.345000008115065</C2>
                </COORD>
                <COORD>
                  <C1>9.300000009429239</C1>
                  <C2>46.34500000811535</C2>
                </COORD>
                <COORD>
                  <C1>9.300000009429523</C1>
                  <C2>46.34400000811483</C2>
                </COORD>
                <COORD>
                  <C1>9.299000009428857</C1>
                  <C2>46.34300000811452</C2>
                </COORD>
                <COORD>
                  <C1>9.29800000942791</C1>
                  <C2>46.34300000811486</C2>
                </COORD>
                <COORD>
                  <C1>9.298000009428195</C1>
                  <C2>46.34200000811428</C2>
                </COORD>
                <COORD>
                  <C1>9.297000009427244</C1>
                  <C2>46.34200000811459</C2>
                </COORD>
                <COORD>
                  <C1>9.296000009426576</C1>
                  <C2>46.34100000811436</C2>
                </COORD>
                <COORD>
                  <C1>9.295000009425628</C1>
                  <C2>46.341000008114634</C2>
                </COORD>
                <COORD>
                  <C1>9.295000009425912</C1>
                  <C2>46.340000008114096</C2>
                </COORD>
                <COORD>
                  <C1>9.29400000942496</C1>
                  <C2>46.34000000811441</C2>
                </COORD>
                <COORD>
                  <C1>9.294000009425249</C1>
                  <C2>46.339000008113814</C2>
                </COORD>
                <COORD>
                  <C1>9.294000009425536</C1>
                  <C2>46.33800000811329</C2>
                </COORD>
                <COORD>
                  <C1>9.294000009425817</C1>
                  <C2>46.33700000811269</C2>
                </COORD>
                <COORD>
                  <C1>9.294000009426103</C1>
                  <C2>46.33600000811214</C2>
                </COORD>
                <COORD>
                  <C1>9.29400000942639</C1>
                  <C2>46.335000008111614</C2>
                </COORD>
                <COORD>
                  <C1>9.295000009427628</C1>
                  <C2>46.33400000811072</C2>
                </COORD>
                <COORD>
                  <C1>9.296000009428862</C1>
                  <C2>46.33300000810986</C2>
                </COORD>
                <COORD>
                  <C1>9.296000009429148</C1>
                  <C2>46.3320000081093</C2>
                </COORD>
                <COORD>
                  <C1>9.297000009430388</C1>
                  <C2>46.33100000810844</C2>
                </COORD>
                <COORD>
                  <C1>9.298000009431336</C1>
                  <C2>46.33100000810812</C2>
                </COORD>
                <COORD>
                  <C1>9.29800000943162</C1>
                  <C2>46.33000000810758</C2>
                </COORD>
                <COORD>
                  <C1>9.299000009432577</C1>
                  <C2>46.330000008107284</C2>
                </COORD>
                <COORD>
                  <C1>9.300000009433523</C1>
                  <C2>46.33000000810698</C2>
                </COORD>
                <COORD>
                  <C1>9.300000009433813</C1>
                  <C2>46.32900000810641</C2>
                </COORD>
                <COORD>
                  <C1>9.300000009434097</C1>
                  <C2>46.32800000810582</C2>
                </COORD>
                <COORD>
                  <C1>9.300000009434386</C1>
                  <C2>46.32700000810528</C2>
                </COORD>
                <COORD>
                  <C1>9.299000009433433</C1>
                  <C2>46.32700000810561</C2>
                </COORD>
                <COORD>
                  <C1>9.298000009432764</C1>
                  <C2>46.32600000810534</C2>
                </COORD>
                <COORD>
                  <C1>9.297000009432098</C1>
                  <C2>46.32500000810506</C2>
                </COORD>
                <COORD>
                  <C1>9.297000009432384</C1>
                  <C2>46.32400000810451</C2>
                </COORD>
                <COORD>
                  <C1>9.297000009432669</C1>
                  <C2>46.32300000810395</C2>
                </COORD>
                <COORD>
                  <C1>9.297000009432956</C1>
                  <C2>46.322000008103394</C2>
                </COORD>
                <COORD>
                  <C1>9.296000009432003</C1>
                  <C2>46.32200000810369</C2>
                </COORD>
                <COORD>
                  <C1>9.296000009432285</C1>
                  <C2>46.3210000081031</C2>
                </COORD>
                <COORD>
                  <C1>9.296000009432571</C1>
                  <C2>46.32000000810256</C2>
                </COORD>
                <COORD>
                  <C1>9.29500000943219</C1>
                  <C2>46.318000008101755</C2>
                </COORD>
                <COORD>
                  <C1>9.294000009431237</C1>
                  <C2>46.31800000810203</C2>
                </COORD>
                <COORD>
                  <C1>9.293000009430285</C1>
                  <C2>46.31800000810235</C2>
                </COORD>
                <COORD>
                  <C1>9.292000009429618</C1>
                  <C2>46.31700000810209</C2>
                </COORD>
                <COORD>
                  <C1>9.291000009428664</C1>
                  <C2>46.31700000810244</C2>
                </COORD>
                <COORD>
                  <C1>9.289000009426761</C1>
                  <C2>46.317000008102994</C2>
                </COORD>
                <COORD>
                  <C1>9.288000009425806</C1>
                  <C2>46.317000008103314</C2>
                </COORD>
                <COORD>
                  <C1>9.287000009424858</C1>
                  <C2>46.317000008103605</C2>
                </COORD>
                <COORD>
                  <C1>9.28700000942514</C1>
                  <C2>46.31600000810305</C2>
                </COORD>
                <COORD>
                  <C1>9.286000009424189</C1>
                  <C2>46.31600000810339</C2>
                </COORD>
                <COORD>
                  <C1>9.28600000942447</C1>
                  <C2>46.31500000810281</C2>
                </COORD>
                <COORD>
                  <C1>9.2850000094238</C1>
                  <C2>46.31400000810251</C2>
                </COORD>
                <COORD>
                  <C1>9.285000009424083</C1>
                  <C2>46.313000008101966</C2>
                </COORD>
                <COORD>
                  <C1>9.284000009423131</C1>
                  <C2>46.31300000810226</C2>
                </COORD>
                <COORD>
                  <C1>9.284000009423417</C1>
                  <C2>46.312000008101684</C2>
                </COORD>
                <COORD>
                  <C1>9.283000009422466</C1>
                  <C2>46.31200000810199</C2>
                </COORD>
                <COORD>
                  <C1>9.283000009422752</C1>
                  <C2>46.311000008101466</C2>
                </COORD>
                <COORD>
                  <C1>9.283000009423027</C1>
                  <C2>46.31000000810084</C2>
                </COORD>
                <COORD>
                  <C1>9.284000009423986</C1>
                  <C2>46.31000000810055</C2>
                </COORD>
                <COORD>
                  <C1>9.284000009424267</C1>
                  <C2>46.30900000810001</C2>
                </COORD>
                <COORD>
                  <C1>9.285000009425504</C1>
                  <C2>46.30800000809912</C2>
                </COORD>
                <COORD>
                  <C1>9.28500000942579</C1>
                  <C2>46.307000008098534</C2>
                </COORD>
                <COORD>
                  <C1>9.28500000942607</C1>
                  <C2>46.306000008098</C2>
                </COORD>
                <COORD>
                  <C1>9.285000009426353</C1>
                  <C2>46.30500000809743</C2>
                </COORD>
                <COORD>
                  <C1>9.285000009426641</C1>
                  <C2>46.304000008096885</C2>
                </COORD>
                <COORD>
                  <C1>9.285000009426923</C1>
                  <C2>46.30300000809631</C2>
                </COORD>
                <COORD>
                  <C1>9.286000009428163</C1>
                  <C2>46.30200000809543</C2>
                </COORD>
                <COORD>
                  <C1>9.286000009428447</C1>
                  <C2>46.30100000809492</C2>
                </COORD>
                <COORD>
                  <C1>9.286000009428726</C1>
                  <C2>46.30000000809432</C2>
                </COORD>
                <COORD>
                  <C1>9.28600000942901</C1>
                  <C2>46.299000008093756</C2>
                </COORD>
                <COORD>
                  <C1>9.285000009428343</C1>
                  <C2>46.29800000809348</C2>
                </COORD>
                <COORD>
                  <C1>9.283000009426434</C1>
                  <C2>46.29800000809413</C2>
                </COORD>
                <COORD>
                  <C1>9.282000009425767</C1>
                  <C2>46.297000008093825</C2>
                </COORD>
                <COORD>
                  <C1>9.28100000942481</C1>
                  <C2>46.29700000809412</C2>
                </COORD>
                <COORD>
                  <C1>9.281000009425094</C1>
                  <C2>46.29600000809359</C2>
                </COORD>
                <COORD>
                  <C1>9.28000000942414</C1>
                  <C2>46.29600000809389</C2>
                </COORD>
                <COORD>
                  <C1>9.279000009423468</C1>
                  <C2>46.29500000809359</C2>
                </COORD>
                <COORD>
                  <C1>9.278000009422517</C1>
                  <C2>46.29500000809391</C2>
                </COORD>
                <COORD>
                  <C1>9.277000009421842</C1>
                  <C2>46.29400000809365</C2>
                </COORD>
                <COORD>
                  <C1>9.27600000942117</C1>
                  <C2>46.29300000809338</C2>
                </COORD>
                <COORD>
                  <C1>9.275000009420497</C1>
                  <C2>46.2920000080931</C2>
                </COORD>
                <COORD>
                  <C1>9.274000009419542</C1>
                  <C2>46.29200000809344</C2>
                </COORD>
                <COORD>
                  <C1>9.273000009418872</C1>
                  <C2>46.291000008093185</C2>
                </COORD>
                <COORD>
                  <C1>9.273000009419151</C1>
                  <C2>46.29000000809258</C2>
                </COORD>
                <COORD>
                  <C1>9.273000009419434</C1>
                  <C2>46.28900000809201</C2>
                </COORD>
                <COORD>
                  <C1>9.272000009418482</C1>
                  <C2>46.289000008092344</C2>
                </COORD>
                <COORD>
                  <C1>9.272000009418765</C1>
                  <C2>46.28800000809174</C2>
                </COORD>
                <COORD>
                  <C1>9.271000009417808</C1>
                  <C2>46.28800000809206</C2>
                </COORD>
                <COORD>
                  <C1>9.271000009418092</C1>
                  <C2>46.2870000080915</C2>
                </COORD>
                <COORD>
                  <C1>9.271000009418376</C1>
                  <C2>46.28600000809093</C2>
                </COORD>
                <COORD>
                  <C1>9.270000009417418</C1>
                  <C2>46.28600000809123</C2>
                </COORD>
                <COORD>
                  <C1>9.270000009417702</C1>
                  <C2>46.28500000809065</C2>
                </COORD>
                <COORD>
                  <C1>9.269000009417029</C1>
                  <C2>46.28400000809042</C2>
                </COORD>
                <COORD>
                  <C1>9.268000009416072</C1>
                  <C2>46.28400000809069</C2>
                </COORD>
                <COORD>
                  <C1>9.268000009416353</C1>
                  <C2>46.28300000809015</C2>
                </COORD>
                <COORD>
                  <C1>9.26600000941444</C1>
                  <C2>46.283000008090745</C2>
                </COORD>
                <COORD>
                  <C1>9.266000009414721</C1>
                  <C2>46.28200000809014</C2>
                </COORD>
                <COORD>
                  <C1>9.265000009413772</C1>
                  <C2>46.282000008090456</C2>
                </COORD>
                <COORD>
                  <C1>9.264000009412811</C1>
                  <C2>46.28200000809076</C2>
                </COORD>
                <COORD>
                  <C1>9.262000009411183</C1>
                  <C2>46.28100000809081</C2>
                </COORD>
                <COORD>
                  <C1>9.261000009410221</C1>
                  <C2>46.2810000080911</C2>
                </COORD>
                <COORD>
                  <C1>9.261000009410507</C1>
                  <C2>46.28000000809052</C2>
                </COORD>
                <COORD>
                  <C1>9.260000009409548</C1>
                  <C2>46.28000000809081</C2>
                </COORD>
                <COORD>
                  <C1>9.261000009410788</C1>
                  <C2>46.279000008089966</C2>
                </COORD>
                <COORD>
                  <C1>9.261000009411065</C1>
                  <C2>46.278000008089414</C2>
                </COORD>
                <COORD>
                  <C1>9.261000009411354</C1>
                  <C2>46.27700000808882</C2>
                </COORD>
                <COORD>
                  <C1>9.260000009410675</C1>
                  <C2>46.27600000808857</C2>
                </COORD>
                <COORD>
                  <C1>9.260000009410957</C1>
                  <C2>46.27500000808802</C2>
                </COORD>
                <COORD>
                  <C1>9.26000000941124</C1>
                  <C2>46.27400000808742</C2>
                </COORD>
                <COORD>
                  <C1>9.26000000941152</C1>
                  <C2>46.27300000808686</C2>
                </COORD>
                <COORD>
                  <C1>9.259000009410563</C1>
                  <C2>46.27300000808713</C2>
                </COORD>
                <COORD>
                  <C1>9.259000009410848</C1>
                  <C2>46.27200000808659</C2>
                </COORD>
                <COORD>
                  <C1>9.258000009409887</C1>
                  <C2>46.272000008086884</C2>
                </COORD>
                <COORD>
                  <C1>9.258000009410171</C1>
                  <C2>46.27100000808635</C2>
                </COORD>
                <COORD>
                  <C1>9.25700000940921</C1>
                  <C2>46.271000008086645</C2>
                </COORD>
                <COORD>
                  <C1>9.256000009408256</C1>
                  <C2>46.27100000808694</C2>
                </COORD>
                <COORD>
                  <C1>9.255000009407583</C1>
                  <C2>46.27000000808667</C2>
                </COORD>
                <COORD>
                  <C1>9.254000009406898</C1>
                  <C2>46.26900000808641</C2>
                </COORD>
                <COORD>
                  <C1>9.253000009405948</C1>
                  <C2>46.2690000080867</C2>
                </COORD>
                <COORD>
                  <C1>9.253000009406225</C1>
                  <C2>46.26800000808612</C2>
                </COORD>
                <COORD>
                  <C1>9.25300000940651</C1>
                  <C2>46.26700000808556</C2>
                </COORD>
                <COORD>
                  <C1>9.254000009407463</C1>
                  <C2>46.267000008085255</C2>
                </COORD>
                <COORD>
                  <C1>9.253000009406787</C1>
                  <C2>46.26600000808494</C2>
                </COORD>
                <COORD>
                  <C1>9.254000009407743</C1>
                  <C2>46.26600000808468</C2>
                </COORD>
                <COORD>
                  <C1>9.254000009408024</C1>
                  <C2>46.26500000808408</C2>
                </COORD>
                <COORD>
                  <C1>9.254000009408305</C1>
                  <C2>46.26400000808355</C2>
                </COORD>
                <COORD>
                  <C1>9.254000009408582</C1>
                  <C2>46.263000008082976</C2>
                </COORD>
                <COORD>
                  <C1>9.254000009408868</C1>
                  <C2>46.262000008082396</C2>
                </COORD>
                <COORD>
                  <C1>9.253000009407913</C1>
                  <C2>46.26200000808276</C2>
                </COORD>
                <COORD>
                  <C1>9.253000009408192</C1>
                  <C2>46.261000008082135</C2>
                </COORD>
                <COORD>
                  <C1>9.252000009407233</C1>
                  <C2>46.261000008082426</C2>
                </COORD>
                <COORD>
                  <C1>9.252000009407514</C1>
                  <C2>46.26000000808186</C2>
                </COORD>
                <COORD>
                  <C1>9.251000009406553</C1>
                  <C2>46.26000000808216</C2>
                </COORD>
                <COORD>
                  <C1>9.251000009406832</C1>
                  <C2>46.25900000808158</C2>
                </COORD>
                <COORD>
                  <C1>9.251000009407111</C1>
                  <C2>46.25800000808102</C2>
                </COORD>
                <COORD>
                  <C1>9.250000009406158</C1>
                  <C2>46.258000008081346</C2>
                </COORD>
                <COORD>
                  <C1>9.250000009406435</C1>
                  <C2>46.25700000808075</C2>
                </COORD>
                <COORD>
                  <C1>9.251000009407395</C1>
                  <C2>46.25700000808043</C2>
                </COORD>
                <COORD>
                  <C1>9.251000009407676</C1>
                  <C2>46.25600000807988</C2>
                </COORD>
                <COORD>
                  <C1>9.251000009407955</C1>
                  <C2>46.2550000080793</C2>
                </COORD>
                <COORD>
                  <C1>9.252000009409198</C1>
                  <C2>46.25400000807843</C2>
                </COORD>
                <COORD>
                  <C1>9.252000009409473</C1>
                  <C2>46.25300000807785</C2>
                </COORD>
                <COORD>
                  <C1>9.253000009410432</C1>
                  <C2>46.25300000807758</C2>
                </COORD>
                <COORD>
                  <C1>9.252000009409757</C1>
                  <C2>46.252000008077324</C2>
                </COORD>
                <COORD>
                  <C1>9.251000009409076</C1>
                  <C2>46.25100000807701</C2>
                </COORD>
                <COORD>
                  <C1>9.250000009408398</C1>
                  <C2>46.25000000807674</C2>
                </COORD>
                <COORD>
                  <C1>9.249000009407718</C1>
                  <C2>46.249000008076486</C2>
                </COORD>
                <COORD>
                  <C1>9.250000009408675</C1>
                  <C2>46.2490000080762</C2>
                </COORD>
                <COORD>
                  <C1>9.250000009408954</C1>
                  <C2>46.248000008075586</C2>
                </COORD>
                <COORD>
                  <C1>9.251000009410191</C1>
                  <C2>46.24700000807474</C2>
                </COORD>
                <COORD>
                  <C1>9.251000009410472</C1>
                  <C2>46.2460000080742</C2>
                </COORD>
                <COORD>
                  <C1>9.250000009409515</C1>
                  <C2>46.24600000807448</C2>
                </COORD>
                <COORD>
                  <C1>9.250000009409796</C1>
                  <C2>46.24500000807389</C2>
                </COORD>
                <COORD>
                  <C1>9.250000009410074</C1>
                  <C2>46.244000008073314</C2>
                </COORD>
                <COORD>
                  <C1>9.250000009410353</C1>
                  <C2>46.24300000807278</C2>
                </COORD>
                <COORD>
                  <C1>9.251000009411312</C1>
                  <C2>46.24300000807246</C2>
                </COORD>
                <COORD>
                  <C1>9.251000009411587</C1>
                  <C2>46.24200000807186</C2>
                </COORD>
                <COORD>
                  <C1>9.25100000941187</C1>
                  <C2>46.24100000807132</C2>
                </COORD>
                <COORD>
                  <C1>9.250000009410911</C1>
                  <C2>46.24100000807161</C2>
                </COORD>
                <COORD>
                  <C1>9.250000009411192</C1>
                  <C2>46.240000008071036</C2>
                </COORD>
                <COORD>
                  <C1>9.25000000941147</C1>
                  <C2>46.239000008070484</C2>
                </COORD>
                <COORD>
                  <C1>9.250000009411753</C1>
                  <C2>46.238000008069875</C2>
                </COORD>
                <COORD>
                  <C1>9.25000000941203</C1>
                  <C2>46.237000008069344</C2>
                </COORD>
                <COORD>
                  <C1>9.24900000941107</C1>
                  <C2>46.23700000806963</C2>
                </COORD>
                <COORD>
                  <C1>9.249000009411347</C1>
                  <C2>46.23600000806906</C2>
                </COORD>
                <COORD>
                  <C1>9.250000009412307</C1>
                  <C2>46.23600000806876</C2>
                </COORD>
                <COORD>
                  <C1>9.24900000941163</C1>
                  <C2>46.23500000806849</C2>
                </COORD>
                <COORD>
                  <C1>9.24800000941067</C1>
                  <C2>46.23500000806875</C2>
                </COORD>
                <COORD>
                  <C1>9.248000009410946</C1>
                  <C2>46.234000008068186</C2>
                </COORD>
                <COORD>
                  <C1>9.247000009409987</C1>
                  <C2>46.2340000080685</C2>
                </COORD>
                <COORD>
                  <C1>9.24600000940903</C1>
                  <C2>46.23400000806879</C2>
                </COORD>
                <COORD>
                  <C1>9.245000009408066</C1>
                  <C2>46.234000008069074</C2>
                </COORD>
                <COORD>
                  <C1>9.244000009407108</C1>
                  <C2>46.23400000806937</C2>
                </COORD>
                <COORD>
                  <C1>9.244000009406834</C1>
                  <C2>46.23500000806998</C2>
                </COORD>
                <COORD>
                  <C1>9.243000009406153</C1>
                  <C2>46.23400000806967</C2>
                </COORD>
                <COORD>
                  <C1>9.242000009405194</C1>
                  <C2>46.234000008070005</C2>
                </COORD>
                <COORD>
                  <C1>9.24100000940423</C1>
                  <C2>46.234000008070296</C2>
                </COORD>
                <COORD>
                  <C1>9.240000009403273</C1>
                  <C2>46.23400000807061</C2>
                </COORD>
                <COORD>
                  <C1>9.240000009402994</C1>
                  <C2>46.235000008071175</C2>
                </COORD>
                <COORD>
                  <C1>9.239000009402034</C1>
                  <C2>46.23500000807146</C2>
                </COORD>
                <COORD>
                  <C1>9.237000009400115</C1>
                  <C2>46.23500000807205</C2>
                </COORD>
                <COORD>
                  <C1>9.236000009399152</C1>
                  <C2>46.23500000807234</C2>
                </COORD>
                <COORD>
                  <C1>9.235000009398197</C1>
                  <C2>46.23500000807267</C2>
                </COORD>
                <COORD>
                  <C1>9.235000009398474</C1>
                  <C2>46.23400000807207</C2>
                </COORD>
                <COORD>
                  <C1>9.23200000939559</C1>
                  <C2>46.23400000807296</C2>
                </COORD>
                <COORD>
                  <C1>9.231000009394913</C1>
                  <C2>46.23300000807267</C2>
                </COORD>
                <COORD>
                  <C1>9.23000000939395</C1>
                  <C2>46.233000008072985</C2>
                </COORD>
                <COORD>
                  <C1>9.229000009392985</C1>
                  <C2>46.23300000807329</C2>
                </COORD>
                <COORD>
                  <C1>9.228000009392307</C1>
                  <C2>46.23200000807303</C2>
                </COORD>
                <COORD>
                  <C1>9.227000009391345</C1>
                  <C2>46.232000008073335</C2>
                </COORD>
                <COORD>
                  <C1>9.226000009390663</C1>
                  <C2>46.23100000807308</C2>
                </COORD>
                <COORD>
                  <C1>9.2250000093897</C1>
                  <C2>46.231000008073316</C2>
                </COORD>
                <COORD>
                  <C1>9.224000009388739</C1>
                  <C2>46.231000008073636</C2>
                </COORD>
                <COORD>
                  <C1>9.22300000938778</C1>
                  <C2>46.23100000807393</C2>
                </COORD>
                <COORD>
                  <C1>9.222000009386816</C1>
                  <C2>46.231000008074226</C2>
                </COORD>
                <COORD>
                  <C1>9.222000009387095</C1>
                  <C2>46.23000000807367</C2>
                </COORD>
                <COORD>
                  <C1>9.222000009387374</C1>
                  <C2>46.22900000807311</C2>
                </COORD>
                <COORD>
                  <C1>9.222000009387655</C1>
                  <C2>46.228000008072556</C2>
                </COORD>
                <COORD>
                  <C1>9.223000009388613</C1>
                  <C2>46.22800000807222</C2>
                </COORD>
                <COORD>
                  <C1>9.223000009388892</C1>
                  <C2>46.22700000807164</C2>
                </COORD>
                <COORD>
                  <C1>9.22400000939013</C1>
                  <C2>46.22600000807078</C2>
                </COORD>
                <COORD>
                  <C1>9.223000009389446</C1>
                  <C2>46.225000008070495</C2>
                </COORD>
                <COORD>
                  <C1>9.223000009389722</C1>
                  <C2>46.2240000080699</C2>
                </COORD>
                <COORD>
                  <C1>9.22200000938904</C1>
                  <C2>46.22300000806964</C2>
                </COORD>
                <COORD>
                  <C1>9.221000009388076</C1>
                  <C2>46.22300000806994</C2>
                </COORD>
                <COORD>
                  <C1>9.221000009388355</C1>
                  <C2>46.22200000806938</C2>
                </COORD>
                <COORD>
                  <C1>9.221000009388629</C1>
                  <C2>46.22100000806875</C2>
                </COORD>
                <COORD>
                  <C1>9.221000009388908</C1>
                  <C2>46.220000008068205</C2>
                </COORD>
                <COORD>
                  <C1>9.220000009387945</C1>
                  <C2>46.220000008068496</C2>
                </COORD>
                <COORD>
                  <C1>9.220000009388222</C1>
                  <C2>46.21900000806795</C2>
                </COORD>
                <COORD>
                  <C1>9.220000009388501</C1>
                  <C2>46.21800000806743</C2>
                </COORD>
                <COORD>
                  <C1>9.220000009388777</C1>
                  <C2>46.21700000806681</C2>
                </COORD>
                <COORD>
                  <C1>9.220000009389057</C1>
                  <C2>46.21600000806622</C2>
                </COORD>
                <COORD>
                  <C1>9.219000009388093</C1>
                  <C2>46.21600000806653</C2>
                </COORD>
                <COORD>
                  <C1>9.218000009387405</C1>
                  <C2>46.21500000806623</C2>
                </COORD>
                <COORD>
                  <C1>9.217000009386723</C1>
                  <C2>46.21400000806593</C2>
                </COORD>
                <COORD>
                  <C1>9.216000009386038</C1>
                  <C2>46.21300000806566</C2>
                </COORD>
                <COORD>
                  <C1>9.21500000938507</C1>
                  <C2>46.213000008066004</C2>
                </COORD>
                <COORD>
                  <C1>9.212000009382182</C1>
                  <C2>46.21300000806683</C2>
                </COORD>
                <COORD>
                  <C1>9.212000009382463</C1>
                  <C2>46.21200000806625</C2>
                </COORD>
                <COORD>
                  <C1>9.210000009380536</C1>
                  <C2>46.21200000806686</C2>
                </COORD>
                <COORD>
                  <C1>9.209000009379576</C1>
                  <C2>46.212000008067186</C2>
                </COORD>
                <COORD>
                  <C1>9.208000009378612</C1>
                  <C2>46.21200000806746</C2>
                </COORD>
                <COORD>
                  <C1>9.207000009377648</C1>
                  <C2>46.2120000080678</C2>
                </COORD>
                <COORD>
                  <C1>9.206000009376961</C1>
                  <C2>46.2110000080675</C2>
                </COORD>
                <COORD>
                  <C1>9.205000009375995</C1>
                  <C2>46.211000008067785</C2>
                </COORD>
                <COORD>
                  <C1>9.204000009375312</C1>
                  <C2>46.21000000806752</C2>
                </COORD>
                <COORD>
                  <C1>9.203000009374621</C1>
                  <C2>46.209000008067235</C2>
                </COORD>
                <COORD>
                  <C1>9.202000009374485</C1>
                  <C2>46.20600000806579</C2>
                </COORD>
                <COORD>
                  <C1>9.202000009374764</C1>
                  <C2>46.20500000806522</C2>
                </COORD>
                <COORD>
                  <C1>9.201000009374075</C1>
                  <C2>46.20400000806495</C2>
                </COORD>
                <COORD>
                  <C1>9.201000009374349</C1>
                  <C2>46.20300000806434</C2>
                </COORD>
                <COORD>
                  <C1>9.200000009373385</C1>
                  <C2>46.203000008064656</C2>
                </COORD>
                <COORD>
                  <C1>9.20000000937366</C1>
                  <C2>46.202000008064076</C2>
                </COORD>
                <COORD>
                  <C1>9.199000009372696</C1>
                  <C2>46.20200000806437</C2>
                </COORD>
                <COORD>
                  <C1>9.199000009372973</C1>
                  <C2>46.2010000080638</C2>
                </COORD>
                <COORD>
                  <C1>9.199000009373245</C1>
                  <C2>46.20000000806323</C2>
                </COORD>
                <COORD>
                  <C1>9.19800000937256</C1>
                  <C2>46.19900000806294</C2>
                </COORD>
                <COORD>
                  <C1>9.199000009373796</C1>
                  <C2>46.198000008062074</C2>
                </COORD>
                <COORD>
                  <C1>9.198000009373109</C1>
                  <C2>46.197000008061806</C2>
                </COORD>
                <COORD>
                  <C1>9.197000009372417</C1>
                  <C2>46.19600000806153</C2>
                </COORD>
                <COORD>
                  <C1>9.196000009371728</C1>
                  <C2>46.195000008061236</C2>
                </COORD>
                <COORD>
                  <C1>9.196000009372003</C1>
                  <C2>46.194000008060634</C2>
                </COORD>
                <COORD>
                  <C1>9.196000009372279</C1>
                  <C2>46.19300000806006</C2>
                </COORD>
                <COORD>
                  <C1>9.19700000937352</C1>
                  <C2>46.19200000805919</C2>
                </COORD>
                <COORD>
                  <C1>9.197000009373797</C1>
                  <C2>46.19100000805862</C2>
                </COORD>
                <COORD>
                  <C1>9.19900000937627</C1>
                  <C2>46.18900000805685</C2>
                </COORD>
                <COORD>
                  <C1>9.198000009375585</C1>
                  <C2>46.188000008056534</C2>
                </COORD>
                <COORD>
                  <C1>9.198000009375857</C1>
                  <C2>46.18700000805599</C2>
                </COORD>
                <COORD>
                  <C1>9.197000009374893</C1>
                  <C2>46.18700000805626</C2>
                </COORD>
                <COORD>
                  <C1>9.1960000093742</C1>
                  <C2>46.186000008056</C2>
                </COORD>
                <COORD>
                  <C1>9.196000009374478</C1>
                  <C2>46.185000008055425</C2>
                </COORD>
                <COORD>
                  <C1>9.19700000937572</C1>
                  <C2>46.18400000805457</C2>
                </COORD>
                <COORD>
                  <C1>9.196000009374751</C1>
                  <C2>46.18400000805485</C2>
                </COORD>
                <COORD>
                  <C1>9.196000009375027</C1>
                  <C2>46.18300000805427</C2>
                </COORD>
                <COORD>
                  <C1>9.196000009375302</C1>
                  <C2>46.182000008053706</C2>
                </COORD>
                <COORD>
                  <C1>9.196000009375576</C1>
                  <C2>46.181000008053104</C2>
                </COORD>
                <COORD>
                  <C1>9.195000009374883</C1>
                  <C2>46.18000000805281</C2>
                </COORD>
                <COORD>
                  <C1>9.194000009373923</C1>
                  <C2>46.18000000805313</C2>
                </COORD>
                <COORD>
                  <C1>9.193000009372952</C1>
                  <C2>46.18000000805345</C2>
                </COORD>
                <COORD>
                  <C1>9.193000009373225</C1>
                  <C2>46.179000008052846</C2>
                </COORD>
                <COORD>
                  <C1>9.192000009372263</C1>
                  <C2>46.179000008053166</C2>
                </COORD>
                <COORD>
                  <C1>9.190000009370603</C1>
                  <C2>46.17800000805312</C2>
                </COORD>
                <COORD>
                  <C1>9.189000009369913</C1>
                  <C2>46.17700000805291</C2>
                </COORD>
                <COORD>
                  <C1>9.18800000936922</C1>
                  <C2>46.17600000805256</C2>
                </COORD>
                <COORD>
                  <C1>9.187000009368253</C1>
                  <C2>46.17600000805285</C2>
                </COORD>
                <COORD>
                  <C1>9.187000009368527</C1>
                  <C2>46.17500000805229</C2>
                </COORD>
                <COORD>
                  <C1>9.186000009367834</C1>
                  <C2>46.174000008052005</C2>
                </COORD>
                <COORD>
                  <C1>9.186000009368108</C1>
                  <C2>46.17300000805141</C2>
                </COORD>
                <COORD>
                  <C1>9.18500000936742</C1>
                  <C2>46.17200000805115</C2>
                </COORD>
                <COORD>
                  <C1>9.183000009365758</C1>
                  <C2>46.171000008051124</C2>
                </COORD>
                <COORD>
                  <C1>9.182000009364792</C1>
                  <C2>46.17100000805146</C2>
                </COORD>
                <COORD>
                  <C1>9.181000009363823</C1>
                  <C2>46.171000008051756</C2>
                </COORD>
                <COORD>
                  <C1>9.180000009362583</C1>
                  <C2>46.17200000805261</C2>
                </COORD>
                <COORD>
                  <C1>9.179000009361618</C1>
                  <C2>46.172000008052905</C2>
                </COORD>
                <COORD>
                  <C1>9.179000009361346</C1>
                  <C2>46.173000008053485</C2>
                </COORD>
                <COORD>
                  <C1>9.178000009360378</C1>
                  <C2>46.17300000805377</C2>
                </COORD>
                <COORD>
                  <C1>9.177000009359412</C1>
                  <C2>46.173000008054096</C2>
                </COORD>
                <COORD>
                  <C1>9.176000009358443</C1>
                  <C2>46.17300000805437</C2>
                </COORD>
                <COORD>
                  <C1>9.175000009357476</C1>
                  <C2>46.17300000805466</C2>
                </COORD>
                <COORD>
                  <C1>9.174000009356511</C1>
                  <C2>46.17300000805495</C2>
                </COORD>
                <COORD>
                  <C1>9.173000009355544</C1>
                  <C2>46.17300000805527</C2>
                </COORD>
                <COORD>
                  <C1>9.1720000093543</C1>
                  <C2>46.174000008056105</C2>
                </COORD>
                <COORD>
                  <C1>9.171000009353333</C1>
                  <C2>46.17400000805643</C2>
                </COORD>
                <COORD>
                  <C1>9.170000009352366</C1>
                  <C2>46.17400000805674</C2>
                </COORD>
                <COORD>
                  <C1>9.170000009352638</C1>
                  <C2>46.17300000805612</C2>
                </COORD>
                <COORD>
                  <C1>9.169000009351672</C1>
                  <C2>46.17300000805644</C2>
                </COORD>
                <COORD>
                  <C1>9.167000009349735</C1>
                  <C2>46.173000008057045</C2>
                </COORD>
                <COORD>
                  <C1>9.166000009348767</C1>
                  <C2>46.17300000805733</C2>
                </COORD>
                <COORD>
                  <C1>9.165000009347798</C1>
                  <C2>46.173000008057635</C2>
                </COORD>
                <COORD>
                  <C1>9.163000009346135</C1>
                  <C2>46.172000008057644</C2>
                </COORD>
                <COORD>
                  <C1>9.162000009344895</C1>
                  <C2>46.17300000805849</C2>
                </COORD>
                <COORD>
                  <C1>9.1610000093442</C1>
                  <C2>46.172000008058234</C2>
                </COORD>
                <COORD>
                  <C1>9.161000009344473</C1>
                  <C2>46.171000008057646</C2>
                </COORD>
                <COORD>
                  <C1>9.161000009344745</C1>
                  <C2>46.170000008057066</C2>
                </COORD>
                <COORD>
                  <C1>9.160000009344047</C1>
                  <C2>46.16900000805676</C2>
                </COORD>
                <COORD>
                  <C1>9.160000009344323</C1>
                  <C2>46.168000008056154</C2>
                </COORD>
                <COORD>
                  <C1>9.160000009344595</C1>
                  <C2>46.16700000805563</C2>
                </COORD>
                <COORD>
                  <C1>9.159000009343895</C1>
                  <C2>46.166000008055306</C2>
                </COORD>
                <COORD>
                  <C1>9.158000009343201</C1>
                  <C2>46.165000008055046</C2>
                </COORD>
                <COORD>
                  <C1>9.158000009343471</C1>
                  <C2>46.16400000805446</C2>
                </COORD>
                <COORD>
                  <C1>9.157000009342775</C1>
                  <C2>46.163000008054176</C2>
                </COORD>
                <COORD>
                  <C1>9.156000009341808</C1>
                  <C2>46.16300000805446</C2>
                </COORD>
                <COORD>
                  <C1>9.15500000934084</C1>
                  <C2>46.163000008054745</C2>
                </COORD>
                <COORD>
                  <C1>9.15400000933987</C1>
                  <C2>46.16300000805504</C2>
                </COORD>
                <COORD>
                  <C1>9.153000009338902</C1>
                  <C2>46.16300000805535</C2>
                </COORD>
                <COORD>
                  <C1>9.15200000933793</C1>
                  <C2>46.163000008055654</C2>
                </COORD>
                <COORD>
                  <C1>9.151000009337235</C1>
                  <C2>46.16200000805533</C2>
                </COORD>
                <COORD>
                  <C1>9.15000000933626</C1>
                  <C2>46.162000008055614</C2>
                </COORD>
                <COORD>
                  <C1>9.149000009335293</C1>
                  <C2>46.1620000080559</C2>
                </COORD>
                <COORD>
                  <C1>9.148000009334595</C1>
                  <C2>46.16100000805563</C2>
                </COORD>
                <COORD>
                  <C1>9.147000009333626</C1>
                  <C2>46.16100000805592</C2>
                </COORD>
                <COORD>
                  <C1>9.146000009332928</C1>
                  <C2>46.160000008055654</C2>
                </COORD>
                <COORD>
                  <C1>9.145000009331957</C1>
                  <C2>46.160000008055945</C2>
                </COORD>
                <COORD>
                  <C1>9.144000009331258</C1>
                  <C2>46.15900000805566</C2>
                </COORD>
                <COORD>
                  <C1>9.143000009330558</C1>
                  <C2>46.15800000805537</C2>
                </COORD>
                <COORD>
                  <C1>9.143000009330832</C1>
                  <C2>46.15700000805476</C2>
                </COORD>
                <COORD>
                  <C1>9.14200000932986</C1>
                  <C2>46.157000008055086</C2>
                </COORD>
                <COORD>
                  <C1>9.14100000932889</C1>
                  <C2>46.15700000805536</C2>
                </COORD>
                <COORD>
                  <C1>9.141000009329156</C1>
                  <C2>46.15600000805475</C2>
                </COORD>
                <COORD>
                  <C1>9.139000009327221</C1>
                  <C2>46.1560000080554</C2>
                </COORD>
                <COORD>
                  <C1>9.138000009326252</C1>
                  <C2>46.156000008055656</C2>
                </COORD>
                <COORD>
                  <C1>9.137000009325275</C1>
                  <C2>46.15600000805592</C2>
                </COORD>
                <COORD>
                  <C1>9.137000009325545</C1>
                  <C2>46.15500000805534</C2>
                </COORD>
                <COORD>
                  <C1>9.13600000932458</C1>
                  <C2>46.155000008055666</C2>
                </COORD>
                <COORD>
                  <C1>9.135000009323878</C1>
                  <C2>46.154000008055384</C2>
                </COORD>
                <COORD>
                  <C1>9.135000009324148</C1>
                  <C2>46.15300000805476</C2>
                </COORD>
                <COORD>
                  <C1>9.134000009323449</C1>
                  <C2>46.152000008054486</C2>
                </COORD>
                <COORD>
                  <C1>9.133000009322748</C1>
                  <C2>46.15100000805419</C2>
                </COORD>
                <COORD>
                  <C1>9.132000009321779</C1>
                  <C2>46.15100000805453</C2>
                </COORD>
                <COORD>
                  <C1>9.132000009322045</C1>
                  <C2>46.15000000805391</C2>
                </COORD>
                <COORD>
                  <C1>9.130000009320378</C1>
                  <C2>46.149000008053925</C2>
                </COORD>
                <COORD>
                  <C1>9.130000009320648</C1>
                  <C2>46.14800000805336</C2>
                </COORD>
                <COORD>
                  <C1>9.129000009319668</C1>
                  <C2>46.148000008053636</C2>
                </COORD>
                <COORD>
                  <C1>9.129000009319943</C1>
                  <C2>46.14700000805308</C2>
                </COORD>
                <COORD>
                  <C1>9.128000009318972</C1>
                  <C2>46.147000008053325</C2>
                </COORD>
                <COORD>
                  <C1>9.128000009319242</C1>
                  <C2>46.14600000805273</C2>
                </COORD>
                <COORD>
                  <C1>9.128000009319516</C1>
                  <C2>46.14500000805216</C2>
                </COORD>
                <COORD>
                  <C1>9.12700000931881</C1>
                  <C2>46.14400000805187</C2>
                </COORD>
                <COORD>
                  <C1>9.126000009318107</C1>
                  <C2>46.14300000805159</C2>
                </COORD>
                <COORD>
                  <C1>9.126000009318377</C1>
                  <C2>46.14200000805101</C2>
                </COORD>
                <COORD>
                  <C1>9.125000009317407</C1>
                  <C2>46.142000008051276</C2>
                </COORD>
                <COORD>
                  <C1>9.124000009316703</C1>
                  <C2>46.14100000805099</C2>
                </COORD>
                <COORD>
                  <C1>9.12400000931697</C1>
                  <C2>46.1400000080504</C2>
                </COORD>
                <COORD>
                  <C1>9.124000009317243</C1>
                  <C2>46.13900000804979</C2>
                </COORD>
                <COORD>
                  <C1>9.123000009316536</C1>
                  <C2>46.138000008049545</C2>
                </COORD>
                <COORD>
                  <C1>9.123000009316808</C1>
                  <C2>46.13700000804894</C2>
                </COORD>
                <COORD>
                  <C1>9.122000009315837</C1>
                  <C2>46.13700000804923</C2>
                </COORD>
                <COORD>
                  <C1>9.122000009316109</C1>
                  <C2>46.13600000804864</C2>
                </COORD>
                <COORD>
                  <C1>9.121000009314866</C1>
                  <C2>46.13700000804952</C2>
                </COORD>
                <COORD>
                  <C1>9.12000000931389</C1>
                  <C2>46.137000008049824</C2>
                </COORD>
                <COORD>
                  <C1>9.119000009312918</C1>
                  <C2>46.13700000805014</C2>
                </COORD>
                <COORD>
                  <C1>9.118000009311949</C1>
                  <C2>46.137000008050386</C2>
                </COORD>
                <COORD>
                  <C1>9.117000009310976</C1>
                  <C2>46.137000008050684</C2>
                </COORD>
                <COORD>
                  <C1>9.116000009309998</C1>
                  <C2>46.13700000805102</C2>
                </COORD>
                <COORD>
                  <C1>9.115000009309027</C1>
                  <C2>46.13700000805126</C2>
                </COORD>
                <COORD>
                  <C1>9.114000009308052</C1>
                  <C2>46.13700000805158</C2>
                </COORD>
                <COORD>
                  <C1>9.113000009307077</C1>
                  <C2>46.137000008051864</C2>
                </COORD>
                <COORD>
                  <C1>9.113000009307347</C1>
                  <C2>46.1360000080513</C2>
                </COORD>
                <COORD>
                  <C1>9.112000009306376</C1>
                  <C2>46.13600000805159</C2>
                </COORD>
                <COORD>
                  <C1>9.112000009306648</C1>
                  <C2>46.13500000805097</C2>
                </COORD>
                <COORD>
                  <C1>9.11100000930567</C1>
                  <C2>46.13500000805128</C2>
                </COORD>
                <COORD>
                  <C1>9.110000009304697</C1>
                  <C2>46.13500000805158</C2>
                </COORD>
                <COORD>
                  <C1>9.10900000930399</C1>
                  <C2>46.134000008051274</C2>
                </COORD>
                <COORD>
                  <C1>9.10800000930302</C1>
                  <C2>46.134000008051615</C2>
                </COORD>
                <COORD>
                  <C1>9.107000009302041</C1>
                  <C2>46.13400000805184</C2>
                </COORD>
                <COORD>
                  <C1>9.106000009301072</C1>
                  <C2>46.13400000805218</C2>
                </COORD>
                <COORD>
                  <C1>9.106000009301342</C1>
                  <C2>46.13300000805158</C2>
                </COORD>
                <COORD>
                  <C1>9.105000009300367</C1>
                  <C2>46.13300000805188</C2>
                </COORD>
                <COORD>
                  <C1>9.10400000929966</C1>
                  <C2>46.13200000805159</C2>
                </COORD>
                <COORD>
                  <C1>9.10300000929895</C1>
                  <C2>46.131000008051316</C2>
                </COORD>
                <COORD>
                  <C1>9.102000009297981</C1>
                  <C2>46.13100000805155</C2>
                </COORD>
                <COORD>
                  <C1>9.102000009298246</C1>
                  <C2>46.13000000805095</C2>
                </COORD>
                <COORD>
                  <C1>9.101000009297541</C1>
                  <C2>46.12900000805069</C2>
                </COORD>
                <COORD>
                  <C1>9.10100000929781</C1>
                  <C2>46.12800000805009</C2>
                </COORD>
                <COORD>
                  <C1>9.100000009296565</C1>
                  <C2>46.12900000805098</C2>
                </COORD>
                <COORD>
                  <C1>9.099000009295592</C1>
                  <C2>46.12900000805122</C2>
                </COORD>
                <COORD>
                  <C1>9.098000009294617</C1>
                  <C2>46.12900000805155</C2>
                </COORD>
                <COORD>
                  <C1>9.098000009294886</C1>
                  <C2>46.128000008050954</C2>
                </COORD>
                <COORD>
                  <C1>9.09700000929391</C1>
                  <C2>46.12800000805124</C2>
                </COORD>
                <COORD>
                  <C1>9.096000009292936</C1>
                  <C2>46.12800000805151</C2>
                </COORD>
                <COORD>
                  <C1>9.09500000929196</C1>
                  <C2>46.12800000805185</C2>
                </COORD>
                <COORD>
                  <C1>9.094000009290985</C1>
                  <C2>46.128000008052126</C2>
                </COORD>
                <COORD>
                  <C1>9.093000009290009</C1>
                  <C2>46.12800000805243</C2>
                </COORD>
                <COORD>
                  <C1>9.092000009289036</C1>
                  <C2>46.1280000080527</C2>
                </COORD>
                <COORD>
                  <C1>9.092000009289299</C1>
                  <C2>46.127000008052136</C2>
                </COORD>
                <COORD>
                  <C1>9.091000009288324</C1>
                  <C2>46.127000008052406</C2>
                </COORD>
                <COORD>
                  <C1>9.090000009287351</C1>
                  <C2>46.12700000805273</C2>
                </COORD>
                <COORD>
                  <C1>9.089000009286377</C1>
                  <C2>46.127000008053024</C2>
                </COORD>
                <COORD>
                  <C1>9.089000009286645</C1>
                  <C2>46.126000008052415</C2>
                </COORD>
                <COORD>
                  <C1>9.088000009285667</C1>
                  <C2>46.1260000080527</C2>
                </COORD>
                <COORD>
                  <C1>9.087000009284692</C1>
                  <C2>46.12600000805301</C2>
                </COORD>
                <COORD>
                  <C1>9.087000009284957</C1>
                  <C2>46.125000008052425</C2>
                </COORD>
                <COORD>
                  <C1>9.086000009283982</C1>
                  <C2>46.1250000080527</C2>
                </COORD>
                <COORD>
                  <C1>9.08600000928425</C1>
                  <C2>46.12400000805213</C2>
                </COORD>
                <COORD>
                  <C1>9.085000009283274</C1>
                  <C2>46.12400000805241</C2>
                </COORD>
                <COORD>
                  <C1>9.084000009282299</C1>
                  <C2>46.12400000805268</C2>
                </COORD>
                <COORD>
                  <C1>9.083000009281319</C1>
                  <C2>46.12400000805298</C2>
                </COORD>
                <COORD>
                  <C1>9.082000009280344</C1>
                  <C2>46.12400000805328</C2>
                </COORD>
                <COORD>
                  <C1>9.081000009279636</C1>
                  <C2>46.123000008053</C2>
                </COORD>
                <COORD>
                  <C1>9.08000000927866</C1>
                  <C2>46.123000008053275</C2>
                </COORD>
                <COORD>
                  <C1>9.079000009277681</C1>
                  <C2>46.12300000805357</C2>
                </COORD>
                <COORD>
                  <C1>9.078000009276971</C1>
                  <C2>46.122000008053234</C2>
                </COORD>
                <COORD>
                  <C1>9.077000009275997</C1>
                  <C2>46.12200000805358</C2>
                </COORD>
                <COORD>
                  <C1>9.07600000927502</C1>
                  <C2>46.122000008053845</C2>
                </COORD>
                <COORD>
                  <C1>9.076000009275285</C1>
                  <C2>46.121000008053265</C2>
                </COORD>
                <COORD>
                  <C1>9.075000009274309</C1>
                  <C2>46.12100000805356</C2>
                </COORD>
                <COORD>
                  <C1>9.074000009273599</C1>
                  <C2>46.120000008053246</C2>
                </COORD>
                <COORD>
                  <C1>9.074000009273863</C1>
                  <C2>46.119000008052645</C2>
                </COORD>
                <COORD>
                  <C1>9.074000009274132</C1>
                  <C2>46.11800000805207</C2>
                </COORD>
                <COORD>
                  <C1>9.075000009275376</C1>
                  <C2>46.1170000080512</C2>
                </COORD>
                <COORD>
                  <C1>9.075000009275643</C1>
                  <C2>46.116000008050605</C2>
                </COORD>
                <COORD>
                  <C1>9.076000009276889</C1>
                  <C2>46.115000008049726</C2>
                </COORD>
                <COORD>
                  <C1>9.076000009277157</C1>
                  <C2>46.11400000804913</C2>
                </COORD>
                <COORD>
                  <C1>9.07700000927813</C1>
                  <C2>46.11400000804887</C2>
                </COORD>
                <COORD>
                  <C1>9.0770000092784</C1>
                  <C2>46.11300000804826</C2>
                </COORD>
                <COORD>
                  <C1>9.078000009279377</C1>
                  <C2>46.113000008047955</C2>
                </COORD>
                <COORD>
                  <C1>9.07900000928062</C1>
                  <C2>46.11200000804714</C2>
                </COORD>
                <COORD>
                  <C1>9.079000009280886</C1>
                  <C2>46.111000008046496</C2>
                </COORD>
                <COORD>
                  <C1>9.08000000928213</C1>
                  <C2>46.1100000080456</C2>
                </COORD>
                <COORD>
                  <C1>9.080000009282399</C1>
                  <C2>46.10900000804502</C2>
                </COORD>
                <COORD>
                  <C1>9.081000009283377</C1>
                  <C2>46.109000008044696</C2>
                </COORD>
                <COORD>
                  <C1>9.081000009283644</C1>
                  <C2>46.108000008044165</C2>
                </COORD>
                <COORD>
                  <C1>9.082000009285153</C1>
                  <C2>46.10600000804267</C2>
                </COORD>
                <COORD>
                  <C1>9.08200000928569</C1>
                  <C2>46.10400000804149</C2>
                </COORD>
                <COORD>
                  <C1>9.084000009288175</C1>
                  <C2>46.10200000803968</C2>
                </COORD>
                <COORD>
                  <C1>9.086000009290924</C1>
                  <C2>46.09900000803733</C2>
                </COORD>
                <COORD>
                  <C1>9.08800000929368</C1>
                  <C2>46.09600000803498</C2>
                </COORD>
                <COORD>
                  <C1>9.0900000092967</C1>
                  <C2>46.09200000803204</C2>
                </COORD>
                <COORD>
                  <C1>9.091000009298474</C1>
                  <C2>46.08900000802997</C2>
                </COORD>
                <COORD>
                  <C1>9.091000009298742</C1>
                  <C2>46.08800000802939</C2>
                </COORD>
                <COORD>
                  <C1>9.090000009298029</C1>
                  <C2>46.08700000802906</C2>
                </COORD>
                <COORD>
                  <C1>9.085000009294738</C1>
                  <C2>46.081000008026955</C2>
                </COORD>
                <COORD>
                  <C1>9.084000009294027</C1>
                  <C2>46.080000008026666</C2>
                </COORD>
                <COORD>
                  <C1>9.084000009294293</C1>
                  <C2>46.079000008026085</C2>
                </COORD>
                <COORD>
                  <C1>9.083000009293311</C1>
                  <C2>46.079000008026384</C2>
                </COORD>
                <COORD>
                  <C1>9.082000009292335</C1>
                  <C2>46.07900000802665</C2>
                </COORD>
                <COORD>
                  <C1>9.080000009290643</C1>
                  <C2>46.07800000802662</C2>
                </COORD>
                <COORD>
                  <C1>9.080000009290911</C1>
                  <C2>46.07700000802602</C2>
                </COORD>
                <COORD>
                  <C1>9.080000009291702</C1>
                  <C2>46.07400000802425</C2>
                </COORD>
                <COORD>
                  <C1>9.07900000929099</C1>
                  <C2>46.07300000802396</C2>
                </COORD>
                <COORD>
                  <C1>9.079000009291523</C1>
                  <C2>46.07100000802275</C2>
                </COORD>
                <COORD>
                  <C1>9.0800000092925</C1>
                  <C2>46.071000008022445</C2>
                </COORD>
                <COORD>
                  <C1>9.080000009292762</C1>
                  <C2>46.070000008021864</C2>
                </COORD>
                <COORD>
                  <C1>9.080000009293029</C1>
                  <C2>46.069000008021305</C2>
                </COORD>
                <COORD>
                  <C1>9.080000009293297</C1>
                  <C2>46.06800000802068</C2>
                </COORD>
                <COORD>
                  <C1>9.07900000929258</C1>
                  <C2>46.067000008020386</C2>
                </COORD>
                <COORD>
                  <C1>9.079000009292841</C1>
                  <C2>46.06600000801975</C2>
                </COORD>
                <COORD>
                  <C1>9.078000009291864</C1>
                  <C2>46.066000008020076</C2>
                </COORD>
                <COORD>
                  <C1>9.077000009290884</C1>
                  <C2>46.066000008020346</C2>
                </COORD>
                <COORD>
                  <C1>9.07700000929115</C1>
                  <C2>46.06500000801977</C2>
                </COORD>
                <COORD>
                  <C1>9.076000009290173</C1>
                  <C2>46.06500000802004</C2>
                </COORD>
                <COORD>
                  <C1>9.075000009289456</C1>
                  <C2>46.06400000801974</C2>
                </COORD>
                <COORD>
                  <C1>9.074000009288477</C1>
                  <C2>46.06400000802001</C2>
                </COORD>
                <COORD>
                  <C1>9.073000009287501</C1>
                  <C2>46.0640000080203</C2>
                </COORD>
                <COORD>
                  <C1>9.07200000928652</C1>
                  <C2>46.0640000080206</C2>
                </COORD>
                <COORD>
                  <C1>9.071000009285541</C1>
                  <C2>46.06400000802089</C2>
                </COORD>
                <COORD>
                  <C1>9.07000000928456</C1>
                  <C2>46.064000008021175</C2>
                </COORD>
                <COORD>
                  <C1>9.069000009283581</C1>
                  <C2>46.06400000802151</C2>
                </COORD>
                <COORD>
                  <C1>9.068000009282603</C1>
                  <C2>46.06400000802178</C2>
                </COORD>
                <COORD>
                  <C1>9.067000009281621</C1>
                  <C2>46.06400000802204</C2>
                </COORD>
                <COORD>
                  <C1>9.066000009280643</C1>
                  <C2>46.06400000802234</C2>
                </COORD>
                <COORD>
                  <C1>9.065000009279661</C1>
                  <C2>46.06400000802265</C2>
                </COORD>
                <COORD>
                  <C1>9.065000009279922</C1>
                  <C2>46.06300000802204</C2>
                </COORD>
                <COORD>
                  <C1>9.06300000927797</C1>
                  <C2>46.063000008022634</C2>
                </COORD>
                <COORD>
                  <C1>9.06200000927699</C1>
                  <C2>46.06300000802294</C2>
                </COORD>
                <COORD>
                  <C1>9.061000009276007</C1>
                  <C2>46.063000008023174</C2>
                </COORD>
                <COORD>
                  <C1>9.060000009275027</C1>
                  <C2>46.06300000802351</C2>
                </COORD>
                <COORD>
                  <C1>9.059000009274044</C1>
                  <C2>46.063000008023764</C2>
                </COORD>
                <COORD>
                  <C1>9.058000009273064</C1>
                  <C2>46.06300000802409</C2>
                </COORD>
                <COORD>
                  <C1>9.057000009272086</C1>
                  <C2>46.06300000802436</C2>
                </COORD>
                <COORD>
                  <C1>9.057000009271825</C1>
                  <C2>46.06400000802496</C2>
                </COORD>
                <COORD>
                  <C1>9.055000009269857</C1>
                  <C2>46.06400000802557</C2>
                </COORD>
                <COORD>
                  <C1>9.05400000926888</C1>
                  <C2>46.06400000802585</C2>
                </COORD>
                <COORD>
                  <C1>9.051000009265938</C1>
                  <C2>46.06400000802671</C2>
                </COORD>
                <COORD>
                  <C1>9.049000009264239</C1>
                  <C2>46.063000008026684</C2>
                </COORD>
                <COORD>
                  <C1>9.048000009263259</C1>
                  <C2>46.06300000802697</C2>
                </COORD>
                <COORD>
                  <C1>9.04800000926352</C1>
                  <C2>46.062000008026416</C2>
                </COORD>
                <COORD>
                  <C1>9.047000009262804</C1>
                  <C2>46.06100000802607</C2>
                </COORD>
                <COORD>
                  <C1>9.046000009261821</C1>
                  <C2>46.061000008026376</C2>
                </COORD>
                <COORD>
                  <C1>9.04500000926084</C1>
                  <C2>46.06100000802667</C2>
                </COORD>
                <COORD>
                  <C1>9.044000009259863</C1>
                  <C2>46.06100000802695</C2>
                </COORD>
                <COORD>
                  <C1>9.043000009258874</C1>
                  <C2>46.061000008027214</C2>
                </COORD>
                <COORD>
                  <C1>9.042000009257897</C1>
                  <C2>46.06100000802751</C2>
                </COORD>
                <COORD>
                  <C1>9.041000009256912</C1>
                  <C2>46.06100000802783</C2>
                </COORD>
                <COORD>
                  <C1>9.04000000925593</C1>
                  <C2>46.061000008028124</C2>
                </COORD>
                <COORD>
                  <C1>9.040000009256191</C1>
                  <C2>46.06000000802753</C2>
                </COORD>
                <COORD>
                  <C1>9.03900000925547</C1>
                  <C2>46.0590000080272</C2>
                </COORD>
                <COORD>
                  <C1>9.038000009254494</C1>
                  <C2>46.05900000802747</C2>
                </COORD>
                <COORD>
                  <C1>9.037000009253509</C1>
                  <C2>46.059000008027745</C2>
                </COORD>
                <COORD>
                  <C1>9.037000009253772</C1>
                  <C2>46.05800000802716</C2>
                </COORD>
                <COORD>
                  <C1>9.036000009252788</C1>
                  <C2>46.058000008027456</C2>
                </COORD>
                <COORD>
                  <C1>9.035000009251808</C1>
                  <C2>46.058000008027776</C2>
                </COORD>
                <COORD>
                  <C1>9.035000009252073</C1>
                  <C2>46.057000008027146</C2>
                </COORD>
                <COORD>
                  <C1>9.034000009251086</C1>
                  <C2>46.05700000802742</C2>
                </COORD>
                <COORD>
                  <C1>9.033000009250108</C1>
                  <C2>46.05700000802776</C2>
                </COORD>
                <COORD>
                  <C1>9.033000009250369</C1>
                  <C2>46.05600000802716</C2>
                </COORD>
                <COORD>
                  <C1>9.032000009249389</C1>
                  <C2>46.056000008027446</C2>
                </COORD>
                <COORD>
                  <C1>9.031000009248661</C1>
                  <C2>46.055000008027115</C2>
                </COORD>
                <COORD>
                  <C1>9.030000009247681</C1>
                  <C2>46.0550000080274</C2>
                </COORD>
                <COORD>
                  <C1>9.0290000092467</C1>
                  <C2>46.05500000802771</C2>
                </COORD>
                <COORD>
                  <C1>9.028000009245716</C1>
                  <C2>46.05500000802798</C2>
                </COORD>
                <COORD>
                  <C1>9.027000009244993</C1>
                  <C2>46.05400000802767</C2>
                </COORD>
                <COORD>
                  <C1>9.02600000924401</C1>
                  <C2>46.054000008027984</C2>
                </COORD>
                <COORD>
                  <C1>9.02400000924178</C1>
                  <C2>46.05500000802913</C2>
                </COORD>
                <COORD>
                  <C1>9.024000009242044</C1>
                  <C2>46.05400000802854</C2>
                </COORD>
                <COORD>
                  <C1>9.023000009241061</C1>
                  <C2>46.05400000802882</C2>
                </COORD>
                <COORD>
                  <C1>9.022000009240077</C1>
                  <C2>46.054000008029114</C2>
                </COORD>
                <COORD>
                  <C1>9.021000009239355</C1>
                  <C2>46.053000008028796</C2>
                </COORD>
                <COORD>
                  <C1>9.020000009238371</C1>
                  <C2>46.05300000802907</C2>
                </COORD>
                <COORD>
                  <C1>9.020000009238634</C1>
                  <C2>46.052000008028486</C2>
                </COORD>
                <COORD>
                  <C1>9.019000009237647</C1>
                  <C2>46.05200000802876</C2>
                </COORD>
                <COORD>
                  <C1>9.018000009236665</C1>
                  <C2>46.05200000802908</C2>
                </COORD>
                <COORD>
                  <C1>9.018000009236928</C1>
                  <C2>46.05100000802848</C2>
                </COORD>
                <COORD>
                  <C1>9.01800000923719</C1>
                  <C2>46.05000000802785</C2>
                </COORD>
                <COORD>
                  <C1>9.017000009236467</C1>
                  <C2>46.049000008027555</C2>
                </COORD>
                <COORD>
                  <C1>9.017000009236725</C1>
                  <C2>46.04800000802693</C2>
                </COORD>
                <COORD>
                  <C1>9.018000009237712</C1>
                  <C2>46.04800000802666</C2>
                </COORD>
                <COORD>
                  <C1>9.018000009237975</C1>
                  <C2>46.04700000802611</C2>
                </COORD>
                <COORD>
                  <C1>9.01900000923922</C1>
                  <C2>46.04600000802518</C2>
                </COORD>
                <COORD>
                  <C1>9.018000009238234</C1>
                  <C2>46.04600000802548</C2>
                </COORD>
                <COORD>
                  <C1>9.018000009238495</C1>
                  <C2>46.04500000802488</C2>
                </COORD>
                <COORD>
                  <C1>9.017000009237771</C1>
                  <C2>46.044000008024575</C2>
                </COORD>
                <COORD>
                  <C1>9.016000009237047</C1>
                  <C2>46.04300000802426</C2>
                </COORD>
                <COORD>
                  <C1>9.014000009235343</C1>
                  <C2>46.042000008024225</C2>
                </COORD>
                <COORD>
                  <C1>9.01100000923317</C1>
                  <C2>46.039000008023294</C2>
                </COORD>
                <COORD>
                  <C1>9.010000009233753</C1>
                  <C2>46.03300000801999</C2>
                </COORD>
                <COORD>
                  <C1>9.009000009233025</C1>
                  <C2>46.03200000801966</C2>
                </COORD>
                <COORD>
                  <C1>9.010000009234531</C1>
                  <C2>46.030000008018156</C2>
                </COORD>
                <COORD>
                  <C1>9.011000009235776</C1>
                  <C2>46.029000008017285</C2>
                </COORD>
                <COORD>
                  <C1>9.012000009237022</C1>
                  <C2>46.02800000801636</C2>
                </COORD>
                <COORD>
                  <C1>9.013000009238269</C1>
                  <C2>46.027000008015484</C2>
                </COORD>
                <COORD>
                  <C1>9.014000009239256</C1>
                  <C2>46.027000008015186</C2>
                </COORD>
                <COORD>
                  <C1>9.014000009239517</C1>
                  <C2>46.026000008014606</C2>
                </COORD>
                <COORD>
                  <C1>9.015000009240499</C1>
                  <C2>46.026000008014314</C2>
                </COORD>
                <COORD>
                  <C1>9.016000009241742</C1>
                  <C2>46.02500000801342</C2>
                </COORD>
                <COORD>
                  <C1>9.016000009242006</C1>
                  <C2>46.02400000801283</C2>
                </COORD>
                <COORD>
                  <C1>9.01700000924299</C1>
                  <C2>46.02400000801252</C2>
                </COORD>
                <COORD>
                  <C1>9.018000009244236</C1>
                  <C2>46.02300000801167</C2>
                </COORD>
                <COORD>
                  <C1>9.01900000924522</C1>
                  <C2>46.02300000801134</C2>
                </COORD>
                <COORD>
                  <C1>9.019000009245485</C1>
                  <C2>46.02200000801072</C2>
                </COORD>
                <COORD>
                  <C1>9.020000009246468</C1>
                  <C2>46.02200000801047</C2>
                </COORD>
                <COORD>
                  <C1>9.02000000924673</C1>
                  <C2>46.021000008009864</C2>
                </COORD>
                <COORD>
                  <C1>9.021000009247715</C1>
                  <C2>46.02100000800961</C2>
                </COORD>
                <COORD>
                  <C1>9.022000009248957</C1>
                  <C2>46.020000008008694</C2>
                </COORD>
                <COORD>
                  <C1>9.022000009249224</C1>
                  <C2>46.01900000800807</C2>
                </COORD>
                <COORD>
                  <C1>9.023000009250204</C1>
                  <C2>46.01900000800782</C2>
                </COORD>
                <COORD>
                  <C1>9.024000009251187</C1>
                  <C2>46.01900000800748</C2>
                </COORD>
                <COORD>
                  <C1>9.026000009257318</C1>
                  <C2>46.003000007997244</C2>
                </COORD>
                <COORD>
                  <C1>9.02600000925758</C1>
                  <C2>46.00200000799667</C2>
                </COORD>
                <COORD>
                  <C1>9.027000009258822</C1>
                  <C2>46.0010000079958</C2>
                </COORD>
                <COORD>
                  <C1>9.027000009259082</C1>
                  <C2>46.000000007995204</C2>
                </COORD>
                <COORD>
                  <C1>9.028000009260328</C1>
                  <C2>45.999000007994255</C2>
                </COORD>
                <COORD>
                  <C1>9.028000009260586</C1>
                  <C2>45.99800000799361</C2>
                </COORD>
                <COORD>
                  <C1>9.030000009263333</C1>
                  <C2>45.99500000799125</C2>
                </COORD>
                <COORD>
                  <C1>9.025000009258408</C1>
                  <C2>45.9950000079927</C2>
                </COORD>
                <COORD>
                  <C1>9.02400000925742</C1>
                  <C2>45.99500000799295</C2>
                </COORD>
                <COORD>
                  <C1>9.024000009257943</C1>
                  <C2>45.99300000799176</C2>
                </COORD>
                <COORD>
                  <C1>9.02400000925846</C1>
                  <C2>45.99100000799059</C2>
                </COORD>
                <COORD>
                  <C1>9.022000009256493</C1>
                  <C2>45.991000007991175</C2>
                </COORD>
                <COORD>
                  <C1>9.022000009256748</C1>
                  <C2>45.99000000799055</C2>
                </COORD>
                <COORD>
                  <C1>9.020000009254774</C1>
                  <C2>45.99000000799111</C2>
                </COORD>
                <COORD>
                  <C1>9.01900000925405</C1>
                  <C2>45.989000007990796</C2>
                </COORD>
                <COORD>
                  <C1>9.019000009253793</C1>
                  <C2>45.99000000799144</C2>
                </COORD>
                <COORD>
                  <C1>9.018000009252804</C1>
                  <C2>45.99000000799171</C2>
                </COORD>
                <COORD>
                  <C1>9.017000009251818</C1>
                  <C2>45.99000000799198</C2>
                </COORD>
                <COORD>
                  <C1>9.016000009250831</C1>
                  <C2>45.9900000079923</C2>
                </COORD>
                <COORD>
                  <C1>9.015000009249844</C1>
                  <C2>45.9900000079926</C2>
                </COORD>
                <COORD>
                  <C1>9.015000009249588</C1>
                  <C2>45.991000007993165</C2>
                </COORD>
                <COORD>
                  <C1>9.0140000092486</C1>
                  <C2>45.99100000799346</C2>
                </COORD>
                <COORD>
                  <C1>9.014000009248859</C1>
                  <C2>45.99000000799283</C2>
                </COORD>
                <COORD>
                  <C1>9.013000009247873</C1>
                  <C2>45.99000000799316</C2>
                </COORD>
                <COORD>
                  <C1>9.013000009248131</C1>
                  <C2>45.98900000799253</C2>
                </COORD>
                <COORD>
                  <C1>9.013000009248389</C1>
                  <C2>45.988000007991936</C2>
                </COORD>
                <COORD>
                  <C1>9.012000009247403</C1>
                  <C2>45.98800000799222</C2>
                </COORD>
                <COORD>
                  <C1>9.012000009247659</C1>
                  <C2>45.98700000799158</C2>
                </COORD>
                <COORD>
                  <C1>9.012000009247922</C1>
                  <C2>45.98600000799097</C2>
                </COORD>
                <COORD>
                  <C1>9.01200000924818</C1>
                  <C2>45.98500000799038</C2>
                </COORD>
                <COORD>
                  <C1>9.011000009247454</C1>
                  <C2>45.98400000799007</C2>
                </COORD>
                <COORD>
                  <C1>9.010000009246463</C1>
                  <C2>45.984000007990375</C2>
                </COORD>
                <COORD>
                  <C1>9.010000009246722</C1>
                  <C2>45.98300000798973</C2>
                </COORD>
                <COORD>
                  <C1>9.009000009245993</C1>
                  <C2>45.982000007989434</C2>
                </COORD>
                <COORD>
                  <C1>9.008000009245004</C1>
                  <C2>45.98200000798972</C2>
                </COORD>
                <COORD>
                  <C1>9.007000009244017</C1>
                  <C2>45.98200000798998</C2>
                </COORD>
                <COORD>
                  <C1>9.006000009243031</C1>
                  <C2>45.98200000799027</C2>
                </COORD>
                <COORD>
                  <C1>9.006000009243287</C1>
                  <C2>45.98100000798967</C2>
                </COORD>
                <COORD>
                  <C1>9.005000009242043</C1>
                  <C2>45.982000007990564</C2>
                </COORD>
                <COORD>
                  <C1>9.004000009241054</C1>
                  <C2>45.98200000799086</C2>
                </COORD>
                <COORD>
                  <C1>9.004000009241313</C1>
                  <C2>45.98100000799024</C2>
                </COORD>
                <COORD>
                  <C1>9.003000009240326</C1>
                  <C2>45.981000007990524</C2>
                </COORD>
                <COORD>
                  <C1>9.00300000924007</C1>
                  <C2>45.982000007991125</C2>
                </COORD>
                <COORD>
                  <C1>9.00200000923908</C1>
                  <C2>45.98200000799143</C2>
                </COORD>
                <COORD>
                  <C1>8.99700000923414</C1>
                  <C2>45.982000007992866</C2>
                </COORD>
                <COORD>
                  <C1>8.997000009234398</C1>
                  <C2>45.98100000799228</C2>
                </COORD>
                <COORD>
                  <C1>8.997000009234654</C1>
                  <C2>45.98000000799165</C2>
                </COORD>
                <COORD>
                  <C1>8.997000009234911</C1>
                  <C2>45.979000007991075</C2>
                </COORD>
                <COORD>
                  <C1>8.996000009233928</C1>
                  <C2>45.97900000799133</C2>
                </COORD>
                <COORD>
                  <C1>8.996000009234182</C1>
                  <C2>45.97800000799072</C2>
                </COORD>
                <COORD>
                  <C1>8.99700000923517</C1>
                  <C2>45.97800000799044</C2>
                </COORD>
                <COORD>
                  <C1>8.997000009235428</C1>
                  <C2>45.97700000798982</C2>
                </COORD>
                <COORD>
                  <C1>8.997000009235684</C1>
                  <C2>45.97600000798921</C2>
                </COORD>
                <COORD>
                  <C1>8.997000009235942</C1>
                  <C2>45.9750000079886</C2>
                </COORD>
                <COORD>
                  <C1>8.997000009236201</C1>
                  <C2>45.97400000798798</C2>
                </COORD>
                <COORD>
                  <C1>8.996000009235209</C1>
                  <C2>45.97400000798829</C2>
                </COORD>
                <COORD>
                  <C1>8.995000009234221</C1>
                  <C2>45.97400000798856</C2>
                </COORD>
                <COORD>
                  <C1>8.994000009233234</C1>
                  <C2>45.97400000798887</C2>
                </COORD>
                <COORD>
                  <C1>8.993000009232246</C1>
                  <C2>45.974000007989154</C2>
                </COORD>
                <COORD>
                  <C1>8.992000009231258</C1>
                  <C2>45.97400000798945</C2>
                </COORD>
                <COORD>
                  <C1>8.992000009231518</C1>
                  <C2>45.9730000079888</C2>
                </COORD>
                <COORD>
                  <C1>8.991000009230522</C1>
                  <C2>45.9730000079891</C2>
                </COORD>
                <COORD>
                  <C1>8.990000009229282</C1>
                  <C2>45.97400000798999</C2>
                </COORD>
                <COORD>
                  <C1>8.990000009229025</C1>
                  <C2>45.97500000799062</C2>
                </COORD>
                <COORD>
                  <C1>8.989000009228292</C1>
                  <C2>45.97400000799028</C2>
                </COORD>
                <COORD>
                  <C1>8.990000009229538</C1>
                  <C2>45.97300000798944</C2>
                </COORD>
                <COORD>
                  <C1>8.990000009229796</C1>
                  <C2>45.97200000798878</C2>
                </COORD>
                <COORD>
                  <C1>8.99200000923203</C1>
                  <C2>45.97100000798759</C2>
                </COORD>
                <COORD>
                  <C1>8.992000009232287</C1>
                  <C2>45.97000000798698</C2>
                </COORD>
                <COORD>
                  <C1>8.993000009233274</C1>
                  <C2>45.97000000798669</C2>
                </COORD>
                <COORD>
                  <C1>8.994000009234526</C1>
                  <C2>45.96900000798583</C2>
                </COORD>
                <COORD>
                  <C1>8.995000009235765</C1>
                  <C2>45.968000007984905</C2>
                </COORD>
                <COORD>
                  <C1>8.998000009238732</C1>
                  <C2>45.96800000798404</C2>
                </COORD>
                <COORD>
                  <C1>9.001000009241954</C1>
                  <C2>45.96700000798258</C2>
                </COORD>
                <COORD>
                  <C1>9.002000009242943</C1>
                  <C2>45.96700000798229</C2>
                </COORD>
                <COORD>
                  <C1>9.005000009246167</C1>
                  <C2>45.96600000798083</C2>
                </COORD>
                <COORD>
                  <C1>9.010000009251618</C1>
                  <C2>45.96400000797818</C2>
                </COORD>
                <COORD>
                  <C1>9.011000009252603</C1>
                  <C2>45.96400000797788</C2>
                </COORD>
                <COORD>
                  <C1>9.014000009255822</C1>
                  <C2>45.96300000797637</C2>
                </COORD>
                <COORD>
                  <C1>9.01500000925707</C1>
                  <C2>45.96200000797554</C2>
                </COORD>
                <COORD>
                  <C1>9.015000009257324</C1>
                  <C2>45.96100000797489</C2>
                </COORD>
                <COORD>
                  <C1>9.016000009258828</C1>
                  <C2>45.95900000797343</C2>
                </COORD>
                <COORD>
                  <C1>9.016000009259088</C1>
                  <C2>45.95800000797278</C2>
                </COORD>
                <COORD>
                  <C1>9.016000009259601</C1>
                  <C2>45.9560000079716</C2>
                </COORD>
                <COORD>
                  <C1>9.016000009259857</C1>
                  <C2>45.95500000797097</C2>
                </COORD>
                <COORD>
                  <C1>9.016000009260368</C1>
                  <C2>45.95300000796974</C2>
                </COORD>
                <COORD>
                  <C1>9.017000009261617</C1>
                  <C2>45.95200000796884</C2>
                </COORD>
                <COORD>
                  <C1>9.018000009262604</C1>
                  <C2>45.95200000796856</C2>
                </COORD>
                <COORD>
                  <C1>9.018000009262861</C1>
                  <C2>45.95100000796792</C2>
                </COORD>
                <COORD>
                  <C1>9.017000009262132</C1>
                  <C2>45.95000000796762</C2>
                </COORD>
                <COORD>
                  <C1>9.016000009261656</C1>
                  <C2>45.94800000796669</C2>
                </COORD>
                <COORD>
                  <C1>9.01600000926191</C1>
                  <C2>45.94700000796607</C2>
                </COORD>
                <COORD>
                  <C1>9.01500000926118</C1>
                  <C2>45.946000007965736</C2>
                </COORD>
                <COORD>
                  <C1>9.014000009260194</C1>
                  <C2>45.94600000796602</C2>
                </COORD>
                <COORD>
                  <C1>9.013000009259205</C1>
                  <C2>45.946000007966305</C2>
                </COORD>
                <COORD>
                  <C1>9.01400000926045</C1>
                  <C2>45.94500000796539</C2>
                </COORD>
                <COORD>
                  <C1>9.014000009260707</C1>
                  <C2>45.944000007964824</C2>
                </COORD>
                <COORD>
                  <C1>9.015000009261952</C1>
                  <C2>45.94300000796391</C2>
                </COORD>
                <COORD>
                  <C1>9.016000009262939</C1>
                  <C2>45.943000007963605</C2>
                </COORD>
                <COORD>
                  <C1>9.01800000926517</C1>
                  <C2>45.94200000796247</C2>
                </COORD>
                <COORD>
                  <C1>9.020000009267145</C1>
                  <C2>45.94200000796186</C2>
                </COORD>
                <COORD>
                  <C1>9.02100000926839</C1>
                  <C2>45.94100000796095</C2>
                </COORD>
                <COORD>
                  <C1>9.021000009268647</C1>
                  <C2>45.94000000796035</C2>
                </COORD>
                <COORD>
                  <C1>9.023000009270625</C1>
                  <C2>45.94000000795977</C2>
                </COORD>
                <COORD>
                  <C1>9.024000009271864</C1>
                  <C2>45.93900000795886</C2>
                </COORD>
                <COORD>
                  <C1>9.023000009271133</C1>
                  <C2>45.938000007958564</C2>
                </COORD>
                <COORD>
                  <C1>9.023000009271387</C1>
                  <C2>45.93700000795791</C2>
                </COORD>
                <COORD>
                  <C1>9.022000009270403</C1>
                  <C2>45.93700000795825</C2>
                </COORD>
                <COORD>
                  <C1>9.022000009270661</C1>
                  <C2>45.9360000079576</C2>
                </COORD>
                <COORD>
                  <C1>9.022000009270917</C1>
                  <C2>45.93500000795704</C2>
                </COORD>
                <COORD>
                  <C1>9.022000009271173</C1>
                  <C2>45.93400000795638</C2>
                </COORD>
                <COORD>
                  <C1>9.021000009270443</C1>
                  <C2>45.93300000795605</C2>
                </COORD>
                <COORD>
                  <C1>9.021000009270697</C1>
                  <C2>45.932000007955416</C2>
                </COORD>
                <COORD>
                  <C1>9.021000009270955</C1>
                  <C2>45.93100000795483</C2>
                </COORD>
                <COORD>
                  <C1>9.02000000927022</C1>
                  <C2>45.93000000795449</C2>
                </COORD>
                <COORD>
                  <C1>9.021000009271209</C1>
                  <C2>45.930000007954185</C2>
                </COORD>
                <COORD>
                  <C1>9.022000009272196</C1>
                  <C2>45.93000000795392</C2>
                </COORD>
                <COORD>
                  <C1>9.023000009273185</C1>
                  <C2>45.93000000795362</C2>
                </COORD>
                <COORD>
                  <C1>9.023000009272925</C1>
                  <C2>45.931000007954246</C2>
                </COORD>
                <COORD>
                  <C1>9.024000009273914</C1>
                  <C2>45.93100000795396</C2>
                </COORD>
                <COORD>
                  <C1>9.026000009275892</C1>
                  <C2>45.93100000795339</C2>
                </COORD>
                <COORD>
                  <C1>9.027000009276879</C1>
                  <C2>45.93100000795312</C2>
                </COORD>
                <COORD>
                  <C1>9.028000009278125</C1>
                  <C2>45.930000007952174</C2>
                </COORD>
                <COORD>
                  <C1>9.029000009279109</C1>
                  <C2>45.93000000795192</C2>
                </COORD>
                <COORD>
                  <C1>9.03000000928035</C1>
                  <C2>45.929000007951004</C2>
                </COORD>
                <COORD>
                  <C1>9.031000009281339</C1>
                  <C2>45.929000007950734</C2>
                </COORD>
                <COORD>
                  <C1>9.031000009281595</C1>
                  <C2>45.92800000795011</C2>
                </COORD>
                <COORD>
                  <C1>9.033000009283567</C1>
                  <C2>45.9280000079495</C2>
                </COORD>
                <COORD>
                  <C1>9.037000009287517</C1>
                  <C2>45.92800000794836</C2>
                </COORD>
                <COORD>
                  <C1>9.038000009288508</C1>
                  <C2>45.92800000794809</C2>
                </COORD>
                <COORD>
                  <C1>9.03900000928949</C1>
                  <C2>45.928000007947816</C2>
                </COORD>
                <COORD>
                  <C1>9.040000009290223</C1>
                  <C2>45.92900000794814</C2>
                </COORD>
                <COORD>
                  <C1>9.044000009294168</C1>
                  <C2>45.92900000794697</C2>
                </COORD>
                <COORD>
                  <C1>9.04500000929515</C1>
                  <C2>45.92900000794669</C2>
                </COORD>
                <COORD>
                  <C1>9.045000009295412</C1>
                  <C2>45.92800000794611</C2>
                </COORD>
                <COORD>
                  <C1>9.046000009296396</C1>
                  <C2>45.92800000794581</C2>
                </COORD>
                <COORD>
                  <C1>9.04600000929665</C1>
                  <C2>45.92700000794517</C2>
                </COORD>
                <COORD>
                  <C1>9.047000009297637</C1>
                  <C2>45.92700000794489</C2>
                </COORD>
                <COORD>
                  <C1>9.047000009297893</C1>
                  <C2>45.926000007944275</C2>
                </COORD>
                <COORD>
                  <C1>9.048000009298878</C1>
                  <C2>45.92600000794399</C2>
                </COORD>
                <COORD>
                  <C1>9.049000009300121</C1>
                  <C2>45.9250000079431</C2>
                </COORD>
                <COORD>
                  <C1>9.049000009300377</C1>
                  <C2>45.924000007942446</C2>
                </COORD>
                <COORD>
                  <C1>9.050000009301366</C1>
                  <C2>45.92400000794219</C2>
                </COORD>
                <COORD>
                  <C1>9.051000009302607</C1>
                  <C2>45.92300000794131</C2>
                </COORD>
                <COORD>
                  <C1>9.050000009301622</C1>
                  <C2>45.92300000794158</C2>
                </COORD>
                <COORD>
                  <C1>9.050000009301877</C1>
                  <C2>45.92200000794096</C2>
                </COORD>
                <COORD>
                  <C1>9.051000009302866</C1>
                  <C2>45.92200000794068</C2>
                </COORD>
                <COORD>
                  <C1>9.052000009303843</C1>
                  <C2>45.92200000794035</C2>
                </COORD>
                <COORD>
                  <C1>9.053000009304835</C1>
                  <C2>45.92200000794009</C2>
                </COORD>
                <COORD>
                  <C1>9.05400000930582</C1>
                  <C2>45.92200000793981</C2>
                </COORD>
                <COORD>
                  <C1>9.055000009306802</C1>
                  <C2>45.9220000079395</C2>
                </COORD>
                <COORD>
                  <C1>9.056000009307787</C1>
                  <C2>45.922000007939246</C2>
                </COORD>
                <COORD>
                  <C1>9.057000009308776</C1>
                  <C2>45.92200000793893</C2>
                </COORD>
                <COORD>
                  <C1>9.059000009310745</C1>
                  <C2>45.92200000793838</C2>
                </COORD>
                <COORD>
                  <C1>9.059000009310484</C1>
                  <C2>45.92300000793898</C2>
                </COORD>
                <COORD>
                  <C1>9.060000009311473</C1>
                  <C2>45.92300000793866</C2>
                </COORD>
                <COORD>
                  <C1>9.06100000931246</C1>
                  <C2>45.923000007938406</C2>
                </COORD>
                <COORD>
                  <C1>9.061000009312973</C1>
                  <C2>45.92100000793719</C2>
                </COORD>
                <COORD>
                  <C1>9.06000000931276</C1>
                  <C2>45.918000007935625</C2>
                </COORD>
                <COORD>
                  <C1>9.062000009314986</C1>
                  <C2>45.917000007934455</C2>
                </COORD>
                <COORD>
                  <C1>9.064000009316953</C1>
                  <C2>45.91700000793388</C2>
                </COORD>
                <COORD>
                  <C1>9.065000009317938</C1>
                  <C2>45.91700000793359</C2>
                </COORD>
                <COORD>
                  <C1>9.067000009320163</C1>
                  <C2>45.916000007932375</C2>
                </COORD>
                <COORD>
                  <C1>9.068000009321402</C1>
                  <C2>45.91500000793145</C2>
                </COORD>
                <COORD>
                  <C1>9.070000009323374</C1>
                  <C2>45.915000007930935</C2>
                </COORD>
                <COORD>
                  <C1>9.06900000932265</C1>
                  <C2>45.91400000793057</C2>
                </COORD>
                <COORD>
                  <C1>9.069000009322906</C1>
                  <C2>45.913000007929945</C2>
                </COORD>
                <COORD>
                  <C1>9.069000009323164</C1>
                  <C2>45.912000007929336</C2>
                </COORD>
                <COORD>
                  <C1>9.071000009325129</C1>
                  <C2>45.91200000792878</C2>
                </COORD>
                <COORD>
                  <C1>9.07000000932389</C1>
                  <C2>45.91300000792967</C2>
                </COORD>
                <COORD>
                  <C1>9.071000009324873</C1>
                  <C2>45.91300000792935</C2>
                </COORD>
                <COORD>
                  <C1>9.071000009324615</C1>
                  <C2>45.91400000793001</C2>
                </COORD>
                <COORD>
                  <C1>9.072000009325597</C1>
                  <C2>45.9140000079297</C2>
                </COORD>
                <COORD>
                  <C1>9.073000009326586</C1>
                  <C2>45.91400000792941</C2>
                </COORD>
                <COORD>
                  <C1>9.074000009327312</C1>
                  <C2>45.91500000792974</C2>
                </COORD>
                <COORD>
                  <C1>9.075000009328555</C1>
                  <C2>45.91400000792884</C2>
                </COORD>
                <COORD>
                  <C1>9.076000009329539</C1>
                  <C2>45.91400000792856</C2>
                </COORD>
                <COORD>
                  <C1>9.07700000933078</C1>
                  <C2>45.91300000792762</C2>
                </COORD>
                <COORD>
                  <C1>9.078000009331761</C1>
                  <C2>45.91300000792737</C2>
                </COORD>
                <COORD>
                  <C1>9.079000009333258</C1>
                  <C2>45.91100000792588</C2>
                </COORD>
                <COORD>
                  <C1>9.077000009332062</C1>
                  <C2>45.908000007924564</C2>
                </COORD>
                <COORD>
                  <C1>9.077000009332831</C1>
                  <C2>45.90500000792271</C2>
                </COORD>
                <COORD>
                  <C1>9.078000009334842</C1>
                  <C2>45.90100000791999</C2>
                </COORD>
                <COORD>
                  <C1>9.084000009340235</C1>
                  <C2>45.903000007919495</C2>
                </COORD>
                <COORD>
                  <C1>9.088000009343913</C1>
                  <C2>45.90400000791895</C2>
                </COORD>
                <COORD>
                  <C1>9.090000009346394</C1>
                  <C2>45.90200000791713</C2>
                </COORD>
                <COORD>
                  <C1>9.089000009345408</C1>
                  <C2>45.90200000791742</C2>
                </COORD>
                <COORD>
                  <C1>9.089000009345666</C1>
                  <C2>45.901000007916814</C2>
                </COORD>
                <COORD>
                  <C1>9.089000009345922</C1>
                  <C2>45.90000000791619</C2>
                </COORD>
                <COORD>
                  <C1>9.090000009347163</C1>
                  <C2>45.89900000791529</C2>
                </COORD>
                <COORD>
                  <C1>9.08900000934618</C1>
                  <C2>45.89900000791559</C2>
                </COORD>
                <COORD>
                  <C1>9.088000009345448</C1>
                  <C2>45.89800000791522</C2>
                </COORD>
                <COORD>
                  <C1>9.087000009344468</C1>
                  <C2>45.898000007915556</C2>
                </COORD>
                <COORD>
                  <C1>9.086000009343483</C1>
                  <C2>45.89800000791583</C2>
                </COORD>
                <COORD>
                  <C1>9.086000009343742</C1>
                  <C2>45.89700000791522</C2>
                </COORD>
                <COORD>
                  <C1>9.086000009343996</C1>
                  <C2>45.89600000791461</C2>
                </COORD>
                <COORD>
                  <C1>9.085000009343018</C1>
                  <C2>45.896000007914864</C2>
                </COORD>
                <COORD>
                  <C1>9.085000009343272</C1>
                  <C2>45.895000007914206</C2>
                </COORD>
                <COORD>
                  <C1>9.084000009342285</C1>
                  <C2>45.895000007914504</C2>
                </COORD>
                <COORD>
                  <C1>9.083000009341555</C1>
                  <C2>45.894000007914194</C2>
                </COORD>
                <COORD>
                  <C1>9.07900000933762</C1>
                  <C2>45.89400000791534</C2>
                </COORD>
                <COORD>
                  <C1>9.07900000933788</C1>
                  <C2>45.89300000791474</C2>
                </COORD>
                <COORD>
                  <C1>9.07800000933715</C1>
                  <C2>45.8920000079144</C2>
                </COORD>
                <COORD>
                  <C1>9.079000009338136</C1>
                  <C2>45.89200000791415</C2>
                </COORD>
                <COORD>
                  <C1>9.080000009339116</C1>
                  <C2>45.892000007913865</C2>
                </COORD>
                <COORD>
                  <C1>9.080000009339376</C1>
                  <C2>45.89100000791321</C2>
                </COORD>
                <COORD>
                  <C1>9.08100000934036</C1>
                  <C2>45.89100000791292</C2>
                </COORD>
                <COORD>
                  <C1>9.081000009340615</C1>
                  <C2>45.890000007912334</C2>
                </COORD>
                <COORD>
                  <C1>9.080000009339885</C1>
                  <C2>45.88900000791201</C2>
                </COORD>
                <COORD>
                  <C1>9.0790000093389</C1>
                  <C2>45.889000007912294</C2>
                </COORD>
                <COORD>
                  <C1>9.079000009339158</C1>
                  <C2>45.88800000791166</C2>
                </COORD>
                <COORD>
                  <C1>9.079000009339413</C1>
                  <C2>45.88700000791105</C2>
                </COORD>
                <COORD>
                  <C1>9.079000009339667</C1>
                  <C2>45.88600000791044</C2>
                </COORD>
                <COORD>
                  <C1>9.078000009338682</C1>
                  <C2>45.88600000791072</C2>
                </COORD>
                <COORD>
                  <C1>9.077000009337699</C1>
                  <C2>45.88600000791096</C2>
                </COORD>
                <COORD>
                  <C1>9.077000009337954</C1>
                  <C2>45.88500000791038</C2>
                </COORD>
                <COORD>
                  <C1>9.076000009336969</C1>
                  <C2>45.885000007910655</C2>
                </COORD>
                <COORD>
                  <C1>9.075000009335985</C1>
                  <C2>45.88500000791094</C2>
                </COORD>
                <COORD>
                  <C1>9.075000009336241</C1>
                  <C2>45.884000007910345</C2>
                </COORD>
                <COORD>
                  <C1>9.074000009335254</C1>
                  <C2>45.88400000791062</C2>
                </COORD>
                <COORD>
                  <C1>9.073000009334269</C1>
                  <C2>45.884000007910906</C2>
                </COORD>
                <COORD>
                  <C1>9.073000009334526</C1>
                  <C2>45.883000007910326</C2>
                </COORD>
                <COORD>
                  <C1>9.07200000933354</C1>
                  <C2>45.88300000791057</C2>
                </COORD>
                <COORD>
                  <C1>9.072000009333799</C1>
                  <C2>45.88200000790997</C2>
                </COORD>
                <COORD>
                  <C1>9.072000009334051</C1>
                  <C2>45.88100000790937</C2>
                </COORD>
                <COORD>
                  <C1>9.071000009333066</C1>
                  <C2>45.881000007909634</C2>
                </COORD>
                <COORD>
                  <C1>9.070000009332588</C1>
                  <C2>45.87900000790869</C2>
                </COORD>
                <COORD>
                  <C1>9.068000009331127</C1>
                  <C2>45.877000007908045</C2>
                </COORD>
                <COORD>
                  <C1>9.067000009329888</C1>
                  <C2>45.87800000790896</C2>
                </COORD>
                <COORD>
                  <C1>9.066000009328903</C1>
                  <C2>45.87800000790921</C2>
                </COORD>
                <COORD>
                  <C1>9.065000009327914</C1>
                  <C2>45.878000007909506</C2>
                </COORD>
                <COORD>
                  <C1>9.065000009328168</C1>
                  <C2>45.87700000790885</C2>
                </COORD>
                <COORD>
                  <C1>9.064000009327184</C1>
                  <C2>45.87700000790918</C2>
                </COORD>
                <COORD>
                  <C1>9.063000009326197</C1>
                  <C2>45.87700000790942</C2>
                </COORD>
                <COORD>
                  <C1>9.06200000932521</C1>
                  <C2>45.87700000790971</C2>
                </COORD>
                <COORD>
                  <C1>9.061000009324225</C1>
                  <C2>45.87700000791003</C2>
                </COORD>
                <COORD>
                  <C1>9.06000000932324</C1>
                  <C2>45.877000007910276</C2>
                </COORD>
                <COORD>
                  <C1>9.05900000932225</C1>
                  <C2>45.87700000791061</C2>
                </COORD>
                <COORD>
                  <C1>9.058000009321265</C1>
                  <C2>45.87700000791088</C2>
                </COORD>
                <COORD>
                  <C1>9.05700000932028</C1>
                  <C2>45.877000007911185</C2>
                </COORD>
                <COORD>
                  <C1>9.057000009320536</C1>
                  <C2>45.87600000791054</C2>
                </COORD>
                <COORD>
                  <C1>9.056000009319545</C1>
                  <C2>45.87600000791086</C2>
                </COORD>
                <COORD>
                  <C1>9.0560000093198</C1>
                  <C2>45.875000007910245</C2>
                </COORD>
                <COORD>
                  <C1>9.056000009320055</C1>
                  <C2>45.874000007909665</C2>
                </COORD>
                <COORD>
                  <C1>9.057000009321042</C1>
                  <C2>45.87400000790934</C2>
                </COORD>
                <COORD>
                  <C1>9.057000009321296</C1>
                  <C2>45.873000007908686</C2>
                </COORD>
                <COORD>
                  <C1>9.056000009320309</C1>
                  <C2>45.873000007908956</C2>
                </COORD>
                <COORD>
                  <C1>9.056000009320563</C1>
                  <C2>45.872000007908355</C2>
                </COORD>
                <COORD>
                  <C1>9.055000009319576</C1>
                  <C2>45.87200000790866</C2>
                </COORD>
                <COORD>
                  <C1>9.055000009319832</C1>
                  <C2>45.87100000790801</C2>
                </COORD>
                <COORD>
                  <C1>9.054000009318848</C1>
                  <C2>45.87100000790829</C2>
                </COORD>
                <COORD>
                  <C1>9.055000009320088</C1>
                  <C2>45.87000000790745</C2>
                </COORD>
                <COORD>
                  <C1>9.0540000093191</C1>
                  <C2>45.87000000790767</C2>
                </COORD>
                <COORD>
                  <C1>9.053000009318115</C1>
                  <C2>45.87000000790799</C2>
                </COORD>
                <COORD>
                  <C1>9.053000009318367</C1>
                  <C2>45.86900000790741</C2>
                </COORD>
                <COORD>
                  <C1>9.053000009318625</C1>
                  <C2>45.86800000790674</C2>
                </COORD>
                <COORD>
                  <C1>9.05200000931763</C1>
                  <C2>45.86800000790702</C2>
                </COORD>
                <COORD>
                  <C1>9.052000009317881</C1>
                  <C2>45.867000007906405</C2>
                </COORD>
                <COORD>
                  <C1>9.05200000931814</C1>
                  <C2>45.866000007905825</C2>
                </COORD>
                <COORD>
                  <C1>9.051000009317155</C1>
                  <C2>45.86600000790608</C2>
                </COORD>
                <COORD>
                  <C1>9.05100000931741</C1>
                  <C2>45.86500000790545</C2>
                </COORD>
                <COORD>
                  <C1>9.05000000931642</C1>
                  <C2>45.865000007905756</C2>
                </COORD>
                <COORD>
                  <C1>9.05000000931667</C1>
                  <C2>45.8640000079051</C2>
                </COORD>
                <COORD>
                  <C1>9.05000000931693</C1>
                  <C2>45.86300000790452</C2>
                </COORD>
                <COORD>
                  <C1>9.051000009317915</C1>
                  <C2>45.86300000790424</C2>
                </COORD>
                <COORD>
                  <C1>9.051000009318171</C1>
                  <C2>45.8620000079036</C2>
                </COORD>
                <COORD>
                  <C1>9.051000009318424</C1>
                  <C2>45.86100000790297</C2>
                </COORD>
                <COORD>
                  <C1>9.051000009318678</C1>
                  <C2>45.86000000790235</C2>
                </COORD>
                <COORD>
                  <C1>9.051000009318932</C1>
                  <C2>45.85900000790176</C2>
                </COORD>
                <COORD>
                  <C1>9.052000009319915</C1>
                  <C2>45.859000007901464</C2>
                </COORD>
                <COORD>
                  <C1>9.05200000932017</C1>
                  <C2>45.85800000790079</C2>
                </COORD>
                <COORD>
                  <C1>9.053000009321158</C1>
                  <C2>45.858000007900536</C2>
                </COORD>
                <COORD>
                  <C1>9.053000009321412</C1>
                  <C2>45.85700000789992</C2>
                </COORD>
                <COORD>
                  <C1>9.053000009321666</C1>
                  <C2>45.856000007899304</C2>
                </COORD>
                <COORD>
                  <C1>9.052000009320677</C1>
                  <C2>45.85600000789957</C2>
                </COORD>
                <COORD>
                  <C1>9.05100000931969</C1>
                  <C2>45.85600000789983</C2>
                </COORD>
                <COORD>
                  <C1>9.050000009318953</C1>
                  <C2>45.85500000789952</C2>
                </COORD>
                <COORD>
                  <C1>9.051000009319942</C1>
                  <C2>45.85500000789922</C2>
                </COORD>
                <COORD>
                  <C1>9.051000009320198</C1>
                  <C2>45.8540000078986</C2>
                </COORD>
                <COORD>
                  <C1>9.05000000931921</C1>
                  <C2>45.85400000789889</C2>
                </COORD>
                <COORD>
                  <C1>9.050000009319463</C1>
                  <C2>45.85300000789828</C2>
                </COORD>
                <COORD>
                  <C1>9.049000009318473</C1>
                  <C2>45.85300000789856</C2>
                </COORD>
                <COORD>
                  <C1>9.048000009317485</C1>
                  <C2>45.85300000789883</C2>
                </COORD>
                <COORD>
                  <C1>9.04800000931774</C1>
                  <C2>45.852000007898205</C2>
                </COORD>
                <COORD>
                  <C1>9.047000009316749</C1>
                  <C2>45.85200000789848</C2>
                </COORD>
                <COORD>
                  <C1>9.047000009317005</C1>
                  <C2>45.85100000789789</C2>
                </COORD>
                <COORD>
                  <C1>9.046000009316014</C1>
                  <C2>45.85100000789818</C2>
                </COORD>
                <COORD>
                  <C1>9.046000009316264</C1>
                  <C2>45.850000007897606</C2>
                </COORD>
                <COORD>
                  <C1>9.046000009316518</C1>
                  <C2>45.84900000789693</C2>
                </COORD>
                <COORD>
                  <C1>9.04500000931553</C1>
                  <C2>45.84900000789723</C2>
                </COORD>
                <COORD>
                  <C1>9.045000009315785</C1>
                  <C2>45.84800000789662</C2>
                </COORD>
                <COORD>
                  <C1>9.044000009314795</C1>
                  <C2>45.84800000789686</C2>
                </COORD>
                <COORD>
                  <C1>9.042000009312819</C1>
                  <C2>45.848000007897426</C2>
                </COORD>
                <COORD>
                  <C1>9.04100000931183</C1>
                  <C2>45.84800000789771</C2>
                </COORD>
                <COORD>
                  <C1>9.041000009312084</C1>
                  <C2>45.84700000789711</C2>
                </COORD>
                <COORD>
                  <C1>9.040000009311088</C1>
                  <C2>45.847000007897385</C2>
                </COORD>
                <COORD>
                  <C1>9.040000009311346</C1>
                  <C2>45.8460000078968</C2>
                </COORD>
                <COORD>
                  <C1>9.040000009311596</C1>
                  <C2>45.84500000789616</C2>
                </COORD>
                <COORD>
                  <C1>9.040000009311848</C1>
                  <C2>45.84400000789554</C2>
                </COORD>
                <COORD>
                  <C1>9.03900000931086</C1>
                  <C2>45.84400000789582</C2>
                </COORD>
                <COORD>
                  <C1>9.038000009309869</C1>
                  <C2>45.8440000078961</C2>
                </COORD>
                <COORD>
                  <C1>9.038000009310126</C1>
                  <C2>45.84300000789548</C2>
                </COORD>
                <COORD>
                  <C1>9.037000009309136</C1>
                  <C2>45.843000007895796</C2>
                </COORD>
                <COORD>
                  <C1>9.037000009309388</C1>
                  <C2>45.84200000789516</C2>
                </COORD>
                <COORD>
                  <C1>9.037000009309642</C1>
                  <C2>45.84100000789453</C2>
                </COORD>
                <COORD>
                  <C1>9.03700000930989</C1>
                  <C2>45.840000007893906</C2>
                </COORD>
                <COORD>
                  <C1>9.038000009310881</C1>
                  <C2>45.84000000789361</C2>
                </COORD>
                <COORD>
                  <C1>9.039000009312375</C1>
                  <C2>45.83800000789208</C2>
                </COORD>
                <COORD>
                  <C1>9.039000009312627</C1>
                  <C2>45.83700000789145</C2>
                </COORD>
                <COORD>
                  <C1>9.03700000931115</C1>
                  <C2>45.83500000789076</C2>
                </COORD>
                <COORD>
                  <C1>9.037000009311402</C1>
                  <C2>45.83400000789014</C2>
                </COORD>
                <COORD>
                  <C1>9.036000009310412</C1>
                  <C2>45.83400000789041</C2>
                </COORD>
                <COORD>
                  <C1>9.03600000931066</C1>
                  <C2>45.83300000788978</C2>
                </COORD>
                <COORD>
                  <C1>9.035000009309675</C1>
                  <C2>45.833000007890085</C2>
                </COORD>
                <COORD>
                  <C1>9.035000009309927</C1>
                  <C2>45.83200000788945</C2>
                </COORD>
                <COORD>
                  <C1>9.036000009310914</C1>
                  <C2>45.832000007889185</C2>
                </COORD>
                <COORD>
                  <C1>9.036000009311168</C1>
                  <C2>45.83100000788854</C2>
                </COORD>
                <COORD>
                  <C1>9.03500000931018</C1>
                  <C2>45.831000007888846</C2>
                </COORD>
                <COORD>
                  <C1>9.035000009310432</C1>
                  <C2>45.830000007888216</C2>
                </COORD>
                <COORD>
                  <C1>9.034000009309441</C1>
                  <C2>45.83000000788852</C2>
                </COORD>
                <COORD>
                  <C1>9.034000009309691</C1>
                  <C2>45.82900000788789</C2>
                </COORD>
                <COORD>
                  <C1>9.034000009309942</C1>
                  <C2>45.828000007887304</C2>
                </COORD>
                <COORD>
                  <C1>9.033000009308953</C1>
                  <C2>45.8280000078875</C2>
                </COORD>
                <COORD>
                  <C1>9.033000009309202</C1>
                  <C2>45.827000007886916</C2>
                </COORD>
                <COORD>
                  <C1>9.032000009308213</C1>
                  <C2>45.82700000788721</C2>
                </COORD>
                <COORD>
                  <C1>9.032000009308467</C1>
                  <C2>45.82600000788658</C2>
                </COORD>
                <COORD>
                  <C1>9.033000009309454</C1>
                  <C2>45.8260000078863</C2>
                </COORD>
                <COORD>
                  <C1>9.034000009310445</C1>
                  <C2>45.826000007886</C2>
                </COORD>
                <COORD>
                  <C1>9.034000009310695</C1>
                  <C2>45.82500000788539</C2>
                </COORD>
                <COORD>
                  <C1>9.03500000931169</C1>
                  <C2>45.825000007885095</C2>
                </COORD>
                <COORD>
                  <C1>9.036000009312673</C1>
                  <C2>45.8250000078848</C2>
                </COORD>
                <COORD>
                  <C1>9.035000009311938</C1>
                  <C2>45.82400000788447</C2>
                </COORD>
                <COORD>
                  <C1>9.034000009310947</C1>
                  <C2>45.82400000788475</C2>
                </COORD>
                <COORD>
                  <C1>9.034000009311198</C1>
                  <C2>45.82300000788409</C2>
                </COORD>
                <COORD>
                  <C1>9.033000009310209</C1>
                  <C2>45.82300000788438</C2>
                </COORD>
                <COORD>
                  <C1>9.032000009309218</C1>
                  <C2>45.82300000788469</C2>
                </COORD>
                <COORD>
                  <C1>9.03100000930823</C1>
                  <C2>45.823000007884914</C2>
                </COORD>
                <COORD>
                  <C1>9.030000009307233</C1>
                  <C2>45.82300000788523</C2>
                </COORD>
                <COORD>
                  <C1>9.029000009306245</C1>
                  <C2>45.82300000788553</C2>
                </COORD>
                <COORD>
                  <C1>9.028000009305256</C1>
                  <C2>45.82300000788584</C2>
                </COORD>
                <COORD>
                  <C1>9.027000009304013</C1>
                  <C2>45.82400000788673</C2>
                </COORD>
                <COORD>
                  <C1>9.02600000930302</C1>
                  <C2>45.82400000788704</C2>
                </COORD>
                <COORD>
                  <C1>9.025000009302035</C1>
                  <C2>45.82400000788731</C2>
                </COORD>
                <COORD>
                  <C1>9.024000009301043</C1>
                  <C2>45.824000007887605</C2>
                </COORD>
                <COORD>
                  <C1>9.023000009300052</C1>
                  <C2>45.82400000788786</C2>
                </COORD>
                <COORD>
                  <C1>9.023000009300299</C1>
                  <C2>45.82300000788728</C2>
                </COORD>
                <COORD>
                  <C1>9.023000009300553</C1>
                  <C2>45.82200000788667</C2>
                </COORD>
                <COORD>
                  <C1>9.022000009299564</C1>
                  <C2>45.82200000788696</C2>
                </COORD>
                <COORD>
                  <C1>9.020000009297831</C1>
                  <C2>45.8210000078869</C2>
                </COORD>
                <COORD>
                  <C1>9.019000009297084</C1>
                  <C2>45.820000007886506</C2>
                </COORD>
                <COORD>
                  <C1>9.018000009296093</C1>
                  <C2>45.82000000788681</C2>
                </COORD>
                <COORD>
                  <C1>9.017000009295103</C1>
                  <C2>45.82000000788709</C2>
                </COORD>
                <COORD>
                  <C1>9.016000009294109</C1>
                  <C2>45.82000000788736</C2>
                </COORD>
                <COORD>
                  <C1>9.01500000929312</C1>
                  <C2>45.820000007887664</C2>
                </COORD>
                <COORD>
                  <C1>9.014000009291879</C1>
                  <C2>45.821000007888564</C2>
                </COORD>
                <COORD>
                  <C1>9.013000009290886</C1>
                  <C2>45.82100000788886</C2>
                </COORD>
                <COORD>
                  <C1>9.012000009289892</C1>
                  <C2>45.82100000788916</C2>
                </COORD>
                <COORD>
                  <C1>9.011000009288901</C1>
                  <C2>45.82100000788942</C2>
                </COORD>
                <COORD>
                  <C1>9.011000009288653</C1>
                  <C2>45.82200000789004</C2>
                </COORD>
                <COORD>
                  <C1>9.00900000928692</C1>
                  <C2>45.821000007889985</C2>
                </COORD>
                <COORD>
                  <C1>9.007000009284685</C1>
                  <C2>45.82200000789117</C2>
                </COORD>
                <COORD>
                  <C1>9.006000009283689</C1>
                  <C2>45.82200000789148</C2>
                </COORD>
                <COORD>
                  <C1>9.0050000092827</C1>
                  <C2>45.822000007891766</C2>
                </COORD>
                <COORD>
                  <C1>9.0040000092817</C1>
                  <C2>45.82200000789202</C2>
                </COORD>
                <COORD>
                  <C1>9.004000009281452</C1>
                  <C2>45.823000007892695</C2>
                </COORD>
                <COORD>
                  <C1>9.002000009279215</C1>
                  <C2>45.82400000789386</C2>
                </COORD>
                <COORD>
                  <C1>9.001000009278224</C1>
                  <C2>45.82400000789417</C2>
                </COORD>
                <COORD>
                  <C1>9.000000009276981</C1>
                  <C2>45.82500000789508</C2>
                </COORD>
                <COORD>
                  <C1>8.998000009275245</C1>
                  <C2>45.82400000789504</C2>
                </COORD>
                <COORD>
                  <C1>8.99700000927425</C1>
                  <C2>45.82400000789528</C2>
                </COORD>
                <COORD>
                  <C1>8.995000009272266</C1>
                  <C2>45.82400000789585</C2>
                </COORD>
                <COORD>
                  <C1>8.994000009271023</C1>
                  <C2>45.82500000789679</C2>
                </COORD>
                <COORD>
                  <C1>8.995000009272015</C1>
                  <C2>45.825000007896456</C2>
                </COORD>
                <COORD>
                  <C1>8.995000009271765</C1>
                  <C2>45.82600000789711</C2>
                </COORD>
                <COORD>
                  <C1>8.996000009272759</C1>
                  <C2>45.82600000789688</C2>
                </COORD>
                <COORD>
                  <C1>8.996000009272505</C1>
                  <C2>45.82700000789747</C2>
                </COORD>
                <COORD>
                  <C1>8.995000009271513</C1>
                  <C2>45.82700000789778</C2>
                </COORD>
                <COORD>
                  <C1>8.995000009271262</C1>
                  <C2>45.82800000789838</C2>
                </COORD>
                <COORD>
                  <C1>8.996000009272258</C1>
                  <C2>45.828000007898105</C2>
                </COORD>
                <COORD>
                  <C1>8.996000009272008</C1>
                  <C2>45.829000007898735</C2>
                </COORD>
                <COORD>
                  <C1>8.996000009271755</C1>
                  <C2>45.83000000789935</C2>
                </COORD>
                <COORD>
                  <C1>8.996000009271507</C1>
                  <C2>45.831000007899995</C2>
                </COORD>
                <COORD>
                  <C1>8.9970000092725</C1>
                  <C2>45.831000007899654</C2>
                </COORD>
                <COORD>
                  <C1>8.99700000927225</C1>
                  <C2>45.83200000790029</C2>
                </COORD>
                <COORD>
                  <C1>8.997000009272</C1>
                  <C2>45.833000007900914</C2>
                </COORD>
                <COORD>
                  <C1>8.998000009272742</C1>
                  <C2>45.83400000790127</C2>
                </COORD>
                <COORD>
                  <C1>8.999000009273736</C1>
                  <C2>45.834000007900954</C2>
                </COORD>
                <COORD>
                  <C1>8.999000009273486</C1>
                  <C2>45.835000007901606</C2>
                </COORD>
                <COORD>
                  <C1>8.998000009272493</C1>
                  <C2>45.83500000790189</C2>
                </COORD>
                <COORD>
                  <C1>8.99800000927224</C1>
                  <C2>45.83600000790255</C2>
                </COORD>
                <COORD>
                  <C1>8.999000009273233</C1>
                  <C2>45.83600000790226</C2>
                </COORD>
                <COORD>
                  <C1>8.999000009272985</C1>
                  <C2>45.837000007902866</C2>
                </COORD>
                <COORD>
                  <C1>8.998000009271989</C1>
                  <C2>45.83700000790315</C2>
                </COORD>
                <COORD>
                  <C1>8.997000009271249</C1>
                  <C2>45.836000007902825</C2>
                </COORD>
                <COORD>
                  <C1>8.996000009270254</C1>
                  <C2>45.836000007903124</C2>
                </COORD>
                <COORD>
                  <C1>8.99500000926926</C1>
                  <C2>45.83600000790338</C2>
                </COORD>
                <COORD>
                  <C1>8.99400000926827</C1>
                  <C2>45.83600000790368</C2>
                </COORD>
                <COORD>
                  <C1>8.993000009267277</C1>
                  <C2>45.836000007903934</C2>
                </COORD>
                <COORD>
                  <C1>8.993000009267025</C1>
                  <C2>45.83700000790459</C2>
                </COORD>
                <COORD>
                  <C1>8.992000009266032</C1>
                  <C2>45.83700000790485</C2>
                </COORD>
                <COORD>
                  <C1>8.991000009265038</C1>
                  <C2>45.83700000790513</C2>
                </COORD>
                <COORD>
                  <C1>8.992000009265782</C1>
                  <C2>45.838000007905464</C2>
                </COORD>
                <COORD>
                  <C1>8.991000009264786</C1>
                  <C2>45.83800000790578</C2>
                </COORD>
                <COORD>
                  <C1>8.991000009264539</C1>
                  <C2>45.83900000790639</C2>
                </COORD>
                <COORD>
                  <C1>8.990000009263545</C1>
                  <C2>45.839000007906655</C2>
                </COORD>
                <COORD>
                  <C1>8.990000009263294</C1>
                  <C2>45.8400000079073</C2>
                </COORD>
                <COORD>
                  <C1>8.989000009262305</C1>
                  <C2>45.84000000790761</C2>
                </COORD>
                <COORD>
                  <C1>8.988000009261308</C1>
                  <C2>45.84000000790786</C2>
                </COORD>
                <COORD>
                  <C1>8.987000009260315</C1>
                  <C2>45.84000000790815</C2>
                </COORD>
                <COORD>
                  <C1>8.986000009259323</C1>
                  <C2>45.84000000790844</C2>
                </COORD>
                <COORD>
                  <C1>8.986000009259572</C1>
                  <C2>45.839000007907806</C2>
                </COORD>
                <COORD>
                  <C1>8.985000009258577</C1>
                  <C2>45.83900000790813</C2>
                </COORD>
                <COORD>
                  <C1>8.985000009258824</C1>
                  <C2>45.83800000790747</C2>
                </COORD>
                <COORD>
                  <C1>8.984000009257834</C1>
                  <C2>45.83800000790777</C2>
                </COORD>
                <COORD>
                  <C1>8.983000009256838</C1>
                  <C2>45.83800000790804</C2>
                </COORD>
                <COORD>
                  <C1>8.98300000925709</C1>
                  <C2>45.837000007907406</C2>
                </COORD>
                <COORD>
                  <C1>8.982000009255845</C1>
                  <C2>45.838000007908306</C2>
                </COORD>
                <COORD>
                  <C1>8.981000009254847</C1>
                  <C2>45.83800000790861</C2>
                </COORD>
                <COORD>
                  <C1>8.980000009253857</C1>
                  <C2>45.83800000790889</C2>
                </COORD>
                <COORD>
                  <C1>8.979000009252863</C1>
                  <C2>45.83800000790921</C2>
                </COORD>
                <COORD>
                  <C1>8.97900000925261</C1>
                  <C2>45.8390000079098</C2>
                </COORD>
                <COORD>
                  <C1>8.978000009251868</C1>
                  <C2>45.83800000790946</C2>
                </COORD>
                <COORD>
                  <C1>8.977000009250874</C1>
                  <C2>45.83800000790975</C2>
                </COORD>
                <COORD>
                  <C1>8.97600000924988</C1>
                  <C2>45.838000007910026</C2>
                </COORD>
                <COORD>
                  <C1>8.976000009250129</C1>
                  <C2>45.83700000790943</C2>
                </COORD>
                <COORD>
                  <C1>8.977000009251125</C1>
                  <C2>45.83700000790912</C2>
                </COORD>
                <COORD>
                  <C1>8.977000009251375</C1>
                  <C2>45.83600000790848</C2>
                </COORD>
                <COORD>
                  <C1>8.975000009249637</C1>
                  <C2>45.835000007908434</C2>
                </COORD>
                <COORD>
                  <C1>8.975000009249884</C1>
                  <C2>45.8340000079078</C2>
                </COORD>
                <COORD>
                  <C1>8.974000009248643</C1>
                  <C2>45.83500000790873</C2>
                </COORD>
                <COORD>
                  <C1>8.973000009247645</C1>
                  <C2>45.835000007909024</C2>
                </COORD>
                <COORD>
                  <C1>8.97200000924665</C1>
                  <C2>45.83500000790929</C2>
                </COORD>
                <COORD>
                  <C1>8.972000009246901</C1>
                  <C2>45.834000007908685</C2>
                </COORD>
                <COORD>
                  <C1>8.971000009245905</C1>
                  <C2>45.83400000790894</C2>
                </COORD>
                <COORD>
                  <C1>8.97000000924466</C1>
                  <C2>45.835000007909876</C2>
                </COORD>
                <COORD>
                  <C1>8.970000009244412</C1>
                  <C2>45.83600000791048</C2>
                </COORD>
                <COORD>
                  <C1>8.969000009243414</C1>
                  <C2>45.8360000079108</C2>
                </COORD>
                <COORD>
                  <C1>8.968000009242171</C1>
                  <C2>45.83700000791168</C2>
                </COORD>
                <COORD>
                  <C1>8.967000009241426</C1>
                  <C2>45.836000007911366</C2>
                </COORD>
                <COORD>
                  <C1>8.966000009240181</C1>
                  <C2>45.83700000791223</C2>
                </COORD>
                <COORD>
                  <C1>8.965000009239189</C1>
                  <C2>45.83700000791254</C2>
                </COORD>
                <COORD>
                  <C1>8.964000009237939</C1>
                  <C2>45.83800000791346</C2>
                </COORD>
                <COORD>
                  <C1>8.963000009236943</C1>
                  <C2>45.83800000791374</C2>
                </COORD>
                <COORD>
                  <C1>8.962000009235945</C1>
                  <C2>45.83800000791401</C2>
                </COORD>
                <COORD>
                  <C1>8.962000009235696</C1>
                  <C2>45.83900000791461</C2>
                </COORD>
                <COORD>
                  <C1>8.963000009236694</C1>
                  <C2>45.83900000791435</C2>
                </COORD>
                <COORD>
                  <C1>8.963000009236442</C1>
                  <C2>45.84000000791499</C2>
                </COORD>
                <COORD>
                  <C1>8.963000009236197</C1>
                  <C2>45.841000007915596</C2>
                </COORD>
                <COORD>
                  <C1>8.9620000092352</C1>
                  <C2>45.841000007915895</C2>
                </COORD>
                <COORD>
                  <C1>8.962000009234949</C1>
                  <C2>45.84200000791651</C2>
                </COORD>
                <COORD>
                  <C1>8.961000009233953</C1>
                  <C2>45.8420000079168</C2>
                </COORD>
                <COORD>
                  <C1>8.959000009231714</C1>
                  <C2>45.84300000791799</C2>
                </COORD>
                <COORD>
                  <C1>8.958000009230718</C1>
                  <C2>45.84300000791826</C2>
                </COORD>
                <COORD>
                  <C1>8.95700000922972</C1>
                  <C2>45.84300000791853</C2>
                </COORD>
                <COORD>
                  <C1>8.957000009229224</C1>
                  <C2>45.8450000079198</C2>
                </COORD>
                <COORD>
                  <C1>8.955000009227229</C1>
                  <C2>45.84500000792035</C2>
                </COORD>
                <COORD>
                  <C1>8.95500000922748</C1>
                  <C2>45.84400000791977</C2>
                </COORD>
                <COORD>
                  <C1>8.954000009226487</C1>
                  <C2>45.84400000792007</C2>
                </COORD>
                <COORD>
                  <C1>8.953000009225239</C1>
                  <C2>45.845000007920916</C2>
                </COORD>
                <COORD>
                  <C1>8.952000009224243</C1>
                  <C2>45.84500000792123</C2>
                </COORD>
                <COORD>
                  <C1>8.951000009223248</C1>
                  <C2>45.845000007921506</C2>
                </COORD>
                <COORD>
                  <C1>8.950000009222249</C1>
                  <C2>45.84500000792176</C2>
                </COORD>
                <COORD>
                  <C1>8.948000009220504</C1>
                  <C2>45.84400000792173</C2>
                </COORD>
                <COORD>
                  <C1>8.942000009214777</C1>
                  <C2>45.843000007922804</C2>
                </COORD>
                <COORD>
                  <C1>8.94100000921378</C1>
                  <C2>45.843000007923095</C2>
                </COORD>
                <COORD>
                  <C1>8.94000000921278</C1>
                  <C2>45.843000007923365</C2>
                </COORD>
                <COORD>
                  <C1>8.939000009211785</C1>
                  <C2>45.843000007923635</C2>
                </COORD>
                <COORD>
                  <C1>8.93900000921203</C1>
                  <C2>45.84200000792305</C2>
                </COORD>
                <COORD>
                  <C1>8.938000009211034</C1>
                  <C2>45.842000007923346</C2>
                </COORD>
                <COORD>
                  <C1>8.938000009211285</C1>
                  <C2>45.84100000792269</C2>
                </COORD>
                <COORD>
                  <C1>8.937000009210283</C1>
                  <C2>45.84100000792296</C2>
                </COORD>
                <COORD>
                  <C1>8.936000009209287</C1>
                  <C2>45.84100000792323</C2>
                </COORD>
                <COORD>
                  <C1>8.935000009208293</C1>
                  <C2>45.84100000792353</C2>
                </COORD>
                <COORD>
                  <C1>8.934000009207292</C1>
                  <C2>45.84100000792382</C2>
                </COORD>
                <COORD>
                  <C1>8.934000009207542</C1>
                  <C2>45.84000000792323</C2>
                </COORD>
                <COORD>
                  <C1>8.933000009206546</C1>
                  <C2>45.84000000792347</C2>
                </COORD>
                <COORD>
                  <C1>8.933000009206793</C1>
                  <C2>45.83900000792284</C2>
                </COORD>
                <COORD>
                  <C1>8.933000009207039</C1>
                  <C2>45.83800000792221</C2>
                </COORD>
                <COORD>
                  <C1>8.932000009206046</C1>
                  <C2>45.8380000079225</C2>
                </COORD>
                <COORD>
                  <C1>8.93200000920629</C1>
                  <C2>45.837000007921844</C2>
                </COORD>
                <COORD>
                  <C1>8.93100000920529</C1>
                  <C2>45.83700000792215</C2>
                </COORD>
                <COORD>
                  <C1>8.930000009204296</C1>
                  <C2>45.83700000792245</C2>
                </COORD>
                <COORD>
                  <C1>8.930000009204546</C1>
                  <C2>45.83600000792184</C2>
                </COORD>
                <COORD>
                  <C1>8.930000009204791</C1>
                  <C2>45.83500000792119</C2>
                </COORD>
                <COORD>
                  <C1>8.929000009203794</C1>
                  <C2>45.83500000792147</C2>
                </COORD>
                <COORD>
                  <C1>8.928000009202796</C1>
                  <C2>45.83500000792177</C2>
                </COORD>
                <COORD>
                  <C1>8.927000009201798</C1>
                  <C2>45.83500000792202</C2>
                </COORD>
                <COORD>
                  <C1>8.926000009200799</C1>
                  <C2>45.83500000792231</C2>
                </COORD>
                <COORD>
                  <C1>8.926000009200548</C1>
                  <C2>45.83600000792293</C2>
                </COORD>
                <COORD>
                  <C1>8.925000009199554</C1>
                  <C2>45.83600000792323</C2>
                </COORD>
                <COORD>
                  <C1>8.922000009196559</C1>
                  <C2>45.83600000792408</C2>
                </COORD>
                <COORD>
                  <C1>8.92100000919556</C1>
                  <C2>45.83600000792438</C2>
                </COORD>
                <COORD>
                  <C1>8.92000000919456</C1>
                  <C2>45.83600000792463</C2>
                </COORD>
                <COORD>
                  <C1>8.920000009194805</C1>
                  <C2>45.835000007923995</C2>
                </COORD>
                <COORD>
                  <C1>8.919000009193809</C1>
                  <C2>45.8350000079243</C2>
                </COORD>
                <COORD>
                  <C1>8.918000009192806</C1>
                  <C2>45.835000007924556</C2>
                </COORD>
                <COORD>
                  <C1>8.918000009193054</C1>
                  <C2>45.83400000792394</C2>
                </COORD>
                <COORD>
                  <C1>8.917000009192057</C1>
                  <C2>45.83400000792422</C2>
                </COORD>
                <COORD>
                  <C1>8.916000009191057</C1>
                  <C2>45.83400000792448</C2>
                </COORD>
                <COORD>
                  <C1>8.916000009191304</C1>
                  <C2>45.83300000792383</C2>
                </COORD>
                <COORD>
                  <C1>8.915000009190303</C1>
                  <C2>45.83300000792417</C2>
                </COORD>
                <COORD>
                  <C1>8.914000009189305</C1>
                  <C2>45.83300000792443</C2>
                </COORD>
                <COORD>
                  <C1>8.914000009189552</C1>
                  <C2>45.83200000792385</C2>
                </COORD>
                <COORD>
                  <C1>8.913000009188554</C1>
                  <C2>45.832000007924115</C2>
                </COORD>
                <COORD>
                  <C1>8.913000009188307</C1>
                  <C2>45.83300000792473</C2>
                </COORD>
                <COORD>
                  <C1>8.913000009188059</C1>
                  <C2>45.83400000792535</C2>
                </COORD>
                <COORD>
                  <C1>8.914000009188312</C1>
                  <C2>45.83700000792696</C2>
                </COORD>
                <COORD>
                  <C1>8.914000009187568</C1>
                  <C2>45.84000000792886</C2>
                </COORD>
                <COORD>
                  <C1>8.915000009187823</C1>
                  <C2>45.84300000793042</C2>
                </COORD>
                <COORD>
                  <C1>8.915000009187573</C1>
                  <C2>45.84400000793106</C2>
                </COORD>
                <COORD>
                  <C1>8.918000009189827</C1>
                  <C2>45.847000007932095</C2>
                </COORD>
                <COORD>
                  <C1>8.920000009191329</C1>
                  <C2>45.84900000793275</C2>
                </COORD>
                <COORD>
                  <C1>8.92200000919283</C1>
                  <C2>45.85100000793344</C2>
                </COORD>
                <COORD>
                  <C1>8.924000009194325</C1>
                  <C2>45.853000007934135</C2>
                </COORD>
                <COORD>
                  <C1>8.926000009195825</C1>
                  <C2>45.85500000793483</C2>
                </COORD>
                <COORD>
                  <C1>8.92700000919657</C1>
                  <C2>45.85600000793515</C2>
                </COORD>
                <COORD>
                  <C1>8.931000009199561</C1>
                  <C2>45.86000000793653</C2>
                </COORD>
                <COORD>
                  <C1>8.934000009201803</C1>
                  <C2>45.863000007937565</C2>
                </COORD>
                <COORD>
                  <C1>8.935000009202556</C1>
                  <C2>45.864000007937896</C2>
                </COORD>
                <COORD>
                  <C1>8.93600000920355</C1>
                  <C2>45.86400000793761</C2>
                </COORD>
                <COORD>
                  <C1>8.937000009204548</C1>
                  <C2>45.86400000793732</C2>
                </COORD>
                <COORD>
                  <C1>8.938000009205298</C1>
                  <C2>45.865000007937695</C2>
                </COORD>
                <COORD>
                  <C1>8.93900000920629</C1>
                  <C2>45.865000007937375</C2>
                </COORD>
                <COORD>
                  <C1>8.940000009207289</C1>
                  <C2>45.86500000793714</C2>
                </COORD>
                <COORD>
                  <C1>8.940000009207036</C1>
                  <C2>45.86600000793775</C2>
                </COORD>
                <COORD>
                  <C1>8.941000009208036</C1>
                  <C2>45.86600000793742</C2>
                </COORD>
                <COORD>
                  <C1>8.94200000920903</C1>
                  <C2>45.86600000793713</C2>
                </COORD>
                <COORD>
                  <C1>8.945000009211766</C1>
                  <C2>45.867000007936916</C2>
                </COORD>
                <COORD>
                  <C1>8.946000009212264</C1>
                  <C2>45.8690000079379</C2>
                </COORD>
                <COORD>
                  <C1>8.946000009212012</C1>
                  <C2>45.8700000079385</C2>
                </COORD>
                <COORD>
                  <C1>8.945000009211016</C1>
                  <C2>45.87000000793879</C2>
                </COORD>
                <COORD>
                  <C1>8.945000009210766</C1>
                  <C2>45.87100000793941</C2>
                </COORD>
                <COORD>
                  <C1>8.944000009209772</C1>
                  <C2>45.871000007939685</C2>
                </COORD>
                <COORD>
                  <C1>8.94400000920952</C1>
                  <C2>45.87200000794031</C2>
                </COORD>
                <COORD>
                  <C1>8.943000009208525</C1>
                  <C2>45.87200000794058</C2>
                </COORD>
                <COORD>
                  <C1>8.94200000920778</C1>
                  <C2>45.87100000794031</C2>
                </COORD>
                <COORD>
                  <C1>8.941000009206785</C1>
                  <C2>45.871000007940566</C2>
                </COORD>
                <COORD>
                  <C1>8.940000009206033</C1>
                  <C2>45.87000000794019</C2>
                </COORD>
                <COORD>
                  <C1>8.93900000920504</C1>
                  <C2>45.87000000794046</C2>
                </COORD>
                <COORD>
                  <C1>8.93900000920529</C1>
                  <C2>45.86900000793989</C2>
                </COORD>
                <COORD>
                  <C1>8.938000009204295</C1>
                  <C2>45.869000007940166</C2>
                </COORD>
                <COORD>
                  <C1>8.938000009204046</C1>
                  <C2>45.87000000794077</C2>
                </COORD>
                <COORD>
                  <C1>8.937000009203047</C1>
                  <C2>45.87000000794107</C2>
                </COORD>
                <COORD>
                  <C1>8.937000009202793</C1>
                  <C2>45.871000007941696</C2>
                </COORD>
                <COORD>
                  <C1>8.936000009201548</C1>
                  <C2>45.8720000079426</C2>
                </COORD>
                <COORD>
                  <C1>8.935000009200557</C1>
                  <C2>45.87200000794287</C2>
                </COORD>
                <COORD>
                  <C1>8.935000009200305</C1>
                  <C2>45.87300000794348</C2>
                </COORD>
                <COORD>
                  <C1>8.936000009201045</C1>
                  <C2>45.87400000794382</C2>
                </COORD>
                <COORD>
                  <C1>8.936000009200798</C1>
                  <C2>45.87500000794447</C2>
                </COORD>
                <COORD>
                  <C1>8.935000009199802</C1>
                  <C2>45.87500000794472</C2>
                </COORD>
                <COORD>
                  <C1>8.935000009199552</C1>
                  <C2>45.87600000794536</C2>
                </COORD>
                <COORD>
                  <C1>8.934000009198554</C1>
                  <C2>45.876000007945635</C2>
                </COORD>
                <COORD>
                  <C1>8.934000009198302</C1>
                  <C2>45.87700000794626</C2>
                </COORD>
                <COORD>
                  <C1>8.934000009198051</C1>
                  <C2>45.8780000079469</C2>
                </COORD>
                <COORD>
                  <C1>8.934000009197803</C1>
                  <C2>45.87900000794753</C2>
                </COORD>
                <COORD>
                  <C1>8.934000009197549</C1>
                  <C2>45.880000007948134</C2>
                </COORD>
                <COORD>
                  <C1>8.935000009198548</C1>
                  <C2>45.88000000794786</C2>
                </COORD>
                <COORD>
                  <C1>8.934000009197302</C1>
                  <C2>45.88100000794879</C2>
                </COORD>
                <COORD>
                  <C1>8.934000009197048</C1>
                  <C2>45.88200000794937</C2>
                </COORD>
                <COORD>
                  <C1>8.934000009196799</C1>
                  <C2>45.883000007949995</C2>
                </COORD>
                <COORD>
                  <C1>8.93300000919555</C1>
                  <C2>45.88400000795086</C2>
                </COORD>
                <COORD>
                  <C1>8.933000009195053</C1>
                  <C2>45.88600000795219</C2>
                </COORD>
                <COORD>
                  <C1>8.933000009194549</C1>
                  <C2>45.888000007953366</C2>
                </COORD>
                <COORD>
                  <C1>8.932000009193303</C1>
                  <C2>45.889000007954294</C2>
                </COORD>
                <COORD>
                  <C1>8.931000009192053</C1>
                  <C2>45.89000000795518</C2>
                </COORD>
                <COORD>
                  <C1>8.931000009191806</C1>
                  <C2>45.891000007955824</C2>
                </COORD>
                <COORD>
                  <C1>8.930000009190554</C1>
                  <C2>45.89200000795673</C2>
                </COORD>
                <COORD>
                  <C1>8.929000009189306</C1>
                  <C2>45.893000007957625</C2>
                </COORD>
                <COORD>
                  <C1>8.92900000918906</C1>
                  <C2>45.89400000795823</C2>
                </COORD>
                <COORD>
                  <C1>8.928000009188063</C1>
                  <C2>45.894000007958525</C2>
                </COORD>
                <COORD>
                  <C1>8.925000009185073</C1>
                  <C2>45.894000007959335</C2>
                </COORD>
                <COORD>
                  <C1>8.92400000918332</C1>
                  <C2>45.897000007961516</C2>
                </COORD>
                <COORD>
                  <C1>8.923000009182323</C1>
                  <C2>45.89700000796178</C2>
                </COORD>
                <COORD>
                  <C1>8.923000009182072</C1>
                  <C2>45.89800000796244</C2>
                </COORD>
                <COORD>
                  <C1>8.924000009182814</C1>
                  <C2>45.89900000796279</C2>
                </COORD>
                <COORD>
                  <C1>8.92500000918331</C1>
                  <C2>45.90100000796371</C2>
                </COORD>
                <COORD>
                  <C1>8.926000009183804</C1>
                  <C2>45.90300000796465</C2>
                </COORD>
                <COORD>
                  <C1>8.926000009183555</C1>
                  <C2>45.90400000796528</C2>
                </COORD>
                <COORD>
                  <C1>8.926000009183303</C1>
                  <C2>45.90500000796588</C2>
                </COORD>
                <COORD>
                  <C1>8.925000009181801</C1>
                  <C2>45.907000007967405</C2>
                </COORD>
                <COORD>
                  <C1>8.92500000918155</C1>
                  <C2>45.90800000796799</C2>
                </COORD>
                <COORD>
                  <C1>8.924000009180558</C1>
                  <C2>45.90800000796835</C2>
                </COORD>
                <COORD>
                  <C1>8.923000009179306</C1>
                  <C2>45.909000007969226</C2>
                </COORD>
                <COORD>
                  <C1>8.92300000917906</C1>
                  <C2>45.91000000796984</C2>
                </COORD>
                <COORD>
                  <C1>8.92200000917806</C1>
                  <C2>45.91000000797011</C2>
                </COORD>
                <COORD>
                  <C1>8.921000009176808</C1>
                  <C2>45.91100000797103</C2>
                </COORD>
                <COORD>
                  <C1>8.921000009176558</C1>
                  <C2>45.912000007971635</C2>
                </COORD>
                <COORD>
                  <C1>8.918000009172813</C1>
                  <C2>45.91500000797433</C2>
                </COORD>
                <COORD>
                  <C1>8.915000009168558</C1>
                  <C2>45.920000007978274</C2>
                </COORD>
                <COORD>
                  <C1>8.914000009167818</C1>
                  <C2>45.91900000797794</C2>
                </COORD>
                <COORD>
                  <C1>8.912000009165824</C1>
                  <C2>45.919000007978475</C2>
                </COORD>
                <COORD>
                  <C1>8.911000009164827</C1>
                  <C2>45.91900000797876</C2>
                </COORD>
                <COORD>
                  <C1>8.90900000916258</C1>
                  <C2>45.92000000797995</C2>
                </COORD>
                <COORD>
                  <C1>8.905000009157584</C1>
                  <C2>45.92400000798359</C2>
                </COORD>
                <COORD>
                  <C1>8.90400000915634</C1>
                  <C2>45.92500000798448</C2>
                </COORD>
                <COORD>
                  <C1>8.903000009155084</C1>
                  <C2>45.92600000798535</C2>
                </COORD>
                <COORD>
                  <C1>8.902000009154087</C1>
                  <C2>45.92600000798563</C2>
                </COORD>
                <COORD>
                  <C1>8.900000009151842</C1>
                  <C2>45.927000007986855</C2>
                </COORD>
                <COORD>
                  <C1>8.899000009150594</C1>
                  <C2>45.92800000798778</C2>
                </COORD>
                <COORD>
                  <C1>8.898000009149593</C1>
                  <C2>45.928000007988054</C2>
                </COORD>
                <COORD>
                  <C1>8.897000009148345</C1>
                  <C2>45.92900000798891</C2>
                </COORD>
                <COORD>
                  <C1>8.89700000914809</C1>
                  <C2>45.93000000798953</C2>
                </COORD>
                <COORD>
                  <C1>8.896000009146842</C1>
                  <C2>45.931000007990434</C2>
                </COORD>
                <COORD>
                  <C1>8.89400000914434</C1>
                  <C2>45.933000007992206</C2>
                </COORD>
                <COORD>
                  <C1>8.894000009144088</C1>
                  <C2>45.93400000799279</C2>
                </COORD>
                <COORD>
                  <C1>8.894000009143836</C1>
                  <C2>45.93500000799343</C2>
                </COORD>
                <COORD>
                  <C1>8.894000009143582</C1>
                  <C2>45.93600000799408</C2>
                </COORD>
                <COORD>
                  <C1>8.894000009143333</C1>
                  <C2>45.93700000799472</C2>
                </COORD>
                <COORD>
                  <C1>8.894000009143081</C1>
                  <C2>45.9380000079953</C2>
                </COORD>
                <COORD>
                  <C1>8.895000009143827</C1>
                  <C2>45.93900000799563</C2>
                </COORD>
                <COORD>
                  <C1>8.895000009143573</C1>
                  <C2>45.94000000799624</C2>
                </COORD>
                <COORD>
                  <C1>8.896000009144323</C1>
                  <C2>45.94100000799661</C2>
                </COORD>
                <COORD>
                  <C1>8.89600000914407</C1>
                  <C2>45.94200000799721</C2>
                </COORD>
                <COORD>
                  <C1>8.897000009144813</C1>
                  <C2>45.94300000799752</C2>
                </COORD>
                <COORD>
                  <C1>8.898000009145811</C1>
                  <C2>45.943000007997234</C2>
                </COORD>
                <COORD>
                  <C1>8.8990000091463</C1>
                  <C2>45.9450000079982</C2>
                </COORD>
                <COORD>
                  <C1>8.89900000914605</C1>
                  <C2>45.946000007998784</C2>
                </COORD>
                <COORD>
                  <C1>8.900000009146796</C1>
                  <C2>45.94700000799913</C2>
                </COORD>
                <COORD>
                  <C1>8.900000009146543</C1>
                  <C2>45.94800000799973</C2>
                </COORD>
                <COORD>
                  <C1>8.900000009146291</C1>
                  <C2>45.94900000800035</C2>
                </COORD>
                <COORD>
                  <C1>8.899000009144789</C1>
                  <C2>45.951000008001856</C2>
                </COORD>
                <COORD>
                  <C1>8.898000009143532</C1>
                  <C2>45.952000008002734</C2>
                </COORD>
                <COORD>
                  <C1>8.898000009143281</C1>
                  <C2>45.953000008003386</C2>
                </COORD>
                <COORD>
                  <C1>8.898000009143031</C1>
                  <C2>45.95400000800396</C2>
                </COORD>
                <COORD>
                  <C1>8.898000009142777</C1>
                  <C2>45.9550000080046</C2>
                </COORD>
                <COORD>
                  <C1>8.898000009142525</C1>
                  <C2>45.95600000800519</C2>
                </COORD>
                <COORD>
                  <C1>8.89800000914227</C1>
                  <C2>45.95700000800585</C2>
                </COORD>
                <COORD>
                  <C1>8.89600000913977</C1>
                  <C2>45.959000008007614</C2>
                </COORD>
                <COORD>
                  <C1>8.895000009138267</C1>
                  <C2>45.96100000800914</C2>
                </COORD>
                <COORD>
                  <C1>8.888000009131792</C1>
                  <C2>45.95900000800988</C2>
                </COORD>
                <COORD>
                  <C1>8.885000009128795</C1>
                  <C2>45.95900000801076</C2>
                </COORD>
                <COORD>
                  <C1>8.88100000912481</C1>
                  <C2>45.95900000801188</C2>
                </COORD>
                <COORD>
                  <C1>8.879000009123065</C1>
                  <C2>45.9580000080118</C2>
                </COORD>
                <COORD>
                  <C1>8.87900000912281</C1>
                  <C2>45.959000008012396</C2>
                </COORD>
                <COORD>
                  <C1>8.877000009120561</C1>
                  <C2>45.960000008013616</C2>
                </COORD>
                <COORD>
                  <C1>8.876000009119313</C1>
                  <C2>45.96100000801451</C2>
                </COORD>
                <COORD>
                  <C1>8.87500000911831</C1>
                  <C2>45.961000008014786</C2>
                </COORD>
                <COORD>
                  <C1>8.874000009117312</C1>
                  <C2>45.96100000801505</C2>
                </COORD>
                <COORD>
                  <C1>8.873000009116314</C1>
                  <C2>45.96100000801535</C2>
                </COORD>
                <COORD>
                  <C1>8.873000009116065</C1>
                  <C2>45.962000008015984</C2>
                </COORD>
                <COORD>
                  <C1>8.872000009115062</C1>
                  <C2>45.96200000801623</C2>
                </COORD>
                <COORD>
                  <C1>8.871000009114066</C1>
                  <C2>45.96200000801653</C2>
                </COORD>
                <COORD>
                  <C1>8.870000009113067</C1>
                  <C2>45.962000008016794</C2>
                </COORD>
                <COORD>
                  <C1>8.869000009111817</C1>
                  <C2>45.9630000080177</C2>
                </COORD>
                <COORD>
                  <C1>8.86800000911031</C1>
                  <C2>45.9650000080192</C2>
                </COORD>
                <COORD>
                  <C1>8.867000009109312</C1>
                  <C2>45.96500000801951</C2>
                </COORD>
                <COORD>
                  <C1>8.86700000910906</C1>
                  <C2>45.966000008020075</C2>
                </COORD>
                <COORD>
                  <C1>8.866000009107808</C1>
                  <C2>45.96700000802098</C2>
                </COORD>
                <COORD>
                  <C1>8.86500000910681</C1>
                  <C2>45.96700000802127</C2>
                </COORD>
                <COORD>
                  <C1>8.864000009105807</C1>
                  <C2>45.96700000802158</C2>
                </COORD>
                <COORD>
                  <C1>8.863000009104805</C1>
                  <C2>45.967000008021834</C2>
                </COORD>
                <COORD>
                  <C1>8.862000009103557</C1>
                  <C2>45.96800000802276</C2>
                </COORD>
                <COORD>
                  <C1>8.861000009102556</C1>
                  <C2>45.96800000802301</C2>
                </COORD>
                <COORD>
                  <C1>8.860000009101306</C1>
                  <C2>45.96900000802391</C2>
                </COORD>
                <COORD>
                  <C1>8.859000009100304</C1>
                  <C2>45.969000008024196</C2>
                </COORD>
                <COORD>
                  <C1>8.859000009100054</C1>
                  <C2>45.97000000802482</C2>
                </COORD>
                <COORD>
                  <C1>8.858000009099054</C1>
                  <C2>45.97000000802507</C2>
                </COORD>
                <COORD>
                  <C1>8.857000009097804</C1>
                  <C2>45.97100000802596</C2>
                </COORD>
                <COORD>
                  <C1>8.856000009096803</C1>
                  <C2>45.971000008026266</C2>
                </COORD>
                <COORD>
                  <C1>8.856000009096551</C1>
                  <C2>45.972000008026875</C2>
                </COORD>
                <COORD>
                  <C1>8.85500000909555</C1>
                  <C2>45.97200000802716</C2>
                </COORD>
                <COORD>
                  <C1>8.855000009095296</C1>
                  <C2>45.97300000802779</C2>
                </COORD>
                <COORD>
                  <C1>8.854000009094296</C1>
                  <C2>45.973000008028045</C2>
                </COORD>
                <COORD>
                  <C1>8.853000009093044</C1>
                  <C2>45.974000008028916</C2>
                </COORD>
                <COORD>
                  <C1>8.852000009092045</C1>
                  <C2>45.974000008029215</C2>
                </COORD>
                <COORD>
                  <C1>8.851000009091045</C1>
                  <C2>45.9740000080295</C2>
                </COORD>
                <COORD>
                  <C1>8.851000009090795</C1>
                  <C2>45.97500000803011</C2>
                </COORD>
                <COORD>
                  <C1>8.850000009089792</C1>
                  <C2>45.975000008030406</C2>
                </COORD>
                <COORD>
                  <C1>8.850000009089541</C1>
                  <C2>45.976000008031036</C2>
                </COORD>
                <COORD>
                  <C1>8.84900000908854</C1>
                  <C2>45.97600000803129</C2>
                </COORD>
                <COORD>
                  <C1>8.849000009088288</C1>
                  <C2>45.97700000803192</C2>
                </COORD>
                <COORD>
                  <C1>8.848000009087034</C1>
                  <C2>45.97800000803278</C2>
                </COORD>
                <COORD>
                  <C1>8.847000009086031</C1>
                  <C2>45.978000008033064</C2>
                </COORD>
                <COORD>
                  <C1>8.84700000908578</C1>
                  <C2>45.97900000803368</C2>
                </COORD>
                <COORD>
                  <C1>8.846000009084785</C1>
                  <C2>45.97900000803394</C2>
                </COORD>
                <COORD>
                  <C1>8.845000009083783</C1>
                  <C2>45.97900000803426</C2>
                </COORD>
                <COORD>
                  <C1>8.845000009083531</C1>
                  <C2>45.980000008034864</C2>
                </COORD>
                <COORD>
                  <C1>8.84400000908253</C1>
                  <C2>45.980000008035155</C2>
                </COORD>
                <COORD>
                  <C1>8.844000009082277</C1>
                  <C2>45.98100000803575</C2>
                </COORD>
                <COORD>
                  <C1>8.844000009082022</C1>
                  <C2>45.982000008036366</C2>
                </COORD>
                <COORD>
                  <C1>8.844000009081773</C1>
                  <C2>45.98300000803696</C2>
                </COORD>
                <COORD>
                  <C1>8.841000009078767</C1>
                  <C2>45.9830000080378</C2>
                </COORD>
                <COORD>
                  <C1>8.841000009078515</C1>
                  <C2>45.984000008038436</C2>
                </COORD>
                <COORD>
                  <C1>8.841000009078265</C1>
                  <C2>45.985000008039044</C2>
                </COORD>
                <COORD>
                  <C1>8.841000009078014</C1>
                  <C2>45.98600000803965</C2>
                </COORD>
                <COORD>
                  <C1>8.84000000907701</C1>
                  <C2>45.98600000803992</C2>
                </COORD>
                <COORD>
                  <C1>8.83900000907601</C1>
                  <C2>45.986000008040186</C2>
                </COORD>
                <COORD>
                  <C1>8.838000009075008</C1>
                  <C2>45.98600000804047</C2>
                </COORD>
                <COORD>
                  <C1>8.83700000907401</C1>
                  <C2>45.98600000804077</C2>
                </COORD>
                <COORD>
                  <C1>8.837000009073755</C1>
                  <C2>45.98700000804138</C2>
                </COORD>
                <COORD>
                  <C1>8.836000009072754</C1>
                  <C2>45.98700000804168</C2>
                </COORD>
                <COORD>
                  <C1>8.835000009071756</C1>
                  <C2>45.98700000804193</C2>
                </COORD>
                <COORD>
                  <C1>8.835000009071502</C1>
                  <C2>45.98800000804256</C2>
                </COORD>
                <COORD>
                  <C1>8.834000009070504</C1>
                  <C2>45.988000008042825</C2>
                </COORD>
                <COORD>
                  <C1>8.83400000907025</C1>
                  <C2>45.989000008043455</C2>
                </COORD>
                <COORD>
                  <C1>8.833000009069252</C1>
                  <C2>45.98900000804372</C2>
                </COORD>
                <COORD>
                  <C1>8.833000009068998</C1>
                  <C2>45.990000008044355</C2>
                </COORD>
                <COORD>
                  <C1>8.832000009067995</C1>
                  <C2>45.990000008044625</C2>
                </COORD>
                <COORD>
                  <C1>8.831000009066994</C1>
                  <C2>45.9900000080449</C2>
                </COORD>
                <COORD>
                  <C1>8.830000009066248</C1>
                  <C2>45.98900000804456</C2>
                </COORD>
                <COORD>
                  <C1>8.829000009065245</C1>
                  <C2>45.98900000804487</C2>
                </COORD>
                <COORD>
                  <C1>8.828000009064246</C1>
                  <C2>45.98900000804512</C2>
                </COORD>
                <COORD>
                  <C1>8.827000009063243</C1>
                  <C2>45.98900000804541</C2>
                </COORD>
                <COORD>
                  <C1>8.827000009062992</C1>
                  <C2>45.990000008046025</C2>
                </COORD>
                <COORD>
                  <C1>8.826000009061985</C1>
                  <C2>45.99000000804631</C2>
                </COORD>
                <COORD>
                  <C1>8.825000009060984</C1>
                  <C2>45.9900000080466</C2>
                </COORD>
                <COORD>
                  <C1>8.82500000906124</C1>
                  <C2>45.98900000804596</C2>
                </COORD>
                <COORD>
                  <C1>8.823000009059236</C1>
                  <C2>45.989000008046496</C2>
                </COORD>
                <COORD>
                  <C1>8.821000009057233</C1>
                  <C2>45.9890000080471</C2>
                </COORD>
                <COORD>
                  <C1>8.82000000905598</C1>
                  <C2>45.99000000804798</C2>
                </COORD>
                <COORD>
                  <C1>8.819000009054976</C1>
                  <C2>45.99000000804827</C2>
                </COORD>
                <COORD>
                  <C1>8.818000009053975</C1>
                  <C2>45.99000000804854</C2>
                </COORD>
                <COORD>
                  <C1>8.81700000905272</C1>
                  <C2>45.991000008049475</C2>
                </COORD>
                <COORD>
                  <C1>8.816000009051717</C1>
                  <C2>45.991000008049724</C2>
                </COORD>
                <COORD>
                  <C1>8.816000009051466</C1>
                  <C2>45.99200000805035</C2>
                </COORD>
                <COORD>
                  <C1>8.815000009050465</C1>
                  <C2>45.992000008050624</C2>
                </COORD>
                <COORD>
                  <C1>8.815000009050213</C1>
                  <C2>45.99300000805123</C2>
                </COORD>
                <COORD>
                  <C1>8.814000009049456</C1>
                  <C2>45.99200000805091</C2>
                </COORD>
                <COORD>
                  <C1>8.813000009048459</C1>
                  <C2>45.99200000805118</C2>
                </COORD>
                <COORD>
                  <C1>8.812000009047452</C1>
                  <C2>45.99200000805145</C2>
                </COORD>
                <COORD>
                  <C1>8.811000009046449</C1>
                  <C2>45.992000008051726</C2>
                </COORD>
                <COORD>
                  <C1>8.810000009045451</C1>
                  <C2>45.99200000805204</C2>
                </COORD>
                <COORD>
                  <C1>8.80900000904445</C1>
                  <C2>45.992000008052315</C2>
                </COORD>
                <COORD>
                  <C1>8.808000009043194</C1>
                  <C2>45.99300000805316</C2>
                </COORD>
                <COORD>
                  <C1>8.807000009042191</C1>
                  <C2>45.993000008053485</C2>
                </COORD>
                <COORD>
                  <C1>8.806000009041188</C1>
                  <C2>45.99300000805376</C2>
                </COORD>
                <COORD>
                  <C1>8.804000009039182</C1>
                  <C2>45.993000008054295</C2>
                </COORD>
                <COORD>
                  <C1>8.80300000903818</C1>
                  <C2>45.99300000805459</C2>
                </COORD>
                <COORD>
                  <C1>8.802000009037174</C1>
                  <C2>45.99300000805487</C2>
                </COORD>
                <COORD>
                  <C1>8.80100000903617</C1>
                  <C2>45.993000008055134</C2>
                </COORD>
                <COORD>
                  <C1>8.800000009035172</C1>
                  <C2>45.99300000805543</C2>
                </COORD>
                <COORD>
                  <C1>8.799000009033909</C1>
                  <C2>45.994000008056325</C2>
                </COORD>
                <COORD>
                  <C1>8.79700000903191</C1>
                  <C2>45.9940000080569</C2>
                </COORD>
                <COORD>
                  <C1>8.795000009029897</C1>
                  <C2>45.994000008057434</C2>
                </COORD>
                <COORD>
                  <C1>8.794000009028894</C1>
                  <C2>45.994000008057725</C2>
                </COORD>
                <COORD>
                  <C1>8.79300000902814</C1>
                  <C2>45.993000008057386</C2>
                </COORD>
                <COORD>
                  <C1>8.794000009029398</C1>
                  <C2>45.992000008056536</C2>
                </COORD>
                <COORD>
                  <C1>8.79400000902965</C1>
                  <C2>45.99100000805592</C2>
                </COORD>
                <COORD>
                  <C1>8.793000009028646</C1>
                  <C2>45.99100000805615</C2>
                </COORD>
                <COORD>
                  <C1>8.79200000902764</C1>
                  <C2>45.99100000805644</C2>
                </COORD>
                <COORD>
                  <C1>8.792000009027891</C1>
                  <C2>45.99000000805586</C2>
                </COORD>
                <COORD>
                  <C1>8.791000009026888</C1>
                  <C2>45.99000000805611</C2>
                </COORD>
                <COORD>
                  <C1>8.78900000902463</C1>
                  <C2>45.991000008057284</C2>
                </COORD>
                <COORD>
                  <C1>8.787000009022622</C1>
                  <C2>45.99100000805786</C2>
                </COORD>
                <COORD>
                  <C1>8.78800000902312</C1>
                  <C2>45.99300000805879</C2>
                </COORD>
                <COORD>
                  <C1>8.790000009024125</C1>
                  <C2>45.99700000806066</C2>
                </COORD>
                <COORD>
                  <C1>8.790000009023872</C1>
                  <C2>45.99800000806129</C2>
                </COORD>
                <COORD>
                  <C1>8.791000009024124</C1>
                  <C2>46.00100000806283</C2>
                </COORD>
                <COORD>
                  <C1>8.79100000902387</C1>
                  <C2>46.00200000806347</C2>
                </COORD>
                <COORD>
                  <C1>8.793000009024865</C1>
                  <C2>46.00600000806533</C2>
                </COORD>
                <COORD>
                  <C1>8.793000009024363</C1>
                  <C2>46.00800000806653</C2>
                </COORD>
                <COORD>
                  <C1>8.794000009024863</C1>
                  <C2>46.01000000806745</C2>
                </COORD>
                <COORD>
                  <C1>8.795000009025614</C1>
                  <C2>46.011000008067796</C2>
                </COORD>
                <COORD>
                  <C1>8.796000009026363</C1>
                  <C2>46.01200000806808</C2>
                </COORD>
                <COORD>
                  <C1>8.798000009028119</C1>
                  <C2>46.013000008068154</C2>
                </COORD>
                <COORD>
                  <C1>8.798000009027865</C1>
                  <C2>46.01400000806875</C2>
                </COORD>
                <COORD>
                  <C1>8.80100000903037</C1>
                  <C2>46.016000008069135</C2>
                </COORD>
                <COORD>
                  <C1>8.804000009032618</C1>
                  <C2>46.019000008070115</C2>
                </COORD>
                <COORD>
                  <C1>8.805000009033364</C1>
                  <C2>46.02000000807044</C2>
                </COORD>
                <COORD>
                  <C1>8.805000009033115</C1>
                  <C2>46.02100000807104</C2>
                </COORD>
                <COORD>
                  <C1>8.806000009034115</C1>
                  <C2>46.02100000807078</C2>
                </COORD>
                <COORD>
                  <C1>8.806000009033859</C1>
                  <C2>46.02200000807137</C2>
                </COORD>
                <COORD>
                  <C1>8.807000009034356</C1>
                  <C2>46.024000008072285</C2>
                </COORD>
                <COORD>
                  <C1>8.809000009036358</C1>
                  <C2>46.0240000080717</C2>
                </COORD>
                <COORD>
                  <C1>8.811000009038112</C1>
                  <C2>46.02500000807179</C2>
                </COORD>
                <COORD>
                  <C1>8.813000009040111</C1>
                  <C2>46.02500000807123</C2>
                </COORD>
                <COORD>
                  <C1>8.816000009042861</C1>
                  <C2>46.026000008071</C2>
                </COORD>
                <COORD>
                  <C1>8.819000009045615</C1>
                  <C2>46.02700000807075</C2>
                </COORD>
                <COORD>
                  <C1>8.820000009046613</C1>
                  <C2>46.02700000807046</C2>
                </COORD>
                <COORD>
                  <C1>8.821000009047614</C1>
                  <C2>46.02700000807018</C2>
                </COORD>
                <COORD>
                  <C1>8.823000009049107</C1>
                  <C2>46.02900000807084</C2>
                </COORD>
                <COORD>
                  <C1>8.8250000090506</C1>
                  <C2>46.031000008071494</C2>
                </COORD>
                <COORD>
                  <C1>8.826000009051347</C1>
                  <C2>46.03200000807176</C2>
                </COORD>
                <COORD>
                  <C1>8.828000009052836</C1>
                  <C2>46.03400000807243</C2>
                </COORD>
                <COORD>
                  <C1>8.829000009053326</C1>
                  <C2>46.03600000807338</C2>
                </COORD>
                <COORD>
                  <C1>8.830000009053304</C1>
                  <C2>46.040000008075495</C2>
                </COORD>
                <COORD>
                  <C1>8.831000009053795</C1>
                  <C2>46.0420000080764</C2>
                </COORD>
                <COORD>
                  <C1>8.831000009053541</C1>
                  <C2>46.043000008077016</C2>
                </COORD>
                <COORD>
                  <C1>8.834000009056796</C1>
                  <C2>46.04200000807557</C2>
                </COORD>
                <COORD>
                  <C1>8.837000009058764</C1>
                  <C2>46.04600000807715</C2>
                </COORD>
                <COORD>
                  <C1>8.836000009057768</C1>
                  <C2>46.0460000080774</C2>
                </COORD>
                <COORD>
                  <C1>8.835000009056772</C1>
                  <C2>46.04600000807769</C2>
                </COORD>
                <COORD>
                  <C1>8.834000009055517</C1>
                  <C2>46.0470000080786</C2>
                </COORD>
                <COORD>
                  <C1>8.83300000905452</C1>
                  <C2>46.0470000080789</C2>
                </COORD>
                <COORD>
                  <C1>8.833000009054263</C1>
                  <C2>46.04800000807946</C2>
                </COORD>
                <COORD>
                  <C1>8.832000009053262</C1>
                  <C2>46.048000008079725</C2>
                </COORD>
                <COORD>
                  <C1>8.831000009052264</C1>
                  <C2>46.048000008080024</C2>
                </COORD>
                <COORD>
                  <C1>8.830000009051263</C1>
                  <C2>46.048000008080315</C2>
                </COORD>
                <COORD>
                  <C1>8.832000009053006</C1>
                  <C2>46.04900000808038</C2>
                </COORD>
                <COORD>
                  <C1>8.834000009054494</C1>
                  <C2>46.051000008081004</C2>
                </COORD>
                <COORD>
                  <C1>8.83600000905598</C1>
                  <C2>46.05300000808164</C2>
                </COORD>
                <COORD>
                  <C1>8.83800000905823</C1>
                  <C2>46.05200000808047</C2>
                </COORD>
                <COORD>
                  <C1>8.844000009064477</C1>
                  <C2>46.05100000807815</C2>
                </COORD>
                <COORD>
                  <C1>8.845000009065728</C1>
                  <C2>46.050000008077255</C2>
                </COORD>
                <COORD>
                  <C1>8.847000009067214</C1>
                  <C2>46.05200000807791</C2>
                </COORD>
                <COORD>
                  <C1>8.852000009070409</C1>
                  <C2>46.05900000808071</C2>
                </COORD>
                <COORD>
                  <C1>8.856000009073368</C1>
                  <C2>46.063000008082</C2>
                </COORD>
                <COORD>
                  <C1>8.855000009070574</C1>
                  <C2>46.070000008086446</C2>
                </COORD>
                <COORD>
                  <C1>8.854000009068288</C1>
                  <C2>46.07500000808975</C2>
                </COORD>
                <COORD>
                  <C1>8.853000009066776</C1>
                  <C2>46.07700000809122</C2>
                </COORD>
                <COORD>
                  <C1>8.851000009064787</C1>
                  <C2>46.0770000080918</C2>
                </COORD>
                <COORD>
                  <C1>8.849000009062536</C1>
                  <C2>46.07800000809295</C2>
                </COORD>
                <COORD>
                  <C1>8.848000009061538</C1>
                  <C2>46.078000008093234</C2>
                </COORD>
                <COORD>
                  <C1>8.84700000906028</C1>
                  <C2>46.079000008094134</C2>
                </COORD>
                <COORD>
                  <C1>8.84600000905929</C1>
                  <C2>46.07900000809437</C2>
                </COORD>
                <COORD>
                  <C1>8.846000009059027</C1>
                  <C2>46.08000000809502</C2>
                </COORD>
                <COORD>
                  <C1>8.845000009058031</C1>
                  <C2>46.08000000809526</C2>
                </COORD>
                <COORD>
                  <C1>8.845000009057772</C1>
                  <C2>46.081000008095884</C2>
                </COORD>
                <COORD>
                  <C1>8.84400000905678</C1>
                  <C2>46.081000008096204</C2>
                </COORD>
                <COORD>
                  <C1>8.84400000905652</C1>
                  <C2>46.082000008096756</C2>
                </COORD>
                <COORD>
                  <C1>8.842000009054527</C1>
                  <C2>46.082000008097346</C2>
                </COORD>
                <COORD>
                  <C1>8.842000009054269</C1>
                  <C2>46.08300000809795</C2>
                </COORD>
                <COORD>
                  <C1>8.841000009053273</C1>
                  <C2>46.08300000809824</C2>
                </COORD>
                <COORD>
                  <C1>8.840000009052273</C1>
                  <C2>46.083000008098516</C2>
                </COORD>
                <COORD>
                  <C1>8.839000009051276</C1>
                  <C2>46.08300000809879</C2>
                </COORD>
                <COORD>
                  <C1>8.838000009050278</C1>
                  <C2>46.08300000809906</C2>
                </COORD>
                <COORD>
                  <C1>8.837000009049026</C1>
                  <C2>46.08400000809994</C2>
                </COORD>
                <COORD>
                  <C1>8.83600000904803</C1>
                  <C2>46.084000008100226</C2>
                </COORD>
                <COORD>
                  <C1>8.835000009046773</C1>
                  <C2>46.085000008101105</C2>
                </COORD>
                <COORD>
                  <C1>8.834000009045777</C1>
                  <C2>46.085000008101375</C2>
                </COORD>
                <COORD>
                  <C1>8.830000009041017</C1>
                  <C2>46.08800000810429</C2>
                </COORD>
                <COORD>
                  <C1>8.828000009038243</C1>
                  <C2>46.09100000810669</C2>
                </COORD>
                <COORD>
                  <C1>8.827000009037247</C1>
                  <C2>46.09100000810697</C2>
                </COORD>
                <COORD>
                  <C1>8.82600000903625</C1>
                  <C2>46.091000008107265</C2>
                </COORD>
                <COORD>
                  <C1>8.825000009035252</C1>
                  <C2>46.09100000810749</C2>
                </COORD>
                <COORD>
                  <C1>8.825000009034994</C1>
                  <C2>46.09200000810813</C2>
                </COORD>
                <COORD>
                  <C1>8.824000009033997</C1>
                  <C2>46.09200000810843</C2>
                </COORD>
                <COORD>
                  <C1>8.824000009033739</C1>
                  <C2>46.09300000810896</C2>
                </COORD>
                <COORD>
                  <C1>8.823000009032741</C1>
                  <C2>46.093000008109286</C2>
                </COORD>
                <COORD>
                  <C1>8.823000009032485</C1>
                  <C2>46.09400000810988</C2>
                </COORD>
                <COORD>
                  <C1>8.823000009032226</C1>
                  <C2>46.09500000811048</C2>
                </COORD>
                <COORD>
                  <C1>8.822000009031223</C1>
                  <C2>46.09500000811074</C2>
                </COORD>
                <COORD>
                  <C1>8.821000009030232</C1>
                  <C2>46.09500000811105</C2>
                </COORD>
                <COORD>
                  <C1>8.821000009029973</C1>
                  <C2>46.096000008111616</C2>
                </COORD>
                <COORD>
                  <C1>8.820000009028973</C1>
                  <C2>46.09600000811192</C2>
                </COORD>
                <COORD>
                  <C1>8.819000009027977</C1>
                  <C2>46.0960000081122</C2>
                </COORD>
                <COORD>
                  <C1>8.819000009027718</C1>
                  <C2>46.09700000811278</C2>
                </COORD>
                <COORD>
                  <C1>8.818000009026719</C1>
                  <C2>46.09700000811305</C2>
                </COORD>
                <COORD>
                  <C1>8.81700000902572</C1>
                  <C2>46.097000008113355</C2>
                </COORD>
                <COORD>
                  <C1>8.817000009025463</C1>
                  <C2>46.09800000811394</C2>
                </COORD>
                <COORD>
                  <C1>8.817000009025207</C1>
                  <C2>46.09900000811453</C2>
                </COORD>
                <COORD>
                  <C1>8.816000009024208</C1>
                  <C2>46.09900000811481</C2>
                </COORD>
                <COORD>
                  <C1>8.815000009022949</C1>
                  <C2>46.100000008115714</C2>
                </COORD>
                <COORD>
                  <C1>8.813000009020698</C1>
                  <C2>46.10100000811688</C2>
                </COORD>
                <COORD>
                  <C1>8.807000009014189</C1>
                  <C2>46.10300000811976</C2>
                </COORD>
                <COORD>
                  <C1>8.806000009013703</C1>
                  <C2>46.10100000811884</C2>
                </COORD>
                <COORD>
                  <C1>8.803000009011221</C1>
                  <C2>46.09900000811849</C2>
                </COORD>
                <COORD>
                  <C1>8.802000009010477</C1>
                  <C2>46.09800000811819</C2>
                </COORD>
                <COORD>
                  <C1>8.80100000900999</C1>
                  <C2>46.09600000811728</C2>
                </COORD>
                <COORD>
                  <C1>8.797000009005734</C1>
                  <C2>46.09700000811897</C2>
                </COORD>
                <COORD>
                  <C1>8.79300000900173</C1>
                  <C2>46.097000008120105</C2>
                </COORD>
                <COORD>
                  <C1>8.78900000899799</C1>
                  <C2>46.096000008120676</C2>
                </COORD>
                <COORD>
                  <C1>8.784000008992985</C1>
                  <C2>46.09600000812207</C2>
                </COORD>
                <COORD>
                  <C1>8.783000008991982</C1>
                  <C2>46.0960000081223</C2>
                </COORD>
                <COORD>
                  <C1>8.782000008990725</C1>
                  <C2>46.09700000812318</C2>
                </COORD>
                <COORD>
                  <C1>8.779000008987463</C1>
                  <C2>46.098000008124664</C2>
                </COORD>
                <COORD>
                  <C1>8.778000008986462</C1>
                  <C2>46.098000008124934</C2>
                </COORD>
                <COORD>
                  <C1>8.777000008985201</C1>
                  <C2>46.099000008125834</C2>
                </COORD>
                <COORD>
                  <C1>8.776000008984203</C1>
                  <C2>46.09900000812608</C2>
                </COORD>
                <COORD>
                  <C1>8.775000008982945</C1>
                  <C2>46.100000008126976</C2>
                </COORD>
                <COORD>
                  <C1>8.77400000898194</C1>
                  <C2>46.10000000812726</C2>
                </COORD>
                <COORD>
                  <C1>8.773000008980686</C1>
                  <C2>46.10100000812815</C2>
                </COORD>
                <COORD>
                  <C1>8.772000008979683</C1>
                  <C2>46.10100000812844</C2>
                </COORD>
                <COORD>
                  <C1>8.771000008978682</C1>
                  <C2>46.10100000812871</C2>
                </COORD>
                <COORD>
                  <C1>8.771000008978422</C1>
                  <C2>46.102000008129316</C2>
                </COORD>
                <COORD>
                  <C1>8.770000008977423</C1>
                  <C2>46.10200000812955</C2>
                </COORD>
                <COORD>
                  <C1>8.769000008976164</C1>
                  <C2>46.10300000813041</C2>
                </COORD>
                <COORD>
                  <C1>8.769000008976423</C1>
                  <C2>46.102000008129835</C2>
                </COORD>
                <COORD>
                  <C1>8.768000008975417</C1>
                  <C2>46.10200000813015</C2>
                </COORD>
                <COORD>
                  <C1>8.76700000897441</C1>
                  <C2>46.102000008130396</C2>
                </COORD>
                <COORD>
                  <C1>8.766000008973412</C1>
                  <C2>46.10200000813068</C2>
                </COORD>
                <COORD>
                  <C1>8.76600000897316</C1>
                  <C2>46.10300000813133</C2>
                </COORD>
                <COORD>
                  <C1>8.765000008972155</C1>
                  <C2>46.1030000081316</C2>
                </COORD>
                <COORD>
                  <C1>8.764000008971154</C1>
                  <C2>46.10300000813187</C2>
                </COORD>
                <COORD>
                  <C1>8.76300000897015</C1>
                  <C2>46.103000008132135</C2>
                </COORD>
                <COORD>
                  <C1>8.762000008969148</C1>
                  <C2>46.1030000081324</C2>
                </COORD>
                <COORD>
                  <C1>8.761000008968145</C1>
                  <C2>46.10300000813269</C2>
                </COORD>
                <COORD>
                  <C1>8.761000008967885</C1>
                  <C2>46.10400000813331</C2>
                </COORD>
                <COORD>
                  <C1>8.760000008966882</C1>
                  <C2>46.10400000813354</C2>
                </COORD>
                <COORD>
                  <C1>8.760000008966632</C1>
                  <C2>46.105000008134155</C2>
                </COORD>
                <COORD>
                  <C1>8.75900000896563</C1>
                  <C2>46.10500000813446</C2>
                </COORD>
                <COORD>
                  <C1>8.758000008964624</C1>
                  <C2>46.10500000813473</C2>
                </COORD>
                <COORD>
                  <C1>8.757000008963113</C1>
                  <C2>46.1070000081362</C2>
                </COORD>
                <COORD>
                  <C1>8.744000008945719</C1>
                  <C2>46.12400000814995</C2>
                </COORD>
                <COORD>
                  <C1>8.739000008941217</C1>
                  <C2>46.1220000081502</C2>
                </COORD>
                <COORD>
                  <C1>8.728000008932208</C1>
                  <C2>46.114000008148516</C2>
                </COORD>
                <COORD>
                  <C1>8.725000008929703</C1>
                  <C2>46.112000008148144</C2>
                </COORD>
                <COORD>
                  <C1>8.721000008927208</C1>
                  <C2>46.106000008145685</C2>
                </COORD>
                <COORD>
                  <C1>8.718000008924953</C1>
                  <C2>46.10300000814473</C2>
                </COORD>
                <COORD>
                  <C1>8.71500000892295</C1>
                  <C2>46.09900000814317</C2>
                </COORD>
                <COORD>
                  <C1>8.698000008904565</C1>
                  <C2>46.1040000081509</C2>
                </COORD>
                <COORD>
                  <C1>8.697000008903553</C1>
                  <C2>46.10400000815119</C2>
                </COORD>
                <COORD>
                  <C1>8.696000008902546</C1>
                  <C2>46.104000008151424</C2>
                </COORD>
                <COORD>
                  <C1>8.696000008902802</C1>
                  <C2>46.10300000815087</C2>
                </COORD>
                <COORD>
                  <C1>8.695000008901795</C1>
                  <C2>46.10300000815114</C2>
                </COORD>
                <COORD>
                  <C1>8.694000008900533</C1>
                  <C2>46.10400000815203</C2>
                </COORD>
                <COORD>
                  <C1>8.693000008899523</C1>
                  <C2>46.1040000081523</C2>
                </COORD>
                <COORD>
                  <C1>8.692000008898516</C1>
                  <C2>46.10400000815257</C2>
                </COORD>
                <COORD>
                  <C1>8.69100000889751</C1>
                  <C2>46.10400000815286</C2>
                </COORD>
                <COORD>
                  <C1>8.690000008896755</C1>
                  <C2>46.103000008152556</C2>
                </COORD>
                <COORD>
                  <C1>8.690000008896499</C1>
                  <C2>46.104000008153164</C2>
                </COORD>
                <COORD>
                  <C1>8.68900000889549</C1>
                  <C2>46.10400000815342</C2>
                </COORD>
                <COORD>
                  <C1>8.688000008894482</C1>
                  <C2>46.10400000815369</C2>
                </COORD>
                <COORD>
                  <C1>8.687000008893474</C1>
                  <C2>46.10400000815397</C2>
                </COORD>
                <COORD>
                  <C1>8.686000008892211</C1>
                  <C2>46.105000008154825</C2>
                </COORD>
                <COORD>
                  <C1>8.68500000889095</C1>
                  <C2>46.1060000081557</C2>
                </COORD>
                <COORD>
                  <C1>8.68400000888994</C1>
                  <C2>46.10600000815597</C2>
                </COORD>
                <COORD>
                  <C1>8.684000008889685</C1>
                  <C2>46.10700000815659</C2>
                </COORD>
                <COORD>
                  <C1>8.683000008888678</C1>
                  <C2>46.10700000815685</C2>
                </COORD>
                <COORD>
                  <C1>8.683000008888426</C1>
                  <C2>46.10800000815745</C2>
                </COORD>
                <COORD>
                  <C1>8.682000008887416</C1>
                  <C2>46.10800000815773</C2>
                </COORD>
                <COORD>
                  <C1>8.682000008887165</C1>
                  <C2>46.10900000815834</C2>
                </COORD>
                <COORD>
                  <C1>8.682000008886911</C1>
                  <C2>46.110000008158934</C2>
                </COORD>
                <COORD>
                  <C1>8.682000008886657</C1>
                  <C2>46.111000008159536</C2>
                </COORD>
                <COORD>
                  <C1>8.681000008885396</C1>
                  <C2>46.1120000081604</C2>
                </COORD>
                <COORD>
                  <C1>8.679000008883381</C1>
                  <C2>46.11200000816094</C2>
                </COORD>
                <COORD>
                  <C1>8.678000008882371</C1>
                  <C2>46.112000008161246</C2>
                </COORD>
                <COORD>
                  <C1>8.677000008881363</C1>
                  <C2>46.11200000816151</C2>
                </COORD>
                <COORD>
                  <C1>8.676000008880354</C1>
                  <C2>46.112000008161786</C2>
                </COORD>
                <COORD>
                  <C1>8.675000008879344</C1>
                  <C2>46.11200000816211</C2>
                </COORD>
                <COORD>
                  <C1>8.673000008877576</C1>
                  <C2>46.11100000816205</C2>
                </COORD>
                <COORD>
                  <C1>8.672000008876568</C1>
                  <C2>46.11100000816228</C2>
                </COORD>
                <COORD>
                  <C1>8.67100000887556</C1>
                  <C2>46.111000008162584</C2>
                </COORD>
                <COORD>
                  <C1>8.67000000887455</C1>
                  <C2>46.11100000816287</C2>
                </COORD>
                <COORD>
                  <C1>8.669000008873542</C1>
                  <C2>46.11100000816316</C2>
                </COORD>
                <COORD>
                  <C1>8.669000008873287</C1>
                  <C2>46.112000008163754</C2>
                </COORD>
                <COORD>
                  <C1>8.668000008872273</C1>
                  <C2>46.11200000816403</C2>
                </COORD>
                <COORD>
                  <C1>8.66600000887026</C1>
                  <C2>46.11200000816457</C2>
                </COORD>
                <COORD>
                  <C1>8.666000008870006</C1>
                  <C2>46.11300000816518</C2>
                </COORD>
                <COORD>
                  <C1>8.665000008868994</C1>
                  <C2>46.11300000816548</C2>
                </COORD>
                <COORD>
                  <C1>8.661000008864699</C1>
                  <C2>46.11400000816714</C2>
                </COORD>
                <COORD>
                  <C1>8.65900000886268</C1>
                  <C2>46.114000008167686</C2>
                </COORD>
                <COORD>
                  <C1>8.658000008861164</C1>
                  <C2>46.11600000816922</C2>
                </COORD>
                <COORD>
                  <C1>8.65800000886091</C1>
                  <C2>46.117000008169775</C2>
                </COORD>
                <COORD>
                  <C1>8.657000008859649</C1>
                  <C2>46.11800000817067</C2>
                </COORD>
                <COORD>
                  <C1>8.65600000885864</C1>
                  <C2>46.118000008170924</C2>
                </COORD>
                <COORD>
                  <C1>8.655000008857376</C1>
                  <C2>46.119000008171795</C2>
                </COORD>
                <COORD>
                  <C1>8.655000008857122</C1>
                  <C2>46.120000008172404</C2>
                </COORD>
                <COORD>
                  <C1>8.654000008855858</C1>
                  <C2>46.12100000817327</C2>
                </COORD>
                <COORD>
                  <C1>8.653000008854852</C1>
                  <C2>46.12100000817354</C2>
                </COORD>
                <COORD>
                  <C1>8.6530000088546</C1>
                  <C2>46.12200000817418</C2>
                </COORD>
                <COORD>
                  <C1>8.652000008853587</C1>
                  <C2>46.12200000817443</C2>
                </COORD>
                <COORD>
                  <C1>8.651000008852323</C1>
                  <C2>46.12300000817528</C2>
                </COORD>
                <COORD>
                  <C1>8.650000008851318</C1>
                  <C2>46.12300000817556</C2>
                </COORD>
                <COORD>
                  <C1>8.649000008850047</C1>
                  <C2>46.12400000817644</C2>
                </COORD>
                <COORD>
                  <C1>8.649000008849793</C1>
                  <C2>46.12500000817704</C2>
                </COORD>
                <COORD>
                  <C1>8.648000008848785</C1>
                  <C2>46.12500000817736</C2>
                </COORD>
                <COORD>
                  <C1>8.647000008847773</C1>
                  <C2>46.1250000081776</C2>
                </COORD>
                <COORD>
                  <C1>8.647000008847524</C1>
                  <C2>46.126000008178195</C2>
                </COORD>
                <COORD>
                  <C1>8.646000008846762</C1>
                  <C2>46.12500000817787</C2>
                </COORD>
                <COORD>
                  <C1>8.645000008845754</C1>
                  <C2>46.125000008178155</C2>
                </COORD>
                <COORD>
                  <C1>8.644000008844742</C1>
                  <C2>46.125000008178446</C2>
                </COORD>
                <COORD>
                  <C1>8.64300000884373</C1>
                  <C2>46.12500000817871</C2>
                </COORD>
                <COORD>
                  <C1>8.642000008842718</C1>
                  <C2>46.12500000817896</C2>
                </COORD>
                <COORD>
                  <C1>8.641000008841708</C1>
                  <C2>46.125000008179256</C2>
                </COORD>
                <COORD>
                  <C1>8.641000008841962</C1>
                  <C2>46.12400000817867</C2>
                </COORD>
                <COORD>
                  <C1>8.640000008840698</C1>
                  <C2>46.12500000817951</C2>
                </COORD>
                <COORD>
                  <C1>8.640000008840948</C1>
                  <C2>46.124000008178946</C2>
                </COORD>
                <COORD>
                  <C1>8.638000008838926</C1>
                  <C2>46.12400000817949</C2>
                </COORD>
                <COORD>
                  <C1>8.63700000883791</C1>
                  <C2>46.12400000817974</C2>
                </COORD>
                <COORD>
                  <C1>8.636000008836902</C1>
                  <C2>46.12400000818004</C2>
                </COORD>
                <COORD>
                  <C1>8.63500000883589</C1>
                  <C2>46.12400000818031</C2>
                </COORD>
                <COORD>
                  <C1>8.634000008834876</C1>
                  <C2>46.12400000818061</C2>
                </COORD>
                <COORD>
                  <C1>8.63300000883387</C1>
                  <C2>46.124000008180886</C2>
                </COORD>
                <COORD>
                  <C1>8.632000008832856</C1>
                  <C2>46.12400000818112</C2>
                </COORD>
                <COORD>
                  <C1>8.631000008831846</C1>
                  <C2>46.12400000818145</C2>
                </COORD>
                <COORD>
                  <C1>8.630000008830832</C1>
                  <C2>46.1240000081817</C2>
                </COORD>
                <COORD>
                  <C1>8.629000008829818</C1>
                  <C2>46.12400000818202</C2>
                </COORD>
                <COORD>
                  <C1>8.629000008829566</C1>
                  <C2>46.1250000081826</C2>
                </COORD>
                <COORD>
                  <C1>8.628000008828552</C1>
                  <C2>46.12500000818286</C2>
                </COORD>
                <COORD>
                  <C1>8.628000008828808</C1>
                  <C2>46.12400000818228</C2>
                </COORD>
                <COORD>
                  <C1>8.627000008827792</C1>
                  <C2>46.12400000818254</C2>
                </COORD>
                <COORD>
                  <C1>8.626000008826779</C1>
                  <C2>46.1240000081828</C2>
                </COORD>
                <COORD>
                  <C1>8.62500000882577</C1>
                  <C2>46.12400000818311</C2>
                </COORD>
                <COORD>
                  <C1>8.624000008824758</C1>
                  <C2>46.12400000818334</C2>
                </COORD>
                <COORD>
                  <C1>8.623000008823743</C1>
                  <C2>46.12400000818367</C2>
                </COORD>
                <COORD>
                  <C1>8.622000008822729</C1>
                  <C2>46.1240000081839</C2>
                </COORD>
                <COORD>
                  <C1>8.622000008822983</C1>
                  <C2>46.12300000818333</C2>
                </COORD>
                <COORD>
                  <C1>8.62100000882197</C1>
                  <C2>46.123000008183645</C2>
                </COORD>
                <COORD>
                  <C1>8.620000008820956</C1>
                  <C2>46.12300000818387</C2>
                </COORD>
                <COORD>
                  <C1>8.61900000881994</C1>
                  <C2>46.123000008184135</C2>
                </COORD>
                <COORD>
                  <C1>8.619000008819691</C1>
                  <C2>46.124000008184765</C2>
                </COORD>
                <COORD>
                  <C1>8.618000008818678</C1>
                  <C2>46.124000008185014</C2>
                </COORD>
                <COORD>
                  <C1>8.617000008817667</C1>
                  <C2>46.124000008185284</C2>
                </COORD>
                <COORD>
                  <C1>8.616000008816652</C1>
                  <C2>46.12400000818555</C2>
                </COORD>
                <COORD>
                  <C1>8.616000008816908</C1>
                  <C2>46.12300000818498</C2>
                </COORD>
                <COORD>
                  <C1>8.615000008815638</C1>
                  <C2>46.12400000818583</C2>
                </COORD>
                <COORD>
                  <C1>8.615000008815894</C1>
                  <C2>46.123000008185215</C2>
                </COORD>
                <COORD>
                  <C1>8.614000008814878</C1>
                  <C2>46.12300000818551</C2>
                </COORD>
                <COORD>
                  <C1>8.614000008814628</C1>
                  <C2>46.12400000818612</C2>
                </COORD>
                <COORD>
                  <C1>8.613000008813863</C1>
                  <C2>46.12300000818581</C2>
                </COORD>
                <COORD>
                  <C1>8.613000008813612</C1>
                  <C2>46.12400000818641</C2>
                </COORD>
                <COORD>
                  <C1>8.61300000881336</C1>
                  <C2>46.12500000818699</C2>
                </COORD>
                <COORD>
                  <C1>8.613000008813108</C1>
                  <C2>46.12600000818758</C2>
                </COORD>
                <COORD>
                  <C1>8.612000008812094</C1>
                  <C2>46.126000008187845</C2>
                </COORD>
                <COORD>
                  <C1>8.612000008811842</C1>
                  <C2>46.12700000818843</C2>
                </COORD>
                <COORD>
                  <C1>8.61100000881058</C1>
                  <C2>46.12800000818931</C2>
                </COORD>
                <COORD>
                  <C1>8.611000008810331</C1>
                  <C2>46.129000008189934</C2>
                </COORD>
                <COORD>
                  <C1>8.611000008810077</C1>
                  <C2>46.13000000819056</C2>
                </COORD>
                <COORD>
                  <C1>8.61200000881109</C1>
                  <C2>46.13000000819024</C2>
                </COORD>
                <COORD>
                  <C1>8.611000008809826</C1>
                  <C2>46.13100000819113</C2>
                </COORD>
                <COORD>
                  <C1>8.61100000880957</C1>
                  <C2>46.132000008191724</C2>
                </COORD>
                <COORD>
                  <C1>8.612000008810586</C1>
                  <C2>46.13200000819143</C2>
                </COORD>
                <COORD>
                  <C1>8.612000008810332</C1>
                  <C2>46.133000008192035</C2>
                </COORD>
                <COORD>
                  <C1>8.611000008809324</C1>
                  <C2>46.133000008192326</C2>
                </COORD>
                <COORD>
                  <C1>8.612000008810083</C1>
                  <C2>46.13400000819264</C2>
                </COORD>
                <COORD>
                  <C1>8.61100000880907</C1>
                  <C2>46.13400000819291</C2>
                </COORD>
                <COORD>
                  <C1>8.611000008808816</C1>
                  <C2>46.13500000819351</C2>
                </COORD>
                <COORD>
                  <C1>8.610000008807804</C1>
                  <C2>46.1350000081938</C2>
                </COORD>
                <COORD>
                  <C1>8.609000008806792</C1>
                  <C2>46.135000008194055</C2>
                </COORD>
                <COORD>
                  <C1>8.609000008806536</C1>
                  <C2>46.136000008194635</C2>
                </COORD>
                <COORD>
                  <C1>8.608000008805522</C1>
                  <C2>46.13600000819494</C2>
                </COORD>
                <COORD>
                  <C1>8.607000008804508</C1>
                  <C2>46.1360000081952</C2>
                </COORD>
                <COORD>
                  <C1>8.606000008803248</C1>
                  <C2>46.13700000819606</C2>
                </COORD>
                <COORD>
                  <C1>8.605000008802229</C1>
                  <C2>46.137000008196324</C2>
                </COORD>
                <COORD>
                  <C1>8.605000008801978</C1>
                  <C2>46.13800000819692</C2>
                </COORD>
                <COORD>
                  <C1>8.604000008800964</C1>
                  <C2>46.13800000819724</C2>
                </COORD>
                <COORD>
                  <C1>8.604000008800714</C1>
                  <C2>46.139000008197776</C2>
                </COORD>
                <COORD>
                  <C1>8.60400000880046</C1>
                  <C2>46.14000000819838</C2>
                </COORD>
                <COORD>
                  <C1>8.603000008799448</C1>
                  <C2>46.14000000819869</C2>
                </COORD>
                <COORD>
                  <C1>8.603000008799196</C1>
                  <C2>46.14100000819925</C2>
                </COORD>
                <COORD>
                  <C1>8.602000008798182</C1>
                  <C2>46.14100000819953</C2>
                </COORD>
                <COORD>
                  <C1>8.60100000879717</C1>
                  <C2>46.14100000819982</C2>
                </COORD>
                <COORD>
                  <C1>8.601000008796916</C1>
                  <C2>46.14200000820043</C2>
                </COORD>
                <COORD>
                  <C1>8.600000008795902</C1>
                  <C2>46.14200000820069</C2>
                </COORD>
                <COORD>
                  <C1>8.599000008794889</C1>
                  <C2>46.14200000820097</C2>
                </COORD>
                <COORD>
                  <C1>8.599000008794638</C1>
                  <C2>46.14300000820156</C2>
                </COORD>
                <COORD>
                  <C1>8.598000008793624</C1>
                  <C2>46.14300000820182</C2>
                </COORD>
                <COORD>
                  <C1>8.598000008793374</C1>
                  <C2>46.14400000820244</C2>
                </COORD>
                <COORD>
                  <C1>8.597000008792357</C1>
                  <C2>46.1440000082027</C2>
                </COORD>
                <COORD>
                  <C1>8.597000008792104</C1>
                  <C2>46.14500000820332</C2>
                </COORD>
                <COORD>
                  <C1>8.59600000879109</C1>
                  <C2>46.145000008203574</C2>
                </COORD>
                <COORD>
                  <C1>8.595000008790075</C1>
                  <C2>46.14500000820385</C2>
                </COORD>
                <COORD>
                  <C1>8.594000008789065</C1>
                  <C2>46.14500000820412</C2>
                </COORD>
                <COORD>
                  <C1>8.594000008788809</C1>
                  <C2>46.14600000820471</C2>
                </COORD>
                <COORD>
                  <C1>8.594000008788559</C1>
                  <C2>46.147000008205296</C2>
                </COORD>
                <COORD>
                  <C1>8.594000008788308</C1>
                  <C2>46.14800000820592</C2>
                </COORD>
                <COORD>
                  <C1>8.59500000878932</C1>
                  <C2>46.148000008205614</C2>
                </COORD>
                <COORD>
                  <C1>8.595000008789068</C1>
                  <C2>46.149000008206194</C2>
                </COORD>
                <COORD>
                  <C1>8.596000008790083</C1>
                  <C2>46.14900000820594</C2>
                </COORD>
                <COORD>
                  <C1>8.597000008791094</C1>
                  <C2>46.14900000820567</C2>
                </COORD>
                <COORD>
                  <C1>8.597000008790843</C1>
                  <C2>46.150000008206256</C2>
                </COORD>
                <COORD>
                  <C1>8.598000008791857</C1>
                  <C2>46.150000008206</C2>
                </COORD>
                <COORD>
                  <C1>8.598000008791606</C1>
                  <C2>46.15100000820659</C2>
                </COORD>
                <COORD>
                  <C1>8.599000008792622</C1>
                  <C2>46.15100000820631</C2>
                </COORD>
                <COORD>
                  <C1>8.600000008793636</C1>
                  <C2>46.151000008206026</C2>
                </COORD>
                <COORD>
                  <C1>8.601000008794646</C1>
                  <C2>46.15100000820579</C2>
                </COORD>
                <COORD>
                  <C1>8.601000008794395</C1>
                  <C2>46.152000008206336</C2>
                </COORD>
                <COORD>
                  <C1>8.601000008794145</C1>
                  <C2>46.15300000820691</C2>
                </COORD>
                <COORD>
                  <C1>8.601000008793891</C1>
                  <C2>46.15400000820753</C2>
                </COORD>
                <COORD>
                  <C1>8.601000008793637</C1>
                  <C2>46.15500000820814</C2>
                </COORD>
                <COORD>
                  <C1>8.60200000879465</C1>
                  <C2>46.155000008207885</C2>
                </COORD>
                <COORD>
                  <C1>8.6020000087944</C1>
                  <C2>46.156000008208466</C2>
                </COORD>
                <COORD>
                  <C1>8.60300000879541</C1>
                  <C2>46.15600000820816</C2>
                </COORD>
                <COORD>
                  <C1>8.604000008796676</C1>
                  <C2>46.15500000820732</C2>
                </COORD>
                <COORD>
                  <C1>8.605000008797688</C1>
                  <C2>46.15500000820703</C2>
                </COORD>
                <COORD>
                  <C1>8.605000008797436</C1>
                  <C2>46.156000008207585</C2>
                </COORD>
                <COORD>
                  <C1>8.604000008796424</C1>
                  <C2>46.1560000082079</C2>
                </COORD>
                <COORD>
                  <C1>8.605000008797184</C1>
                  <C2>46.15700000820821</C2>
                </COORD>
                <COORD>
                  <C1>8.60400000879617</C1>
                  <C2>46.15700000820851</C2>
                </COORD>
                <COORD>
                  <C1>8.603000008795158</C1>
                  <C2>46.15700000820875</C2>
                </COORD>
                <COORD>
                  <C1>8.602000008794144</C1>
                  <C2>46.157000008209025</C2>
                </COORD>
                <COORD>
                  <C1>8.601000008792882</C1>
                  <C2>46.158000008209896</C2>
                </COORD>
                <COORD>
                  <C1>8.598000008789837</C1>
                  <C2>46.15800000821074</C2>
                </COORD>
                <COORD>
                  <C1>8.597000008788823</C1>
                  <C2>46.158000008211005</C2>
                </COORD>
                <COORD>
                  <C1>8.596000008788065</C1>
                  <C2>46.15700000821069</C2>
                </COORD>
                <COORD>
                  <C1>8.59600000878781</C1>
                  <C2>46.158000008211246</C2>
                </COORD>
                <COORD>
                  <C1>8.595000008786794</C1>
                  <C2>46.15800000821156</C2>
                </COORD>
                <COORD>
                  <C1>8.59300000878477</C1>
                  <C2>46.1580000082121</C2>
                </COORD>
                <COORD>
                  <C1>8.59200000878376</C1>
                  <C2>46.158000008212376</C2>
                </COORD>
                <COORD>
                  <C1>8.592000008783506</C1>
                  <C2>46.15900000821297</C2>
                </COORD>
                <COORD>
                  <C1>8.59100000878249</C1>
                  <C2>46.159000008213226</C2>
                </COORD>
                <COORD>
                  <C1>8.590000008781727</C1>
                  <C2>46.158000008212944</C2>
                </COORD>
                <COORD>
                  <C1>8.589000008780715</C1>
                  <C2>46.15800000821319</C2>
                </COORD>
                <COORD>
                  <C1>8.589000008780461</C1>
                  <C2>46.15900000821381</C2>
                </COORD>
                <COORD>
                  <C1>8.589000008780209</C1>
                  <C2>46.16000000821437</C2>
                </COORD>
                <COORD>
                  <C1>8.590000008781224</C1>
                  <C2>46.16000000821408</C2>
                </COORD>
                <COORD>
                  <C1>8.59000000878097</C1>
                  <C2>46.16100000821468</C2>
                </COORD>
                <COORD>
                  <C1>8.589000008779955</C1>
                  <C2>46.16100000821498</C2>
                </COORD>
                <COORD>
                  <C1>8.589000008779704</C1>
                  <C2>46.162000008215564</C2>
                </COORD>
                <COORD>
                  <C1>8.589000008779452</C1>
                  <C2>46.163000008216166</C2>
                </COORD>
                <COORD>
                  <C1>8.588000008778433</C1>
                  <C2>46.16300000821646</C2>
                </COORD>
                <COORD>
                  <C1>8.58700000877717</C1>
                  <C2>46.1640000082173</C2>
                </COORD>
                <COORD>
                  <C1>8.586000008776157</C1>
                  <C2>46.16400000821755</C2>
                </COORD>
                <COORD>
                  <C1>8.585000008774891</C1>
                  <C2>46.16500000821846</C2>
                </COORD>
                <COORD>
                  <C1>8.584000008774128</C1>
                  <C2>46.164000008218125</C2>
                </COORD>
                <COORD>
                  <C1>8.583000008773114</C1>
                  <C2>46.16400000821843</C2>
                </COORD>
                <COORD>
                  <C1>8.582000008772098</C1>
                  <C2>46.16400000821868</C2>
                </COORD>
                <COORD>
                  <C1>8.581000008771083</C1>
                  <C2>46.16400000821897</C2>
                </COORD>
                <COORD>
                  <C1>8.580000008770325</C1>
                  <C2>46.163000008218646</C2>
                </COORD>
                <COORD>
                  <C1>8.579000008769306</C1>
                  <C2>46.16300000821893</C2>
                </COORD>
                <COORD>
                  <C1>8.579000008769054</C1>
                  <C2>46.16400000821952</C2>
                </COORD>
                <COORD>
                  <C1>8.57800000876804</C1>
                  <C2>46.164000008219766</C2>
                </COORD>
                <COORD>
                  <C1>8.577000008766776</C1>
                  <C2>46.16500000822063</C2>
                </COORD>
                <COORD>
                  <C1>8.576000008765506</C1>
                  <C2>46.166000008221545</C2>
                </COORD>
                <COORD>
                  <C1>8.575000008764492</C1>
                  <C2>46.16600000822178</C2>
                </COORD>
                <COORD>
                  <C1>8.574000008763223</C1>
                  <C2>46.16700000822263</C2>
                </COORD>
                <COORD>
                  <C1>8.574000008762974</C1>
                  <C2>46.16800000822325</C2>
                </COORD>
                <COORD>
                  <C1>8.573000008761703</C1>
                  <C2>46.16900000822409</C2>
                </COORD>
                <COORD>
                  <C1>8.57100000875715</C1>
                  <C2>46.1790000082306</C2>
                </COORD>
                <COORD>
                  <C1>8.565000008749797</C1>
                  <C2>46.18400000823517</C2>
                </COORD>
                <COORD>
                  <C1>8.565000008749545</C1>
                  <C2>46.185000008235754</C2>
                </COORD>
                <COORD>
                  <C1>8.565000008749289</C1>
                  <C2>46.18600000823632</C2>
                </COORD>
                <COORD>
                  <C1>8.564000008748275</C1>
                  <C2>46.186000008236576</C2>
                </COORD>
                <COORD>
                  <C1>8.563000008747261</C1>
                  <C2>46.18600000823685</C2>
                </COORD>
                <COORD>
                  <C1>8.559000008742949</C1>
                  <C2>46.18700000823856</C2>
                </COORD>
                <COORD>
                  <C1>8.558000008741931</C1>
                  <C2>46.18700000823883</C2>
                </COORD>
                <COORD>
                  <C1>8.557000008740914</C1>
                  <C2>46.18700000823911</C2>
                </COORD>
                <COORD>
                  <C1>8.557000008740658</C1>
                  <C2>46.18800000823972</C2>
                </COORD>
                <COORD>
                  <C1>8.556000008739645</C1>
                  <C2>46.18800000824</C2>
                </COORD>
                <COORD>
                  <C1>8.556000008739392</C1>
                  <C2>46.18900000824057</C2>
                </COORD>
                <COORD>
                  <C1>8.55600000873914</C1>
                  <C2>46.190000008241185</C2>
                </COORD>
                <COORD>
                  <C1>8.555000008737874</C1>
                  <C2>46.19100000824202</C2>
                </COORD>
                <COORD>
                  <C1>8.556000008738886</C1>
                  <C2>46.19100000824175</C2>
                </COORD>
                <COORD>
                  <C1>8.555000008737622</C1>
                  <C2>46.19200000824262</C2>
                </COORD>
                <COORD>
                  <C1>8.555000008737368</C1>
                  <C2>46.19300000824322</C2>
                </COORD>
                <COORD>
                  <C1>8.555000008737116</C1>
                  <C2>46.19400000824383</C2>
                </COORD>
                <COORD>
                  <C1>8.552000008733817</C1>
                  <C2>46.1950000082452</C2>
                </COORD>
                <COORD>
                  <C1>8.546000008726962</C1>
                  <C2>46.19800000824861</C2>
                </COORD>
                <COORD>
                  <C1>8.545000008725946</C1>
                  <C2>46.19800000824892</C2>
                </COORD>
                <COORD>
                  <C1>8.545000008725692</C1>
                  <C2>46.19900000824946</C2>
                </COORD>
                <COORD>
                  <C1>8.544000008724678</C1>
                  <C2>46.19900000824976</C2>
                </COORD>
                <COORD>
                  <C1>8.543000008723661</C1>
                  <C2>46.199000008250025</C2>
                </COORD>
                <COORD>
                  <C1>8.542000008722644</C1>
                  <C2>46.19900000825028</C2>
                </COORD>
                <COORD>
                  <C1>8.541000008721376</C1>
                  <C2>46.20000000825119</C2>
                </COORD>
                <COORD>
                  <C1>8.540000008719852</C1>
                  <C2>46.202000008252604</C2>
                </COORD>
                <COORD>
                  <C1>8.539000008718334</C1>
                  <C2>46.20400000825406</C2>
                </COORD>
                <COORD>
                  <C1>8.53800000871681</C1>
                  <C2>46.20600000825553</C2>
                </COORD>
                <COORD>
                  <C1>8.537000008715285</C1>
                  <C2>46.208000008256946</C2>
                </COORD>
                <COORD>
                  <C1>8.536000008713511</C1>
                  <C2>46.211000008258985</C2>
                </COORD>
                <COORD>
                  <C1>8.535000008711739</C1>
                  <C2>46.214000008261046</C2>
                </COORD>
                <COORD>
                  <C1>8.53500000871123</C1>
                  <C2>46.2160000082622</C2>
                </COORD>
                <COORD>
                  <C1>8.534000008709961</C1>
                  <C2>46.217000008263064</C2>
                </COORD>
                <COORD>
                  <C1>8.534000008709205</C1>
                  <C2>46.22000000826481</C2>
                </COORD>
                <COORD>
                  <C1>8.532000008706916</C1>
                  <C2>46.221000008265904</C2>
                </COORD>
                <COORD>
                  <C1>8.5310000087059</C1>
                  <C2>46.22100000826622</C2>
                </COORD>
                <COORD>
                  <C1>8.53000000870463</C1>
                  <C2>46.222000008267045</C2>
                </COORD>
                <COORD>
                  <C1>8.528000008702598</C1>
                  <C2>46.22200000826762</C2>
                </COORD>
                <COORD>
                  <C1>8.52600000870031</C1>
                  <C2>46.22300000826871</C2>
                </COORD>
                <COORD>
                  <C1>8.525000008699296</C1>
                  <C2>46.223000008269054</C2>
                </COORD>
                <COORD>
                  <C1>8.523000008697005</C1>
                  <C2>46.22400000827014</C2>
                </COORD>
                <COORD>
                  <C1>8.522000008696244</C1>
                  <C2>46.22300000826988</C2>
                </COORD>
                <COORD>
                  <C1>8.521000008695227</C1>
                  <C2>46.223000008270134</C2>
                </COORD>
                <COORD>
                  <C1>8.520000008694208</C1>
                  <C2>46.22300000827039</C2>
                </COORD>
                <COORD>
                  <C1>8.519000008693192</C1>
                  <C2>46.22300000827065</C2>
                </COORD>
                <COORD>
                  <C1>8.51900000869344</C1>
                  <C2>46.222000008270065</C2>
                </COORD>
                <COORD>
                  <C1>8.518000008692423</C1>
                  <C2>46.222000008270314</C2>
                </COORD>
                <COORD>
                  <C1>8.51700000869141</C1>
                  <C2>46.22200000827062</C2>
                </COORD>
                <COORD>
                  <C1>8.516000008690394</C1>
                  <C2>46.2220000082709</C2>
                </COORD>
                <COORD>
                  <C1>8.515000008689126</C1>
                  <C2>46.223000008271775</C2>
                </COORD>
                <COORD>
                  <C1>8.513000008687088</C1>
                  <C2>46.2230000082723</C2>
                </COORD>
                <COORD>
                  <C1>8.512000008686071</C1>
                  <C2>46.2230000082726</C2>
                </COORD>
                <COORD>
                  <C1>8.51100000868505</C1>
                  <C2>46.22300000827288</C2>
                </COORD>
                <COORD>
                  <C1>8.50900000868251</C1>
                  <C2>46.22500000827454</C2>
                </COORD>
                <COORD>
                  <C1>8.507000008680222</C1>
                  <C2>46.226000008275705</C2>
                </COORD>
                <COORD>
                  <C1>8.506000008679205</C1>
                  <C2>46.22600000827598</C2>
                </COORD>
                <COORD>
                  <C1>8.505000008677932</C1>
                  <C2>46.22700000827685</C2>
                </COORD>
                <COORD>
                  <C1>8.503000008675647</C1>
                  <C2>46.228000008278</C2>
                </COORD>
                <COORD>
                  <C1>8.502000008674624</C1>
                  <C2>46.22800000827825</C2>
                </COORD>
                <COORD>
                  <C1>8.500000008672336</C1>
                  <C2>46.22900000827939</C2>
                </COORD>
                <COORD>
                  <C1>8.49900000867132</C1>
                  <C2>46.22900000827966</C2>
                </COORD>
                <COORD>
                  <C1>8.498000008670298</C1>
                  <C2>46.22900000827992</C2>
                </COORD>
                <COORD>
                  <C1>8.495000008666988</C1>
                  <C2>46.23000000828131</C2>
                </COORD>
                <COORD>
                  <C1>8.4930000086647</C1>
                  <C2>46.231000008282464</C2>
                </COORD>
                <COORD>
                  <C1>8.492000008663679</C1>
                  <C2>46.23100000828272</C2>
                </COORD>
                <COORD>
                  <C1>8.49000000866139</C1>
                  <C2>46.23200000828391</C2>
                </COORD>
                <COORD>
                  <C1>8.488000008659352</C1>
                  <C2>46.232000008284416</C2>
                </COORD>
                <COORD>
                  <C1>8.48700000865833</C1>
                  <C2>46.23200000828469</C2>
                </COORD>
                <COORD>
                  <C1>8.485000008656296</C1>
                  <C2>46.23200000828525</C2>
                </COORD>
                <COORD>
                  <C1>8.483000008654255</C1>
                  <C2>46.23200000828578</C2>
                </COORD>
                <COORD>
                  <C1>8.480000008651194</C1>
                  <C2>46.2320000082866</C2>
                </COORD>
                <COORD>
                  <C1>8.478000008649154</C1>
                  <C2>46.232000008287145</C2>
                </COORD>
                <COORD>
                  <C1>8.475000008645843</C1>
                  <C2>46.233000008288485</C2>
                </COORD>
                <COORD>
                  <C1>8.473000008643552</C1>
                  <C2>46.23400000828969</C2>
                </COORD>
                <COORD>
                  <C1>8.472000008642526</C1>
                  <C2>46.23400000828993</C2>
                </COORD>
                <COORD>
                  <C1>8.470000008640241</C1>
                  <C2>46.235000008291024</C2>
                </COORD>
                <COORD>
                  <C1>8.469000008638965</C1>
                  <C2>46.2360000082919</C2>
                </COORD>
                <COORD>
                  <C1>8.468000008637693</C1>
                  <C2>46.23700000829276</C2>
                </COORD>
                <COORD>
                  <C1>8.467000008636424</C1>
                  <C2>46.238000008293646</C2>
                </COORD>
                <COORD>
                  <C1>8.467000008635917</C1>
                  <C2>46.240000008294814</C2>
                </COORD>
                <COORD>
                  <C1>8.467000008635663</C1>
                  <C2>46.2410000082954</C2>
                </COORD>
                <COORD>
                  <C1>8.467000008635413</C1>
                  <C2>46.24200000829597</C2>
                </COORD>
                <COORD>
                  <C1>8.46700000863491</C1>
                  <C2>46.24400000829715</C2>
                </COORD>
                <COORD>
                  <C1>8.466000008633634</C1>
                  <C2>46.245000008297986</C2>
                </COORD>
                <COORD>
                  <C1>8.466000008633383</C1>
                  <C2>46.24600000829858</C2>
                </COORD>
                <COORD>
                  <C1>8.46500000863236</C1>
                  <C2>46.24600000829885</C2>
                </COORD>
                <COORD>
                  <C1>8.463000008630072</C1>
                  <C2>46.247000008299985</C2>
                </COORD>
                <COORD>
                  <C1>8.462000008629301</C1>
                  <C2>46.24600000829967</C2>
                </COORD>
                <COORD>
                  <C1>8.462000008629047</C1>
                  <C2>46.24700000830023</C2>
                </COORD>
                <COORD>
                  <C1>8.46100000862803</C1>
                  <C2>46.24700000830052</C2>
                </COORD>
                <COORD>
                  <C1>8.461000008627776</C1>
                  <C2>46.248000008301084</C2>
                </COORD>
                <COORD>
                  <C1>8.45900000862573</C1>
                  <C2>46.248000008301624</C2>
                </COORD>
                <COORD>
                  <C1>8.457000008623693</C1>
                  <C2>46.248000008302164</C2>
                </COORD>
                <COORD>
                  <C1>8.45700000862344</C1>
                  <C2>46.24900000830275</C2>
                </COORD>
                <COORD>
                  <C1>8.456000008622418</C1>
                  <C2>46.24900000830306</C2>
                </COORD>
                <COORD>
                  <C1>8.45400000862038</C1>
                  <C2>46.24900000830358</C2>
                </COORD>
                <COORD>
                  <C1>8.453000008619354</C1>
                  <C2>46.24900000830384</C2>
                </COORD>
                <COORD>
                  <C1>8.452000008618084</C1>
                  <C2>46.25000000830472</C2>
                </COORD>
                <COORD>
                  <C1>8.451000008617063</C1>
                  <C2>46.250000008304966</C2>
                </COORD>
                <COORD>
                  <C1>8.449000008615021</C1>
                  <C2>46.250000008305555</C2>
                </COORD>
                <COORD>
                  <C1>8.448000008613997</C1>
                  <C2>46.2500000083058</C2>
                </COORD>
                <COORD>
                  <C1>8.446000008611707</C1>
                  <C2>46.25100000830693</C2>
                </COORD>
                <COORD>
                  <C1>8.445000008610682</C1>
                  <C2>46.25100000830719</C2>
                </COORD>
                <COORD>
                  <C1>8.44400000860941</C1>
                  <C2>46.25200000830807</C2>
                </COORD>
                <COORD>
                  <C1>8.444000008609157</C1>
                  <C2>46.25300000830864</C2>
                </COORD>
                <COORD>
                  <C1>8.444000008608906</C1>
                  <C2>46.25400000830921</C2>
                </COORD>
                <COORD>
                  <C1>8.444000008608654</C1>
                  <C2>46.25500000830979</C2>
                </COORD>
                <COORD>
                  <C1>8.443000008607376</C1>
                  <C2>46.25600000831064</C2>
                </COORD>
                <COORD>
                  <C1>8.4440000086084</C1>
                  <C2>46.25600000831039</C2>
                </COORD>
                <COORD>
                  <C1>8.445000008609167</C1>
                  <C2>46.25700000831068</C2>
                </COORD>
                <COORD>
                  <C1>8.447000008610704</C1>
                  <C2>46.259000008311276</C2>
                </COORD>
                <COORD>
                  <C1>8.4490000086125</C1>
                  <C2>46.26000000831133</C2>
                </COORD>
                <COORD>
                  <C1>8.450000008613268</C1>
                  <C2>46.26100000831163</C2>
                </COORD>
                <COORD>
                  <C1>8.449000008611996</C1>
                  <C2>46.26200000831252</C2>
                </COORD>
                <COORD>
                  <C1>8.449000008611746</C1>
                  <C2>46.26300000831313</C2>
                </COORD>
                <COORD>
                  <C1>8.45000000861276</C1>
                  <C2>46.26300000831282</C2>
                </COORD>
                <COORD>
                  <C1>8.451000008613784</C1>
                  <C2>46.26300000831256</C2>
                </COORD>
                <COORD>
                  <C1>8.453000008615572</C1>
                  <C2>46.264000008312614</C2>
                </COORD>
                <COORD>
                  <C1>8.454000008616593</C1>
                  <C2>46.264000008312316</C2>
                </COORD>
                <COORD>
                  <C1>8.45700000861915</C1>
                  <C2>46.26600000831263</C2>
                </COORD>
                <COORD>
                  <C1>8.45400000861457</C1>
                  <C2>46.27200000831694</C2>
                </COORD>
                <COORD>
                  <C1>8.452000008612027</C1>
                  <C2>46.274000008318666</C2>
                </COORD>
                <COORD>
                  <C1>8.451000008610498</C1>
                  <C2>46.27600000832009</C2>
                </COORD>
                <COORD>
                  <C1>8.448000008606678</C1>
                  <C2>46.27900000832263</C2>
                </COORD>
                <COORD>
                  <C1>8.443000008600562</C1>
                  <C2>46.28300000832631</C2>
                </COORD>
                <COORD>
                  <C1>8.442000008599287</C1>
                  <C2>46.28400000832719</C2>
                </COORD>
                <COORD>
                  <C1>8.441000008598266</C1>
                  <C2>46.284000008327446</C2>
                </COORD>
                <COORD>
                  <C1>8.441000008598014</C1>
                  <C2>46.285000008328005</C2>
                </COORD>
                <COORD>
                  <C1>8.439000008595718</C1>
                  <C2>46.28600000832913</C2>
                </COORD>
                <COORD>
                  <C1>8.437000008593168</C1>
                  <C2>46.28800000833085</C2>
                </COORD>
                <COORD>
                  <C1>8.437000008592918</C1>
                  <C2>46.28900000833141</C2>
                </COORD>
                <COORD>
                  <C1>8.436000008591897</C1>
                  <C2>46.28900000833167</C2>
                </COORD>
                <COORD>
                  <C1>8.435000008590618</C1>
                  <C2>46.29000000833253</C2>
                </COORD>
                <COORD>
                  <C1>8.435000008590366</C1>
                  <C2>46.29100000833311</C2>
                </COORD>
                <COORD>
                  <C1>8.435000008590112</C1>
                  <C2>46.29200000833369</C2>
                </COORD>
                <COORD>
                  <C1>8.435000008589858</C1>
                  <C2>46.293000008334246</C2>
                </COORD>
                <COORD>
                  <C1>8.435000008589608</C1>
                  <C2>46.29400000833482</C2>
                </COORD>
                <COORD>
                  <C1>8.434000008588587</C1>
                  <C2>46.29400000833509</C2>
                </COORD>
                <COORD>
                  <C1>8.434000008588333</C1>
                  <C2>46.29500000833566</C2>
                </COORD>
                <COORD>
                  <C1>8.432000008586035</C1>
                  <C2>46.296000008336804</C2>
                </COORD>
                <COORD>
                  <C1>8.432000008585783</C1>
                  <C2>46.29700000833736</C2>
                </COORD>
                <COORD>
                  <C1>8.431000008584764</C1>
                  <C2>46.29700000833764</C2>
                </COORD>
                <COORD>
                  <C1>8.429000008582214</C1>
                  <C2>46.29900000833935</C2>
                </COORD>
                <COORD>
                  <C1>8.42900000858196</C1>
                  <C2>46.30000000833993</C2>
                </COORD>
                <COORD>
                  <C1>8.429000008581708</C1>
                  <C2>46.30100000834049</C2>
                </COORD>
                <COORD>
                  <C1>8.430000008582729</C1>
                  <C2>46.30100000834022</C2>
                </COORD>
                <COORD>
                  <C1>8.430000008582473</C1>
                  <C2>46.302000008340805</C2>
                </COORD>
                <COORD>
                  <C1>8.432000008584259</C1>
                  <C2>46.303000008340824</C2>
                </COORD>
                <COORD>
                  <C1>8.433000008585285</C1>
                  <C2>46.303000008340575</C2>
                </COORD>
                <COORD>
                  <C1>8.434000008586052</C1>
                  <C2>46.30400000834088</C2>
                </COORD>
                <COORD>
                  <C1>8.43600000858784</C1>
                  <C2>46.30500000834088</C2>
                </COORD>
                <COORD>
                  <C1>8.43800000858988</C1>
                  <C2>46.30500000834033</C2>
                </COORD>
                <COORD>
                  <C1>8.439000008590902</C1>
                  <C2>46.30500000834008</C2>
                </COORD>
                <COORD>
                  <C1>8.439000008590646</C1>
                  <C2>46.306000008340675</C2>
                </COORD>
                <COORD>
                  <C1>8.440000008591666</C1>
                  <C2>46.30600000834037</C2>
                </COORD>
                <COORD>
                  <C1>8.441000008592686</C1>
                  <C2>46.306000008340106</C2>
                </COORD>
                <COORD>
                  <C1>8.441000008592432</C1>
                  <C2>46.30700000834068</C2>
                </COORD>
                <COORD>
                  <C1>8.440000008591408</C1>
                  <C2>46.30700000834095</C2>
                </COORD>
                <COORD>
                  <C1>8.440000008591158</C1>
                  <C2>46.30800000834155</C2>
                </COORD>
                <COORD>
                  <C1>8.440000008590905</C1>
                  <C2>46.30900000834211</C2>
                </COORD>
                <COORD>
                  <C1>8.441000008591926</C1>
                  <C2>46.309000008341826</C2>
                </COORD>
                <COORD>
                  <C1>8.440000008590648</C1>
                  <C2>46.31000000834266</C2>
                </COORD>
                <COORD>
                  <C1>8.441000008591669</C1>
                  <C2>46.3100000083424</C2>
                </COORD>
                <COORD>
                  <C1>8.441000008591413</C1>
                  <C2>46.311000008343</C2>
                </COORD>
                <COORD>
                  <C1>8.442000008592435</C1>
                  <C2>46.31100000834271</C2>
                </COORD>
                <COORD>
                  <C1>8.443000008593206</C1>
                  <C2>46.31200000834302</C2>
                </COORD>
                <COORD>
                  <C1>8.443000008592946</C1>
                  <C2>46.3130000083436</C2>
                </COORD>
                <COORD>
                  <C1>8.443000008592694</C1>
                  <C2>46.31400000834419</C2>
                </COORD>
                <COORD>
                  <C1>8.443000008592438</C1>
                  <C2>46.31500000834477</C2>
                </COORD>
                <COORD>
                  <C1>8.443000008592184</C1>
                  <C2>46.316000008345306</C2>
                </COORD>
                <COORD>
                  <C1>8.44200000859091</C1>
                  <C2>46.31700000834615</C2>
                </COORD>
                <COORD>
                  <C1>8.443000008591673</C1>
                  <C2>46.31800000834646</C2>
                </COORD>
                <COORD>
                  <C1>8.443000008591419</C1>
                  <C2>46.31900000834703</C2>
                </COORD>
                <COORD>
                  <C1>8.44400000859244</C1>
                  <C2>46.319000008346755</C2>
                </COORD>
                <COORD>
                  <C1>8.444000008592187</C1>
                  <C2>46.32000000834735</C2>
                </COORD>
                <COORD>
                  <C1>8.445000008592949</C1>
                  <C2>46.32100000834759</C2>
                </COORD>
                <COORD>
                  <C1>8.445000008592697</C1>
                  <C2>46.32200000834818</C2>
                </COORD>
                <COORD>
                  <C1>8.448000008595754</C1>
                  <C2>46.32200000834738</C2>
                </COORD>
                <COORD>
                  <C1>8.450000008597533</C1>
                  <C2>46.32300000834742</C2>
                </COORD>
                <COORD>
                  <C1>8.453000008600592</C1>
                  <C2>46.323000008346575</C2>
                </COORD>
                <COORD>
                  <C1>8.454000008601609</C1>
                  <C2>46.323000008346305</C2>
                </COORD>
                <COORD>
                  <C1>8.455000008602632</C1>
                  <C2>46.32300000834606</C2>
                </COORD>
                <COORD>
                  <C1>8.45500000860212</C1>
                  <C2>46.32500000834719</C2>
                </COORD>
                <COORD>
                  <C1>8.456000008602876</C1>
                  <C2>46.32600000834751</C2>
                </COORD>
                <COORD>
                  <C1>8.457000008603643</C1>
                  <C2>46.32700000834783</C2>
                </COORD>
                <COORD>
                  <C1>8.457000008603389</C1>
                  <C2>46.32800000834836</C2>
                </COORD>
                <COORD>
                  <C1>8.457000008603131</C1>
                  <C2>46.32900000834893</C2>
                </COORD>
                <COORD>
                  <C1>8.45800000860415</C1>
                  <C2>46.32900000834865</C2>
                </COORD>
                <COORD>
                  <C1>8.458000008603895</C1>
                  <C2>46.33000000834924</C2>
                </COORD>
                <COORD>
                  <C1>8.459000008604908</C1>
                  <C2>46.330000008348975</C2>
                </COORD>
                <COORD>
                  <C1>8.460000008605935</C1>
                  <C2>46.330000008348705</C2>
                </COORD>
                <COORD>
                  <C1>8.461000008606952</C1>
                  <C2>46.33000000834841</C2>
                </COORD>
                <COORD>
                  <C1>8.462000008607708</C1>
                  <C2>46.33100000834872</C2>
                </COORD>
                <COORD>
                  <C1>8.463000008608471</C1>
                  <C2>46.332000008348984</C2>
                </COORD>
                <COORD>
                  <C1>8.463000008608217</C1>
                  <C2>46.33300000834957</C2>
                </COORD>
                <COORD>
                  <C1>8.464000008608979</C1>
                  <C2>46.33400000834986</C2>
                </COORD>
                <COORD>
                  <C1>8.465000008609739</C1>
                  <C2>46.33500000835018</C2>
                </COORD>
                <COORD>
                  <C1>8.466000008610752</C1>
                  <C2>46.335000008349894</C2>
                </COORD>
                <COORD>
                  <C1>8.467000008611517</C1>
                  <C2>46.336000008350204</C2>
                </COORD>
                <COORD>
                  <C1>8.466000008610498</C1>
                  <C2>46.33600000835048</C2>
                </COORD>
                <COORD>
                  <C1>8.466000008610242</C1>
                  <C2>46.337000008351055</C2>
                </COORD>
                <COORD>
                  <C1>8.465000008609227</C1>
                  <C2>46.337000008351374</C2>
                </COORD>
                <COORD>
                  <C1>8.464000008607696</C1>
                  <C2>46.33900000835273</C2>
                </COORD>
                <COORD>
                  <C1>8.465000008608458</C1>
                  <C2>46.34000000835307</C2>
                </COORD>
                <COORD>
                  <C1>8.465000008608198</C1>
                  <C2>46.3410000083536</C2>
                </COORD>
                <COORD>
                  <C1>8.465000008607943</C1>
                  <C2>46.34200000835418</C2>
                </COORD>
                <COORD>
                  <C1>8.465000008607685</C1>
                  <C2>46.34300000835476</C2>
                </COORD>
                <COORD>
                  <C1>8.46500000860743</C1>
                  <C2>46.34400000835531</C2>
                </COORD>
                <COORD>
                  <C1>8.465000008607172</C1>
                  <C2>46.345000008355875</C2>
                </COORD>
                <COORD>
                  <C1>8.465000008606916</C1>
                  <C2>46.34600000835645</C2>
                </COORD>
                <COORD>
                  <C1>8.465000008606657</C1>
                  <C2>46.347000008357014</C2>
                </COORD>
                <COORD>
                  <C1>8.466000008607422</C1>
                  <C2>46.34800000835728</C2>
                </COORD>
                <COORD>
                  <C1>8.465000008606145</C1>
                  <C2>46.34900000835814</C2>
                </COORD>
                <COORD>
                  <C1>8.464000008604875</C1>
                  <C2>46.350000008359004</C2>
                </COORD>
                <COORD>
                  <C1>8.46400000860436</C1>
                  <C2>46.35200000836013</C2>
                </COORD>
                <COORD>
                  <C1>8.463000008602826</C1>
                  <C2>46.35400000836155</C2>
                </COORD>
                <COORD>
                  <C1>8.46300000860257</C1>
                  <C2>46.355000008362104</C2>
                </COORD>
                <COORD>
                  <C1>8.46300000860231</C1>
                  <C2>46.35600000836269</C2>
                </COORD>
                <COORD>
                  <C1>8.464000008603334</C1>
                  <C2>46.35600000836244</C2>
                </COORD>
                <COORD>
                  <C1>8.464000008602817</C1>
                  <C2>46.35800000836357</C2>
                </COORD>
                <COORD>
                  <C1>8.465000008603834</C1>
                  <C2>46.35800000836326</C2>
                </COORD>
                <COORD>
                  <C1>8.466000008604588</C1>
                  <C2>46.35900000836355</C2>
                </COORD>
                <COORD>
                  <C1>8.466000008604334</C1>
                  <C2>46.36000000836414</C2>
                </COORD>
                <COORD>
                  <C1>8.467000008605096</C1>
                  <C2>46.36100000836443</C2>
                </COORD>
                <COORD>
                  <C1>8.468000008606108</C1>
                  <C2>46.36100000836415</C2>
                </COORD>
                <COORD>
                  <C1>8.469000008606866</C1>
                  <C2>46.362000008364475</C2>
                </COORD>
                <COORD>
                  <C1>8.471000008608645</C1>
                  <C2>46.363000008364494</C2>
                </COORD>
                <COORD>
                  <C1>8.471000008608383</C1>
                  <C2>46.36400000836503</C2>
                </COORD>
                <COORD>
                  <C1>8.471000008608128</C1>
                  <C2>46.36500000836561</C2>
                </COORD>
                <COORD>
                  <C1>8.470000008606851</C1>
                  <C2>46.36600000836644</C2>
                </COORD>
                <COORD>
                  <C1>8.469000008605835</C1>
                  <C2>46.3660000083667</C2>
                </COORD>
                <COORD>
                  <C1>8.46900000860558</C1>
                  <C2>46.367000008367285</C2>
                </COORD>
                <COORD>
                  <C1>8.469000008605322</C1>
                  <C2>46.36800000836788</C2>
                </COORD>
                <COORD>
                  <C1>8.46900000860506</C1>
                  <C2>46.3690000083684</C2>
                </COORD>
                <COORD>
                  <C1>8.468000008603788</C1>
                  <C2>46.370000008369274</C2>
                </COORD>
                <COORD>
                  <C1>8.46800000860353</C1>
                  <C2>46.37100000836981</C2>
                </COORD>
                <COORD>
                  <C1>8.469000008604544</C1>
                  <C2>46.37100000836954</C2>
                </COORD>
                <COORD>
                  <C1>8.468000008603271</C1>
                  <C2>46.37200000837042</C2>
                </COORD>
                <COORD>
                  <C1>8.46900000860377</C1>
                  <C2>46.374000008371254</C2>
                </COORD>
                <COORD>
                  <C1>8.468000008602239</C1>
                  <C2>46.37600000837264</C2>
                </COORD>
                <COORD>
                  <C1>8.468000008601981</C1>
                  <C2>46.37700000837326</C2>
                </COORD>
                <COORD>
                  <C1>8.46700000860045</C1>
                  <C2>46.37900000837464</C2>
                </COORD>
                <COORD>
                  <C1>8.468000008601463</C1>
                  <C2>46.37900000837436</C2>
                </COORD>
                <COORD>
                  <C1>8.467000008600193</C1>
                  <C2>46.38000000837518</C2>
                </COORD>
                <COORD>
                  <C1>8.467000008599934</C1>
                  <C2>46.38100000837577</C2>
                </COORD>
                <COORD>
                  <C1>8.46800000860069</C1>
                  <C2>46.382000008376046</C2>
                </COORD>
                <COORD>
                  <C1>8.466000008598138</C1>
                  <C2>46.38400000837773</C2>
                </COORD>
                <COORD>
                  <C1>8.46600000859788</C1>
                  <C2>46.385000008378285</C2>
                </COORD>
                <COORD>
                  <C1>8.465000008596606</C1>
                  <C2>46.38600000837912</C2>
                </COORD>
                <COORD>
                  <C1>8.464000008595594</C1>
                  <C2>46.38600000837943</C2>
                </COORD>
                <COORD>
                  <C1>8.463000008594321</C1>
                  <C2>46.38700000838024</C2>
                </COORD>
                <COORD>
                  <C1>8.46300000859406</C1>
                  <C2>46.388000008380814</C2>
                </COORD>
                <COORD>
                  <C1>8.462000008593046</C1>
                  <C2>46.3880000083811</C2>
                </COORD>
                <COORD>
                  <C1>8.462000008592785</C1>
                  <C2>46.38900000838164</C2>
                </COORD>
                <COORD>
                  <C1>8.46300000859354</C1>
                  <C2>46.390000008381925</C2>
                </COORD>
                <COORD>
                  <C1>8.463000008593283</C1>
                  <C2>46.3910000083825</C2>
                </COORD>
                <COORD>
                  <C1>8.465000008595055</C1>
                  <C2>46.392000008382524</C2>
                </COORD>
                <COORD>
                  <C1>8.46600000859581</C1>
                  <C2>46.39300000838279</C2>
                </COORD>
                <COORD>
                  <C1>8.467000008596575</C1>
                  <C2>46.394000008383145</C2>
                </COORD>
                <COORD>
                  <C1>8.468000008597325</C1>
                  <C2>46.39500000838338</C2>
                </COORD>
                <COORD>
                  <C1>8.46900000859808</C1>
                  <C2>46.396000008383645</C2>
                </COORD>
                <COORD>
                  <C1>8.470000008599097</C1>
                  <C2>46.39600000838339</C2>
                </COORD>
                <COORD>
                  <C1>8.471000008599853</C1>
                  <C2>46.39700000838371</C2>
                </COORD>
                <COORD>
                  <C1>8.472000008600606</C1>
                  <C2>46.39800000838399</C2>
                </COORD>
                <COORD>
                  <C1>8.472000008600347</C1>
                  <C2>46.39900000838453</C2>
                </COORD>
                <COORD>
                  <C1>8.471000008599333</C1>
                  <C2>46.3990000083848</C2>
                </COORD>
                <COORD>
                  <C1>8.468000008595512</C1>
                  <C2>46.402000008387354</C2>
                </COORD>
                <COORD>
                  <C1>8.466000008593221</C1>
                  <C2>46.40300000838843</C2>
                </COORD>
                <COORD>
                  <C1>8.465000008591943</C1>
                  <C2>46.40400000838926</C2>
                </COORD>
                <COORD>
                  <C1>8.465000008591428</C1>
                  <C2>46.40600000839042</C2>
                </COORD>
                <COORD>
                  <C1>8.464000008590155</C1>
                  <C2>46.40700000839125</C2>
                </COORD>
                <COORD>
                  <C1>8.464000008589895</C1>
                  <C2>46.40800000839182</C2>
                </COORD>
                <COORD>
                  <C1>8.465000008590646</C1>
                  <C2>46.40900000839207</C2>
                </COORD>
                <COORD>
                  <C1>8.46600000859166</C1>
                  <C2>46.40900000839181</C2>
                </COORD>
                <COORD>
                  <C1>8.468000008593432</C1>
                  <C2>46.41000000839184</C2>
                </COORD>
                <COORD>
                  <C1>8.468000008592915</C1>
                  <C2>46.41200000839293</C2>
                </COORD>
                <COORD>
                  <C1>8.470000008594681</C1>
                  <C2>46.413000008392984</C2>
                </COORD>
                <COORD>
                  <C1>8.469000008593143</C1>
                  <C2>46.41500000839436</C2>
                </COORD>
                <COORD>
                  <C1>8.468000008592131</C1>
                  <C2>46.41500000839462</C2>
                </COORD>
                <COORD>
                  <C1>8.467000008590858</C1>
                  <C2>46.41600000839543</C2>
                </COORD>
                <COORD>
                  <C1>8.467000008590599</C1>
                  <C2>46.41700000839603</C2>
                </COORD>
                <COORD>
                  <C1>8.46600000858932</C1>
                  <C2>46.41800000839691</C2>
                </COORD>
                <COORD>
                  <C1>8.465000008588046</C1>
                  <C2>46.41900000839767</C2>
                </COORD>
                <COORD>
                  <C1>8.464000008586776</C1>
                  <C2>46.42000000839851</C2>
                </COORD>
                <COORD>
                  <C1>8.463000008585757</C1>
                  <C2>46.420000008398794</C2>
                </COORD>
                <COORD>
                  <C1>8.46100000858347</C1>
                  <C2>46.421000008399886</C2>
                </COORD>
                <COORD>
                  <C1>8.46000000858246</C1>
                  <C2>46.421000008400185</C2>
                </COORD>
                <COORD>
                  <C1>8.459000008581178</C1>
                  <C2>46.42200000840102</C2>
                </COORD>
                <COORD>
                  <C1>8.459000008580919</C1>
                  <C2>46.4230000084016</C2>
                </COORD>
                <COORD>
                  <C1>8.45900000858066</C1>
                  <C2>46.42400000840214</C2>
                </COORD>
                <COORD>
                  <C1>8.458000008579386</C1>
                  <C2>46.425000008402996</C2>
                </COORD>
                <COORD>
                  <C1>8.458000008579125</C1>
                  <C2>46.42600000840358</C2>
                </COORD>
                <COORD>
                  <C1>8.458000008578864</C1>
                  <C2>46.427000008404086</C2>
                </COORD>
                <COORD>
                  <C1>8.459000008579618</C1>
                  <C2>46.428000008404375</C2>
                </COORD>
                <COORD>
                  <C1>8.460000008580637</C1>
                  <C2>46.4280000084041</C2>
                </COORD>
                <COORD>
                  <C1>8.461000008581387</C1>
                  <C2>46.42900000840439</C2>
                </COORD>
                <COORD>
                  <C1>8.46200000858188</C1>
                  <C2>46.431000008405206</C2>
                </COORD>
                <COORD>
                  <C1>8.461000008580866</C1>
                  <C2>46.431000008405505</C2>
                </COORD>
                <COORD>
                  <C1>8.460000008579593</C1>
                  <C2>46.432000008406334</C2>
                </COORD>
                <COORD>
                  <C1>8.46100000858035</C1>
                  <C2>46.433000008406616</C2>
                </COORD>
                <COORD>
                  <C1>8.46000000857907</C1>
                  <C2>46.434000008407466</C2>
                </COORD>
                <COORD>
                  <C1>8.459000008577794</C1>
                  <C2>46.435000008408295</C2>
                </COORD>
                <COORD>
                  <C1>8.459000008577272</C1>
                  <C2>46.437000008409406</C2>
                </COORD>
                <COORD>
                  <C1>8.460000008578028</C1>
                  <C2>46.438000008409695</C2>
                </COORD>
                <COORD>
                  <C1>8.46100000857878</C1>
                  <C2>46.43900000840998</C2>
                </COORD>
                <COORD>
                  <C1>8.463000008580543</C1>
                  <C2>46.440000008409946</C2>
                </COORD>
                <COORD>
                  <C1>8.464000008581301</C1>
                  <C2>46.44100000841025</C2>
                </COORD>
                <COORD>
                  <C1>8.465000008582313</C1>
                  <C2>46.44100000840999</C2>
                </COORD>
                <COORD>
                  <C1>8.46500000858205</C1>
                  <C2>46.44200000841056</C2>
                </COORD>
                <COORD>
                  <C1>8.467000008583556</C1>
                  <C2>46.44400000841111</C2>
                </COORD>
                <COORD>
                  <C1>8.467000008583296</C1>
                  <C2>46.44500000841167</C2>
                </COORD>
                <COORD>
                  <C1>8.467000008583035</C1>
                  <C2>46.44600000841225</C2>
                </COORD>
                <COORD>
                  <C1>8.466000008581755</C1>
                  <C2>46.447000008413056</C2>
                </COORD>
                <COORD>
                  <C1>8.465000008580743</C1>
                  <C2>46.44700000841334</C2>
                </COORD>
                <COORD>
                  <C1>8.464000008579736</C1>
                  <C2>46.44700000841364</C2>
                </COORD>
                <COORD>
                  <C1>8.463000008578454</C1>
                  <C2>46.448000008414425</C2>
                </COORD>
                <COORD>
                  <C1>8.463000008578193</C1>
                  <C2>46.44900000841497</C2>
                </COORD>
                <COORD>
                  <C1>8.464000008578951</C1>
                  <C2>46.450000008415294</C2>
                </COORD>
                <COORD>
                  <C1>8.46300000857741</C1>
                  <C2>46.45200000841667</C2>
                </COORD>
                <COORD>
                  <C1>8.463000008577149</C1>
                  <C2>46.453000008417234</C2>
                </COORD>
                <COORD>
                  <C1>8.462000008576132</C1>
                  <C2>46.45300000841752</C2>
                </COORD>
                <COORD>
                  <C1>8.461000008575125</C1>
                  <C2>46.45300000841774</C2>
                </COORD>
                <COORD>
                  <C1>8.460000008573848</C1>
                  <C2>46.454000008418625</C2>
                </COORD>
                <COORD>
                  <C1>8.459000008572831</C1>
                  <C2>46.45400000841889</C2>
                </COORD>
                <COORD>
                  <C1>8.458000008571819</C1>
                  <C2>46.45400000841914</C2>
                </COORD>
                <COORD>
                  <C1>8.458000008571558</C1>
                  <C2>46.455000008419695</C2>
                </COORD>
                <COORD>
                  <C1>8.457000008570548</C1>
                  <C2>46.45500000841998</C2>
                </COORD>
                <COORD>
                  <C1>8.456000008569271</C1>
                  <C2>46.45600000842082</C2>
                </COORD>
                <COORD>
                  <C1>8.455000008568254</C1>
                  <C2>46.456000008421064</C2>
                </COORD>
                <COORD>
                  <C1>8.45400000856698</C1>
                  <C2>46.457000008421936</C2>
                </COORD>
                <COORD>
                  <C1>8.454000008566721</C1>
                  <C2>46.45800000842247</C2>
                </COORD>
                <COORD>
                  <C1>8.453000008565702</C1>
                  <C2>46.45800000842277</C2>
                </COORD>
                <COORD>
                  <C1>8.454000008566458</C1>
                  <C2>46.45900000842303</C2>
                </COORD>
                <COORD>
                  <C1>8.454000008566195</C1>
                  <C2>46.4600000084236</C2>
                </COORD>
                <COORD>
                  <C1>8.45300000856492</C1>
                  <C2>46.461000008424406</C2>
                </COORD>
                <COORD>
                  <C1>8.45100000856211</C1>
                  <C2>46.46400000842658</C2>
                </COORD>
                <COORD>
                  <C1>8.447000008557525</C1>
                  <C2>46.46600000842884</C2>
                </COORD>
                <COORD>
                  <C1>8.446000008556515</C1>
                  <C2>46.4660000084291</C2>
                </COORD>
                <COORD>
                  <C1>8.446000008556775</C1>
                  <C2>46.46500000842857</C2>
                </COORD>
                <COORD>
                  <C1>8.44500000855576</C1>
                  <C2>46.46500000842879</C2>
                </COORD>
                <COORD>
                  <C1>8.444000008554749</C1>
                  <C2>46.465000008429094</C2>
                </COORD>
                <COORD>
                  <C1>8.443000008553735</C1>
                  <C2>46.465000008429364</C2>
                </COORD>
                <COORD>
                  <C1>8.442000008552718</C1>
                  <C2>46.46500000842967</C2>
                </COORD>
                <COORD>
                  <C1>8.441000008551704</C1>
                  <C2>46.46500000842995</C2>
                </COORD>
                <COORD>
                  <C1>8.440000008550953</C1>
                  <C2>46.46400000842962</C2>
                </COORD>
                <COORD>
                  <C1>8.44000000855069</C1>
                  <C2>46.46500000843019</C2>
                </COORD>
                <COORD>
                  <C1>8.440000008550426</C1>
                  <C2>46.46600000843074</C2>
                </COORD>
                <COORD>
                  <C1>8.439000008549412</C1>
                  <C2>46.46600000843106</C2>
                </COORD>
                <COORD>
                  <C1>8.438000008548398</C1>
                  <C2>46.46600000843128</C2>
                </COORD>
                <COORD>
                  <C1>8.437000008547383</C1>
                  <C2>46.46600000843161</C2>
                </COORD>
                <COORD>
                  <C1>8.43600000854637</C1>
                  <C2>46.46600000843183</C2>
                </COORD>
                <COORD>
                  <C1>8.435000008545352</C1>
                  <C2>46.466000008432154</C2>
                </COORD>
                <COORD>
                  <C1>8.434000008544338</C1>
                  <C2>46.46600000843237</C2>
                </COORD>
                <COORD>
                  <C1>8.4340000085446</C1>
                  <C2>46.465000008431836</C2>
                </COORD>
                <COORD>
                  <C1>8.433000008543583</C1>
                  <C2>46.46500000843214</C2>
                </COORD>
                <COORD>
                  <C1>8.43200000854257</C1>
                  <C2>46.46500000843239</C2>
                </COORD>
                <COORD>
                  <C1>8.431000008541815</C1>
                  <C2>46.46400000843211</C2>
                </COORD>
                <COORD>
                  <C1>8.4300000085408</C1>
                  <C2>46.46400000843238</C2>
                </COORD>
                <COORD>
                  <C1>8.429000008539786</C1>
                  <C2>46.46400000843267</C2>
                </COORD>
                <COORD>
                  <C1>8.428000008539033</C1>
                  <C2>46.46300000843237</C2>
                </COORD>
                <COORD>
                  <C1>8.427000008538014</C1>
                  <C2>46.463000008432665</C2>
                </COORD>
                <COORD>
                  <C1>8.426000008536999</C1>
                  <C2>46.4630000084329</C2>
                </COORD>
                <COORD>
                  <C1>8.425000008535983</C1>
                  <C2>46.4630000084332</C2>
                </COORD>
                <COORD>
                  <C1>8.424000008534968</C1>
                  <C2>46.46300000843348</C2>
                </COORD>
                <COORD>
                  <C1>8.42300000853395</C1>
                  <C2>46.46300000843377</C2>
                </COORD>
                <COORD>
                  <C1>8.422000008532937</C1>
                  <C2>46.46300000843403</C2>
                </COORD>
                <COORD>
                  <C1>8.422000008533196</C1>
                  <C2>46.46200000843346</C2>
                </COORD>
                <COORD>
                  <C1>8.421000008532182</C1>
                  <C2>46.462000008433726</C2>
                </COORD>
                <COORD>
                  <C1>8.420000008531163</C1>
                  <C2>46.46200000843403</C2>
                </COORD>
                <COORD>
                  <C1>8.420000008531424</C1>
                  <C2>46.46100000843346</C2>
                </COORD>
                <COORD>
                  <C1>8.41900000853041</C1>
                  <C2>46.46100000843375</C2>
                </COORD>
                <COORD>
                  <C1>8.418000008529393</C1>
                  <C2>46.46100000843402</C2>
                </COORD>
                <COORD>
                  <C1>8.417000008528374</C1>
                  <C2>46.461000008434304</C2>
                </COORD>
                <COORD>
                  <C1>8.416000008527622</C1>
                  <C2>46.46000000843401</C2>
                </COORD>
                <COORD>
                  <C1>8.416000008527359</C1>
                  <C2>46.461000008434574</C2>
                </COORD>
                <COORD>
                  <C1>8.415000008526341</C1>
                  <C2>46.46100000843482</C2>
                </COORD>
                <COORD>
                  <C1>8.414000008525326</C1>
                  <C2>46.4610000084351</C2>
                </COORD>
                <COORD>
                  <C1>8.41300000852431</C1>
                  <C2>46.46100000843537</C2>
                </COORD>
                <COORD>
                  <C1>8.412000008523295</C1>
                  <C2>46.46100000843564</C2>
                </COORD>
                <COORD>
                  <C1>8.411000008522274</C1>
                  <C2>46.461000008435896</C2>
                </COORD>
                <COORD>
                  <C1>8.411000008522533</C1>
                  <C2>46.46000000843538</C2>
                </COORD>
                <COORD>
                  <C1>8.410000008521518</C1>
                  <C2>46.46000000843565</C2>
                </COORD>
                <COORD>
                  <C1>8.41000000852126</C1>
                  <C2>46.46100000843618</C2>
                </COORD>
                <COORD>
                  <C1>8.409000008520506</C1>
                  <C2>46.46000000843592</C2>
                </COORD>
                <COORD>
                  <C1>8.408000008519483</C1>
                  <C2>46.4600000084362</C2>
                </COORD>
                <COORD>
                  <C1>8.407000008518468</C1>
                  <C2>46.46000000843645</C2>
                </COORD>
                <COORD>
                  <C1>8.407000008518727</C1>
                  <C2>46.459000008435886</C2>
                </COORD>
                <COORD>
                  <C1>8.406000008517713</C1>
                  <C2>46.4590000084362</C2>
                </COORD>
                <COORD>
                  <C1>8.40500000851669</C1>
                  <C2>46.45900000843646</C2>
                </COORD>
                <COORD>
                  <C1>8.405000008516948</C1>
                  <C2>46.458000008435896</C2>
                </COORD>
                <COORD>
                  <C1>8.404000008516194</C1>
                  <C2>46.457000008435585</C2>
                </COORD>
                <COORD>
                  <C1>8.403000008515178</C1>
                  <C2>46.45700000843587</C2>
                </COORD>
                <COORD>
                  <C1>8.402000008514158</C1>
                  <C2>46.45700000843616</C2>
                </COORD>
                <COORD>
                  <C1>8.40100000851314</C1>
                  <C2>46.457000008436474</C2>
                </COORD>
                <COORD>
                  <C1>8.400000008512125</C1>
                  <C2>46.45700000843668</C2>
                </COORD>
                <COORD>
                  <C1>8.399000008511104</C1>
                  <C2>46.457000008437</C2>
                </COORD>
                <COORD>
                  <C1>8.398000008510088</C1>
                  <C2>46.45700000843723</C2>
                </COORD>
                <COORD>
                  <C1>8.397000008509071</C1>
                  <C2>46.45700000843752</C2>
                </COORD>
                <COORD>
                  <C1>8.397000008509332</C1>
                  <C2>46.45600000843697</C2>
                </COORD>
                <COORD>
                  <C1>8.39600000850857</C1>
                  <C2>46.45500000843667</C2>
                </COORD>
                <COORD>
                  <C1>8.395000008507553</C1>
                  <C2>46.455000008436926</C2>
                </COORD>
                <COORD>
                  <C1>8.39500000850781</C1>
                  <C2>46.45400000843638</C2>
                </COORD>
                <COORD>
                  <C1>8.394000008506795</C1>
                  <C2>46.45400000843668</C2>
                </COORD>
                <COORD>
                  <C1>8.393000008505775</C1>
                  <C2>46.45400000843695</C2>
                </COORD>
                <COORD>
                  <C1>8.392000008504757</C1>
                  <C2>46.45400000843721</C2>
                </COORD>
                <COORD>
                  <C1>8.39100000850374</C1>
                  <C2>46.45400000843747</C2>
                </COORD>
                <COORD>
                  <C1>8.391000008503482</C1>
                  <C2>46.45500000843801</C2>
                </COORD>
                <COORD>
                  <C1>8.390000008502463</C1>
                  <C2>46.45500000843832</C2>
                </COORD>
                <COORD>
                  <C1>8.39000000850272</C1>
                  <C2>46.45400000843776</C2>
                </COORD>
                <COORD>
                  <C1>8.389000008501702</C1>
                  <C2>46.454000008438015</C2>
                </COORD>
                <COORD>
                  <C1>8.388000008500681</C1>
                  <C2>46.454000008438285</C2>
                </COORD>
                <COORD>
                  <C1>8.387000008499664</C1>
                  <C2>46.45400000843856</C2>
                </COORD>
                <COORD>
                  <C1>8.386000008498641</C1>
                  <C2>46.45400000843881</C2>
                </COORD>
                <COORD>
                  <C1>8.385000008497885</C1>
                  <C2>46.453000008438565</C2>
                </COORD>
                <COORD>
                  <C1>8.384000008496866</C1>
                  <C2>46.453000008438835</C2>
                </COORD>
                <COORD>
                  <C1>8.383000008495843</C1>
                  <C2>46.45300000843913</C2>
                </COORD>
                <COORD>
                  <C1>8.382000008494826</C1>
                  <C2>46.453000008439375</C2>
                </COORD>
                <COORD>
                  <C1>8.381000008493805</C1>
                  <C2>46.453000008439666</C2>
                </COORD>
                <COORD>
                  <C1>8.380000008492788</C1>
                  <C2>46.45300000843989</C2>
                </COORD>
                <COORD>
                  <C1>8.379000008491765</C1>
                  <C2>46.453000008440156</C2>
                </COORD>
                <COORD>
                  <C1>8.378000008490748</C1>
                  <C2>46.453000008440476</C2>
                </COORD>
                <COORD>
                  <C1>8.378000008490488</C1>
                  <C2>46.45400000844106</C2>
                </COORD>
                <COORD>
                  <C1>8.377000008489468</C1>
                  <C2>46.4540000084413</C2>
                </COORD>
                <COORD>
                  <C1>8.377000008489212</C1>
                  <C2>46.45500000844182</C2>
                </COORD>
                <COORD>
                  <C1>8.376000008488191</C1>
                  <C2>46.45500000844211</C2>
                </COORD>
                <COORD>
                  <C1>8.374000008486151</C1>
                  <C2>46.45500000844266</C2>
                </COORD>
                <COORD>
                  <C1>8.36800000848029</C1>
                  <C2>46.454000008443735</C2>
                </COORD>
                <COORD>
                  <C1>8.360000008473156</C1>
                  <C2>46.450000008443666</C2>
                </COORD>
                <COORD>
                  <C1>8.359000008472133</C1>
                  <C2>46.45000000844398</C2>
                </COORD>
                <COORD>
                  <C1>8.358000008471114</C1>
                  <C2>46.45000000844421</C2>
                </COORD>
                <COORD>
                  <C1>8.358000008471373</C1>
                  <C2>46.44900000844366</C2>
                </COORD>
                <COORD>
                  <C1>8.35700000847035</C1>
                  <C2>46.44900000844395</C2>
                </COORD>
                <COORD>
                  <C1>8.357000008470607</C1>
                  <C2>46.44800000844336</C2>
                </COORD>
                <COORD>
                  <C1>8.356000008469586</C1>
                  <C2>46.44800000844362</C2>
                </COORD>
                <COORD>
                  <C1>8.355000008468567</C1>
                  <C2>46.44800000844394</C2>
                </COORD>
                <COORD>
                  <C1>8.35500000846882</C1>
                  <C2>46.44700000844339</C2>
                </COORD>
                <COORD>
                  <C1>8.355000008469078</C1>
                  <C2>46.44600000844283</C2>
                </COORD>
                <COORD>
                  <C1>8.354000008468315</C1>
                  <C2>46.445000008442506</C2>
                </COORD>
                <COORD>
                  <C1>8.35400000846857</C1>
                  <C2>46.44400000844196</C2>
                </COORD>
                <COORD>
                  <C1>8.35400000846883</C1>
                  <C2>46.44300000844141</C2>
                </COORD>
                <COORD>
                  <C1>8.353000008467806</C1>
                  <C2>46.44300000844168</C2>
                </COORD>
                <COORD>
                  <C1>8.352000008466788</C1>
                  <C2>46.443000008441935</C2>
                </COORD>
                <COORD>
                  <C1>8.351000008465766</C1>
                  <C2>46.44300000844226</C2>
                </COORD>
                <COORD>
                  <C1>8.351000008466023</C1>
                  <C2>46.44200000844166</C2>
                </COORD>
                <COORD>
                  <C1>8.350000008464995</C1>
                  <C2>46.442000008441944</C2>
                </COORD>
                <COORD>
                  <C1>8.349000008463976</C1>
                  <C2>46.4420000084422</C2>
                </COORD>
                <COORD>
                  <C1>8.349000008464232</C1>
                  <C2>46.441000008441655</C2>
                </COORD>
                <COORD>
                  <C1>8.348000008463211</C1>
                  <C2>46.44100000844192</C2>
                </COORD>
                <COORD>
                  <C1>8.347000008462444</C1>
                  <C2>46.440000008441615</C2>
                </COORD>
                <COORD>
                  <C1>8.34600000846168</C1>
                  <C2>46.439000008441326</C2>
                </COORD>
                <COORD>
                  <C1>8.345000008460659</C1>
                  <C2>46.43900000844161</C2>
                </COORD>
                <COORD>
                  <C1>8.344000008459634</C1>
                  <C2>46.43900000844186</C2>
                </COORD>
                <COORD>
                  <C1>8.344000008459892</C1>
                  <C2>46.43800000844135</C2>
                </COORD>
                <COORD>
                  <C1>8.34300000845887</C1>
                  <C2>46.43800000844156</C2>
                </COORD>
                <COORD>
                  <C1>8.343000008459123</C1>
                  <C2>46.43700000844102</C2>
                </COORD>
                <COORD>
                  <C1>8.342000008458106</C1>
                  <C2>46.4370000084413</C2>
                </COORD>
                <COORD>
                  <C1>8.341000008457339</C1>
                  <C2>46.43600000844103</C2>
                </COORD>
                <COORD>
                  <C1>8.341000008457595</C1>
                  <C2>46.435000008440426</C2>
                </COORD>
                <COORD>
                  <C1>8.34000000845657</C1>
                  <C2>46.435000008440724</C2>
                </COORD>
                <COORD>
                  <C1>8.339000008455804</C1>
                  <C2>46.434000008440435</C2>
                </COORD>
                <COORD>
                  <C1>8.33800000845478</C1>
                  <C2>46.43400000844068</C2>
                </COORD>
                <COORD>
                  <C1>8.33800000845504</C1>
                  <C2>46.43300000844015</C2>
                </COORD>
                <COORD>
                  <C1>8.337000008454014</C1>
                  <C2>46.43300000844041</C2>
                </COORD>
                <COORD>
                  <C1>8.33600000845299</C1>
                  <C2>46.433000008440665</C2>
                </COORD>
                <COORD>
                  <C1>8.335000008452225</C1>
                  <C2>46.432000008440426</C2>
                </COORD>
                <COORD>
                  <C1>8.334000008451197</C1>
                  <C2>46.432000008440646</C2>
                </COORD>
                <COORD>
                  <C1>8.33300000845018</C1>
                  <C2>46.43200000844097</C2>
                </COORD>
                <COORD>
                  <C1>8.33200000844941</C1>
                  <C2>46.43100000844063</C2>
                </COORD>
                <COORD>
                  <C1>8.331000008448381</C1>
                  <C2>46.431000008440904</C2>
                </COORD>
                <COORD>
                  <C1>8.331000008448637</C1>
                  <C2>46.43000000844038</C2>
                </COORD>
                <COORD>
                  <C1>8.330000008447618</C1>
                  <C2>46.43000000844068</C2>
                </COORD>
                <COORD>
                  <C1>8.329000008446592</C1>
                  <C2>46.43000000844088</C2>
                </COORD>
                <COORD>
                  <C1>8.32900000844685</C1>
                  <C2>46.42900000844033</C2>
                </COORD>
                <COORD>
                  <C1>8.328000008445825</C1>
                  <C2>46.42900000844063</C2>
                </COORD>
                <COORD>
                  <C1>8.328000008446079</C1>
                  <C2>46.428000008440044</C2>
                </COORD>
                <COORD>
                  <C1>8.327000008445054</C1>
                  <C2>46.42800000844031</C2>
                </COORD>
                <COORD>
                  <C1>8.326000008444288</C1>
                  <C2>46.42700000844003</C2>
                </COORD>
                <COORD>
                  <C1>8.324000008442237</C1>
                  <C2>46.427000008440565</C2>
                </COORD>
                <COORD>
                  <C1>8.321000008439162</C1>
                  <C2>46.42700000844134</C2>
                </COORD>
                <COORD>
                  <C1>8.31900000843737</C1>
                  <C2>46.42600000844135</C2>
                </COORD>
                <COORD>
                  <C1>8.31600000843455</C1>
                  <C2>46.42500000844161</C2>
                </COORD>
                <COORD>
                  <C1>8.314000008432242</C1>
                  <C2>46.42600000844269</C2>
                </COORD>
                <COORD>
                  <C1>8.31200000843019</C1>
                  <C2>46.42600000844323</C2>
                </COORD>
                <COORD>
                  <C1>8.311000008429167</C1>
                  <C2>46.426000008443516</C2>
                </COORD>
                <COORD>
                  <C1>8.310000008427888</C1>
                  <C2>46.427000008444345</C2>
                </COORD>
                <COORD>
                  <C1>8.309000008426603</C1>
                  <C2>46.42800000844519</C2>
                </COORD>
                <COORD>
                  <C1>8.309000008426864</C1>
                  <C2>46.42700000844462</C2>
                </COORD>
                <COORD>
                  <C1>8.308000008425838</C1>
                  <C2>46.42700000844488</C2>
                </COORD>
                <COORD>
                  <C1>8.30800000842609</C1>
                  <C2>46.4260000084443</C2>
                </COORD>
                <COORD>
                  <C1>8.307000008425062</C1>
                  <C2>46.42600000844459</C2>
                </COORD>
                <COORD>
                  <C1>8.306000008424038</C1>
                  <C2>46.42600000844488</C2>
                </COORD>
                <COORD>
                  <C1>8.30600000842429</C1>
                  <C2>46.42500000844427</C2>
                </COORD>
                <COORD>
                  <C1>8.305000008423265</C1>
                  <C2>46.425000008444584</C2>
                </COORD>
                <COORD>
                  <C1>8.305000008423521</C1>
                  <C2>46.424000008444</C2>
                </COORD>
                <COORD>
                  <C1>8.304000008422495</C1>
                  <C2>46.42400000844425</C2>
                </COORD>
                <COORD>
                  <C1>8.304000008422747</C1>
                  <C2>46.42300000844367</C2>
                </COORD>
                <COORD>
                  <C1>8.304000008423007</C1>
                  <C2>46.42200000844314</C2>
                </COORD>
                <COORD>
                  <C1>8.303000008421977</C1>
                  <C2>46.422000008443405</C2>
                </COORD>
                <COORD>
                  <C1>8.303000008422233</C1>
                  <C2>46.421000008442846</C2>
                </COORD>
                <COORD>
                  <C1>8.302000008421203</C1>
                  <C2>46.421000008443116</C2>
                </COORD>
                <COORD>
                  <C1>8.302000008421462</C1>
                  <C2>46.42000000844257</C2>
                </COORD>
                <COORD>
                  <C1>8.301000008420436</C1>
                  <C2>46.42000000844281</C2>
                </COORD>
                <COORD>
                  <C1>8.300000008419406</C1>
                  <C2>46.420000008443076</C2>
                </COORD>
                <COORD>
                  <C1>8.300000008419659</C1>
                  <C2>46.41900000844253</C2>
                </COORD>
                <COORD>
                  <C1>8.301000008420946</C1>
                  <C2>46.41800000844172</C2>
                </COORD>
                <COORD>
                  <C1>8.300000008419916</C1>
                  <C2>46.41800000844197</C2>
                </COORD>
                <COORD>
                  <C1>8.300000008420168</C1>
                  <C2>46.41700000844144</C2>
                </COORD>
                <COORD>
                  <C1>8.300000008420422</C1>
                  <C2>46.41600000844085</C2>
                </COORD>
                <COORD>
                  <C1>8.299000008419398</C1>
                  <C2>46.416000008441074</C2>
                </COORD>
                <COORD>
                  <C1>8.299000008419648</C1>
                  <C2>46.41500000844056</C2>
                </COORD>
                <COORD>
                  <C1>8.298000008418624</C1>
                  <C2>46.41500000844082</C2>
                </COORD>
                <COORD>
                  <C1>8.297000008417852</C1>
                  <C2>46.414000008440524</C2>
                </COORD>
                <COORD>
                  <C1>8.296000008416824</C1>
                  <C2>46.4140000084408</C2>
                </COORD>
                <COORD>
                  <C1>8.296000008417076</C1>
                  <C2>46.41300000844022</C2>
                </COORD>
                <COORD>
                  <C1>8.29500000841605</C1>
                  <C2>46.413000008440484</C2>
                </COORD>
                <COORD>
                  <C1>8.29400000841528</C1>
                  <C2>46.41200000844021</C2>
                </COORD>
                <COORD>
                  <C1>8.29300000841425</C1>
                  <C2>46.41200000844049</C2>
                </COORD>
                <COORD>
                  <C1>8.292000008413476</C1>
                  <C2>46.411000008440176</C2>
                </COORD>
                <COORD>
                  <C1>8.29100000841245</C1>
                  <C2>46.41100000844044</C2>
                </COORD>
                <COORD>
                  <C1>8.291000008412702</C1>
                  <C2>46.4100000084399</C2>
                </COORD>
                <COORD>
                  <C1>8.290000008411674</C1>
                  <C2>46.41000000844017</C2>
                </COORD>
                <COORD>
                  <C1>8.291000008412956</C1>
                  <C2>46.409000008439335</C2>
                </COORD>
                <COORD>
                  <C1>8.292000008413984</C1>
                  <C2>46.40900000843902</C2>
                </COORD>
                <COORD>
                  <C1>8.293000008415012</C1>
                  <C2>46.40900000843876</C2>
                </COORD>
                <COORD>
                  <C1>8.293000008415262</C1>
                  <C2>46.408000008438215</C2>
                </COORD>
                <COORD>
                  <C1>8.294000008416292</C1>
                  <C2>46.40800000843792</C2>
                </COORD>
                <COORD>
                  <C1>8.295000008417317</C1>
                  <C2>46.40800000843768</C2>
                </COORD>
                <COORD>
                  <C1>8.295000008417572</C1>
                  <C2>46.40700000843712</C2>
                </COORD>
                <COORD>
                  <C1>8.2960000084186</C1>
                  <C2>46.407000008436874</C2>
                </COORD>
                <COORD>
                  <C1>8.297000008419626</C1>
                  <C2>46.4070000084366</C2>
                </COORD>
                <COORD>
                  <C1>8.298000008420653</C1>
                  <C2>46.407000008436306</C2>
                </COORD>
                <COORD>
                  <C1>8.300000008422709</C1>
                  <C2>46.40700000843574</C2>
                </COORD>
                <COORD>
                  <C1>8.300000008422964</C1>
                  <C2>46.40600000843519</C2>
                </COORD>
                <COORD>
                  <C1>8.30100000842399</C1>
                  <C2>46.40600000843492</C2>
                </COORD>
                <COORD>
                  <C1>8.302000008425017</C1>
                  <C2>46.406000008434674</C2>
                </COORD>
                <COORD>
                  <C1>8.303000008426297</C1>
                  <C2>46.40500000843383</C2>
                </COORD>
                <COORD>
                  <C1>8.304000008427323</C1>
                  <C2>46.40500000843359</C2>
                </COORD>
                <COORD>
                  <C1>8.305000008428607</C1>
                  <C2>46.40400000843274</C2>
                </COORD>
                <COORD>
                  <C1>8.306000008429633</C1>
                  <C2>46.40400000843249</C2>
                </COORD>
                <COORD>
                  <C1>8.308000008431685</C1>
                  <C2>46.40400000843192</C2>
                </COORD>
                <COORD>
                  <C1>8.30900000843271</C1>
                  <C2>46.404000008431645</C2>
                </COORD>
                <COORD>
                  <C1>8.309000008432456</C1>
                  <C2>46.4050000084322</C2>
                </COORD>
                <COORD>
                  <C1>8.310000008433487</C1>
                  <C2>46.40500000843196</C2>
                </COORD>
                <COORD>
                  <C1>8.31100000843426</C1>
                  <C2>46.406000008432265</C2>
                </COORD>
                <COORD>
                  <C1>8.311000008434508</C1>
                  <C2>46.405000008431706</C2>
                </COORD>
                <COORD>
                  <C1>8.311000008434766</C1>
                  <C2>46.40400000843115</C2>
                </COORD>
                <COORD>
                  <C1>8.31200000843579</C1>
                  <C2>46.404000008430835</C2>
                </COORD>
                <COORD>
                  <C1>8.31300000843707</C1>
                  <C2>46.40300000843002</C2>
                </COORD>
                <COORD>
                  <C1>8.314000008438097</C1>
                  <C2>46.403000008429714</C2>
                </COORD>
                <COORD>
                  <C1>8.314000008438352</C1>
                  <C2>46.402000008429226</C2>
                </COORD>
                <COORD>
                  <C1>8.315000008439629</C1>
                  <C2>46.401000008428355</C2>
                </COORD>
                <COORD>
                  <C1>8.31600000844066</C1>
                  <C2>46.40100000842807</C2>
                </COORD>
                <COORD>
                  <C1>8.317000008441685</C1>
                  <C2>46.401000008427836</C2>
                </COORD>
                <COORD>
                  <C1>8.317000008441937</C1>
                  <C2>46.400000008427234</C2>
                </COORD>
                <COORD>
                  <C1>8.317000008442191</C1>
                  <C2>46.399000008426704</C2>
                </COORD>
                <COORD>
                  <C1>8.317000008442445</C1>
                  <C2>46.39800000842611</C2>
                </COORD>
                <COORD>
                  <C1>8.318000008443471</C1>
                  <C2>46.39800000842583</C2>
                </COORD>
                <COORD>
                  <C1>8.318000008443725</C1>
                  <C2>46.39700000842526</C2>
                </COORD>
                <COORD>
                  <C1>8.318000008443981</C1>
                  <C2>46.39600000842475</C2>
                </COORD>
                <COORD>
                  <C1>8.318000008444232</C1>
                  <C2>46.395000008424155</C2>
                </COORD>
                <COORD>
                  <C1>8.317000008443209</C1>
                  <C2>46.39500000842444</C2>
                </COORD>
                <COORD>
                  <C1>8.317000008443461</C1>
                  <C2>46.39400000842387</C2>
                </COORD>
                <COORD>
                  <C1>8.316000008442437</C1>
                  <C2>46.39400000842415</C2>
                </COORD>
                <COORD>
                  <C1>8.31600000844269</C1>
                  <C2>46.39300000842356</C2>
                </COORD>
                <COORD>
                  <C1>8.31500000844166</C1>
                  <C2>46.39300000842385</C2>
                </COORD>
                <COORD>
                  <C1>8.315000008441915</C1>
                  <C2>46.39200000842327</C2>
                </COORD>
                <COORD>
                  <C1>8.315000008442167</C1>
                  <C2>46.39100000842271</C2>
                </COORD>
                <COORD>
                  <C1>8.316000008443195</C1>
                  <C2>46.39100000842243</C2>
                </COORD>
                <COORD>
                  <C1>8.316000008443453</C1>
                  <C2>46.39000000842188</C2>
                </COORD>
                <COORD>
                  <C1>8.317000008444476</C1>
                  <C2>46.39000000842157</C2>
                </COORD>
                <COORD>
                  <C1>8.318000008445503</C1>
                  <C2>46.39000000842133</C2>
                </COORD>
                <COORD>
                  <C1>8.318000008445754</C1>
                  <C2>46.38900000842077</C2>
                </COORD>
                <COORD>
                  <C1>8.319000008446778</C1>
                  <C2>46.38900000842048</C2>
                </COORD>
                <COORD>
                  <C1>8.320000008447806</C1>
                  <C2>46.38900000842022</C2>
                </COORD>
                <COORD>
                  <C1>8.320000008448062</C1>
                  <C2>46.38800000841967</C2>
                </COORD>
                <COORD>
                  <C1>8.319000008447036</C1>
                  <C2>46.388000008419965</C2>
                </COORD>
                <COORD>
                  <C1>8.319000008447288</C1>
                  <C2>46.387000008419356</C2>
                </COORD>
                <COORD>
                  <C1>8.31800000844626</C1>
                  <C2>46.38700000841961</C2>
                </COORD>
                <COORD>
                  <C1>8.318000008446512</C1>
                  <C2>46.386000008419096</C2>
                </COORD>
                <COORD>
                  <C1>8.31700000844549</C1>
                  <C2>46.38600000841934</C2>
                </COORD>
                <COORD>
                  <C1>8.316000008444462</C1>
                  <C2>46.3860000084196</C2>
                </COORD>
                <COORD>
                  <C1>8.316000008444716</C1>
                  <C2>46.38500000841906</C2>
                </COORD>
                <COORD>
                  <C1>8.31600000844497</C1>
                  <C2>46.38400000841847</C2>
                </COORD>
                <COORD>
                  <C1>8.31500000844394</C1>
                  <C2>46.384000008418745</C2>
                </COORD>
                <COORD>
                  <C1>8.315000008444192</C1>
                  <C2>46.38300000841818</C2>
                </COORD>
                <COORD>
                  <C1>8.316000008445224</C1>
                  <C2>46.38300000841791</C2>
                </COORD>
                <COORD>
                  <C1>8.316000008445476</C1>
                  <C2>46.38200000841735</C2>
                </COORD>
                <COORD>
                  <C1>8.3150000084447</C1>
                  <C2>46.381000008417054</C2>
                </COORD>
                <COORD>
                  <C1>8.314000008443928</C1>
                  <C2>46.38000000841674</C2>
                </COORD>
                <COORD>
                  <C1>8.314000008444182</C1>
                  <C2>46.37900000841615</C2>
                </COORD>
                <COORD>
                  <C1>8.313000008443153</C1>
                  <C2>46.379000008416426</C2>
                </COORD>
                <COORD>
                  <C1>8.312000008442379</C1>
                  <C2>46.37800000841615</C2>
                </COORD>
                <COORD>
                  <C1>8.311000008441352</C1>
                  <C2>46.3780000084164</C2>
                </COORD>
                <COORD>
                  <C1>8.310000008440324</C1>
                  <C2>46.37800000841665</C2>
                </COORD>
                <COORD>
                  <C1>8.309000008439297</C1>
                  <C2>46.378000008416926</C2>
                </COORD>
                <COORD>
                  <C1>8.30900000843955</C1>
                  <C2>46.377000008416374</C2>
                </COORD>
                <COORD>
                  <C1>8.308000008438523</C1>
                  <C2>46.37700000841668</C2>
                </COORD>
                <COORD>
                  <C1>8.307000008437495</C1>
                  <C2>46.37700000841693</C2>
                </COORD>
                <COORD>
                  <C1>8.306000008436465</C1>
                  <C2>46.377000008417205</C2>
                </COORD>
                <COORD>
                  <C1>8.305000008435439</C1>
                  <C2>46.37700000841746</C2>
                </COORD>
                <COORD>
                  <C1>8.304000008434661</C1>
                  <C2>46.37600000841714</C2>
                </COORD>
                <COORD>
                  <C1>8.303000008433635</C1>
                  <C2>46.37600000841743</C2>
                </COORD>
                <COORD>
                  <C1>8.302000008432607</C1>
                  <C2>46.37600000841767</C2>
                </COORD>
                <COORD>
                  <C1>8.30100000843158</C1>
                  <C2>46.37600000841794</C2>
                </COORD>
                <COORD>
                  <C1>8.300000008430803</C1>
                  <C2>46.375000008417665</C2>
                </COORD>
                <COORD>
                  <C1>8.299000008429774</C1>
                  <C2>46.375000008417935</C2>
                </COORD>
                <COORD>
                  <C1>8.298000008428998</C1>
                  <C2>46.37400000841761</C2>
                </COORD>
                <COORD>
                  <C1>8.297000008428222</C1>
                  <C2>46.373000008417335</C2>
                </COORD>
                <COORD>
                  <C1>8.296000008427448</C1>
                  <C2>46.37200000841705</C2>
                </COORD>
                <COORD>
                  <C1>8.295000008426419</C1>
                  <C2>46.37200000841732</C2>
                </COORD>
                <COORD>
                  <C1>8.29400000842539</C1>
                  <C2>46.37200000841757</C2>
                </COORD>
                <COORD>
                  <C1>8.293000008424363</C1>
                  <C2>46.37200000841785</C2>
                </COORD>
                <COORD>
                  <C1>8.292000008423583</C1>
                  <C2>46.37100000841753</C2>
                </COORD>
                <COORD>
                  <C1>8.291000008422555</C1>
                  <C2>46.371000008417795</C2>
                </COORD>
                <COORD>
                  <C1>8.290000008421776</C1>
                  <C2>46.370000008417506</C2>
                </COORD>
                <COORD>
                  <C1>8.289000008420748</C1>
                  <C2>46.37000000841779</C2>
                </COORD>
                <COORD>
                  <C1>8.289000008420997</C1>
                  <C2>46.369000008417224</C2>
                </COORD>
                <COORD>
                  <C1>8.28800000841997</C1>
                  <C2>46.369000008417494</C2>
                </COORD>
                <COORD>
                  <C1>8.288000008420223</C1>
                  <C2>46.3680000084169</C2>
                </COORD>
                <COORD>
                  <C1>8.287000008419191</C1>
                  <C2>46.36800000841716</C2>
                </COORD>
                <COORD>
                  <C1>8.286000008418162</C1>
                  <C2>46.36800000841741</C2>
                </COORD>
                <COORD>
                  <C1>8.286000008418414</C1>
                  <C2>46.36700000841686</C2>
                </COORD>
                <COORD>
                  <C1>8.286000008418666</C1>
                  <C2>46.36600000841631</C2>
                </COORD>
                <COORD>
                  <C1>8.285000008417633</C1>
                  <C2>46.36600000841656</C2>
                </COORD>
                <COORD>
                  <C1>8.284000008416857</C1>
                  <C2>46.365000008416295</C2>
                </COORD>
                <COORD>
                  <C1>8.284000008416607</C1>
                  <C2>46.36600000841682</C2>
                </COORD>
                <COORD>
                  <C1>8.283000008415573</C1>
                  <C2>46.366000008417096</C2>
                </COORD>
                <COORD>
                  <C1>8.282000008414544</C1>
                  <C2>46.366000008417345</C2>
                </COORD>
                <COORD>
                  <C1>8.28100000841352</C1>
                  <C2>46.36600000841764</C2>
                </COORD>
                <COORD>
                  <C1>8.280000008412236</C1>
                  <C2>46.367000008418465</C2>
                </COORD>
                <COORD>
                  <C1>8.279000008411206</C1>
                  <C2>46.367000008418714</C2>
                </COORD>
                <COORD>
                  <C1>8.27800000841018</C1>
                  <C2>46.367000008418984</C2>
                </COORD>
                <COORD>
                  <C1>8.277000008409146</C1>
                  <C2>46.36700000841925</C2>
                </COORD>
                <COORD>
                  <C1>8.276000008408117</C1>
                  <C2>46.367000008419524</C2>
                </COORD>
                <COORD>
                  <C1>8.276000008407864</C1>
                  <C2>46.368000008420104</C2>
                </COORD>
                <COORD>
                  <C1>8.275000008406584</C1>
                  <C2>46.369000008420926</C2>
                </COORD>
                <COORD>
                  <C1>8.274000008405551</C1>
                  <C2>46.369000008421196</C2>
                </COORD>
                <COORD>
                  <C1>8.273000008404772</C1>
                  <C2>46.36800000842092</C2>
                </COORD>
                <COORD>
                  <C1>8.27200000840374</C1>
                  <C2>46.368000008421184</C2>
                </COORD>
                <COORD>
                  <C1>8.271000008402716</C1>
                  <C2>46.36800000842147</C2>
                </COORD>
                <COORD>
                  <C1>8.27000000840168</C1>
                  <C2>46.36800000842171</C2>
                </COORD>
                <COORD>
                  <C1>8.270000008401931</C1>
                  <C2>46.367000008421094</C2>
                </COORD>
                <COORD>
                  <C1>8.269000008400903</C1>
                  <C2>46.367000008421414</C2>
                </COORD>
                <COORD>
                  <C1>8.26800000839987</C1>
                  <C2>46.3670000084217</C2>
                </COORD>
                <COORD>
                  <C1>8.267000008398837</C1>
                  <C2>46.36700000842194</C2>
                </COORD>
                <COORD>
                  <C1>8.267000008399092</C1>
                  <C2>46.366000008421366</C2>
                </COORD>
                <COORD>
                  <C1>8.266000008398063</C1>
                  <C2>46.366000008421636</C2>
                </COORD>
                <COORD>
                  <C1>8.265000008397028</C1>
                  <C2>46.366000008421906</C2>
                </COORD>
                <COORD>
                  <C1>8.265000008397282</C1>
                  <C2>46.36500000842132</C2>
                </COORD>
                <COORD>
                  <C1>8.264000008396247</C1>
                  <C2>46.36500000842159</C2>
                </COORD>
                <COORD>
                  <C1>8.264000008396497</C1>
                  <C2>46.36400000842102</C2>
                </COORD>
                <COORD>
                  <C1>8.263000008395466</C1>
                  <C2>46.36400000842128</C2>
                </COORD>
                <COORD>
                  <C1>8.263000008395714</C1>
                  <C2>46.36300000842073</C2>
                </COORD>
                <COORD>
                  <C1>8.262000008394688</C1>
                  <C2>46.36300000842101</C2>
                </COORD>
                <COORD>
                  <C1>8.262000008394939</C1>
                  <C2>46.362000008420466</C2>
                </COORD>
                <COORD>
                  <C1>8.263000008396215</C1>
                  <C2>46.361000008419595</C2>
                </COORD>
                <COORD>
                  <C1>8.26400000839725</C1>
                  <C2>46.361000008419325</C2>
                </COORD>
                <COORD>
                  <C1>8.264000008397499</C1>
                  <C2>46.36000000841875</C2>
                </COORD>
                <COORD>
                  <C1>8.265000008398532</C1>
                  <C2>46.36000000841847</C2>
                </COORD>
                <COORD>
                  <C1>8.266000008399812</C1>
                  <C2>46.35900000841766</C2>
                </COORD>
                <COORD>
                  <C1>8.266000008400061</C1>
                  <C2>46.35800000841705</C2>
                </COORD>
                <COORD>
                  <C1>8.265000008399031</C1>
                  <C2>46.358000008417356</C2>
                </COORD>
                <COORD>
                  <C1>8.266000008400313</C1>
                  <C2>46.35700000841653</C2>
                </COORD>
                <COORD>
                  <C1>8.266000008400562</C1>
                  <C2>46.35600000841598</C2>
                </COORD>
                <COORD>
                  <C1>8.266000008400814</C1>
                  <C2>46.35500000841536</C2>
                </COORD>
                <COORD>
                  <C1>8.267000008402093</C1>
                  <C2>46.35400000841453</C2>
                </COORD>
                <COORD>
                  <C1>8.266000008401313</C1>
                  <C2>46.353000008414206</C2>
                </COORD>
                <COORD>
                  <C1>8.265000008400284</C1>
                  <C2>46.353000008414504</C2>
                </COORD>
                <COORD>
                  <C1>8.26400000839925</C1>
                  <C2>46.353000008414774</C2>
                </COORD>
                <COORD>
                  <C1>8.264000008399503</C1>
                  <C2>46.35200000841419</C2>
                </COORD>
                <COORD>
                  <C1>8.263000008398468</C1>
                  <C2>46.35200000841444</C2>
                </COORD>
                <COORD>
                  <C1>8.262000008397438</C1>
                  <C2>46.3520000084147</C2>
                </COORD>
                <COORD>
                  <C1>8.262000008397687</C1>
                  <C2>46.35100000841414</C2>
                </COORD>
                <COORD>
                  <C1>8.261000008396651</C1>
                  <C2>46.35100000841443</C2>
                </COORD>
                <COORD>
                  <C1>8.261000008396904</C1>
                  <C2>46.35000000841385</C2>
                </COORD>
                <COORD>
                  <C1>8.262000008397937</C1>
                  <C2>46.350000008413566</C2>
                </COORD>
                <COORD>
                  <C1>8.263000008398967</C1>
                  <C2>46.35000000841333</C2>
                </COORD>
                <COORD>
                  <C1>8.263000008399214</C1>
                  <C2>46.349000008412744</C2>
                </COORD>
                <COORD>
                  <C1>8.26400000840025</C1>
                  <C2>46.34900000841247</C2>
                </COORD>
                <COORD>
                  <C1>8.264000008400496</C1>
                  <C2>46.34800000841191</C2>
                </COORD>
                <COORD>
                  <C1>8.263000008399466</C1>
                  <C2>46.34800000841214</C2>
                </COORD>
                <COORD>
                  <C1>8.262000008398687</C1>
                  <C2>46.34700000841191</C2>
                </COORD>
                <COORD>
                  <C1>8.26100000839765</C1>
                  <C2>46.347000008412124</C2>
                </COORD>
                <COORD>
                  <C1>8.261000008397401</C1>
                  <C2>46.348000008412676</C2>
                </COORD>
                <COORD>
                  <C1>8.260000008396368</C1>
                  <C2>46.34800000841296</C2>
                </COORD>
                <COORD>
                  <C1>8.259000008395342</C1>
                  <C2>46.348000008413244</C2>
                </COORD>
                <COORD>
                  <C1>8.258000008394305</C1>
                  <C2>46.34800000841349</C2>
                </COORD>
                <COORD>
                  <C1>8.257000008393275</C1>
                  <C2>46.34800000841376</C2>
                </COORD>
                <COORD>
                  <C1>8.256000008392242</C1>
                  <C2>46.34800000841401</C2>
                </COORD>
                <COORD>
                  <C1>8.255000008391212</C1>
                  <C2>46.34800000841428</C2>
                </COORD>
                <COORD>
                  <C1>8.254000008390179</C1>
                  <C2>46.348000008414594</C2>
                </COORD>
                <COORD>
                  <C1>8.253000008389144</C1>
                  <C2>46.3480000084148</C2>
                </COORD>
                <COORD>
                  <C1>8.25200000838836</C1>
                  <C2>46.34700000841452</C2>
                </COORD>
                <COORD>
                  <C1>8.25200000838861</C1>
                  <C2>46.346000008413945</C2>
                </COORD>
                <COORD>
                  <C1>8.25200000838886</C1>
                  <C2>46.34500000841338</C2>
                </COORD>
                <COORD>
                  <C1>8.252000008389105</C1>
                  <C2>46.34400000841282</C2>
                </COORD>
                <COORD>
                  <C1>8.251000008388326</C1>
                  <C2>46.343000008412524</C2>
                </COORD>
                <COORD>
                  <C1>8.250000008387543</C1>
                  <C2>46.34200000841221</C2>
                </COORD>
                <COORD>
                  <C1>8.249000008386506</C1>
                  <C2>46.34200000841246</C2>
                </COORD>
                <COORD>
                  <C1>8.248000008385471</C1>
                  <C2>46.342000008412704</C2>
                </COORD>
                <COORD>
                  <C1>8.247000008384441</C1>
                  <C2>46.342000008413</C2>
                </COORD>
                <COORD>
                  <C1>8.24600000838341</C1>
                  <C2>46.34200000841328</C2>
                </COORD>
                <COORD>
                  <C1>8.245000008382377</C1>
                  <C2>46.342000008413535</C2>
                </COORD>
                <COORD>
                  <C1>8.24400000838134</C1>
                  <C2>46.34200000841379</C2>
                </COORD>
                <COORD>
                  <C1>8.243000008380312</C1>
                  <C2>46.342000008414054</C2>
                </COORD>
                <COORD>
                  <C1>8.242000008379526</C1>
                  <C2>46.34100000841376</C2>
                </COORD>
                <COORD>
                  <C1>8.241000008378487</C1>
                  <C2>46.34100000841402</C2>
                </COORD>
                <COORD>
                  <C1>8.241000008378242</C1>
                  <C2>46.34200000841458</C2>
                </COORD>
                <COORD>
                  <C1>8.240000008377207</C1>
                  <C2>46.34200000841482</C2>
                </COORD>
                <COORD>
                  <C1>8.239000008376173</C1>
                  <C2>46.34200000841509</C2>
                </COORD>
                <COORD>
                  <C1>8.23800000837514</C1>
                  <C2>46.342000008415376</C2>
                </COORD>
                <COORD>
                  <C1>8.236000008373072</C1>
                  <C2>46.34200000841594</C2>
                </COORD>
                <COORD>
                  <C1>8.235000008372035</C1>
                  <C2>46.342000008416164</C2>
                </COORD>
                <COORD>
                  <C1>8.235000008372289</C1>
                  <C2>46.34100000841563</C2>
                </COORD>
                <COORD>
                  <C1>8.234000008371252</C1>
                  <C2>46.34100000841587</C2>
                </COORD>
                <COORD>
                  <C1>8.2340000083715</C1>
                  <C2>46.340000008415316</C2>
                </COORD>
                <COORD>
                  <C1>8.233000008370466</C1>
                  <C2>46.34000000841559</C2>
                </COORD>
                <COORD>
                  <C1>8.23200000836943</C1>
                  <C2>46.340000008415856</C2>
                </COORD>
                <COORD>
                  <C1>8.232000008369681</C1>
                  <C2>46.33900000841527</C2>
                </COORD>
                <COORD>
                  <C1>8.231000008368644</C1>
                  <C2>46.33900000841553</C2>
                </COORD>
                <COORD>
                  <C1>8.23000000836761</C1>
                  <C2>46.339000008415795</C2>
                </COORD>
                <COORD>
                  <C1>8.230000008367861</C1>
                  <C2>46.33800000841524</C2>
                </COORD>
                <COORD>
                  <C1>8.229000008366823</C1>
                  <C2>46.33800000841547</C2>
                </COORD>
                <COORD>
                  <C1>8.229000008367072</C1>
                  <C2>46.337000008414876</C2>
                </COORD>
                <COORD>
                  <C1>8.228000008366038</C1>
                  <C2>46.337000008415174</C2>
                </COORD>
                <COORD>
                  <C1>8.227000008365003</C1>
                  <C2>46.337000008415465</C2>
                </COORD>
                <COORD>
                  <C1>8.226000008363968</C1>
                  <C2>46.33700000841573</C2>
                </COORD>
                <COORD>
                  <C1>8.225000008363182</C1>
                  <C2>46.3360000084154</C2>
                </COORD>
                <COORD>
                  <C1>8.225000008363429</C1>
                  <C2>46.3350000084148</C2>
                </COORD>
                <COORD>
                  <C1>8.226000008364466</C1>
                  <C2>46.335000008414575</C2>
                </COORD>
                <COORD>
                  <C1>8.226000008364714</C1>
                  <C2>46.33400000841397</C2>
                </COORD>
                <COORD>
                  <C1>8.225000008363677</C1>
                  <C2>46.334000008414236</C2>
                </COORD>
                <COORD>
                  <C1>8.225000008363923</C1>
                  <C2>46.33300000841366</C2>
                </COORD>
                <COORD>
                  <C1>8.224000008362887</C1>
                  <C2>46.33300000841395</C2>
                </COORD>
                <COORD>
                  <C1>8.224000008363138</C1>
                  <C2>46.33200000841337</C2>
                </COORD>
                <COORD>
                  <C1>8.224000008363383</C1>
                  <C2>46.33100000841276</C2>
                </COORD>
                <COORD>
                  <C1>8.22400000836363</C1>
                  <C2>46.33000000841222</C2>
                </COORD>
                <COORD>
                  <C1>8.225000008364914</C1>
                  <C2>46.32900000841138</C2>
                </COORD>
                <COORD>
                  <C1>8.224000008363879</C1>
                  <C2>46.32900000841165</C2>
                </COORD>
                <COORD>
                  <C1>8.22500000836516</C1>
                  <C2>46.32800000841082</C2>
                </COORD>
                <COORD>
                  <C1>8.22500000836541</C1>
                  <C2>46.32700000841018</C2>
                </COORD>
                <COORD>
                  <C1>8.225000008365656</C1>
                  <C2>46.326000008409636</C2>
                </COORD>
                <COORD>
                  <C1>8.224000008364621</C1>
                  <C2>46.32600000840992</C2>
                </COORD>
                <COORD>
                  <C1>8.223000008363833</C1>
                  <C2>46.325000008409596</C2>
                </COORD>
                <COORD>
                  <C1>8.222000008362798</C1>
                  <C2>46.32500000840985</C2>
                </COORD>
                <COORD>
                  <C1>8.22100000836176</C1>
                  <C2>46.32500000841012</C2>
                </COORD>
                <COORD>
                  <C1>8.221000008362008</C1>
                  <C2>46.324000008409534</C2>
                </COORD>
                <COORD>
                  <C1>8.220000008360971</C1>
                  <C2>46.32400000840982</C2>
                </COORD>
                <COORD>
                  <C1>8.219000008360183</C1>
                  <C2>46.32300000840955</C2>
                </COORD>
                <COORD>
                  <C1>8.218000008359152</C1>
                  <C2>46.32300000840978</C2>
                </COORD>
                <COORD>
                  <C1>8.218000008359397</C1>
                  <C2>46.3220000084092</C2>
                </COORD>
                <COORD>
                  <C1>8.21700000835836</C1>
                  <C2>46.322000008409454</C2>
                </COORD>
                <COORD>
                  <C1>8.216000008357323</C1>
                  <C2>46.32200000840972</C2>
                </COORD>
                <COORD>
                  <C1>8.21600000835757</C1>
                  <C2>46.32100000840916</C2>
                </COORD>
                <COORD>
                  <C1>8.216000008357815</C1>
                  <C2>46.320000008408584</C2>
                </COORD>
                <COORD>
                  <C1>8.21600000835806</C1>
                  <C2>46.31900000840804</C2>
                </COORD>
                <COORD>
                  <C1>8.216000008358309</C1>
                  <C2>46.318000008407424</C2>
                </COORD>
                <COORD>
                  <C1>8.215000008357274</C1>
                  <C2>46.31800000840769</C2>
                </COORD>
                <COORD>
                  <C1>8.21500000835752</C1>
                  <C2>46.31700000840712</C2>
                </COORD>
                <COORD>
                  <C1>8.214000008356486</C1>
                  <C2>46.317000008407376</C2>
                </COORD>
                <COORD>
                  <C1>8.214000008356729</C1>
                  <C2>46.31600000840684</C2>
                </COORD>
                <COORD>
                  <C1>8.213000008355692</C1>
                  <C2>46.316000008407066</C2>
                </COORD>
                <COORD>
                  <C1>8.21300000835594</C1>
                  <C2>46.31500000840648</C2>
                </COORD>
                <COORD>
                  <C1>8.212000008355146</C1>
                  <C2>46.31400000840617</C2>
                </COORD>
                <COORD>
                  <C1>8.213000008356186</C1>
                  <C2>46.314000008405884</C2>
                </COORD>
                <COORD>
                  <C1>8.21300000835643</C1>
                  <C2>46.31300000840534</C2>
                </COORD>
                <COORD>
                  <C1>8.213000008356676</C1>
                  <C2>46.31200000840474</C2>
                </COORD>
                <COORD>
                  <C1>8.213000008356923</C1>
                  <C2>46.31100000840418</C2>
                </COORD>
                <COORD>
                  <C1>8.212000008355888</C1>
                  <C2>46.311000008404484</C2>
                </COORD>
                <COORD>
                  <C1>8.211000008354851</C1>
                  <C2>46.311000008404726</C2>
                </COORD>
                <COORD>
                  <C1>8.20900000835327</C1>
                  <C2>46.30900000840407</C2>
                </COORD>
                <COORD>
                  <C1>8.207000008351438</C1>
                  <C2>46.30800000840403</C2>
                </COORD>
                <COORD>
                  <C1>8.201000008345954</C1>
                  <C2>46.305000008403866</C2>
                </COORD>
                <COORD>
                  <C1>8.200000008344912</C1>
                  <C2>46.30500000840412</C2>
                </COORD>
                <COORD>
                  <C1>8.200000008345157</C1>
                  <C2>46.304000008403584</C2>
                </COORD>
                <COORD>
                  <C1>8.19900000834412</C1>
                  <C2>46.30400000840382</C2>
                </COORD>
                <COORD>
                  <C1>8.198000008343085</C1>
                  <C2>46.304000008404095</C2>
                </COORD>
                <COORD>
                  <C1>8.197000008342043</C1>
                  <C2>46.30400000840435</C2>
                </COORD>
                <COORD>
                  <C1>8.1970000083418</C1>
                  <C2>46.30500000840495</C2>
                </COORD>
                <COORD>
                  <C1>8.19600000834076</C1>
                  <C2>46.3050000084052</C2>
                </COORD>
                <COORD>
                  <C1>8.195000008339726</C1>
                  <C2>46.305000008405486</C2>
                </COORD>
                <COORD>
                  <C1>8.194000008338687</C1>
                  <C2>46.30500000840572</C2>
                </COORD>
                <COORD>
                  <C1>8.193000008337888</C1>
                  <C2>46.30400000840542</C2>
                </COORD>
                <COORD>
                  <C1>8.192000008336855</C1>
                  <C2>46.30400000840568</C2>
                </COORD>
                <COORD>
                  <C1>8.191000008335816</C1>
                  <C2>46.30400000840593</C2>
                </COORD>
                <COORD>
                  <C1>8.19000000833502</C1>
                  <C2>46.30300000840561</C2>
                </COORD>
                <COORD>
                  <C1>8.188000008332944</C1>
                  <C2>46.30300000840616</C2>
                </COORD>
                <COORD>
                  <C1>8.187000008331905</C1>
                  <C2>46.30300000840641</C2>
                </COORD>
                <COORD>
                  <C1>8.187000008332149</C1>
                  <C2>46.30200000840585</C2>
                </COORD>
                <COORD>
                  <C1>8.18600000833111</C1>
                  <C2>46.30200000840612</C2>
                </COORD>
                <COORD>
                  <C1>8.185000008330073</C1>
                  <C2>46.30200000840638</C2>
                </COORD>
                <COORD>
                  <C1>8.184000008329031</C1>
                  <C2>46.30200000840662</C2>
                </COORD>
                <COORD>
                  <C1>8.184000008329273</C1>
                  <C2>46.301000008406035</C2>
                </COORD>
                <COORD>
                  <C1>8.183000008328236</C1>
                  <C2>46.30100000840633</C2>
                </COORD>
                <COORD>
                  <C1>8.18200000832744</C1>
                  <C2>46.300000008405995</C2>
                </COORD>
                <COORD>
                  <C1>8.181000008326404</C1>
                  <C2>46.300000008406265</C2>
                </COORD>
                <COORD>
                  <C1>8.181000008326645</C1>
                  <C2>46.299000008405656</C2>
                </COORD>
                <COORD>
                  <C1>8.180000008325608</C1>
                  <C2>46.29900000840595</C2>
                </COORD>
                <COORD>
                  <C1>8.179000008324566</C1>
                  <C2>46.29900000840621</C2>
                </COORD>
                <COORD>
                  <C1>8.178000008323528</C1>
                  <C2>46.29900000840646</C2>
                </COORD>
                <COORD>
                  <C1>8.178000008323284</C1>
                  <C2>46.30000000840706</C2>
                </COORD>
                <COORD>
                  <C1>8.177000008322489</C1>
                  <C2>46.29900000840677</C2>
                </COORD>
                <COORD>
                  <C1>8.177000008322242</C1>
                  <C2>46.3000000084073</C2>
                </COORD>
                <COORD>
                  <C1>8.176000008321205</C1>
                  <C2>46.30000000840757</C2>
                </COORD>
                <COORD>
                  <C1>8.17600000832145</C1>
                  <C2>46.29900000840698</C2>
                </COORD>
                <COORD>
                  <C1>8.171000008316247</C1>
                  <C2>46.299000008408306</C2>
                </COORD>
                <COORD>
                  <C1>8.170000008315212</C1>
                  <C2>46.299000008408555</C2>
                </COORD>
                <COORD>
                  <C1>8.169000008314413</C1>
                  <C2>46.298000008408245</C2>
                </COORD>
                <COORD>
                  <C1>8.16900000831417</C1>
                  <C2>46.29900000840885</C2>
                </COORD>
                <COORD>
                  <C1>8.168000008313129</C1>
                  <C2>46.29900000840909</C2>
                </COORD>
                <COORD>
                  <C1>8.167000008312087</C1>
                  <C2>46.299000008409365</C2>
                </COORD>
                <COORD>
                  <C1>8.166000008311046</C1>
                  <C2>46.29900000840963</C2>
                </COORD>
                <COORD>
                  <C1>8.166000008311292</C1>
                  <C2>46.29800000840904</C2>
                </COORD>
                <COORD>
                  <C1>8.165000008310248</C1>
                  <C2>46.2980000084093</C2>
                </COORD>
                <COORD>
                  <C1>8.164000008309209</C1>
                  <C2>46.29800000840959</C2>
                </COORD>
                <COORD>
                  <C1>8.163000008308167</C1>
                  <C2>46.298000008409836</C2>
                </COORD>
                <COORD>
                  <C1>8.162000008307126</C1>
                  <C2>46.29800000841012</C2>
                </COORD>
                <COORD>
                  <C1>8.161000008306088</C1>
                  <C2>46.29800000841036</C2>
                </COORD>
                <COORD>
                  <C1>8.160000008305044</C1>
                  <C2>46.298000008410604</C2>
                </COORD>
                <COORD>
                  <C1>8.159000008304004</C1>
                  <C2>46.29800000841088</C2>
                </COORD>
                <COORD>
                  <C1>8.15800000830272</C1>
                  <C2>46.29900000841169</C2>
                </COORD>
                <COORD>
                  <C1>8.15700000830168</C1>
                  <C2>46.29900000841202</C2>
                </COORD>
                <COORD>
                  <C1>8.157000008301432</C1>
                  <C2>46.300000008412574</C2>
                </COORD>
                <COORD>
                  <C1>8.156000008300394</C1>
                  <C2>46.300000008412816</C2>
                </COORD>
                <COORD>
                  <C1>8.155000008299352</C1>
                  <C2>46.300000008413086</C2>
                </COORD>
                <COORD>
                  <C1>8.155000008299107</C1>
                  <C2>46.30100000841367</C2>
                </COORD>
                <COORD>
                  <C1>8.154000008298063</C1>
                  <C2>46.30100000841394</C2>
                </COORD>
                <COORD>
                  <C1>8.153000008297026</C1>
                  <C2>46.30100000841419</C2>
                </COORD>
                <COORD>
                  <C1>8.152000008295738</C1>
                  <C2>46.30200000841506</C2>
                </COORD>
                <COORD>
                  <C1>8.151000008294696</C1>
                  <C2>46.3020000084153</C2>
                </COORD>
                <COORD>
                  <C1>8.150000008293413</C1>
                  <C2>46.30300000841612</C2>
                </COORD>
                <COORD>
                  <C1>8.14900000829237</C1>
                  <C2>46.30300000841642</C2>
                </COORD>
                <COORD>
                  <C1>8.148000008291325</C1>
                  <C2>46.30300000841667</C2>
                </COORD>
                <COORD>
                  <C1>8.147000008290043</C1>
                  <C2>46.30400000841751</C2>
                </COORD>
                <COORD>
                  <C1>8.146000008289004</C1>
                  <C2>46.30400000841777</C2>
                </COORD>
                <COORD>
                  <C1>8.145000008287962</C1>
                  <C2>46.30400000841804</C2>
                </COORD>
                <COORD>
                  <C1>8.144000008286918</C1>
                  <C2>46.30400000841829</C2>
                </COORD>
                <COORD>
                  <C1>8.143000008285874</C1>
                  <C2>46.30400000841855</C2>
                </COORD>
                <COORD>
                  <C1>8.142000008284834</C1>
                  <C2>46.30400000841884</C2>
                </COORD>
                <COORD>
                  <C1>8.141000008283791</C1>
                  <C2>46.30400000841908</C2>
                </COORD>
                <COORD>
                  <C1>8.140000008282751</C1>
                  <C2>46.30400000841934</C2>
                </COORD>
                <COORD>
                  <C1>8.139000008281704</C1>
                  <C2>46.304000008419614</C2>
                </COORD>
                <COORD>
                  <C1>8.138000008280663</C1>
                  <C2>46.30400000841989</C2>
                </COORD>
                <COORD>
                  <C1>8.138000008280908</C1>
                  <C2>46.30300000841929</C2>
                </COORD>
                <COORD>
                  <C1>8.137000008279864</C1>
                  <C2>46.303000008419545</C2>
                </COORD>
                <COORD>
                  <C1>8.13700000828011</C1>
                  <C2>46.302000008418965</C2>
                </COORD>
                <COORD>
                  <C1>8.136000008279066</C1>
                  <C2>46.302000008419235</C2>
                </COORD>
                <COORD>
                  <C1>8.135000008278269</C1>
                  <C2>46.301000008418896</C2>
                </COORD>
                <COORD>
                  <C1>8.134000008277225</C1>
                  <C2>46.30100000841917</C2>
                </COORD>
                <COORD>
                  <C1>8.134000008277468</C1>
                  <C2>46.30000000841856</C2>
                </COORD>
                <COORD>
                  <C1>8.133000008276424</C1>
                  <C2>46.300000008418856</C2>
                </COORD>
                <COORD>
                  <C1>8.133000008276666</C1>
                  <C2>46.29900000841826</C2>
                </COORD>
                <COORD>
                  <C1>8.132000008275627</C1>
                  <C2>46.29900000841855</C2>
                </COORD>
                <COORD>
                  <C1>8.131000008274825</C1>
                  <C2>46.29800000841821</C2>
                </COORD>
                <COORD>
                  <C1>8.13000000827378</C1>
                  <C2>46.29800000841846</C2>
                </COORD>
                <COORD>
                  <C1>8.13000000827402</C1>
                  <C2>46.29700000841786</C2>
                </COORD>
                <COORD>
                  <C1>8.129000008273218</C1>
                  <C2>46.29600000841761</C2>
                </COORD>
                <COORD>
                  <C1>8.128000008271936</C1>
                  <C2>46.297000008418394</C2>
                </COORD>
                <COORD>
                  <C1>8.128000008272178</C1>
                  <C2>46.29600000841785</C2>
                </COORD>
                <COORD>
                  <C1>8.127000008271136</C1>
                  <C2>46.2960000084181</C2>
                </COORD>
                <COORD>
                  <C1>8.126000008270086</C1>
                  <C2>46.296000008418375</C2>
                </COORD>
                <COORD>
                  <C1>8.125000008269048</C1>
                  <C2>46.29600000841862</C2>
                </COORD>
                <COORD>
                  <C1>8.12500000826929</C1>
                  <C2>46.29500000841805</C2>
                </COORD>
                <COORD>
                  <C1>8.124000008268247</C1>
                  <C2>46.29500000841832</C2>
                </COORD>
                <COORD>
                  <C1>8.123000008267201</C1>
                  <C2>46.295000008418555</C2>
                </COORD>
                <COORD>
                  <C1>8.123000008267443</C1>
                  <C2>46.29400000841795</C2>
                </COORD>
                <COORD>
                  <C1>8.1220000082664</C1>
                  <C2>46.294000008418216</C2>
                </COORD>
                <COORD>
                  <C1>8.122000008266644</C1>
                  <C2>46.293000008417685</C2>
                </COORD>
                <COORD>
                  <C1>8.121000008265842</C1>
                  <C2>46.29200000841735</C2>
                </COORD>
                <COORD>
                  <C1>8.120000008264794</C1>
                  <C2>46.29200000841761</C2>
                </COORD>
                <COORD>
                  <C1>8.120000008265036</C1>
                  <C2>46.291000008417036</C2>
                </COORD>
                <COORD>
                  <C1>8.120000008265281</C1>
                  <C2>46.29000000841647</C2>
                </COORD>
                <COORD>
                  <C1>8.120000008265523</C1>
                  <C2>46.28900000841587</C2>
                </COORD>
                <COORD>
                  <C1>8.119000008264718</C1>
                  <C2>46.28800000841553</C2>
                </COORD>
                <COORD>
                  <C1>8.118000008263676</C1>
                  <C2>46.28800000841579</C2>
                </COORD>
                <COORD>
                  <C1>8.118000008263921</C1>
                  <C2>46.28700000841522</C2>
                </COORD>
                <COORD>
                  <C1>8.117000008262872</C1>
                  <C2>46.28700000841548</C2>
                </COORD>
                <COORD>
                  <C1>8.117000008263117</C1>
                  <C2>46.2860000084149</C2>
                </COORD>
                <COORD>
                  <C1>8.117000008263355</C1>
                  <C2>46.28500000841433</C2>
                </COORD>
                <COORD>
                  <C1>8.116000008262315</C1>
                  <C2>46.28500000841455</C2>
                </COORD>
                <COORD>
                  <C1>8.116000008262557</C1>
                  <C2>46.28400000841399</C2>
                </COORD>
                <COORD>
                  <C1>8.115000008261509</C1>
                  <C2>46.284000008414246</C2>
                </COORD>
                <COORD>
                  <C1>8.115000008261749</C1>
                  <C2>46.28300000841368</C2>
                </COORD>
                <COORD>
                  <C1>8.114000008260707</C1>
                  <C2>46.283000008413936</C2>
                </COORD>
                <COORD>
                  <C1>8.1130000082599</C1>
                  <C2>46.28200000841364</C2>
                </COORD>
                <COORD>
                  <C1>8.112000008258857</C1>
                  <C2>46.282000008413874</C2>
                </COORD>
                <COORD>
                  <C1>8.111000008257811</C1>
                  <C2>46.28200000841414</C2>
                </COORD>
                <COORD>
                  <C1>8.110000008256765</C1>
                  <C2>46.282000008414386</C2>
                </COORD>
                <COORD>
                  <C1>8.109000008255721</C1>
                  <C2>46.28200000841465</C2>
                </COORD>
                <COORD>
                  <C1>8.108000008254676</C1>
                  <C2>46.2820000084149</C2>
                </COORD>
                <COORD>
                  <C1>8.10700000825363</C1>
                  <C2>46.28200000841515</C2>
                </COORD>
                <COORD>
                  <C1>8.107000008253872</C1>
                  <C2>46.2810000084146</C2>
                </COORD>
                <COORD>
                  <C1>8.10600000825283</C1>
                  <C2>46.281000008414864</C2>
                </COORD>
                <COORD>
                  <C1>8.10600000825307</C1>
                  <C2>46.280000008414255</C2>
                </COORD>
                <COORD>
                  <C1>8.10500000825202</C1>
                  <C2>46.280000008414504</C2>
                </COORD>
                <COORD>
                  <C1>8.105000008252262</C1>
                  <C2>46.279000008413924</C2>
                </COORD>
                <COORD>
                  <C1>8.105000008252505</C1>
                  <C2>46.27800000841334</C2>
                </COORD>
                <COORD>
                  <C1>8.104000008251457</C1>
                  <C2>46.27800000841361</C2>
                </COORD>
                <COORD>
                  <C1>8.103000008250412</C1>
                  <C2>46.27800000841392</C2>
                </COORD>
                <COORD>
                  <C1>8.103000008250653</C1>
                  <C2>46.27700000841332</C2>
                </COORD>
                <COORD>
                  <C1>8.102000008249606</C1>
                  <C2>46.277000008413566</C2>
                </COORD>
                <COORD>
                  <C1>8.102000008249844</C1>
                  <C2>46.276000008412964</C2>
                </COORD>
                <COORD>
                  <C1>8.101000008248805</C1>
                  <C2>46.27600000841324</C2>
                </COORD>
                <COORD>
                  <C1>8.101000008249043</C1>
                  <C2>46.27500000841263</C2>
                </COORD>
                <COORD>
                  <C1>8.100000008247996</C1>
                  <C2>46.27500000841293</C2>
                </COORD>
                <COORD>
                  <C1>8.099000008246948</C1>
                  <C2>46.275000008413144</C2>
                </COORD>
                <COORD>
                  <C1>8.099000008247192</C1>
                  <C2>46.27400000841259</C2>
                </COORD>
                <COORD>
                  <C1>8.098000008246144</C1>
                  <C2>46.27400000841285</C2>
                </COORD>
                <COORD>
                  <C1>8.098000008246384</C1>
                  <C2>46.273000008412254</C2>
                </COORD>
                <COORD>
                  <C1>8.097000008245335</C1>
                  <C2>46.2730000084125</C2>
                </COORD>
                <COORD>
                  <C1>8.09600000824429</C1>
                  <C2>46.27300000841279</C2>
                </COORD>
                <COORD>
                  <C1>8.09600000824453</C1>
                  <C2>46.272000008412206</C2>
                </COORD>
                <COORD>
                  <C1>8.095000008243487</C1>
                  <C2>46.27200000841245</C2>
                </COORD>
                <COORD>
                  <C1>8.09500000824373</C1>
                  <C2>46.27100000841192</C2>
                </COORD>
                <COORD>
                  <C1>8.094000008242679</C1>
                  <C2>46.271000008412145</C2>
                </COORD>
                <COORD>
                  <C1>8.093000008241633</C1>
                  <C2>46.27100000841241</C2>
                </COORD>
                <COORD>
                  <C1>8.093000008241873</C1>
                  <C2>46.27000000841183</C2>
                </COORD>
                <COORD>
                  <C1>8.092000008240825</C1>
                  <C2>46.27000000841207</C2>
                </COORD>
                <COORD>
                  <C1>8.091000008239776</C1>
                  <C2>46.27000000841233</C2>
                </COORD>
                <COORD>
                  <C1>8.090000008238968</C1>
                  <C2>46.269000008412036</C2>
                </COORD>
                <COORD>
                  <C1>8.089000008237926</C1>
                  <C2>46.26900000841227</C2>
                </COORD>
                <COORD>
                  <C1>8.088000008236875</C1>
                  <C2>46.26900000841253</C2>
                </COORD>
                <COORD>
                  <C1>8.08700000823583</C1>
                  <C2>46.26900000841278</C2>
                </COORD>
                <COORD>
                  <C1>8.08700000823607</C1>
                  <C2>46.26800000841222</C2>
                </COORD>
                <COORD>
                  <C1>8.088000008237117</C1>
                  <C2>46.26800000841197</C2>
                </COORD>
                <COORD>
                  <C1>8.088000008237357</C1>
                  <C2>46.26700000841136</C2>
                </COORD>
                <COORD>
                  <C1>8.087000008236307</C1>
                  <C2>46.267000008411664</C2>
                </COORD>
                <COORD>
                  <C1>8.087000008236547</C1>
                  <C2>46.26600000841102</C2>
                </COORD>
                <COORD>
                  <C1>8.087000008236789</C1>
                  <C2>46.265000008410446</C2>
                </COORD>
                <COORD>
                  <C1>8.087000008237027</C1>
                  <C2>46.26400000840987</C2>
                </COORD>
                <COORD>
                  <C1>8.086000008236221</C1>
                  <C2>46.263000008409556</C2>
                </COORD>
                <COORD>
                  <C1>8.085000008235175</C1>
                  <C2>46.26300000840983</C2>
                </COORD>
                <COORD>
                  <C1>8.084000008234122</C1>
                  <C2>46.263000008410074</C2>
                </COORD>
                <COORD>
                  <C1>8.083000008233078</C1>
                  <C2>46.26300000841031</C2>
                </COORD>
                <COORD>
                  <C1>8.081000008231221</C1>
                  <C2>46.26200000841025</C2>
                </COORD>
                <COORD>
                  <C1>8.082000008232509</C1>
                  <C2>46.26100000840941</C2>
                </COORD>
                <COORD>
                  <C1>8.083000008234036</C1>
                  <C2>46.25900000840795</C2>
                </COORD>
                <COORD>
                  <C1>8.08400000823532</C1>
                  <C2>46.25800000840713</C2>
                </COORD>
                <COORD>
                  <C1>8.085000008236374</C1>
                  <C2>46.25800000840691</C2>
                </COORD>
                <COORD>
                  <C1>8.086000008237418</C1>
                  <C2>46.258000008406626</C2>
                </COORD>
                <COORD>
                  <C1>8.08700000823847</C1>
                  <C2>46.25800000840638</C2>
                </COORD>
                <COORD>
                  <C1>8.087000008238704</C1>
                  <C2>46.25700000840578</C2>
                </COORD>
                <COORD>
                  <C1>8.087000008238945</C1>
                  <C2>46.256000008405195</C2>
                </COORD>
                <COORD>
                  <C1>8.088000008239991</C1>
                  <C2>46.25600000840494</C2>
                </COORD>
                <COORD>
                  <C1>8.089000008241037</C1>
                  <C2>46.25600000840467</C2>
                </COORD>
                <COORD>
                  <C1>8.08900000824128</C1>
                  <C2>46.25500000840408</C2>
                </COORD>
                <COORD>
                  <C1>8.091000008243375</C1>
                  <C2>46.255000008403606</C2>
                </COORD>
                <COORD>
                  <C1>8.092000008244423</C1>
                  <C2>46.25500000840332</C2>
                </COORD>
                <COORD>
                  <C1>8.09400000824652</C1>
                  <C2>46.255000008402774</C2>
                </COORD>
                <COORD>
                  <C1>8.095000008247565</C1>
                  <C2>46.2550000084025</C2>
                </COORD>
                <COORD>
                  <C1>8.09600000824861</C1>
                  <C2>46.255000008402284</C2>
                </COORD>
                <COORD>
                  <C1>8.097000008249898</C1>
                  <C2>46.25400000840142</C2>
                </COORD>
                <COORD>
                  <C1>8.098000008250946</C1>
                  <C2>46.25400000840113</C2>
                </COORD>
                <COORD>
                  <C1>8.099000008251993</C1>
                  <C2>46.25400000840092</C2>
                </COORD>
                <COORD>
                  <C1>8.099000008251753</C1>
                  <C2>46.25500000840146</C2>
                </COORD>
                <COORD>
                  <C1>8.100000008252803</C1>
                  <C2>46.25500000840125</C2>
                </COORD>
                <COORD>
                  <C1>8.10100000825385</C1>
                  <C2>46.25500000840098</C2>
                </COORD>
                <COORD>
                  <C1>8.101000008254088</C1>
                  <C2>46.25400000840036</C2>
                </COORD>
                <COORD>
                  <C1>8.102000008255132</C1>
                  <C2>46.25400000840013</C2>
                </COORD>
                <COORD>
                  <C1>8.103000008256181</C1>
                  <C2>46.254000008399856</C2>
                </COORD>
                <COORD>
                  <C1>8.103000008256418</C1>
                  <C2>46.25300000839926</C2>
                </COORD>
                <COORD>
                  <C1>8.10300000825666</C1>
                  <C2>46.25200000839869</C2>
                </COORD>
                <COORD>
                  <C1>8.1030000082569</C1>
                  <C2>46.25100000839807</C2>
                </COORD>
                <COORD>
                  <C1>8.104000008257945</C1>
                  <C2>46.2510000083978</C2>
                </COORD>
                <COORD>
                  <C1>8.105000008258752</C1>
                  <C2>46.252000008398156</C2>
                </COORD>
                <COORD>
                  <C1>8.106000008259802</C1>
                  <C2>46.25200000839791</C2>
                </COORD>
                <COORD>
                  <C1>8.107000008260847</C1>
                  <C2>46.25200000839765</C2>
                </COORD>
                <COORD>
                  <C1>8.108000008261893</C1>
                  <C2>46.25200000839739</C2>
                </COORD>
                <COORD>
                  <C1>8.110000008263984</C1>
                  <C2>46.25200000839688</C2>
                </COORD>
                <COORD>
                  <C1>8.111000008265274</C1>
                  <C2>46.25100000839603</C2>
                </COORD>
                <COORD>
                  <C1>8.11200000826632</C1>
                  <C2>46.25100000839578</C2>
                </COORD>
                <COORD>
                  <C1>8.112000008266559</C1>
                  <C2>46.25000000839515</C2>
                </COORD>
                <COORD>
                  <C1>8.112000008266799</C1>
                  <C2>46.249000008394574</C2>
                </COORD>
                <COORD>
                  <C1>8.113000008267845</C1>
                  <C2>46.24900000839431</C2>
                </COORD>
                <COORD>
                  <C1>8.113000008268086</C1>
                  <C2>46.24800000839374</C2>
                </COORD>
                <COORD>
                  <C1>8.113000008268324</C1>
                  <C2>46.24700000839318</C2>
                </COORD>
                <COORD>
                  <C1>8.113000008268564</C1>
                  <C2>46.246000008392535</C2>
                </COORD>
                <COORD>
                  <C1>8.113000008268802</C1>
                  <C2>46.245000008392</C2>
                </COORD>
                <COORD>
                  <C1>8.11200000826776</C1>
                  <C2>46.24500000839225</C2>
                </COORD>
                <COORD>
                  <C1>8.112000008268</C1>
                  <C2>46.24400000839164</C2>
                </COORD>
                <COORD>
                  <C1>8.113000008269044</C1>
                  <C2>46.244000008391396</C2>
                </COORD>
                <COORD>
                  <C1>8.113000008269282</C1>
                  <C2>46.243000008390794</C2>
                </COORD>
                <COORD>
                  <C1>8.113000008269523</C1>
                  <C2>46.2420000083902</C2>
                </COORD>
                <COORD>
                  <C1>8.11400000827057</C1>
                  <C2>46.242000008389944</C2>
                </COORD>
                <COORD>
                  <C1>8.114000008270812</C1>
                  <C2>46.24100000838938</C2>
                </COORD>
                <COORD>
                  <C1>8.114000008271052</C1>
                  <C2>46.24000000838878</C2>
                </COORD>
                <COORD>
                  <C1>8.115000008272096</C1>
                  <C2>46.24000000838856</C2>
                </COORD>
                <COORD>
                  <C1>8.116000008273142</C1>
                  <C2>46.240000008388265</C2>
                </COORD>
                <COORD>
                  <C1>8.116000008273382</C1>
                  <C2>46.239000008387656</C2>
                </COORD>
                <COORD>
                  <C1>8.116000008273623</C1>
                  <C2>46.238000008387075</C2>
                </COORD>
                <COORD>
                  <C1>8.11700000827467</C1>
                  <C2>46.23800000838682</C2>
                </COORD>
                <COORD>
                  <C1>8.118000008275716</C1>
                  <C2>46.23800000838655</C2>
                </COORD>
                <COORD>
                  <C1>8.119000008276762</C1>
                  <C2>46.238000008386294</C2>
                </COORD>
                <COORD>
                  <C1>8.120000008277808</C1>
                  <C2>46.238000008386074</C2>
                </COORD>
                <COORD>
                  <C1>8.121000008278852</C1>
                  <C2>46.23800000838578</C2>
                </COORD>
                <COORD>
                  <C1>8.122000008279901</C1>
                  <C2>46.23800000838553</C2>
                </COORD>
                <COORD>
                  <C1>8.122000008280137</C1>
                  <C2>46.23700000838496</C2>
                </COORD>
                <COORD>
                  <C1>8.123000008281426</C1>
                  <C2>46.236000008384096</C2>
                </COORD>
                <COORD>
                  <C1>8.123000008281663</C1>
                  <C2>46.235000008383494</C2>
                </COORD>
                <COORD>
                  <C1>8.124000008282714</C1>
                  <C2>46.23500000838322</C2>
                </COORD>
                <COORD>
                  <C1>8.124000008282954</C1>
                  <C2>46.23400000838266</C2>
                </COORD>
                <COORD>
                  <C1>8.125000008283996</C1>
                  <C2>46.234000008382395</C2>
                </COORD>
                <COORD>
                  <C1>8.125000008284239</C1>
                  <C2>46.2330000083818</C2>
                </COORD>
                <COORD>
                  <C1>8.125000008284477</C1>
                  <C2>46.23200000838119</C2>
                </COORD>
                <COORD>
                  <C1>8.125000008284717</C1>
                  <C2>46.23100000838065</C2>
                </COORD>
                <COORD>
                  <C1>8.126000008285757</C1>
                  <C2>46.23100000838036</C2>
                </COORD>
                <COORD>
                  <C1>8.12700000828681</C1>
                  <C2>46.2310000083801</C2>
                </COORD>
                <COORD>
                  <C1>8.128000008287852</C1>
                  <C2>46.23100000837985</C2>
                </COORD>
                <COORD>
                  <C1>8.128000008288094</C1>
                  <C2>46.23000000837926</C2>
                </COORD>
                <COORD>
                  <C1>8.129000008289136</C1>
                  <C2>46.23000000837898</C2>
                </COORD>
                <COORD>
                  <C1>8.130000008290184</C1>
                  <C2>46.2300000083787</C2>
                </COORD>
                <COORD>
                  <C1>8.131000008291233</C1>
                  <C2>46.23000000837849</C2>
                </COORD>
                <COORD>
                  <C1>8.132000008292277</C1>
                  <C2>46.230000008378205</C2>
                </COORD>
                <COORD>
                  <C1>8.132000008292511</C1>
                  <C2>46.229000008377604</C2>
                </COORD>
                <COORD>
                  <C1>8.133000008293559</C1>
                  <C2>46.22900000837736</C2>
                </COORD>
                <COORD>
                  <C1>8.134000008294608</C1>
                  <C2>46.22900000837707</C2>
                </COORD>
                <COORD>
                  <C1>8.134000008294846</C1>
                  <C2>46.22800000837654</C2>
                </COORD>
                <COORD>
                  <C1>8.135000008295892</C1>
                  <C2>46.22800000837623</C2>
                </COORD>
                <COORD>
                  <C1>8.136000008296934</C1>
                  <C2>46.22800000837603</C2>
                </COORD>
                <COORD>
                  <C1>8.137000008297981</C1>
                  <C2>46.228000008375695</C2>
                </COORD>
                <COORD>
                  <C1>8.138000008299025</C1>
                  <C2>46.228000008375474</C2>
                </COORD>
                <COORD>
                  <C1>8.140000008301119</C1>
                  <C2>46.228000008374956</C2>
                </COORD>
                <COORD>
                  <C1>8.143000008306412</C1>
                  <C2>46.219000008368866</C2>
                </COORD>
                <COORD>
                  <C1>8.145000008309935</C1>
                  <C2>46.21300000836477</C2>
                </COORD>
                <COORD>
                  <C1>8.14700000831251</C1>
                  <C2>46.21100000836308</C2>
                </COORD>
                <COORD>
                  <C1>8.148000008313792</C1>
                  <C2>46.21000000836226</C2>
                </COORD>
                <COORD>
                  <C1>8.14800000831403</C1>
                  <C2>46.20900000836165</C2>
                </COORD>
                <COORD>
                  <C1>8.14900000831532</C1>
                  <C2>46.20800000836082</C2>
                </COORD>
                <COORD>
                  <C1>8.150000008316361</C1>
                  <C2>46.208000008360514</C2>
                </COORD>
                <COORD>
                  <C1>8.150000008316603</C1>
                  <C2>46.20700000835993</C2>
                </COORD>
                <COORD>
                  <C1>8.151000008317645</C1>
                  <C2>46.207000008359664</C2>
                </COORD>
                <COORD>
                  <C1>8.151000008317881</C1>
                  <C2>46.20600000835909</C2>
                </COORD>
                <COORD>
                  <C1>8.152000008319172</C1>
                  <C2>46.20500000835827</C2>
                </COORD>
                <COORD>
                  <C1>8.152000008319414</C1>
                  <C2>46.204000008357646</C2>
                </COORD>
                <COORD>
                  <C1>8.153000008320454</C1>
                  <C2>46.204000008357404</C2>
                </COORD>
                <COORD>
                  <C1>8.15200000831965</C1>
                  <C2>46.20300000835709</C2>
                </COORD>
                <COORD>
                  <C1>8.153000008321172</C1>
                  <C2>46.201000008355635</C2>
                </COORD>
                <COORD>
                  <C1>8.15300000832141</C1>
                  <C2>46.200000008355</C2>
                </COORD>
                <COORD>
                  <C1>8.153000008321648</C1>
                  <C2>46.19900000835443</C2>
                </COORD>
                <COORD>
                  <C1>8.15300000832189</C1>
                  <C2>46.19800000835383</C2>
                </COORD>
                <COORD>
                  <C1>8.154000008323651</C1>
                  <C2>46.1950000083518</C2>
                </COORD>
                <COORD>
                  <C1>8.154000008324129</C1>
                  <C2>46.19300000835061</C2>
                </COORD>
                <COORD>
                  <C1>8.158000008328788</C1>
                  <C2>46.19100000834836</C2>
                </COORD>
                <COORD>
                  <C1>8.160000008331117</C1>
                  <C2>46.19000000834724</C2>
                </COORD>
                <COORD>
                  <C1>8.166000008338584</C1>
                  <C2>46.18500000834275</C2>
                </COORD>
                <COORD>
                  <C1>8.16600000833882</C1>
                  <C2>46.18400000834215</C2>
                </COORD>
                <COORD>
                  <C1>8.167000008339869</C1>
                  <C2>46.184000008341876</C2>
                </COORD>
                <COORD>
                  <C1>8.167000008340105</C1>
                  <C2>46.18300000834125</C2>
                </COORD>
                <COORD>
                  <C1>8.167000008340342</C1>
                  <C2>46.18200000834069</C2>
                </COORD>
                <COORD>
                  <C1>8.167000008340581</C1>
                  <C2>46.18100000834008</C2>
                </COORD>
                <COORD>
                  <C1>8.166000008339536</C1>
                  <C2>46.18100000834035</C2>
                </COORD>
                <COORD>
                  <C1>8.166000008339775</C1>
                  <C2>46.18000000833975</C2>
                </COORD>
                <COORD>
                  <C1>8.166000008340015</C1>
                  <C2>46.179000008339166</C2>
                </COORD>
                <COORD>
                  <C1>8.165000008338968</C1>
                  <C2>46.17900000833942</C2>
                </COORD>
                <COORD>
                  <C1>8.165000008339208</C1>
                  <C2>46.17800000833885</C2>
                </COORD>
                <COORD>
                  <C1>8.164000008338164</C1>
                  <C2>46.1780000083391</C2>
                </COORD>
                <COORD>
                  <C1>8.16300000833712</C1>
                  <C2>46.17800000833937</C2>
                </COORD>
                <COORD>
                  <C1>8.163000008337358</C1>
                  <C2>46.17700000833879</C2>
                </COORD>
                <COORD>
                  <C1>8.162000008336314</C1>
                  <C2>46.17700000833902</C2>
                </COORD>
                <COORD>
                  <C1>8.161000008335266</C1>
                  <C2>46.17700000833927</C2>
                </COORD>
                <COORD>
                  <C1>8.16000000833446</C1>
                  <C2>46.17600000833899</C2>
                </COORD>
                <COORD>
                  <C1>8.159000008333653</C1>
                  <C2>46.1750000083386</C2>
                </COORD>
                <COORD>
                  <C1>8.158000008333083</C1>
                  <C2>46.1730000083377</C2>
                </COORD>
                <COORD>
                  <C1>8.158000008333323</C1>
                  <C2>46.172000008337065</C2>
                </COORD>
                <COORD>
                  <C1>8.158000008333563</C1>
                  <C2>46.17100000833651</C2>
                </COORD>
                <COORD>
                  <C1>8.157000008332513</C1>
                  <C2>46.171000008336755</C2>
                </COORD>
                <COORD>
                  <C1>8.157000008332751</C1>
                  <C2>46.17000000833618</C2>
                </COORD>
                <COORD>
                  <C1>8.156000008331706</C1>
                  <C2>46.170000008336416</C2>
                </COORD>
                <COORD>
                  <C1>8.155000008330896</C1>
                  <C2>46.169000008336084</C2>
                </COORD>
                <COORD>
                  <C1>8.15400000833009</C1>
                  <C2>46.168000008335724</C2>
                </COORD>
                <COORD>
                  <C1>8.153000008329045</C1>
                  <C2>46.16800000833604</C2>
                </COORD>
                <COORD>
                  <C1>8.152000008328237</C1>
                  <C2>46.16700000833566</C2>
                </COORD>
                <COORD>
                  <C1>8.152000008328475</C1>
                  <C2>46.16600000833504</C2>
                </COORD>
                <COORD>
                  <C1>8.151000008327665</C1>
                  <C2>46.16500000833472</C2>
                </COORD>
                <COORD>
                  <C1>8.1510000083279</C1>
                  <C2>46.16400000833414</C2>
                </COORD>
                <COORD>
                  <C1>8.151000008328138</C1>
                  <C2>46.16300000833354</C2>
                </COORD>
                <COORD>
                  <C1>8.15100000832838</C1>
                  <C2>46.16200000833294</C2>
                </COORD>
                <COORD>
                  <C1>8.15000000832733</C1>
                  <C2>46.16200000833324</C2>
                </COORD>
                <COORD>
                  <C1>8.151000008328614</C1>
                  <C2>46.16100000833236</C2>
                </COORD>
                <COORD>
                  <C1>8.15100000832885</C1>
                  <C2>46.16000000833175</C2>
                </COORD>
                <COORD>
                  <C1>8.151000008329088</C1>
                  <C2>46.15900000833117</C2>
                </COORD>
                <COORD>
                  <C1>8.151000008329325</C1>
                  <C2>46.15800000833055</C2>
                </COORD>
                <COORD>
                  <C1>8.152000008330374</C1>
                  <C2>46.158000008330276</C2>
                </COORD>
                <COORD>
                  <C1>8.15200000833061</C1>
                  <C2>46.1570000083297</C2>
                </COORD>
                <COORD>
                  <C1>8.153000008331656</C1>
                  <C2>46.15700000832939</C2>
                </COORD>
                <COORD>
                  <C1>8.154000008332943</C1>
                  <C2>46.156000008328576</C2>
                </COORD>
                <COORD>
                  <C1>8.154000008333178</C1>
                  <C2>46.155000008327995</C2>
                </COORD>
                <COORD>
                  <C1>8.154000008333417</C1>
                  <C2>46.15400000832738</C2>
                </COORD>
                <COORD>
                  <C1>8.1550000083347</C1>
                  <C2>46.15300000832651</C2>
                </COORD>
                <COORD>
                  <C1>8.15500000833494</C1>
                  <C2>46.15200000832593</C2>
                </COORD>
                <COORD>
                  <C1>8.154000008333888</C1>
                  <C2>46.15200000832618</C2>
                </COORD>
                <COORD>
                  <C1>8.154000008334124</C1>
                  <C2>46.15100000832559</C2>
                </COORD>
                <COORD>
                  <C1>8.155000008335412</C1>
                  <C2>46.150000008324696</C2>
                </COORD>
                <COORD>
                  <C1>8.156000008336457</C1>
                  <C2>46.15000000832446</C2>
                </COORD>
                <COORD>
                  <C1>8.156000008336695</C1>
                  <C2>46.14900000832388</C2>
                </COORD>
                <COORD>
                  <C1>8.15500000833565</C1>
                  <C2>46.14900000832416</C2>
                </COORD>
                <COORD>
                  <C1>8.155000008335884</C1>
                  <C2>46.14800000832355</C2>
                </COORD>
                <COORD>
                  <C1>8.154000008335075</C1>
                  <C2>46.14700000832318</C2>
                </COORD>
                <COORD>
                  <C1>8.153000008334029</C1>
                  <C2>46.14700000832347</C2>
                </COORD>
                <COORD>
                  <C1>8.153000008334264</C1>
                  <C2>46.146000008322844</C2>
                </COORD>
                <COORD>
                  <C1>8.153000008334503</C1>
                  <C2>46.145000008322285</C2>
                </COORD>
                <COORD>
                  <C1>8.152000008333458</C1>
                  <C2>46.14500000832249</C2>
                </COORD>
                <COORD>
                  <C1>8.152000008333694</C1>
                  <C2>46.14400000832192</C2>
                </COORD>
                <COORD>
                  <C1>8.151000008332645</C1>
                  <C2>46.14400000832221</C2>
                </COORD>
                <COORD>
                  <C1>8.15100000833288</C1>
                  <C2>46.143000008321614</C2>
                </COORD>
                <COORD>
                  <C1>8.151000008333115</C1>
                  <C2>46.14200000832098</C2>
                </COORD>
                <COORD>
                  <C1>8.150000008332073</C1>
                  <C2>46.14200000832125</C2>
                </COORD>
                <COORD>
                  <C1>8.149000008331024</C1>
                  <C2>46.142000008321475</C2>
                </COORD>
                <COORD>
                  <C1>8.14900000833126</C1>
                  <C2>46.14100000832087</C2>
                </COORD>
                <COORD>
                  <C1>8.148000008330452</C1>
                  <C2>46.140000008320584</C2>
                </COORD>
                <COORD>
                  <C1>8.147000008329403</C1>
                  <C2>46.14000000832086</C2>
                </COORD>
                <COORD>
                  <C1>8.147000008329641</C1>
                  <C2>46.13900000832021</C2>
                </COORD>
                <COORD>
                  <C1>8.14600000832859</C1>
                  <C2>46.13900000832048</C2>
                </COORD>
                <COORD>
                  <C1>8.145000008327544</C1>
                  <C2>46.13900000832074</C2>
                </COORD>
                <COORD>
                  <C1>8.144000008326495</C1>
                  <C2>46.13900000832105</C2>
                </COORD>
                <COORD>
                  <C1>8.14400000832673</C1>
                  <C2>46.13800000832036</C2>
                </COORD>
                <COORD>
                  <C1>8.143000008325686</C1>
                  <C2>46.13800000832063</C2>
                </COORD>
                <COORD>
                  <C1>8.142000008324635</C1>
                  <C2>46.138000008320915</C2>
                </COORD>
                <COORD>
                  <C1>8.141000008323587</C1>
                  <C2>46.138000008321185</C2>
                </COORD>
                <COORD>
                  <C1>8.14000000832254</C1>
                  <C2>46.13800000832142</C2>
                </COORD>
                <COORD>
                  <C1>8.13900000832149</C1>
                  <C2>46.13800000832172</C2>
                </COORD>
                <COORD>
                  <C1>8.138000008320443</C1>
                  <C2>46.13800000832197</C2>
                </COORD>
                <COORD>
                  <C1>8.138000008320208</C1>
                  <C2>46.13900000832254</C2>
                </COORD>
                <COORD>
                  <C1>8.13700000831916</C1>
                  <C2>46.13900000832281</C2>
                </COORD>
                <COORD>
                  <C1>8.136000008318108</C1>
                  <C2>46.13900000832307</C2>
                </COORD>
                <COORD>
                  <C1>8.135000008317059</C1>
                  <C2>46.13900000832331</C2>
                </COORD>
                <COORD>
                  <C1>8.135000008317299</C1>
                  <C2>46.138000008322706</C2>
                </COORD>
                <COORD>
                  <C1>8.134000008316013</C1>
                  <C2>46.13900000832358</C2>
                </COORD>
                <COORD>
                  <C1>8.13400000831625</C1>
                  <C2>46.13800000832303</C2>
                </COORD>
                <COORD>
                  <C1>8.1330000083152</C1>
                  <C2>46.13800000832323</C2>
                </COORD>
                <COORD>
                  <C1>8.131000008313105</C1>
                  <C2>46.13800000832375</C2>
                </COORD>
                <COORD>
                  <C1>8.130000008312058</C1>
                  <C2>46.13800000832404</C2>
                </COORD>
                <COORD>
                  <C1>8.129000008311007</C1>
                  <C2>46.13800000832427</C2>
                </COORD>
                <COORD>
                  <C1>8.12900000831124</C1>
                  <C2>46.13700000832368</C2>
                </COORD>
                <COORD>
                  <C1>8.12800000831019</C1>
                  <C2>46.137000008323945</C2>
                </COORD>
                <COORD>
                  <C1>8.127000008309146</C1>
                  <C2>46.1370000083242</C2>
                </COORD>
                <COORD>
                  <C1>8.126000008308093</C1>
                  <C2>46.13700000832446</C2>
                </COORD>
                <COORD>
                  <C1>8.126000008308328</C1>
                  <C2>46.13600000832387</C2>
                </COORD>
                <COORD>
                  <C1>8.125000008307282</C1>
                  <C2>46.136000008324075</C2>
                </COORD>
                <COORD>
                  <C1>8.124000008305998</C1>
                  <C2>46.137000008324954</C2>
                </COORD>
                <COORD>
                  <C1>8.124000008306234</C1>
                  <C2>46.13600000832438</C2>
                </COORD>
                <COORD>
                  <C1>8.12400000830647</C1>
                  <C2>46.135000008323765</C2>
                </COORD>
                <COORD>
                  <C1>8.123000008305418</C1>
                  <C2>46.13500000832406</C2>
                </COORD>
                <COORD>
                  <C1>8.122000008304603</C1>
                  <C2>46.13400000832372</C2>
                </COORD>
                <COORD>
                  <C1>8.121000008303554</C1>
                  <C2>46.13400000832394</C2>
                </COORD>
                <COORD>
                  <C1>8.120000008302501</C1>
                  <C2>46.13400000832421</C2>
                </COORD>
                <COORD>
                  <C1>8.120000008302739</C1>
                  <C2>46.13300000832361</C2>
                </COORD>
                <COORD>
                  <C1>8.119000008301686</C1>
                  <C2>46.133000008323855</C2>
                </COORD>
                <COORD>
                  <C1>8.118000008300642</C1>
                  <C2>46.133000008324174</C2>
                </COORD>
                <COORD>
                  <C1>8.118000008300877</C1>
                  <C2>46.1320000083235</C2>
                </COORD>
                <COORD>
                  <C1>8.117000008299827</C1>
                  <C2>46.13200000832379</C2>
                </COORD>
                <COORD>
                  <C1>8.116000008298775</C1>
                  <C2>46.13200000832408</C2>
                </COORD>
                <COORD>
                  <C1>8.11600000829901</C1>
                  <C2>46.131000008323475</C2>
                </COORD>
                <COORD>
                  <C1>8.116000008299242</C1>
                  <C2>46.13000000832285</C2>
                </COORD>
                <COORD>
                  <C1>8.117000008300531</C1>
                  <C2>46.129000008321974</C2>
                </COORD>
                <COORD>
                  <C1>8.117000008300765</C1>
                  <C2>46.12800000832138</C2>
                </COORD>
                <COORD>
                  <C1>8.116000008299947</C1>
                  <C2>46.12700000832104</C2>
                </COORD>
                <COORD>
                  <C1>8.116000008300182</C1>
                  <C2>46.12600000832043</C2>
                </COORD>
                <COORD>
                  <C1>8.115000008299134</C1>
                  <C2>46.12600000832071</C2>
                </COORD>
                <COORD>
                  <C1>8.115000008299369</C1>
                  <C2>46.12500000832011</C2>
                </COORD>
                <COORD>
                  <C1>8.116000008300416</C1>
                  <C2>46.12500000831985</C2>
                </COORD>
                <COORD>
                  <C1>8.116000008300654</C1>
                  <C2>46.12400000831924</C2>
                </COORD>
                <COORD>
                  <C1>8.116000008300887</C1>
                  <C2>46.12300000831863</C2>
                </COORD>
                <COORD>
                  <C1>8.116000008301121</C1>
                  <C2>46.12200000831804</C2>
                </COORD>
                <COORD>
                  <C1>8.115000008300072</C1>
                  <C2>46.12200000831828</C2>
                </COORD>
                <COORD>
                  <C1>8.115000008300306</C1>
                  <C2>46.121000008317694</C2>
                </COORD>
                <COORD>
                  <C1>8.115000008300541</C1>
                  <C2>46.12000000831708</C2>
                </COORD>
                <COORD>
                  <C1>8.115000008300775</C1>
                  <C2>46.11900000831648</C2>
                </COORD>
                <COORD>
                  <C1>8.114000008299726</C1>
                  <C2>46.11900000831674</C2>
                </COORD>
                <COORD>
                  <C1>8.11400000829996</C1>
                  <C2>46.118000008316145</C2>
                </COORD>
                <COORD>
                  <C1>8.113000008298908</C1>
                  <C2>46.11800000831642</C2>
                </COORD>
                <COORD>
                  <C1>8.112000008298091</C1>
                  <C2>46.117000008316055</C2>
                </COORD>
                <COORD>
                  <C1>8.111000008297042</C1>
                  <C2>46.1170000083163</C2>
                </COORD>
                <COORD>
                  <C1>8.111000008297275</C1>
                  <C2>46.116000008315716</C2>
                </COORD>
                <COORD>
                  <C1>8.111000008297509</C1>
                  <C2>46.1150000083151</C2>
                </COORD>
                <COORD>
                  <C1>8.11000000829669</C1>
                  <C2>46.114000008314775</C2>
                </COORD>
                <COORD>
                  <C1>8.10900000829564</C1>
                  <C2>46.114000008315024</C2>
                </COORD>
                <COORD>
                  <C1>8.109000008295874</C1>
                  <C2>46.11300000831447</C2>
                </COORD>
                <COORD>
                  <C1>8.108000008294825</C1>
                  <C2>46.11300000831469</C2>
                </COORD>
                <COORD>
                  <C1>8.107000008293772</C1>
                  <C2>46.11300000831492</C2>
                </COORD>
                <COORD>
                  <C1>8.10700000829354</C1>
                  <C2>46.11400000831549</C2>
                </COORD>
                <COORD>
                  <C1>8.106000008292721</C1>
                  <C2>46.11300000831517</C2>
                </COORD>
                <COORD>
                  <C1>8.105000008291672</C1>
                  <C2>46.11300000831545</C2>
                </COORD>
                <COORD>
                  <C1>8.104000008290619</C1>
                  <C2>46.11300000831574</C2>
                </COORD>
                <COORD>
                  <C1>8.1030000082898</C1>
                  <C2>46.112000008315356</C2>
                </COORD>
                <COORD>
                  <C1>8.102000008288515</C1>
                  <C2>46.11300000831622</C2>
                </COORD>
                <COORD>
                  <C1>8.101000008287466</C1>
                  <C2>46.11300000831646</C2>
                </COORD>
                <COORD>
                  <C1>8.100000008286413</C1>
                  <C2>46.11300000831672</C2>
                </COORD>
                <COORD>
                  <C1>8.100000008286644</C1>
                  <C2>46.11200000831614</C2>
                </COORD>
                <COORD>
                  <C1>8.10000000828688</C1>
                  <C2>46.11100000831556</C2>
                </COORD>
                <COORD>
                  <C1>8.099000008285827</C1>
                  <C2>46.111000008315784</C2>
                </COORD>
                <COORD>
                  <C1>8.09800000828501</C1>
                  <C2>46.11000000831544</C2>
                </COORD>
                <COORD>
                  <C1>8.097000008283954</C1>
                  <C2>46.11000000831571</C2>
                </COORD>
                <COORD>
                  <C1>8.096000008282903</C1>
                  <C2>46.110000008315986</C2>
                </COORD>
                <COORD>
                  <C1>8.095000008281852</C1>
                  <C2>46.11000000831617</C2>
                </COORD>
                <COORD>
                  <C1>8.093000008279748</C1>
                  <C2>46.110000008316696</C2>
                </COORD>
                <COORD>
                  <C1>8.092000008278925</C1>
                  <C2>46.10900000831638</C2>
                </COORD>
                <COORD>
                  <C1>8.091000008277877</C1>
                  <C2>46.10900000831663</C2>
                </COORD>
                <COORD>
                  <C1>8.09000000827682</C1>
                  <C2>46.10900000831689</C2>
                </COORD>
                <COORD>
                  <C1>8.089000008275766</C1>
                  <C2>46.109000008317146</C2>
                </COORD>
                <COORD>
                  <C1>8.088000008274715</C1>
                  <C2>46.10900000831739</C2>
                </COORD>
                <COORD>
                  <C1>8.087000008273662</C1>
                  <C2>46.10900000831766</C2>
                </COORD>
                <COORD>
                  <C1>8.087000008273897</C1>
                  <C2>46.108000008317084</C2>
                </COORD>
                <COORD>
                  <C1>8.086000008272846</C1>
                  <C2>46.10800000831732</C2>
                </COORD>
                <COORD>
                  <C1>8.085000008271793</C1>
                  <C2>46.10800000831756</C2>
                </COORD>
                <COORD>
                  <C1>8.084000008270735</C1>
                  <C2>46.10800000831783</C2>
                </COORD>
                <COORD>
                  <C1>8.08400000827097</C1>
                  <C2>46.10700000831719</C2>
                </COORD>
                <COORD>
                  <C1>8.08300000826992</C1>
                  <C2>46.107000008317485</C2>
                </COORD>
                <COORD>
                  <C1>8.082000008268865</C1>
                  <C2>46.10700000831774</C2>
                </COORD>
                <COORD>
                  <C1>8.08100000826781</C1>
                  <C2>46.10700000831801</C2>
                </COORD>
                <COORD>
                  <C1>8.081000008267576</C1>
                  <C2>46.10800000831859</C2>
                </COORD>
                <COORD>
                  <C1>8.080000008266525</C1>
                  <C2>46.108000008318854</C2>
                </COORD>
                <COORD>
                  <C1>8.07900000826547</C1>
                  <C2>46.10800000831913</C2>
                </COORD>
                <COORD>
                  <C1>8.078000008264418</C1>
                  <C2>46.10800000831935</C2>
                </COORD>
                <COORD>
                  <C1>8.077000008263365</C1>
                  <C2>46.108000008319635</C2>
                </COORD>
                <COORD>
                  <C1>8.076000008262309</C1>
                  <C2>46.10800000831989</C2>
                </COORD>
                <COORD>
                  <C1>8.075000008261256</C1>
                  <C2>46.108000008320154</C2>
                </COORD>
                <COORD>
                  <C1>8.074000008260201</C1>
                  <C2>46.10800000832041</C2>
                </COORD>
                <COORD>
                  <C1>8.073000008259148</C1>
                  <C2>46.10800000832069</C2>
                </COORD>
                <COORD>
                  <C1>8.072000008258094</C1>
                  <C2>46.10800000832094</C2>
                </COORD>
                <COORD>
                  <C1>8.071000008257043</C1>
                  <C2>46.10800000832117</C2>
                </COORD>
                <COORD>
                  <C1>8.070000008255988</C1>
                  <C2>46.10800000832144</C2>
                </COORD>
                <COORD>
                  <C1>8.07000000825622</C1>
                  <C2>46.10700000832082</C2>
                </COORD>
                <COORD>
                  <C1>8.069000008255165</C1>
                  <C2>46.10700000832107</C2>
                </COORD>
                <COORD>
                  <C1>8.06800000825411</C1>
                  <C2>46.10700000832134</C2>
                </COORD>
                <COORD>
                  <C1>8.067000008253057</C1>
                  <C2>46.10700000832156</C2>
                </COORD>
                <COORD>
                  <C1>8.066000008252002</C1>
                  <C2>46.107000008321826</C2>
                </COORD>
                <COORD>
                  <C1>8.065000008250946</C1>
                  <C2>46.10700000832212</C2>
                </COORD>
                <COORD>
                  <C1>8.064000008250126</C1>
                  <C2>46.10600000832177</C2>
                </COORD>
                <COORD>
                  <C1>8.063000008249075</C1>
                  <C2>46.10600000832205</C2>
                </COORD>
                <COORD>
                  <C1>8.062000008248015</C1>
                  <C2>46.10600000832226</C2>
                </COORD>
                <COORD>
                  <C1>8.062000008248248</C1>
                  <C2>46.105000008321646</C2>
                </COORD>
                <COORD>
                  <C1>8.061000008247193</C1>
                  <C2>46.105000008321944</C2>
                </COORD>
                <COORD>
                  <C1>8.06000000824614</C1>
                  <C2>46.10500000832216</C2>
                </COORD>
                <COORD>
                  <C1>8.06000000824637</C1>
                  <C2>46.104000008321584</C2>
                </COORD>
                <COORD>
                  <C1>8.059000008245311</C1>
                  <C2>46.10400000832183</C2>
                </COORD>
                <COORD>
                  <C1>8.05800000824426</C1>
                  <C2>46.10400000832212</C2>
                </COORD>
                <COORD>
                  <C1>8.057000008243204</C1>
                  <C2>46.104000008322366</C2>
                </COORD>
                <COORD>
                  <C1>8.057000008243437</C1>
                  <C2>46.10300000832172</C2>
                </COORD>
                <COORD>
                  <C1>8.056000008242378</C1>
                  <C2>46.10300000832201</C2>
                </COORD>
                <COORD>
                  <C1>8.055000008241324</C1>
                  <C2>46.10300000832223</C2>
                </COORD>
                <COORD>
                  <C1>8.054000008240275</C1>
                  <C2>46.10300000832254</C2>
                </COORD>
                <COORD>
                  <C1>8.05400000824004</C1>
                  <C2>46.10400000832313</C2>
                </COORD>
                <COORD>
                  <C1>8.053000008238984</C1>
                  <C2>46.10400000832339</C2>
                </COORD>
                <COORD>
                  <C1>8.05200000823793</C1>
                  <C2>46.10400000832361</C2>
                </COORD>
                <COORD>
                  <C1>8.051000008236874</C1>
                  <C2>46.104000008323844</C2>
                </COORD>
                <COORD>
                  <C1>8.050000008235818</C1>
                  <C2>46.10400000832411</C2>
                </COORD>
                <COORD>
                  <C1>8.04900000823476</C1>
                  <C2>46.10400000832441</C2>
                </COORD>
                <COORD>
                  <C1>8.04900000823499</C1>
                  <C2>46.1030000083238</C2>
                </COORD>
                <COORD>
                  <C1>8.04800000823394</C1>
                  <C2>46.10300000832408</C2>
                </COORD>
                <COORD>
                  <C1>8.04700000823288</C1>
                  <C2>46.10300000832428</C2>
                </COORD>
                <COORD>
                  <C1>8.047000008233113</C1>
                  <C2>46.102000008323714</C2>
                </COORD>
                <COORD>
                  <C1>8.046000008232056</C1>
                  <C2>46.102000008323955</C2>
                </COORD>
                <COORD>
                  <C1>8.045000008231</C1>
                  <C2>46.10200000832421</C2>
                </COORD>
                <COORD>
                  <C1>8.044000008229943</C1>
                  <C2>46.102000008324445</C2>
                </COORD>
                <COORD>
                  <C1>8.043000008228887</C1>
                  <C2>46.10200000832467</C2>
                </COORD>
                <COORD>
                  <C1>8.042000008227602</C1>
                  <C2>46.1030000083256</C2>
                </COORD>
                <COORD>
                  <C1>8.04200000822783</C1>
                  <C2>46.10200000832496</C2>
                </COORD>
                <COORD>
                  <C1>8.041000008226776</C1>
                  <C2>46.102000008325255</C2>
                </COORD>
                <COORD>
                  <C1>8.040000008225721</C1>
                  <C2>46.1020000083255</C2>
                </COORD>
                <COORD>
                  <C1>8.039000008224656</C1>
                  <C2>46.102000008325724</C2>
                </COORD>
                <COORD>
                  <C1>8.038000008223605</C1>
                  <C2>46.10200000832597</C2>
                </COORD>
                <COORD>
                  <C1>8.038000008223372</C1>
                  <C2>46.103000008326624</C2>
                </COORD>
                <COORD>
                  <C1>8.037000008222316</C1>
                  <C2>46.10300000832687</C2>
                </COORD>
                <COORD>
                  <C1>8.036000008221261</C1>
                  <C2>46.10300000832712</C2>
                </COORD>
                <COORD>
                  <C1>8.03600000822149</C1>
                  <C2>46.102000008326506</C2>
                </COORD>
                <COORD>
                  <C1>8.035000008220436</C1>
                  <C2>46.10200000832676</C2>
                </COORD>
                <COORD>
                  <C1>8.035000008220665</C1>
                  <C2>46.10100000832616</C2>
                </COORD>
                <COORD>
                  <C1>8.035000008220896</C1>
                  <C2>46.10000000832557</C2>
                </COORD>
                <COORD>
                  <C1>8.035000008221125</C1>
                  <C2>46.09900000832493</C2>
                </COORD>
                <COORD>
                  <C1>8.034000008220069</C1>
                  <C2>46.099000008325206</C2>
                </COORD>
                <COORD>
                  <C1>8.03500000822136</C1>
                  <C2>46.09800000832435</C2>
                </COORD>
                <COORD>
                  <C1>8.035000008221589</C1>
                  <C2>46.097000008323775</C2>
                </COORD>
                <COORD>
                  <C1>8.034000008220763</C1>
                  <C2>46.09600000832336</C2>
                </COORD>
                <COORD>
                  <C1>8.033000008219705</C1>
                  <C2>46.09600000832362</C2>
                </COORD>
                <COORD>
                  <C1>8.033000008219936</C1>
                  <C2>46.095000008323034</C2>
                </COORD>
                <COORD>
                  <C1>8.033000008220167</C1>
                  <C2>46.09400000832242</C2>
                </COORD>
                <COORD>
                  <C1>8.032000008219107</C1>
                  <C2>46.09400000832271</C2>
                </COORD>
                <COORD>
                  <C1>8.03200000821934</C1>
                  <C2>46.093000008322065</C2>
                </COORD>
                <COORD>
                  <C1>8.032000008219569</C1>
                  <C2>46.092000008321456</C2>
                </COORD>
                <COORD>
                  <C1>8.031000008218513</C1>
                  <C2>46.092000008321705</C2>
                </COORD>
                <COORD>
                  <C1>8.031000008218745</C1>
                  <C2>46.09100000832109</C2>
                </COORD>
                <COORD>
                  <C1>8.031000008218973</C1>
                  <C2>46.09000000832049</C2>
                </COORD>
                <COORD>
                  <C1>8.031000008219205</C1>
                  <C2>46.0890000083199</C2>
                </COORD>
                <COORD>
                  <C1>8.031000008219436</C1>
                  <C2>46.08800000831932</C2>
                </COORD>
                <COORD>
                  <C1>8.031000008219666</C1>
                  <C2>46.08700000831871</C2>
                </COORD>
                <COORD>
                  <C1>8.031000008219898</C1>
                  <C2>46.08600000831807</C2>
                </COORD>
                <COORD>
                  <C1>8.031000008220127</C1>
                  <C2>46.08500000831745</C2>
                </COORD>
                <COORD>
                  <C1>8.031000008220355</C1>
                  <C2>46.08400000831686</C2>
                </COORD>
                <COORD>
                  <C1>8.030000008219297</C1>
                  <C2>46.08400000831711</C2>
                </COORD>
                <COORD>
                  <C1>8.03000000821953</C1>
                  <C2>46.08300000831649</C2>
                </COORD>
                <COORD>
                  <C1>8.030000008219755</C1>
                  <C2>46.082000008315866</C2>
                </COORD>
                <COORD>
                  <C1>8.0290000082187</C1>
                  <C2>46.08200000831612</C2>
                </COORD>
                <COORD>
                  <C1>8.02800000821764</C1>
                  <C2>46.082000008316385</C2>
                </COORD>
                <COORD>
                  <C1>8.02800000821787</C1>
                  <C2>46.08100000831583</C2>
                </COORD>
                <COORD>
                  <C1>8.027000008216811</C1>
                  <C2>46.08100000831607</C2>
                </COORD>
                <COORD>
                  <C1>8.027000008217042</C1>
                  <C2>46.08000000831545</C2>
                </COORD>
                <COORD>
                  <C1>8.026000008215982</C1>
                  <C2>46.0800000083157</C2>
                </COORD>
                <COORD>
                  <C1>8.026000008216212</C1>
                  <C2>46.07900000831508</C2>
                </COORD>
                <COORD>
                  <C1>8.025000008215155</C1>
                  <C2>46.07900000831534</C2>
                </COORD>
                <COORD>
                  <C1>8.025000008215386</C1>
                  <C2>46.07800000831473</C2>
                </COORD>
                <COORD>
                  <C1>8.024000008214554</C1>
                  <C2>46.07700000831439</C2>
                </COORD>
                <COORD>
                  <C1>8.02300000821373</C1>
                  <C2>46.07600000831402</C2>
                </COORD>
                <COORD>
                  <C1>8.024000008214786</C1>
                  <C2>46.07600000831379</C2>
                </COORD>
                <COORD>
                  <C1>8.024000008215015</C1>
                  <C2>46.07500000831317</C2>
                </COORD>
                <COORD>
                  <C1>8.024000008215243</C1>
                  <C2>46.07400000831255</C2>
                </COORD>
                <COORD>
                  <C1>8.024000008215472</C1>
                  <C2>46.07300000831193</C2>
                </COORD>
                <COORD>
                  <C1>8.023000008214416</C1>
                  <C2>46.07300000831219</C2>
                </COORD>
                <COORD>
                  <C1>8.023000008214645</C1>
                  <C2>46.072000008311605</C2>
                </COORD>
                <COORD>
                  <C1>8.023000008214872</C1>
                  <C2>46.07100000831098</C2>
                </COORD>
                <COORD>
                  <C1>8.023000008215101</C1>
                  <C2>46.07000000831038</C2>
                </COORD>
                <COORD>
                  <C1>8.024000008216161</C1>
                  <C2>46.0700000083101</C2>
                </COORD>
                <COORD>
                  <C1>8.025000008217217</C1>
                  <C2>46.07000000830986</C2>
                </COORD>
                <COORD>
                  <C1>8.02500000821745</C1>
                  <C2>46.06900000830926</C2>
                </COORD>
                <COORD>
                  <C1>8.025000008217676</C1>
                  <C2>46.06800000830861</C2>
                </COORD>
                <COORD>
                  <C1>8.026000008218967</C1>
                  <C2>46.06700000830775</C2>
                </COORD>
                <COORD>
                  <C1>8.025000008217908</C1>
                  <C2>46.06700000830804</C2>
                </COORD>
                <COORD>
                  <C1>8.025000008218136</C1>
                  <C2>46.066000008307405</C2>
                </COORD>
                <COORD>
                  <C1>8.025000008218365</C1>
                  <C2>46.06500000830681</C2>
                </COORD>
                <COORD>
                  <C1>8.02600000821965</C1>
                  <C2>46.06400000830594</C2>
                </COORD>
                <COORD>
                  <C1>8.026000008219881</C1>
                  <C2>46.0630000083053</C2>
                </COORD>
                <COORD>
                  <C1>8.027000008220943</C1>
                  <C2>46.063000008305124</C2>
                </COORD>
                <COORD>
                  <C1>8.027000008221167</C1>
                  <C2>46.06200000830449</C2>
                </COORD>
                <COORD>
                  <C1>8.027000008221398</C1>
                  <C2>46.061000008303886</C2>
                </COORD>
                <COORD>
                  <C1>8.027000008221627</C1>
                  <C2>46.060000008303284</C2>
                </COORD>
                <COORD>
                  <C1>8.028000008222689</C1>
                  <C2>46.060000008303</C2>
                </COORD>
                <COORD>
                  <C1>8.028000008222916</C1>
                  <C2>46.05900000830239</C2>
                </COORD>
                <COORD>
                  <C1>8.029000008223976</C1>
                  <C2>46.0590000083021</C2>
                </COORD>
                <COORD>
                  <C1>8.029000008224205</C1>
                  <C2>46.05800000830154</C2>
                </COORD>
                <COORD>
                  <C1>8.03000000822549</C1>
                  <C2>46.05700000830064</C2>
                </COORD>
                <COORD>
                  <C1>8.030000008225718</C1>
                  <C2>46.05600000830001</C2>
                </COORD>
                <COORD>
                  <C1>8.031000008226778</C1>
                  <C2>46.05600000829978</C2>
                </COORD>
                <COORD>
                  <C1>8.031000008227007</C1>
                  <C2>46.05500000829918</C2>
                </COORD>
                <COORD>
                  <C1>8.032000008228064</C1>
                  <C2>46.05500000829889</C2>
                </COORD>
                <COORD>
                  <C1>8.032000008228291</C1>
                  <C2>46.05400000829832</C2>
                </COORD>
                <COORD>
                  <C1>8.031000008227464</C1>
                  <C2>46.053000008297936</C2>
                </COORD>
                <COORD>
                  <C1>8.032000008228524</C1>
                  <C2>46.053000008297666</C2>
                </COORD>
                <COORD>
                  <C1>8.032000008228753</C1>
                  <C2>46.05200000829709</C2>
                </COORD>
                <COORD>
                  <C1>8.032000008228978</C1>
                  <C2>46.05100000829644</C2>
                </COORD>
                <COORD>
                  <C1>8.03300000823004</C1>
                  <C2>46.05100000829621</C2>
                </COORD>
                <COORD>
                  <C1>8.033000008230267</C1>
                  <C2>46.050000008295584</C2>
                </COORD>
                <COORD>
                  <C1>8.033000008230498</C1>
                  <C2>46.049000008294975</C2>
                </COORD>
                <COORD>
                  <C1>8.034000008231555</C1>
                  <C2>46.049000008294726</C2>
                </COORD>
                <COORD>
                  <C1>8.034000008231784</C1>
                  <C2>46.04800000829411</C2>
                </COORD>
                <COORD>
                  <C1>8.03500000823284</C1>
                  <C2>46.04800000829386</C2>
                </COORD>
                <COORD>
                  <C1>8.035000008233071</C1>
                  <C2>46.047000008293246</C2>
                </COORD>
                <COORD>
                  <C1>8.036000008234357</C1>
                  <C2>46.04600000829234</C2>
                </COORD>
                <COORD>
                  <C1>8.036000008234586</C1>
                  <C2>46.04500000829177</C2>
                </COORD>
                <COORD>
                  <C1>8.035000008233528</C1>
                  <C2>46.045000008292014</C2>
                </COORD>
                <COORD>
                  <C1>8.034000008232471</C1>
                  <C2>46.04500000829229</C2>
                </COORD>
                <COORD>
                  <C1>8.034000008232697</C1>
                  <C2>46.04400000829164</C2>
                </COORD>
                <COORD>
                  <C1>8.033000008231639</C1>
                  <C2>46.04400000829191</C2>
                </COORD>
                <COORD>
                  <C1>8.03200000823058</C1>
                  <C2>46.04400000829219</C2>
                </COORD>
                <COORD>
                  <C1>8.032000008230806</C1>
                  <C2>46.043000008291536</C2>
                </COORD>
                <COORD>
                  <C1>8.031000008229748</C1>
                  <C2>46.043000008291834</C2>
                </COORD>
                <COORD>
                  <C1>8.03000000822869</C1>
                  <C2>46.04300000829209</C2>
                </COORD>
                <COORD>
                  <C1>8.02900000822763</C1>
                  <C2>46.04300000829232</C2>
                </COORD>
                <COORD>
                  <C1>8.028000008226572</C1>
                  <C2>46.04300000829257</C2>
                </COORD>
                <COORD>
                  <C1>8.028000008226797</C1>
                  <C2>46.04200000829196</C2>
                </COORD>
                <COORD>
                  <C1>8.027000008225738</C1>
                  <C2>46.0420000082922</C2>
                </COORD>
                <COORD>
                  <C1>8.026000008224676</C1>
                  <C2>46.042000008292455</C2>
                </COORD>
                <COORD>
                  <C1>8.025000008223618</C1>
                  <C2>46.042000008292696</C2>
                </COORD>
                <COORD>
                  <C1>8.025000008223847</C1>
                  <C2>46.04100000829211</C2>
                </COORD>
                <COORD>
                  <C1>8.02400000822279</C1>
                  <C2>46.041000008292364</C2>
                </COORD>
                <COORD>
                  <C1>8.02300000822173</C1>
                  <C2>46.041000008292606</C2>
                </COORD>
                <COORD>
                  <C1>8.023000008221958</C1>
                  <C2>46.040000008292</C2>
                </COORD>
                <COORD>
                  <C1>8.022000008220894</C1>
                  <C2>46.04000000829227</C2>
                </COORD>
                <COORD>
                  <C1>8.021000008219838</C1>
                  <C2>46.04000000829255</C2>
                </COORD>
                <COORD>
                  <C1>8.021000008220065</C1>
                  <C2>46.039000008291886</C2>
                </COORD>
                <COORD>
                  <C1>8.020000008219007</C1>
                  <C2>46.039000008292135</C2>
                </COORD>
                <COORD>
                  <C1>8.020000008219231</C1>
                  <C2>46.03800000829154</C2>
                </COORD>
                <COORD>
                  <C1>8.019000008218175</C1>
                  <C2>46.038000008291796</C2>
                </COORD>
                <COORD>
                  <C1>8.0190000082184</C1>
                  <C2>46.03700000829119</C2>
                </COORD>
                <COORD>
                  <C1>8.01800000821734</C1>
                  <C2>46.037000008291436</C2>
                </COORD>
                <COORD>
                  <C1>8.01800000821757</C1>
                  <C2>46.036000008290834</C2>
                </COORD>
                <COORD>
                  <C1>8.017000008216508</C1>
                  <C2>46.036000008291055</C2>
                </COORD>
                <COORD>
                  <C1>8.017000008216735</C1>
                  <C2>46.03500000829045</C2>
                </COORD>
                <COORD>
                  <C1>8.016000008215675</C1>
                  <C2>46.035000008290716</C2>
                </COORD>
                <COORD>
                  <C1>8.0160000082159</C1>
                  <C2>46.034000008290114</C2>
                </COORD>
                <COORD>
                  <C1>8.015000008214844</C1>
                  <C2>46.03400000829037</C2>
                </COORD>
                <COORD>
                  <C1>8.014000008213783</C1>
                  <C2>46.03400000829066</C2>
                </COORD>
                <COORD>
                  <C1>8.013000008212718</C1>
                  <C2>46.034000008290846</C2>
                </COORD>
                <COORD>
                  <C1>8.013000008212947</C1>
                  <C2>46.03300000829025</C2>
                </COORD>
                <COORD>
                  <C1>8.014000008214008</C1>
                  <C2>46.03300000828998</C2>
                </COORD>
                <COORD>
                  <C1>8.01400000821424</C1>
                  <C2>46.03200000828934</C2>
                </COORD>
                <COORD>
                  <C1>8.015000008215297</C1>
                  <C2>46.032000008289096</C2>
                </COORD>
                <COORD>
                  <C1>8.016000008216357</C1>
                  <C2>46.03200000828885</C2>
                </COORD>
                <COORD>
                  <C1>8.016000008216583</C1>
                  <C2>46.03100000828824</C2>
                </COORD>
                <COORD>
                  <C1>8.016000008216809</C1>
                  <C2>46.030000008287644</C2>
                </COORD>
                <COORD>
                  <C1>8.017000008217872</C1>
                  <C2>46.03000000828738</C2>
                </COORD>
                <COORD>
                  <C1>8.0170000082181</C1>
                  <C2>46.02900000828676</C2>
                </COORD>
                <COORD>
                  <C1>8.017000008218329</C1>
                  <C2>46.028000008286135</C2>
                </COORD>
                <COORD>
                  <C1>8.018000008219387</C1>
                  <C2>46.028000008285886</C2>
                </COORD>
                <COORD>
                  <C1>8.018000008219614</C1>
                  <C2>46.02700000828532</C2>
                </COORD>
                <COORD>
                  <C1>8.019000008220674</C1>
                  <C2>46.02700000828502</C2>
                </COORD>
                <COORD>
                  <C1>8.018000008219841</C1>
                  <C2>46.02600000828467</C2>
                </COORD>
                <COORD>
                  <C1>8.017000008218782</C1>
                  <C2>46.02600000828497</C2>
                </COORD>
                <COORD>
                  <C1>8.017000008219009</C1>
                  <C2>46.0250000082843</C2>
                </COORD>
                <COORD>
                  <C1>8.016000008218171</C1>
                  <C2>46.024000008283956</C2>
                </COORD>
                <COORD>
                  <C1>8.015000008217113</C1>
                  <C2>46.02400000828417</C2>
                </COORD>
                <COORD>
                  <C1>8.014000008216053</C1>
                  <C2>46.02400000828443</C2>
                </COORD>
                <COORD>
                  <C1>8.014000008216279</C1>
                  <C2>46.023000008283866</C2>
                </COORD>
                <COORD>
                  <C1>8.013000008215217</C1>
                  <C2>46.0230000082841</C2>
                </COORD>
                <COORD>
                  <C1>8.013000008215442</C1>
                  <C2>46.02200000828344</C2>
                </COORD>
                <COORD>
                  <C1>8.01300000821567</C1>
                  <C2>46.02100000828288</C2>
                </COORD>
                <COORD>
                  <C1>8.012000008214612</C1>
                  <C2>46.02100000828312</C2>
                </COORD>
                <COORD>
                  <C1>8.012000008214835</C1>
                  <C2>46.02000000828247</C2>
                </COORD>
                <COORD>
                  <C1>8.013000008215897</C1>
                  <C2>46.02000000828228</C2>
                </COORD>
                <COORD>
                  <C1>8.013000008216123</C1>
                  <C2>46.01900000828163</C2>
                </COORD>
                <COORD>
                  <C1>8.014000008217188</C1>
                  <C2>46.01900000828136</C2>
                </COORD>
                <COORD>
                  <C1>8.014000008217414</C1>
                  <C2>46.018000008280744</C2>
                </COORD>
                <COORD>
                  <C1>8.014000008217637</C1>
                  <C2>46.01700000828014</C2>
                </COORD>
                <COORD>
                  <C1>8.014000008217867</C1>
                  <C2>46.016000008279526</C2>
                </COORD>
                <COORD>
                  <C1>8.014000008218092</C1>
                  <C2>46.015000008278896</C2>
                </COORD>
                <COORD>
                  <C1>8.014000008218321</C1>
                  <C2>46.01400000827828</C2>
                </COORD>
                <COORD>
                  <C1>8.013000008217256</C1>
                  <C2>46.014000008278565</C2>
                </COORD>
                <COORD>
                  <C1>8.012000008216198</C1>
                  <C2>46.01400000827881</C2>
                </COORD>
                <COORD>
                  <C1>8.011000008215133</C1>
                  <C2>46.014000008279055</C2>
                </COORD>
                <COORD>
                  <C1>8.011000008215357</C1>
                  <C2>46.01300000827842</C2>
                </COORD>
                <COORD>
                  <C1>8.010000008214298</C1>
                  <C2>46.013000008278674</C2>
                </COORD>
                <COORD>
                  <C1>8.009000008213238</C1>
                  <C2>46.01300000827892</C2>
                </COORD>
                <COORD>
                  <C1>8.008000008212178</C1>
                  <C2>46.01300000827918</C2>
                </COORD>
                <COORD>
                  <C1>8.007000008211113</C1>
                  <C2>46.013000008279434</C2>
                </COORD>
                <COORD>
                  <C1>8.006000008210052</C1>
                  <C2>46.01300000827971</C2>
                </COORD>
                <COORD>
                  <C1>8.005000008208995</C1>
                  <C2>46.01300000827997</C2>
                </COORD>
                <COORD>
                  <C1>8.005000008208764</C1>
                  <C2>46.01400000828055</C2>
                </COORD>
                <COORD>
                  <C1>8.0040000082077</C1>
                  <C2>46.01400000828084</C2>
                </COORD>
                <COORD>
                  <C1>8.00300000820664</C1>
                  <C2>46.014000008281045</C2>
                </COORD>
                <COORD>
                  <C1>8.002000008205576</C1>
                  <C2>46.01400000828131</C2>
                </COORD>
                <COORD>
                  <C1>8.001000008204741</C1>
                  <C2>46.01300000828096</C2>
                </COORD>
                <COORD>
                  <C1>8.001000008204965</C1>
                  <C2>46.01200000828035</C2>
                </COORD>
                <COORD>
                  <C1>8.00100000820519</C1>
                  <C2>46.01100000827974</C2>
                </COORD>
                <COORD>
                  <C1>8.00100000820542</C1>
                  <C2>46.01000000827908</C2>
                </COORD>
                <COORD>
                  <C1>8.000000008204356</C1>
                  <C2>46.010000008279384</C2>
                </COORD>
                <COORD>
                  <C1>8.000000008204582</C1>
                  <C2>46.00900000827877</C2>
                </COORD>
                <COORD>
                  <C1>7.99900000820352</C1>
                  <C2>46.00900000827902</C2>
                </COORD>
                <COORD>
                  <C1>7.999000008203748</C1>
                  <C2>46.00800000827839</C2>
                </COORD>
                <COORD>
                  <C1>7.998000008202684</C1>
                  <C2>46.008000008278636</C2>
                </COORD>
                <COORD>
                  <C1>7.998000008202909</C1>
                  <C2>46.00700000827805</C2>
                </COORD>
                <COORD>
                  <C1>7.998000008203136</C1>
                  <C2>46.006000008277404</C2>
                </COORD>
                <COORD>
                  <C1>7.997000008202068</C1>
                  <C2>46.00600000827764</C2>
                </COORD>
                <COORD>
                  <C1>7.996000008201237</C1>
                  <C2>46.00500000827731</C2>
                </COORD>
                <COORD>
                  <C1>7.996000008201462</C1>
                  <C2>46.00400000827667</C2>
                </COORD>
                <COORD>
                  <C1>7.995000008200398</C1>
                  <C2>46.004000008276925</C2>
                </COORD>
                <COORD>
                  <C1>7.995000008200623</C1>
                  <C2>46.0030000082763</C2>
                </COORD>
                <COORD>
                  <C1>7.995000008200849</C1>
                  <C2>46.0020000082757</C2>
                </COORD>
                <COORD>
                  <C1>7.994000008200012</C1>
                  <C2>46.00100000827532</C2>
                </COORD>
                <COORD>
                  <C1>7.993000008198946</C1>
                  <C2>46.00100000827556</C2>
                </COORD>
                <COORD>
                  <C1>7.993000008199172</C1>
                  <C2>46.000000008274945</C2>
                </COORD>
                <COORD>
                  <C1>7.992000008198112</C1>
                  <C2>46.00000000827519</C2>
                </COORD>
                <COORD>
                  <C1>7.992000008198334</C1>
                  <C2>45.999000008274606</C2>
                </COORD>
                <COORD>
                  <C1>7.99100000819727</C1>
                  <C2>45.99900000827485</C2>
                </COORD>
                <COORD>
                  <C1>7.991000008197497</C1>
                  <C2>45.998000008274225</C2>
                </COORD>
                <COORD>
                  <C1>7.990000008196433</C1>
                  <C2>45.998000008274445</C2>
                </COORD>
                <COORD>
                  <C1>7.989000008195367</C1>
                  <C2>45.99800000827475</C2>
                </COORD>
                <COORD>
                  <C1>7.987000008193242</C1>
                  <C2>45.998000008275234</C2>
                </COORD>
                <COORD>
                  <C1>7.985000008190892</C1>
                  <C2>45.99900000827633</C2>
                </COORD>
                <COORD>
                  <C1>7.984000008189826</C1>
                  <C2>45.99900000827661</C2>
                </COORD>
                <COORD>
                  <C1>7.984000008189599</C1>
                  <C2>46.000000008277226</C2>
                </COORD>
                <COORD>
                  <C1>7.983000008188537</C1>
                  <C2>46.00000000827748</C2>
                </COORD>
                <COORD>
                  <C1>7.982000008187472</C1>
                  <C2>46.000000008277745</C2>
                </COORD>
                <COORD>
                  <C1>7.981000008186406</C1>
                  <C2>46.00000000827799</C2>
                </COORD>
                <COORD>
                  <C1>7.981000008186183</C1>
                  <C2>46.001000008278595</C2>
                </COORD>
                <COORD>
                  <C1>7.980000008185122</C1>
                  <C2>46.00100000827882</C2>
                </COORD>
                <COORD>
                  <C1>7.979000008184061</C1>
                  <C2>46.001000008279114</C2>
                </COORD>
                <COORD>
                  <C1>7.978000008182992</C1>
                  <C2>46.001000008279355</C2>
                </COORD>
                <COORD>
                  <C1>7.9770000081819274</C1>
                  <C2>46.00100000827962</C2>
                </COORD>
                <COORD>
                  <C1>7.976000008180861</C1>
                  <C2>46.00100000827985</C2>
                </COORD>
                <COORD>
                  <C1>7.975000008179801</C1>
                  <C2>46.00100000828013</C2>
                </COORD>
                <COORD>
                  <C1>7.974000008178739</C1>
                  <C2>46.00100000828036</C2>
                </COORD>
                <COORD>
                  <C1>7.973000008177674</C1>
                  <C2>46.00100000828068</C2>
                </COORD>
                <COORD>
                  <C1>7.9730000081778964</C1>
                  <C2>46.00000000828002</C2>
                </COORD>
                <COORD>
                  <C1>7.972000008176829</C1>
                  <C2>46.00000000828024</C2>
                </COORD>
                <COORD>
                  <C1>7.971000008175765</C1>
                  <C2>46.00000000828049</C2>
                </COORD>
                <COORD>
                  <C1>7.970000008174699</C1>
                  <C2>46.00000000828075</C2>
                </COORD>
                <COORD>
                  <C1>7.969000008173635</C1>
                  <C2>46.00000000828103</C2>
                </COORD>
                <COORD>
                  <C1>7.969000008173862</C1>
                  <C2>45.99900000828039</C2>
                </COORD>
                <COORD>
                  <C1>7.968000008172794</C1>
                  <C2>45.99900000828066</C2>
                </COORD>
                <COORD>
                  <C1>7.967000008171731</C1>
                  <C2>45.999000008280916</C2>
                </COORD>
                <COORD>
                  <C1>7.9660000081706634</C1>
                  <C2>45.99900000828112</C2>
                </COORD>
                <COORD>
                  <C1>7.965000008169601</C1>
                  <C2>45.999000008281406</C2>
                </COORD>
                <COORD>
                  <C1>7.964000008168531</C1>
                  <C2>45.99900000828163</C2>
                </COORD>
                <COORD>
                  <C1>7.963000008167467</C1>
                  <C2>45.999000008281875</C2>
                </COORD>
                <COORD>
                  <C1>7.962000008166626</C1>
                  <C2>45.9980000082815</C2>
                </COORD>
                <COORD>
                  <C1>7.962000008166402</C1>
                  <C2>45.999000008282145</C2>
                </COORD>
                <COORD>
                  <C1>7.961000008165562</C1>
                  <C2>45.99800000828179</C2>
                </COORD>
                <COORD>
                  <C1>7.960000008164495</C1>
                  <C2>45.99800000828201</C2>
                </COORD>
                <COORD>
                  <C1>7.959000008163431</C1>
                  <C2>45.998000008282276</C2>
                </COORD>
                <COORD>
                  <C1>7.958000008162364</C1>
                  <C2>45.99800000828253</C2>
                </COORD>
                <COORD>
                  <C1>7.957000008161299</C1>
                  <C2>45.99800000828277</C2>
                </COORD>
                <COORD>
                  <C1>7.9570000081610734</C1>
                  <C2>45.9990000082834</C2>
                </COORD>
                <COORD>
                  <C1>7.956000008160013</C1>
                  <C2>45.99900000828367</C2>
                </COORD>
                <COORD>
                  <C1>7.955000008158941</C1>
                  <C2>45.9990000082839</C2>
                </COORD>
                <COORD>
                  <C1>7.954000008157874</C1>
                  <C2>45.999000008284185</C2>
                </COORD>
                <COORD>
                  <C1>7.953000008156812</C1>
                  <C2>45.99900000828441</C2>
                </COORD>
                <COORD>
                  <C1>7.952000008155746</C1>
                  <C2>45.99900000828464</C2>
                </COORD>
                <COORD>
                  <C1>7.9510000081546774</C1>
                  <C2>45.999000008284916</C2>
                </COORD>
                <COORD>
                  <C1>7.950000008153613</C1>
                  <C2>45.999000008285186</C2>
                </COORD>
                <COORD>
                  <C1>7.949000008152543</C1>
                  <C2>45.999000008285414</C2>
                </COORD>
                <COORD>
                  <C1>7.9480000081514826</C1>
                  <C2>45.99900000828568</C2>
                </COORD>
                <COORD>
                  <C1>7.947000008150413</C1>
                  <C2>45.999000008285925</C2>
                </COORD>
                <COORD>
                  <C1>7.946000008149347</C1>
                  <C2>45.99900000828619</C2>
                </COORD>
                <COORD>
                  <C1>7.94500000814828</C1>
                  <C2>45.999000008286416</C2>
                </COORD>
                <COORD>
                  <C1>7.9440000081472135</C1>
                  <C2>45.99900000828669</C2>
                </COORD>
                <COORD>
                  <C1>7.943000008146147</C1>
                  <C2>45.999000008286956</C2>
                </COORD>
                <COORD>
                  <C1>7.942000008145081</C1>
                  <C2>45.99900000828717</C2>
                </COORD>
                <COORD>
                  <C1>7.941000008144013</C1>
                  <C2>45.99900000828746</C2>
                </COORD>
                <COORD>
                  <C1>7.940000008142949</C1>
                  <C2>45.99900000828768</C2>
                </COORD>
                <COORD>
                  <C1>7.939000008141881</C1>
                  <C2>45.99900000828793</C2>
                </COORD>
                <COORD>
                  <C1>7.938000008140812</C1>
                  <C2>45.999000008288164</C2>
                </COORD>
                <COORD>
                  <C1>7.937000008139744</C1>
                  <C2>45.999000008288405</C2>
                </COORD>
                <COORD>
                  <C1>7.93600000813868</C1>
                  <C2>45.99900000828869</C2>
                </COORD>
                <COORD>
                  <C1>7.936000008138903</C1>
                  <C2>45.998000008288045</C2>
                </COORD>
                <COORD>
                  <C1>7.935000008137833</C1>
                  <C2>45.99800000828829</C2>
                </COORD>
                <COORD>
                  <C1>7.934000008136766</C1>
                  <C2>45.99800000828858</C2>
                </COORD>
                <COORD>
                  <C1>7.9330000081357</C1>
                  <C2>45.998000008288834</C2>
                </COORD>
                <COORD>
                  <C1>7.932000008134632</C1>
                  <C2>45.998000008289075</C2>
                </COORD>
                <COORD>
                  <C1>7.932000008134411</C1>
                  <C2>45.999000008289705</C2>
                </COORD>
                <COORD>
                  <C1>7.93100000813334</C1>
                  <C2>45.99900000828994</C2>
                </COORD>
                <COORD>
                  <C1>7.930000008132274</C1>
                  <C2>45.99900000829021</C2>
                </COORD>
                <COORD>
                  <C1>7.929000008131206</C1>
                  <C2>45.99900000829042</C2>
                </COORD>
                <COORD>
                  <C1>7.928000008130137</C1>
                  <C2>45.9990000082907</C2>
                </COORD>
                <COORD>
                  <C1>7.927000008129071</C1>
                  <C2>45.999000008290956</C2>
                </COORD>
                <COORD>
                  <C1>7.9260000081280015</C1>
                  <C2>45.99900000829123</C2>
                </COORD>
                <COORD>
                  <C1>7.9250000081269345</C1>
                  <C2>45.99900000829144</C2>
                </COORD>
                <COORD>
                  <C1>7.924000008125867</C1>
                  <C2>45.99900000829169</C2>
                </COORD>
                <COORD>
                  <C1>7.923000008124799</C1>
                  <C2>45.99900000829195</C2>
                </COORD>
                <COORD>
                  <C1>7.92300000812502</C1>
                  <C2>45.99800000829132</C2>
                </COORD>
                <COORD>
                  <C1>7.922000008123953</C1>
                  <C2>45.99800000829158</C2>
                </COORD>
                <COORD>
                  <C1>7.921000008122885</C1>
                  <C2>45.99800000829181</C2>
                </COORD>
                <COORD>
                  <C1>7.920000008121817</C1>
                  <C2>45.99800000829209</C2>
                </COORD>
                <COORD>
                  <C1>7.919000008120746</C1>
                  <C2>45.9980000082923</C2>
                </COORD>
                <COORD>
                  <C1>7.918000008119682</C1>
                  <C2>45.998000008292564</C2>
                </COORD>
                <COORD>
                  <C1>7.91700000811861</C1>
                  <C2>45.99800000829284</C2>
                </COORD>
                <COORD>
                  <C1>7.916000008117545</C1>
                  <C2>45.998000008293076</C2>
                </COORD>
                <COORD>
                  <C1>7.9150000081164755</C1>
                  <C2>45.998000008293296</C2>
                </COORD>
                <COORD>
                  <C1>7.914000008115407</C1>
                  <C2>45.998000008293566</C2>
                </COORD>
                <COORD>
                  <C1>7.913000008114337</C1>
                  <C2>45.99800000829384</C2>
                </COORD>
                <COORD>
                  <C1>7.913000008114114</C1>
                  <C2>45.99900000829443</C2>
                </COORD>
                <COORD>
                  <C1>7.912000008113045</C1>
                  <C2>45.99900000829468</C2>
                </COORD>
                <COORD>
                  <C1>7.911000008111975</C1>
                  <C2>45.999000008294935</C2>
                </COORD>
                <COORD>
                  <C1>7.9100000081109085</C1>
                  <C2>45.999000008295184</C2>
                </COORD>
                <COORD>
                  <C1>7.909000008110062</C1>
                  <C2>45.998000008294824</C2>
                </COORD>
                <COORD>
                  <C1>7.909000008110286</C1>
                  <C2>45.9970000082942</C2>
                </COORD>
                <COORD>
                  <C1>7.908000008109212</C1>
                  <C2>45.99700000829445</C2>
                </COORD>
                <COORD>
                  <C1>7.908000008109434</C1>
                  <C2>45.99600000829385</C2>
                </COORD>
                <COORD>
                  <C1>7.907000008108367</C1>
                  <C2>45.9960000082941</C2>
                </COORD>
                <COORD>
                  <C1>7.907000008108588</C1>
                  <C2>45.99500000829348</C2>
                </COORD>
                <COORD>
                  <C1>7.9070000081088105</C1>
                  <C2>45.99400000829283</C2>
                </COORD>
                <COORD>
                  <C1>7.907000008109032</C1>
                  <C2>45.993000008292206</C2>
                </COORD>
                <COORD>
                  <C1>7.906000008107964</C1>
                  <C2>45.993000008292476</C2>
                </COORD>
                <COORD>
                  <C1>7.906000008108183</C1>
                  <C2>45.992000008291825</C2>
                </COORD>
                <COORD>
                  <C1>7.905000008107337</C1>
                  <C2>45.99100000829146</C2>
                </COORD>
                <COORD>
                  <C1>7.904000008106489</C1>
                  <C2>45.990000008291126</C2>
                </COORD>
                <COORD>
                  <C1>7.903000008105416</C1>
                  <C2>45.990000008291325</C2>
                </COORD>
                <COORD>
                  <C1>7.90200000810435</C1>
                  <C2>45.99000000829161</C2>
                </COORD>
                <COORD>
                  <C1>7.902000008104573</C1>
                  <C2>45.989000008290986</C2>
                </COORD>
                <COORD>
                  <C1>7.903000008105863</C1>
                  <C2>45.98800000829013</C2>
                </COORD>
                <COORD>
                  <C1>7.9020000081047925</C1>
                  <C2>45.98800000829036</C2>
                </COORD>
                <COORD>
                  <C1>7.902000008105012</C1>
                  <C2>45.98700000828973</C2>
                </COORD>
                <COORD>
                  <C1>7.901000008103946</C1>
                  <C2>45.987000008289996</C2>
                </COORD>
                <COORD>
                  <C1>7.90000000810287</C1>
                  <C2>45.98700000829022</C2>
                </COORD>
                <COORD>
                  <C1>7.900000008103096</C1>
                  <C2>45.98600000828963</C2>
                </COORD>
                <COORD>
                  <C1>7.899000008102022</C1>
                  <C2>45.98600000828985</C2>
                </COORD>
                <COORD>
                  <C1>7.898000008100956</C1>
                  <C2>45.98600000829012</C2>
                </COORD>
                <COORD>
                  <C1>7.898000008101175</C1>
                  <C2>45.985000008289504</C2>
                </COORD>
                <COORD>
                  <C1>7.897000008100106</C1>
                  <C2>45.985000008289774</C2>
                </COORD>
                <COORD>
                  <C1>7.897000008100329</C1>
                  <C2>45.98400000828913</C2>
                </COORD>
                <COORD>
                  <C1>7.8960000080992545</C1>
                  <C2>45.984000008289414</C2>
                </COORD>
                <COORD>
                  <C1>7.896000008099477</C1>
                  <C2>45.98300000828871</C2>
                </COORD>
                <COORD>
                  <C1>7.895000008098628</C1>
                  <C2>45.98200000828837</C2>
                </COORD>
                <COORD>
                  <C1>7.89500000809885</C1>
                  <C2>45.98100000828779</C2>
                </COORD>
                <COORD>
                  <C1>7.895000008099073</C1>
                  <C2>45.980000008287156</C2>
                </COORD>
                <COORD>
                  <C1>7.894000008098002</C1>
                  <C2>45.98000000828737</C2>
                </COORD>
                <COORD>
                  <C1>7.893000008097148</C1>
                  <C2>45.979000008286974</C2>
                </COORD>
                <COORD>
                  <C1>7.89200000809608</C1>
                  <C2>45.979000008287244</C2>
                </COORD>
                <COORD>
                  <C1>7.891000008095006</C1>
                  <C2>45.9790000082875</C2>
                </COORD>
                <COORD>
                  <C1>7.8900000080939385</C1>
                  <C2>45.97900000828773</C2>
                </COORD>
                <COORD>
                  <C1>7.889000008092863</C1>
                  <C2>45.97900000828798</C2>
                </COORD>
                <COORD>
                  <C1>7.888000008092013</C1>
                  <C2>45.97800000828759</C2>
                </COORD>
                <COORD>
                  <C1>7.887000008090945</C1>
                  <C2>45.97800000828787</C2>
                </COORD>
                <COORD>
                  <C1>7.886000008089871</C1>
                  <C2>45.97800000828815</C2>
                </COORD>
                <COORD>
                  <C1>7.886000008090094</C1>
                  <C2>45.97700000828748</C2>
                </COORD>
                <COORD>
                  <C1>7.885000008089023</C1>
                  <C2>45.977000008287725</C2>
                </COORD>
                <COORD>
                  <C1>7.88400000808795</C1>
                  <C2>45.97700000828797</C2>
                </COORD>
                <COORD>
                  <C1>7.883000008086878</C1>
                  <C2>45.977000008288215</C2>
                </COORD>
                <COORD>
                  <C1>7.882000008085807</C1>
                  <C2>45.97700000828848</C2>
                </COORD>
                <COORD>
                  <C1>7.882000008086027</C1>
                  <C2>45.976000008287855</C2>
                </COORD>
                <COORD>
                  <C1>7.881000008084954</C1>
                  <C2>45.9760000082881</C2>
                </COORD>
                <COORD>
                  <C1>7.880000008083882</C1>
                  <C2>45.97600000828834</C2>
                </COORD>
                <COORD>
                  <C1>7.880000008084103</C1>
                  <C2>45.97500000828772</C2>
                </COORD>
                <COORD>
                  <C1>7.879000008082813</C1>
                  <C2>45.97600000828863</C2>
                </COORD>
                <COORD>
                  <C1>7.87800000808174</C1>
                  <C2>45.97600000828882</C2>
                </COORD>
                <COORD>
                  <C1>7.878000008081958</C1>
                  <C2>45.97500000828825</C2>
                </COORD>
                <COORD>
                  <C1>7.87800000808218</C1>
                  <C2>45.9740000082876</C2>
                </COORD>
                <COORD>
                  <C1>7.878000008082399</C1>
                  <C2>45.97300000828701</C2>
                </COORD>
                <COORD>
                  <C1>7.879000008083471</C1>
                  <C2>45.97300000828675</C2>
                </COORD>
                <COORD>
                  <C1>7.881000008085834</C1>
                  <C2>45.972000008285626</C2>
                </COORD>
                <COORD>
                  <C1>7.8810000080860565</C1>
                  <C2>45.97100000828495</C2>
                </COORD>
                <COORD>
                  <C1>7.8820000080873465</C1>
                  <C2>45.97000000828412</C2>
                </COORD>
                <COORD>
                  <C1>7.883000008088421</C1>
                  <C2>45.970000008283876</C2>
                </COORD>
                <COORD>
                  <C1>7.88300000808864</C1>
                  <C2>45.96900000828325</C2>
                </COORD>
                <COORD>
                  <C1>7.882000008087569</C1>
                  <C2>45.969000008283494</C2>
                </COORD>
                <COORD>
                  <C1>7.882000008087787</C1>
                  <C2>45.968000008282864</C2>
                </COORD>
                <COORD>
                  <C1>7.881000008086718</C1>
                  <C2>45.96800000828312</C2>
                </COORD>
                <COORD>
                  <C1>7.882000008088008</C1>
                  <C2>45.96700000828224</C2>
                </COORD>
                <COORD>
                  <C1>7.8820000080882275</C1>
                  <C2>45.966000008281654</C2>
                </COORD>
                <COORD>
                  <C1>7.882000008088449</C1>
                  <C2>45.965000008281</C2>
                </COORD>
                <COORD>
                  <C1>7.8810000080873746</C1>
                  <C2>45.96500000828124</C2>
                </COORD>
                <COORD>
                  <C1>7.880000008086523</C1>
                  <C2>45.9640000082809</C2>
                </COORD>
                <COORD>
                  <C1>7.879000008085674</C1>
                  <C2>45.9630000082805</C2>
                </COORD>
                <COORD>
                  <C1>7.8780000080846</C1>
                  <C2>45.96300000828075</C2>
                </COORD>
                <COORD>
                  <C1>7.878000008084821</C1>
                  <C2>45.96200000828015</C2>
                </COORD>
                <COORD>
                  <C1>7.8790000080858915</C1>
                  <C2>45.962000008279894</C2>
                </COORD>
                <COORD>
                  <C1>7.879000008086111</C1>
                  <C2>45.96100000827924</C2>
                </COORD>
                <COORD>
                  <C1>7.8780000080850385</C1>
                  <C2>45.96100000827947</C2>
                </COORD>
                <COORD>
                  <C1>7.877000008083968</C1>
                  <C2>45.96100000827974</C2>
                </COORD>
                <COORD>
                  <C1>7.876000008083115</C1>
                  <C2>45.960000008279344</C2>
                </COORD>
                <COORD>
                  <C1>7.876000008083334</C1>
                  <C2>45.95900000827875</C2>
                </COORD>
                <COORD>
                  <C1>7.877000008084626</C1>
                  <C2>45.958000008277864</C2>
                </COORD>
                <COORD>
                  <C1>7.8780000080856984</C1>
                  <C2>45.95800000827759</C2>
                </COORD>
                <COORD>
                  <C1>7.878000008085918</C1>
                  <C2>45.95700000827696</C2>
                </COORD>
                <COORD>
                  <C1>7.879000008086992</C1>
                  <C2>45.95700000827677</C2>
                </COORD>
                <COORD>
                  <C1>7.879000008087208</C1>
                  <C2>45.95600000827613</C2>
                </COORD>
                <COORD>
                  <C1>7.879000008087429</C1>
                  <C2>45.955000008275505</C2>
                </COORD>
                <COORD>
                  <C1>7.878000008086355</C1>
                  <C2>45.955000008275746</C2>
                </COORD>
                <COORD>
                  <C1>7.878000008086576</C1>
                  <C2>45.95400000827514</C2>
                </COORD>
                <COORD>
                  <C1>7.878000008086797</C1>
                  <C2>45.9530000082745</C2>
                </COORD>
                <COORD>
                  <C1>7.878000008087014</C1>
                  <C2>45.95200000827386</C2>
                </COORD>
                <COORD>
                  <C1>7.879000008088089</C1>
                  <C2>45.95200000827359</C2>
                </COORD>
                <COORD>
                  <C1>7.878000008087235</C1>
                  <C2>45.951000008273226</C2>
                </COORD>
                <COORD>
                  <C1>7.877000008086163</C1>
                  <C2>45.951000008273475</C2>
                </COORD>
                <COORD>
                  <C1>7.876000008085089</C1>
                  <C2>45.95100000827372</C2>
                </COORD>
                <COORD>
                  <C1>7.876000008085308</C1>
                  <C2>45.950000008273115</C2>
                </COORD>
                <COORD>
                  <C1>7.875000008084234</C1>
                  <C2>45.950000008273356</C2>
                </COORD>
                <COORD>
                  <C1>7.874000008083161</C1>
                  <C2>45.9500000082736</C2>
                </COORD>
                <COORD>
                  <C1>7.873000008082087</C1>
                  <C2>45.95000000827383</C2>
                </COORD>
                <COORD>
                  <C1>7.872000008081015</C1>
                  <C2>45.950000008274095</C2>
                </COORD>
                <COORD>
                  <C1>7.872000008081234</C1>
                  <C2>45.94900000827347</C2>
                </COORD>
                <COORD>
                  <C1>7.871000008080162</C1>
                  <C2>45.94900000827375</C2>
                </COORD>
                <COORD>
                  <C1>7.8710000080803795</C1>
                  <C2>45.948000008273084</C2>
                </COORD>
                <COORD>
                  <C1>7.871000008080599</C1>
                  <C2>45.94700000827248</C2>
                </COORD>
                <COORD>
                  <C1>7.871000008080816</C1>
                  <C2>45.94600000827182</C2>
                </COORD>
                <COORD>
                  <C1>7.871000008081254</C1>
                  <C2>45.944000008270585</C2>
                </COORD>
                <COORD>
                  <C1>7.871000008081474</C1>
                  <C2>45.94300000826995</C2>
                </COORD>
                <COORD>
                  <C1>7.870000008080397</C1>
                  <C2>45.94300000827018</C2>
                </COORD>
                <COORD>
                  <C1>7.870000008080619</C1>
                  <C2>45.942000008269574</C2>
                </COORD>
                <COORD>
                  <C1>7.870000008080834</C1>
                  <C2>45.94100000826894</C2>
                </COORD>
                <COORD>
                  <C1>7.870000008081057</C1>
                  <C2>45.94000000826832</C2>
                </COORD>
                <COORD>
                  <C1>7.870000008081274</C1>
                  <C2>45.93900000826769</C2>
                </COORD>
                <COORD>
                  <C1>7.8690000080801985</C1>
                  <C2>45.939000008267946</C2>
                </COORD>
                <COORD>
                  <C1>7.870000008081494</C1>
                  <C2>45.93800000826708</C2>
                </COORD>
                <COORD>
                  <C1>7.871000008082568</C1>
                  <C2>45.93800000826681</C2>
                </COORD>
                <COORD>
                  <C1>7.871000008082787</C1>
                  <C2>45.93700000826618</C2>
                </COORD>
                <COORD>
                  <C1>7.872000008083858</C1>
                  <C2>45.93700000826593</C2>
                </COORD>
                <COORD>
                  <C1>7.872000008084076</C1>
                  <C2>45.93600000826532</C2>
                </COORD>
                <COORD>
                  <C1>7.872000008084294</C1>
                  <C2>45.93500000826469</C2>
                </COORD>
                <COORD>
                  <C1>7.872000008084512</C1>
                  <C2>45.93400000826407</C2>
                </COORD>
                <COORD>
                  <C1>7.87400000808666</C1>
                  <C2>45.934000008263546</C2>
                </COORD>
                <COORD>
                  <C1>7.875000008087949</C1>
                  <C2>45.93300000826268</C2>
                </COORD>
                <COORD>
                  <C1>7.875000008088169</C1>
                  <C2>45.93200000826202</C2>
                </COORD>
                <COORD>
                  <C1>7.87800000809205</C1>
                  <C2>45.929000008259415</C2>
                </COORD>
                <COORD>
                  <C1>7.876000008090559</C1>
                  <C2>45.92600000825802</C2>
                </COORD>
                <COORD>
                  <C1>7.875000008089917</C1>
                  <C2>45.924000008256996</C2>
                </COORD>
                <COORD>
                  <C1>7.874000008089279</C1>
                  <C2>45.92200000825598</C2>
                </COORD>
                <COORD>
                  <C1>7.873000008088207</C1>
                  <C2>45.92200000825624</C2>
                </COORD>
                <COORD>
                  <C1>7.871000008086276</C1>
                  <C2>45.92100000825611</C2>
                </COORD>
                <COORD>
                  <C1>7.867000008081979</C1>
                  <C2>45.92100000825709</C2>
                </COORD>
                <COORD>
                  <C1>7.866000008081336</C1>
                  <C2>45.91900000825605</C2>
                </COORD>
                <COORD>
                  <C1>7.865000008080262</C1>
                  <C2>45.91900000825631</C2>
                </COORD>
                <COORD>
                  <C1>7.86200000807682</C1>
                  <C2>45.9200000082577</C2>
                </COORD>
                <COORD>
                  <C1>7.861000008075527</C1>
                  <C2>45.92100000825859</C2>
                </COORD>
                <COORD>
                  <C1>7.861000008075309</C1>
                  <C2>45.92200000825919</C2>
                </COORD>
                <COORD>
                  <C1>7.860000008074018</C1>
                  <C2>45.923000008260075</C2>
                </COORD>
                <COORD>
                  <C1>7.857000008070795</C1>
                  <C2>45.92300000826083</C2>
                </COORD>
                <COORD>
                  <C1>7.854000008067568</C1>
                  <C2>45.92300000826158</C2>
                </COORD>
                <COORD>
                  <C1>7.852000008065635</C1>
                  <C2>45.92200000826142</C2>
                </COORD>
                <COORD>
                  <C1>7.84900000806219</C1>
                  <C2>45.9230000082628</C2>
                </COORD>
                <COORD>
                  <C1>7.844000008056591</C1>
                  <C2>45.92400000826465</C2>
                </COORD>
                <COORD>
                  <C1>7.84200000805444</C1>
                  <C2>45.92400000826518</C2>
                </COORD>
                <COORD>
                  <C1>7.838000008050136</C1>
                  <C2>45.92400000826614</C2>
                </COORD>
                <COORD>
                  <C1>7.837000008049059</C1>
                  <C2>45.92400000826638</C2>
                </COORD>
                <COORD>
                  <C1>7.8350000080466895</C1>
                  <C2>45.92500000826754</C2>
                </COORD>
                <COORD>
                  <C1>7.834000008045393</C1>
                  <C2>45.92600000826841</C2>
                </COORD>
                <COORD>
                  <C1>7.832000008043024</C1>
                  <C2>45.927000008269516</C2>
                </COORD>
                <COORD>
                  <C1>7.831000008041945</C1>
                  <C2>45.927000008269765</C2>
                </COORD>
                <COORD>
                  <C1>7.830000008040871</C1>
                  <C2>45.92700000827005</C2>
                </COORD>
                <COORD>
                  <C1>7.829000008039576</C1>
                  <C2>45.92800000827089</C2>
                </COORD>
                <COORD>
                  <C1>7.828000008038499</C1>
                  <C2>45.92800000827115</C2>
                </COORD>
                <COORD>
                  <C1>7.8260000080363445</C1>
                  <C2>45.928000008271646</C2>
                </COORD>
                <COORD>
                  <C1>7.825000008035268</C1>
                  <C2>45.92800000827186</C2>
                </COORD>
                <COORD>
                  <C1>7.824000008033974</C1>
                  <C2>45.92900000827275</C2>
                </COORD>
                <COORD>
                  <C1>7.823000008032895</C1>
                  <C2>45.929000008272986</C2>
                </COORD>
                <COORD>
                  <C1>7.821000008030741</C1>
                  <C2>45.92900000827347</C2>
                </COORD>
                <COORD>
                  <C1>7.82000000802988</C1>
                  <C2>45.928000008273095</C2>
                </COORD>
                <COORD>
                  <C1>7.81800000802794</C1>
                  <C2>45.927000008272955</C2>
                </COORD>
                <COORD>
                  <C1>7.816000008026002</C1>
                  <C2>45.92600000827282</C2>
                </COORD>
                <COORD>
                  <C1>7.815000008025143</C1>
                  <C2>45.92500000827241</C2>
                </COORD>
                <COORD>
                  <C1>7.814000008024061</C1>
                  <C2>45.9250000082727</C2>
                </COORD>
                <COORD>
                  <C1>7.8130000080229856</C1>
                  <C2>45.925000008272924</C2>
                </COORD>
                <COORD>
                  <C1>7.8110000080208275</C1>
                  <C2>45.92500000827341</C2>
                </COORD>
                <COORD>
                  <C1>7.810000008019964</C1>
                  <C2>45.92400000827305</C2>
                </COORD>
                <COORD>
                  <C1>7.808000008018023</C1>
                  <C2>45.92300000827287</C2>
                </COORD>
                <COORD>
                  <C1>7.806000008016299</C1>
                  <C2>45.921000008272095</C2>
                </COORD>
                <COORD>
                  <C1>7.805000008015433</C1>
                  <C2>45.92000000827174</C2>
                </COORD>
                <COORD>
                  <C1>7.803000008013279</C1>
                  <C2>45.92000000827225</C2>
                </COORD>
                <COORD>
                  <C1>7.802000008012412</C1>
                  <C2>45.91900000827182</C2>
                </COORD>
                <COORD>
                  <C1>7.801000008011334</C1>
                  <C2>45.91900000827208</C2>
                </COORD>
                <COORD>
                  <C1>7.800000008010254</C1>
                  <C2>45.91900000827232</C2>
                </COORD>
                <COORD>
                  <C1>7.7980000080078815</C1>
                  <C2>45.92000000827345</C2>
                </COORD>
                <COORD>
                  <C1>7.7950000080042114</C1>
                  <C2>45.92200000827543</C2>
                </COORD>
                <COORD>
                  <C1>7.794000008002919</C1>
                  <C2>45.92300000827633</C2>
                </COORD>
                <COORD>
                  <C1>7.794000008002699</C1>
                  <C2>45.92400000827694</C2>
                </COORD>
                <COORD>
                  <C1>7.793000008001624</C1>
                  <C2>45.92400000827718</C2>
                </COORD>
                <COORD>
                  <C1>7.793000008001408</C1>
                  <C2>45.92500000827783</C2>
                </COORD>
                <COORD>
                  <C1>7.793000008001194</C1>
                  <C2>45.926000008278486</C2>
                </COORD>
                <COORD>
                  <C1>7.792000007999897</C1>
                  <C2>45.92700000827936</C2>
                </COORD>
                <COORD>
                  <C1>7.790000007997738</C1>
                  <C2>45.92700000827985</C2>
                </COORD>
                <COORD>
                  <C1>7.7890000079964405</C1>
                  <C2>45.92800000828071</C2>
                </COORD>
                <COORD>
                  <C1>7.787000007994065</C1>
                  <C2>45.92900000828183</C2>
                </COORD>
                <COORD>
                  <C1>7.786000007992769</C1>
                  <C2>45.9300000082827</C2>
                </COORD>
                <COORD>
                  <C1>7.783000007989318</C1>
                  <C2>45.931000008284045</C2>
                </COORD>
                <COORD>
                  <C1>7.782000007988238</C1>
                  <C2>45.93100000828431</C2>
                </COORD>
                <COORD>
                  <C1>7.781000007987158</C1>
                  <C2>45.93100000828457</C2>
                </COORD>
                <COORD>
                  <C1>7.78000000798586</C1>
                  <C2>45.93200000828543</C2>
                </COORD>
                <COORD>
                  <C1>7.779000007984782</C1>
                  <C2>45.93200000828568</C2>
                </COORD>
                <COORD>
                  <C1>7.778000007983486</C1>
                  <C2>45.93300000828655</C2>
                </COORD>
                <COORD>
                  <C1>7.777000007982406</C1>
                  <C2>45.93300000828679</C2>
                </COORD>
                <COORD>
                  <C1>7.777000007982193</C1>
                  <C2>45.93400000828743</C2>
                </COORD>
                <COORD>
                  <C1>7.77600000798111</C1>
                  <C2>45.93400000828768</C2>
                </COORD>
                <COORD>
                  <C1>7.776000007980893</C1>
                  <C2>45.93500000828829</C2>
                </COORD>
                <COORD>
                  <C1>7.775000007979811</C1>
                  <C2>45.93500000828851</C2>
                </COORD>
                <COORD>
                  <C1>7.774000007978734</C1>
                  <C2>45.93500000828881</C2>
                </COORD>
                <COORD>
                  <C1>7.773000007977654</C1>
                  <C2>45.93500000828902</C2>
                </COORD>
                <COORD>
                  <C1>7.773000007977437</C1>
                  <C2>45.93600000828967</C2>
                </COORD>
                <COORD>
                  <C1>7.772000007976354</C1>
                  <C2>45.93600000828993</C2>
                </COORD>
                <COORD>
                  <C1>7.772000007976143</C1>
                  <C2>45.93700000829052</C2>
                </COORD>
                <COORD>
                  <C1>7.772000007975924</C1>
                  <C2>45.93800000829115</C2>
                </COORD>
                <COORD>
                  <C1>7.771000007974847</C1>
                  <C2>45.938000008291425</C2>
                </COORD>
                <COORD>
                  <C1>7.770000007973767</C1>
                  <C2>45.93800000829165</C2>
                </COORD>
                <COORD>
                  <C1>7.770000007973552</C1>
                  <C2>45.93900000829229</C2>
                </COORD>
                <COORD>
                  <C1>7.76900000797247</C1>
                  <C2>45.93900000829259</C2>
                </COORD>
                <COORD>
                  <C1>7.76800000797139</C1>
                  <C2>45.93900000829284</C2>
                </COORD>
                <COORD>
                  <C1>7.7670000079703065</C1>
                  <C2>45.939000008293014</C2>
                </COORD>
                <COORD>
                  <C1>7.766000007969011</C1>
                  <C2>45.94000000829392</C2>
                </COORD>
                <COORD>
                  <C1>7.766000007969226</C1>
                  <C2>45.93900000829327</C2>
                </COORD>
                <COORD>
                  <C1>7.765000007967933</C1>
                  <C2>45.94000000829413</C2>
                </COORD>
                <COORD>
                  <C1>7.764000007966849</C1>
                  <C2>45.9400000082944</C2>
                </COORD>
                <COORD>
                  <C1>7.76300000796577</C1>
                  <C2>45.94000000829465</C2>
                </COORD>
                <COORD>
                  <C1>7.76200000796469</C1>
                  <C2>45.9400000082949</C2>
                </COORD>
                <COORD>
                  <C1>7.761000007963608</C1>
                  <C2>45.940000008295144</C2>
                </COORD>
                <COORD>
                  <C1>7.760000007962308</C1>
                  <C2>45.94100000829598</C2>
                </COORD>
                <COORD>
                  <C1>7.759000007961231</C1>
                  <C2>45.941000008296214</C2>
                </COORD>
                <COORD>
                  <C1>7.758000007960147</C1>
                  <C2>45.9410000082965</C2>
                </COORD>
                <COORD>
                  <C1>7.757000007959065</C1>
                  <C2>45.941000008296704</C2>
                </COORD>
                <COORD>
                  <C1>7.756000007957985</C1>
                  <C2>45.94100000829695</C2>
                </COORD>
                <COORD>
                  <C1>7.755000007956902</C1>
                  <C2>45.94100000829719</C2>
                </COORD>
                <COORD>
                  <C1>7.754000007955605</C1>
                  <C2>45.9420000082981</C2>
                </COORD>
                <COORD>
                  <C1>7.753000007954526</C1>
                  <C2>45.942000008298315</C2>
                </COORD>
                <COORD>
                  <C1>7.752000007953446</C1>
                  <C2>45.942000008298585</C2>
                </COORD>
                <COORD>
                  <C1>7.751000007952362</C1>
                  <C2>45.94200000829883</C2>
                </COORD>
                <COORD>
                  <C1>7.750000007951277</C1>
                  <C2>45.94200000829912</C2>
                </COORD>
                <COORD>
                  <C1>7.7490000079499834</C1>
                  <C2>45.943000008299904</C2>
                </COORD>
                <COORD>
                  <C1>7.749000007950197</C1>
                  <C2>45.942000008299296</C2>
                </COORD>
                <COORD>
                  <C1>7.749000007950412</C1>
                  <C2>45.94100000829868</C2>
                </COORD>
                <COORD>
                  <C1>7.74800000794976</C1>
                  <C2>45.93900000829763</C2>
                </COORD>
                <COORD>
                  <C1>7.747000007949104</C1>
                  <C2>45.93700000829663</C2>
                </COORD>
                <COORD>
                  <C1>7.745000007947583</C1>
                  <C2>45.93400000829523</C2>
                </COORD>
                <COORD>
                  <C1>7.743000007945632</C1>
                  <C2>45.93300000829505</C2>
                </COORD>
                <COORD>
                  <C1>7.741000007943468</C1>
                  <C2>45.93300000829555</C2>
                </COORD>
                <COORD>
                  <C1>7.7400000079426</C1>
                  <C2>45.932000008295205</C2>
                </COORD>
                <COORD>
                  <C1>7.738000007940862</C1>
                  <C2>45.93000000829441</C2>
                </COORD>
                <COORD>
                  <C1>7.737000007939989</C1>
                  <C2>45.929000008294</C2>
                </COORD>
                <COORD>
                  <C1>7.736000007939333</C1>
                  <C2>45.92700000829302</C2>
                </COORD>
                <COORD>
                  <C1>7.736000007939548</C1>
                  <C2>45.926000008292384</C2>
                </COORD>
                <COORD>
                  <C1>7.730000007933048</C1>
                  <C2>45.92600000829381</C2>
                </COORD>
                <COORD>
                  <C1>7.727000007930008</C1>
                  <C2>45.92500000829393</C2>
                </COORD>
                <COORD>
                  <C1>7.725000007927841</C1>
                  <C2>45.925000008294454</C2>
                </COORD>
                <COORD>
                  <C1>7.723000007925672</C1>
                  <C2>45.925000008294894</C2>
                </COORD>
                <COORD>
                  <C1>7.7220000079245885</C1>
                  <C2>45.92500000829511</C2>
                </COORD>
                <COORD>
                  <C1>7.7210000079232906</C1>
                  <C2>45.926000008296036</C2>
                </COORD>
                <COORD>
                  <C1>7.720000007922204</C1>
                  <C2>45.92600000829625</C2>
                </COORD>
                <COORD>
                  <C1>7.719000007921124</C1>
                  <C2>45.9260000082965</C2>
                </COORD>
                <COORD>
                  <C1>7.719000007920909</C1>
                  <C2>45.927000008297135</C2>
                </COORD>
                <COORD>
                  <C1>7.718000007919612</C1>
                  <C2>45.92800000829801</C2>
                </COORD>
                <COORD>
                  <C1>7.7180000079193976</C1>
                  <C2>45.92900000829865</C2>
                </COORD>
                <COORD>
                  <C1>7.7170000079181005</C1>
                  <C2>45.93000000829953</C2>
                </COORD>
                <COORD>
                  <C1>7.714000007914847</C1>
                  <C2>45.93000000830023</C2>
                </COORD>
                <COORD>
                  <C1>7.714000007914636</C1>
                  <C2>45.93100000830088</C2>
                </COORD>
                <COORD>
                  <C1>7.714000007914419</C1>
                  <C2>45.93200000830151</C2>
                </COORD>
                <COORD>
                  <C1>7.713000007913335</C1>
                  <C2>45.932000008301735</C2>
                </COORD>
                <COORD>
                  <C1>7.713000007913124</C1>
                  <C2>45.933000008302365</C2>
                </COORD>
                <COORD>
                  <C1>7.7130000079129095</C1>
                  <C2>45.934000008303016</C2>
                </COORD>
                <COORD>
                  <C1>7.712000007911611</C1>
                  <C2>45.935000008303895</C2>
                </COORD>
                <COORD>
                  <C1>7.7110000079103145</C1>
                  <C2>45.93600000830475</C2>
                </COORD>
                <COORD>
                  <C1>7.710000007909226</C1>
                  <C2>45.936000008304994</C2>
                </COORD>
                <COORD>
                  <C1>7.709000007908359</C1>
                  <C2>45.93500000830463</C2>
                </COORD>
                <COORD>
                  <C1>7.709000007908142</C1>
                  <C2>45.936000008305236</C2>
                </COORD>
                <COORD>
                  <C1>7.708000007906844</C1>
                  <C2>45.937000008306114</C2>
                </COORD>
                <COORD>
                  <C1>7.710000007907736</C1>
                  <C2>45.94300000830944</C2>
                </COORD>
                <COORD>
                  <C1>7.710000007907094</C1>
                  <C2>45.94600000831129</C2>
                </COORD>
                <COORD>
                  <C1>7.710000007906885</C1>
                  <C2>45.94700000831196</C2>
                </COORD>
                <COORD>
                  <C1>7.711000007907756</C1>
                  <C2>45.94800000831232</C2>
                </COORD>
                <COORD>
                  <C1>7.711000007907539</C1>
                  <C2>45.94900000831293</C2>
                </COORD>
                <COORD>
                  <C1>7.711000007907325</C1>
                  <C2>45.95000000831355</C2>
                </COORD>
                <COORD>
                  <C1>7.710000007906241</C1>
                  <C2>45.950000008313786</C2>
                </COORD>
                <COORD>
                  <C1>7.71000000790603</C1>
                  <C2>45.95100000831444</C2>
                </COORD>
                <COORD>
                  <C1>7.709000007904943</C1>
                  <C2>45.9510000083147</C2>
                </COORD>
                <COORD>
                  <C1>7.708000007903857</C1>
                  <C2>45.951000008314914</C2>
                </COORD>
                <COORD>
                  <C1>7.707000007902777</C1>
                  <C2>45.951000008315155</C2>
                </COORD>
                <COORD>
                  <C1>7.707000007902563</C1>
                  <C2>45.95200000831577</C2>
                </COORD>
                <COORD>
                  <C1>7.706000007901477</C1>
                  <C2>45.95200000831602</C2>
                </COORD>
                <COORD>
                  <C1>7.705000007900392</C1>
                  <C2>45.95200000831626</C2>
                </COORD>
                <COORD>
                  <C1>7.705000007900176</C1>
                  <C2>45.9530000083169</C2>
                </COORD>
                <COORD>
                  <C1>7.704000007899095</C1>
                  <C2>45.95300000831713</C2>
                </COORD>
                <COORD>
                  <C1>7.7040000078988795</C1>
                  <C2>45.95400000831778</C2>
                </COORD>
                <COORD>
                  <C1>7.703000007897796</C1>
                  <C2>45.95400000831803</C2>
                </COORD>
                <COORD>
                  <C1>7.702000007896709</C1>
                  <C2>45.95400000831826</C2>
                </COORD>
                <COORD>
                  <C1>7.701000007895414</C1>
                  <C2>45.955000008319125</C2>
                </COORD>
                <COORD>
                  <C1>7.7010000078952</C1>
                  <C2>45.956000008319805</C2>
                </COORD>
                <COORD>
                  <C1>7.700000007894112</C1>
                  <C2>45.956000008320025</C2>
                </COORD>
                <COORD>
                  <C1>7.699000007893031</C1>
                  <C2>45.956000008320245</C2>
                </COORD>
                <COORD>
                  <C1>7.699000007892816</C1>
                  <C2>45.95700000832088</C2>
                </COORD>
                <COORD>
                  <C1>7.698000007891945</C1>
                  <C2>45.956000008320466</C2>
                </COORD>
                <COORD>
                  <C1>7.698000007891732</C1>
                  <C2>45.957000008321124</C2>
                </COORD>
                <COORD>
                  <C1>7.697000007890644</C1>
                  <C2>45.957000008321344</C2>
                </COORD>
                <COORD>
                  <C1>7.696000007889775</C1>
                  <C2>45.956000008321</C2>
                </COORD>
                <COORD>
                  <C1>7.6960000078895625</C1>
                  <C2>45.957000008321586</C2>
                </COORD>
                <COORD>
                  <C1>7.695000007888688</C1>
                  <C2>45.9560000083212</C2>
                </COORD>
                <COORD>
                  <C1>7.695000007888475</C1>
                  <C2>45.9570000083218</C2>
                </COORD>
                <COORD>
                  <C1>7.694000007887602</C1>
                  <C2>45.95600000832147</C2>
                </COORD>
                <COORD>
                  <C1>7.69400000788739</C1>
                  <C2>45.957000008322076</C2>
                </COORD>
                <COORD>
                  <C1>7.6930000078865195</C1>
                  <C2>45.95600000832173</C2>
                </COORD>
                <COORD>
                  <C1>7.692000007885435</C1>
                  <C2>45.956000008321965</C2>
                </COORD>
                <COORD>
                  <C1>7.691000007884346</C1>
                  <C2>45.95600000832217</C2>
                </COORD>
                <COORD>
                  <C1>7.691000007884133</C1>
                  <C2>45.957000008322765</C2>
                </COORD>
                <COORD>
                  <C1>7.690000007883048</C1>
                  <C2>45.95700000832305</C2>
                </COORD>
                <COORD>
                  <C1>7.68900000788196</C1>
                  <C2>45.95700000832329</C2>
                </COORD>
                <COORD>
                  <C1>7.68800000788088</C1>
                  <C2>45.95700000832353</C2>
                </COORD>
                <COORD>
                  <C1>7.687000007879792</C1>
                  <C2>45.957000008323774</C2>
                </COORD>
                <COORD>
                  <C1>7.686000007878494</C1>
                  <C2>45.958000008324674</C2>
                </COORD>
                <COORD>
                  <C1>7.685000007877406</C1>
                  <C2>45.958000008324895</C2>
                </COORD>
                <COORD>
                  <C1>7.684000007876323</C1>
                  <C2>45.958000008325115</C2>
                </COORD>
                <COORD>
                  <C1>7.683000007875022</C1>
                  <C2>45.959000008326</C2>
                </COORD>
                <COORD>
                  <C1>7.682000007873939</C1>
                  <C2>45.95900000832623</C2>
                </COORD>
                <COORD>
                  <C1>7.681000007872851</C1>
                  <C2>45.95900000832649</C2>
                </COORD>
                <COORD>
                  <C1>7.681000007872636</C1>
                  <C2>45.96000000832711</C2>
                </COORD>
                <COORD>
                  <C1>7.680000007871551</C1>
                  <C2>45.96000000832739</C2>
                </COORD>
                <COORD>
                  <C1>7.679000007870253</C1>
                  <C2>45.96100000832823</C2>
                </COORD>
                <COORD>
                  <C1>7.67900000787004</C1>
                  <C2>45.962000008328815</C2>
                </COORD>
                <COORD>
                  <C1>7.6790000078698295</C1>
                  <C2>45.9630000083295</C2>
                </COORD>
                <COORD>
                  <C1>7.6790000078696155</C1>
                  <C2>45.96400000833011</C2>
                </COORD>
                <COORD>
                  <C1>7.679000007869402</C1>
                  <C2>45.965000008330776</C2>
                </COORD>
                <COORD>
                  <C1>7.678000007868314</C1>
                  <C2>45.965000008330996</C2>
                </COORD>
                <COORD>
                  <C1>7.678000007868101</C1>
                  <C2>45.96600000833159</C2>
                </COORD>
                <COORD>
                  <C1>7.678000007867889</C1>
                  <C2>45.967000008332214</C2>
                </COORD>
                <COORD>
                  <C1>7.677000007866802</C1>
                  <C2>45.96700000833244</C2>
                </COORD>
                <COORD>
                  <C1>7.676000007865715</C1>
                  <C2>45.96700000833267</C2>
                </COORD>
                <COORD>
                  <C1>7.676000007865504</C1>
                  <C2>45.96800000833332</C2>
                </COORD>
                <COORD>
                  <C1>7.675000007864416</C1>
                  <C2>45.96800000833358</C2>
                </COORD>
                <COORD>
                  <C1>7.675000007864204</C1>
                  <C2>45.969000008334206</C2>
                </COORD>
                <COORD>
                  <C1>7.675000007863991</C1>
                  <C2>45.9700000083348</C2>
                </COORD>
                <COORD>
                  <C1>7.6740000078626895</C1>
                  <C2>45.97100000833569</C2>
                </COORD>
                <COORD>
                  <C1>7.6730000078616065</C1>
                  <C2>45.97100000833591</C2>
                </COORD>
                <COORD>
                  <C1>7.672000007860519</C1>
                  <C2>45.9710000083362</C2>
                </COORD>
                <COORD>
                  <C1>7.672000007860306</C1>
                  <C2>45.97200000833681</C2>
                </COORD>
                <COORD>
                  <C1>7.6710000078592175</C1>
                  <C2>45.97200000833706</C2>
                </COORD>
                <COORD>
                  <C1>7.671000007859005</C1>
                  <C2>45.97300000833767</C2>
                </COORD>
                <COORD>
                  <C1>7.670000007857921</C1>
                  <C2>45.97300000833792</C2>
                </COORD>
                <COORD>
                  <C1>7.670000007857706</C1>
                  <C2>45.97400000833856</C2>
                </COORD>
                <COORD>
                  <C1>7.670000007857493</C1>
                  <C2>45.97500000833917</C2>
                </COORD>
                <COORD>
                  <C1>7.669000007856407</C1>
                  <C2>45.975000008339414</C2>
                </COORD>
                <COORD>
                  <C1>7.669000007856192</C1>
                  <C2>45.976000008340044</C2>
                </COORD>
                <COORD>
                  <C1>7.668000007855109</C1>
                  <C2>45.9760000083403</C2>
                </COORD>
                <COORD>
                  <C1>7.667000007854019</C1>
                  <C2>45.97600000834052</C2>
                </COORD>
                <COORD>
                  <C1>7.666000007852934</C1>
                  <C2>45.97600000834074</C2>
                </COORD>
                <COORD>
                  <C1>7.666000007852722</C1>
                  <C2>45.9770000083414</C2>
                </COORD>
                <COORD>
                  <C1>7.665000007851634</C1>
                  <C2>45.977000008341626</C2>
                </COORD>
                <COORD>
                  <C1>7.665000007851422</C1>
                  <C2>45.9780000083423</C2>
                </COORD>
                <COORD>
                  <C1>7.664000007850333</C1>
                  <C2>45.9780000083425</C2>
                </COORD>
                <COORD>
                  <C1>7.660000007845989</C1>
                  <C2>45.97800000834346</C2>
                </COORD>
                <COORD>
                  <C1>7.659000007844901</C1>
                  <C2>45.978000008343685</C2>
                </COORD>
                <COORD>
                  <C1>7.658000007843817</C1>
                  <C2>45.978000008343905</C2>
                </COORD>
                <COORD>
                  <C1>7.657000007842728</C1>
                  <C2>45.978000008344175</C2>
                </COORD>
                <COORD>
                  <C1>7.65600000784164</C1>
                  <C2>45.97800000834444</C2>
                </COORD>
                <COORD>
                  <C1>7.656000007841851</C1>
                  <C2>45.97700000834379</C2>
                </COORD>
                <COORD>
                  <C1>7.655000007840768</C1>
                  <C2>45.97700000834402</C2>
                </COORD>
                <COORD>
                  <C1>7.655000007840978</C1>
                  <C2>45.976000008343384</C2>
                </COORD>
                <COORD>
                  <C1>7.654000007839893</C1>
                  <C2>45.976000008343654</C2>
                </COORD>
                <COORD>
                  <C1>7.653000007838807</C1>
                  <C2>45.97600000834394</C2>
                </COORD>
                <COORD>
                  <C1>7.652000007837717</C1>
                  <C2>45.976000008344094</C2>
                </COORD>
                <COORD>
                  <C1>7.651000007836631</C1>
                  <C2>45.976000008344364</C2>
                </COORD>
                <COORD>
                  <C1>7.650000007835542</C1>
                  <C2>45.976000008344634</C2>
                </COORD>
                <COORD>
                  <C1>7.650000007835754</C1>
                  <C2>45.975000008344</C2>
                </COORD>
                <COORD>
                  <C1>7.649000007834667</C1>
                  <C2>45.97500000834423</C2>
                </COORD>
                <COORD>
                  <C1>7.648000007833579</C1>
                  <C2>45.97500000834449</C2>
                </COORD>
                <COORD>
                  <C1>7.647000007832704</C1>
                  <C2>45.97400000834405</C2>
                </COORD>
                <COORD>
                  <C1>7.646000007831619</C1>
                  <C2>45.97400000834432</C2>
                </COORD>
                <COORD>
                  <C1>7.646000007831827</C1>
                  <C2>45.97300000834367</C2>
                </COORD>
                <COORD>
                  <C1>7.64500000783074</C1>
                  <C2>45.97300000834397</C2>
                </COORD>
                <COORD>
                  <C1>7.6440000078296535</C1>
                  <C2>45.97300000834419</C2>
                </COORD>
                <COORD>
                  <C1>7.643000007828565</C1>
                  <C2>45.973000008344435</C2>
                </COORD>
                <COORD>
                  <C1>7.642000007827477</C1>
                  <C2>45.97300000834465</C2>
                </COORD>
                <COORD>
                  <C1>7.64200000782769</C1>
                  <C2>45.972000008344025</C2>
                </COORD>
                <COORD>
                  <C1>7.641000007826602</C1>
                  <C2>45.97200000834428</C2>
                </COORD>
                <COORD>
                  <C1>7.640000007825513</C1>
                  <C2>45.97200000834451</C2>
                </COORD>
                <COORD>
                  <C1>7.639000007824423</C1>
                  <C2>45.97200000834476</C2>
                </COORD>
                <COORD>
                  <C1>7.638000007823338</C1>
                  <C2>45.97200000834503</C2>
                </COORD>
                <COORD>
                  <C1>7.637000007822248</C1>
                  <C2>45.97200000834525</C2>
                </COORD>
                <COORD>
                  <C1>7.636000007821157</C1>
                  <C2>45.97200000834547</C2>
                </COORD>
                <COORD>
                  <C1>7.63500000782007</C1>
                  <C2>45.97200000834572</C2>
                </COORD>
                <COORD>
                  <C1>7.634000007818982</C1>
                  <C2>45.972000008345965</C2>
                </COORD>
                <COORD>
                  <C1>7.633000007817892</C1>
                  <C2>45.97200000834621</C2>
                </COORD>
                <COORD>
                  <C1>7.6320000078168055</C1>
                  <C2>45.97200000834643</C2>
                </COORD>
                <COORD>
                  <C1>7.632000007816591</C1>
                  <C2>45.9730000083471</C2>
                </COORD>
                <COORD>
                  <C1>7.631000007815504</C1>
                  <C2>45.97300000834732</C2>
                </COORD>
                <COORD>
                  <C1>7.630000007814414</C1>
                  <C2>45.97300000834755</C2>
                </COORD>
                <COORD>
                  <C1>7.629000007813324</C1>
                  <C2>45.97300000834776</C2>
                </COORD>
                <COORD>
                  <C1>7.628000007812235</C1>
                  <C2>45.973000008347995</C2>
                </COORD>
                <COORD>
                  <C1>7.627000007811145</C1>
                  <C2>45.97300000834825</C2>
                </COORD>
                <COORD>
                  <C1>7.626000007810059</C1>
                  <C2>45.973000008348514</C2>
                </COORD>
                <COORD>
                  <C1>7.625000007808968</C1>
                  <C2>45.97300000834875</C2>
                </COORD>
                <COORD>
                  <C1>7.624000007807878</C1>
                  <C2>45.97300000834898</C2>
                </COORD>
                <COORD>
                  <C1>7.623000007806789</C1>
                  <C2>45.973000008349224</C2>
                </COORD>
                <COORD>
                  <C1>7.623000007806578</C1>
                  <C2>45.97400000834983</C2>
                </COORD>
                <COORD>
                  <C1>7.6220000078054895</C1>
                  <C2>45.974000008350075</C2>
                </COORD>
                <COORD>
                  <C1>7.621000007804401</C1>
                  <C2>45.97400000835032</C2>
                </COORD>
                <COORD>
                  <C1>7.620000007803309</C1>
                  <C2>45.97400000835058</C2>
                </COORD>
                <COORD>
                  <C1>7.619000007802221</C1>
                  <C2>45.9740000083508</C2>
                </COORD>
                <COORD>
                  <C1>7.618000007801341</C1>
                  <C2>45.97300000835041</C2>
                </COORD>
                <COORD>
                  <C1>7.617000007800255</C1>
                  <C2>45.97300000835067</C2>
                </COORD>
                <COORD>
                  <C1>7.616000007799161</C1>
                  <C2>45.973000008350915</C2>
                </COORD>
                <COORD>
                  <C1>7.615000007798074</C1>
                  <C2>45.97300000835111</C2>
                </COORD>
                <COORD>
                  <C1>7.614000007797191</C1>
                  <C2>45.972000008350754</C2>
                </COORD>
                <COORD>
                  <C1>7.613000007796105</C1>
                  <C2>45.972000008350996</C2>
                </COORD>
                <COORD>
                  <C1>7.6120000077950145</C1>
                  <C2>45.97200000835123</C2>
                </COORD>
                <COORD>
                  <C1>7.612000007795227</C1>
                  <C2>45.971000008350586</C2>
                </COORD>
                <COORD>
                  <C1>7.611000007794133</C1>
                  <C2>45.97100000835084</C2>
                </COORD>
                <COORD>
                  <C1>7.610000007793043</C1>
                  <C2>45.97100000835104</C2>
                </COORD>
                <COORD>
                  <C1>7.609000007791952</C1>
                  <C2>45.971000008351304</C2>
                </COORD>
                <COORD>
                  <C1>7.608000007790654</C1>
                  <C2>45.97200000835218</C2>
                </COORD>
                <COORD>
                  <C1>7.607000007789562</C1>
                  <C2>45.972000008352424</C2>
                </COORD>
                <COORD>
                  <C1>7.60600000778847</C1>
                  <C2>45.972000008352666</C2>
                </COORD>
                <COORD>
                  <C1>7.605000007787382</C1>
                  <C2>45.972000008352886</C2>
                </COORD>
                <COORD>
                  <C1>7.604000007786291</C1>
                  <C2>45.97200000835314</C2>
                </COORD>
                <COORD>
                  <C1>7.603000007785201</C1>
                  <C2>45.9720000083534</C2>
                </COORD>
                <COORD>
                  <C1>7.602000007784108</C1>
                  <C2>45.97200000835361</C2>
                </COORD>
                <COORD>
                  <C1>7.6010000077830195</C1>
                  <C2>45.97200000835384</C2>
                </COORD>
                <COORD>
                  <C1>7.600000007781925</C1>
                  <C2>45.972000008354094</C2>
                </COORD>
                <COORD>
                  <C1>7.599000007780835</C1>
                  <C2>45.97200000835431</C2>
                </COORD>
                <COORD>
                  <C1>7.598000007779743</C1>
                  <C2>45.972000008354584</C2>
                </COORD>
                <COORD>
                  <C1>7.597000007778655</C1>
                  <C2>45.97200000835481</C2>
                </COORD>
                <COORD>
                  <C1>7.596000007777352</C1>
                  <C2>45.97300000835567</C2>
                </COORD>
                <COORD>
                  <C1>7.595000007776262</C1>
                  <C2>45.97300000835589</C2>
                </COORD>
                <COORD>
                  <C1>7.59400000777517</C1>
                  <C2>45.973000008356145</C2>
                </COORD>
                <COORD>
                  <C1>7.594000007775383</C1>
                  <C2>45.972000008355515</C2>
                </COORD>
                <COORD>
                  <C1>7.593000007774081</C1>
                  <C2>45.973000008356394</C2>
                </COORD>
                <COORD>
                  <C1>7.5930000077742905</C1>
                  <C2>45.972000008355735</C2>
                </COORD>
                <COORD>
                  <C1>7.592000007772987</C1>
                  <C2>45.97300000835661</C2>
                </COORD>
                <COORD>
                  <C1>7.591000007772106</C1>
                  <C2>45.97200000835626</C2>
                </COORD>
                <COORD>
                  <C1>7.590000007771013</C1>
                  <C2>45.97200000835648</C2>
                </COORD>
                <COORD>
                  <C1>7.589000007769925</C1>
                  <C2>45.97200000835668</C2>
                </COORD>
                <COORD>
                  <C1>7.589000007769713</C1>
                  <C2>45.97300000835734</C2>
                </COORD>
                <COORD>
                  <C1>7.588000007768619</C1>
                  <C2>45.973000008357566</C2>
                </COORD>
                <COORD>
                  <C1>7.58700000776753</C1>
                  <C2>45.973000008357815</C2>
                </COORD>
                <COORD>
                  <C1>7.5860000077664385</C1>
                  <C2>45.973000008358035</C2>
                </COORD>
                <COORD>
                  <C1>7.586000007766229</C1>
                  <C2>45.97400000835867</C2>
                </COORD>
                <COORD>
                  <C1>7.585000007765135</C1>
                  <C2>45.97400000835892</C2>
                </COORD>
                <COORD>
                  <C1>7.584000007764039</C1>
                  <C2>45.974000008359205</C2>
                </COORD>
                <COORD>
                  <C1>7.584000007763833</C1>
                  <C2>45.97500000835974</C2>
                </COORD>
                <COORD>
                  <C1>7.584000007763621</C1>
                  <C2>45.97600000836042</C2>
                </COORD>
                <COORD>
                  <C1>7.583000007762531</C1>
                  <C2>45.97600000836064</C2>
                </COORD>
                <COORD>
                  <C1>7.583000007762321</C1>
                  <C2>45.97700000836128</C2>
                </COORD>
                <COORD>
                  <C1>7.582000007761226</C1>
                  <C2>45.977000008361514</C2>
                </COORD>
                <COORD>
                  <C1>7.582000007761015</C1>
                  <C2>45.97800000836215</C2>
                </COORD>
                <COORD>
                  <C1>7.583000007762111</C1>
                  <C2>45.97800000836192</C2>
                </COORD>
                <COORD>
                  <C1>7.5830000077619</C1>
                  <C2>45.97900000836254</C2>
                </COORD>
                <COORD>
                  <C1>7.583000007761688</C1>
                  <C2>45.98000000836316</C2>
                </COORD>
                <COORD>
                  <C1>7.580000007756728</C1>
                  <C2>45.98800000836892</C2>
                </COORD>
                <COORD>
                  <C1>7.578000007754329</C1>
                  <C2>45.98900000836997</C2>
                </COORD>
                <COORD>
                  <C1>7.577000007753239</C1>
                  <C2>45.98900000837022</C2>
                </COORD>
                <COORD>
                  <C1>7.576000007752149</C1>
                  <C2>45.98900000837046</C2>
                </COORD>
                <COORD>
                  <C1>7.575000007751054</C1>
                  <C2>45.9890000083707</C2>
                </COORD>
                <COORD>
                  <C1>7.574000007749964</C1>
                  <C2>45.98900000837094</C2>
                </COORD>
                <COORD>
                  <C1>7.573000007748871</C1>
                  <C2>45.98900000837117</C2>
                </COORD>
                <COORD>
                  <C1>7.5720000077477785</C1>
                  <C2>45.989000008371406</C2>
                </COORD>
                <COORD>
                  <C1>7.571000007746688</C1>
                  <C2>45.989000008371654</C2>
                </COORD>
                <COORD>
                  <C1>7.570000007745382</C1>
                  <C2>45.990000008372554</C2>
                </COORD>
                <COORD>
                  <C1>7.5690000077442905</C1>
                  <C2>45.99000000837274</C2>
                </COORD>
                <COORD>
                  <C1>7.5690000077445</C1>
                  <C2>45.98900000837213</C2>
                </COORD>
                <COORD>
                  <C1>7.568000007743409</C1>
                  <C2>45.98900000837238</C2>
                </COORD>
                <COORD>
                  <C1>7.567000007742528</C1>
                  <C2>45.988000008372</C2>
                </COORD>
                <COORD>
                  <C1>7.566000007741434</C1>
                  <C2>45.988000008372246</C2>
                </COORD>
                <COORD>
                  <C1>7.565000007740339</C1>
                  <C2>45.98800000837244</C2>
                </COORD>
                <COORD>
                  <C1>7.564000007739248</C1>
                  <C2>45.98800000837272</C2>
                </COORD>
                <COORD>
                  <C1>7.5630000077381565</C1>
                  <C2>45.98800000837291</C2>
                </COORD>
                <COORD>
                  <C1>7.562000007737064</C1>
                  <C2>45.98800000837317</C2>
                </COORD>
                <COORD>
                  <C1>7.553000007727222</C1>
                  <C2>45.98800000837535</C2>
                </COORD>
                <COORD>
                  <C1>7.551000007725036</C1>
                  <C2>45.9880000083758</C2>
                </COORD>
                <COORD>
                  <C1>7.550000007723943</C1>
                  <C2>45.98800000837604</C2>
                </COORD>
                <COORD>
                  <C1>7.549000007723058</C1>
                  <C2>45.987000008375595</C2>
                </COORD>
                <COORD>
                  <C1>7.548000007722174</C1>
                  <C2>45.98600000837524</C2>
                </COORD>
                <COORD>
                  <C1>7.547000007721079</C1>
                  <C2>45.986000008375456</C2>
                </COORD>
                <COORD>
                  <C1>7.547000007721291</C1>
                  <C2>45.98500000837488</C2>
                </COORD>
                <COORD>
                  <C1>7.5470000077215005</C1>
                  <C2>45.98400000837425</C2>
                </COORD>
                <COORD>
                  <C1>7.546000007720619</C1>
                  <C2>45.983000008373814</C2>
                </COORD>
                <COORD>
                  <C1>7.546000007720827</C1>
                  <C2>45.982000008373184</C2>
                </COORD>
                <COORD>
                  <C1>7.54500000771973</C1>
                  <C2>45.98200000837345</C2>
                </COORD>
                <COORD>
                  <C1>7.545000007719939</C1>
                  <C2>45.981000008372824</C2>
                </COORD>
                <COORD>
                  <C1>7.544000007718843</C1>
                  <C2>45.981000008373066</C2>
                </COORD>
                <COORD>
                  <C1>7.5440000077190525</C1>
                  <C2>45.98000000837244</C2>
                </COORD>
                <COORD>
                  <C1>7.54300000771796</C1>
                  <C2>45.98000000837267</C2>
                </COORD>
                <COORD>
                  <C1>7.543000007718168</C1>
                  <C2>45.97900000837201</C2>
                </COORD>
                <COORD>
                  <C1>7.543000007718381</C1>
                  <C2>45.9780000083714</C2>
                </COORD>
                <COORD>
                  <C1>7.5430000077185895</C1>
                  <C2>45.977000008370744</C2>
                </COORD>
                <COORD>
                  <C1>7.543000007718796</C1>
                  <C2>45.97600000837012</C2>
                </COORD>
                <COORD>
                  <C1>7.543000007719008</C1>
                  <C2>45.975000008369534</C2>
                </COORD>
                <COORD>
                  <C1>7.544000007720102</C1>
                  <C2>45.97500000836927</C2>
                </COORD>
                <COORD>
                  <C1>7.544000007720309</C1>
                  <C2>45.974000008368634</C2>
                </COORD>
                <COORD>
                  <C1>7.544000007720517</C1>
                  <C2>45.973000008368025</C2>
                </COORD>
                <COORD>
                  <C1>7.54400000772073</C1>
                  <C2>45.97200000836739</C2>
                </COORD>
                <COORD>
                  <C1>7.545000007722034</C1>
                  <C2>45.971000008366524</C2>
                </COORD>
                <COORD>
                  <C1>7.546000007723337</C1>
                  <C2>45.97000000836567</C2>
                </COORD>
                <COORD>
                  <C1>7.5460000077235465</C1>
                  <C2>45.969000008365015</C2>
                </COORD>
                <COORD>
                  <C1>7.546000007723755</C1>
                  <C2>45.968000008364434</C2>
                </COORD>
                <COORD>
                  <C1>7.546000007723967</C1>
                  <C2>45.967000008363776</C2>
                </COORD>
                <COORD>
                  <C1>7.5460000077241745</C1>
                  <C2>45.96600000836315</C2>
                </COORD>
                <COORD>
                  <C1>7.546000007724381</C1>
                  <C2>45.965000008362544</C2>
                </COORD>
                <COORD>
                  <C1>7.547000007725476</C1>
                  <C2>45.965000008362296</C2>
                </COORD>
                <COORD>
                  <C1>7.547000007725681</C1>
                  <C2>45.964000008361694</C2>
                </COORD>
                <COORD>
                  <C1>7.547000007725891</C1>
                  <C2>45.96300000836101</C2>
                </COORD>
                <COORD>
                  <C1>7.547000007726101</C1>
                  <C2>45.962000008360434</C2>
                </COORD>
                <COORD>
                  <C1>7.546000007725008</C1>
                  <C2>45.96200000836067</C2>
                </COORD>
                <COORD>
                  <C1>7.546000007725218</C1>
                  <C2>45.961000008359996</C2>
                </COORD>
                <COORD>
                  <C1>7.545000007724122</C1>
                  <C2>45.96100000836027</C2>
                </COORD>
                <COORD>
                  <C1>7.5450000077243295</C1>
                  <C2>45.960000008359636</C2>
                </COORD>
                <COORD>
                  <C1>7.544000007723232</C1>
                  <C2>45.96000000835982</C2>
                </COORD>
                <COORD>
                  <C1>7.544000007723442</C1>
                  <C2>45.95900000835926</C2>
                </COORD>
                <COORD>
                  <C1>7.54300000772235</C1>
                  <C2>45.959000008359446</C2>
                </COORD>
                <COORD>
                  <C1>7.543000007722557</C1>
                  <C2>45.95800000835883</C2>
                </COORD>
                <COORD>
                  <C1>7.54200000772146</C1>
                  <C2>45.95800000835903</C2>
                </COORD>
                <COORD>
                  <C1>7.541000007720366</C1>
                  <C2>45.95800000835929</C2>
                </COORD>
                <COORD>
                  <C1>7.54000000771948</C1>
                  <C2>45.95700000835891</C2>
                </COORD>
                <COORD>
                  <C1>7.539000007718384</C1>
                  <C2>45.957000008359174</C2>
                </COORD>
                <COORD>
                  <C1>7.538000007717079</C1>
                  <C2>45.95800000836</C2>
                </COORD>
                <COORD>
                  <C1>7.5370000077159816</C1>
                  <C2>45.9580000083602</C2>
                </COORD>
                <COORD>
                  <C1>7.537000007715776</C1>
                  <C2>45.9590000083609</C2>
                </COORD>
                <COORD>
                  <C1>7.536000007714678</C1>
                  <C2>45.95900000836113</C2>
                </COORD>
                <COORD>
                  <C1>7.535000007713585</C1>
                  <C2>45.95900000836135</C2>
                </COORD>
                <COORD>
                  <C1>7.534000007712487</C1>
                  <C2>45.95900000836158</C2>
                </COORD>
                <COORD>
                  <C1>7.533000007711394</C1>
                  <C2>45.95900000836185</C2>
                </COORD>
                <COORD>
                  <C1>7.532000007710504</C1>
                  <C2>45.95800000836147</C2>
                </COORD>
                <COORD>
                  <C1>7.531000007709202</C1>
                  <C2>45.95900000836232</C2>
                </COORD>
                <COORD>
                  <C1>7.5310000077094115</C1>
                  <C2>45.95800000836163</C2>
                </COORD>
                <COORD>
                  <C1>7.530000007708313</C1>
                  <C2>45.95800000836189</C2>
                </COORD>
                <COORD>
                  <C1>7.5290000077072206</C1>
                  <C2>45.95800000836212</C2>
                </COORD>
                <COORD>
                  <C1>7.529000007707012</C1>
                  <C2>45.95900000836275</C2>
                </COORD>
                <COORD>
                  <C1>7.5280000077059155</C1>
                  <C2>45.95900000836299</C2>
                </COORD>
                <COORD>
                  <C1>7.5270000077048165</C1>
                  <C2>45.95900000836323</C2>
                </COORD>
                <COORD>
                  <C1>7.526000007703724</C1>
                  <C2>45.95900000836347</C2>
                </COORD>
                <COORD>
                  <C1>7.526000007703511</C1>
                  <C2>45.960000008364084</C2>
                </COORD>
                <COORD>
                  <C1>7.525000007702417</C1>
                  <C2>45.96000000836435</C2>
                </COORD>
                <COORD>
                  <C1>7.524000007701318</C1>
                  <C2>45.96000000836456</C2>
                </COORD>
                <COORD>
                  <C1>7.524000007701113</C1>
                  <C2>45.961000008365225</C2>
                </COORD>
                <COORD>
                  <C1>7.523000007700013</C1>
                  <C2>45.96100000836541</C2>
                </COORD>
                <COORD>
                  <C1>7.5220000076989235</C1>
                  <C2>45.961000008365666</C2>
                </COORD>
                <COORD>
                  <C1>7.520000007696519</C1>
                  <C2>45.96200000836676</C2>
                </COORD>
                <COORD>
                  <C1>7.520000007696311</C1>
                  <C2>45.963000008367395</C2>
                </COORD>
                <COORD>
                  <C1>7.519000007695214</C1>
                  <C2>45.96300000836766</C2>
                </COORD>
                <COORD>
                  <C1>7.519000007695007</C1>
                  <C2>45.96400000836825</C2>
                </COORD>
                <COORD>
                  <C1>7.518000007693913</C1>
                  <C2>45.96400000836847</C2>
                </COORD>
                <COORD>
                  <C1>7.517000007692816</C1>
                  <C2>45.964000008368735</C2>
                </COORD>
                <COORD>
                  <C1>7.5160000076917175</C1>
                  <C2>45.96400000836899</C2>
                </COORD>
                <COORD>
                  <C1>7.515000007690826</C1>
                  <C2>45.96300000836856</C2>
                </COORD>
                <COORD>
                  <C1>7.513000007688843</C1>
                  <C2>45.96200000836844</C2>
                </COORD>
                <COORD>
                  <C1>7.513000007689048</C1>
                  <C2>45.96100000836781</C2>
                </COORD>
                <COORD>
                  <C1>7.512000007687954</C1>
                  <C2>45.96100000836804</C2>
                </COORD>
                <COORD>
                  <C1>7.511000007686855</C1>
                  <C2>45.961000008368266</C2>
                </COORD>
                <COORD>
                  <C1>7.511000007687064</C1>
                  <C2>45.96000000836765</C2>
                </COORD>
                <COORD>
                  <C1>7.510000007685964</C1>
                  <C2>45.96000000836788</C2>
                </COORD>
                <COORD>
                  <C1>7.509000007684867</C1>
                  <C2>45.96000000836809</C2>
                </COORD>
                <COORD>
                  <C1>7.508000007683771</C1>
                  <C2>45.96000000836833</C2>
                </COORD>
                <COORD>
                  <C1>7.507000007682466</C1>
                  <C2>45.96100000836921</C2>
                </COORD>
                <COORD>
                  <C1>7.506000007681367</C1>
                  <C2>45.96100000836944</C2>
                </COORD>
                <COORD>
                  <C1>7.5050000076802705</C1>
                  <C2>45.96100000836968</C2>
                </COORD>
                <COORD>
                  <C1>7.504000007678965</C1>
                  <C2>45.96200000837059</C2>
                </COORD>
                <COORD>
                  <C1>7.501000007675259</C1>
                  <C2>45.9640000083725</C2>
                </COORD>
                <COORD>
                  <C1>7.500000007674158</C1>
                  <C2>45.96400000837275</C2>
                </COORD>
                <COORD>
                  <C1>7.499000007673063</C1>
                  <C2>45.964000008373006</C2>
                </COORD>
                <COORD>
                  <C1>7.4990000076732715</C1>
                  <C2>45.96300000837233</C2>
                </COORD>
                <COORD>
                  <C1>7.498000007672173</C1>
                  <C2>45.963000008372624</C2>
                </COORD>
                <COORD>
                  <C1>7.498000007672378</C1>
                  <C2>45.96200000837198</C2>
                </COORD>
                <COORD>
                  <C1>7.4970000076712795</C1>
                  <C2>45.96200000837218</C2>
                </COORD>
                <COORD>
                  <C1>7.4970000076716925</C1>
                  <C2>45.96000000837095</C2>
                </COORD>
                <COORD>
                  <C1>7.497000007671901</C1>
                  <C2>45.959000008370275</C2>
                </COORD>
                <COORD>
                  <C1>7.496000007670803</C1>
                  <C2>45.95900000837052</C2>
                </COORD>
                <COORD>
                  <C1>7.495000007669912</C1>
                  <C2>45.95800000837014</C2>
                </COORD>
                <COORD>
                  <C1>7.49400000766902</C1>
                  <C2>45.95700000836973</C2>
                </COORD>
                <COORD>
                  <C1>7.49300000766792</C1>
                  <C2>45.95700000837001</C2>
                </COORD>
                <COORD>
                  <C1>7.492000007666822</C1>
                  <C2>45.95700000837022</C2>
                </COORD>
                <COORD>
                  <C1>7.491000007665723</C1>
                  <C2>45.95700000837046</C2>
                </COORD>
                <COORD>
                  <C1>7.4900000076646265</C1>
                  <C2>45.95700000837068</C2>
                </COORD>
                <COORD>
                  <C1>7.489000007663321</C1>
                  <C2>45.95800000837154</C2>
                </COORD>
                <COORD>
                  <C1>7.488000007662224</C1>
                  <C2>45.958000008371805</C2>
                </COORD>
                <COORD>
                  <C1>7.488000007662428</C1>
                  <C2>45.95700000837117</C2>
                </COORD>
                <COORD>
                  <C1>7.487000007661328</C1>
                  <C2>45.95700000837143</C2>
                </COORD>
                <COORD>
                  <C1>7.4860000076604365</C1>
                  <C2>45.956000008371014</C2>
                </COORD>
                <COORD>
                  <C1>7.48500000765934</C1>
                  <C2>45.956000008371205</C2>
                </COORD>
                <COORD>
                  <C1>7.484000007658239</C1>
                  <C2>45.95600000837147</C2>
                </COORD>
                <COORD>
                  <C1>7.483000007657346</C1>
                  <C2>45.95500000837107</C2>
                </COORD>
                <COORD>
                  <C1>7.482000007656249</C1>
                  <C2>45.95500000837131</C2>
                </COORD>
                <COORD>
                  <C1>7.481000007655147</C1>
                  <C2>45.95500000837152</C2>
                </COORD>
                <COORD>
                  <C1>7.48000000765405</C1>
                  <C2>45.95500000837176</C2>
                </COORD>
                <COORD>
                  <C1>7.480000007654255</C1>
                  <C2>45.95400000837114</C2>
                </COORD>
                <COORD>
                  <C1>7.4790000076531555</C1>
                  <C2>45.95400000837134</C2>
                </COORD>
                <COORD>
                  <C1>7.4780000076520565</C1>
                  <C2>45.954000008371644</C2>
                </COORD>
                <COORD>
                  <C1>7.478000007652262</C1>
                  <C2>45.95300000837098</C2>
                </COORD>
                <COORD>
                  <C1>7.477000007651162</C1>
                  <C2>45.953000008371234</C2>
                </COORD>
                <COORD>
                  <C1>7.4770000076513705</C1>
                  <C2>45.95200000837063</C2>
                </COORD>
                <COORD>
                  <C1>7.476000007650268</C1>
                  <C2>45.952000008370824</C2>
                </COORD>
                <COORD>
                  <C1>7.476000007650478</C1>
                  <C2>45.951000008370166</C2>
                </COORD>
                <COORD>
                  <C1>7.475000007649373</C1>
                  <C2>45.95100000837038</C2>
                </COORD>
                <COORD>
                  <C1>7.474000007648482</C1>
                  <C2>45.95000000837003</C2>
                </COORD>
                <COORD>
                  <C1>7.473000007647378</C1>
                  <C2>45.95000000837025</C2>
                </COORD>
                <COORD>
                  <C1>7.472000007646486</C1>
                  <C2>45.94900000836988</C2>
                </COORD>
                <COORD>
                  <C1>7.472000007646691</C1>
                  <C2>45.94800000836924</C2>
                </COORD>
                <COORD>
                  <C1>7.473000007647793</C1>
                  <C2>45.94800000836899</C2>
                </COORD>
                <COORD>
                  <C1>7.473000007647997</C1>
                  <C2>45.947000008368356</C2>
                </COORD>
                <COORD>
                  <C1>7.473000007648202</C1>
                  <C2>45.94600000836773</C2>
                </COORD>
                <COORD>
                  <C1>7.473000007648409</C1>
                  <C2>45.94500000836708</C2>
                </COORD>
                <COORD>
                  <C1>7.474000007649508</C1>
                  <C2>45.94500000836686</C2>
                </COORD>
                <COORD>
                  <C1>7.474000007649715</C1>
                  <C2>45.94400000836621</C2>
                </COORD>
                <COORD>
                  <C1>7.475000007650814</C1>
                  <C2>45.94400000836598</C2>
                </COORD>
                <COORD>
                  <C1>7.475000007651021</C1>
                  <C2>45.94300000836535</C2>
                </COORD>
                <COORD>
                  <C1>7.475000007651222</C1>
                  <C2>45.94200000836472</C2>
                </COORD>
                <COORD>
                  <C1>7.475000007651429</C1>
                  <C2>45.94100000836408</C2>
                </COORD>
                <COORD>
                  <C1>7.475000007651638</C1>
                  <C2>45.94000000836344</C2>
                </COORD>
                <COORD>
                  <C1>7.476000007652736</C1>
                  <C2>45.940000008363214</C2>
                </COORD>
                <COORD>
                  <C1>7.476000007652944</C1>
                  <C2>45.93900000836258</C2>
                </COORD>
                <COORD>
                  <C1>7.476000007653149</C1>
                  <C2>45.93800000836196</C2>
                </COORD>
                <COORD>
                  <C1>7.475000007652048</C1>
                  <C2>45.938000008362174</C2>
                </COORD>
                <COORD>
                  <C1>7.474000007651151</C1>
                  <C2>45.9370000083618</C2>
                </COORD>
                <COORD>
                  <C1>7.473000007650258</C1>
                  <C2>45.936000008361425</C2>
                </COORD>
                <COORD>
                  <C1>7.47200000764916</C1>
                  <C2>45.93600000836163</C2>
                </COORD>
                <COORD>
                  <C1>7.471000007648059</C1>
                  <C2>45.93600000836187</C2>
                </COORD>
                <COORD>
                  <C1>7.470000007646957</C1>
                  <C2>45.936000008362086</C2>
                </COORD>
                <COORD>
                  <C1>7.469000007645857</C1>
                  <C2>45.936000008362335</C2>
                </COORD>
                <COORD>
                  <C1>7.468000007644752</C1>
                  <C2>45.93600000836261</C2>
                </COORD>
                <COORD>
                  <C1>7.467000007643652</C1>
                  <C2>45.936000008362846</C2>
                </COORD>
                <COORD>
                  <C1>7.466000007642347</C1>
                  <C2>45.93700000836367</C2>
                </COORD>
                <COORD>
                  <C1>7.465000007641246</C1>
                  <C2>45.93700000836389</C2>
                </COORD>
                <COORD>
                  <C1>7.464000007640147</C1>
                  <C2>45.93700000836414</C2>
                </COORD>
                <COORD>
                  <C1>7.463000007639046</C1>
                  <C2>45.93700000836438</C2>
                </COORD>
                <COORD>
                  <C1>7.462000007637944</C1>
                  <C2>45.93700000836459</C2>
                </COORD>
                <COORD>
                  <C1>7.4610000076368435</C1>
                  <C2>45.93700000836484</C2>
                </COORD>
                <COORD>
                  <C1>7.460000007635741</C1>
                  <C2>45.937000008365075</C2>
                </COORD>
                <COORD>
                  <C1>7.45900000763464</C1>
                  <C2>45.937000008365324</C2>
                </COORD>
                <COORD>
                  <C1>7.458000007633745</C1>
                  <C2>45.936000008364914</C2>
                </COORD>
                <COORD>
                  <C1>7.458000007633948</C1>
                  <C2>45.93500000836426</C2>
                </COORD>
                <COORD>
                  <C1>7.45700000763305</C1>
                  <C2>45.93400000836386</C2>
                </COORD>
                <COORD>
                  <C1>7.456000007631745</C1>
                  <C2>45.93500000836473</C2>
                </COORD>
                <COORD>
                  <C1>7.455000007630643</C1>
                  <C2>45.93500000836494</C2>
                </COORD>
                <COORD>
                  <C1>7.454000007629543</C1>
                  <C2>45.93500000836521</C2>
                </COORD>
                <COORD>
                  <C1>7.454000007629748</C1>
                  <C2>45.93400000836459</C2>
                </COORD>
                <COORD>
                  <C1>7.453000007628644</C1>
                  <C2>45.934000008364784</C2>
                </COORD>
                <COORD>
                  <C1>7.45200000762754</C1>
                  <C2>45.93400000836501</C2>
                </COORD>
                <COORD>
                  <C1>7.45100000762644</C1>
                  <C2>45.93400000836524</C2>
                </COORD>
                <COORD>
                  <C1>7.450000007625341</C1>
                  <C2>45.934000008365494</C2>
                </COORD>
                <COORD>
                  <C1>7.449000007624237</C1>
                  <C2>45.93400000836572</C2>
                </COORD>
                <COORD>
                  <C1>7.44800000762334</C1>
                  <C2>45.933000008365354</C2>
                </COORD>
                <COORD>
                  <C1>7.447000007622238</C1>
                  <C2>45.93300000836555</C2>
                </COORD>
                <COORD>
                  <C1>7.446000007621134</C1>
                  <C2>45.933000008365774</C2>
                </COORD>
                <COORD>
                  <C1>7.445000007620031</C1>
                  <C2>45.93300000836603</C2>
                </COORD>
                <COORD>
                  <C1>7.445000007620235</C1>
                  <C2>45.932000008365364</C2>
                </COORD>
                <COORD>
                  <C1>7.444000007619132</C1>
                  <C2>45.93200000836562</C2>
                </COORD>
                <COORD>
                  <C1>7.443000007618033</C1>
                  <C2>45.932000008365875</C2>
                </COORD>
                <COORD>
                  <C1>7.443000007618234</C1>
                  <C2>45.93100000836523</C2>
                </COORD>
                <COORD>
                  <C1>7.443000007618439</C1>
                  <C2>45.93000000836455</C2>
                </COORD>
                <COORD>
                  <C1>7.4420000076175405</C1>
                  <C2>45.929000008364206</C2>
                </COORD>
                <COORD>
                  <C1>7.4410000076166405</C1>
                  <C2>45.92800000836379</C2>
                </COORD>
                <COORD>
                  <C1>7.440000007615539</C1>
                  <C2>45.92800000836402</C2>
                </COORD>
                <COORD>
                  <C1>7.440000007615741</C1>
                  <C2>45.92700000836337</C2>
                </COORD>
                <COORD>
                  <C1>7.439000007614639</C1>
                  <C2>45.92700000836362</C2>
                </COORD>
                <COORD>
                  <C1>7.439000007614844</C1>
                  <C2>45.92600000836302</C2>
                </COORD>
                <COORD>
                  <C1>7.438000007613741</C1>
                  <C2>45.92600000836316</C2>
                </COORD>
                <COORD>
                  <C1>7.438000007613943</C1>
                  <C2>45.92500000836255</C2>
                </COORD>
                <COORD>
                  <C1>7.437000007612842</C1>
                  <C2>45.9250000083628</C2>
                </COORD>
                <COORD>
                  <C1>7.437000007613044</C1>
                  <C2>45.92400000836216</C2>
                </COORD>
                <COORD>
                  <C1>7.436000007611938</C1>
                  <C2>45.924000008362384</C2>
                </COORD>
                <COORD>
                  <C1>7.436000007612143</C1>
                  <C2>45.92300000836173</C2>
                </COORD>
                <COORD>
                  <C1>7.435000007611042</C1>
                  <C2>45.92300000836201</C2>
                </COORD>
                <COORD>
                  <C1>7.435000007611245</C1>
                  <C2>45.92200000836138</C2>
                </COORD>
                <COORD>
                  <C1>7.434000007610141</C1>
                  <C2>45.92200000836156</C2>
                </COORD>
                <COORD>
                  <C1>7.434000007610345</C1>
                  <C2>45.92100000836097</C2>
                </COORD>
                <COORD>
                  <C1>7.433000007609239</C1>
                  <C2>45.921000008361176</C2>
                </COORD>
                <COORD>
                  <C1>7.433000007609446</C1>
                  <C2>45.920000008360546</C2>
                </COORD>
                <COORD>
                  <C1>7.43200000760834</C1>
                  <C2>45.920000008360816</C2>
                </COORD>
                <COORD>
                  <C1>7.4320000076085435</C1>
                  <C2>45.91900000836013</C2>
                </COORD>
                <COORD>
                  <C1>7.431000007607439</C1>
                  <C2>45.919000008360385</C2>
                </COORD>
                <COORD>
                  <C1>7.430000007606336</C1>
                  <C2>45.91900000836063</C2>
                </COORD>
                <COORD>
                  <C1>7.43000000760654</C1>
                  <C2>45.91800000835999</C2>
                </COORD>
                <COORD>
                  <C1>7.4290000076054366</C1>
                  <C2>45.91800000836021</C2>
                </COORD>
                <COORD>
                  <C1>7.428000007604334</C1>
                  <C2>45.91800000836046</C2>
                </COORD>
                <COORD>
                  <C1>7.428000007604537</C1>
                  <C2>45.91700000835981</C2>
                </COORD>
                <COORD>
                  <C1>7.427000007603431</C1>
                  <C2>45.917000008360034</C2>
                </COORD>
                <COORD>
                  <C1>7.426000007602327</C1>
                  <C2>45.91700000836028</C2>
                </COORD>
                <COORD>
                  <C1>7.426000007602529</C1>
                  <C2>45.916000008359624</C2>
                </COORD>
                <COORD>
                  <C1>7.425000007601423</C1>
                  <C2>45.916000008359845</C2>
                </COORD>
                <COORD>
                  <C1>7.4240000076003225</C1>
                  <C2>45.9160000083601</C2>
                </COORD>
                <COORD>
                  <C1>7.423000007599216</C1>
                  <C2>45.91600000836035</C2>
                </COORD>
                <COORD>
                  <C1>7.422000007598314</C1>
                  <C2>45.91500000835993</C2>
                </COORD>
                <COORD>
                  <C1>7.422000007598519</C1>
                  <C2>45.91400000835933</C2>
                </COORD>
                <COORD>
                  <C1>7.421000007597414</C1>
                  <C2>45.91400000835948</C2>
                </COORD>
                <COORD>
                  <C1>7.420000007596306</C1>
                  <C2>45.91400000835975</C2>
                </COORD>
                <COORD>
                  <C1>7.420000007596511</C1>
                  <C2>45.91300000835911</C2>
                </COORD>
                <COORD>
                  <C1>7.419000007595406</C1>
                  <C2>45.913000008359354</C2>
                </COORD>
                <COORD>
                  <C1>7.4180000075943</C1>
                  <C2>45.91300000835957</C2>
                </COORD>
                <COORD>
                  <C1>7.417000007593197</C1>
                  <C2>45.91300000835984</C2>
                </COORD>
                <COORD>
                  <C1>7.416000007592093</C1>
                  <C2>45.91300000836003</C2>
                </COORD>
                <COORD>
                  <C1>7.415000007590988</C1>
                  <C2>45.91300000836024</C2>
                </COORD>
                <COORD>
                  <C1>7.415000007591191</C1>
                  <C2>45.91200000835964</C2>
                </COORD>
                <COORD>
                  <C1>7.414000007590083</C1>
                  <C2>45.91200000835988</C2>
                </COORD>
                <COORD>
                  <C1>7.4140000075902845</C1>
                  <C2>45.911000008359224</C2>
                </COORD>
                <COORD>
                  <C1>7.413000007589181</C1>
                  <C2>45.91100000835945</C2>
                </COORD>
                <COORD>
                  <C1>7.4120000075880785</C1>
                  <C2>45.91100000835971</C2>
                </COORD>
                <COORD>
                  <C1>7.41200000758828</C1>
                  <C2>45.91000000835903</C2>
                </COORD>
                <COORD>
                  <C1>7.411000007587171</C1>
                  <C2>45.91000000835929</C2>
                </COORD>
                <COORD>
                  <C1>7.411000007586968</C1>
                  <C2>45.911000008359935</C2>
                </COORD>
                <COORD>
                  <C1>7.410000007586069</C1>
                  <C2>45.91000000835953</C2>
                </COORD>
                <COORD>
                  <C1>7.4090000075849645</C1>
                  <C2>45.91000000835977</C2>
                </COORD>
                <COORD>
                  <C1>7.408000007583862</C1>
                  <C2>45.91000000835996</C2>
                </COORD>
                <COORD>
                  <C1>7.408000007583657</C1>
                  <C2>45.911000008360645</C2>
                </COORD>
                <COORD>
                  <C1>7.407000007582549</C1>
                  <C2>45.91100000836088</C2>
                </COORD>
                <COORD>
                  <C1>7.406000007581442</C1>
                  <C2>45.91100000836107</C2>
                </COORD>
                <COORD>
                  <C1>7.4050000075801385</C1>
                  <C2>45.91200000836195</C2>
                </COORD>
                <COORD>
                  <C1>7.4040000075790315</C1>
                  <C2>45.91200000836217</C2>
                </COORD>
                <COORD>
                  <C1>7.404000007578827</C1>
                  <C2>45.91300000836285</C2>
                </COORD>
                <COORD>
                  <C1>7.403000007577722</C1>
                  <C2>45.91300000836308</C2>
                </COORD>
                <COORD>
                  <C1>7.4020000075766195</C1>
                  <C2>45.9130000083633</C2>
                </COORD>
                <COORD>
                  <C1>7.402000007576818</C1>
                  <C2>45.91200000836264</C2>
                </COORD>
                <COORD>
                  <C1>7.401000007575712</C1>
                  <C2>45.91200000836287</C2>
                </COORD>
                <COORD>
                  <C1>7.401000007575916</C1>
                  <C2>45.9110000083622</C2>
                </COORD>
                <COORD>
                  <C1>7.40000000757481</C1>
                  <C2>45.9110000083625</C2>
                </COORD>
                <COORD>
                  <C1>7.399000007573903</C1>
                  <C2>45.9100000083621</C2>
                </COORD>
                <COORD>
                  <C1>7.399000007574308</C1>
                  <C2>45.90800000836081</C2>
                </COORD>
                <COORD>
                  <C1>7.399000007574509</C1>
                  <C2>45.90700000836016</C2>
                </COORD>
                <COORD>
                  <C1>7.398000007573405</C1>
                  <C2>45.90700000836038</C2>
                </COORD>
                <COORD>
                  <C1>7.398000007573606</C1>
                  <C2>45.906000008359754</C2>
                </COORD>
                <COORD>
                  <C1>7.397000007572499</C1>
                  <C2>45.906000008359975</C2>
                </COORD>
                <COORD>
                  <C1>7.397000007572698</C1>
                  <C2>45.905000008359316</C2>
                </COORD>
                <COORD>
                  <C1>7.396000007571592</C1>
                  <C2>45.905000008359565</C2>
                </COORD>
                <COORD>
                  <C1>7.395000007570687</C1>
                  <C2>45.90400000835916</C2>
                </COORD>
                <COORD>
                  <C1>7.394000007569784</C1>
                  <C2>45.90300000835873</C2>
                </COORD>
                <COORD>
                  <C1>7.393000007568878</C1>
                  <C2>45.90200000835836</C2>
                </COORD>
                <COORD>
                  <C1>7.392000007567772</C1>
                  <C2>45.902000008358556</C2>
                </COORD>
                <COORD>
                  <C1>7.392000007567975</C1>
                  <C2>45.90100000835796</C2>
                </COORD>
                <COORD>
                  <C1>7.3910000075668645</C1>
                  <C2>45.901000008358174</C2>
                </COORD>
                <COORD>
                  <C1>7.391000007567068</C1>
                  <C2>45.90000000835755</C2>
                </COORD>
                <COORD>
                  <C1>7.390000007565961</C1>
                  <C2>45.90000000835777</C2>
                </COORD>
                <COORD>
                  <C1>7.389000007564853</C1>
                  <C2>45.90000000835798</C2>
                </COORD>
                <COORD>
                  <C1>7.389000007565058</C1>
                  <C2>45.89900000835738</C2>
                </COORD>
                <COORD>
                  <C1>7.388000007563948</C1>
                  <C2>45.89900000835761</C2>
                </COORD>
                <COORD>
                  <C1>7.387000007562841</C1>
                  <C2>45.899000008357845</C2>
                </COORD>
                <COORD>
                  <C1>7.386000007561733</C1>
                  <C2>45.899000008358065</C2>
                </COORD>
                <COORD>
                  <C1>7.385000007560626</C1>
                  <C2>45.89900000835831</C2>
                </COORD>
                <COORD>
                  <C1>7.3850000075608255</C1>
                  <C2>45.89800000835762</C2>
                </COORD>
                <COORD>
                  <C1>7.384000007559722</C1>
                  <C2>45.898000008357876</C2>
                </COORD>
                <COORD>
                  <C1>7.3830000075586115</C1>
                  <C2>45.8980000083581</C2>
                </COORD>
                <COORD>
                  <C1>7.383000007558409</C1>
                  <C2>45.89900000835878</C2>
                </COORD>
                <COORD>
                  <C1>7.382000007557304</C1>
                  <C2>45.899000008358946</C2>
                </COORD>
                <COORD>
                  <C1>7.381000007555995</C1>
                  <C2>45.90000000835981</C2>
                </COORD>
                <COORD>
                  <C1>7.380000007554892</C1>
                  <C2>45.90000000836009</C2>
                </COORD>
                <COORD>
                  <C1>7.380000007554687</C1>
                  <C2>45.90100000836072</C2>
                </COORD>
                <COORD>
                  <C1>7.379000007553579</C1>
                  <C2>45.90100000836093</C2>
                </COORD>
                <COORD>
                  <C1>7.3780000075524725</C1>
                  <C2>45.90100000836115</C2>
                </COORD>
                <COORD>
                  <C1>7.378000007552273</C1>
                  <C2>45.90200000836181</C2>
                </COORD>
                <COORD>
                  <C1>7.37700000755116</C1>
                  <C2>45.90200000836203</C2>
                </COORD>
                <COORD>
                  <C1>7.377000007550959</C1>
                  <C2>45.90300000836269</C2>
                </COORD>
                <COORD>
                  <C1>7.376000007549853</C1>
                  <C2>45.90300000836289</C2>
                </COORD>
                <COORD>
                  <C1>7.3750000075487465</C1>
                  <C2>45.90300000836311</C2>
                </COORD>
                <COORD>
                  <C1>7.374000007547638</C1>
                  <C2>45.903000008363385</C2>
                </COORD>
                <COORD>
                  <C1>7.373000007546328</C1>
                  <C2>45.904000008364235</C2>
                </COORD>
                <COORD>
                  <C1>7.372000007545221</C1>
                  <C2>45.90400000836442</C2>
                </COORD>
                <COORD>
                  <C1>7.371000007544113</C1>
                  <C2>45.904000008364704</C2>
                </COORD>
                <COORD>
                  <C1>7.370000007543003</C1>
                  <C2>45.90400000836491</C2>
                </COORD>
                <COORD>
                  <C1>7.370000007542805</C1>
                  <C2>45.90500000836557</C2>
                </COORD>
                <COORD>
                  <C1>7.369000007541693</C1>
                  <C2>45.90500000836578</C2>
                </COORD>
                <COORD>
                  <C1>7.368000007540586</C1>
                  <C2>45.905000008366</C2>
                </COORD>
                <COORD>
                  <C1>7.3680000075403855</C1>
                  <C2>45.906000008366654</C2>
                </COORD>
                <COORD>
                  <C1>7.367000007539277</C1>
                  <C2>45.9060000083669</C2>
                </COORD>
                <COORD>
                  <C1>7.3660000075381715</C1>
                  <C2>45.90600000836709</C2>
                </COORD>
                <COORD>
                  <C1>7.366000007538371</C1>
                  <C2>45.90500000836646</C2>
                </COORD>
                <COORD>
                  <C1>7.365000007537263</C1>
                  <C2>45.90500000836675</C2>
                </COORD>
                <COORD>
                  <C1>7.364000007536152</C1>
                  <C2>45.90500000836696</C2>
                </COORD>
                <COORD>
                  <C1>7.363000007535048</C1>
                  <C2>45.90500000836718</C2>
                </COORD>
                <COORD>
                  <C1>7.362000007533935</C1>
                  <C2>45.90500000836741</C2>
                </COORD>
                <COORD>
                  <C1>7.362000007533736</C1>
                  <C2>45.90600000836803</C2>
                </COORD>
                <COORD>
                  <C1>7.361000007532629</C1>
                  <C2>45.906000008368274</C2>
                </COORD>
                <COORD>
                  <C1>7.361000007532427</C1>
                  <C2>45.907000008368904</C2>
                </COORD>
                <COORD>
                  <C1>7.360000007531318</C1>
                  <C2>45.907000008369124</C2>
                </COORD>
                <COORD>
                  <C1>7.3600000075311165</C1>
                  <C2>45.90800000836977</C2>
                </COORD>
                <COORD>
                  <C1>7.359000007530009</C1>
                  <C2>45.90800000836998</C2>
                </COORD>
                <COORD>
                  <C1>7.358000007528898</C1>
                  <C2>45.90800000837023</C2>
                </COORD>
                <COORD>
                  <C1>7.358000007528701</C1>
                  <C2>45.909000008370874</C2>
                </COORD>
                <COORD>
                  <C1>7.35700000752759</C1>
                  <C2>45.909000008371095</C2>
                </COORD>
                <COORD>
                  <C1>7.357000007527391</C1>
                  <C2>45.91000000837175</C2>
                </COORD>
                <COORD>
                  <C1>7.35700000752719</C1>
                  <C2>45.91100000837233</C2>
                </COORD>
                <COORD>
                  <C1>7.357000007526989</C1>
                  <C2>45.91200000837298</C2>
                </COORD>
                <COORD>
                  <C1>7.35600000752568</C1>
                  <C2>45.913000008373835</C2>
                </COORD>
                <COORD>
                  <C1>7.353000007522355</C1>
                  <C2>45.91300000837456</C2>
                </COORD>
                <COORD>
                  <C1>7.352000007521244</C1>
                  <C2>45.91300000837477</C2>
                </COORD>
                <COORD>
                  <C1>7.351000007519937</C1>
                  <C2>45.91400000837563</C2>
                </COORD>
                <COORD>
                  <C1>7.350000007518826</C1>
                  <C2>45.91400000837587</C2>
                </COORD>
                <COORD>
                  <C1>7.348000007516409</C1>
                  <C2>45.915000008377</C2>
                </COORD>
                <COORD>
                  <C1>7.345000007512678</C1>
                  <C2>45.91700000837895</C2>
                </COORD>
                <COORD>
                  <C1>7.34400000751157</C1>
                  <C2>45.91700000837919</C2>
                </COORD>
                <COORD>
                  <C1>7.344000007511771</C1>
                  <C2>45.91600000837854</C2>
                </COORD>
                <COORD>
                  <C1>7.3430000075106605</C1>
                  <C2>45.916000008378774</C2>
                </COORD>
                <COORD>
                  <C1>7.342000007509553</C1>
                  <C2>45.91600000837898</C2>
                </COORD>
                <COORD>
                  <C1>7.341000007508444</C1>
                  <C2>45.916000008379214</C2>
                </COORD>
                <COORD>
                  <C1>7.341000007508639</C1>
                  <C2>45.91500000837859</C2>
                </COORD>
                <COORD>
                  <C1>7.340000007507532</C1>
                  <C2>45.91500000837881</C2>
                </COORD>
                <COORD>
                  <C1>7.3390000075064235</C1>
                  <C2>45.915000008379025</C2>
                </COORD>
                <COORD>
                  <C1>7.338000007505516</C1>
                  <C2>45.91400000837862</C2>
                </COORD>
                <COORD>
                  <C1>7.338000007505313</C1>
                  <C2>45.91500000837928</C2>
                </COORD>
                <COORD>
                  <C1>7.337000007504202</C1>
                  <C2>45.91500000837949</C2>
                </COORD>
                <COORD>
                  <C1>7.3370000075044</C1>
                  <C2>45.914000008378885</C2>
                </COORD>
                <COORD>
                  <C1>7.336000007503293</C1>
                  <C2>45.9140000083791</C2>
                </COORD>
                <COORD>
                  <C1>7.335000007502183</C1>
                  <C2>45.91400000837936</C2>
                </COORD>
                <COORD>
                  <C1>7.334000007501072</C1>
                  <C2>45.914000008379574</C2>
                </COORD>
                <COORD>
                  <C1>7.334000007501271</C1>
                  <C2>45.91300000837892</C2>
                </COORD>
                <COORD>
                  <C1>7.333000007500163</C1>
                  <C2>45.91300000837914</C2>
                </COORD>
                <COORD>
                  <C1>7.332000007499051</C1>
                  <C2>45.91300000837932</C2>
                </COORD>
                <COORD>
                  <C1>7.332000007499252</C1>
                  <C2>45.91200000837875</C2>
                </COORD>
                <COORD>
                  <C1>7.331000007498143</C1>
                  <C2>45.91200000837897</C2>
                </COORD>
                <COORD>
                  <C1>7.330000007497029</C1>
                  <C2>45.912000008379195</C2>
                </COORD>
                <COORD>
                  <C1>7.329000007495922</C1>
                  <C2>45.91200000837941</C2>
                </COORD>
                <COORD>
                  <C1>7.328000007494808</C1>
                  <C2>45.912000008379685</C2>
                </COORD>
                <COORD>
                  <C1>7.327000007493699</C1>
                  <C2>45.91200000837984</C2>
                </COORD>
                <COORD>
                  <C1>7.326000007492587</C1>
                  <C2>45.91200000838007</C2>
                </COORD>
                <COORD>
                  <C1>7.325000007491478</C1>
                  <C2>45.91200000838034</C2>
                </COORD>
                <COORD>
                  <C1>7.3240000074903655</C1>
                  <C2>45.91200000838056</C2>
                </COORD>
                <COORD>
                  <C1>7.3230000074892585</C1>
                  <C2>45.91200000838078</C2>
                </COORD>
                <COORD>
                  <C1>7.323000007489058</C1>
                  <C2>45.91300000838142</C2>
                </COORD>
                <COORD>
                  <C1>7.322000007487947</C1>
                  <C2>45.91300000838168</C2>
                </COORD>
                <COORD>
                  <C1>7.321000007486835</C1>
                  <C2>45.913000008381886</C2>
                </COORD>
                <COORD>
                  <C1>7.320000007485724</C1>
                  <C2>45.9130000083821</C2>
                </COORD>
                <COORD>
                  <C1>7.319000007484612</C1>
                  <C2>45.91300000838233</C2>
                </COORD>
                <COORD>
                  <C1>7.319000007484415</C1>
                  <C2>45.91400000838298</C2>
                </COORD>
                <COORD>
                  <C1>7.319000007484215</C1>
                  <C2>45.915000008383615</C2>
                </COORD>
                <COORD>
                  <C1>7.3180000074829055</C1>
                  <C2>45.916000008384486</C2>
                </COORD>
                <COORD>
                  <C1>7.318000007482703</C1>
                  <C2>45.91700000838512</C2>
                </COORD>
                <COORD>
                  <C1>7.318000007482503</C1>
                  <C2>45.918000008385796</C2>
                </COORD>
                <COORD>
                  <C1>7.317000007481397</C1>
                  <C2>45.91800000838601</C2>
                </COORD>
                <COORD>
                  <C1>7.316000007480081</C1>
                  <C2>45.91900000838683</C2>
                </COORD>
                <COORD>
                  <C1>7.3150000074791715</C1>
                  <C2>45.918000008386436</C2>
                </COORD>
                <COORD>
                  <C1>7.314000007478062</C1>
                  <C2>45.91800000838667</C2>
                </COORD>
                <COORD>
                  <C1>7.313000007476947</C1>
                  <C2>45.91800000838688</C2>
                </COORD>
                <COORD>
                  <C1>7.312000007475833</C1>
                  <C2>45.918000008387125</C2>
                </COORD>
                <COORD>
                  <C1>7.3110000074747274</C1>
                  <C2>45.91800000838737</C2>
                </COORD>
                <COORD>
                  <C1>7.310000007473414</C1>
                  <C2>45.91900000838821</C2>
                </COORD>
                <COORD>
                  <C1>7.309000007472302</C1>
                  <C2>45.9190000083884</C2>
                </COORD>
                <COORD>
                  <C1>7.3080000074711915</C1>
                  <C2>45.91900000838867</C2>
                </COORD>
                <COORD>
                  <C1>7.30700000747008</C1>
                  <C2>45.919000008388885</C2>
                </COORD>
                <COORD>
                  <C1>7.3060000074689695</C1>
                  <C2>45.919000008389126</C2>
                </COORD>
                <COORD>
                  <C1>7.305000007467855</C1>
                  <C2>45.91900000838935</C2>
                </COORD>
                <COORD>
                  <C1>7.304000007466741</C1>
                  <C2>45.919000008389574</C2>
                </COORD>
                <COORD>
                  <C1>7.303000007465631</C1>
                  <C2>45.91900000838981</C2>
                </COORD>
                <COORD>
                  <C1>7.30200000746452</C1>
                  <C2>45.919000008390015</C2>
                </COORD>
                <COORD>
                  <C1>7.30100000746321</C1>
                  <C2>45.92000000839091</C2>
                </COORD>
                <COORD>
                  <C1>7.301000007463011</C1>
                  <C2>45.921000008391545</C2>
                </COORD>
                <COORD>
                  <C1>7.300000007461897</C1>
                  <C2>45.92100000839179</C2>
                </COORD>
                <COORD>
                  <C1>7.299000007460786</C1>
                  <C2>45.921000008392</C2>
                </COORD>
                <COORD>
                  <C1>7.299000007460587</C1>
                  <C2>45.92200000839263</C2>
                </COORD>
                <COORD>
                  <C1>7.298000007459476</C1>
                  <C2>45.92200000839286</C2>
                </COORD>
                <COORD>
                  <C1>7.298000007459277</C1>
                  <C2>45.92300000839352</C2>
                </COORD>
                <COORD>
                  <C1>7.2970000074581645</C1>
                  <C2>45.92300000839376</C2>
                </COORD>
                <COORD>
                  <C1>7.296000007457052</C1>
                  <C2>45.92300000839394</C2>
                </COORD>
                <COORD>
                  <C1>7.29500000745594</C1>
                  <C2>45.923000008394176</C2>
                </COORD>
                <COORD>
                  <C1>7.294000007454827</C1>
                  <C2>45.92300000839444</C2>
                </COORD>
                <COORD>
                  <C1>7.293000007453716</C1>
                  <C2>45.923000008394624</C2>
                </COORD>
                <COORD>
                  <C1>7.292000007452604</C1>
                  <C2>45.92300000839487</C2>
                </COORD>
                <COORD>
                  <C1>7.292000007452801</C1>
                  <C2>45.922000008394235</C2>
                </COORD>
                <COORD>
                  <C1>7.2910000074516885</C1>
                  <C2>45.922000008394456</C2>
                </COORD>
                <COORD>
                  <C1>7.291000007451889</C1>
                  <C2>45.92100000839378</C2>
                </COORD>
                <COORD>
                  <C1>7.291000007452085</C1>
                  <C2>45.920000008393174</C2>
                </COORD>
                <COORD>
                  <C1>7.290000007450969</C1>
                  <C2>45.9200000083934</C2>
                </COORD>
                <COORD>
                  <C1>7.2900000074511695</C1>
                  <C2>45.91900000839278</C2>
                </COORD>
                <COORD>
                  <C1>7.289000007450057</C1>
                  <C2>45.919000008393006</C2>
                </COORD>
                <COORD>
                  <C1>7.288000007448947</C1>
                  <C2>45.91900000839321</C2>
                </COORD>
                <COORD>
                  <C1>7.288000007449144</C1>
                  <C2>45.91800000839257</C2>
                </COORD>
                <COORD>
                  <C1>7.287000007448033</C1>
                  <C2>45.918000008392774</C2>
                </COORD>
                <COORD>
                  <C1>7.28600000744692</C1>
                  <C2>45.91800000839303</C2>
                </COORD>
                <COORD>
                  <C1>7.286000007447117</C1>
                  <C2>45.917000008392414</C2>
                </COORD>
                <COORD>
                  <C1>7.286000007447314</C1>
                  <C2>45.91600000839175</C2>
                </COORD>
                <COORD>
                  <C1>7.2860000074475115</C1>
                  <C2>45.91500000839112</C2>
                </COORD>
                <COORD>
                  <C1>7.285000007446601</C1>
                  <C2>45.91400000839072</C2>
                </COORD>
                <COORD>
                  <C1>7.284000007445685</C1>
                  <C2>45.9130000083903</C2>
                </COORD>
                <COORD>
                  <C1>7.28300000744477</C1>
                  <C2>45.9120000083899</C2>
                </COORD>
                <COORD>
                  <C1>7.283000007444969</C1>
                  <C2>45.91100000838926</C2>
                </COORD>
                <COORD>
                  <C1>7.2820000074438545</C1>
                  <C2>45.9110000083895</C2>
                </COORD>
                <COORD>
                  <C1>7.28200000744405</C1>
                  <C2>45.910000008388856</C2>
                </COORD>
                <COORD>
                  <C1>7.281000007442937</C1>
                  <C2>45.91000000838906</C2>
                </COORD>
                <COORD>
                  <C1>7.2810000074431365</C1>
                  <C2>45.90900000838841</C2>
                </COORD>
                <COORD>
                  <C1>7.281000007443331</C1>
                  <C2>45.90800000838779</C2>
                </COORD>
                <COORD>
                  <C1>7.280000007442217</C1>
                  <C2>45.908000008388015</C2>
                </COORD>
                <COORD>
                  <C1>7.280000007442418</C1>
                  <C2>45.90700000838738</C2>
                </COORD>
                <COORD>
                  <C1>7.280000007442615</C1>
                  <C2>45.90600000838673</C2>
                </COORD>
                <COORD>
                  <C1>7.279000007441502</C1>
                  <C2>45.90600000838699</C2>
                </COORD>
                <COORD>
                  <C1>7.279000007441698</C1>
                  <C2>45.90500000838635</C2>
                </COORD>
                <COORD>
                  <C1>7.279000007441895</C1>
                  <C2>45.9040000083857</C2>
                </COORD>
                <COORD>
                  <C1>7.278000007440781</C1>
                  <C2>45.904000008385886</C2>
                </COORD>
                <COORD>
                  <C1>7.278000007440978</C1>
                  <C2>45.90300000838528</C2>
                </COORD>
                <COORD>
                  <C1>7.278000007441175</C1>
                  <C2>45.90200000838466</C2>
                </COORD>
                <COORD>
                  <C1>7.2770000074400665</C1>
                  <C2>45.902000008384846</C2>
                </COORD>
                <COORD>
                  <C1>7.276000007438946</C1>
                  <C2>45.90200000838507</C2>
                </COORD>
                <COORD>
                  <C1>7.275000007437833</C1>
                  <C2>45.90200000838531</C2>
                </COORD>
                <COORD>
                  <C1>7.274000007436721</C1>
                  <C2>45.90200000838558</C2>
                </COORD>
                <COORD>
                  <C1>7.2730000074356065</C1>
                  <C2>45.90200000838579</C2>
                </COORD>
                <COORD>
                  <C1>7.2720000074344915</C1>
                  <C2>45.90200000838601</C2>
                </COORD>
                <COORD>
                  <C1>7.27200000743469</C1>
                  <C2>45.901000008385374</C2>
                </COORD>
                <COORD>
                  <C1>7.271000007433576</C1>
                  <C2>45.90100000838557</C2>
                </COORD>
                <COORD>
                  <C1>7.271000007433771</C1>
                  <C2>45.900000008384964</C2>
                </COORD>
                <COORD>
                  <C1>7.270000007432657</C1>
                  <C2>45.90000000838518</C2>
                </COORD>
                <COORD>
                  <C1>7.270000007432856</C1>
                  <C2>45.89900000838456</C2>
                </COORD>
                <COORD>
                  <C1>7.269000007431742</C1>
                  <C2>45.89900000838477</C2>
                </COORD>
                <COORD>
                  <C1>7.268000007430627</C1>
                  <C2>45.89900000838499</C2>
                </COORD>
                <COORD>
                  <C1>7.268000007430824</C1>
                  <C2>45.89800000838432</C2>
                </COORD>
                <COORD>
                  <C1>7.268000007431017</C1>
                  <C2>45.89700000838369</C2>
                </COORD>
                <COORD>
                  <C1>7.267000007429904</C1>
                  <C2>45.89700000838389</C2>
                </COORD>
                <COORD>
                  <C1>7.267000007430102</C1>
                  <C2>45.89600000838328</C2>
                </COORD>
                <COORD>
                  <C1>7.266000007428985</C1>
                  <C2>45.89600000838354</C2>
                </COORD>
                <COORD>
                  <C1>7.266000007429184</C1>
                  <C2>45.89500000838284</C2>
                </COORD>
                <COORD>
                  <C1>7.26500000742787</C1>
                  <C2>45.89600000838375</C2>
                </COORD>
                <COORD>
                  <C1>7.265000007428068</C1>
                  <C2>45.89500000838312</C2>
                </COORD>
                <COORD>
                  <C1>7.2640000074269535</C1>
                  <C2>45.89500000838332</C2>
                </COORD>
                <COORD>
                  <C1>7.263000007426034</C1>
                  <C2>45.8940000083829</C2>
                </COORD>
                <COORD>
                  <C1>7.262000007424919</C1>
                  <C2>45.89400000838311</C2>
                </COORD>
                <COORD>
                  <C1>7.262000007425116</C1>
                  <C2>45.8930000083825</C2>
                </COORD>
                <COORD>
                  <C1>7.261000007424</C1>
                  <C2>45.8930000083827</C2>
                </COORD>
                <COORD>
                  <C1>7.261000007424197</C1>
                  <C2>45.8920000083821</C2>
                </COORD>
                <COORD>
                  <C1>7.260000007423082</C1>
                  <C2>45.89200000838229</C2>
                </COORD>
                <COORD>
                  <C1>7.2600000074232796</C1>
                  <C2>45.891000008381646</C2>
                </COORD>
                <COORD>
                  <C1>7.2590000074221654</C1>
                  <C2>45.891000008381894</C2>
                </COORD>
                <COORD>
                  <C1>7.258000007421047</C1>
                  <C2>45.89100000838208</C2>
                </COORD>
                <COORD>
                  <C1>7.258000007421243</C1>
                  <C2>45.89000000838147</C2>
                </COORD>
                <COORD>
                  <C1>7.257000007420127</C1>
                  <C2>45.89000000838169</C2>
                </COORD>
                <COORD>
                  <C1>7.256000007419012</C1>
                  <C2>45.89000000838191</C2>
                </COORD>
                <COORD>
                  <C1>7.2550000074178955</C1>
                  <C2>45.890000008382174</C2>
                </COORD>
                <COORD>
                  <C1>7.254000007416781</C1>
                  <C2>45.89000000838239</C2>
                </COORD>
                <COORD>
                  <C1>7.254000007416581</C1>
                  <C2>45.891000008383024</C2>
                </COORD>
                <COORD>
                  <C1>7.253000007415469</C1>
                  <C2>45.89100000838324</C2>
                </COORD>
                <COORD>
                  <C1>7.253000007415272</C1>
                  <C2>45.89200000838385</C2>
                </COORD>
                <COORD>
                  <C1>7.253000007415073</C1>
                  <C2>45.893000008384526</C2>
                </COORD>
                <COORD>
                  <C1>7.252000007413764</C1>
                  <C2>45.894000008385376</C2>
                </COORD>
                <COORD>
                  <C1>7.251000007412452</C1>
                  <C2>45.895000008386226</C2>
                </COORD>
                <COORD>
                  <C1>7.249000007410219</C1>
                  <C2>45.8950000083867</C2>
                </COORD>
                <COORD>
                  <C1>7.248000007409296</C1>
                  <C2>45.894000008386264</C2>
                </COORD>
                <COORD>
                  <C1>7.2470000074081815</C1>
                  <C2>45.89400000838649</C2>
                </COORD>
                <COORD>
                  <C1>7.246000007407264</C1>
                  <C2>45.893000008386096</C2>
                </COORD>
                <COORD>
                  <C1>7.245000007406149</C1>
                  <C2>45.89300000838634</C2>
                </COORD>
                <COORD>
                  <C1>7.244000007405028</C1>
                  <C2>45.89300000838656</C2>
                </COORD>
                <COORD>
                  <C1>7.2430000074039125</C1>
                  <C2>45.893000008386764</C2>
                </COORD>
                <COORD>
                  <C1>7.24300000740411</C1>
                  <C2>45.89200000838613</C2>
                </COORD>
                <COORD>
                  <C1>7.242000007402992</C1>
                  <C2>45.89200000838637</C2>
                </COORD>
                <COORD>
                  <C1>7.241000007401876</C1>
                  <C2>45.8920000083866</C2>
                </COORD>
                <COORD>
                  <C1>7.240000007400755</C1>
                  <C2>45.892000008386795</C2>
                </COORD>
                <COORD>
                  <C1>7.2390000073996426</C1>
                  <C2>45.89200000838707</C2>
                </COORD>
                <COORD>
                  <C1>7.238000007398527</C1>
                  <C2>45.89200000838726</C2>
                </COORD>
                <COORD>
                  <C1>7.237000007397407</C1>
                  <C2>45.89200000838749</C2>
                </COORD>
                <COORD>
                  <C1>7.236000007396293</C1>
                  <C2>45.89200000838772</C2>
                </COORD>
                <COORD>
                  <C1>7.235000007395175</C1>
                  <C2>45.89200000838795</C2>
                </COORD>
                <COORD>
                  <C1>7.235000007394979</C1>
                  <C2>45.89300000838859</C2>
                </COORD>
                <COORD>
                  <C1>7.2340000073938615</C1>
                  <C2>45.89300000838881</C2>
                </COORD>
                <COORD>
                  <C1>7.233000007392745</C1>
                  <C2>45.89300000838901</C2>
                </COORD>
                <COORD>
                  <C1>7.232000007391628</C1>
                  <C2>45.89300000838925</C2>
                </COORD>
                <COORD>
                  <C1>7.231000007390316</C1>
                  <C2>45.89400000839014</C2>
                </COORD>
                <COORD>
                  <C1>7.230000007389197</C1>
                  <C2>45.894000008390336</C2>
                </COORD>
                <COORD>
                  <C1>7.229000007388079</C1>
                  <C2>45.894000008390535</C2>
                </COORD>
                <COORD>
                  <C1>7.2280000073871555</C1>
                  <C2>45.893000008390196</C2>
                </COORD>
                <COORD>
                  <C1>7.227000007386234</C1>
                  <C2>45.89200000838974</C2>
                </COORD>
                <COORD>
                  <C1>7.226000007385117</C1>
                  <C2>45.892000008389964</C2>
                </COORD>
                <COORD>
                  <C1>7.225000007383995</C1>
                  <C2>45.89200000839017</C2>
                </COORD>
                <COORD>
                  <C1>7.224000007382883</C1>
                  <C2>45.89200000839047</C2>
                </COORD>
                <COORD>
                  <C1>7.2230000073817635</C1>
                  <C2>45.89200000839061</C2>
                </COORD>
                <COORD>
                  <C1>7.222000007380842</C1>
                  <C2>45.891000008390236</C2>
                </COORD>
                <COORD>
                  <C1>7.221000007379724</C1>
                  <C2>45.89100000839042</C2>
                </COORD>
                <COORD>
                  <C1>7.220000007378603</C1>
                  <C2>45.891000008390634</C2>
                </COORD>
                <COORD>
                  <C1>7.219000007377491</C1>
                  <C2>45.891000008390854</C2>
                </COORD>
                <COORD>
                  <C1>7.218000007376369</C1>
                  <C2>45.89100000839114</C2>
                </COORD>
                <COORD>
                  <C1>7.217000007375249</C1>
                  <C2>45.89100000839134</C2>
                </COORD>
                <COORD>
                  <C1>7.217000007375447</C1>
                  <C2>45.89000000839069</C2>
                </COORD>
                <COORD>
                  <C1>7.21700000737564</C1>
                  <C2>45.88900000839007</C2>
                </COORD>
                <COORD>
                  <C1>7.217000007375835</C1>
                  <C2>45.888000008389426</C2>
                </COORD>
                <COORD>
                  <C1>7.21700000737603</C1>
                  <C2>45.887000008388746</C2>
                </COORD>
                <COORD>
                  <C1>7.217000007376224</C1>
                  <C2>45.88600000838814</C2>
                </COORD>
                <COORD>
                  <C1>7.216000007375105</C1>
                  <C2>45.88600000838836</C2>
                </COORD>
                <COORD>
                  <C1>7.215000007374184</C1>
                  <C2>45.885000008387905</C2>
                </COORD>
                <COORD>
                  <C1>7.214000007373067</C1>
                  <C2>45.88500000838816</C2>
                </COORD>
                <COORD>
                  <C1>7.213000007372141</C1>
                  <C2>45.88400000838776</C2>
                </COORD>
                <COORD>
                  <C1>7.212000007371024</C1>
                  <C2>45.88400000838793</C2>
                </COORD>
                <COORD>
                  <C1>7.212000007371218</C1>
                  <C2>45.883000008387306</C2>
                </COORD>
                <COORD>
                  <C1>7.211000007370098</C1>
                  <C2>45.88300000838754</C2>
                </COORD>
                <COORD>
                  <C1>7.211000007370292</C1>
                  <C2>45.882000008386875</C2>
                </COORD>
                <COORD>
                  <C1>7.210000007369174</C1>
                  <C2>45.88200000838709</C2>
                </COORD>
                <COORD>
                  <C1>7.209000007368052</C1>
                  <C2>45.882000008387344</C2>
                </COORD>
                <COORD>
                  <C1>7.208000007366935</C1>
                  <C2>45.88200000838756</C2>
                </COORD>
                <COORD>
                  <C1>7.20700000736582</C1>
                  <C2>45.882000008387784</C2>
                </COORD>
                <COORD>
                  <C1>7.207000007366012</C1>
                  <C2>45.88100000838718</C2>
                </COORD>
                <COORD>
                  <C1>7.206000007364893</C1>
                  <C2>45.881000008387396</C2>
                </COORD>
                <COORD>
                  <C1>7.2060000073650885</C1>
                  <C2>45.88000000838671</C2>
                </COORD>
                <COORD>
                  <C1>7.205000007363967</C1>
                  <C2>45.88000000838694</C2>
                </COORD>
                <COORD>
                  <C1>7.205000007364163</C1>
                  <C2>45.87900000838631</C2>
                </COORD>
                <COORD>
                  <C1>7.204000007363239</C1>
                  <C2>45.87800000838589</C2>
                </COORD>
                <COORD>
                  <C1>7.203000007362118</C1>
                  <C2>45.87800000838609</C2>
                </COORD>
                <COORD>
                  <C1>7.20300000736231</C1>
                  <C2>45.87700000838545</C2>
                </COORD>
                <COORD>
                  <C1>7.202000007361193</C1>
                  <C2>45.87700000838568</C2>
                </COORD>
                <COORD>
                  <C1>7.201000007360072</C1>
                  <C2>45.87700000838593</C2>
                </COORD>
                <COORD>
                  <C1>7.201000007360266</C1>
                  <C2>45.87600000838527</C2>
                </COORD>
                <COORD>
                  <C1>7.2010000073604585</C1>
                  <C2>45.875000008384625</C2>
                </COORD>
                <COORD>
                  <C1>7.200000007359342</C1>
                  <C2>45.87500000838486</C2>
                </COORD>
                <COORD>
                  <C1>7.200000007359534</C1>
                  <C2>45.87400000838419</C2>
                </COORD>
                <COORD>
                  <C1>7.199000007358413</C1>
                  <C2>45.87400000838442</C2>
                </COORD>
                <COORD>
                  <C1>7.199000007358608</C1>
                  <C2>45.8730000083838</C2>
                </COORD>
                <COORD>
                  <C1>7.199000007358801</C1>
                  <C2>45.872000008383125</C2>
                </COORD>
                <COORD>
                  <C1>7.199000007358998</C1>
                  <C2>45.871000008382495</C2>
                </COORD>
                <COORD>
                  <C1>7.1990000073591895</C1>
                  <C2>45.87000000838183</C2>
                </COORD>
                <COORD>
                  <C1>7.199000007359382</C1>
                  <C2>45.86900000838118</C2>
                </COORD>
                <COORD>
                  <C1>7.199000007359573</C1>
                  <C2>45.86800000838055</C2>
                </COORD>
                <COORD>
                  <C1>7.200000007360892</C1>
                  <C2>45.86700000837971</C2>
                </COORD>
                <COORD>
                  <C1>7.200000007361086</C1>
                  <C2>45.86600000837907</C2>
                </COORD>
                <COORD>
                  <C1>7.2010000073622065</C1>
                  <C2>45.86600000837878</C2>
                </COORD>
                <COORD>
                  <C1>7.201000007362402</C1>
                  <C2>45.865000008378196</C2>
                </COORD>
                <COORD>
                  <C1>7.200000007361471</C1>
                  <C2>45.864000008377744</C2>
                </COORD>
                <COORD>
                  <C1>7.199000007360349</C1>
                  <C2>45.864000008377964</C2>
                </COORD>
                <COORD>
                  <C1>7.199000007360543</C1>
                  <C2>45.86300000837732</C2>
                </COORD>
                <COORD>
                  <C1>7.198000007359426</C1>
                  <C2>45.86300000837759</C2>
                </COORD>
                <COORD>
                  <C1>7.198000007359618</C1>
                  <C2>45.86200000837694</C2>
                </COORD>
                <COORD>
                  <C1>7.197000007358497</C1>
                  <C2>45.86200000837711</C2>
                </COORD>
                <COORD>
                  <C1>7.196000007357375</C1>
                  <C2>45.86200000837741</C2>
                </COORD>
                <COORD>
                  <C1>7.195000007356256</C1>
                  <C2>45.862000008377564</C2>
                </COORD>
                <COORD>
                  <C1>7.194000007355136</C1>
                  <C2>45.86200000837783</C2>
                </COORD>
                <COORD>
                  <C1>7.194000007355329</C1>
                  <C2>45.86100000837715</C2>
                </COORD>
                <COORD>
                  <C1>7.193000007354208</C1>
                  <C2>45.86100000837737</C2>
                </COORD>
                <COORD>
                  <C1>7.192000007353089</C1>
                  <C2>45.86100000837762</C2>
                </COORD>
                <COORD>
                  <C1>7.192000007353283</C1>
                  <C2>45.86000000837697</C2>
                </COORD>
                <COORD>
                  <C1>7.191000007351967</C1>
                  <C2>45.861000008377815</C2>
                </COORD>
                <COORD>
                  <C1>7.190000007350844</C1>
                  <C2>45.86100000837806</C2>
                </COORD>
                <COORD>
                  <C1>7.189000007349725</C1>
                  <C2>45.86100000837827</C2>
                </COORD>
                <COORD>
                  <C1>7.1880000073484105</C1>
                  <C2>45.862000008379155</C2>
                </COORD>
                <COORD>
                  <C1>7.187000007347292</C1>
                  <C2>45.86200000837936</C2>
                </COORD>
                <COORD>
                  <C1>7.186000007346171</C1>
                  <C2>45.86200000837962</C2>
                </COORD>
                <COORD>
                  <C1>7.185000007345049</C1>
                  <C2>45.862000008379866</C2>
                </COORD>
                <COORD>
                  <C1>7.184000007343927</C1>
                  <C2>45.862000008380036</C2>
                </COORD>
                <COORD>
                  <C1>7.184000007343735</C1>
                  <C2>45.86300000838071</C2>
                </COORD>
                <COORD>
                  <C1>7.183000007342614</C1>
                  <C2>45.863000008380915</C2>
                </COORD>
                <COORD>
                  <C1>7.183000007342421</C1>
                  <C2>45.864000008381545</C2>
                </COORD>
                <COORD>
                  <C1>7.182000007341298</C1>
                  <C2>45.864000008381744</C2>
                </COORD>
                <COORD>
                  <C1>7.181000007340177</C1>
                  <C2>45.86400000838199</C2>
                </COORD>
                <COORD>
                  <C1>7.181000007339983</C1>
                  <C2>45.86500000838266</C2>
                </COORD>
                <COORD>
                  <C1>7.180000007338862</C1>
                  <C2>45.86500000838287</C2>
                </COORD>
                <COORD>
                  <C1>7.179000007337743</C1>
                  <C2>45.86500000838307</C2>
                </COORD>
                <COORD>
                  <C1>7.178000007336619</C1>
                  <C2>45.8650000083833</C2>
                </COORD>
                <COORD>
                  <C1>7.177000007335498</C1>
                  <C2>45.86500000838351</C2>
                </COORD>
                <COORD>
                  <C1>7.176000007334374</C1>
                  <C2>45.86500000838375</C2>
                </COORD>
                <COORD>
                  <C1>7.16700000732312</C1>
                  <C2>45.87100000838959</C2>
                </COORD>
                <COORD>
                  <C1>7.163000007318248</C1>
                  <C2>45.87300000839182</C2>
                </COORD>
                <COORD>
                  <C1>7.162000007317126</C1>
                  <C2>45.87300000839201</C2>
                </COORD>
                <COORD>
                  <C1>7.162000007316932</C1>
                  <C2>45.87400000839266</C2>
                </COORD>
                <COORD>
                  <C1>7.163000007318056</C1>
                  <C2>45.87400000839247</C2>
                </COORD>
                <COORD>
                  <C1>7.163000007317865</C1>
                  <C2>45.87500000839309</C2>
                </COORD>
                <COORD>
                  <C1>7.164000007318988</C1>
                  <C2>45.87500000839286</C2>
                </COORD>
                <COORD>
                  <C1>7.165000007320108</C1>
                  <C2>45.875000008392654</C2>
                </COORD>
                <COORD>
                  <C1>7.165000007319913</C1>
                  <C2>45.87600000839327</C2>
                </COORD>
                <COORD>
                  <C1>7.16500000731972</C1>
                  <C2>45.877000008393935</C2>
                </COORD>
                <COORD>
                  <C1>7.165000007319526</C1>
                  <C2>45.878000008394565</C2>
                </COORD>
                <COORD>
                  <C1>7.165000007319337</C1>
                  <C2>45.87900000839522</C2>
                </COORD>
                <COORD>
                  <C1>7.164000007318213</C1>
                  <C2>45.87900000839548</C2>
                </COORD>
                <COORD>
                  <C1>7.163000007317094</C1>
                  <C2>45.87900000839568</C2>
                </COORD>
                <COORD>
                  <C1>7.163000007316898</C1>
                  <C2>45.88000000839634</C2>
                </COORD>
                <COORD>
                  <C1>7.162000007315776</C1>
                  <C2>45.88000000839653</C2>
                </COORD>
                <COORD>
                  <C1>7.161000007314654</C1>
                  <C2>45.88000000839676</C2>
                </COORD>
                <COORD>
                  <C1>7.160000007313532</C1>
                  <C2>45.880000008397</C2>
                </COORD>
                <COORD>
                  <C1>7.160000007313339</C1>
                  <C2>45.88100000839764</C2>
                </COORD>
                <COORD>
                  <C1>7.159000007312218</C1>
                  <C2>45.88100000839785</C2>
                </COORD>
                <COORD>
                  <C1>7.158000007311096</C1>
                  <C2>45.88100000839811</C2>
                </COORD>
                <COORD>
                  <C1>7.157000007309974</C1>
                  <C2>45.88100000839824</C2>
                </COORD>
                <COORD>
                  <C1>7.15600000730885</C1>
                  <C2>45.8810000083985</C2>
                </COORD>
                <COORD>
                  <C1>7.155000007307729</C1>
                  <C2>45.8810000083987</C2>
                </COORD>
                <COORD>
                  <C1>7.154000007306607</C1>
                  <C2>45.88100000839895</C2>
                </COORD>
                <COORD>
                  <C1>7.154000007306798</C1>
                  <C2>45.88000000839832</C2>
                </COORD>
                <COORD>
                  <C1>7.153000007305674</C1>
                  <C2>45.880000008398525</C2>
                </COORD>
                <COORD>
                  <C1>7.1520000073045535</C1>
                  <C2>45.88000000839873</C2>
                </COORD>
                <COORD>
                  <C1>7.151000007303621</C1>
                  <C2>45.879000008398364</C2>
                </COORD>
                <COORD>
                  <C1>7.1500000073025</C1>
                  <C2>45.87900000839853</C2>
                </COORD>
                <COORD>
                  <C1>7.149000007301377</C1>
                  <C2>45.87900000839877</C2>
                </COORD>
                <COORD>
                  <C1>7.148000007300447</C1>
                  <C2>45.878000008398345</C2>
                </COORD>
                <COORD>
                  <C1>7.146000007298201</C1>
                  <C2>45.878000008398786</C2>
                </COORD>
                <COORD>
                  <C1>7.145000007297078</C1>
                  <C2>45.87800000839901</C2>
                </COORD>
                <COORD>
                  <C1>7.145000007297271</C1>
                  <C2>45.87700000839833</C2>
                </COORD>
                <COORD>
                  <C1>7.144000007296146</C1>
                  <C2>45.87700000839861</C2>
                </COORD>
                <COORD>
                  <C1>7.143000007295026</C1>
                  <C2>45.877000008398795</C2>
                </COORD>
                <COORD>
                  <C1>7.1420000072939</C1>
                  <C2>45.87700000839904</C2>
                </COORD>
                <COORD>
                  <C1>7.141000007292775</C1>
                  <C2>45.87700000839927</C2>
                </COORD>
                <COORD>
                  <C1>7.14100000729297</C1>
                  <C2>45.87600000839863</C2>
                </COORD>
                <COORD>
                  <C1>7.140000007291849</C1>
                  <C2>45.87600000839881</C2>
                </COORD>
                <COORD>
                  <C1>7.140000007292038</C1>
                  <C2>45.8750000083982</C2>
                </COORD>
                <COORD>
                  <C1>7.139000007290912</C1>
                  <C2>45.875000008398416</C2>
                </COORD>
                <COORD>
                  <C1>7.138000007289793</C1>
                  <C2>45.87500000839864</C2>
                </COORD>
                <COORD>
                  <C1>7.137000007288665</C1>
                  <C2>45.87500000839887</C2>
                </COORD>
                <COORD>
                  <C1>7.136000007287735</C1>
                  <C2>45.87400000839844</C2>
                </COORD>
                <COORD>
                  <C1>7.135000007286611</C1>
                  <C2>45.874000008398646</C2>
                </COORD>
                <COORD>
                  <C1>7.135000007286803</C1>
                  <C2>45.87300000839798</C2>
                </COORD>
                <COORD>
                  <C1>7.134000007285677</C1>
                  <C2>45.8730000083982</C2>
                </COORD>
                <COORD>
                  <C1>7.13400000728587</C1>
                  <C2>45.872000008397585</C2>
                </COORD>
                <COORD>
                  <C1>7.135000007286997</C1>
                  <C2>45.87200000839734</C2>
                </COORD>
                <COORD>
                  <C1>7.1350000072871875</C1>
                  <C2>45.87100000839673</C2>
                </COORD>
                <COORD>
                  <C1>7.134000007286254</C1>
                  <C2>45.870000008396275</C2>
                </COORD>
                <COORD>
                  <C1>7.133000007285132</C1>
                  <C2>45.870000008396524</C2>
                </COORD>
                <COORD>
                  <C1>7.133000007285324</C1>
                  <C2>45.869000008395865</C2>
                </COORD>
                <COORD>
                  <C1>7.132000007284197</C1>
                  <C2>45.86900000839608</C2>
                </COORD>
                <COORD>
                  <C1>7.131000007283266</C1>
                  <C2>45.86800000839565</C2>
                </COORD>
                <COORD>
                  <C1>7.130000007282138</C1>
                  <C2>45.868000008395875</C2>
                </COORD>
                <COORD>
                  <C1>7.130000007282331</C1>
                  <C2>45.867000008395244</C2>
                </COORD>
                <COORD>
                  <C1>7.129000007281208</C1>
                  <C2>45.867000008395465</C2>
                </COORD>
                <COORD>
                  <C1>7.1280000072800815</C1>
                  <C2>45.86700000839568</C2>
                </COORD>
                <COORD>
                  <C1>7.128000007280273</C1>
                  <C2>45.86600000839503</C2>
                </COORD>
                <COORD>
                  <C1>7.127000007279149</C1>
                  <C2>45.86600000839528</C2>
                </COORD>
                <COORD>
                  <C1>7.126000007278024</C1>
                  <C2>45.866000008395496</C2>
                </COORD>
                <COORD>
                  <C1>7.1250000072769</C1>
                  <C2>45.86600000839571</C2>
                </COORD>
                <COORD>
                  <C1>7.125000007277089</C1>
                  <C2>45.865000008395036</C2>
                </COORD>
                <COORD>
                  <C1>7.124000007275967</C1>
                  <C2>45.86500000839525</C2>
                </COORD>
                <COORD>
                  <C1>7.123000007274842</C1>
                  <C2>45.865000008395484</C2>
                </COORD>
                <COORD>
                  <C1>7.1230000072750315</C1>
                  <C2>45.864000008394825</C2>
                </COORD>
                <COORD>
                  <C1>7.122000007273909</C1>
                  <C2>45.864000008395045</C2>
                </COORD>
                <COORD>
                  <C1>7.121000007272972</C1>
                  <C2>45.86300000839466</C2>
                </COORD>
                <COORD>
                  <C1>7.121000007273164</C1>
                  <C2>45.86200000839398</C2>
                </COORD>
                <COORD>
                  <C1>7.12000000727204</C1>
                  <C2>45.8620000083942</C2>
                </COORD>
                <COORD>
                  <C1>7.119000007271106</C1>
                  <C2>45.86100000839378</C2>
                </COORD>
                <COORD>
                  <C1>7.11800000726998</C1>
                  <C2>45.86100000839402</C2>
                </COORD>
                <COORD>
                  <C1>7.117000007268854</C1>
                  <C2>45.861000008394214</C2>
                </COORD>
                <COORD>
                  <C1>7.11600000726773</C1>
                  <C2>45.86100000839444</C2>
                </COORD>
                <COORD>
                  <C1>7.115000007266605</C1>
                  <C2>45.86100000839466</C2>
                </COORD>
                <COORD>
                  <C1>7.114000007265479</C1>
                  <C2>45.86100000839486</C2>
                </COORD>
                <COORD>
                  <C1>7.113000007264351</C1>
                  <C2>45.86100000839509</C2>
                </COORD>
                <COORD>
                  <C1>7.112000007263226</C1>
                  <C2>45.86100000839536</C2>
                </COORD>
                <COORD>
                  <C1>7.111000007262097</C1>
                  <C2>45.86100000839556</C2>
                </COORD>
                <COORD>
                  <C1>7.111000007262288</C1>
                  <C2>45.860000008394884</C2>
                </COORD>
                <COORD>
                  <C1>7.110000007261166</C1>
                  <C2>45.86000000839511</C2>
                </COORD>
                <COORD>
                  <C1>7.109000007260038</C1>
                  <C2>45.86000000839535</C2>
                </COORD>
                <COORD>
                  <C1>7.108000007258914</C1>
                  <C2>45.86000000839557</C2>
                </COORD>
                <COORD>
                  <C1>7.108000007258721</C1>
                  <C2>45.86100000839621</C2>
                </COORD>
                <COORD>
                  <C1>7.1070000072575965</C1>
                  <C2>45.86100000839642</C2>
                </COORD>
                <COORD>
                  <C1>7.106000007256471</C1>
                  <C2>45.86100000839665</C2>
                </COORD>
                <COORD>
                  <C1>7.105000007255344</C1>
                  <C2>45.861000008396836</C2>
                </COORD>
                <COORD>
                  <C1>7.104000007254219</C1>
                  <C2>45.86100000839707</C2>
                </COORD>
                <COORD>
                  <C1>7.103000007253091</C1>
                  <C2>45.861000008397305</C2>
                </COORD>
                <COORD>
                  <C1>7.102000007251967</C1>
                  <C2>45.86100000839751</C2>
                </COORD>
                <COORD>
                  <C1>7.101000007250649</C1>
                  <C2>45.86200000839839</C2>
                </COORD>
                <COORD>
                  <C1>7.101000007250459</C1>
                  <C2>45.86300000839906</C2>
                </COORD>
                <COORD>
                  <C1>7.100000007249331</C1>
                  <C2>45.863000008399275</C2>
                </COORD>
                <COORD>
                  <C1>7.099000007248208</C1>
                  <C2>45.863000008399496</C2>
                </COORD>
                <COORD>
                  <C1>7.099000007248018</C1>
                  <C2>45.864000008400104</C2>
                </COORD>
                <COORD>
                  <C1>7.098000007246889</C1>
                  <C2>45.86400000840035</C2>
                </COORD>
                <COORD>
                  <C1>7.0980000072467</C1>
                  <C2>45.86500000840099</C2>
                </COORD>
                <COORD>
                  <C1>7.099000007247825</C1>
                  <C2>45.86500000840078</C2>
                </COORD>
                <COORD>
                  <C1>7.099000007247638</C1>
                  <C2>45.86600000840141</C2>
                </COORD>
                <COORD>
                  <C1>7.098000007246509</C1>
                  <C2>45.86600000840165</C2>
                </COORD>
                <COORD>
                  <C1>7.098000007246319</C1>
                  <C2>45.867000008402265</C2>
                </COORD>
                <COORD>
                  <C1>7.098000007246127</C1>
                  <C2>45.868000008402916</C2>
                </COORD>
                <COORD>
                  <C1>7.097000007245001</C1>
                  <C2>45.868000008403165</C2>
                </COORD>
                <COORD>
                  <C1>7.0970000072448105</C1>
                  <C2>45.869000008403766</C2>
                </COORD>
                <COORD>
                  <C1>7.097000007244621</C1>
                  <C2>45.870000008404475</C2>
                </COORD>
                <COORD>
                  <C1>7.096000007243303</C1>
                  <C2>45.87100000840534</C2>
                </COORD>
                <COORD>
                  <C1>7.096000007243112</C1>
                  <C2>45.87200000840597</C2>
                </COORD>
                <COORD>
                  <C1>7.095000007241987</C1>
                  <C2>45.87200000840617</C2>
                </COORD>
                <COORD>
                  <C1>7.095000007241797</C1>
                  <C2>45.87300000840682</C2>
                </COORD>
                <COORD>
                  <C1>7.094000007240671</C1>
                  <C2>45.87300000840703</C2>
                </COORD>
                <COORD>
                  <C1>7.093000007239355</C1>
                  <C2>45.874000008407904</C2>
                </COORD>
                <COORD>
                  <C1>7.093000007239163</C1>
                  <C2>45.875000008408534</C2>
                </COORD>
                <COORD>
                  <C1>7.094000007240289</C1>
                  <C2>45.87500000840833</C2>
                </COORD>
                <COORD>
                  <C1>7.0940000072401</C1>
                  <C2>45.87600000840895</C2>
                </COORD>
                <COORD>
                  <C1>7.0950000072412225</C1>
                  <C2>45.876000008408745</C2>
                </COORD>
                <COORD>
                  <C1>7.095000007241034</C1>
                  <C2>45.8770000084094</C2>
                </COORD>
                <COORD>
                  <C1>7.0960000072421625</C1>
                  <C2>45.87700000840916</C2>
                </COORD>
                <COORD>
                  <C1>7.096000007241969</C1>
                  <C2>45.87800000840986</C2>
                </COORD>
                <COORD>
                  <C1>7.095000007240843</C1>
                  <C2>45.878000008410034</C2>
                </COORD>
                <COORD>
                  <C1>7.095000007240653</C1>
                  <C2>45.87900000841069</C2>
                </COORD>
                <COORD>
                  <C1>7.094000007239528</C1>
                  <C2>45.87900000841091</C2>
                </COORD>
                <COORD>
                  <C1>7.094000007239337</C1>
                  <C2>45.880000008411564</C2>
                </COORD>
                <COORD>
                  <C1>7.093000007238213</C1>
                  <C2>45.88000000841176</C2>
                </COORD>
                <COORD>
                  <C1>7.092000007236893</C1>
                  <C2>45.881000008412656</C2>
                </COORD>
                <COORD>
                  <C1>7.091000007235769</C1>
                  <C2>45.88100000841286</C2>
                </COORD>
                <COORD>
                  <C1>7.091000007235576</C1>
                  <C2>45.88200000841353</C2>
                </COORD>
                <COORD>
                  <C1>7.090000007234451</C1>
                  <C2>45.88200000841374</C2>
                </COORD>
                <COORD>
                  <C1>7.089000007233131</C1>
                  <C2>45.88300000841458</C2>
                </COORD>
                <COORD>
                  <C1>7.088000007232007</C1>
                  <C2>45.88300000841481</C2>
                </COORD>
                <COORD>
                  <C1>7.087000007230689</C1>
                  <C2>45.88400000841563</C2>
                </COORD>
                <COORD>
                  <C1>7.086000007229373</C1>
                  <C2>45.88500000841653</C2>
                </COORD>
                <COORD>
                  <C1>7.085000007228246</C1>
                  <C2>45.88500000841674</C2>
                </COORD>
                <COORD>
                  <C1>7.084000007226929</C1>
                  <C2>45.88600000841765</C2>
                </COORD>
                <COORD>
                  <C1>7.083000007225803</C1>
                  <C2>45.88600000841784</C2>
                </COORD>
                <COORD>
                  <C1>7.082000007224676</C1>
                  <C2>45.886000008418065</C2>
                </COORD>
                <COORD>
                  <C1>7.082000007224483</C1>
                  <C2>45.8870000084187</C2>
                </COORD>
                <COORD>
                  <C1>7.0810000072233565</C1>
                  <C2>45.88700000841891</C2>
                </COORD>
                <COORD>
                  <C1>7.080000007222041</C1>
                  <C2>45.888000008419766</C2>
                </COORD>
                <COORD>
                  <C1>7.08000000722185</C1>
                  <C2>45.88900000842045</C2>
                </COORD>
                <COORD>
                  <C1>7.08000000722166</C1>
                  <C2>45.89000000842108</C2>
                </COORD>
                <COORD>
                  <C1>7.0790000072205315</C1>
                  <C2>45.89000000842129</C2>
                </COORD>
                <COORD>
                  <C1>7.079000007220339</C1>
                  <C2>45.89100000842194</C2>
                </COORD>
                <COORD>
                  <C1>7.078000007219214</C1>
                  <C2>45.89100000842215</C2>
                </COORD>
                <COORD>
                  <C1>7.078000007219024</C1>
                  <C2>45.89200000842281</C2>
                </COORD>
                <COORD>
                  <C1>7.0770000072178965</C1>
                  <C2>45.89200000842301</C2>
                </COORD>
                <COORD>
                  <C1>7.077000007217706</C1>
                  <C2>45.89300000842366</C2>
                </COORD>
                <COORD>
                  <C1>7.078000007218455</C1>
                  <C2>45.895000008424766</C2>
                </COORD>
                <COORD>
                  <C1>7.077000007217135</C1>
                  <C2>45.89600000842561</C2>
                </COORD>
                <COORD>
                  <C1>7.0770000072169434</C1>
                  <C2>45.89700000842622</C2>
                </COORD>
                <COORD>
                  <C1>7.076000007215817</C1>
                  <C2>45.89700000842644</C2>
                </COORD>
                <COORD>
                  <C1>7.075000007214691</C1>
                  <C2>45.897000008426694</C2>
                </COORD>
                <COORD>
                  <C1>7.074000007213565</C1>
                  <C2>45.89700000842691</C2>
                </COORD>
                <COORD>
                  <C1>7.072000007211119</C1>
                  <C2>45.89800000842797</C2>
                </COORD>
                <COORD>
                  <C1>7.0710000072098005</C1>
                  <C2>45.89900000842885</C2>
                </COORD>
                <COORD>
                  <C1>7.071000007209611</C1>
                  <C2>45.90000000842948</C2>
                </COORD>
                <COORD>
                  <C1>7.069000007207356</C1>
                  <C2>45.90000000842991</C2>
                </COORD>
                <COORD>
                  <C1>7.069000007207166</C1>
                  <C2>45.90100000843055</C2>
                </COORD>
                <COORD>
                  <C1>7.066000007203785</C1>
                  <C2>45.90100000843122</C2>
                </COORD>
                <COORD>
                  <C1>7.0650000072024675</C1>
                  <C2>45.902000008432076</C2>
                </COORD>
                <COORD>
                  <C1>7.065000007202278</C1>
                  <C2>45.903000008432734</C2>
                </COORD>
                <COORD>
                  <C1>7.0650000072020855</C1>
                  <C2>45.904000008433336</C2>
                </COORD>
                <COORD>
                  <C1>7.065000007201897</C1>
                  <C2>45.905000008434</C2>
                </COORD>
                <COORD>
                  <C1>7.0650000072017045</C1>
                  <C2>45.90600000843465</C2>
                </COORD>
                <COORD>
                  <C1>7.0650000072015136</C1>
                  <C2>45.90700000843525</C2>
                </COORD>
                <COORD>
                  <C1>7.0650000072013235</C1>
                  <C2>45.90800000843593</C2>
                </COORD>
                <COORD>
                  <C1>7.0650000072011325</C1>
                  <C2>45.909000008436536</C2>
                </COORD>
                <COORD>
                  <C1>7.065000007200942</C1>
                  <C2>45.91000000843719</C2>
                </COORD>
                <COORD>
                  <C1>7.06500000720075</C1>
                  <C2>45.91100000843786</C2>
                </COORD>
                <COORD>
                  <C1>7.0650000072005605</C1>
                  <C2>45.91200000843851</C2>
                </COORD>
                <COORD>
                  <C1>7.064000007199431</C1>
                  <C2>45.91200000843872</C2>
                </COORD>
                <COORD>
                  <C1>7.064000007199241</C1>
                  <C2>45.91300000843932</C2>
                </COORD>
                <COORD>
                  <C1>7.063000007198115</C1>
                  <C2>45.91300000843959</C2>
                </COORD>
                <COORD>
                  <C1>7.063000007197925</C1>
                  <C2>45.91400000844021</C2>
                </COORD>
                <COORD>
                  <C1>7.062000007196796</C1>
                  <C2>45.914000008440425</C2>
                </COORD>
                <COORD>
                  <C1>7.062000007196606</C1>
                  <C2>45.91500000844106</C2>
                </COORD>
                <COORD>
                  <C1>7.06100000719548</C1>
                  <C2>45.915000008441254</C2>
                </COORD>
                <COORD>
                  <C1>7.060000007194351</C1>
                  <C2>45.91500000844151</C2>
                </COORD>
                <COORD>
                  <C1>7.059000007193224</C1>
                  <C2>45.91500000844176</C2>
                </COORD>
                <COORD>
                  <C1>7.059000007193032</C1>
                  <C2>45.91600000844235</C2>
                </COORD>
                <COORD>
                  <C1>7.058000007191907</C1>
                  <C2>45.91600000844258</C2>
                </COORD>
                <COORD>
                  <C1>7.057000007190778</C1>
                  <C2>45.9160000084428</C2>
                </COORD>
                <COORD>
                  <C1>7.0560000071896525</C1>
                  <C2>45.916000008443056</C2>
                </COORD>
                <COORD>
                  <C1>7.05600000718946</C1>
                  <C2>45.91700000844366</C2>
                </COORD>
                <COORD>
                  <C1>7.055000007188334</C1>
                  <C2>45.91700000844386</C2>
                </COORD>
                <COORD>
                  <C1>7.054000007187203</C1>
                  <C2>45.9170000084441</C2>
                </COORD>
                <COORD>
                  <C1>7.054000007187017</C1>
                  <C2>45.91800000844472</C2>
                </COORD>
                <COORD>
                  <C1>7.053000007185889</C1>
                  <C2>45.91800000844497</C2>
                </COORD>
                <COORD>
                  <C1>7.053000007185697</C1>
                  <C2>45.91900000844559</C2>
                </COORD>
                <COORD>
                  <C1>7.052000007184568</C1>
                  <C2>45.91900000844584</C2>
                </COORD>
                <COORD>
                  <C1>7.051000007183251</C1>
                  <C2>45.92000000844668</C2>
                </COORD>
                <COORD>
                  <C1>7.050000007182123</C1>
                  <C2>45.92000000844692</C2>
                </COORD>
                <COORD>
                  <C1>7.050000007181932</C1>
                  <C2>45.92100000844753</C2>
                </COORD>
                <COORD>
                  <C1>7.0490000071808065</C1>
                  <C2>45.92100000844776</C2>
                </COORD>
                <COORD>
                  <C1>7.048000007179486</C1>
                  <C2>45.92200000844859</C2>
                </COORD>
                <COORD>
                  <C1>7.048000007179297</C1>
                  <C2>45.923000008449264</C2>
                </COORD>
                <COORD>
                  <C1>7.047000007177978</C1>
                  <C2>45.92400000845008</C2>
                </COORD>
                <COORD>
                  <C1>7.046000007176851</C1>
                  <C2>45.92400000845031</C2>
                </COORD>
                <COORD>
                  <C1>7.045000007175721</C1>
                  <C2>45.92400000845055</C2>
                </COORD>
                <COORD>
                  <C1>7.045000007175531</C1>
                  <C2>45.92500000845118</C2>
                </COORD>
                <COORD>
                  <C1>7.044000007174211</C1>
                  <C2>45.926000008452036</C2>
                </COORD>
                <COORD>
                  <C1>7.044000007174024</C1>
                  <C2>45.9270000084527</C2>
                </COORD>
                <COORD>
                  <C1>7.044000007173834</C1>
                  <C2>45.928000008453324</C2>
                </COORD>
                <COORD>
                  <C1>7.044000007173642</C1>
                  <C2>45.929000008453976</C2>
                </COORD>
                <COORD>
                  <C1>7.044000007173451</C1>
                  <C2>45.930000008454584</C2>
                </COORD>
                <COORD>
                  <C1>7.043000007172323</C1>
                  <C2>45.9300000084548</C2>
                </COORD>
                <COORD>
                  <C1>7.043000007172133</C1>
                  <C2>45.93100000845547</C2>
                </COORD>
                <COORD>
                  <C1>7.04400000717326</C1>
                  <C2>45.93100000845523</C2>
                </COORD>
                <COORD>
                  <C1>7.04300000717194</C1>
                  <C2>45.93200000845608</C2>
                </COORD>
                <COORD>
                  <C1>7.0430000071717505</C1>
                  <C2>45.93300000845674</C2>
                </COORD>
                <COORD>
                  <C1>7.042000007170622</C1>
                  <C2>45.933000008456936</C2>
                </COORD>
                <COORD>
                  <C1>7.042000007170431</C1>
                  <C2>45.93400000845758</C2>
                </COORD>
                <COORD>
                  <C1>7.041000007169305</C1>
                  <C2>45.934000008457836</C2>
                </COORD>
                <COORD>
                  <C1>7.0400000071679845</C1>
                  <C2>45.935000008458644</C2>
                </COORD>
                <COORD>
                  <C1>7.039000007166858</C1>
                  <C2>45.93500000845888</C2>
                </COORD>
                <COORD>
                  <C1>7.039000007166666</C1>
                  <C2>45.93600000845958</C2>
                </COORD>
                <COORD>
                  <C1>7.039000007166475</C1>
                  <C2>45.93700000846017</C2>
                </COORD>
                <COORD>
                  <C1>7.0380000071653495</C1>
                  <C2>45.937000008460366</C2>
                </COORD>
                <COORD>
                  <C1>7.0380000071651585</C1>
                  <C2>45.938000008461</C2>
                </COORD>
                <COORD>
                  <C1>7.038000007164966</C1>
                  <C2>45.93900000846162</C2>
                </COORD>
                <COORD>
                  <C1>7.037000007163841</C1>
                  <C2>45.93900000846187</C2>
                </COORD>
                <COORD>
                  <C1>7.037000007163647</C1>
                  <C2>45.94000000846255</C2>
                </COORD>
                <COORD>
                  <C1>7.037000007163456</C1>
                  <C2>45.94100000846317</C2>
                </COORD>
                <COORD>
                  <C1>7.038000007164584</C1>
                  <C2>45.94100000846288</C2>
                </COORD>
                <COORD>
                  <C1>7.038000007164393</C1>
                  <C2>45.94200000846358</C2>
                </COORD>
                <COORD>
                  <C1>7.038000007164202</C1>
                  <C2>45.9430000084642</C2>
                </COORD>
                <COORD>
                  <C1>7.038000007164012</C1>
                  <C2>45.944000008464855</C2>
                </COORD>
                <COORD>
                  <C1>7.038000007163819</C1>
                  <C2>45.945000008465485</C2>
                </COORD>
                <COORD>
                  <C1>7.038000007163629</C1>
                  <C2>45.946000008466115</C2>
                </COORD>
                <COORD>
                  <C1>7.039000007164754</C1>
                  <C2>45.94600000846589</C2>
                </COORD>
                <COORD>
                  <C1>7.039000007164563</C1>
                  <C2>45.94700000846654</C2>
                </COORD>
                <COORD>
                  <C1>7.039000007164373</C1>
                  <C2>45.94800000846719</C2>
                </COORD>
                <COORD>
                  <C1>7.03900000716418</C1>
                  <C2>45.94900000846781</C2>
                </COORD>
                <COORD>
                  <C1>7.03900000716399</C1>
                  <C2>45.95000000846844</C2>
                </COORD>
                <COORD>
                  <C1>7.038000007162671</C1>
                  <C2>45.95100000846932</C2>
                </COORD>
                <COORD>
                  <C1>7.0390000071638</C1>
                  <C2>45.9510000084691</C2>
                </COORD>
                <COORD>
                  <C1>7.039000007163606</C1>
                  <C2>45.952000008469724</C2>
                </COORD>
                <COORD>
                  <C1>7.039000007163416</C1>
                  <C2>45.953000008470404</C2>
                </COORD>
                <COORD>
                  <C1>7.038000007162287</C1>
                  <C2>45.9530000084706</C2>
                </COORD>
                <COORD>
                  <C1>7.038000007162096</C1>
                  <C2>45.95400000847119</C2>
                </COORD>
                <COORD>
                  <C1>7.038000007161905</C1>
                  <C2>45.955000008471856</C2>
                </COORD>
                <COORD>
                  <C1>7.038000007161717</C1>
                  <C2>45.95600000847251</C2>
                </COORD>
                <COORD>
                  <C1>7.038000007161522</C1>
                  <C2>45.957000008473116</C2>
                </COORD>
                <COORD>
                  <C1>7.037000007160394</C1>
                  <C2>45.95700000847332</C2>
                </COORD>
                <COORD>
                  <C1>7.037000007160202</C1>
                  <C2>45.95800000847395</C2>
                </COORD>
                <COORD>
                  <C1>7.036000007159075</C1>
                  <C2>45.95800000847419</C2>
                </COORD>
                <COORD>
                  <C1>7.035000007157947</C1>
                  <C2>45.95800000847441</C2>
                </COORD>
                <COORD>
                  <C1>7.0340000071568225</C1>
                  <C2>45.95800000847463</C2>
                </COORD>
                <COORD>
                  <C1>7.033000007155694</C1>
                  <C2>45.958000008474855</C2>
                </COORD>
                <COORD>
                  <C1>7.032000007154567</C1>
                  <C2>45.95800000847506</C2>
                </COORD>
                <COORD>
                  <C1>7.032000007154377</C1>
                  <C2>45.959000008475726</C2>
                </COORD>
                <COORD>
                  <C1>7.0310000071532475</C1>
                  <C2>45.95900000847594</C2>
                </COORD>
                <COORD>
                  <C1>7.030000007152121</C1>
                  <C2>45.95900000847616</C2>
                </COORD>
                <COORD>
                  <C1>7.0290000071509935</C1>
                  <C2>45.95900000847634</C2>
                </COORD>
                <COORD>
                  <C1>7.028000007149866</C1>
                  <C2>45.95900000847659</C2>
                </COORD>
                <COORD>
                  <C1>7.027000007148735</C1>
                  <C2>45.9590000084768</C2>
                </COORD>
                <COORD>
                  <C1>7.027000007148547</C1>
                  <C2>45.960000008477415</C2>
                </COORD>
                <COORD>
                  <C1>7.026000007147419</C1>
                  <C2>45.96000000847767</C2>
                </COORD>
                <COORD>
                  <C1>7.02500000714629</C1>
                  <C2>45.9600000084779</C2>
                </COORD>
                <COORD>
                  <C1>7.024000007145163</C1>
                  <C2>45.9600000084781</C2>
                </COORD>
                <COORD>
                  <C1>7.023000007144034</C1>
                  <C2>45.9600000084783</C2>
                </COORD>
                <COORD>
                  <C1>7.023000007143844</C1>
                  <C2>45.96100000847899</C2>
                </COORD>
                <COORD>
                  <C1>7.022000007142716</C1>
                  <C2>45.96100000847914</C2>
                </COORD>
                <COORD>
                  <C1>7.021000007141587</C1>
                  <C2>45.96100000847938</C2>
                </COORD>
                <COORD>
                  <C1>7.021000007141394</C1>
                  <C2>45.96200000848</C2>
                </COORD>
                <COORD>
                  <C1>7.019000007139141</C1>
                  <C2>45.96200000848046</C2>
                </COORD>
                <COORD>
                  <C1>7.018000007138012</C1>
                  <C2>45.962000008480686</C2>
                </COORD>
                <COORD>
                  <C1>7.018000007137822</C1>
                  <C2>45.9630000084813</C2>
                </COORD>
                <COORD>
                  <C1>7.018000007137629</C1>
                  <C2>45.964000008481946</C2>
                </COORD>
                <COORD>
                  <C1>7.017000007136502</C1>
                  <C2>45.96400000848214</C2>
                </COORD>
                <COORD>
                  <C1>7.016000007135375</C1>
                  <C2>45.964000008482365</C2>
                </COORD>
                <COORD>
                  <C1>7.016000007135184</C1>
                  <C2>45.96500000848299</C2>
                </COORD>
                <COORD>
                  <C1>7.015000007134054</C1>
                  <C2>45.96500000848324</C2>
                </COORD>
                <COORD>
                  <C1>7.015000007133864</C1>
                  <C2>45.96600000848386</C2>
                </COORD>
                <COORD>
                  <C1>7.014000007132736</C1>
                  <C2>45.9660000084841</C2>
                </COORD>
                <COORD>
                  <C1>7.0140000071325455</C1>
                  <C2>45.967000008484725</C2>
                </COORD>
                <COORD>
                  <C1>7.0130000071314145</C1>
                  <C2>45.967000008484945</C2>
                </COORD>
                <COORD>
                  <C1>7.013000007131223</C1>
                  <C2>45.96800000848556</C2>
                </COORD>
                <COORD>
                  <C1>7.012000007130098</C1>
                  <C2>45.968000008485795</C2>
                </COORD>
                <COORD>
                  <C1>7.012000007129905</C1>
                  <C2>45.96900000848643</C2>
                </COORD>
                <COORD>
                  <C1>7.012000007129712</C1>
                  <C2>45.97000000848707</C2>
                </COORD>
                <COORD>
                  <C1>7.011000007128586</C1>
                  <C2>45.97000000848726</C2>
                </COORD>
                <COORD>
                  <C1>7.010000007127457</C1>
                  <C2>45.97000000848748</C2>
                </COORD>
                <COORD>
                  <C1>7.010000007127265</C1>
                  <C2>45.97100000848815</C2>
                </COORD>
                <COORD>
                  <C1>7.010000007127074</C1>
                  <C2>45.97200000848877</C2>
                </COORD>
                <COORD>
                  <C1>7.010000007126883</C1>
                  <C2>45.97300000848939</C2>
                </COORD>
                <COORD>
                  <C1>7.01100000712801</C1>
                  <C2>45.973000008489166</C2>
                </COORD>
                <COORD>
                  <C1>7.0110000071278185</C1>
                  <C2>45.974000008489796</C2>
                </COORD>
                <COORD>
                  <C1>7.011000007127628</C1>
                  <C2>45.975000008490454</C2>
                </COORD>
                <COORD>
                  <C1>7.0120000071287585</C1>
                  <C2>45.97500000849021</C2>
                </COORD>
                <COORD>
                  <C1>7.013000007129692</C1>
                  <C2>45.976000008490615</C2>
                </COORD>
                <COORD>
                  <C1>7.014000007130821</C1>
                  <C2>45.976000008490416</C2>
                </COORD>
                <COORD>
                  <C1>7.015000007131947</C1>
                  <C2>45.976000008490196</C2>
                </COORD>
                <COORD>
                  <C1>7.015000007131756</C1>
                  <C2>45.97700000849084</C2>
                </COORD>
                <COORD>
                  <C1>7.016000007132885</C1>
                  <C2>45.97700000849063</C2>
                </COORD>
                <COORD>
                  <C1>7.017000007134014</C1>
                  <C2>45.977000008490386</C2>
                </COORD>
                <COORD>
                  <C1>7.018000007135142</C1>
                  <C2>45.9770000084902</C2>
                </COORD>
                <COORD>
                  <C1>7.01900000713627</C1>
                  <C2>45.97700000848994</C2>
                </COORD>
                <COORD>
                  <C1>7.020000007137202</C1>
                  <C2>45.97800000849041</C2>
                </COORD>
                <COORD>
                  <C1>7.021000007138329</C1>
                  <C2>45.97800000849017</C2>
                </COORD>
                <COORD>
                  <C1>7.02200000713946</C1>
                  <C2>45.97800000848995</C2>
                </COORD>
                <COORD>
                  <C1>7.023000007140393</C1>
                  <C2>45.97900000849038</C2>
                </COORD>
                <COORD>
                  <C1>7.0240000071415185</C1>
                  <C2>45.97900000849014</C2>
                </COORD>
                <COORD>
                  <C1>7.024000007141328</C1>
                  <C2>45.98000000849078</C2>
                </COORD>
                <COORD>
                  <C1>7.024000007141137</C1>
                  <C2>45.981000008491385</C2>
                </COORD>
                <COORD>
                  <C1>7.0240000071409465</C1>
                  <C2>45.98200000849202</C2>
                </COORD>
                <COORD>
                  <C1>7.023000007139817</C1>
                  <C2>45.982000008492264</C2>
                </COORD>
                <COORD>
                  <C1>7.022000007138501</C1>
                  <C2>45.98300000849307</C2>
                </COORD>
                <COORD>
                  <C1>7.022000007138307</C1>
                  <C2>45.98400000849377</C2>
                </COORD>
                <COORD>
                  <C1>7.02100000713718</C1>
                  <C2>45.98400000849398</C2>
                </COORD>
                <COORD>
                  <C1>7.021000007136987</C1>
                  <C2>45.98500000849461</C2>
                </COORD>
                <COORD>
                  <C1>7.02000000713586</C1>
                  <C2>45.985000008494815</C2>
                </COORD>
                <COORD>
                  <C1>7.021000007136795</C1>
                  <C2>45.98600000849524</C2>
                </COORD>
                <COORD>
                  <C1>7.020000007135668</C1>
                  <C2>45.986000008495424</C2>
                </COORD>
                <COORD>
                  <C1>7.019000007134543</C1>
                  <C2>45.98600000849567</C2>
                </COORD>
                <COORD>
                  <C1>7.019000007134349</C1>
                  <C2>45.987000008496295</C2>
                </COORD>
                <COORD>
                  <C1>7.018000007133221</C1>
                  <C2>45.98700000849651</C2>
                </COORD>
                <COORD>
                  <C1>7.017000007131904</C1>
                  <C2>45.988000008497394</C2>
                </COORD>
                <COORD>
                  <C1>7.017000007131711</C1>
                  <C2>45.989000008497975</C2>
                </COORD>
                <COORD>
                  <C1>7.016000007130584</C1>
                  <C2>45.989000008498216</C2>
                </COORD>
                <COORD>
                  <C1>7.015000007129454</C1>
                  <C2>45.989000008498415</C2>
                </COORD>
                <COORD>
                  <C1>7.014000007128329</C1>
                  <C2>45.98900000849863</C2>
                </COORD>
                <COORD>
                  <C1>7.0130000071272</C1>
                  <C2>45.98900000849887</C2>
                </COORD>
                <COORD>
                  <C1>7.013000007127009</C1>
                  <C2>45.99000000849952</C2>
                </COORD>
                <COORD>
                  <C1>7.013000007126816</C1>
                  <C2>45.991000008500144</C2>
                </COORD>
                <COORD>
                  <C1>7.013000007126624</C1>
                  <C2>45.99200000850076</C2>
                </COORD>
                <COORD>
                  <C1>7.01300000712643</C1>
                  <C2>45.993000008501376</C2>
                </COORD>
                <COORD>
                  <C1>7.013000007126243</C1>
                  <C2>45.99400000850201</C2>
                </COORD>
                <COORD>
                  <C1>7.013000007126048</C1>
                  <C2>45.99500000850266</C2>
                </COORD>
                <COORD>
                  <C1>7.01200000712492</C1>
                  <C2>45.99500000850287</C2>
                </COORD>
                <COORD>
                  <C1>7.011000007123602</C1>
                  <C2>45.99600000850374</C2>
                </COORD>
                <COORD>
                  <C1>7.012000007124537</C1>
                  <C2>45.99700000850413</C2>
                </COORD>
                <COORD>
                  <C1>7.012000007124345</C1>
                  <C2>45.998000008504754</C2>
                </COORD>
                <COORD>
                  <C1>7.011000007123215</C1>
                  <C2>45.998000008504995</C2>
                </COORD>
                <COORD>
                  <C1>7.011000007123024</C1>
                  <C2>45.99900000850563</C2>
                </COORD>
                <COORD>
                  <C1>7.011000007122832</C1>
                  <C2>46.00000000850628</C2>
                </COORD>
                <COORD>
                  <C1>7.010000007121705</C1>
                  <C2>46.00000000850649</C2>
                </COORD>
                <COORD>
                  <C1>7.009000007120384</C1>
                  <C2>46.00100000850728</C2>
                </COORD>
                <COORD>
                  <C1>7.008000007119256</C1>
                  <C2>46.00100000850753</C2>
                </COORD>
                <COORD>
                  <C1>7.0080000071190645</C1>
                  <C2>46.00200000850817</C2>
                </COORD>
                <COORD>
                  <C1>7.007000007117938</C1>
                  <C2>46.00200000850842</C2>
                </COORD>
                <COORD>
                  <C1>7.007000007117744</C1>
                  <C2>46.003000008509</C2>
                </COORD>
                <COORD>
                  <C1>7.006000007116618</C1>
                  <C2>46.00300000850924</C2>
                </COORD>
                <COORD>
                  <C1>7.005000007115682</C1>
                  <C2>46.002000008508794</C2>
                </COORD>
                <COORD>
                  <C1>7.004000007114554</C1>
                  <C2>46.00200000850905</C2>
                </COORD>
                <COORD>
                  <C1>7.003000007113619</C1>
                  <C2>46.00100000850859</C2>
                </COORD>
                <COORD>
                  <C1>7.002000007112493</C1>
                  <C2>46.00100000850884</C2>
                </COORD>
                <COORD>
                  <C1>7.001000007111365</C1>
                  <C2>46.00100000850907</C2>
                </COORD>
                <COORD>
                  <C1>7.000000007110238</C1>
                  <C2>46.00100000850928</C2>
                </COORD>
                <COORD>
                  <C1>6.999000007109109</C1>
                  <C2>46.00100000850947</C2>
                </COORD>
                <COORD>
                  <C1>6.99800000710798</C1>
                  <C2>46.00100000850973</C2>
                </COORD>
                <COORD>
                  <C1>6.9980000071077875</C1>
                  <C2>46.002000008510365</C2>
                </COORD>
                <COORD>
                  <C1>6.997000007106659</C1>
                  <C2>46.002000008510606</C2>
                </COORD>
                <COORD>
                  <C1>6.9960000071055335</C1>
                  <C2>46.00200000851083</C2>
                </COORD>
                <COORD>
                  <C1>6.995000007104215</C1>
                  <C2>46.00300000851161</C2>
                </COORD>
                <COORD>
                  <C1>6.994000007103083</C1>
                  <C2>46.00300000851184</C2>
                </COORD>
                <COORD>
                  <C1>6.994000007102894</C1>
                  <C2>46.00400000851245</C2>
                </COORD>
                <COORD>
                  <C1>6.993000007101765</C1>
                  <C2>46.00400000851269</C2>
                </COORD>
                <COORD>
                  <C1>6.992000007100635</C1>
                  <C2>46.00400000851291</C2>
                </COORD>
                <COORD>
                  <C1>6.992000007100444</C1>
                  <C2>46.005000008513534</C2>
                </COORD>
                <COORD>
                  <C1>6.9910000070993155</C1>
                  <C2>46.00500000851373</C2>
                </COORD>
                <COORD>
                  <C1>6.990000007098187</C1>
                  <C2>46.00500000851399</C2>
                </COORD>
                <COORD>
                  <C1>6.990000007097996</C1>
                  <C2>46.0060000085146</C2>
                </COORD>
                <COORD>
                  <C1>6.989000007096864</C1>
                  <C2>46.00600000851481</C2>
                </COORD>
                <COORD>
                  <C1>6.98900000709706</C1>
                  <C2>46.005000008514195</C2>
                </COORD>
                <COORD>
                  <C1>6.9880000070957395</C1>
                  <C2>46.00600000851504</C2>
                </COORD>
                <COORD>
                  <C1>6.987000007094611</C1>
                  <C2>46.00600000851525</C2>
                </COORD>
                <COORD>
                  <C1>6.986000007093482</C1>
                  <C2>46.00600000851547</C2>
                </COORD>
                <COORD>
                  <C1>6.986000007093291</C1>
                  <C2>46.00700000851611</C2>
                </COORD>
                <COORD>
                  <C1>6.985000007092163</C1>
                  <C2>46.00700000851631</C2>
                </COORD>
                <COORD>
                  <C1>6.985000007091969</C1>
                  <C2>46.008000008516966</C2>
                </COORD>
                <COORD>
                  <C1>6.986000007093097</C1>
                  <C2>46.00800000851674</C2>
                </COORD>
                <COORD>
                  <C1>6.986000007092906</C1>
                  <C2>46.009000008517354</C2>
                </COORD>
                <COORD>
                  <C1>6.986000007092715</C1>
                  <C2>46.010000008518</C2>
                </COORD>
                <COORD>
                  <C1>6.985000007091587</C1>
                  <C2>46.01000000851819</C2>
                </COORD>
                <COORD>
                  <C1>6.985000007091393</C1>
                  <C2>46.01100000851882</C2>
                </COORD>
                <COORD>
                  <C1>6.984000007090074</C1>
                  <C2>46.01200000851969</C2>
                </COORD>
                <COORD>
                  <C1>6.98400000708988</C1>
                  <C2>46.01300000852034</C2>
                </COORD>
                <COORD>
                  <C1>6.984000007089691</C1>
                  <C2>46.014000008520966</C2>
                </COORD>
                <COORD>
                  <C1>6.984000007089497</C1>
                  <C2>46.01500000852156</C2>
                </COORD>
                <COORD>
                  <C1>6.984000007089308</C1>
                  <C2>46.01600000852222</C2>
                </COORD>
                <COORD>
                  <C1>6.983000007088177</C1>
                  <C2>46.01600000852244</C2>
                </COORD>
                <COORD>
                  <C1>6.983000007087986</C1>
                  <C2>46.01700000852308</C2>
                </COORD>
                <COORD>
                  <C1>6.983000007087794</C1>
                  <C2>46.01800000852367</C2>
                </COORD>
                <COORD>
                  <C1>6.982000007086665</C1>
                  <C2>46.01800000852389</C2>
                </COORD>
                <COORD>
                  <C1>6.982000007086474</C1>
                  <C2>46.019000008524536</C2>
                </COORD>
                <COORD>
                  <C1>6.982000007086282</C1>
                  <C2>46.020000008525145</C2>
                </COORD>
                <COORD>
                  <C1>6.982000007086088</C1>
                  <C2>46.02100000852579</C2>
                </COORD>
                <COORD>
                  <C1>6.982000007085895</C1>
                  <C2>46.0220000085264</C2>
                </COORD>
                <COORD>
                  <C1>6.981000007084768</C1>
                  <C2>46.022000008526604</C2>
                </COORD>
                <COORD>
                  <C1>6.981000007084577</C1>
                  <C2>46.023000008527276</C2>
                </COORD>
                <COORD>
                  <C1>6.980000007083449</C1>
                  <C2>46.02300000852748</C2>
                </COORD>
                <COORD>
                  <C1>6.97900000708232</C1>
                  <C2>46.023000008527696</C2>
                </COORD>
                <COORD>
                  <C1>6.978000007081189</C1>
                  <C2>46.023000008527895</C2>
                </COORD>
                <COORD>
                  <C1>6.978000007080997</C1>
                  <C2>46.024000008528525</C2>
                </COORD>
                <COORD>
                  <C1>6.977000007079873</C1>
                  <C2>46.02400000852876</C2>
                </COORD>
                <COORD>
                  <C1>6.97700000707968</C1>
                  <C2>46.02500000852939</C2>
                </COORD>
                <COORD>
                  <C1>6.97600000707855</C1>
                  <C2>46.02500000852961</C2>
                </COORD>
                <COORD>
                  <C1>6.975000007077229</C1>
                  <C2>46.026000008530445</C2>
                </COORD>
                <COORD>
                  <C1>6.974000007076102</C1>
                  <C2>46.02600000853067</C2>
                </COORD>
                <COORD>
                  <C1>6.974000007075911</C1>
                  <C2>46.0270000085313</C2>
                </COORD>
                <COORD>
                  <C1>6.97300000707478</C1>
                  <C2>46.0270000085315</C2>
                </COORD>
                <COORD>
                  <C1>6.9720000070736505</C1>
                  <C2>46.02700000853175</C2>
                </COORD>
                <COORD>
                  <C1>6.972000007073458</C1>
                  <C2>46.028000008532366</C2>
                </COORD>
                <COORD>
                  <C1>6.971000007072331</C1>
                  <C2>46.02800000853256</C2>
                </COORD>
                <COORD>
                  <C1>6.9710000070721385</C1>
                  <C2>46.029000008533174</C2>
                </COORD>
                <COORD>
                  <C1>6.967000007066855</C1>
                  <C2>46.033000008536604</C2>
                </COORD>
                <COORD>
                  <C1>6.964000007063662</C1>
                  <C2>46.03200000853657</C2>
                </COORD>
                <COORD>
                  <C1>6.96200000706102</C1>
                  <C2>46.034000008538264</C2>
                </COORD>
                <COORD>
                  <C1>6.961000007059504</C1>
                  <C2>46.03600000853976</C2>
                </COORD>
                <COORD>
                  <C1>6.959000007056674</C1>
                  <C2>46.0390000085421</C2>
                </COORD>
                <COORD>
                  <C1>6.958000007055161</C1>
                  <C2>46.04100000854354</C2>
                </COORD>
                <COORD>
                  <C1>6.955000007051389</C1>
                  <C2>46.043000008545455</C2>
                </COORD>
                <COORD>
                  <C1>6.954000007049298</C1>
                  <C2>46.04800000854877</C2>
                </COORD>
                <COORD>
                  <C1>6.95200000704627</C1>
                  <C2>46.052000008551744</C2>
                </COORD>
                <COORD>
                  <C1>6.951000007044948</C1>
                  <C2>46.05300000855256</C2>
                </COORD>
                <COORD>
                  <C1>6.950000007043821</C1>
                  <C2>46.05300000855278</C2>
                </COORD>
                <COORD>
                  <C1>6.94900000704269</C1>
                  <C2>46.05300000855298</C2>
                </COORD>
                <COORD>
                  <C1>6.948000007041561</C1>
                  <C2>46.05300000855318</C2>
                </COORD>
                <COORD>
                  <C1>6.947000007040435</C1>
                  <C2>46.05300000855341</C2>
                </COORD>
                <COORD>
                  <C1>6.946000007039302</C1>
                  <C2>46.05300000855363</C2>
                </COORD>
                <COORD>
                  <C1>6.946000007039492</C1>
                  <C2>46.05200000855302</C2>
                </COORD>
                <COORD>
                  <C1>6.945000007038176</C1>
                  <C2>46.05300000855386</C2>
                </COORD>
                <COORD>
                  <C1>6.945000007038366</C1>
                  <C2>46.05200000855323</C2>
                </COORD>
                <COORD>
                  <C1>6.944000007037042</C1>
                  <C2>46.05300000855406</C2>
                </COORD>
                <COORD>
                  <C1>6.943000007035913</C1>
                  <C2>46.05300000855429</C2>
                </COORD>
                <COORD>
                  <C1>6.943000007035722</C1>
                  <C2>46.05400000855492</C2>
                </COORD>
                <COORD>
                  <C1>6.942000007034593</C1>
                  <C2>46.05400000855513</C2>
                </COORD>
                <COORD>
                  <C1>6.940000007032143</C1>
                  <C2>46.0550000085562</C2>
                </COORD>
                <COORD>
                  <C1>6.9390000070308195</C1>
                  <C2>46.056000008557014</C2>
                </COORD>
                <COORD>
                  <C1>6.9380000070295</C1>
                  <C2>46.05700000855789</C2>
                </COORD>
                <COORD>
                  <C1>6.937000007028369</C1>
                  <C2>46.05700000855807</C2>
                </COORD>
                <COORD>
                  <C1>6.936000007027047</C1>
                  <C2>46.05800000855893</C2>
                </COORD>
                <COORD>
                  <C1>6.9360000070268555</C1>
                  <C2>46.05900000855957</C2>
                </COORD>
                <COORD>
                  <C1>6.936000007026663</C1>
                  <C2>46.060000008560145</C2>
                </COORD>
                <COORD>
                  <C1>6.936000007026471</C1>
                  <C2>46.06100000856081</C2>
                </COORD>
                <COORD>
                  <C1>6.937000007027602</C1>
                  <C2>46.06100000856057</C2>
                </COORD>
                <COORD>
                  <C1>6.93700000702741</C1>
                  <C2>46.06200000856118</C2>
                </COORD>
                <COORD>
                  <C1>6.938000007028348</C1>
                  <C2>46.06300000856164</C2>
                </COORD>
                <COORD>
                  <C1>6.938000007028154</C1>
                  <C2>46.064000008562246</C2>
                </COORD>
                <COORD>
                  <C1>6.937000007027023</C1>
                  <C2>46.06400000856244</C2>
                </COORD>
                <COORD>
                  <C1>6.938000007027961</C1>
                  <C2>46.06500000856286</C2>
                </COORD>
                <COORD>
                  <C1>6.939000007029091</C1>
                  <C2>46.06500000856261</C2>
                </COORD>
                <COORD>
                  <C1>6.9390000070288975</C1>
                  <C2>46.06600000856323</C2>
                </COORD>
                <COORD>
                  <C1>6.93800000702777</C1>
                  <C2>46.066000008563456</C2>
                </COORD>
                <COORD>
                  <C1>6.937000007026641</C1>
                  <C2>46.06600000856371</C2>
                </COORD>
                <COORD>
                  <C1>6.936000007025316</C1>
                  <C2>46.06700000856453</C2>
                </COORD>
                <COORD>
                  <C1>6.935000007023996</C1>
                  <C2>46.068000008565384</C2>
                </COORD>
                <COORD>
                  <C1>6.933000007021736</C1>
                  <C2>46.06800000856579</C2>
                </COORD>
                <COORD>
                  <C1>6.9330000070219295</C1>
                  <C2>46.0670000085652</C2>
                </COORD>
                <COORD>
                  <C1>6.929000007017603</C1>
                  <C2>46.066000008565425</C2>
                </COORD>
                <COORD>
                  <C1>6.9250000070128905</C1>
                  <C2>46.06700000856688</C2>
                </COORD>
                <COORD>
                  <C1>6.921000007009135</C1>
                  <C2>46.063000008565275</C2>
                </COORD>
                <COORD>
                  <C1>6.920000007008006</C1>
                  <C2>46.0630000085655</C2>
                </COORD>
                <COORD>
                  <C1>6.920000007008197</C1>
                  <C2>46.06200000856487</C2>
                </COORD>
                <COORD>
                  <C1>6.920000007008387</C1>
                  <C2>46.06100000856426</C2>
                </COORD>
                <COORD>
                  <C1>6.919000007007255</C1>
                  <C2>46.06100000856446</C2>
                </COORD>
                <COORD>
                  <C1>6.918000007006126</C1>
                  <C2>46.06100000856469</C2>
                </COORD>
                <COORD>
                  <C1>6.918000007006316</C1>
                  <C2>46.060000008564046</C2>
                </COORD>
                <COORD>
                  <C1>6.917000007005189</C1>
                  <C2>46.06000000856427</C2>
                </COORD>
                <COORD>
                  <C1>6.916000007004249</C1>
                  <C2>46.05900000856386</C2>
                </COORD>
                <COORD>
                  <C1>6.9150000070031155</C1>
                  <C2>46.05900000856407</C2>
                </COORD>
                <COORD>
                  <C1>6.915000007003307</C1>
                  <C2>46.058000008563425</C2>
                </COORD>
                <COORD>
                  <C1>6.915000007003497</C1>
                  <C2>46.057000008562845</C2>
                </COORD>
                <COORD>
                  <C1>6.914000007002366</C1>
                  <C2>46.05700000856303</C2>
                </COORD>
                <COORD>
                  <C1>6.91400000700256</C1>
                  <C2>46.05600000856243</C2>
                </COORD>
                <COORD>
                  <C1>6.91300000700143</C1>
                  <C2>46.0560000085626</C2>
                </COORD>
                <COORD>
                  <C1>6.912000007000295</C1>
                  <C2>46.05600000856284</C2>
                </COORD>
                <COORD>
                  <C1>6.9120000070004854</C1>
                  <C2>46.055000008562224</C2>
                </COORD>
                <COORD>
                  <C1>6.912000007000679</C1>
                  <C2>46.054000008561594</C2>
                </COORD>
                <COORD>
                  <C1>6.911000006999545</C1>
                  <C2>46.05400000856181</C2>
                </COORD>
                <COORD>
                  <C1>6.911000006999737</C1>
                  <C2>46.053000008561185</C2>
                </COORD>
                <COORD>
                  <C1>6.910000006998797</C1>
                  <C2>46.052000008560796</C2>
                </COORD>
                <COORD>
                  <C1>6.909000006997664</C1>
                  <C2>46.052000008561</C2>
                </COORD>
                <COORD>
                  <C1>6.908000006996535</C1>
                  <C2>46.0520000085612</C2>
                </COORD>
                <COORD>
                  <C1>6.907000006995401</C1>
                  <C2>46.05200000856146</C2>
                </COORD>
                <COORD>
                  <C1>6.9060000069942715</C1>
                  <C2>46.05200000856162</C2>
                </COORD>
                <COORD>
                  <C1>6.906000006994462</C1>
                  <C2>46.051000008561005</C2>
                </COORD>
                <COORD>
                  <C1>6.905000006993331</C1>
                  <C2>46.051000008561246</C2>
                </COORD>
                <COORD>
                  <C1>6.904000006992196</C1>
                  <C2>46.05100000856142</C2>
                </COORD>
                <COORD>
                  <C1>6.903000006991065</C1>
                  <C2>46.05100000856165</C2>
                </COORD>
                <COORD>
                  <C1>6.902000006989934</C1>
                  <C2>46.05100000856185</C2>
                </COORD>
                <COORD>
                  <C1>6.901000006988802</C1>
                  <C2>46.051000008562056</C2>
                </COORD>
                <COORD>
                  <C1>6.90100000698899</C1>
                  <C2>46.05000000856143</C2>
                </COORD>
                <COORD>
                  <C1>6.900000006987859</C1>
                  <C2>46.05000000856172</C2>
                </COORD>
                <COORD>
                  <C1>6.899000006986728</C1>
                  <C2>46.050000008561895</C2>
                </COORD>
                <COORD>
                  <C1>6.898000006985595</C1>
                  <C2>46.05000000856209</C2>
                </COORD>
                <COORD>
                  <C1>6.897000006984463</C1>
                  <C2>46.050000008562314</C2>
                </COORD>
                <COORD>
                  <C1>6.896000006983331</C1>
                  <C2>46.05000000856251</C2>
                </COORD>
                <COORD>
                  <C1>6.895000006982197</C1>
                  <C2>46.05000000856277</C2>
                </COORD>
                <COORD>
                  <C1>6.89500000698239</C1>
                  <C2>46.04900000856212</C2>
                </COORD>
                <COORD>
                  <C1>6.894000006981256</C1>
                  <C2>46.04900000856236</C2>
                </COORD>
                <COORD>
                  <C1>6.894000006981447</C1>
                  <C2>46.048000008561694</C2>
                </COORD>
                <COORD>
                  <C1>6.893000006980314</C1>
                  <C2>46.0480000085619</C2>
                </COORD>
                <COORD>
                  <C1>6.893000006980505</C1>
                  <C2>46.04700000856131</C2>
                </COORD>
                <COORD>
                  <C1>6.893000006980695</C1>
                  <C2>46.04600000856066</C2>
                </COORD>
                <COORD>
                  <C1>6.892000006979563</C1>
                  <C2>46.04600000856088</C2>
                </COORD>
                <COORD>
                  <C1>6.8920000069797505</C1>
                  <C2>46.04500000856025</C2>
                </COORD>
                <COORD>
                  <C1>6.891000006978805</C1>
                  <C2>46.04400000855983</C2>
                </COORD>
                <COORD>
                  <C1>6.890000006977674</C1>
                  <C2>46.044000008560054</C2>
                </COORD>
                <COORD>
                  <C1>6.889000006976541</C1>
                  <C2>46.04400000856029</C2>
                </COORD>
                <COORD>
                  <C1>6.888000006975219</C1>
                  <C2>46.0450000085611</C2>
                </COORD>
                <COORD>
                  <C1>6.8880000069750285</C1>
                  <C2>46.04600000856177</C2>
                </COORD>
                <COORD>
                  <C1>6.8870000069738975</C1>
                  <C2>46.04600000856196</C2>
                </COORD>
                <COORD>
                  <C1>6.886000006972761</C1>
                  <C2>46.04600000856218</C2>
                </COORD>
                <COORD>
                  <C1>6.885000006971629</C1>
                  <C2>46.046000008562366</C2>
                </COORD>
                <COORD>
                  <C1>6.884000006970496</C1>
                  <C2>46.04600000856258</C2>
                </COORD>
                <COORD>
                  <C1>6.883000006969174</C1>
                  <C2>46.04700000856346</C2>
                </COORD>
                <COORD>
                  <C1>6.882000006968041</C1>
                  <C2>46.04700000856365</C2>
                </COORD>
                <COORD>
                  <C1>6.8810000069669055</C1>
                  <C2>46.04700000856387</C2>
                </COORD>
                <COORD>
                  <C1>6.880000006965583</C1>
                  <C2>46.04800000856469</C2>
                </COORD>
                <COORD>
                  <C1>6.879000006964451</C1>
                  <C2>46.0480000085649</C2>
                </COORD>
                <COORD>
                  <C1>6.87900000696426</C1>
                  <C2>46.04900000856555</C2>
                </COORD>
                <COORD>
                  <C1>6.878000006963128</C1>
                  <C2>46.04900000856577</C2>
                </COORD>
                <COORD>
                  <C1>6.8770000069619925</C1>
                  <C2>46.049000008565976</C2>
                </COORD>
                <COORD>
                  <C1>6.8770000069618025</C1>
                  <C2>46.050000008566585</C2>
                </COORD>
                <COORD>
                  <C1>6.877000006961613</C1>
                  <C2>46.05100000856726</C2>
                </COORD>
                <COORD>
                  <C1>6.876000006960292</C1>
                  <C2>46.05200000856807</C2>
                </COORD>
                <COORD>
                  <C1>6.874000006958024</C1>
                  <C2>46.05200000856849</C2>
                </COORD>
                <COORD>
                  <C1>6.8730000069567</C1>
                  <C2>46.053000008569306</C2>
                </COORD>
                <COORD>
                  <C1>6.874000006957646</C1>
                  <C2>46.05400000856978</C2>
                </COORD>
                <COORD>
                  <C1>6.874000006957454</C1>
                  <C2>46.05500000857036</C2>
                </COORD>
                <COORD>
                  <C1>6.874000006957264</C1>
                  <C2>46.05600000857098</C2>
                </COORD>
                <COORD>
                  <C1>6.874000006957074</C1>
                  <C2>46.05700000857163</C2>
                </COORD>
                <COORD>
                  <C1>6.8740000069568845</C1>
                  <C2>46.05800000857221</C2>
                </COORD>
                <COORD>
                  <C1>6.875000006958018</C1>
                  <C2>46.058000008572044</C2>
                </COORD>
                <COORD>
                  <C1>6.875000006957828</C1>
                  <C2>46.05900000857264</C2>
                </COORD>
                <COORD>
                  <C1>6.8760000069589635</C1>
                  <C2>46.05900000857245</C2>
                </COORD>
                <COORD>
                  <C1>6.876000006958772</C1>
                  <C2>46.06000000857303</C2>
                </COORD>
                <COORD>
                  <C1>6.876000006958582</C1>
                  <C2>46.061000008573686</C2>
                </COORD>
                <COORD>
                  <C1>6.876000006958393</C1>
                  <C2>46.062000008574316</C2>
                </COORD>
                <COORD>
                  <C1>6.877000006959526</C1>
                  <C2>46.06200000857412</C2>
                </COORD>
                <COORD>
                  <C1>6.877000006959334</C1>
                  <C2>46.06300000857471</C2>
                </COORD>
                <COORD>
                  <C1>6.877000006959142</C1>
                  <C2>46.06400000857536</C2>
                </COORD>
                <COORD>
                  <C1>6.8770000069589505</C1>
                  <C2>46.065000008575936</C2>
                </COORD>
                <COORD>
                  <C1>6.878000006960088</C1>
                  <C2>46.06500000857576</C2>
                </COORD>
                <COORD>
                  <C1>6.8780000069599</C1>
                  <C2>46.06600000857641</C2>
                </COORD>
                <COORD>
                  <C1>6.87900000696103</C1>
                  <C2>46.06600000857616</C2>
                </COORD>
                <COORD>
                  <C1>6.879000006960839</C1>
                  <C2>46.067000008576784</C2>
                </COORD>
                <COORD>
                  <C1>6.880000006961972</C1>
                  <C2>46.06700000857659</C2>
                </COORD>
                <COORD>
                  <C1>6.880000006961782</C1>
                  <C2>46.06800000857722</C2>
                </COORD>
                <COORD>
                  <C1>6.880000006961592</C1>
                  <C2>46.069000008577824</C2>
                </COORD>
                <COORD>
                  <C1>6.881000006962535</C1>
                  <C2>46.07000000857825</C2>
                </COORD>
                <COORD>
                  <C1>6.881000006962344</C1>
                  <C2>46.071000008578864</C2>
                </COORD>
                <COORD>
                  <C1>6.882000006963475</C1>
                  <C2>46.07100000857863</C2>
                </COORD>
                <COORD>
                  <C1>6.882000006963287</C1>
                  <C2>46.07200000857928</C2>
                </COORD>
                <COORD>
                  <C1>6.8830000069644175</C1>
                  <C2>46.07200000857906</C2>
                </COORD>
                <COORD>
                  <C1>6.884000006965552</C1>
                  <C2>46.07200000857884</C2>
                </COORD>
                <COORD>
                  <C1>6.885000006966682</C1>
                  <C2>46.07200000857863</C2>
                </COORD>
                <COORD>
                  <C1>6.885000006966495</C1>
                  <C2>46.07300000857927</C2>
                </COORD>
                <COORD>
                  <C1>6.886000006967624</C1>
                  <C2>46.07300000857903</C2>
                </COORD>
                <COORD>
                  <C1>6.887000006968565</C1>
                  <C2>46.07400000857943</C2>
                </COORD>
                <COORD>
                  <C1>6.888000006969507</C1>
                  <C2>46.07500000857987</C2>
                </COORD>
                <COORD>
                  <C1>6.889000006970639</C1>
                  <C2>46.07500000857965</C2>
                </COORD>
                <COORD>
                  <C1>6.89000000697177</C1>
                  <C2>46.07500000857943</C2>
                </COORD>
                <COORD>
                  <C1>6.893000006974975</C1>
                  <C2>46.0760000085794</C2>
                </COORD>
                <COORD>
                  <C1>6.892000006973847</C1>
                  <C2>46.07600000857962</C2>
                </COORD>
                <COORD>
                  <C1>6.892000006973654</C1>
                  <C2>46.0770000085802</C2>
                </COORD>
                <COORD>
                  <C1>6.891000006972521</C1>
                  <C2>46.07700000858044</C2>
                </COORD>
                <COORD>
                  <C1>6.89100000697233</C1>
                  <C2>46.07800000858107</C2>
                </COORD>
                <COORD>
                  <C1>6.89100000697214</C1>
                  <C2>46.07900000858169</C2>
                </COORD>
                <COORD>
                  <C1>6.890000006971008</C1>
                  <C2>46.07900000858189</C2>
                </COORD>
                <COORD>
                  <C1>6.890000006970816</C1>
                  <C2>46.08000000858251</C2>
                </COORD>
                <COORD>
                  <C1>6.889000006969683</C1>
                  <C2>46.080000008582736</C2>
                </COORD>
                <COORD>
                  <C1>6.889000006969494</C1>
                  <C2>46.081000008583366</C2>
                </COORD>
                <COORD>
                  <C1>6.889000006969304</C1>
                  <C2>46.08200000858402</C2>
                </COORD>
                <COORD>
                  <C1>6.8900000069704355</C1>
                  <C2>46.08200000858376</C2>
                </COORD>
                <COORD>
                  <C1>6.891000006971564</C1>
                  <C2>46.082000008583556</C2>
                </COORD>
                <COORD>
                  <C1>6.891000006971374</C1>
                  <C2>46.0830000085842</C2>
                </COORD>
                <COORD>
                  <C1>6.892000006972318</C1>
                  <C2>46.084000008584596</C2>
                </COORD>
                <COORD>
                  <C1>6.892000006972124</C1>
                  <C2>46.08500000858519</C2>
                </COORD>
                <COORD>
                  <C1>6.892000006971931</C1>
                  <C2>46.08600000858583</C2>
                </COORD>
                <COORD>
                  <C1>6.892000006971742</C1>
                  <C2>46.087000008586465</C2>
                </COORD>
                <COORD>
                  <C1>6.891000006970607</C1>
                  <C2>46.08700000858665</C2>
                </COORD>
                <COORD>
                  <C1>6.891000006970416</C1>
                  <C2>46.08800000858727</C2>
                </COORD>
                <COORD>
                  <C1>6.890000006969285</C1>
                  <C2>46.088000008587514</C2>
                </COORD>
                <COORD>
                  <C1>6.890000006969095</C1>
                  <C2>46.089000008588116</C2>
                </COORD>
                <COORD>
                  <C1>6.8890000069677715</C1>
                  <C2>46.090000008589</C2>
                </COORD>
                <COORD>
                  <C1>6.8890000069675805</C1>
                  <C2>46.0910000085896</C2>
                </COORD>
                <COORD>
                  <C1>6.8880000069664495</C1>
                  <C2>46.09100000858977</C2>
                </COORD>
                <COORD>
                  <C1>6.887000006965126</C1>
                  <C2>46.09200000859064</C2>
                </COORD>
                <COORD>
                  <C1>6.887000006964933</C1>
                  <C2>46.09300000859126</C2>
                </COORD>
                <COORD>
                  <C1>6.887000006964741</C1>
                  <C2>46.094000008591884</C2>
                </COORD>
                <COORD>
                  <C1>6.886000006963612</C1>
                  <C2>46.094000008592104</C2>
                </COORD>
                <COORD>
                  <C1>6.886000006963418</C1>
                  <C2>46.095000008592734</C2>
                </COORD>
                <COORD>
                  <C1>6.885000006962287</C1>
                  <C2>46.09500000859293</C2>
                </COORD>
                <COORD>
                  <C1>6.884000006961157</C1>
                  <C2>46.095000008593125</C2>
                </COORD>
                <COORD>
                  <C1>6.884000006960964</C1>
                  <C2>46.09600000859375</C2>
                </COORD>
                <COORD>
                  <C1>6.884000006960778</C1>
                  <C2>46.09700000859435</C2>
                </COORD>
                <COORD>
                  <C1>6.884000006960583</C1>
                  <C2>46.098000008594994</C2>
                </COORD>
                <COORD>
                  <C1>6.885000006961712</C1>
                  <C2>46.09800000859477</C2>
                </COORD>
                <COORD>
                  <C1>6.886000006962846</C1>
                  <C2>46.09800000859455</C2>
                </COORD>
                <COORD>
                  <C1>6.886000006962653</C1>
                  <C2>46.09900000859516</C2>
                </COORD>
                <COORD>
                  <C1>6.887000006963786</C1>
                  <C2>46.09900000859496</C2>
                </COORD>
                <COORD>
                  <C1>6.887000006963593</C1>
                  <C2>46.10000000859559</C2>
                </COORD>
                <COORD>
                  <C1>6.888000006964725</C1>
                  <C2>46.100000008595394</C2>
                </COORD>
                <COORD>
                  <C1>6.88800000696453</C1>
                  <C2>46.10100000859601</C2>
                </COORD>
                <COORD>
                  <C1>6.888000006964339</C1>
                  <C2>46.10200000859659</C2>
                </COORD>
                <COORD>
                  <C1>6.889000006965472</C1>
                  <C2>46.10200000859637</C2>
                </COORD>
                <COORD>
                  <C1>6.889000006965281</C1>
                  <C2>46.10300000859702</C2>
                </COORD>
                <COORD>
                  <C1>6.89100000696735</C1>
                  <C2>46.104000008597225</C2>
                </COORD>
                <COORD>
                  <C1>6.892000006968483</C1>
                  <C2>46.104000008597005</C2>
                </COORD>
                <COORD>
                  <C1>6.892000006968289</C1>
                  <C2>46.10500000859763</C2>
                </COORD>
                <COORD>
                  <C1>6.893000006969229</C1>
                  <C2>46.10600000859801</C2>
                </COORD>
                <COORD>
                  <C1>6.894000006970357</C1>
                  <C2>46.10600000859781</C2>
                </COORD>
                <COORD>
                  <C1>6.894000006970167</C1>
                  <C2>46.107000008598426</C2>
                </COORD>
                <COORD>
                  <C1>6.894000006969971</C1>
                  <C2>46.10800000859905</C2>
                </COORD>
                <COORD>
                  <C1>6.8940000069697795</C1>
                  <C2>46.10900000859967</C2>
                </COORD>
                <COORD>
                  <C1>6.8950000069709105</C1>
                  <C2>46.109000008599466</C2>
                </COORD>
                <COORD>
                  <C1>6.89600000697185</C1>
                  <C2>46.110000008599854</C2>
                </COORD>
                <COORD>
                  <C1>6.896000006971656</C1>
                  <C2>46.11100000860046</C2>
                </COORD>
                <COORD>
                  <C1>6.895000006970527</C1>
                  <C2>46.111000008600705</C2>
                </COORD>
                <COORD>
                  <C1>6.894000006969202</C1>
                  <C2>46.112000008601505</C2>
                </COORD>
                <COORD>
                  <C1>6.895000006970335</C1>
                  <C2>46.112000008601335</C2>
                </COORD>
                <COORD>
                  <C1>6.8950000069701405</C1>
                  <C2>46.11300000860192</C2>
                </COORD>
                <COORD>
                  <C1>6.894000006969011</C1>
                  <C2>46.11300000860215</C2>
                </COORD>
                <COORD>
                  <C1>6.89400000696882</C1>
                  <C2>46.11400000860275</C2>
                </COORD>
                <COORD>
                  <C1>6.894000006968626</C1>
                  <C2>46.11500000860337</C2>
                </COORD>
                <COORD>
                  <C1>6.894000006968432</C1>
                  <C2>46.11600000860402</C2>
                </COORD>
                <COORD>
                  <C1>6.895000006969564</C1>
                  <C2>46.11600000860376</C2>
                </COORD>
                <COORD>
                  <C1>6.895000006969372</C1>
                  <C2>46.11700000860441</C2>
                </COORD>
                <COORD>
                  <C1>6.896000006970502</C1>
                  <C2>46.117000008604165</C2>
                </COORD>
                <COORD>
                  <C1>6.89600000697031</C1>
                  <C2>46.118000008604795</C2>
                </COORD>
                <COORD>
                  <C1>6.897000006971247</C1>
                  <C2>46.11900000860518</C2>
                </COORD>
                <COORD>
                  <C1>6.897000006971054</C1>
                  <C2>46.120000008605786</C2>
                </COORD>
                <COORD>
                  <C1>6.898000006971992</C1>
                  <C2>46.12100000860622</C2>
                </COORD>
                <COORD>
                  <C1>6.898000006971799</C1>
                  <C2>46.12200000860682</C2>
                </COORD>
                <COORD>
                  <C1>6.898000006971605</C1>
                  <C2>46.12300000860744</C2>
                </COORD>
                <COORD>
                  <C1>6.899000006972542</C1>
                  <C2>46.124000008607844</C2>
                </COORD>
                <COORD>
                  <C1>6.900000006973477</C1>
                  <C2>46.12500000860822</C2>
                </COORD>
                <COORD>
                  <C1>6.901000006974415</C1>
                  <C2>46.12600000860868</C2>
                </COORD>
                <COORD>
                  <C1>6.9000000069732845</C1>
                  <C2>46.12600000860884</C2>
                </COORD>
                <COORD>
                  <C1>6.899000006972156</C1>
                  <C2>46.12600000860909</C2>
                </COORD>
                <COORD>
                  <C1>6.898000006971028</C1>
                  <C2>46.1260000086093</C2>
                </COORD>
                <COORD>
                  <C1>6.897000006969897</C1>
                  <C2>46.12600000860948</C2>
                </COORD>
                <COORD>
                  <C1>6.896000006968768</C1>
                  <C2>46.12600000860971</C2>
                </COORD>
                <COORD>
                  <C1>6.895000006967635</C1>
                  <C2>46.12600000860992</C2>
                </COORD>
                <COORD>
                  <C1>6.894000006966312</C1>
                  <C2>46.127000008610764</C2>
                </COORD>
                <COORD>
                  <C1>6.893000006965185</C1>
                  <C2>46.12700000861102</C2>
                </COORD>
                <COORD>
                  <C1>6.892000006964056</C1>
                  <C2>46.127000008611205</C2>
                </COORD>
                <COORD>
                  <C1>6.891000006962923</C1>
                  <C2>46.127000008611404</C2>
                </COORD>
                <COORD>
                  <C1>6.889000006960855</C1>
                  <C2>46.1260000086112</C2>
                </COORD>
                <COORD>
                  <C1>6.887000006958595</C1>
                  <C2>46.126000008611655</C2>
                </COORD>
                <COORD>
                  <C1>6.886000006957465</C1>
                  <C2>46.12600000861188</C2>
                </COORD>
                <COORD>
                  <C1>6.885000006956526</C1>
                  <C2>46.125000008611494</C2>
                </COORD>
                <COORD>
                  <C1>6.884000006955398</C1>
                  <C2>46.1250000086117</C2>
                </COORD>
                <COORD>
                  <C1>6.883000006954263</C1>
                  <C2>46.12500000861191</C2>
                </COORD>
                <COORD>
                  <C1>6.882000006953135</C1>
                  <C2>46.125000008612105</C2>
                </COORD>
                <COORD>
                  <C1>6.881000006952005</C1>
                  <C2>46.12500000861231</C2>
                </COORD>
                <COORD>
                  <C1>6.8800000069508735</C1>
                  <C2>46.12500000861253</C2>
                </COORD>
                <COORD>
                  <C1>6.8800000069506835</C1>
                  <C2>46.126000008613175</C2>
                </COORD>
                <COORD>
                  <C1>6.879000006949548</C1>
                  <C2>46.126000008613346</C2>
                </COORD>
                <COORD>
                  <C1>6.879000006949359</C1>
                  <C2>46.12700000861398</C2>
                </COORD>
                <COORD>
                  <C1>6.878000006948226</C1>
                  <C2>46.1270000086142</C2>
                </COORD>
                <COORD>
                  <C1>6.877000006947096</C1>
                  <C2>46.12700000861441</C2>
                </COORD>
                <COORD>
                  <C1>6.876000006945773</C1>
                  <C2>46.128000008615246</C2>
                </COORD>
                <COORD>
                  <C1>6.875000006944641</C1>
                  <C2>46.128000008615444</C2>
                </COORD>
                <COORD>
                  <C1>6.87400000694351</C1>
                  <C2>46.12800000861568</C2>
                </COORD>
                <COORD>
                  <C1>6.87300000694238</C1>
                  <C2>46.128000008615906</C2>
                </COORD>
                <COORD>
                  <C1>6.87200000694144</C1>
                  <C2>46.12700000861549</C2>
                </COORD>
                <COORD>
                  <C1>6.871000006940307</C1>
                  <C2>46.12700000861568</C2>
                </COORD>
                <COORD>
                  <C1>6.8700000069391765</C1>
                  <C2>46.12700000861593</C2>
                </COORD>
                <COORD>
                  <C1>6.869000006938048</C1>
                  <C2>46.12700000861614</C2>
                </COORD>
                <COORD>
                  <C1>6.868000006936723</C1>
                  <C2>46.128000008617</C2>
                </COORD>
                <COORD>
                  <C1>6.8670000069357835</C1>
                  <C2>46.127000008616555</C2>
                </COORD>
                <COORD>
                  <C1>6.8660000069346525</C1>
                  <C2>46.127000008616776</C2>
                </COORD>
                <COORD>
                  <C1>6.866000006934457</C1>
                  <C2>46.128000008617406</C2>
                </COORD>
                <COORD>
                  <C1>6.86500000693333</C1>
                  <C2>46.1280000086176</C2>
                </COORD>
                <COORD>
                  <C1>6.864000006932196</C1>
                  <C2>46.128000008617825</C2>
                </COORD>
                <COORD>
                  <C1>6.863000006931066</C1>
                  <C2>46.12800000861803</C2>
                </COORD>
                <COORD>
                  <C1>6.862000006929931</C1>
                  <C2>46.12800000861823</C2>
                </COORD>
                <COORD>
                  <C1>6.861000006928802</C1>
                  <C2>46.1280000086185</C2>
                </COORD>
                <COORD>
                  <C1>6.860000006927669</C1>
                  <C2>46.128000008618685</C2>
                </COORD>
                <COORD>
                  <C1>6.859000006926537</C1>
                  <C2>46.128000008618876</C2>
                </COORD>
                <COORD>
                  <C1>6.858000006925402</C1>
                  <C2>46.128000008619104</C2>
                </COORD>
                <COORD>
                  <C1>6.857000006924276</C1>
                  <C2>46.12800000861932</C2>
                </COORD>
                <COORD>
                  <C1>6.856000006923143</C1>
                  <C2>46.12800000861953</C2>
                </COORD>
                <COORD>
                  <C1>6.856000006922951</C1>
                  <C2>46.129000008620146</C2>
                </COORD>
                <COORD>
                  <C1>6.855000006922008</C1>
                  <C2>46.12800000861973</C2>
                </COORD>
                <COORD>
                  <C1>6.8540000069208755</C1>
                  <C2>46.128000008619985</C2>
                </COORD>
                <COORD>
                  <C1>6.853000006919744</C1>
                  <C2>46.12800000862017</C2>
                </COORD>
                <COORD>
                  <C1>6.8520000069186136</C1>
                  <C2>46.12800000862039</C2>
                </COORD>
                <COORD>
                  <C1>6.852000006918422</C1>
                  <C2>46.12900000862098</C2>
                </COORD>
                <COORD>
                  <C1>6.851000006917291</C1>
                  <C2>46.129000008621176</C2>
                </COORD>
                <COORD>
                  <C1>6.850000006916154</C1>
                  <C2>46.12900000862139</C2>
                </COORD>
                <COORD>
                  <C1>6.849000006915024</C1>
                  <C2>46.12900000862166</C2>
                </COORD>
                <COORD>
                  <C1>6.8480000069138915</C1>
                  <C2>46.12900000862184</C2>
                </COORD>
                <COORD>
                  <C1>6.8480000069137015</C1>
                  <C2>46.13000000862247</C2>
                </COORD>
                <COORD>
                  <C1>6.847000006912568</C1>
                  <C2>46.130000008622694</C2>
                </COORD>
                <COORD>
                  <C1>6.846000006911434</C1>
                  <C2>46.13000000862292</C2>
                </COORD>
                <COORD>
                  <C1>6.845000006910301</C1>
                  <C2>46.130000008623156</C2>
                </COORD>
                <COORD>
                  <C1>6.84500000691011</C1>
                  <C2>46.131000008623765</C2>
                </COORD>
                <COORD>
                  <C1>6.844000006908979</C1>
                  <C2>46.131000008623964</C2>
                </COORD>
                <COORD>
                  <C1>6.843000006907844</C1>
                  <C2>46.131000008624156</C2>
                </COORD>
                <COORD>
                  <C1>6.843000006907654</C1>
                  <C2>46.13200000862479</C2>
                </COORD>
                <COORD>
                  <C1>6.8430000069074595</C1>
                  <C2>46.13300000862539</C2>
                </COORD>
                <COORD>
                  <C1>6.843000006907268</C1>
                  <C2>46.13400000862602</C2>
                </COORD>
                <COORD>
                  <C1>6.842000006906136</C1>
                  <C2>46.13400000862619</C2>
                </COORD>
                <COORD>
                  <C1>6.841000006905006</C1>
                  <C2>46.13400000862644</C2>
                </COORD>
                <COORD>
                  <C1>6.840000006903871</C1>
                  <C2>46.13400000862664</C2>
                </COORD>
                <COORD>
                  <C1>6.840000006903683</C1>
                  <C2>46.13500000862725</C2>
                </COORD>
                <COORD>
                  <C1>6.83900000690255</C1>
                  <C2>46.135000008627486</C2>
                </COORD>
                <COORD>
                  <C1>6.839000006902739</C1>
                  <C2>46.13400000862685</C2>
                </COORD>
                <COORD>
                  <C1>6.838000006901607</C1>
                  <C2>46.13400000862706</C2>
                </COORD>
                <COORD>
                  <C1>6.837000006900473</C1>
                  <C2>46.13400000862729</C2>
                </COORD>
                <COORD>
                  <C1>6.836000006899339</C1>
                  <C2>46.13400000862748</C2>
                </COORD>
                <COORD>
                  <C1>6.835000006898208</C1>
                  <C2>46.13400000862771</C2>
                </COORD>
                <COORD>
                  <C1>6.8340000068970745</C1>
                  <C2>46.13400000862794</C2>
                </COORD>
                <COORD>
                  <C1>6.83300000689594</C1>
                  <C2>46.13400000862812</C2>
                </COORD>
                <COORD>
                  <C1>6.832000006894805</C1>
                  <C2>46.134000008628355</C2>
                </COORD>
                <COORD>
                  <C1>6.831000006893673</C1>
                  <C2>46.134000008628576</C2>
                </COORD>
                <COORD>
                  <C1>6.830000006892541</C1>
                  <C2>46.13400000862881</C2>
                </COORD>
                <COORD>
                  <C1>6.8290000068914045</C1>
                  <C2>46.13400000862899</C2>
                </COORD>
                <COORD>
                  <C1>6.8280000068902735</C1>
                  <C2>46.134000008629194</C2>
                </COORD>
                <COORD>
                  <C1>6.827000006889142</C1>
                  <C2>46.13400000862939</C2>
                </COORD>
                <COORD>
                  <C1>6.826000006888005</C1>
                  <C2>46.13400000862965</C2>
                </COORD>
                <COORD>
                  <C1>6.825000006886871</C1>
                  <C2>46.13400000862982</C2>
                </COORD>
                <COORD>
                  <C1>6.825000006887065</C1>
                  <C2>46.13300000862925</C2>
                </COORD>
                <COORD>
                  <C1>6.824000006885929</C1>
                  <C2>46.13300000862945</C2>
                </COORD>
                <COORD>
                  <C1>6.823000006884797</C1>
                  <C2>46.13300000862968</C2>
                </COORD>
                <COORD>
                  <C1>6.822000006883662</C1>
                  <C2>46.133000008629864</C2>
                </COORD>
                <COORD>
                  <C1>6.821000006882526</C1>
                  <C2>46.13300000863012</C2>
                </COORD>
                <COORD>
                  <C1>6.8200000068813935</C1>
                  <C2>46.13300000863026</C2>
                </COORD>
                <COORD>
                  <C1>6.819000006880258</C1>
                  <C2>46.13300000863052</C2>
                </COORD>
                <COORD>
                  <C1>6.819000006880449</C1>
                  <C2>46.13200000862987</C2>
                </COORD>
                <COORD>
                  <C1>6.818000006879314</C1>
                  <C2>46.13200000863007</C2>
                </COORD>
                <COORD>
                  <C1>6.818000006879508</C1>
                  <C2>46.13100000862947</C2>
                </COORD>
                <COORD>
                  <C1>6.817000006878374</C1>
                  <C2>46.13100000862968</C2>
                </COORD>
                <COORD>
                  <C1>6.816000006877237</C1>
                  <C2>46.13100000862991</C2>
                </COORD>
                <COORD>
                  <C1>6.816000006877046</C1>
                  <C2>46.13200000863053</C2>
                </COORD>
                <COORD>
                  <C1>6.815000006875914</C1>
                  <C2>46.13200000863074</C2>
                </COORD>
                <COORD>
                  <C1>6.815000006875723</C1>
                  <C2>46.133000008631356</C2>
                </COORD>
                <COORD>
                  <C1>6.814000006874585</C1>
                  <C2>46.133000008631576</C2>
                </COORD>
                <COORD>
                  <C1>6.814000006874396</C1>
                  <C2>46.13400000863217</C2>
                </COORD>
                <COORD>
                  <C1>6.81300000687326</C1>
                  <C2>46.13400000863236</C2>
                </COORD>
                <COORD>
                  <C1>6.812000006872131</C1>
                  <C2>46.13400000863259</C2>
                </COORD>
                <COORD>
                  <C1>6.812000006871939</C1>
                  <C2>46.13500000863321</C2>
                </COORD>
                <COORD>
                  <C1>6.81200000687175</C1>
                  <C2>46.13600000863383</C2>
                </COORD>
                <COORD>
                  <C1>6.811000006870613</C1>
                  <C2>46.136000008634035</C2>
                </COORD>
                <COORD>
                  <C1>6.810000006869478</C1>
                  <C2>46.136000008634255</C2>
                </COORD>
                <COORD>
                  <C1>6.810000006869288</C1>
                  <C2>46.137000008634864</C2>
                </COORD>
                <COORD>
                  <C1>6.809000006868152</C1>
                  <C2>46.1370000086351</C2>
                </COORD>
                <COORD>
                  <C1>6.809000006867962</C1>
                  <C2>46.13800000863568</C2>
                </COORD>
                <COORD>
                  <C1>6.808000006866828</C1>
                  <C2>46.1380000086359</C2>
                </COORD>
                <COORD>
                  <C1>6.807000006865694</C1>
                  <C2>46.13800000863612</C2>
                </COORD>
                <COORD>
                  <C1>6.80600000686456</C1>
                  <C2>46.13800000863633</C2>
                </COORD>
                <COORD>
                  <C1>6.805000006863424</C1>
                  <C2>46.13800000863655</C2>
                </COORD>
                <COORD>
                  <C1>6.804000006862291</C1>
                  <C2>46.13800000863677</C2>
                </COORD>
                <COORD>
                  <C1>6.804000006862483</C1>
                  <C2>46.13700000863611</C2>
                </COORD>
                <COORD>
                  <C1>6.803000006861155</C1>
                  <C2>46.13800000863696</C2>
                </COORD>
                <COORD>
                  <C1>6.803000006861345</C1>
                  <C2>46.1370000086364</C2>
                </COORD>
                <COORD>
                  <C1>6.802000006860212</C1>
                  <C2>46.137000008636576</C2>
                </COORD>
                <COORD>
                  <C1>6.801000006859076</C1>
                  <C2>46.13700000863679</C2>
                </COORD>
                <COORD>
                  <C1>6.800000006857749</C1>
                  <C2>46.138000008637604</C2>
                </COORD>
                <COORD>
                  <C1>6.799000006856615</C1>
                  <C2>46.13800000863781</C2>
                </COORD>
                <COORD>
                  <C1>6.799000006856424</C1>
                  <C2>46.13900000863842</C2>
                </COORD>
                <COORD>
                  <C1>6.7980000068551</C1>
                  <C2>46.140000008639255</C2>
                </COORD>
                <COORD>
                  <C1>6.797000006853773</C1>
                  <C2>46.14100000864006</C2>
                </COORD>
                <COORD>
                  <C1>6.797000006853582</C1>
                  <C2>46.142000008640714</C2>
                </COORD>
                <COORD>
                  <C1>6.797000006853396</C1>
                  <C2>46.143000008641316</C2>
                </COORD>
                <COORD>
                  <C1>6.797000006853204</C1>
                  <C2>46.14400000864192</C2>
                </COORD>
                <COORD>
                  <C1>6.797000006853015</C1>
                  <C2>46.14500000864255</C2>
                </COORD>
                <COORD>
                  <C1>6.7960000068518776</C1>
                  <C2>46.14500000864276</C2>
                </COORD>
                <COORD>
                  <C1>6.7960000068516875</C1>
                  <C2>46.146000008643355</C2>
                </COORD>
                <COORD>
                  <C1>6.7960000068514965</C1>
                  <C2>46.14700000864398</C2>
                </COORD>
                <COORD>
                  <C1>6.795000006850173</C1>
                  <C2>46.148000008644864</C2>
                </COORD>
                <COORD>
                  <C1>6.796000006851119</C1>
                  <C2>46.14900000864522</C2>
                </COORD>
                <COORD>
                  <C1>6.795000006849984</C1>
                  <C2>46.14900000864541</C2>
                </COORD>
                <COORD>
                  <C1>6.7950000068497936</C1>
                  <C2>46.150000008646046</C2>
                </COORD>
                <COORD>
                  <C1>6.794000006848465</C1>
                  <C2>46.151000008646875</C2>
                </COORD>
                <COORD>
                  <C1>6.794000006848276</C1>
                  <C2>46.152000008647455</C2>
                </COORD>
                <COORD>
                  <C1>6.793000006847141</C1>
                  <C2>46.15200000864771</C2>
                </COORD>
                <COORD>
                  <C1>6.793000006846951</C1>
                  <C2>46.153000008648334</C2>
                </COORD>
                <COORD>
                  <C1>6.7930000068467615</C1>
                  <C2>46.15400000864892</C2>
                </COORD>
                <COORD>
                  <C1>6.792000006845626</C1>
                  <C2>46.15400000864915</C2>
                </COORD>
                <COORD>
                  <C1>6.792000006845435</C1>
                  <C2>46.155000008649765</C2>
                </COORD>
                <COORD>
                  <C1>6.7910000068443015</C1>
                  <C2>46.15500000864999</C2>
                </COORD>
                <COORD>
                  <C1>6.7910000068441105</C1>
                  <C2>46.156000008650594</C2>
                </COORD>
                <COORD>
                  <C1>6.791000006843921</C1>
                  <C2>46.15700000865117</C2>
                </COORD>
                <COORD>
                  <C1>6.792000006844864</C1>
                  <C2>46.158000008651555</C2>
                </COORD>
                <COORD>
                  <C1>6.792000006844673</C1>
                  <C2>46.1590000086522</C2>
                </COORD>
                <COORD>
                  <C1>6.793000006845806</C1>
                  <C2>46.15900000865197</C2>
                </COORD>
                <COORD>
                  <C1>6.793000006845619</C1>
                  <C2>46.16000000865259</C2>
                </COORD>
                <COORD>
                  <C1>6.792000006844482</C1>
                  <C2>46.16000000865281</C2>
                </COORD>
                <COORD>
                  <C1>6.793000006845426</C1>
                  <C2>46.161000008653225</C2>
                </COORD>
                <COORD>
                  <C1>6.793000006845235</C1>
                  <C2>46.16200000865388</C2>
                </COORD>
                <COORD>
                  <C1>6.793000006845045</C1>
                  <C2>46.16300000865443</C2>
                </COORD>
                <COORD>
                  <C1>6.7930000068448555</C1>
                  <C2>46.16400000865502</C2>
                </COORD>
                <COORD>
                  <C1>6.793000006844665</C1>
                  <C2>46.165000008655674</C2>
                </COORD>
                <COORD>
                  <C1>6.793000006844473</C1>
                  <C2>46.16600000865628</C2>
                </COORD>
                <COORD>
                  <C1>6.794000006845607</C1>
                  <C2>46.16600000865605</C2>
                </COORD>
                <COORD>
                  <C1>6.795000006846742</C1>
                  <C2>46.16600000865583</C2>
                </COORD>
                <COORD>
                  <C1>6.795000006846552</C1>
                  <C2>46.16700000865647</C2>
                </COORD>
                <COORD>
                  <C1>6.795000006846358</C1>
                  <C2>46.16800000865711</C2>
                </COORD>
                <COORD>
                  <C1>6.796000006847493</C1>
                  <C2>46.16800000865686</C2>
                </COORD>
                <COORD>
                  <C1>6.797000006848627</C1>
                  <C2>46.16800000865664</C2>
                </COORD>
                <COORD>
                  <C1>6.797000006848435</C1>
                  <C2>46.169000008657235</C2>
                </COORD>
                <COORD>
                  <C1>6.7980000068495725</C1>
                  <C2>46.16900000865706</C2>
                </COORD>
                <COORD>
                  <C1>6.798000006849381</C1>
                  <C2>46.17000000865768</C2>
                </COORD>
                <COORD>
                  <C1>6.799000006850515</C1>
                  <C2>46.170000008657446</C2>
                </COORD>
                <COORD>
                  <C1>6.800000006851648</C1>
                  <C2>46.170000008657226</C2>
                </COORD>
                <COORD>
                  <C1>6.80100000685278</C1>
                  <C2>46.170000008657034</C2>
                </COORD>
                <COORD>
                  <C1>6.801000006852589</C1>
                  <C2>46.17100000865768</C2>
                </COORD>
                <COORD>
                  <C1>6.802000006853723</C1>
                  <C2>46.171000008657415</C2>
                </COORD>
                <COORD>
                  <C1>6.802000006853532</C1>
                  <C2>46.17200000865804</C2>
                </COORD>
                <COORD>
                  <C1>6.803000006854664</C1>
                  <C2>46.17200000865785</C2>
                </COORD>
                <COORD>
                  <C1>6.803000006854475</C1>
                  <C2>46.173000008658484</C2>
                </COORD>
                <COORD>
                  <C1>6.804000006855611</C1>
                  <C2>46.17300000865825</C2>
                </COORD>
                <COORD>
                  <C1>6.80400000685542</C1>
                  <C2>46.17400000865884</C2>
                </COORD>
                <COORD>
                  <C1>6.805000006856552</C1>
                  <C2>46.174000008658616</C2>
                </COORD>
                <COORD>
                  <C1>6.806000006857685</C1>
                  <C2>46.174000008658446</C2>
                </COORD>
                <COORD>
                  <C1>6.806000006857495</C1>
                  <C2>46.17500000865904</C2>
                </COORD>
                <COORD>
                  <C1>6.8060000068573</C1>
                  <C2>46.17600000865966</C2>
                </COORD>
                <COORD>
                  <C1>6.807000006858432</C1>
                  <C2>46.176000008659464</C2>
                </COORD>
                <COORD>
                  <C1>6.807000006858242</C1>
                  <C2>46.17700000866003</C2>
                </COORD>
                <COORD>
                  <C1>6.8070000068580505</C1>
                  <C2>46.17800000866064</C2>
                </COORD>
                <COORD>
                  <C1>6.808000006859183</C1>
                  <C2>46.178000008660426</C2>
                </COORD>
                <COORD>
                  <C1>6.808000006858995</C1>
                  <C2>46.17900000866105</C2>
                </COORD>
                <COORD>
                  <C1>6.8080000068588</C1>
                  <C2>46.18000000866167</C2>
                </COORD>
                <COORD>
                  <C1>6.808000006858608</C1>
                  <C2>46.18100000866227</C2>
                </COORD>
                <COORD>
                  <C1>6.809000006859744</C1>
                  <C2>46.18100000866205</C2>
                </COORD>
                <COORD>
                  <C1>6.810000006860874</C1>
                  <C2>46.18100000866182</C2>
                </COORD>
                <COORD>
                  <C1>6.8100000068606805</C1>
                  <C2>46.18200000866249</C2>
                </COORD>
                <COORD>
                  <C1>6.811000006861814</C1>
                  <C2>46.182000008662264</C2>
                </COORD>
                <COORD>
                  <C1>6.81200000686295</C1>
                  <C2>46.18200000866201</C2>
                </COORD>
                <COORD>
                  <C1>6.812000006862758</C1>
                  <C2>46.18300000866263</C2>
                </COORD>
                <COORD>
                  <C1>6.8130000068638905</C1>
                  <C2>46.183000008662404</C2>
                </COORD>
                <COORD>
                  <C1>6.81000000685895</C1>
                  <C2>46.19100000866792</C2>
                </COORD>
                <COORD>
                  <C1>6.810000006858377</C1>
                  <C2>46.194000008669754</C2>
                </COORD>
                <COORD>
                  <C1>6.808000006855534</C1>
                  <C2>46.19700000867202</C2>
                </COORD>
                <COORD>
                  <C1>6.80800000685534</C1>
                  <C2>46.19800000867263</C2>
                </COORD>
                <COORD>
                  <C1>6.807000006853825</C1>
                  <C2>46.20000000867404</C2>
                </COORD>
                <COORD>
                  <C1>6.804000006849463</C1>
                  <C2>46.20500000867771</C2>
                </COORD>
                <COORD>
                  <C1>6.804000006849271</C1>
                  <C2>46.20600000867832</C2>
                </COORD>
                <COORD>
                  <C1>6.805000006850401</C1>
                  <C2>46.206000008678124</C2>
                </COORD>
                <COORD>
                  <C1>6.80500000685021</C1>
                  <C2>46.20700000867872</C2>
                </COORD>
                <COORD>
                  <C1>6.805000006850017</C1>
                  <C2>46.2080000086793</C2>
                </COORD>
                <COORD>
                  <C1>6.80600000685115</C1>
                  <C2>46.208000008679115</C2>
                </COORD>
                <COORD>
                  <C1>6.807000006852088</C1>
                  <C2>46.20900000867952</C2>
                </COORD>
                <COORD>
                  <C1>6.808000006853027</C1>
                  <C2>46.210000008679906</C2>
                </COORD>
                <COORD>
                  <C1>6.808000006852835</C1>
                  <C2>46.211000008680486</C2>
                </COORD>
                <COORD>
                  <C1>6.809000006853966</C1>
                  <C2>46.21100000868035</C2>
                </COORD>
                <COORD>
                  <C1>6.809000006853773</C1>
                  <C2>46.21200000868091</C2>
                </COORD>
                <COORD>
                  <C1>6.80900000685358</C1>
                  <C2>46.21300000868147</C2>
                </COORD>
                <COORD>
                  <C1>6.810000006854713</C1>
                  <C2>46.21300000868128</C2>
                </COORD>
                <COORD>
                  <C1>6.810000006854519</C1>
                  <C2>46.214000008681886</C2>
                </COORD>
                <COORD>
                  <C1>6.811000006855651</C1>
                  <C2>46.214000008681715</C2>
                </COORD>
                <COORD>
                  <C1>6.81100000685546</C1>
                  <C2>46.21500000868228</C2>
                </COORD>
                <COORD>
                  <C1>6.811000006855265</C1>
                  <C2>46.2160000086829</C2>
                </COORD>
                <COORD>
                  <C1>6.812000006856397</C1>
                  <C2>46.216000008682705</C2>
                </COORD>
                <COORD>
                  <C1>6.813000006857332</C1>
                  <C2>46.21700000868307</C2>
                </COORD>
                <COORD>
                  <C1>6.814000006858465</C1>
                  <C2>46.21700000868288</C2>
                </COORD>
                <COORD>
                  <C1>6.814000006858272</C1>
                  <C2>46.2180000086835</C2>
                </COORD>
                <COORD>
                  <C1>6.815000006859404</C1>
                  <C2>46.218000008683255</C2>
                </COORD>
                <COORD>
                  <C1>6.815000006859212</C1>
                  <C2>46.219000008683864</C2>
                </COORD>
                <COORD>
                  <C1>6.8160000068603415</C1>
                  <C2>46.21900000868368</C2>
                </COORD>
                <COORD>
                  <C1>6.816000006860149</C1>
                  <C2>46.220000008684245</C2>
                </COORD>
                <COORD>
                  <C1>6.816000006859954</C1>
                  <C2>46.22100000868486</C2>
                </COORD>
                <COORD>
                  <C1>6.817000006861086</C1>
                  <C2>46.221000008684605</C2>
                </COORD>
                <COORD>
                  <C1>6.817000006860893</C1>
                  <C2>46.22200000868526</C2>
                </COORD>
                <COORD>
                  <C1>6.818000006862022</C1>
                  <C2>46.222000008685015</C2>
                </COORD>
                <COORD>
                  <C1>6.818000006861831</C1>
                  <C2>46.223000008685645</C2>
                </COORD>
                <COORD>
                  <C1>6.819000006862961</C1>
                  <C2>46.2230000086854</C2>
                </COORD>
                <COORD>
                  <C1>6.820000006864092</C1>
                  <C2>46.22300000868522</C2>
                </COORD>
                <COORD>
                  <C1>6.821000006865225</C1>
                  <C2>46.22300000868499</C2>
                </COORD>
                <COORD>
                  <C1>6.82100000686503</C1>
                  <C2>46.2240000086856</C2>
                </COORD>
                <COORD>
                  <C1>6.822000006866161</C1>
                  <C2>46.22400000868537</C2>
                </COORD>
                <COORD>
                  <C1>6.822000006865966</C1>
                  <C2>46.225000008685974</C2>
                </COORD>
                <COORD>
                  <C1>6.823000006867098</C1>
                  <C2>46.22500000868577</C2>
                </COORD>
                <COORD>
                  <C1>6.822000006865773</C1>
                  <C2>46.226000008686576</C2>
                </COORD>
                <COORD>
                  <C1>6.823000006866905</C1>
                  <C2>46.22600000868634</C2>
                </COORD>
                <COORD>
                  <C1>6.823000006866709</C1>
                  <C2>46.22700000868699</C2>
                </COORD>
                <COORD>
                  <C1>6.823000006866515</C1>
                  <C2>46.22800000868759</C2>
                </COORD>
                <COORD>
                  <C1>6.82300000686632</C1>
                  <C2>46.2290000086882</C2>
                </COORD>
                <COORD>
                  <C1>6.8230000068661285</C1>
                  <C2>46.23000000868878</C2>
                </COORD>
                <COORD>
                  <C1>6.822000006864996</C1>
                  <C2>46.23000000868902</C2>
                </COORD>
                <COORD>
                  <C1>6.822000006864801</C1>
                  <C2>46.23100000868964</C2>
                </COORD>
                <COORD>
                  <C1>6.822000006864606</C1>
                  <C2>46.23200000869024</C2>
                </COORD>
                <COORD>
                  <C1>6.821000006863475</C1>
                  <C2>46.23200000869043</C2>
                </COORD>
                <COORD>
                  <C1>6.822000006864414</C1>
                  <C2>46.23300000869084</C2>
                </COORD>
                <COORD>
                  <C1>6.822000006864219</C1>
                  <C2>46.234000008691424</C2>
                </COORD>
                <COORD>
                  <C1>6.823000006865349</C1>
                  <C2>46.234000008691226</C2>
                </COORD>
                <COORD>
                  <C1>6.823000006865155</C1>
                  <C2>46.23500000869176</C2>
                </COORD>
                <COORD>
                  <C1>6.824000006866284</C1>
                  <C2>46.2350000086916</C2>
                </COORD>
                <COORD>
                  <C1>6.825000006867417</C1>
                  <C2>46.23500000869133</C2>
                </COORD>
                <COORD>
                  <C1>6.8260000068685445</C1>
                  <C2>46.23500000869117</C2>
                </COORD>
                <COORD>
                  <C1>6.826000006868351</C1>
                  <C2>46.236000008691775</C2>
                </COORD>
                <COORD>
                  <C1>6.827000006869482</C1>
                  <C2>46.23600000869155</C2>
                </COORD>
                <COORD>
                  <C1>6.82800000687061</C1>
                  <C2>46.236000008691335</C2>
                </COORD>
                <COORD>
                  <C1>6.829000006871739</C1>
                  <C2>46.23600000869113</C2>
                </COORD>
                <COORD>
                  <C1>6.830000006872873</C1>
                  <C2>46.23600000869092</C2>
                </COORD>
                <COORD>
                  <C1>6.831000006874003</C1>
                  <C2>46.23600000869071</C2>
                </COORD>
                <COORD>
                  <C1>6.832000006875133</C1>
                  <C2>46.236000008690475</C2>
                </COORD>
                <COORD>
                  <C1>6.832000006874937</C1>
                  <C2>46.23700000869108</C2>
                </COORD>
                <COORD>
                  <C1>6.833000006876066</C1>
                  <C2>46.23700000869088</C2>
                </COORD>
                <COORD>
                  <C1>6.833000006875874</C1>
                  <C2>46.23800000869149</C2>
                </COORD>
                <COORD>
                  <C1>6.834000006877</C1>
                  <C2>46.23800000869124</C2>
                </COORD>
                <COORD>
                  <C1>6.834000006876806</C1>
                  <C2>46.239000008691846</C2>
                </COORD>
                <COORD>
                  <C1>6.835000006877937</C1>
                  <C2>46.23900000869166</C2>
                </COORD>
                <COORD>
                  <C1>6.835000006877744</C1>
                  <C2>46.24000000869228</C2>
                </COORD>
                <COORD>
                  <C1>6.836000006878675</C1>
                  <C2>46.24100000869264</C2>
                </COORD>
                <COORD>
                  <C1>6.836000006878481</C1>
                  <C2>46.24200000869322</C2>
                </COORD>
                <COORD>
                  <C1>6.83700000687961</C1>
                  <C2>46.242000008693076</C2>
                </COORD>
                <COORD>
                  <C1>6.838000006880741</C1>
                  <C2>46.242000008692834</C2>
                </COORD>
                <COORD>
                  <C1>6.838000006880543</C1>
                  <C2>46.24300000869341</C2>
                </COORD>
                <COORD>
                  <C1>6.83800000688035</C1>
                  <C2>46.244000008694066</C2>
                </COORD>
                <COORD>
                  <C1>6.8390000068812835</C1>
                  <C2>46.24500000869444</C2>
                </COORD>
                <COORD>
                  <C1>6.839000006881087</C1>
                  <C2>46.246000008695</C2>
                </COORD>
                <COORD>
                  <C1>6.839000006880894</C1>
                  <C2>46.24700000869562</C2>
                </COORD>
                <COORD>
                  <C1>6.840000006881824</C1>
                  <C2>46.24800000869599</C2>
                </COORD>
                <COORD>
                  <C1>6.840000006881627</C1>
                  <C2>46.2490000086966</C2>
                </COORD>
                <COORD>
                  <C1>6.841000006882562</C1>
                  <C2>46.25000000869699</C2>
                </COORD>
                <COORD>
                  <C1>6.842000006883692</C1>
                  <C2>46.25000000869675</C2>
                </COORD>
                <COORD>
                  <C1>6.844000006885949</C1>
                  <C2>46.25000000869634</C2>
                </COORD>
                <COORD>
                  <C1>6.847000006888944</C1>
                  <C2>46.2520000086969</C2>
                </COORD>
                <COORD>
                  <C1>6.851000006893262</C1>
                  <C2>46.25300000869665</C2>
                </COORD>
                <COORD>
                  <C1>6.8530000068953205</C1>
                  <C2>46.25400000869683</C2>
                </COORD>
                <COORD>
                  <C1>6.855000006897185</C1>
                  <C2>46.2560000086976</C2>
                </COORD>
                <COORD>
                  <C1>6.856000006898117</C1>
                  <C2>46.257000008698</C2>
                </COORD>
                <COORD>
                  <C1>6.856000006897721</C1>
                  <C2>46.259000008699154</C2>
                </COORD>
                <COORD>
                  <C1>6.855000006896204</C1>
                  <C2>46.26100000870057</C2>
                </COORD>
                <COORD>
                  <C1>6.856000006897133</C1>
                  <C2>46.26200000870096</C2>
                </COORD>
                <COORD>
                  <C1>6.857000006898065</C1>
                  <C2>46.26300000870136</C2>
                </COORD>
                <COORD>
                  <C1>6.858000006898995</C1>
                  <C2>46.26400000870176</C2>
                </COORD>
                <COORD>
                  <C1>6.859000006899923</C1>
                  <C2>46.265000008702074</C2>
                </COORD>
                <COORD>
                  <C1>6.86000000690066</C1>
                  <C2>46.26700000870308</C2>
                </COORD>
                <COORD>
                  <C1>6.861000006901591</C1>
                  <C2>46.26800000870349</C2>
                </COORD>
                <COORD>
                  <C1>6.861000006901197</C1>
                  <C2>46.2700000087047</C2>
                </COORD>
                <COORD>
                  <C1>6.860000006899281</C1>
                  <C2>46.274000008707276</C2>
                </COORD>
                <COORD>
                  <C1>6.860000006898886</C1>
                  <C2>46.27600000870852</C2>
                </COORD>
                <COORD>
                  <C1>6.861000006899816</C1>
                  <C2>46.27700000870886</C2>
                </COORD>
                <COORD>
                  <C1>6.862000006900743</C1>
                  <C2>46.27800000870926</C2>
                </COORD>
                <COORD>
                  <C1>6.863000006901674</C1>
                  <C2>46.27900000870967</C2>
                </COORD>
                <COORD>
                  <C1>6.863000006901476</C1>
                  <C2>46.2800000087102</C2>
                </COORD>
                <COORD>
                  <C1>6.864000006902605</C1>
                  <C2>46.280000008710005</C2>
                </COORD>
                <COORD>
                  <C1>6.864000006902405</C1>
                  <C2>46.281000008710606</C2>
                </COORD>
                <COORD>
                  <C1>6.865000006903531</C1>
                  <C2>46.28100000871038</C2>
                </COORD>
                <COORD>
                  <C1>6.865000006903336</C1>
                  <C2>46.28200000871101</C2>
                </COORD>
                <COORD>
                  <C1>6.866000006904459</C1>
                  <C2>46.28200000871078</C2>
                </COORD>
                <COORD>
                  <C1>6.8660000069042635</C1>
                  <C2>46.28300000871134</C2>
                </COORD>
                <COORD>
                  <C1>6.866000006904068</C1>
                  <C2>46.284000008711985</C2>
                </COORD>
                <COORD>
                  <C1>6.865000006902744</C1>
                  <C2>46.285000008712785</C2>
                </COORD>
                <COORD>
                  <C1>6.864000006901418</C1>
                  <C2>46.28600000871357</C2>
                </COORD>
                <COORD>
                  <C1>6.864000006901224</C1>
                  <C2>46.28700000871419</C2>
                </COORD>
                <COORD>
                  <C1>6.8630000068999</C1>
                  <C2>46.288000008714974</C2>
                </COORD>
                <COORD>
                  <C1>6.861000006897643</C1>
                  <C2>46.28800000871543</C2>
                </COORD>
                <COORD>
                  <C1>6.860000006896122</C1>
                  <C2>46.29000000871683</C2>
                </COORD>
                <COORD>
                  <C1>6.860000006895925</C1>
                  <C2>46.29100000871741</C2>
                </COORD>
                <COORD>
                  <C1>6.860000006895728</C1>
                  <C2>46.29200000871801</C2>
                </COORD>
                <COORD>
                  <C1>6.859000006894404</C1>
                  <C2>46.29300000871882</C2>
                </COORD>
                <COORD>
                  <C1>6.858000006893278</C1>
                  <C2>46.29300000871904</C2>
                </COORD>
                <COORD>
                  <C1>6.857000006891953</C1>
                  <C2>46.29400000871984</C2>
                </COORD>
                <COORD>
                  <C1>6.856000006890829</C1>
                  <C2>46.29400000872007</C2>
                </COORD>
                <COORD>
                  <C1>6.855000006889702</C1>
                  <C2>46.29400000872028</C2>
                </COORD>
                <COORD>
                  <C1>6.854000006888574</C1>
                  <C2>46.29400000872051</C2>
                </COORD>
                <COORD>
                  <C1>6.853000006887449</C1>
                  <C2>46.29400000872072</C2>
                </COORD>
                <COORD>
                  <C1>6.85200000688652</C1>
                  <C2>46.29300000872034</C2>
                </COORD>
                <COORD>
                  <C1>6.8520000068867155</C1>
                  <C2>46.292000008719754</C2>
                </COORD>
                <COORD>
                  <C1>6.851000006885589</C1>
                  <C2>46.292000008719945</C2>
                </COORD>
                <COORD>
                  <C1>6.850000006884461</C1>
                  <C2>46.29200000872018</C2>
                </COORD>
                <COORD>
                  <C1>6.849000006883336</C1>
                  <C2>46.2920000087204</C2>
                </COORD>
                <COORD>
                  <C1>6.8480000068822084</C1>
                  <C2>46.29200000872063</C2>
                </COORD>
                <COORD>
                  <C1>6.847000006881084</C1>
                  <C2>46.29200000872081</C2>
                </COORD>
                <COORD>
                  <C1>6.847000006880886</C1>
                  <C2>46.29300000872147</C2>
                </COORD>
                <COORD>
                  <C1>6.846000006879758</C1>
                  <C2>46.293000008721656</C2>
                </COORD>
                <COORD>
                  <C1>6.846000006879562</C1>
                  <C2>46.294000008722215</C2>
                </COORD>
                <COORD>
                  <C1>6.845000006878433</C1>
                  <C2>46.29400000872244</C2>
                </COORD>
                <COORD>
                  <C1>6.845000006878236</C1>
                  <C2>46.295000008723015</C2>
                </COORD>
                <COORD>
                  <C1>6.845000006878038</C1>
                  <C2>46.296000008723624</C2>
                </COORD>
                <COORD>
                  <C1>6.844000006876914</C1>
                  <C2>46.296000008723844</C2>
                </COORD>
                <COORD>
                  <C1>6.843000006875785</C1>
                  <C2>46.29600000872408</C2>
                </COORD>
                <COORD>
                  <C1>6.8420000068744615</C1>
                  <C2>46.297000008724844</C2>
                </COORD>
                <COORD>
                  <C1>6.841000006873332</C1>
                  <C2>46.29700000872508</C2>
                </COORD>
                <COORD>
                  <C1>6.840000006872205</C1>
                  <C2>46.297000008725284</C2>
                </COORD>
                <COORD>
                  <C1>6.84000000687201</C1>
                  <C2>46.2980000087259</C2>
                </COORD>
                <COORD>
                  <C1>6.839000006870882</C1>
                  <C2>46.298000008726106</C2>
                </COORD>
                <COORD>
                  <C1>6.83800000686956</C1>
                  <C2>46.29900000872693</C2>
                </COORD>
                <COORD>
                  <C1>6.837000006868428</C1>
                  <C2>46.29900000872713</C2>
                </COORD>
                <COORD>
                  <C1>6.837000006868234</C1>
                  <C2>46.30000000872774</C2>
                </COORD>
                <COORD>
                  <C1>6.836000006867105</C1>
                  <C2>46.300000008727956</C2>
                </COORD>
                <COORD>
                  <C1>6.836000006866908</C1>
                  <C2>46.30100000872854</C2>
                </COORD>
                <COORD>
                  <C1>6.836000006866711</C1>
                  <C2>46.30200000872913</C2>
                </COORD>
                <COORD>
                  <C1>6.835000006865585</C1>
                  <C2>46.302000008729344</C2>
                </COORD>
                <COORD>
                  <C1>6.834000006864456</C1>
                  <C2>46.302000008729586</C2>
                </COORD>
                <COORD>
                  <C1>6.83300000686333</C1>
                  <C2>46.30200000872978</C2>
                </COORD>
                <COORD>
                  <C1>6.832000006862203</C1>
                  <C2>46.30200000873002</C2>
                </COORD>
                <COORD>
                  <C1>6.831000006861073</C1>
                  <C2>46.302000008730225</C2>
                </COORD>
                <COORD>
                  <C1>6.830000006859751</C1>
                  <C2>46.30300000873099</C2>
                </COORD>
                <COORD>
                  <C1>6.829000006858623</C1>
                  <C2>46.30300000873124</C2>
                </COORD>
                <COORD>
                  <C1>6.829000006858425</C1>
                  <C2>46.304000008731826</C2>
                </COORD>
                <COORD>
                  <C1>6.829000006858227</C1>
                  <C2>46.30500000873242</C2>
                </COORD>
                <COORD>
                  <C1>6.8300000068591595</C1>
                  <C2>46.306000008732795</C2>
                </COORD>
                <COORD>
                  <C1>6.830000006858963</C1>
                  <C2>46.3070000087334</C2>
                </COORD>
                <COORD>
                  <C1>6.83100000686009</C1>
                  <C2>46.30700000873319</C2>
                </COORD>
                <COORD>
                  <C1>6.831000006859891</C1>
                  <C2>46.30800000873375</C2>
                </COORD>
                <COORD>
                  <C1>6.830000006858765</C1>
                  <C2>46.30800000873399</C2>
                </COORD>
                <COORD>
                  <C1>6.830000006858569</C1>
                  <C2>46.309000008734586</C2>
                </COORD>
                <COORD>
                  <C1>6.829000006857441</C1>
                  <C2>46.309000008734785</C2>
                </COORD>
                <COORD>
                  <C1>6.829000006857242</C1>
                  <C2>46.31000000873537</C2>
                </COORD>
                <COORD>
                  <C1>6.828000006856112</C1>
                  <C2>46.31000000873561</C2>
                </COORD>
                <COORD>
                  <C1>6.828000006855916</C1>
                  <C2>46.311000008736194</C2>
                </COORD>
                <COORD>
                  <C1>6.827000006854594</C1>
                  <C2>46.31200000873701</C2>
                </COORD>
                <COORD>
                  <C1>6.827000006854394</C1>
                  <C2>46.31300000873759</C2>
                </COORD>
                <COORD>
                  <C1>6.826000006853071</C1>
                  <C2>46.31400000873839</C2>
                </COORD>
                <COORD>
                  <C1>6.825000006851944</C1>
                  <C2>46.31400000873861</C2>
                </COORD>
                <COORD>
                  <C1>6.824000006850818</C1>
                  <C2>46.314000008738844</C2>
                </COORD>
                <COORD>
                  <C1>6.823000006849688</C1>
                  <C2>46.314000008739015</C2>
                </COORD>
                <COORD>
                  <C1>6.823000006849494</C1>
                  <C2>46.3150000087396</C2>
                </COORD>
                <COORD>
                  <C1>6.822000006848362</C1>
                  <C2>46.31500000873984</C2>
                </COORD>
                <COORD>
                  <C1>6.822000006848165</C1>
                  <C2>46.316000008740446</C2>
                </COORD>
                <COORD>
                  <C1>6.821000006847038</C1>
                  <C2>46.31600000874068</C2>
                </COORD>
                <COORD>
                  <C1>6.821000006846842</C1>
                  <C2>46.31700000874123</C2>
                </COORD>
                <COORD>
                  <C1>6.820000006845715</C1>
                  <C2>46.31700000874144</C2>
                </COORD>
                <COORD>
                  <C1>6.820000006845517</C1>
                  <C2>46.31800000874205</C2>
                </COORD>
                <COORD>
                  <C1>6.819000006844389</C1>
                  <C2>46.31800000874228</C2>
                </COORD>
                <COORD>
                  <C1>6.818000006843261</C1>
                  <C2>46.31800000874247</C2>
                </COORD>
                <COORD>
                  <C1>6.817000006842134</C1>
                  <C2>46.318000008742736</C2>
                </COORD>
                <COORD>
                  <C1>6.816000006841006</C1>
                  <C2>46.31800000874292</C2>
                </COORD>
                <COORD>
                  <C1>6.815000006839681</C1>
                  <C2>46.31900000874372</C2>
                </COORD>
                <COORD>
                  <C1>6.814000006838357</C1>
                  <C2>46.3200000087445</C2>
                </COORD>
                <COORD>
                  <C1>6.813000006837229</C1>
                  <C2>46.320000008744756</C2>
                </COORD>
                <COORD>
                  <C1>6.812000006835904</C1>
                  <C2>46.321000008745536</C2>
                </COORD>
                <COORD>
                  <C1>6.811000006834776</C1>
                  <C2>46.321000008745756</C2>
                </COORD>
                <COORD>
                  <C1>6.808000006830996</C1>
                  <C2>46.32300000874757</C2>
                </COORD>
                <COORD>
                  <C1>6.808000006831193</C1>
                  <C2>46.322000008746976</C2>
                </COORD>
                <COORD>
                  <C1>6.807000006830065</C1>
                  <C2>46.322000008747246</C2>
                </COORD>
                <COORD>
                  <C1>6.806000006828937</C1>
                  <C2>46.32200000874741</C2>
                </COORD>
                <COORD>
                  <C1>6.805000006827807</C1>
                  <C2>46.32200000874764</C2>
                </COORD>
                <COORD>
                  <C1>6.80400000682668</C1>
                  <C2>46.32200000874786</C2>
                </COORD>
                <COORD>
                  <C1>6.803000006825551</C1>
                  <C2>46.32200000874808</C2>
                </COORD>
                <COORD>
                  <C1>6.80200000682462</C1>
                  <C2>46.32100000874765</C2>
                </COORD>
                <COORD>
                  <C1>6.802000006824422</C1>
                  <C2>46.322000008748276</C2>
                </COORD>
                <COORD>
                  <C1>6.801000006823296</C1>
                  <C2>46.322000008748496</C2>
                </COORD>
                <COORD>
                  <C1>6.8010000068231</C1>
                  <C2>46.323000008749105</C2>
                </COORD>
                <COORD>
                  <C1>6.80000000682197</C1>
                  <C2>46.32300000874932</C2>
                </COORD>
                <COORD>
                  <C1>6.800000006821773</C1>
                  <C2>46.32400000874988</C2>
                </COORD>
                <COORD>
                  <C1>6.799000006820449</C1>
                  <C2>46.325000008750706</C2>
                </COORD>
                <COORD>
                  <C1>6.7980000068185324</C1>
                  <C2>46.32900000875328</C2>
                </COORD>
                <COORD>
                  <C1>6.799000006819465</C1>
                  <C2>46.330000008753615</C2>
                </COORD>
                <COORD>
                  <C1>6.800000006820397</C1>
                  <C2>46.331000008754025</C2>
                </COORD>
                <COORD>
                  <C1>6.799000006819267</C1>
                  <C2>46.33100000875426</C2>
                </COORD>
                <COORD>
                  <C1>6.799000006819068</C1>
                  <C2>46.33200000875482</C2>
                </COORD>
                <COORD>
                  <C1>6.798000006817941</C1>
                  <C2>46.33200000875506</C2>
                </COORD>
                <COORD>
                  <C1>6.798000006817746</C1>
                  <C2>46.33300000875563</C2>
                </COORD>
                <COORD>
                  <C1>6.797000006816616</C1>
                  <C2>46.33300000875585</C2>
                </COORD>
                <COORD>
                  <C1>6.79700000681622</C1>
                  <C2>46.335000008757035</C2>
                </COORD>
                <COORD>
                  <C1>6.796000006815092</C1>
                  <C2>46.33500000875725</C2>
                </COORD>
                <COORD>
                  <C1>6.795000006813968</C1>
                  <C2>46.33500000875745</C2>
                </COORD>
                <COORD>
                  <C1>6.794000006812836</C1>
                  <C2>46.33500000875766</C2>
                </COORD>
                <COORD>
                  <C1>6.795000006814162</C1>
                  <C2>46.334000008756874</C2>
                </COORD>
                <COORD>
                  <C1>6.794000006813034</C1>
                  <C2>46.334000008757066</C2>
                </COORD>
                <COORD>
                  <C1>6.793000006811905</C1>
                  <C2>46.33400000875729</C2>
                </COORD>
                <COORD>
                  <C1>6.792000006810777</C1>
                  <C2>46.334000008757535</C2>
                </COORD>
                <COORD>
                  <C1>6.79100000680965</C1>
                  <C2>46.3340000087577</C2>
                </COORD>
                <COORD>
                  <C1>6.790000006808518</C1>
                  <C2>46.33400000875797</C2>
                </COORD>
                <COORD>
                  <C1>6.789000006807389</C1>
                  <C2>46.33400000875817</C2>
                </COORD>
                <COORD>
                  <C1>6.788000006806259</C1>
                  <C2>46.33400000875833</C2>
                </COORD>
                <COORD>
                  <C1>6.787000006805134</C1>
                  <C2>46.33400000875858</C2>
                </COORD>
                <COORD>
                  <C1>6.786000006804001</C1>
                  <C2>46.33400000875881</C2>
                </COORD>
                <COORD>
                  <C1>6.785000006802873</C1>
                  <C2>46.33400000875899</C2>
                </COORD>
                <COORD>
                  <C1>6.785000006802678</C1>
                  <C2>46.33500000875958</C2>
                </COORD>
                <COORD>
                  <C1>6.785000006802481</C1>
                  <C2>46.33600000876018</C2>
                </COORD>
                <COORD>
                  <C1>6.786000006803609</C1>
                  <C2>46.33600000875995</C2>
                </COORD>
                <COORD>
                  <C1>6.786000006803414</C1>
                  <C2>46.33700000876056</C2>
                </COORD>
                <COORD>
                  <C1>6.785000006802089</C1>
                  <C2>46.3380000087614</C2>
                </COORD>
                <COORD>
                  <C1>6.785000006801892</C1>
                  <C2>46.33900000876195</C2>
                </COORD>
                <COORD>
                  <C1>6.784000006800761</C1>
                  <C2>46.33900000876217</C2>
                </COORD>
                <COORD>
                  <C1>6.784000006800564</C1>
                  <C2>46.34000000876277</C2>
                </COORD>
                <COORD>
                  <C1>6.78300000679924</C1>
                  <C2>46.3410000087636</C2>
                </COORD>
                <COORD>
                  <C1>6.7830000067990435</C1>
                  <C2>46.34200000876416</C2>
                </COORD>
                <COORD>
                  <C1>6.782000006797913</C1>
                  <C2>46.34200000876437</C2>
                </COORD>
                <COORD>
                  <C1>6.782000006797718</C1>
                  <C2>46.34300000876499</C2>
                </COORD>
                <COORD>
                  <C1>6.781000006796587</C1>
                  <C2>46.34300000876517</C2>
                </COORD>
                <COORD>
                  <C1>6.78100000679639</C1>
                  <C2>46.34400000876575</C2>
                </COORD>
                <COORD>
                  <C1>6.7810000067961935</C1>
                  <C2>46.345000008766334</C2>
                </COORD>
                <COORD>
                  <C1>6.780000006795067</C1>
                  <C2>46.34500000876658</C2>
                </COORD>
                <COORD>
                  <C1>6.780000006794872</C1>
                  <C2>46.346000008767106</C2>
                </COORD>
                <COORD>
                  <C1>6.778000006792217</C1>
                  <C2>46.34800000876875</C2>
                </COORD>
                <COORD>
                  <C1>6.776000006789763</C1>
                  <C2>46.349000008769785</C2>
                </COORD>
                <COORD>
                  <C1>6.775000006788634</C1>
                  <C2>46.34900000876997</C2>
                </COORD>
                <COORD>
                  <C1>6.775000006788437</C1>
                  <C2>46.350000008770564</C2>
                </COORD>
                <COORD>
                  <C1>6.775000006788242</C1>
                  <C2>46.35100000877116</C2>
                </COORD>
                <COORD>
                  <C1>6.7740000067871105</C1>
                  <C2>46.351000008771386</C2>
                </COORD>
                <COORD>
                  <C1>6.773000006785783</C1>
                  <C2>46.35200000877216</C2>
                </COORD>
                <COORD>
                  <C1>6.773000006785587</C1>
                  <C2>46.35300000877277</C2>
                </COORD>
                <COORD>
                  <C1>6.773000006785392</C1>
                  <C2>46.35400000877334</C2>
                </COORD>
                <COORD>
                  <C1>6.772000006784264</C1>
                  <C2>46.35400000877356</C2>
                </COORD>
                <COORD>
                  <C1>6.772000006784065</C1>
                  <C2>46.355000008774155</C2>
                </COORD>
                <COORD>
                  <C1>6.772000006783871</C1>
                  <C2>46.35600000877477</C2>
                </COORD>
                <COORD>
                  <C1>6.7720000067836725</C1>
                  <C2>46.357000008775316</C2>
                </COORD>
                <COORD>
                  <C1>6.7710000067825415</C1>
                  <C2>46.35700000877554</C2>
                </COORD>
                <COORD>
                  <C1>6.772000006783081</C1>
                  <C2>46.36000000877707</C2>
                </COORD>
                <COORD>
                  <C1>6.7720000067824895</C1>
                  <C2>46.36300000877883</C2>
                </COORD>
                <COORD>
                  <C1>6.773000006783617</C1>
                  <C2>46.36300000877864</C2>
                </COORD>
                <COORD>
                  <C1>6.774000006784549</C1>
                  <C2>46.36400000877899</C2>
                </COORD>
                <COORD>
                  <C1>6.775000006785678</C1>
                  <C2>46.364000008778774</C2>
                </COORD>
                <COORD>
                  <C1>6.776000006786609</C1>
                  <C2>46.36500000877918</C2>
                </COORD>
                <COORD>
                  <C1>6.77600000678641</C1>
                  <C2>46.366000008779764</C2>
                </COORD>
                <COORD>
                  <C1>6.777000006787542</C1>
                  <C2>46.36600000877956</C2>
                </COORD>
                <COORD>
                  <C1>6.778000006788472</C1>
                  <C2>46.36700000877991</C2>
                </COORD>
                <COORD>
                  <C1>6.779000006789603</C1>
                  <C2>46.367000008779705</C2>
                </COORD>
                <COORD>
                  <C1>6.780000006790731</C1>
                  <C2>46.36700000877948</C2>
                </COORD>
                <COORD>
                  <C1>6.780000006790532</C1>
                  <C2>46.36800000878006</C2>
                </COORD>
                <COORD>
                  <C1>6.7810000067916585</C1>
                  <C2>46.36800000877984</C2>
                </COORD>
                <COORD>
                  <C1>6.782000006792787</C1>
                  <C2>46.36800000877964</C2>
                </COORD>
                <COORD>
                  <C1>6.783000006793719</C1>
                  <C2>46.36900000878003</C2>
                </COORD>
                <COORD>
                  <C1>6.784000006794845</C1>
                  <C2>46.36900000877979</C2>
                </COORD>
                <COORD>
                  <C1>6.785000006795975</C1>
                  <C2>46.36900000877958</C2>
                </COORD>
                <COORD>
                  <C1>6.78500000679617</C1>
                  <C2>46.368000008779</C2>
                </COORD>
                <COORD>
                  <C1>6.786000006797298</C1>
                  <C2>46.3680000087788</C2>
                </COORD>
                <COORD>
                  <C1>6.787000006798427</C1>
                  <C2>46.368000008778566</C2>
                </COORD>
                <COORD>
                  <C1>6.788000006799556</C1>
                  <C2>46.368000008778374</C2>
                </COORD>
                <COORD>
                  <C1>6.788000006799358</C1>
                  <C2>46.369000008778954</C2>
                </COORD>
                <COORD>
                  <C1>6.789000006800482</C1>
                  <C2>46.36900000877873</C2>
                </COORD>
                <COORD>
                  <C1>6.790000006801611</C1>
                  <C2>46.369000008778535</C2>
                </COORD>
                <COORD>
                  <C1>6.791000006802741</C1>
                  <C2>46.369000008778336</C2>
                </COORD>
                <COORD>
                  <C1>6.792000006803863</C1>
                  <C2>46.36900000877807</C2>
                </COORD>
                <COORD>
                  <C1>6.793000006804994</C1>
                  <C2>46.36900000877789</C2>
                </COORD>
                <COORD>
                  <C1>6.79400000680612</C1>
                  <C2>46.36900000877766</C2>
                </COORD>
                <COORD>
                  <C1>6.794000006805922</C1>
                  <C2>46.37000000877825</C2>
                </COORD>
                <COORD>
                  <C1>6.795000006806854</C1>
                  <C2>46.37100000877864</C2>
                </COORD>
                <COORD>
                  <C1>6.79600000680798</C1>
                  <C2>46.37100000877841</C2>
                </COORD>
                <COORD>
                  <C1>6.796000006807782</C1>
                  <C2>46.37200000877903</C2>
                </COORD>
                <COORD>
                  <C1>6.797000006808907</C1>
                  <C2>46.37200000877876</C2>
                </COORD>
                <COORD>
                  <C1>6.797000006808711</C1>
                  <C2>46.37300000877936</C2>
                </COORD>
                <COORD>
                  <C1>6.798000006809837</C1>
                  <C2>46.37300000877916</C2>
                </COORD>
                <COORD>
                  <C1>6.79800000680964</C1>
                  <C2>46.37400000877977</C2>
                </COORD>
                <COORD>
                  <C1>6.799000006810765</C1>
                  <C2>46.374000008779525</C2>
                </COORD>
                <COORD>
                  <C1>6.799000006810564</C1>
                  <C2>46.37500000878014</C2>
                </COORD>
                <COORD>
                  <C1>6.799000006810368</C1>
                  <C2>46.376000008780686</C2>
                </COORD>
                <COORD>
                  <C1>6.800000006811495</C1>
                  <C2>46.37600000878046</C2>
                </COORD>
                <COORD>
                  <C1>6.800000006811297</C1>
                  <C2>46.37700000878106</C2>
                </COORD>
                <COORD>
                  <C1>6.801000006812423</C1>
                  <C2>46.377000008780854</C2>
                </COORD>
                <COORD>
                  <C1>6.802000006813549</C1>
                  <C2>46.37700000878067</C2>
                </COORD>
                <COORD>
                  <C1>6.802000006813352</C1>
                  <C2>46.37800000878119</C2>
                </COORD>
                <COORD>
                  <C1>6.803000006814477</C1>
                  <C2>46.378000008780994</C2>
                </COORD>
                <COORD>
                  <C1>6.804000006815604</C1>
                  <C2>46.37800000878081</C2>
                </COORD>
                <COORD>
                  <C1>6.80500000681673</C1>
                  <C2>46.37800000878058</C2>
                </COORD>
                <COORD>
                  <C1>6.80500000681653</C1>
                  <C2>46.37900000878116</C2>
                </COORD>
                <COORD>
                  <C1>6.806000006817458</C1>
                  <C2>46.38000000878154</C2>
                </COORD>
                <COORD>
                  <C1>6.807000006818385</C1>
                  <C2>46.38100000878189</C2>
                </COORD>
                <COORD>
                  <C1>6.807000006818189</C1>
                  <C2>46.38200000878246</C2>
                </COORD>
                <COORD>
                  <C1>6.807000006817988</C1>
                  <C2>46.383000008783036</C2>
                </COORD>
                <COORD>
                  <C1>6.80700000681779</C1>
                  <C2>46.38400000878365</C2>
                </COORD>
                <COORD>
                  <C1>6.80700000681759</C1>
                  <C2>46.38500000878424</C2>
                </COORD>
                <COORD>
                  <C1>6.806000006816465</C1>
                  <C2>46.385000008784445</C2>
                </COORD>
                <COORD>
                  <C1>6.806000006816265</C1>
                  <C2>46.38600000878507</C2>
                </COORD>
                <COORD>
                  <C1>6.8050000068153365</C1>
                  <C2>46.38500000878466</C2>
                </COORD>
                <COORD>
                  <C1>6.805000006815138</C1>
                  <C2>46.386000008785274</C2>
                </COORD>
                <COORD>
                  <C1>6.804000006814014</C1>
                  <C2>46.386000008785444</C2>
                </COORD>
                <COORD>
                  <C1>6.804000006813814</C1>
                  <C2>46.38700000878606</C2>
                </COORD>
                <COORD>
                  <C1>6.8030000068126855</C1>
                  <C2>46.38700000878627</C2>
                </COORD>
                <COORD>
                  <C1>6.803000006812489</C1>
                  <C2>46.38800000878689</C2>
                </COORD>
                <COORD>
                  <C1>6.80300000681229</C1>
                  <C2>46.389000008787384</C2>
                </COORD>
                <COORD>
                  <C1>6.803000006812089</C1>
                  <C2>46.39000000878801</C2>
                </COORD>
                <COORD>
                  <C1>6.8030000068118905</C1>
                  <C2>46.39100000878859</C2>
                </COORD>
                <COORD>
                  <C1>6.803000006811691</C1>
                  <C2>46.39200000878917</C2>
                </COORD>
                <COORD>
                  <C1>6.804000006812818</C1>
                  <C2>46.392000008788976</C2>
                </COORD>
                <COORD>
                  <C1>6.804000006812618</C1>
                  <C2>46.39300000878955</C2>
                </COORD>
                <COORD>
                  <C1>6.8040000068124185</C1>
                  <C2>46.394000008790144</C2>
                </COORD>
                <COORD>
                  <C1>6.80400000681222</C1>
                  <C2>46.39500000879076</C2>
                </COORD>
                <COORD>
                  <C1>6.805000006813346</C1>
                  <C2>46.39500000879051</C2>
                </COORD>
                <COORD>
                  <C1>6.80600000681447</C1>
                  <C2>46.395000008790284</C2>
                </COORD>
                <COORD>
                  <C1>6.80600000681427</C1>
                  <C2>46.396000008790864</C2>
                </COORD>
                <COORD>
                  <C1>6.822000006825651</C1>
                  <C2>46.42900000880654</C2>
                </COORD>
                <COORD>
                  <C1>6.78900000678734</C1>
                  <C2>46.43500000881713</C2>
                </COORD>
                <COORD>
                  <C1>6.68300000666361</C1>
                  <C2>46.45600000885177</C2>
                </COORD>
                <COORD>
                  <C1>6.561000006524879</C1>
                  <C2>46.45800000887832</C2>
                </COORD>
                <COORD>
                  <C1>6.520000006478202</C1>
                  <C2>46.45800000888676</C2>
                </COORD>
                <COORD>
                  <C1>6.42600000637833</C1>
                  <C2>46.418000008882615</C2>
                </COORD>
                <COORD>
                  <C1>6.336000006277155</C1>
                  <C2>46.40600000889354</C2>
                </COORD>
                <COORD>
                  <C1>6.334000006275034</C1>
                  <C2>46.40500000889332</C2>
                </COORD>
                <COORD>
                  <C1>6.254000006190448</C1>
                  <C2>46.36200000888365</C2>
                </COORD>
                <COORD>
                  <C1>6.242000006179404</C1>
                  <C2>46.34600000887647</C2>
                </COORD>
                <COORD>
                  <C1>6.233000006171452</C1>
                  <C2>46.33200000886988</C2>
                </COORD>
                <COORD>
                  <C1>6.220000006159543</C1>
                  <C2>46.31400000886168</C2>
                </COORD>
                <COORD>
                  <C1>6.242000006186482</C1>
                  <C2>46.30600000885262</C2>
                </COORD>
                <COORD>
                  <C1>6.24300000618764</C1>
                  <C2>46.30600000885244</C2>
                </COORD>
                <COORD>
                  <C1>6.244000006188979</C1>
                  <C2>46.30500000885167</C2>
                </COORD>
                <COORD>
                  <C1>6.2450000061901365</C1>
                  <C2>46.305000008851444</C2>
                </COORD>
                <COORD>
                  <C1>6.245000006189961</C1>
                  <C2>46.306000008852045</C2>
                </COORD>
                <COORD>
                  <C1>6.246000006191122</C1>
                  <C2>46.30600000885188</C2>
                </COORD>
                <COORD>
                  <C1>6.246000006191298</C1>
                  <C2>46.305000008851266</C2>
                </COORD>
                <COORD>
                  <C1>6.247000006192456</C1>
                  <C2>46.30500000885108</C2>
                </COORD>
                <COORD>
                  <C1>6.247000006192634</C1>
                  <C2>46.304000008850494</C2>
                </COORD>
                <COORD>
                  <C1>6.248000006193793</C1>
                  <C2>46.30400000885027</C2>
                </COORD>
                <COORD>
                  <C1>6.248000006193618</C1>
                  <C2>46.30500000885089</C2>
                </COORD>
                <COORD>
                  <C1>6.249000006194952</C1>
                  <C2>46.30400000885008</C2>
                </COORD>
                <COORD>
                  <C1>6.250000006196113</C1>
                  <C2>46.30400000884991</C2>
                </COORD>
                <COORD>
                  <C1>6.250000006196288</C1>
                  <C2>46.30300000884931</C2>
                </COORD>
                <COORD>
                  <C1>6.2490000061951285</C1>
                  <C2>46.30300000884951</C2>
                </COORD>
                <COORD>
                  <C1>6.248000006193972</C1>
                  <C2>46.30300000884969</C2>
                </COORD>
                <COORD>
                  <C1>6.248000006194148</C1>
                  <C2>46.30200000884908</C2>
                </COORD>
                <COORD>
                  <C1>6.249000006195306</C1>
                  <C2>46.30200000884891</C2>
                </COORD>
                <COORD>
                  <C1>6.249000006195483</C1>
                  <C2>46.30100000884828</C2>
                </COORD>
                <COORD>
                  <C1>6.250000006196641</C1>
                  <C2>46.301000008848085</C2>
                </COORD>
                <COORD>
                  <C1>6.250000006196817</C1>
                  <C2>46.300000008847476</C2>
                </COORD>
                <COORD>
                  <C1>6.249000006195657</C1>
                  <C2>46.30000000884766</C2>
                </COORD>
                <COORD>
                  <C1>6.250000006196994</C1>
                  <C2>46.2990000088469</C2>
                </COORD>
                <COORD>
                  <C1>6.249000006195834</C1>
                  <C2>46.299000008847074</C2>
                </COORD>
                <COORD>
                  <C1>6.2490000061960105</C1>
                  <C2>46.29800000884648</C2>
                </COORD>
                <COORD>
                  <C1>6.250000006197171</C1>
                  <C2>46.298000008846316</C2>
                </COORD>
                <COORD>
                  <C1>6.2500000061973475</C1>
                  <C2>46.29700000884567</C2>
                </COORD>
                <COORD>
                  <C1>6.249000006196186</C1>
                  <C2>46.29700000884588</C2>
                </COORD>
                <COORD>
                  <C1>6.249000006196362</C1>
                  <C2>46.29600000884526</C2>
                </COORD>
                <COORD>
                  <C1>6.250000006197523</C1>
                  <C2>46.29600000884509</C2>
                </COORD>
                <COORD>
                  <C1>6.250000006197701</C1>
                  <C2>46.29500000884451</C2>
                </COORD>
                <COORD>
                  <C1>6.251000006198861</C1>
                  <C2>46.295000008844305</C2>
                </COORD>
                <COORD>
                  <C1>6.25200000620002</C1>
                  <C2>46.29500000884414</C2>
                </COORD>
                <COORD>
                  <C1>6.252000006200195</C1>
                  <C2>46.2940000088435</C2>
                </COORD>
                <COORD>
                  <C1>6.253000006201356</C1>
                  <C2>46.294000008843334</C2>
                </COORD>
                <COORD>
                  <C1>6.253000006201532</C1>
                  <C2>46.29300000884269</C2>
                </COORD>
                <COORD>
                  <C1>6.254000006202692</C1>
                  <C2>46.293000008842526</C2>
                </COORD>
                <COORD>
                  <C1>6.254000006202868</C1>
                  <C2>46.29200000884193</C2>
                </COORD>
                <COORD>
                  <C1>6.253000006201709</C1>
                  <C2>46.292000008842116</C2>
                </COORD>
                <COORD>
                  <C1>6.253000006201883</C1>
                  <C2>46.29100000884151</C2>
                </COORD>
                <COORD>
                  <C1>6.2520000062009</C1>
                  <C2>46.29000000884111</C2>
                </COORD>
                <COORD>
                  <C1>6.2510000061997415</C1>
                  <C2>46.29000000884126</C2>
                </COORD>
                <COORD>
                  <C1>6.250000006198582</C1>
                  <C2>46.29000000884148</C2>
                </COORD>
                <COORD>
                  <C1>6.250000006198757</C1>
                  <C2>46.28900000884089</C2>
                </COORD>
                <COORD>
                  <C1>6.250000006198933</C1>
                  <C2>46.288000008840285</C2>
                </COORD>
                <COORD>
                  <C1>6.249000006197773</C1>
                  <C2>46.28800000884048</C2>
                </COORD>
                <COORD>
                  <C1>6.248000006196616</C1>
                  <C2>46.288000008840676</C2>
                </COORD>
                <COORD>
                  <C1>6.248000006196791</C1>
                  <C2>46.28700000884005</C2>
                </COORD>
                <COORD>
                  <C1>6.247000006195631</C1>
                  <C2>46.28700000884027</C2>
                </COORD>
                <COORD>
                  <C1>6.246000006194468</C1>
                  <C2>46.28700000884043</C2>
                </COORD>
                <COORD>
                  <C1>6.245000006193307</C1>
                  <C2>46.28700000884062</C2>
                </COORD>
                <COORD>
                  <C1>6.244000006192147</C1>
                  <C2>46.287000008840884</C2>
                </COORD>
                <COORD>
                  <C1>6.243000006190988</C1>
                  <C2>46.28700000884106</C2>
                </COORD>
                <COORD>
                  <C1>6.242000006189825</C1>
                  <C2>46.28700000884121</C2>
                </COORD>
                <COORD>
                  <C1>6.24200000619</C1>
                  <C2>46.286000008840624</C2>
                </COORD>
                <COORD>
                  <C1>6.242000006190178</C1>
                  <C2>46.28500000884003</C2>
                </COORD>
                <COORD>
                  <C1>6.241000006189017</C1>
                  <C2>46.28500000884021</C2>
                </COORD>
                <COORD>
                  <C1>6.241000006189193</C1>
                  <C2>46.2840000088396</C2>
                </COORD>
                <COORD>
                  <C1>6.240000006188031</C1>
                  <C2>46.2840000088398</C2>
                </COORD>
                <COORD>
                  <C1>6.2390000061868705</C1>
                  <C2>46.284000008839996</C2>
                </COORD>
                <COORD>
                  <C1>6.239000006187045</C1>
                  <C2>46.28300000883941</C2>
                </COORD>
                <COORD>
                  <C1>6.239000006187223</C1>
                  <C2>46.28200000883879</C2>
                </COORD>
                <COORD>
                  <C1>6.2400000061883825</C1>
                  <C2>46.28200000883862</C2>
                </COORD>
                <COORD>
                  <C1>6.240000006188558</C1>
                  <C2>46.281000008838</C2>
                </COORD>
                <COORD>
                  <C1>6.239000006187396</C1>
                  <C2>46.28100000883817</C2>
                </COORD>
                <COORD>
                  <C1>6.239000006187571</C1>
                  <C2>46.28000000883756</C2>
                </COORD>
                <COORD>
                  <C1>6.23800000618641</C1>
                  <C2>46.28000000883779</C2>
                </COORD>
                <COORD>
                  <C1>6.238000006186589</C1>
                  <C2>46.27900000883721</C2>
                </COORD>
                <COORD>
                  <C1>6.239000006187747</C1>
                  <C2>46.27900000883699</C2>
                </COORD>
                <COORD>
                  <C1>6.239000006187925</C1>
                  <C2>46.27800000883638</C2>
                </COORD>
                <COORD>
                  <C1>6.239000006188098</C1>
                  <C2>46.27700000883579</C2>
                </COORD>
                <COORD>
                  <C1>6.24000000618926</C1>
                  <C2>46.27700000883561</C2>
                </COORD>
                <COORD>
                  <C1>6.240000006189435</C1>
                  <C2>46.27600000883497</C2>
                </COORD>
                <COORD>
                  <C1>6.241000006190594</C1>
                  <C2>46.2760000088348</C2>
                </COORD>
                <COORD>
                  <C1>6.242000006191756</C1>
                  <C2>46.27600000883459</C2>
                </COORD>
                <COORD>
                  <C1>6.2430000061930935</C1>
                  <C2>46.27500000883377</C2>
                </COORD>
                <COORD>
                  <C1>6.244000006194254</C1>
                  <C2>46.27500000883361</C2>
                </COORD>
                <COORD>
                  <C1>6.24600000619728</C1>
                  <C2>46.27100000883081</C2>
                </COORD>
                <COORD>
                  <C1>6.250000006203149</C1>
                  <C2>46.26400000882583</C2>
                </COORD>
                <COORD>
                  <C1>6.25100000620431</C1>
                  <C2>46.26400000882561</C2>
                </COORD>
                <COORD>
                  <C1>6.260000006215809</C1>
                  <C2>46.25800000882025</C2>
                </COORD>
                <COORD>
                  <C1>6.262000006218484</C1>
                  <C2>46.256000008818646</C2>
                </COORD>
                <COORD>
                  <C1>6.262000006218656</C1>
                  <C2>46.255000008818065</C2>
                </COORD>
                <COORD>
                  <C1>6.26100000621767</C1>
                  <C2>46.25400000881764</C2>
                </COORD>
                <COORD>
                  <C1>6.261000006217846</C1>
                  <C2>46.25300000881702</C2>
                </COORD>
                <COORD>
                  <C1>6.262000006219007</C1>
                  <C2>46.25300000881682</C2>
                </COORD>
                <COORD>
                  <C1>6.26300000622017</C1>
                  <C2>46.253000008816635</C2>
                </COORD>
                <COORD>
                  <C1>6.2640000062213295</C1>
                  <C2>46.25300000881643</C2>
                </COORD>
                <COORD>
                  <C1>6.2650000062226665</C1>
                  <C2>46.25200000881565</C2>
                </COORD>
                <COORD>
                  <C1>6.266000006224</C1>
                  <C2>46.25100000881487</C2>
                </COORD>
                <COORD>
                  <C1>6.267000006225161</C1>
                  <C2>46.25100000881462</C2>
                </COORD>
                <COORD>
                  <C1>6.267000006225338</C1>
                  <C2>46.25000000881407</C2>
                </COORD>
                <COORD>
                  <C1>6.268000006226499</C1>
                  <C2>46.25000000881389</C2>
                </COORD>
                <COORD>
                  <C1>6.2690000062276585</C1>
                  <C2>46.25000000881367</C2>
                </COORD>
                <COORD>
                  <C1>6.27100000622998</C1>
                  <C2>46.25000000881328</C2>
                </COORD>
                <COORD>
                  <C1>6.271000006229803</C1>
                  <C2>46.25100000881391</C2>
                </COORD>
                <COORD>
                  <C1>6.2720000062309635</C1>
                  <C2>46.25100000881369</C2>
                </COORD>
                <COORD>
                  <C1>6.273000006232124</C1>
                  <C2>46.251000008813484</C2>
                </COORD>
                <COORD>
                  <C1>6.274000006233283</C1>
                  <C2>46.25100000881331</C2>
                </COORD>
                <COORD>
                  <C1>6.274000006233109</C1>
                  <C2>46.25200000881391</C2>
                </COORD>
                <COORD>
                  <C1>6.275000006234269</C1>
                  <C2>46.25200000881371</C2>
                </COORD>
                <COORD>
                  <C1>6.27600000623543</C1>
                  <C2>46.2520000088135</C2>
                </COORD>
                <COORD>
                  <C1>6.276000006235253</C1>
                  <C2>46.253000008814155</C2>
                </COORD>
                <COORD>
                  <C1>6.277000006236414</C1>
                  <C2>46.25300000881396</C2>
                </COORD>
                <COORD>
                  <C1>6.279000006238734</C1>
                  <C2>46.25300000881355</C2>
                </COORD>
                <COORD>
                  <C1>6.280000006239893</C1>
                  <C2>46.25300000881338</C2>
                </COORD>
                <COORD>
                  <C1>6.279000006238558</C1>
                  <C2>46.25400000881417</C2>
                </COORD>
                <COORD>
                  <C1>6.282000006241862</C1>
                  <C2>46.25500000881418</C2>
                </COORD>
                <COORD>
                  <C1>6.283000006242844</C1>
                  <C2>46.25600000881459</C2>
                </COORD>
                <COORD>
                  <C1>6.284000006244003</C1>
                  <C2>46.25600000881438</C2>
                </COORD>
                <COORD>
                  <C1>6.285000006245164</C1>
                  <C2>46.25600000881421</C2>
                </COORD>
                <COORD>
                  <C1>6.286000006246147</C1>
                  <C2>46.2570000088146</C2>
                </COORD>
                <COORD>
                  <C1>6.284000006243651</C1>
                  <C2>46.258000008815635</C2>
                </COORD>
                <COORD>
                  <C1>6.287000006246953</C1>
                  <C2>46.25900000881564</C2>
                </COORD>
                <COORD>
                  <C1>6.288000006247935</C1>
                  <C2>46.26000000881604</C2>
                </COORD>
                <COORD>
                  <C1>6.289000006248919</C1>
                  <C2>46.26100000881645</C2>
                </COORD>
                <COORD>
                  <C1>6.290000006250078</C1>
                  <C2>46.26100000881626</C2>
                </COORD>
                <COORD>
                  <C1>6.291000006251061</C1>
                  <C2>46.26200000881665</C2>
                </COORD>
                <COORD>
                  <C1>6.292000006251865</C1>
                  <C2>46.26400000881768</C2>
                </COORD>
                <COORD>
                  <C1>6.292000006251687</C1>
                  <C2>46.265000008818255</C2>
                </COORD>
                <COORD>
                  <C1>6.293000006252847</C1>
                  <C2>46.26500000881806</C2>
                </COORD>
                <COORD>
                  <C1>6.294000006254006</C1>
                  <C2>46.26500000881789</C2>
                </COORD>
                <COORD>
                  <C1>6.294000006253828</C1>
                  <C2>46.2660000088185</C2>
                </COORD>
                <COORD>
                  <C1>6.2950000062549885</C1>
                  <C2>46.26600000881828</C2>
                </COORD>
                <COORD>
                  <C1>6.296000006256147</C1>
                  <C2>46.26600000881811</C2>
                </COORD>
                <COORD>
                  <C1>6.2970000062573055</C1>
                  <C2>46.26600000881791</C2>
                </COORD>
                <COORD>
                  <C1>6.297000006257481</C1>
                  <C2>46.265000008817324</C2>
                </COORD>
                <COORD>
                  <C1>6.29700000625766</C1>
                  <C2>46.26400000881671</C2>
                </COORD>
                <COORD>
                  <C1>6.297000006257835</C1>
                  <C2>46.2630000088161</C2>
                </COORD>
                <COORD>
                  <C1>6.296000006256677</C1>
                  <C2>46.26300000881627</C2>
                </COORD>
                <COORD>
                  <C1>6.296000006256854</C1>
                  <C2>46.2620000088157</C2>
                </COORD>
                <COORD>
                  <C1>6.295000006255697</C1>
                  <C2>46.26200000881588</C2>
                </COORD>
                <COORD>
                  <C1>6.29500000625587</C1>
                  <C2>46.26100000881526</C2>
                </COORD>
                <COORD>
                  <C1>6.295000006256049</C1>
                  <C2>46.26000000881468</C2>
                </COORD>
                <COORD>
                  <C1>6.295000006256227</C1>
                  <C2>46.25900000881406</C2>
                </COORD>
                <COORD>
                  <C1>6.296000006257383</C1>
                  <C2>46.25900000881387</C2>
                </COORD>
                <COORD>
                  <C1>6.296000006257562</C1>
                  <C2>46.25800000881326</C2>
                </COORD>
                <COORD>
                  <C1>6.2970000062587195</C1>
                  <C2>46.25800000881308</C2>
                </COORD>
                <COORD>
                  <C1>6.297000006258897</C1>
                  <C2>46.25700000881246</C2>
                </COORD>
                <COORD>
                  <C1>6.298000006260056</C1>
                  <C2>46.25700000881227</C2>
                </COORD>
                <COORD>
                  <C1>6.299000006261214</C1>
                  <C2>46.25700000881209</C2>
                </COORD>
                <COORD>
                  <C1>6.3000000062623736</C1>
                  <C2>46.25700000881189</C2>
                </COORD>
                <COORD>
                  <C1>6.30100000626353</C1>
                  <C2>46.25700000881169</C2>
                </COORD>
                <COORD>
                  <C1>6.302000006264689</C1>
                  <C2>46.257000008811495</C2>
                </COORD>
                <COORD>
                  <C1>6.303000006265847</C1>
                  <C2>46.257000008811296</C2>
                </COORD>
                <COORD>
                  <C1>6.304000006267005</C1>
                  <C2>46.25700000881114</C2>
                </COORD>
                <COORD>
                  <C1>6.3050000062681635</C1>
                  <C2>46.25700000881093</C2>
                </COORD>
                <COORD>
                  <C1>6.305000006267988</C1>
                  <C2>46.25800000881156</C2>
                </COORD>
                <COORD>
                  <C1>6.306000006269146</C1>
                  <C2>46.25800000881133</C2>
                </COORD>
                <COORD>
                  <C1>6.3070000062703055</C1>
                  <C2>46.25800000881112</C2>
                </COORD>
                <COORD>
                  <C1>6.308000006271463</C1>
                  <C2>46.25800000881094</C2>
                </COORD>
                <COORD>
                  <C1>6.309000006272621</C1>
                  <C2>46.258000008810775</C2>
                </COORD>
                <COORD>
                  <C1>6.3100000062737776</C1>
                  <C2>46.258000008810555</C2>
                </COORD>
                <COORD>
                  <C1>6.309000006272799</C1>
                  <C2>46.25700000881014</C2>
                </COORD>
                <COORD>
                  <C1>6.309000006272976</C1>
                  <C2>46.25600000880954</C2>
                </COORD>
                <COORD>
                  <C1>6.309000006273152</C1>
                  <C2>46.25500000880895</C2>
                </COORD>
                <COORD>
                  <C1>6.308000006271994</C1>
                  <C2>46.255000008809155</C2>
                </COORD>
                <COORD>
                  <C1>6.307000006271014</C1>
                  <C2>46.254000008808696</C2>
                </COORD>
                <COORD>
                  <C1>6.30600000627003</C1>
                  <C2>46.25300000880829</C2>
                </COORD>
                <COORD>
                  <C1>6.307000006271189</C1>
                  <C2>46.25300000880811</C2>
                </COORD>
                <COORD>
                  <C1>6.308000006272349</C1>
                  <C2>46.25300000880791</C2>
                </COORD>
                <COORD>
                  <C1>6.309000006273507</C1>
                  <C2>46.25300000880773</C2>
                </COORD>
                <COORD>
                  <C1>6.309000006273684</C1>
                  <C2>46.25200000880714</C2>
                </COORD>
                <COORD>
                  <C1>6.310000006274841</C1>
                  <C2>46.252000008806895</C2>
                </COORD>
                <COORD>
                  <C1>6.3100000062750174</C1>
                  <C2>46.25100000880629</C2>
                </COORD>
                <COORD>
                  <C1>6.310000006275197</C1>
                  <C2>46.250000008805706</C2>
                </COORD>
                <COORD>
                  <C1>6.309000006274215</C1>
                  <C2>46.24900000880531</C2>
                </COORD>
                <COORD>
                  <C1>6.310000006275371</C1>
                  <C2>46.249000008805105</C2>
                </COORD>
                <COORD>
                  <C1>6.310000006275547</C1>
                  <C2>46.24800000880448</C2>
                </COORD>
                <COORD>
                  <C1>6.311000006276885</C1>
                  <C2>46.247000008803695</C2>
                </COORD>
                <COORD>
                  <C1>6.3110000062770615</C1>
                  <C2>46.246000008803115</C2>
                </COORD>
                <COORD>
                  <C1>6.311000006277237</C1>
                  <C2>46.24500000880248</C2>
                </COORD>
                <COORD>
                  <C1>6.310000006276078</C1>
                  <C2>46.245000008802656</C2>
                </COORD>
                <COORD>
                  <C1>6.310000006276256</C1>
                  <C2>46.24400000880209</C2>
                </COORD>
                <COORD>
                  <C1>6.309000006275276</C1>
                  <C2>46.24300000880165</C2>
                </COORD>
                <COORD>
                  <C1>6.308000006274292</C1>
                  <C2>46.242000008801234</C2>
                </COORD>
                <COORD>
                  <C1>6.308000006274467</C1>
                  <C2>46.24100000880069</C2>
                </COORD>
                <COORD>
                  <C1>6.30700000627331</C1>
                  <C2>46.24100000880083</C2>
                </COORD>
                <COORD>
                  <C1>6.3060000062723285</C1>
                  <C2>46.24000000880039</C2>
                </COORD>
                <COORD>
                  <C1>6.306000006272504</C1>
                  <C2>46.23900000879979</C2>
                </COORD>
                <COORD>
                  <C1>6.304000006270361</C1>
                  <C2>46.238000008799595</C2>
                </COORD>
                <COORD>
                  <C1>6.304000006270538</C1>
                  <C2>46.23700000879899</C2>
                </COORD>
                <COORD>
                  <C1>6.303000006269555</C1>
                  <C2>46.23600000879858</C2>
                </COORD>
                <COORD>
                  <C1>6.30100000626759</C1>
                  <C2>46.23400000879775</C2>
                </COORD>
                <COORD>
                  <C1>6.2990000062658</C1>
                  <C2>46.23100000879631</C2>
                </COORD>
                <COORD>
                  <C1>6.29700000626383</C1>
                  <C2>46.22900000879548</C2>
                </COORD>
                <COORD>
                  <C1>6.2960000062628465</C1>
                  <C2>46.22800000879506</C2>
                </COORD>
                <COORD>
                  <C1>6.295000006261861</C1>
                  <C2>46.22700000879464</C2>
                </COORD>
                <COORD>
                  <C1>6.2940000062608785</C1>
                  <C2>46.226000008794216</C2>
                </COORD>
                <COORD>
                  <C1>6.29300000625972</C1>
                  <C2>46.22600000879441</C2>
                </COORD>
                <COORD>
                  <C1>6.292000006258559</C1>
                  <C2>46.226000008794614</C2>
                </COORD>
                <COORD>
                  <C1>6.291000006257575</C1>
                  <C2>46.22500000879422</C2>
                </COORD>
                <COORD>
                  <C1>6.290000006256411</C1>
                  <C2>46.22500000879442</C2>
                </COORD>
                <COORD>
                  <C1>6.289000006255428</C1>
                  <C2>46.224000008793986</C2>
                </COORD>
                <COORD>
                  <C1>6.287000006253283</C1>
                  <C2>46.223000008793754</C2>
                </COORD>
                <COORD>
                  <C1>6.285000006251136</C1>
                  <C2>46.22200000879352</C2>
                </COORD>
                <COORD>
                  <C1>6.284000006250149</C1>
                  <C2>46.22100000879311</C2>
                </COORD>
                <COORD>
                  <C1>6.283000006249166</C1>
                  <C2>46.220000008792724</C2>
                </COORD>
                <COORD>
                  <C1>6.282000006248004</C1>
                  <C2>46.22000000879287</C2>
                </COORD>
                <COORD>
                  <C1>6.281000006246842</C1>
                  <C2>46.2200000087931</C2>
                </COORD>
                <COORD>
                  <C1>6.281000006247019</C1>
                  <C2>46.2190000087925</C2>
                </COORD>
                <COORD>
                  <C1>6.280000006245859</C1>
                  <C2>46.21900000879271</C2>
                </COORD>
                <COORD>
                  <C1>6.279000006244871</C1>
                  <C2>46.21800000879226</C2>
                </COORD>
                <COORD>
                  <C1>6.27800000624371</C1>
                  <C2>46.21800000879249</C2>
                </COORD>
                <COORD>
                  <C1>6.278000006243884</C1>
                  <C2>46.217000008791835</C2>
                </COORD>
                <COORD>
                  <C1>6.276000006241561</C1>
                  <C2>46.217000008792226</C2>
                </COORD>
                <COORD>
                  <C1>6.275000006240402</C1>
                  <C2>46.21700000879247</C2>
                </COORD>
                <COORD>
                  <C1>6.274000006239239</C1>
                  <C2>46.21700000879261</C2>
                </COORD>
                <COORD>
                  <C1>6.273000006238253</C1>
                  <C2>46.21600000879219</C2>
                </COORD>
                <COORD>
                  <C1>6.272000006237092</C1>
                  <C2>46.216000008792406</C2>
                </COORD>
                <COORD>
                  <C1>6.271000006235932</C1>
                  <C2>46.21600000879258</C2>
                </COORD>
                <COORD>
                  <C1>6.270000006234768</C1>
                  <C2>46.21600000879283</C2>
                </COORD>
                <COORD>
                  <C1>6.270000006234942</C1>
                  <C2>46.21500000879217</C2>
                </COORD>
                <COORD>
                  <C1>6.269000006233781</C1>
                  <C2>46.21500000879239</C2>
                </COORD>
                <COORD>
                  <C1>6.2680000062324455</C1>
                  <C2>46.21600000879319</C2>
                </COORD>
                <COORD>
                  <C1>6.2670000062312825</C1>
                  <C2>46.21600000879336</C2>
                </COORD>
                <COORD>
                  <C1>6.267000006231457</C1>
                  <C2>46.215000008792764</C2>
                </COORD>
                <COORD>
                  <C1>6.266000006230297</C1>
                  <C2>46.21500000879293</C2>
                </COORD>
                <COORD>
                  <C1>6.2650000062291324</C1>
                  <C2>46.21500000879313</C2>
                </COORD>
                <COORD>
                  <C1>6.2650000062293065</C1>
                  <C2>46.2140000087925</C2>
                </COORD>
                <COORD>
                  <C1>6.264000006228147</C1>
                  <C2>46.21400000879274</C2>
                </COORD>
                <COORD>
                  <C1>6.263000006226983</C1>
                  <C2>46.214000008792915</C2>
                </COORD>
                <COORD>
                  <C1>6.262000006225822</C1>
                  <C2>46.214000008793114</C2>
                </COORD>
                <COORD>
                  <C1>6.261000006224834</C1>
                  <C2>46.21300000879268</C2>
                </COORD>
                <COORD>
                  <C1>6.26000000622367</C1>
                  <C2>46.21300000879287</C2>
                </COORD>
                <COORD>
                  <C1>6.259000006222684</C1>
                  <C2>46.212000008792444</C2>
                </COORD>
                <COORD>
                  <C1>6.25800000622152</C1>
                  <C2>46.212000008792664</C2>
                </COORD>
                <COORD>
                  <C1>6.257000006220356</C1>
                  <C2>46.21200000879286</C2>
                </COORD>
                <COORD>
                  <C1>6.256000006219196</C1>
                  <C2>46.21200000879302</C2>
                </COORD>
                <COORD>
                  <C1>6.256000006219369</C1>
                  <C2>46.21100000879243</C2>
                </COORD>
                <COORD>
                  <C1>6.255000006218207</C1>
                  <C2>46.21100000879265</C2>
                </COORD>
                <COORD>
                  <C1>6.254000006217218</C1>
                  <C2>46.21000000879223</C2>
                </COORD>
                <COORD>
                  <C1>6.253000006216054</C1>
                  <C2>46.210000008792406</C2>
                </COORD>
                <COORD>
                  <C1>6.2530000062162285</C1>
                  <C2>46.20900000879177</C2>
                </COORD>
                <COORD>
                  <C1>6.252000006215065</C1>
                  <C2>46.20900000879199</C2>
                </COORD>
                <COORD>
                  <C1>6.251000006214076</C1>
                  <C2>46.20800000879154</C2>
                </COORD>
                <COORD>
                  <C1>6.250000006212912</C1>
                  <C2>46.208000008791736</C2>
                </COORD>
                <COORD>
                  <C1>6.250000006213086</C1>
                  <C2>46.20700000879114</C2>
                </COORD>
                <COORD>
                  <C1>6.249000006211922</C1>
                  <C2>46.207000008791326</C2>
                </COORD>
                <COORD>
                  <C1>6.248000006210762</C1>
                  <C2>46.2070000087915</C2>
                </COORD>
                <COORD>
                  <C1>6.247000006209423</C1>
                  <C2>46.208000008792304</C2>
                </COORD>
                <COORD>
                  <C1>6.246000006208263</C1>
                  <C2>46.20800000879252</C2>
                </COORD>
                <COORD>
                  <C1>6.246000006208436</C1>
                  <C2>46.20700000879191</C2>
                </COORD>
                <COORD>
                  <C1>6.245000006207272</C1>
                  <C2>46.20700000879211</C2>
                </COORD>
                <COORD>
                  <C1>6.244000006206108</C1>
                  <C2>46.20700000879227</C2>
                </COORD>
                <COORD>
                  <C1>6.2440000062062815</C1>
                  <C2>46.20600000879168</C2>
                </COORD>
                <COORD>
                  <C1>6.243000006205119</C1>
                  <C2>46.2060000087919</C2>
                </COORD>
                <COORD>
                  <C1>6.243000006204944</C1>
                  <C2>46.20700000879245</C2>
                </COORD>
                <COORD>
                  <C1>6.2420000062037815</C1>
                  <C2>46.20700000879269</C2>
                </COORD>
                <COORD>
                  <C1>6.241000006202618</C1>
                  <C2>46.20700000879285</C2>
                </COORD>
                <COORD>
                  <C1>6.240000006201456</C1>
                  <C2>46.20700000879303</C2>
                </COORD>
                <COORD>
                  <C1>6.239000006200291</C1>
                  <C2>46.207000008793244</C2>
                </COORD>
                <COORD>
                  <C1>6.239000006200117</C1>
                  <C2>46.20800000879385</C2>
                </COORD>
                <COORD>
                  <C1>6.238000006198955</C1>
                  <C2>46.208000008794045</C2>
                </COORD>
                <COORD>
                  <C1>6.23700000619779</C1>
                  <C2>46.20800000879424</C2>
                </COORD>
                <COORD>
                  <C1>6.236000006196626</C1>
                  <C2>46.20800000879446</C2>
                </COORD>
                <COORD>
                  <C1>6.235000006195463</C1>
                  <C2>46.208000008794606</C2>
                </COORD>
                <COORD>
                  <C1>6.234000006194301</C1>
                  <C2>46.20800000879481</C2>
                </COORD>
                <COORD>
                  <C1>6.233000006193135</C1>
                  <C2>46.208000008795025</C2>
                </COORD>
                <COORD>
                  <C1>6.233000006193308</C1>
                  <C2>46.2070000087944</C2>
                </COORD>
                <COORD>
                  <C1>6.232000006192145</C1>
                  <C2>46.20700000879457</C2>
                </COORD>
                <COORD>
                  <C1>6.232000006192318</C1>
                  <C2>46.20600000879397</C2>
                </COORD>
                <COORD>
                  <C1>6.231000006191152</C1>
                  <C2>46.20600000879417</C2>
                </COORD>
                <COORD>
                  <C1>6.231000006191325</C1>
                  <C2>46.205000008793526</C2>
                </COORD>
                <COORD>
                  <C1>6.2300000061901635</C1>
                  <C2>46.205000008793725</C2>
                </COORD>
                <COORD>
                  <C1>6.229000006188999</C1>
                  <C2>46.20500000879394</C2>
                </COORD>
                <COORD>
                  <C1>6.22900000618917</C1>
                  <C2>46.2040000087933</C2>
                </COORD>
                <COORD>
                  <C1>6.228000006188006</C1>
                  <C2>46.20400000879351</C2>
                </COORD>
                <COORD>
                  <C1>6.227000006186842</C1>
                  <C2>46.20400000879369</C2>
                </COORD>
                <COORD>
                  <C1>6.226000006185677</C1>
                  <C2>46.20400000879393</C2>
                </COORD>
                <COORD>
                  <C1>6.225000006184686</C1>
                  <C2>46.20300000879348</C2>
                </COORD>
                <COORD>
                  <C1>6.224000006183521</C1>
                  <C2>46.203000008793694</C2>
                </COORD>
                <COORD>
                  <C1>6.223000006182357</C1>
                  <C2>46.203000008793886</C2>
                </COORD>
                <COORD>
                  <C1>6.223000006182527</C1>
                  <C2>46.20200000879328</C2>
                </COORD>
                <COORD>
                  <C1>6.223000006182701</C1>
                  <C2>46.20100000879263</C2>
                </COORD>
                <COORD>
                  <C1>6.2220000061815375</C1>
                  <C2>46.20100000879284</C2>
                </COORD>
                <COORD>
                  <C1>6.221000006180372</C1>
                  <C2>46.201000008793</C2>
                </COORD>
                <COORD>
                  <C1>6.221000006180545</C1>
                  <C2>46.200000008792415</C2>
                </COORD>
                <COORD>
                  <C1>6.220000006179379</C1>
                  <C2>46.20000000879259</C2>
                </COORD>
                <COORD>
                  <C1>6.219000006178042</C1>
                  <C2>46.2010000087934</C2>
                </COORD>
                <COORD>
                  <C1>6.219000006178216</C1>
                  <C2>46.20000000879277</C2>
                </COORD>
                <COORD>
                  <C1>6.218000006177051</C1>
                  <C2>46.200000008792976</C2>
                </COORD>
                <COORD>
                  <C1>6.2180000061772205</C1>
                  <C2>46.19900000879235</C2>
                </COORD>
                <COORD>
                  <C1>6.217000006176056</C1>
                  <C2>46.199000008792545</C2>
                </COORD>
                <COORD>
                  <C1>6.217000006176229</C1>
                  <C2>46.198000008791944</C2>
                </COORD>
                <COORD>
                  <C1>6.2170000061764</C1>
                  <C2>46.19700000879133</C2>
                </COORD>
                <COORD>
                  <C1>6.216000006175238</C1>
                  <C2>46.1970000087915</C2>
                </COORD>
                <COORD>
                  <C1>6.216000006175409</C1>
                  <C2>46.196000008790904</C2>
                </COORD>
                <COORD>
                  <C1>6.215000006174243</C1>
                  <C2>46.19600000879113</C2>
                </COORD>
                <COORD>
                  <C1>6.214000006173078</C1>
                  <C2>46.196000008791295</C2>
                </COORD>
                <COORD>
                  <C1>6.213000006171909</C1>
                  <C2>46.196000008791465</C2>
                </COORD>
                <COORD>
                  <C1>6.213000006172083</C1>
                  <C2>46.19500000879087</C2>
                </COORD>
                <COORD>
                  <C1>6.213000006172256</C1>
                  <C2>46.19400000879028</C2>
                </COORD>
                <COORD>
                  <C1>6.212000006171089</C1>
                  <C2>46.194000008790425</C2>
                </COORD>
                <COORD>
                  <C1>6.211000006169754</C1>
                  <C2>46.195000008791254</C2>
                </COORD>
                <COORD>
                  <C1>6.210000006168588</C1>
                  <C2>46.19500000879141</C2>
                </COORD>
                <COORD>
                  <C1>6.209000006167421</C1>
                  <C2>46.195000008791624</C2>
                </COORD>
                <COORD>
                  <C1>6.209000006167593</C1>
                  <C2>46.194000008790994</C2>
                </COORD>
                <COORD>
                  <C1>6.208000006166428</C1>
                  <C2>46.1940000087912</C2>
                </COORD>
                <COORD>
                  <C1>6.20700000616526</C1>
                  <C2>46.19400000879141</C2>
                </COORD>
                <COORD>
                  <C1>6.2070000061654325</C1>
                  <C2>46.19300000879079</C2>
                </COORD>
                <COORD>
                  <C1>6.206000006164269</C1>
                  <C2>46.193000008790975</C2>
                </COORD>
                <COORD>
                  <C1>6.205000006163103</C1>
                  <C2>46.19300000879115</C2>
                </COORD>
                <COORD>
                  <C1>6.205000006163273</C1>
                  <C2>46.19200000879053</C2>
                </COORD>
                <COORD>
                  <C1>6.205000006163444</C1>
                  <C2>46.191000008789935</C2>
                </COORD>
                <COORD>
                  <C1>6.20400000616228</C1>
                  <C2>46.19100000879012</C2>
                </COORD>
                <COORD>
                  <C1>6.203000006161112</C1>
                  <C2>46.19100000879033</C2>
                </COORD>
                <COORD>
                  <C1>6.203000006161286</C1>
                  <C2>46.1900000087897</C2>
                </COORD>
                <COORD>
                  <C1>6.2030000061614565</C1>
                  <C2>46.18900000878907</C2>
                </COORD>
                <COORD>
                  <C1>6.20200000616029</C1>
                  <C2>46.18900000878931</C2>
                </COORD>
                <COORD>
                  <C1>6.20200000616046</C1>
                  <C2>46.18800000878866</C2>
                </COORD>
                <COORD>
                  <C1>6.201000006159292</C1>
                  <C2>46.188000008788855</C2>
                </COORD>
                <COORD>
                  <C1>6.2000000061581275</C1>
                  <C2>46.188000008789054</C2>
                </COORD>
                <COORD>
                  <C1>6.2000000061583</C1>
                  <C2>46.18700000878841</C2>
                </COORD>
                <COORD>
                  <C1>6.2000000061584695</C1>
                  <C2>46.18600000878782</C2>
                </COORD>
                <COORD>
                  <C1>6.199000006157306</C1>
                  <C2>46.186000008788</C2>
                </COORD>
                <COORD>
                  <C1>6.199000006157475</C1>
                  <C2>46.18500000878737</C2>
                </COORD>
                <COORD>
                  <C1>6.198000006156309</C1>
                  <C2>46.18500000878757</C2>
                </COORD>
                <COORD>
                  <C1>6.198000006156137</C1>
                  <C2>46.1860000087882</C2>
                </COORD>
                <COORD>
                  <C1>6.19700000615497</C1>
                  <C2>46.186000008788376</C2>
                </COORD>
                <COORD>
                  <C1>6.196000006153805</C1>
                  <C2>46.18600000878859</C2>
                </COORD>
                <COORD>
                  <C1>6.196000006153975</C1>
                  <C2>46.185000008787945</C2>
                </COORD>
                <COORD>
                  <C1>6.19500000615281</C1>
                  <C2>46.18500000878814</C2>
                </COORD>
                <COORD>
                  <C1>6.194000006151641</C1>
                  <C2>46.18500000878836</C2>
                </COORD>
                <COORD>
                  <C1>6.1940000061518115</C1>
                  <C2>46.18400000878773</C2>
                </COORD>
                <COORD>
                  <C1>6.193000006150646</C1>
                  <C2>46.18400000878792</C2>
                </COORD>
                <COORD>
                  <C1>6.192000006149478</C1>
                  <C2>46.184000008788075</C2>
                </COORD>
                <COORD>
                  <C1>6.1920000061496525</C1>
                  <C2>46.18300000878749</C2>
                </COORD>
                <COORD>
                  <C1>6.191000006148483</C1>
                  <C2>46.18300000878767</C2>
                </COORD>
                <COORD>
                  <C1>6.190000006147315</C1>
                  <C2>46.18300000878789</C2>
                </COORD>
                <COORD>
                  <C1>6.190000006147489</C1>
                  <C2>46.18200000878725</C2>
                </COORD>
                <COORD>
                  <C1>6.189000006146319</C1>
                  <C2>46.18200000878747</C2>
                </COORD>
                <COORD>
                  <C1>6.1890000061461485</C1>
                  <C2>46.18300000878804</C2>
                </COORD>
                <COORD>
                  <C1>6.188000006145151</C1>
                  <C2>46.18200000878761</C2>
                </COORD>
                <COORD>
                  <C1>6.188000006145324</C1>
                  <C2>46.18100000878699</C2>
                </COORD>
                <COORD>
                  <C1>6.188000006145493</C1>
                  <C2>46.1800000087864</C2>
                </COORD>
                <COORD>
                  <C1>6.187000006144327</C1>
                  <C2>46.18000000878658</C2>
                </COORD>
                <COORD>
                  <C1>6.187000006144498</C1>
                  <C2>46.17900000878595</C2>
                </COORD>
                <COORD>
                  <C1>6.187000006144667</C1>
                  <C2>46.178000008785354</C2>
                </COORD>
                <COORD>
                  <C1>6.187000006144837</C1>
                  <C2>46.17700000878473</C2>
                </COORD>
                <COORD>
                  <C1>6.188000006146173</C1>
                  <C2>46.17600000878391</C2>
                </COORD>
                <COORD>
                  <C1>6.189000006148024</C1>
                  <C2>46.17200000878124</C2>
                </COORD>
                <COORD>
                  <C1>6.190000006149872</C1>
                  <C2>46.16800000877859</C2>
                </COORD>
                <COORD>
                  <C1>6.189000006148704</C1>
                  <C2>46.16800000877881</C2>
                </COORD>
                <COORD>
                  <C1>6.186000006145542</C1>
                  <C2>46.16600000877811</C2>
                </COORD>
                <COORD>
                  <C1>6.184000006143375</C1>
                  <C2>46.165000008777874</C2>
                </COORD>
                <COORD>
                  <C1>6.180000006139041</C1>
                  <C2>46.1630000087774</C2>
                </COORD>
                <COORD>
                  <C1>6.179000006138046</C1>
                  <C2>46.16200000877699</C2>
                </COORD>
                <COORD>
                  <C1>6.178000006137045</C1>
                  <C2>46.161000008776554</C2>
                </COORD>
                <COORD>
                  <C1>6.1760000061348785</C1>
                  <C2>46.160000008776315</C2>
                </COORD>
                <COORD>
                  <C1>6.175000006133711</C1>
                  <C2>46.160000008776514</C2>
                </COORD>
                <COORD>
                  <C1>6.173000006131542</C1>
                  <C2>46.15900000877624</C2>
                </COORD>
                <COORD>
                  <C1>6.171000006129207</C1>
                  <C2>46.159000008776644</C2>
                </COORD>
                <COORD>
                  <C1>6.169000006126867</C1>
                  <C2>46.15900000877701</C2>
                </COORD>
                <COORD>
                  <C1>6.168000006125867</C1>
                  <C2>46.15800000877663</C2>
                </COORD>
                <COORD>
                  <C1>6.165000006122527</C1>
                  <C2>46.157000008776556</C2>
                </COORD>
                <COORD>
                  <C1>6.1620000061191895</C1>
                  <C2>46.15600000877648</C2>
                </COORD>
                <COORD>
                  <C1>6.160000006116851</C1>
                  <C2>46.15600000877685</C2>
                </COORD>
                <COORD>
                  <C1>6.15900000611585</C1>
                  <C2>46.15500000877643</C2>
                </COORD>
                <COORD>
                  <C1>6.15800000611468</C1>
                  <C2>46.15500000877663</C2>
                </COORD>
                <COORD>
                  <C1>6.15800000611485</C1>
                  <C2>46.15400000877602</C2>
                </COORD>
                <COORD>
                  <C1>6.157000006113679</C1>
                  <C2>46.15400000877621</C2>
                </COORD>
                <COORD>
                  <C1>6.155000006111341</C1>
                  <C2>46.15400000877657</C2>
                </COORD>
                <COORD>
                  <C1>6.152000006107999</C1>
                  <C2>46.1530000087765</C2>
                </COORD>
                <COORD>
                  <C1>6.150000006105828</C1>
                  <C2>46.15200000877626</C2>
                </COORD>
                <COORD>
                  <C1>6.149000006104656</C1>
                  <C2>46.15200000877644</C2>
                </COORD>
                <COORD>
                  <C1>6.147000006102821</C1>
                  <C2>46.149000008774955</C2>
                </COORD>
                <COORD>
                  <C1>6.148000006103992</C1>
                  <C2>46.14900000877479</C2>
                </COORD>
                <COORD>
                  <C1>6.146000006101987</C1>
                  <C2>46.147000008773944</C2>
                </COORD>
                <COORD>
                  <C1>6.145000006100815</C1>
                  <C2>46.14700000877411</C2>
                </COORD>
                <COORD>
                  <C1>6.143000006098306</C1>
                  <C2>46.1480000087751</C2>
                </COORD>
                <COORD>
                  <C1>6.142000006097135</C1>
                  <C2>46.14800000877529</C2>
                </COORD>
                <COORD>
                  <C1>6.142000006097305</C1>
                  <C2>46.14700000877469</C2>
                </COORD>
                <COORD>
                  <C1>6.141000006096133</C1>
                  <C2>46.14700000877483</C2>
                </COORD>
                <COORD>
                  <C1>6.1410000060963</C1>
                  <C2>46.146000008774195</C2>
                </COORD>
                <COORD>
                  <C1>6.14000000609513</C1>
                  <C2>46.146000008774436</C2>
                </COORD>
                <COORD>
                  <C1>6.139000006093958</C1>
                  <C2>46.146000008774585</C2>
                </COORD>
                <COORD>
                  <C1>6.139000006094127</C1>
                  <C2>46.14500000877399</C2>
                </COORD>
                <COORD>
                  <C1>6.138000006092958</C1>
                  <C2>46.145000008774204</C2>
                </COORD>
                <COORD>
                  <C1>6.137000006091785</C1>
                  <C2>46.145000008774375</C2>
                </COORD>
                <COORD>
                  <C1>6.137000006091953</C1>
                  <C2>46.144000008773745</C2>
                </COORD>
                <COORD>
                  <C1>6.137000006092118</C1>
                  <C2>46.14300000877312</C2>
                </COORD>
                <COORD>
                  <C1>6.134000006088607</C1>
                  <C2>46.143000008773704</C2>
                </COORD>
                <COORD>
                  <C1>6.133000006087437</C1>
                  <C2>46.14300000877385</C2>
                </COORD>
                <COORD>
                  <C1>6.132000006086433</C1>
                  <C2>46.14200000877345</C2>
                </COORD>
                <COORD>
                  <C1>6.131000006085261</C1>
                  <C2>46.14200000877364</C2>
                </COORD>
                <COORD>
                  <C1>6.129000006082918</C1>
                  <C2>46.14200000877403</C2>
                </COORD>
                <COORD>
                  <C1>6.127000006080576</C1>
                  <C2>46.1420000087744</C2>
                </COORD>
                <COORD>
                  <C1>6.127000006080409</C1>
                  <C2>46.14300000877502</C2>
                </COORD>
                <COORD>
                  <C1>6.126000006079238</C1>
                  <C2>46.14300000877518</C2>
                </COORD>
                <COORD>
                  <C1>6.125000006078065</C1>
                  <C2>46.14300000877535</C2>
                </COORD>
                <COORD>
                  <C1>6.1250000060778955</C1>
                  <C2>46.14400000877599</C2>
                </COORD>
                <COORD>
                  <C1>6.124000006076725</C1>
                  <C2>46.14400000877621</C2>
                </COORD>
                <COORD>
                  <C1>6.123000006075553</C1>
                  <C2>46.14400000877638</C2>
                </COORD>
                <COORD>
                  <C1>6.122000006074381</C1>
                  <C2>46.14400000877655</C2>
                </COORD>
                <COORD>
                  <C1>6.12100000607321</C1>
                  <C2>46.14400000877675</C2>
                </COORD>
                <COORD>
                  <C1>6.121000006073044</C1>
                  <C2>46.14500000877737</C2>
                </COORD>
                <COORD>
                  <C1>6.120000006072039</C1>
                  <C2>46.144000008776935</C2>
                </COORD>
                <COORD>
                  <C1>6.119000006070699</C1>
                  <C2>46.14500000877775</C2>
                </COORD>
                <COORD>
                  <C1>6.118000006069527</C1>
                  <C2>46.14500000877794</C2>
                </COORD>
                <COORD>
                  <C1>6.117000006068356</C1>
                  <C2>46.14500000877812</C2>
                </COORD>
                <COORD>
                  <C1>6.116000006067185</C1>
                  <C2>46.1450000087783</C2>
                </COORD>
                <COORD>
                  <C1>6.115000006066013</C1>
                  <C2>46.14500000877848</C2>
                </COORD>
                <COORD>
                  <C1>6.114000006064841</C1>
                  <C2>46.145000008778666</C2>
                </COORD>
                <COORD>
                  <C1>6.113000006063667</C1>
                  <C2>46.145000008778865</C2>
                </COORD>
                <COORD>
                  <C1>6.112000006062495</C1>
                  <C2>46.14500000877907</C2>
                </COORD>
                <COORD>
                  <C1>6.111000006061321</C1>
                  <C2>46.145000008779206</C2>
                </COORD>
                <COORD>
                  <C1>6.110000006060149</C1>
                  <C2>46.145000008779405</C2>
                </COORD>
                <COORD>
                  <C1>6.109000006058978</C1>
                  <C2>46.145000008779576</C2>
                </COORD>
                <COORD>
                  <C1>6.1080000060578055</C1>
                  <C2>46.145000008779775</C2>
                </COORD>
                <COORD>
                  <C1>6.107000006056632</C1>
                  <C2>46.145000008779974</C2>
                </COORD>
                <COORD>
                  <C1>6.107000006056466</C1>
                  <C2>46.1460000087806</C2>
                </COORD>
                <COORD>
                  <C1>6.106000006055293</C1>
                  <C2>46.14600000878077</C2>
                </COORD>
                <COORD>
                  <C1>6.105000006054121</C1>
                  <C2>46.14600000878095</C2>
                </COORD>
                <COORD>
                  <C1>6.104000006052948</C1>
                  <C2>46.146000008781165</C2>
                </COORD>
                <COORD>
                  <C1>6.103000006051774</C1>
                  <C2>46.146000008781364</C2>
                </COORD>
                <COORD>
                  <C1>6.102000006050603</C1>
                  <C2>46.14600000878155</C2>
                </COORD>
                <COORD>
                  <C1>6.101000006049431</C1>
                  <C2>46.14600000878174</C2>
                </COORD>
                <COORD>
                  <C1>6.1000000060482575</C1>
                  <C2>46.1460000087819</C2>
                </COORD>
                <COORD>
                  <C1>6.099000006047083</C1>
                  <C2>46.14600000878207</C2>
                </COORD>
                <COORD>
                  <C1>6.097000006044071</C1>
                  <C2>46.15000000878493</C2>
                </COORD>
                <COORD>
                  <C1>6.096000006042734</C1>
                  <C2>46.15100000878575</C2>
                </COORD>
                <COORD>
                  <C1>6.094000006040221</C1>
                  <C2>46.152000008786736</C2>
                </COORD>
                <COORD>
                  <C1>6.094000006040058</C1>
                  <C2>46.15300000878739</C2>
                </COORD>
                <COORD>
                  <C1>6.093000006038715</C1>
                  <C2>46.15400000878822</C2>
                </COORD>
                <COORD>
                  <C1>6.0920000060375425</C1>
                  <C2>46.15400000878833</C2>
                </COORD>
                <COORD>
                  <C1>6.082000006026142</C1>
                  <C2>46.15200000878898</C2>
                </COORD>
                <COORD>
                  <C1>6.076000006019265</C1>
                  <C2>46.15100000878945</C2>
                </COORD>
                <COORD>
                  <C1>6.075000006018092</C1>
                  <C2>46.15100000878963</C2>
                </COORD>
                <COORD>
                  <C1>6.07300000601558</C1>
                  <C2>46.15200000879062</C2>
                </COORD>
                <COORD>
                  <C1>6.061000006001321</C1>
                  <C2>46.153000008793484</C2>
                </COORD>
                <COORD>
                  <C1>6.053000005991923</C1>
                  <C2>46.153000008794955</C2>
                </COORD>
                <COORD>
                  <C1>6.0490000059878835</C1>
                  <C2>46.1490000087932</C2>
                </COORD>
                <COORD>
                  <C1>6.048000005987201</C1>
                  <C2>46.14600000879152</C2>
                </COORD>
                <COORD>
                  <C1>6.04800000598753</C1>
                  <C2>46.14400000879033</C2>
                </COORD>
                <COORD>
                  <C1>6.046000005985508</C1>
                  <C2>46.14200000878942</C2>
                </COORD>
                <COORD>
                  <C1>6.044000005982989</C1>
                  <C2>46.14300000879041</C2>
                </COORD>
                <COORD>
                  <C1>6.043000005981818</C1>
                  <C2>46.143000008790594</C2>
                </COORD>
                <COORD>
                  <C1>6.042000005980802</C1>
                  <C2>46.142000008790134</C2>
                </COORD>
                <COORD>
                  <C1>6.04100000597963</C1>
                  <C2>46.14200000879034</C2>
                </COORD>
                <COORD>
                  <C1>6.040000005978452</C1>
                  <C2>46.1420000087905</C2>
                </COORD>
                <COORD>
                  <C1>6.040000005978616</C1>
                  <C2>46.14100000878988</C2>
                </COORD>
                <COORD>
                  <C1>6.03900000597744</C1>
                  <C2>46.14100000879007</C2>
                </COORD>
                <COORD>
                  <C1>6.039000005977605</C1>
                  <C2>46.14000000878945</C2>
                </COORD>
                <COORD>
                  <C1>6.038000005976428</C1>
                  <C2>46.140000008789656</C2>
                </COORD>
                <COORD>
                  <C1>6.0370000059754165</C1>
                  <C2>46.13900000878918</C2>
                </COORD>
                <COORD>
                  <C1>6.03700000597558</C1>
                  <C2>46.13800000878858</C2>
                </COORD>
                <COORD>
                  <C1>6.036000005974567</C1>
                  <C2>46.13700000878811</C2>
                </COORD>
                <COORD>
                  <C1>6.03500000597339</C1>
                  <C2>46.137000008788334</C2>
                </COORD>
                <COORD>
                  <C1>6.0350000059732265</C1>
                  <C2>46.138000008788936</C2>
                </COORD>
                <COORD>
                  <C1>6.034000005972049</C1>
                  <C2>46.13800000878912</C2>
                </COORD>
                <COORD>
                  <C1>6.034000005971887</C1>
                  <C2>46.139000008789736</C2>
                </COORD>
                <COORD>
                  <C1>6.034000005971724</C1>
                  <C2>46.14000000879037</C2>
                </COORD>
                <COORD>
                  <C1>6.034000005971561</C1>
                  <C2>46.141000008790975</C2>
                </COORD>
                <COORD>
                  <C1>6.033000005970384</C1>
                  <C2>46.14100000879118</C2>
                </COORD>
                <COORD>
                  <C1>6.033000005970546</C1>
                  <C2>46.14000000879055</C2>
                </COORD>
                <COORD>
                  <C1>6.032000005969371</C1>
                  <C2>46.140000008790715</C2>
                </COORD>
                <COORD>
                  <C1>6.032000005969206</C1>
                  <C2>46.14100000879135</C2>
                </COORD>
                <COORD>
                  <C1>6.03100000596803</C1>
                  <C2>46.141000008791536</C2>
                </COORD>
                <COORD>
                  <C1>6.030000005966854</C1>
                  <C2>46.14100000879177</C2>
                </COORD>
                <COORD>
                  <C1>6.029000005965514</C1>
                  <C2>46.14200000879257</C2>
                </COORD>
                <COORD>
                  <C1>6.028000005964337</C1>
                  <C2>46.14200000879274</C2>
                </COORD>
                <COORD>
                  <C1>6.027000005963159</C1>
                  <C2>46.14200000879288</C2>
                </COORD>
                <COORD>
                  <C1>6.026000005961982</C1>
                  <C2>46.142000008793076</C2>
                </COORD>
                <COORD>
                  <C1>6.025000005960808</C1>
                  <C2>46.142000008793296</C2>
                </COORD>
                <COORD>
                  <C1>6.02400000595963</C1>
                  <C2>46.14200000879347</C2>
                </COORD>
                <COORD>
                  <C1>6.024000005959467</C1>
                  <C2>46.143000008794054</C2>
                </COORD>
                <COORD>
                  <C1>6.0230000059582895</C1>
                  <C2>46.14300000879427</C2>
                </COORD>
                <COORD>
                  <C1>6.0220000059571115</C1>
                  <C2>46.143000008794445</C2>
                </COORD>
                <COORD>
                  <C1>6.021000005955935</C1>
                  <C2>46.14300000879464</C2>
                </COORD>
                <COORD>
                  <C1>6.021000005955772</C1>
                  <C2>46.14400000879523</C2>
                </COORD>
                <COORD>
                  <C1>6.020000005954595</C1>
                  <C2>46.14400000879544</C2>
                </COORD>
                <COORD>
                  <C1>6.019000005953419</C1>
                  <C2>46.14400000879562</C2>
                </COORD>
                <COORD>
                  <C1>6.018000005952075</C1>
                  <C2>46.1450000087964</C2>
                </COORD>
                <COORD>
                  <C1>6.017000005950904</C1>
                  <C2>46.14500000879661</C2>
                </COORD>
                <COORD>
                  <C1>6.016000005949724</C1>
                  <C2>46.145000008796806</C2>
                </COORD>
                <COORD>
                  <C1>6.015000005948545</C1>
                  <C2>46.14500000879698</C2>
                </COORD>
                <COORD>
                  <C1>6.01500000594871</C1>
                  <C2>46.14400000879638</C2>
                </COORD>
                <COORD>
                  <C1>6.014000005947533</C1>
                  <C2>46.14400000879652</C2>
                </COORD>
                <COORD>
                  <C1>6.013000005946355</C1>
                  <C2>46.1440000087967</C2>
                </COORD>
                <COORD>
                  <C1>6.0120000059451755</C1>
                  <C2>46.14400000879685</C2>
                </COORD>
                <COORD>
                  <C1>6.011000005944003</C1>
                  <C2>46.14400000879709</C2>
                </COORD>
                <COORD>
                  <C1>6.010000005942823</C1>
                  <C2>46.14400000879723</C2>
                </COORD>
                <COORD>
                  <C1>6.010000005942659</C1>
                  <C2>46.14500000879788</C2>
                </COORD>
                <COORD>
                  <C1>6.009000005941483</C1>
                  <C2>46.145000008798064</C2>
                </COORD>
                <COORD>
                  <C1>6.008000005940468</C1>
                  <C2>46.144000008797654</C2>
                </COORD>
                <COORD>
                  <C1>6.00700000593929</C1>
                  <C2>46.14400000879781</C2>
                </COORD>
                <COORD>
                  <C1>6.006000005938114</C1>
                  <C2>46.144000008798</C2>
                </COORD>
                <COORD>
                  <C1>6.005000005936935</C1>
                  <C2>46.14400000879814</C2>
                </COORD>
                <COORD>
                  <C1>6.004000005935756</C1>
                  <C2>46.14400000879835</C2>
                </COORD>
                <COORD>
                  <C1>6.003000005934582</C1>
                  <C2>46.144000008798535</C2>
                </COORD>
                <COORD>
                  <C1>6.002000005933401</C1>
                  <C2>46.144000008798734</C2>
                </COORD>
                <COORD>
                  <C1>6.001000005932227</C1>
                  <C2>46.14400000879889</C2>
                </COORD>
                <COORD>
                  <C1>6.001000005932061</C1>
                  <C2>46.145000008799514</C2>
                </COORD>
                <COORD>
                  <C1>6.000000005930884</C1>
                  <C2>46.14500000879971</C2>
                </COORD>
                <COORD>
                  <C1>5.999000005929705</C1>
                  <C2>46.14500000879991</C2>
                </COORD>
                <COORD>
                  <C1>5.998000005928528</C1>
                  <C2>46.14500000880006</C2>
                </COORD>
                <COORD>
                  <C1>5.99700000592735</C1>
                  <C2>46.14500000880027</C2>
                </COORD>
                <COORD>
                  <C1>5.9970000059271875</C1>
                  <C2>46.14600000880092</C2>
                </COORD>
                <COORD>
                  <C1>5.996000005926008</C1>
                  <C2>46.14600000880103</C2>
                </COORD>
                <COORD>
                  <C1>5.996000005926174</C1>
                  <C2>46.14500000880044</C2>
                </COORD>
                <COORD>
                  <C1>5.995000005924994</C1>
                  <C2>46.14500000880067</C2>
                </COORD>
                <COORD>
                  <C1>5.995000005924831</C1>
                  <C2>46.14600000880127</C2>
                </COORD>
                <COORD>
                  <C1>5.9940000059236525</C1>
                  <C2>46.146000008801416</C2>
                </COORD>
                <COORD>
                  <C1>5.993000005922474</C1>
                  <C2>46.14600000880161</C2>
                </COORD>
                <COORD>
                  <C1>5.992000005921296</C1>
                  <C2>46.14600000880176</C2>
                </COORD>
                <COORD>
                  <C1>5.992000005921459</C1>
                  <C2>46.14500000880116</C2>
                </COORD>
                <COORD>
                  <C1>5.991000005920281</C1>
                  <C2>46.145000008801354</C2>
                </COORD>
                <COORD>
                  <C1>5.990000005919103</C1>
                  <C2>46.14500000880154</C2>
                </COORD>
                <COORD>
                  <C1>5.99000000591894</C1>
                  <C2>46.146000008802154</C2>
                </COORD>
                <COORD>
                  <C1>5.989000005917923</C1>
                  <C2>46.145000008801745</C2>
                </COORD>
                <COORD>
                  <C1>5.988000005916746</C1>
                  <C2>46.145000008801894</C2>
                </COORD>
                <COORD>
                  <C1>5.988000005916908</C1>
                  <C2>46.144000008801285</C2>
                </COORD>
                <COORD>
                  <C1>5.987000005915566</C1>
                  <C2>46.145000008802064</C2>
                </COORD>
                <COORD>
                  <C1>5.98600000591439</C1>
                  <C2>46.14500000880226</C2>
                </COORD>
                <COORD>
                  <C1>5.985000005913208</C1>
                  <C2>46.145000008802434</C2>
                </COORD>
                <COORD>
                  <C1>5.984000005912031</C1>
                  <C2>46.14500000880263</C2>
                </COORD>
                <COORD>
                  <C1>5.984000005912192</C1>
                  <C2>46.14400000880198</C2>
                </COORD>
                <COORD>
                  <C1>5.983000005911013</C1>
                  <C2>46.14400000880215</C2>
                </COORD>
                <COORD>
                  <C1>5.983000005911176</C1>
                  <C2>46.14300000880155</C2>
                </COORD>
                <COORD>
                  <C1>5.984000005912355</C1>
                  <C2>46.14300000880138</C2>
                </COORD>
                <COORD>
                  <C1>5.983000005911337</C1>
                  <C2>46.14200000880093</C2>
                </COORD>
                <COORD>
                  <C1>5.9830000059115</C1>
                  <C2>46.14100000880031</C2>
                </COORD>
                <COORD>
                  <C1>5.983000005911825</C1>
                  <C2>46.13900000879906</C2>
                </COORD>
                <COORD>
                  <C1>5.98100000590963</C1>
                  <C2>46.138000008798834</C2>
                </COORD>
                <COORD>
                  <C1>5.980000005908612</C1>
                  <C2>46.137000008798395</C2>
                </COORD>
                <COORD>
                  <C1>5.978000005906577</C1>
                  <C2>46.13500000879748</C2>
                </COORD>
                <COORD>
                  <C1>5.977000005905397</C1>
                  <C2>46.13500000879766</C2>
                </COORD>
                <COORD>
                  <C1>5.976000005904219</C1>
                  <C2>46.13500000879787</C2>
                </COORD>
                <COORD>
                  <C1>5.9750000059031985</C1>
                  <C2>46.1340000087974</C2>
                </COORD>
                <COORD>
                  <C1>5.974000005902021</C1>
                  <C2>46.13400000879756</C2>
                </COORD>
                <COORD>
                  <C1>5.9730000059008415</C1>
                  <C2>46.134000008797756</C2>
                </COORD>
                <COORD>
                  <C1>5.972000005899662</C1>
                  <C2>46.134000008797955</C2>
                </COORD>
                <COORD>
                  <C1>5.971000005898483</C1>
                  <C2>46.134000008798104</C2>
                </COORD>
                <COORD>
                  <C1>5.970000005897301</C1>
                  <C2>46.134000008798296</C2>
                </COORD>
                <COORD>
                  <C1>5.970000005897463</C1>
                  <C2>46.133000008797694</C2>
                </COORD>
                <COORD>
                  <C1>5.9690000058962855</C1>
                  <C2>46.13300000879787</C2>
                </COORD>
                <COORD>
                  <C1>5.968000005895105</C1>
                  <C2>46.13300000879806</C2>
                </COORD>
                <COORD>
                  <C1>5.968000005895267</C1>
                  <C2>46.132000008797405</C2>
                </COORD>
                <COORD>
                  <C1>5.967000005894085</C1>
                  <C2>46.13200000879758</C2>
                </COORD>
                <COORD>
                  <C1>5.966000005892904</C1>
                  <C2>46.13200000879781</C2>
                </COORD>
                <COORD>
                  <C1>5.965000005891727</C1>
                  <C2>46.132000008797974</C2>
                </COORD>
                <COORD>
                  <C1>5.963000005889365</C1>
                  <C2>46.13200000879831</C2>
                </COORD>
                <COORD>
                  <C1>5.962000005888022</C1>
                  <C2>46.1330000087992</C2>
                </COORD>
                <COORD>
                  <C1>5.962000005888184</C1>
                  <C2>46.1320000087985</C2>
                </COORD>
                <COORD>
                  <C1>5.961000005887005</C1>
                  <C2>46.1320000087987</C2>
                </COORD>
                <COORD>
                  <C1>5.960000005885985</C1>
                  <C2>46.131000008798246</C2>
                </COORD>
                <COORD>
                  <C1>5.958000005883787</C1>
                  <C2>46.13000000879802</C2>
                </COORD>
                <COORD>
                  <C1>5.958000005883625</C1>
                  <C2>46.13100000879865</C2>
                </COORD>
                <COORD>
                  <C1>5.957000005881961</C1>
                  <C2>46.134000008800655</C2>
                </COORD>
                <COORD>
                  <C1>5.958000005882981</C1>
                  <C2>46.135000008801114</C2>
                </COORD>
                <COORD>
                  <C1>5.959000005884</C1>
                  <C2>46.13600000880153</C2>
                </COORD>
                <COORD>
                  <C1>5.9600000058851785</C1>
                  <C2>46.13600000880141</C2>
                </COORD>
                <COORD>
                  <C1>5.963000005888558</C1>
                  <C2>46.137000008801486</C2>
                </COORD>
                <COORD>
                  <C1>5.964000005889577</C1>
                  <C2>46.13800000880189</C2>
                </COORD>
                <COORD>
                  <C1>5.965000005890758</C1>
                  <C2>46.13800000880173</C2>
                </COORD>
                <COORD>
                  <C1>5.966000005891935</C1>
                  <C2>46.138000008801576</C2>
                </COORD>
                <COORD>
                  <C1>5.966000005891775</C1>
                  <C2>46.13900000880215</C2>
                </COORD>
                <COORD>
                  <C1>5.967000005892795</C1>
                  <C2>46.14000000880261</C2>
                </COORD>
                <COORD>
                  <C1>5.967000005892633</C1>
                  <C2>46.141000008803225</C2>
                </COORD>
                <COORD>
                  <C1>5.967000005892471</C1>
                  <C2>46.142000008803855</C2>
                </COORD>
                <COORD>
                  <C1>5.96600000589129</C1>
                  <C2>46.142000008804054</C2>
                </COORD>
                <COORD>
                  <C1>5.9650000058899515</C1>
                  <C2>46.14300000880486</C2>
                </COORD>
                <COORD>
                  <C1>5.965000005889788</C1>
                  <C2>46.144000008805456</C2>
                </COORD>
                <COORD>
                  <C1>5.965000005889626</C1>
                  <C2>46.14500000880607</C2>
                </COORD>
                <COORD>
                  <C1>5.965000005889465</C1>
                  <C2>46.14600000880669</C2>
                </COORD>
                <COORD>
                  <C1>5.965000005889303</C1>
                  <C2>46.14700000880732</C2>
                </COORD>
                <COORD>
                  <C1>5.965000005889142</C1>
                  <C2>46.148000008807955</C2>
                </COORD>
                <COORD>
                  <C1>5.96600000589032</C1>
                  <C2>46.14800000880779</C2>
                </COORD>
                <COORD>
                  <C1>5.966000005890157</C1>
                  <C2>46.149000008808386</C2>
                </COORD>
                <COORD>
                  <C1>5.967000005891338</C1>
                  <C2>46.14900000880818</C2>
                </COORD>
                <COORD>
                  <C1>5.967000005891177</C1>
                  <C2>46.15000000880883</C2>
                </COORD>
                <COORD>
                  <C1>5.968000005892357</C1>
                  <C2>46.15000000880863</C2>
                </COORD>
                <COORD>
                  <C1>5.968000005892194</C1>
                  <C2>46.151000008809255</C2>
                </COORD>
                <COORD>
                  <C1>5.970000005894066</C1>
                  <C2>46.154000008810776</C2>
                </COORD>
                <COORD>
                  <C1>5.973000005897116</C1>
                  <C2>46.15700000881207</C2>
                </COORD>
                <COORD>
                  <C1>5.974000005898135</C1>
                  <C2>46.158000008812515</C2>
                </COORD>
                <COORD>
                  <C1>5.974000005897971</C1>
                  <C2>46.15900000881312</C2>
                </COORD>
                <COORD>
                  <C1>5.975000005898987</C1>
                  <C2>46.16000000881357</C2>
                </COORD>
                <COORD>
                  <C1>5.975000005898823</C1>
                  <C2>46.16100000881421</C2>
                </COORD>
                <COORD>
                  <C1>5.977000005900855</C1>
                  <C2>46.16300000881509</C2>
                </COORD>
                <COORD>
                  <C1>5.977000005900693</C1>
                  <C2>46.1640000088157</C2>
                </COORD>
                <COORD>
                  <C1>5.9800000059035785</C1>
                  <C2>46.16800000881764</C2>
                </COORD>
                <COORD>
                  <C1>5.9810000059047566</C1>
                  <C2>46.16800000881745</C2>
                </COORD>
                <COORD>
                  <C1>5.981000005904594</C1>
                  <C2>46.16900000881806</C2>
                </COORD>
                <COORD>
                  <C1>5.982000005905283</C1>
                  <C2>46.17200000881974</C2>
                </COORD>
                <COORD>
                  <C1>5.982000005905119</C1>
                  <C2>46.17300000882038</C2>
                </COORD>
                <COORD>
                  <C1>5.983000005905969</C1>
                  <C2>46.17500000882144</C2>
                </COORD>
                <COORD>
                  <C1>5.983000005905808</C1>
                  <C2>46.17600000882203</C2>
                </COORD>
                <COORD>
                  <C1>5.984000005906984</C1>
                  <C2>46.176000008821866</C2>
                </COORD>
                <COORD>
                  <C1>5.9850000059081605</C1>
                  <C2>46.17600000882166</C2>
                </COORD>
                <COORD>
                  <C1>5.985000005908327</C1>
                  <C2>46.17500000882106</C2>
                </COORD>
                <COORD>
                  <C1>5.986000005909503</C1>
                  <C2>46.17500000882085</C2>
                </COORD>
                <COORD>
                  <C1>5.987000005910845</C1>
                  <C2>46.17400000882008</C2>
                </COORD>
                <COORD>
                  <C1>5.987000005911006</C1>
                  <C2>46.17300000881947</C2>
                </COORD>
                <COORD>
                  <C1>5.988000005912187</C1>
                  <C2>46.17300000881926</C2>
                </COORD>
                <COORD>
                  <C1>5.9880000059123475</C1>
                  <C2>46.172000008818685</C2>
                </COORD>
                <COORD>
                  <C1>5.989000005913362</C1>
                  <C2>46.173000008819066</C2>
                </COORD>
                <COORD>
                  <C1>5.9890000059132005</C1>
                  <C2>46.17400000881972</C2>
                </COORD>
                <COORD>
                  <C1>5.990000005914378</C1>
                  <C2>46.174000008819505</C2>
                </COORD>
                <COORD>
                  <C1>5.990000005914214</C1>
                  <C2>46.17500000882016</C2>
                </COORD>
                <COORD>
                  <C1>5.990000005914047</C1>
                  <C2>46.17600000882075</C2>
                </COORD>
                <COORD>
                  <C1>5.9910000059150645</C1>
                  <C2>46.17700000882118</C2>
                </COORD>
                <COORD>
                  <C1>5.9910000059149</C1>
                  <C2>46.17800000882181</C2>
                </COORD>
                <COORD>
                  <C1>5.992000005916077</C1>
                  <C2>46.178000008821606</C2>
                </COORD>
                <COORD>
                  <C1>5.992000005915911</C1>
                  <C2>46.17900000882227</C2>
                </COORD>
                <COORD>
                  <C1>5.991000005914735</C1>
                  <C2>46.179000008822435</C2>
                </COORD>
                <COORD>
                  <C1>5.991000005914573</C1>
                  <C2>46.18000000882306</C2>
                </COORD>
                <COORD>
                  <C1>5.99200000591575</C1>
                  <C2>46.18000000882286</C2>
                </COORD>
                <COORD>
                  <C1>5.992000005915587</C1>
                  <C2>46.1810000088235</C2>
                </COORD>
                <COORD>
                  <C1>5.9930000059167625</C1>
                  <C2>46.181000008823325</C2>
                </COORD>
                <COORD>
                  <C1>5.994000005917941</C1>
                  <C2>46.18100000882313</C2>
                </COORD>
                <COORD>
                  <C1>5.994000005917778</C1>
                  <C2>46.182000008823756</C2>
                </COORD>
                <COORD>
                  <C1>5.995000005918952</C1>
                  <C2>46.18200000882356</C2>
                </COORD>
                <COORD>
                  <C1>5.995000005918788</C1>
                  <C2>46.18300000882424</C2>
                </COORD>
                <COORD>
                  <C1>5.995000005918623</C1>
                  <C2>46.18400000882478</C2>
                </COORD>
                <COORD>
                  <C1>5.996000005919803</C1>
                  <C2>46.184000008824604</C2>
                </COORD>
                <COORD>
                  <C1>5.9960000059196386</C1>
                  <C2>46.185000008825234</C2>
                </COORD>
                <COORD>
                  <C1>5.995000005918461</C1>
                  <C2>46.18500000882544</C2>
                </COORD>
                <COORD>
                  <C1>5.995000005918297</C1>
                  <C2>46.18600000882604</C2>
                </COORD>
                <COORD>
                  <C1>5.994000005917121</C1>
                  <C2>46.18600000882618</C2>
                </COORD>
                <COORD>
                  <C1>5.9940000059169565</C1>
                  <C2>46.18700000882683</C2>
                </COORD>
                <COORD>
                  <C1>5.993000005915779</C1>
                  <C2>46.18700000882699</C2>
                </COORD>
                <COORD>
                  <C1>5.993000005915616</C1>
                  <C2>46.18800000882763</C2>
                </COORD>
                <COORD>
                  <C1>5.992000005914276</C1>
                  <C2>46.189000008828415</C2>
                </COORD>
                <COORD>
                  <C1>5.991000005912936</C1>
                  <C2>46.19000000882918</C2>
                </COORD>
                <COORD>
                  <C1>5.990000005911758</C1>
                  <C2>46.19000000882938</C2>
                </COORD>
                <COORD>
                  <C1>5.98900000591058</C1>
                  <C2>46.19000000882961</C2>
                </COORD>
                <COORD>
                  <C1>5.9860000059068845</C1>
                  <C2>46.191000008830734</C2>
                </COORD>
                <COORD>
                  <C1>5.985000005905708</C1>
                  <C2>46.191000008830926</C2>
                </COORD>
                <COORD>
                  <C1>5.984000005904531</C1>
                  <C2>46.191000008831146</C2>
                </COORD>
                <COORD>
                  <C1>5.9830000059031905</C1>
                  <C2>46.19200000883197</C2>
                </COORD>
                <COORD>
                  <C1>5.984000005904203</C1>
                  <C2>46.193000008832335</C2>
                </COORD>
                <COORD>
                  <C1>5.978000005896977</C1>
                  <C2>46.19400000883406</C2>
                </COORD>
                <COORD>
                  <C1>5.977000005895637</C1>
                  <C2>46.19500000883484</C2>
                </COORD>
                <COORD>
                  <C1>5.973000005890763</C1>
                  <C2>46.196000008836194</C2>
                </COORD>
                <COORD>
                  <C1>5.968000005884547</C1>
                  <C2>46.19800000883835</C2>
                </COORD>
                <COORD>
                  <C1>5.964000005879677</C1>
                  <C2>46.19900000883968</C2>
                </COORD>
              </POLYLINE>
            </BOUNDARY>
            <BOUNDARY>
              <POLYLINE>
                <COORD>
                  <C1>6.146000006068467</C1>
                  <C2>46.34300000889312</C2>
                </COORD>
                <COORD>
                  <C1>6.146000006068641</C1>
                  <C2>46.342000008892484</C2>
                </COORD>
                <COORD>
                  <C1>6.14700000606963</C1>
                  <C2>46.3430000088929</C2>
                </COORD>
                <COORD>
                  <C1>6.146000006068467</C1>
                  <C2>46.34300000889312</C2>
                </COORD>
              </POLYLINE>
            </BOUNDARY>
            <BOUNDARY>
              <POLYLINE>
                <COORD>
                  <C1>9.839000009712102</C1>
                  <C2>47.01500000828701</C2>
                </COORD>
                <COORD>
                  <C1>9.839000009712443</C1>
                  <C2>47.01400000828657</C2>
                </COORD>
                <COORD>
                  <C1>9.840000009713322</C1>
                  <C2>47.014000008286224</C2>
                </COORD>
                <COORD>
                  <C1>9.840000009712977</C1>
                  <C2>47.0150000082867</C2>
                </COORD>
                <COORD>
                  <C1>9.839000009712102</C1>
                  <C2>47.01500000828701</C2>
                </COORD>
              </POLYLINE>
            </BOUNDARY>
            <BOUNDARY>
              <POLYLINE>
                <COORD>
                  <C1>6.143000006098306</C1>
                  <C2>46.1480000087751</C2>
                </COORD>
                <COORD>
                  <C1>6.143000006098139</C1>
                  <C2>46.14900000877576</C2>
                </COORD>
                <COORD>
                  <C1>6.14200000609697</C1>
                  <C2>46.1490000087759</C2>
                </COORD>
                <COORD>
                  <C1>6.143000006098306</C1>
                  <C2>46.1480000087751</C2>
                </COORD>
              </POLYLINE>
            </BOUNDARY>
            <BOUNDARY>
              <POLYLINE>
                <COORD>
                  <C1>8.977000009219237</C1>
                  <C2>45.96300000798703</C2>
                </COORD>
                <COORD>
                  <C1>8.97700000921898</C1>
                  <C2>45.964000007987636</C2>
                </COORD>
                <COORD>
                  <C1>8.978000009219459</C1>
                  <C2>45.96600000798858</C2>
                </COORD>
                <COORD>
                  <C1>8.978000009218945</C1>
                  <C2>45.96800000798979</C2>
                </COORD>
                <COORD>
                  <C1>8.979000009219423</C1>
                  <C2>45.97000000799071</C2>
                </COORD>
                <COORD>
                  <C1>8.980000009219902</C1>
                  <C2>45.97200000799166</C2>
                </COORD>
                <COORD>
                  <C1>8.981000009220635</C1>
                  <C2>45.973000007992</C2>
                </COORD>
                <COORD>
                  <C1>8.979000009218652</C1>
                  <C2>45.97300000799253</C2>
                </COORD>
                <COORD>
                  <C1>8.978000009217409</C1>
                  <C2>45.97400000799347</C2>
                </COORD>
                <COORD>
                  <C1>8.978000009217151</C1>
                  <C2>45.97500000799407</C2>
                </COORD>
                <COORD>
                  <C1>8.978000009216636</C1>
                  <C2>45.97700000799528</C2>
                </COORD>
                <COORD>
                  <C1>8.97700000921539</C1>
                  <C2>45.97800000799615</C2>
                </COORD>
                <COORD>
                  <C1>8.97800000921561</C1>
                  <C2>45.98100000799769</C2>
                </COORD>
                <COORD>
                  <C1>8.97800000921535</C1>
                  <C2>45.98200000799833</C2>
                </COORD>
                <COORD>
                  <C1>8.978000009215092</C1>
                  <C2>45.98300000799884</C2>
                </COORD>
                <COORD>
                  <C1>8.979000009215826</C1>
                  <C2>45.98400000799927</C2>
                </COORD>
                <COORD>
                  <C1>8.979000009215568</C1>
                  <C2>45.98500000799984</C2>
                </COORD>
                <COORD>
                  <C1>8.97800000921458</C1>
                  <C2>45.985000008000156</C2>
                </COORD>
                <COORD>
                  <C1>8.968000009204427</C1>
                  <C2>45.9860000080036</C2>
                </COORD>
                <COORD>
                  <C1>8.966000009203466</C1>
                  <C2>45.98200000800174</C2>
                </COORD>
                <COORD>
                  <C1>8.965000009203504</C1>
                  <C2>45.978000007999604</C2>
                </COORD>
                <COORD>
                  <C1>8.964000009203028</C1>
                  <C2>45.9760000079987</C2>
                </COORD>
                <COORD>
                  <C1>8.96300000920255</C1>
                  <C2>45.974000007997724</C2>
                </COORD>
                <COORD>
                  <C1>8.962000009202068</C1>
                  <C2>45.97200000799679</C2>
                </COORD>
                <COORD>
                  <C1>8.961000009201593</C1>
                  <C2>45.97000000799586</C2>
                </COORD>
                <COORD>
                  <C1>8.96000000920086</C1>
                  <C2>45.96900000799551</C2>
                </COORD>
                <COORD>
                  <C1>8.960000009201368</C1>
                  <C2>45.96700000799432</C2>
                </COORD>
                <COORD>
                  <C1>8.969000009210799</C1>
                  <C2>45.965000007990525</C2>
                </COORD>
                <COORD>
                  <C1>8.970000009211791</C1>
                  <C2>45.96500000799025</C2>
                </COORD>
                <COORD>
                  <C1>8.970000009212049</C1>
                  <C2>45.96400000798964</C2>
                </COORD>
                <COORD>
                  <C1>8.97100000921304</C1>
                  <C2>45.96400000798933</C2>
                </COORD>
                <COORD>
                  <C1>8.972000009214286</C1>
                  <C2>45.96300000798842</C2>
                </COORD>
                <COORD>
                  <C1>8.97300000921502</C1>
                  <C2>45.964000007988794</C2>
                </COORD>
                <COORD>
                  <C1>8.974000009216011</C1>
                  <C2>45.96400000798849</C2>
                </COORD>
                <COORD>
                  <C1>8.975000009217</C1>
                  <C2>45.964000007988176</C2>
                </COORD>
                <COORD>
                  <C1>8.976000009217993</C1>
                  <C2>45.96400000798789</C2>
                </COORD>
                <COORD>
                  <C1>8.977000009219237</C1>
                  <C2>45.96300000798703</C2>
                </COORD>
              </POLYLINE>
            </BOUNDARY>
            <BOUNDARY>
              <POLYLINE>
                <COORD>
                  <C1>8.661000008405004</C1>
                  <C2>47.693000008942974</C2>
                </COORD>
                <COORD>
                  <C1>8.661000008405669</C1>
                  <C2>47.691000008942225</C2>
                </COORD>
                <COORD>
                  <C1>8.662000008406618</C1>
                  <C2>47.69100000894193</C2>
                </COORD>
                <COORD>
                  <C1>8.664000008408845</C1>
                  <C2>47.69000000894094</C2>
                </COORD>
                <COORD>
                  <C1>8.665000008409791</C1>
                  <C2>47.69000000894065</C2>
                </COORD>
                <COORD>
                  <C1>8.665000008410122</C1>
                  <C2>47.689000008940276</C2>
                </COORD>
                <COORD>
                  <C1>8.665000008410452</C1>
                  <C2>47.688000008939866</C2>
                </COORD>
                <COORD>
                  <C1>8.666000008411403</C1>
                  <C2>47.688000008939596</C2>
                </COORD>
                <COORD>
                  <C1>8.66700000841235</C1>
                  <C2>47.68800000893932</C2>
                </COORD>
                <COORD>
                  <C1>8.667000008412682</C1>
                  <C2>47.68700000893889</C2>
                </COORD>
                <COORD>
                  <C1>8.668000008413628</C1>
                  <C2>47.68700000893862</C2>
                </COORD>
                <COORD>
                  <C1>8.66900000841458</C1>
                  <C2>47.68700000893834</C2>
                </COORD>
                <COORD>
                  <C1>8.670000008415524</C1>
                  <C2>47.68700000893799</C2>
                </COORD>
                <COORD>
                  <C1>8.671000008416472</C1>
                  <C2>47.687000008937694</C2>
                </COORD>
                <COORD>
                  <C1>8.672000008417422</C1>
                  <C2>47.687000008937424</C2>
                </COORD>
                <COORD>
                  <C1>8.673000008418366</C1>
                  <C2>47.68700000893713</C2>
                </COORD>
                <COORD>
                  <C1>8.676000008420882</C1>
                  <C2>47.68800000893664</C2>
                </COORD>
                <COORD>
                  <C1>8.677000008421498</C1>
                  <C2>47.6890000089367</C2>
                </COORD>
                <COORD>
                  <C1>8.678000008422444</C1>
                  <C2>47.689000008936404</C2>
                </COORD>
                <COORD>
                  <C1>8.679000008423388</C1>
                  <C2>47.689000008936084</C2>
                </COORD>
                <COORD>
                  <C1>8.680000008424336</C1>
                  <C2>47.68900000893583</C2>
                </COORD>
                <COORD>
                  <C1>8.680000008424004</C1>
                  <C2>47.69000000893617</C2>
                </COORD>
                <COORD>
                  <C1>8.681000008424952</C1>
                  <C2>47.690000008935904</C2>
                </COORD>
                <COORD>
                  <C1>8.681000008424618</C1>
                  <C2>47.69100000893628</C2>
                </COORD>
                <COORD>
                  <C1>8.682000008425568</C1>
                  <C2>47.691000008935994</C2>
                </COORD>
                <COORD>
                  <C1>8.68300000842618</C1>
                  <C2>47.69200000893606</C2>
                </COORD>
                <COORD>
                  <C1>8.684000008427128</C1>
                  <C2>47.692000008935764</C2>
                </COORD>
                <COORD>
                  <C1>8.685000008427744</C1>
                  <C2>47.69300000893583</C2>
                </COORD>
                <COORD>
                  <C1>8.686000008428689</C1>
                  <C2>47.69300000893558</C2>
                </COORD>
                <COORD>
                  <C1>8.686000008428357</C1>
                  <C2>47.694000008935944</C2>
                </COORD>
                <COORD>
                  <C1>8.687000008429303</C1>
                  <C2>47.694000008935575</C2>
                </COORD>
                <COORD>
                  <C1>8.687000008428974</C1>
                  <C2>47.695000008936006</C2>
                </COORD>
                <COORD>
                  <C1>8.688000008429917</C1>
                  <C2>47.69500000893569</C2>
                </COORD>
                <COORD>
                  <C1>8.689000008430531</C1>
                  <C2>47.69600000893579</C2>
                </COORD>
                <COORD>
                  <C1>8.689000008430199</C1>
                  <C2>47.69700000893618</C2>
                </COORD>
                <COORD>
                  <C1>8.690000008431149</C1>
                  <C2>47.69700000893586</C2>
                </COORD>
                <COORD>
                  <C1>8.691000008432093</C1>
                  <C2>47.697000008935554</C2>
                </COORD>
                <COORD>
                  <C1>8.692000008433038</C1>
                  <C2>47.69700000893524</C2>
                </COORD>
                <COORD>
                  <C1>8.693000008433986</C1>
                  <C2>47.69700000893496</C2>
                </COORD>
                <COORD>
                  <C1>8.69400000843493</C1>
                  <C2>47.697000008934666</C2>
                </COORD>
                <COORD>
                  <C1>8.695000008435876</C1>
                  <C2>47.697000008934396</C2>
                </COORD>
                <COORD>
                  <C1>8.696000008437153</C1>
                  <C2>47.69600000893368</C2>
                </COORD>
                <COORD>
                  <C1>8.697000008438097</C1>
                  <C2>47.69600000893341</C2>
                </COORD>
                <COORD>
                  <C1>8.698000008439045</C1>
                  <C2>47.69600000893309</C2>
                </COORD>
                <COORD>
                  <C1>8.699000008439986</C1>
                  <C2>47.69600000893281</C2>
                </COORD>
                <COORD>
                  <C1>8.700000008441265</C1>
                  <C2>47.695000008932126</C2>
                </COORD>
                <COORD>
                  <C1>8.70100000844221</C1>
                  <C2>47.695000008931785</C2>
                </COORD>
                <COORD>
                  <C1>8.702000008443155</C1>
                  <C2>47.695000008931515</C2>
                </COORD>
                <COORD>
                  <C1>8.702000008443491</C1>
                  <C2>47.69400000893114</C2>
                </COORD>
                <COORD>
                  <C1>8.703000008444432</C1>
                  <C2>47.694000008930836</C2>
                </COORD>
                <COORD>
                  <C1>8.704000008445378</C1>
                  <C2>47.69400000893053</C2>
                </COORD>
                <COORD>
                  <C1>8.704000008445712</C1>
                  <C2>47.69300000893015</C2>
                </COORD>
                <COORD>
                  <C1>8.705000008446655</C1>
                  <C2>47.693000008929864</C2>
                </COORD>
                <COORD>
                  <C1>8.706000008447601</C1>
                  <C2>47.693000008929545</C2>
                </COORD>
                <COORD>
                  <C1>8.706000008447933</C1>
                  <C2>47.6920000089292</C2>
                </COORD>
                <COORD>
                  <C1>8.707000008448878</C1>
                  <C2>47.69200000892891</C2>
                </COORD>
                <COORD>
                  <C1>8.708000008449824</C1>
                  <C2>47.69200000892858</C2>
                </COORD>
                <COORD>
                  <C1>8.709000008450769</C1>
                  <C2>47.6920000089283</C2>
                </COORD>
                <COORD>
                  <C1>8.7090000084511</C1>
                  <C2>47.69100000892794</C2>
                </COORD>
                <COORD>
                  <C1>8.710000008452047</C1>
                  <C2>47.691000008927624</C2>
                </COORD>
                <COORD>
                  <C1>8.711000008452991</C1>
                  <C2>47.69100000892733</C2>
                </COORD>
                <COORD>
                  <C1>8.712000008453934</C1>
                  <C2>47.69100000892702</C2>
                </COORD>
                <COORD>
                  <C1>8.712000008453602</C1>
                  <C2>47.692000008927394</C2>
                </COORD>
                <COORD>
                  <C1>8.713000008454548</C1>
                  <C2>47.69200000892711</C2>
                </COORD>
                <COORD>
                  <C1>8.71400000845549</C1>
                  <C2>47.692000008926804</C2>
                </COORD>
                <COORD>
                  <C1>8.715000008456432</C1>
                  <C2>47.69200000892649</C2>
                </COORD>
                <COORD>
                  <C1>8.716000008457376</C1>
                  <C2>47.692000008926236</C2>
                </COORD>
                <COORD>
                  <C1>8.717000008458323</C1>
                  <C2>47.69200000892586</C2>
                </COORD>
                <COORD>
                  <C1>8.719000008459876</C1>
                  <C2>47.69300000892568</C2>
                </COORD>
                <COORD>
                  <C1>8.7180000084586</C1>
                  <C2>47.69400000892636</C2>
                </COORD>
                <COORD>
                  <C1>8.71900000845921</C1>
                  <C2>47.695000008926414</C2>
                </COORD>
                <COORD>
                  <C1>8.719000008458877</C1>
                  <C2>47.69600000892678</C2>
                </COORD>
                <COORD>
                  <C1>8.719000008458544</C1>
                  <C2>47.697000008927205</C2>
                </COORD>
                <COORD>
                  <C1>8.718000008457599</C1>
                  <C2>47.697000008927496</C2>
                </COORD>
                <COORD>
                  <C1>8.715000008454435</C1>
                  <C2>47.69800000892875</C2>
                </COORD>
                <COORD>
                  <C1>8.713000008452546</C1>
                  <C2>47.69800000892937</C2>
                </COORD>
                <COORD>
                  <C1>8.713000008451882</C1>
                  <C2>47.70000000893014</C2>
                </COORD>
                <COORD>
                  <C1>8.713000008451546</C1>
                  <C2>47.70100000893052</C2>
                </COORD>
                <COORD>
                  <C1>8.713000008451212</C1>
                  <C2>47.702000008930874</C2>
                </COORD>
                <COORD>
                  <C1>8.713000008450877</C1>
                  <C2>47.70300000893128</C2>
                </COORD>
                <COORD>
                  <C1>8.713000008450544</C1>
                  <C2>47.70400000893163</C2>
                </COORD>
                <COORD>
                  <C1>8.711000008448323</C1>
                  <C2>47.705000008932615</C2>
                </COORD>
                <COORD>
                  <C1>8.710000008447048</C1>
                  <C2>47.70600000893328</C2>
                </COORD>
                <COORD>
                  <C1>8.710000008446709</C1>
                  <C2>47.70700000893363</C2>
                </COORD>
                <COORD>
                  <C1>8.709000008445434</C1>
                  <C2>47.70800000893435</C2>
                </COORD>
                <COORD>
                  <C1>8.709000008444766</C1>
                  <C2>47.7100000089351</C2>
                </COORD>
                <COORD>
                  <C1>8.708000008443495</C1>
                  <C2>47.71100000893575</C2>
                </COORD>
                <COORD>
                  <C1>8.70800000844316</C1>
                  <C2>47.71200000893617</C2>
                </COORD>
                <COORD>
                  <C1>8.708000008442824</C1>
                  <C2>47.71300000893653</C2>
                </COORD>
                <COORD>
                  <C1>8.707000008441549</C1>
                  <C2>47.714000008937184</C2>
                </COORD>
                <COORD>
                  <C1>8.706000008440261</C1>
                  <C2>47.71500000893787</C2>
                </COORD>
                <COORD>
                  <C1>8.70500000843899</C1>
                  <C2>47.71600000893857</C2>
                </COORD>
                <COORD>
                  <C1>8.704000008437712</C1>
                  <C2>47.71700000893922</C2>
                </COORD>
                <COORD>
                  <C1>8.702000008435823</C1>
                  <C2>47.71700000893981</C2>
                </COORD>
                <COORD>
                  <C1>8.700000008433934</C1>
                  <C2>47.717000008940396</C2>
                </COORD>
                <COORD>
                  <C1>8.69900000843299</C1>
                  <C2>47.717000008940744</C2>
                </COORD>
                <COORD>
                  <C1>8.699000008433323</C1>
                  <C2>47.716000008940334</C2>
                </COORD>
                <COORD>
                  <C1>8.697000008431766</C1>
                  <C2>47.715000008940564</C2>
                </COORD>
                <COORD>
                  <C1>8.69500000842988</C1>
                  <C2>47.715000008941146</C2>
                </COORD>
                <COORD>
                  <C1>8.694000008428937</C1>
                  <C2>47.71500000894147</C2>
                </COORD>
                <COORD>
                  <C1>8.693000008428324</C1>
                  <C2>47.71400000894137</C2>
                </COORD>
                <COORD>
                  <C1>8.691000008426434</C1>
                  <C2>47.71400000894199</C2>
                </COORD>
                <COORD>
                  <C1>8.691000008426768</C1>
                  <C2>47.7130000089416</C2>
                </COORD>
                <COORD>
                  <C1>8.691000008427098</C1>
                  <C2>47.71200000894125</C2>
                </COORD>
                <COORD>
                  <C1>8.691000008427434</C1>
                  <C2>47.711000008940864</C2>
                </COORD>
                <COORD>
                  <C1>8.690000008426491</C1>
                  <C2>47.711000008941134</C2>
                </COORD>
                <COORD>
                  <C1>8.688000008424597</C1>
                  <C2>47.71100000894173</C2>
                </COORD>
                <COORD>
                  <C1>8.687000008423652</C1>
                  <C2>47.71100000894204</C2>
                </COORD>
                <COORD>
                  <C1>8.686000008422708</C1>
                  <C2>47.711000008942314</C2>
                </COORD>
                <COORD>
                  <C1>8.685000008421763</C1>
                  <C2>47.711000008942655</C2>
                </COORD>
                <COORD>
                  <C1>8.68200000841859</C1>
                  <C2>47.712000008943896</C2>
                </COORD>
                <COORD>
                  <C1>8.681000008417648</C1>
                  <C2>47.712000008944244</C2>
                </COORD>
                <COORD>
                  <C1>8.681000008417312</C1>
                  <C2>47.713000008944604</C2>
                </COORD>
                <COORD>
                  <C1>8.682000008417926</C1>
                  <C2>47.714000008944645</C2>
                </COORD>
                <COORD>
                  <C1>8.680000008415702</C1>
                  <C2>47.71500000894564</C2>
                </COORD>
                <COORD>
                  <C1>8.679000008414757</C1>
                  <C2>47.715000008945914</C2>
                </COORD>
                <COORD>
                  <C1>8.678000008413811</C1>
                  <C2>47.71500000894623</C2>
                </COORD>
                <COORD>
                  <C1>8.677000008412863</C1>
                  <C2>47.715000008946525</C2>
                </COORD>
                <COORD>
                  <C1>8.676000008411918</C1>
                  <C2>47.715000008946824</C2>
                </COORD>
                <COORD>
                  <C1>8.675000008410972</C1>
                  <C2>47.7150000089471</C2>
                </COORD>
                <COORD>
                  <C1>8.674000008410355</C1>
                  <C2>47.71400000894707</C2>
                </COORD>
                <COORD>
                  <C1>8.67300000840974</C1>
                  <C2>47.71300000894697</C2>
                </COORD>
                <COORD>
                  <C1>8.67100000840785</C1>
                  <C2>47.71300000894759</C2>
                </COORD>
                <COORD>
                  <C1>8.670000008406571</C1>
                  <C2>47.71400000894822</C2>
                </COORD>
                <COORD>
                  <C1>8.668000008404677</C1>
                  <C2>47.714000008948865</C2>
                </COORD>
                <COORD>
                  <C1>8.6670000084034</C1>
                  <C2>47.71500000894954</C2>
                </COORD>
                <COORD>
                  <C1>8.66600000840245</C1>
                  <C2>47.71500000894981</C2>
                </COORD>
                <COORD>
                  <C1>8.66600000840279</C1>
                  <C2>47.71400000894944</C2>
                </COORD>
                <COORD>
                  <C1>8.667000008404397</C1>
                  <C2>47.712000008948415</C2>
                </COORD>
                <COORD>
                  <C1>8.667000008404727</C1>
                  <C2>47.71100000894801</C2>
                </COORD>
                <COORD>
                  <C1>8.66700000840506</C1>
                  <C2>47.71000000894763</C2>
                </COORD>
                <COORD>
                  <C1>8.669000008407286</C1>
                  <C2>47.709000008946674</C2>
                </COORD>
                <COORD>
                  <C1>8.670000008408232</C1>
                  <C2>47.70900000894639</C2>
                </COORD>
                <COORD>
                  <C1>8.672000008410457</C1>
                  <C2>47.7080000089454</C2>
                </COORD>
                <COORD>
                  <C1>8.673000008411405</C1>
                  <C2>47.7080000089451</C2>
                </COORD>
                <COORD>
                  <C1>8.675000008413631</C1>
                  <C2>47.70700000894412</C2>
                </COORD>
                <COORD>
                  <C1>8.675000008413965</C1>
                  <C2>47.70600000894376</C2>
                </COORD>
                <COORD>
                  <C1>8.676000008415242</C1>
                  <C2>47.70500000894307</C2>
                </COORD>
                <COORD>
                  <C1>8.676000008415905</C1>
                  <C2>47.703000008942325</C2>
                </COORD>
                <COORD>
                  <C1>8.677000008417183</C1>
                  <C2>47.702000008941624</C2>
                </COORD>
                <COORD>
                  <C1>8.677000008417515</C1>
                  <C2>47.70100000894124</C2>
                </COORD>
                <COORD>
                  <C1>8.678000008418794</C1>
                  <C2>47.700000008940584</C2>
                </COORD>
                <COORD>
                  <C1>8.677000008417847</C1>
                  <C2>47.70000000894088</C2>
                </COORD>
                <COORD>
                  <C1>8.675000008415957</C1>
                  <C2>47.700000008941494</C2>
                </COORD>
                <COORD>
                  <C1>8.675000008416289</C1>
                  <C2>47.69900000894108</C2>
                </COORD>
                <COORD>
                  <C1>8.675000008416621</C1>
                  <C2>47.698000008940696</C2>
                </COORD>
                <COORD>
                  <C1>8.675000008416951</C1>
                  <C2>47.697000008940385</C2>
                </COORD>
                <COORD>
                  <C1>8.674000008416003</C1>
                  <C2>47.69700000894065</C2>
                </COORD>
                <COORD>
                  <C1>8.673000008415055</C1>
                  <C2>47.69700000894096</C2>
                </COORD>
                <COORD>
                  <C1>8.671000008413491</C1>
                  <C2>47.696000008941134</C2>
                </COORD>
                <COORD>
                  <C1>8.669000008411928</C1>
                  <C2>47.69500000894138</C2>
                </COORD>
                <COORD>
                  <C1>8.670000008413206</C1>
                  <C2>47.6940000089407</C2>
                </COORD>
                <COORD>
                  <C1>8.66800000841131</C1>
                  <C2>47.69400000894127</C2>
                </COORD>
                <COORD>
                  <C1>8.667000008410366</C1>
                  <C2>47.694000008941586</C2>
                </COORD>
                <COORD>
                  <C1>8.66500000840847</C1>
                  <C2>47.69400000894217</C2>
                </COORD>
                <COORD>
                  <C1>8.662000008405625</C1>
                  <C2>47.69400000894304</C2>
                </COORD>
                <COORD>
                  <C1>8.661000008405004</C1>
                  <C2>47.693000008942974</C2>
                </COORD>
              </POLYLINE>
            </BOUNDARY>
          </SURFACE>
        </polygon>
      </GM03_2_1Core.Core.EX_BoundingPolygon>
      <GM03_2_1Core.Core.EX_ExtentgeographicElement>
        <EX_Extent REF="xN275398140" />
        <geographicElement REF="xN1640551054" />
      </GM03_2_1Core.Core.EX_ExtentgeographicElement>
      <GM03_2_1Core.Core.EX_BoundingPolygon TID="xN1640551054">
        <polygon>
          <SURFACE>
            <BOUNDARY>
              <POLYLINE>
                <COORD>
                  <C1>6.00800000592666</C1>
                  <C2>46.228000008849435</C2>
                </COORD>
                <COORD>
                  <C1>6.0070000059254856</C1>
                  <C2>46.22800000884962</C2>
                </COORD>
                <COORD>
                  <C1>6.0070000059253195</C1>
                  <C2>46.229000008850235</C2>
                </COORD>
                <COORD>
                  <C1>6.008000005926494</C1>
                  <C2>46.22900000885004</C2>
                </COORD>
                <COORD>
                  <C1>6.00800000592666</C1>
                  <C2>46.228000008849435</C2>
                </COORD>
              </POLYLINE>
            </BOUNDARY>
          </SURFACE>
        </polygon>
      </GM03_2_1Core.Core.EX_BoundingPolygon>
      <GM03_2_1Core.Core.EX_ExtentgeographicElement>
        <EX_Extent REF="xN275398140" />
        <geographicElement REF="xN82606406" />
      </GM03_2_1Core.Core.EX_ExtentgeographicElement>
      <GM03_2_1Core.Core.EX_BoundingPolygon TID="xN82606406">
        <polygon>
          <SURFACE>
            <BOUNDARY>
              <POLYLINE>
                <COORD>
                  <C1>6.696000006551288</C1>
                  <C2>47.0650000091743</C2>
                </COORD>
                <COORD>
                  <C1>6.697000006552394</C1>
                  <C2>47.06500000917404</C2>
                </COORD>
                <COORD>
                  <C1>6.69600000655151</C1>
                  <C2>47.0640000091738</C2>
                </COORD>
                <COORD>
                  <C1>6.696000006551288</C1>
                  <C2>47.0650000091743</C2>
                </COORD>
              </POLYLINE>
            </BOUNDARY>
          </SURFACE>
        </polygon>
      </GM03_2_1Core.Core.EX_BoundingPolygon>
      <GM03_2_1Core.Core.EX_ExtentgeographicElement>
        <EX_Extent REF="xN275398140" />
        <geographicElement REF="xN391196818" />
      </GM03_2_1Core.Core.EX_ExtentgeographicElement>
      <GM03_2_1Core.Core.EX_BoundingPolygon TID="xN391196818">
        <polygon>
          <SURFACE>
            <BOUNDARY>
              <POLYLINE>
                <COORD>
                  <C1>6.987000006767724</C1>
                  <C2>47.495000009306494</C2>
                </COORD>
                <COORD>
                  <C1>6.986000006766655</C1>
                  <C2>47.49500000930674</C2>
                </COORD>
                <COORD>
                  <C1>6.985000006765582</C1>
                  <C2>47.495000009306956</C2>
                </COORD>
                <COORD>
                  <C1>6.984000006764264</C1>
                  <C2>47.49600000930761</C2>
                </COORD>
                <COORD>
                  <C1>6.984000006764016</C1>
                  <C2>47.49700000930804</C2>
                </COORD>
                <COORD>
                  <C1>6.987000006767724</C1>
                  <C2>47.495000009306494</C2>
                </COORD>
              </POLYLINE>
            </BOUNDARY>
          </SURFACE>
        </polygon>
      </GM03_2_1Core.Core.EX_BoundingPolygon>
      <GM03_2_1Core.Core.EX_ExtentgeographicElement>
        <EX_Extent REF="xN275398140" />
        <geographicElement REF="xN708231997" />
      </GM03_2_1Core.Core.EX_ExtentgeographicElement>
      <GM03_2_1Core.Core.EX_BoundingPolygon TID="xN708231997">
        <polygon>
          <SURFACE>
            <BOUNDARY>
              <POLYLINE>
                <COORD>
                  <C1>8.225000008364914</C1>
                  <C2>46.32900000841138</C2>
                </COORD>
                <COORD>
                  <C1>8.22600000836595</C1>
                  <C2>46.329000008411086</C2>
                </COORD>
                <COORD>
                  <C1>8.22500000836516</C1>
                  <C2>46.32800000841082</C2>
                </COORD>
                <COORD>
                  <C1>8.225000008364914</C1>
                  <C2>46.32900000841138</C2>
                </COORD>
              </POLYLINE>
            </BOUNDARY>
          </SURFACE>
        </polygon>
      </GM03_2_1Core.Core.EX_BoundingPolygon>
    </GM03_2_1Comprehensive.Comprehensive>
  </DATASECTION>
</TRANSFER>