<csw:GetRecordByIdResponse xmlns:csw="http://www.opengis.net/cat/csw/2.0.2">
    <gmd:MD_Metadata xmlns:gmd="http://www.isotc211.org/2005/gmd" xmlns:xsi="http://www.w3.org/2001/XMLSchema-instance"
                     xsi:schemaLocation="http://www.isotc211.org/2005/gmd http://www.isotc211.org/2005/gmd/gmd.xsd http://www.isotc211.org/2005/gmx http://www.isotc211.org/2005/gmx/gmx.xsd http://www.isotc211.org/2005/srv http://schemas.opengis.net/iso/19139/20060504/srv/srv.xsd ">
        <gmd:fileIdentifier xmlns:che="http://www.geocat.ch/2008/che" xmlns:gco="http://www.isotc211.org/2005/gco"
                            xmlns:srv="http://www.isotc211.org/2005/srv" xmlns:gmx="http://www.isotc211.org/2005/gmx"
                            xmlns:gts="http://www.isotc211.org/2005/gts" xmlns:gsr="http://www.isotc211.org/2005/gsr"
                            xmlns:gmi="http://www.isotc211.org/2005/gmi" xmlns:gml="http://www.opengis.net/gml/3.2"
                            xmlns:xlink="http://www.w3.org/1999/xlink" xmlns:geonet="http://www.fao.org/geonetwork">
            <gco:CharacterString>3143e92b-51fa-40ab-bcc0-fa389807e879</gco:CharacterString>
        </gmd:fileIdentifier>
        <gmd:language xmlns:che="http://www.geocat.ch/2008/che" xmlns:gco="http://www.isotc211.org/2005/gco"
                      xmlns:srv="http://www.isotc211.org/2005/srv" xmlns:gmx="http://www.isotc211.org/2005/gmx"
                      xmlns:gts="http://www.isotc211.org/2005/gts" xmlns:gsr="http://www.isotc211.org/2005/gsr"
                      xmlns:gmi="http://www.isotc211.org/2005/gmi" xmlns:gml="http://www.opengis.net/gml/3.2"
                      xmlns:xlink="http://www.w3.org/1999/xlink" xmlns:geonet="http://www.fao.org/geonetwork">
            <gmd:LanguageCode codeList="http://www.loc.gov/standards/iso639-2/" codeListValue="ger"/>
        </gmd:language>
        <gmd:characterSet xmlns:che="http://www.geocat.ch/2008/che" xmlns:gco="http://www.isotc211.org/2005/gco"
                          xmlns:srv="http://www.isotc211.org/2005/srv" xmlns:gmx="http://www.isotc211.org/2005/gmx"
                          xmlns:gts="http://www.isotc211.org/2005/gts" xmlns:gsr="http://www.isotc211.org/2005/gsr"
                          xmlns:gmi="http://www.isotc211.org/2005/gmi" xmlns:gml="http://www.opengis.net/gml/3.2"
                          xmlns:xlink="http://www.w3.org/1999/xlink" xmlns:geonet="http://www.fao.org/geonetwork">
            <gmd:MD_CharacterSetCode codeListValue="utf8"
                                     codeList="http://standards.iso.org/ittf/PubliclyAvailableStandards/ISO_19139_Schemas/resources/codelist/ML_gmxCodelists.xml#MD_CharacterSetCode"/>
        </gmd:characterSet>
        <gmd:hierarchyLevel xmlns:che="http://www.geocat.ch/2008/che" xmlns:gco="http://www.isotc211.org/2005/gco"
                            xmlns:srv="http://www.isotc211.org/2005/srv" xmlns:gmx="http://www.isotc211.org/2005/gmx"
                            xmlns:gts="http://www.isotc211.org/2005/gts" xmlns:gsr="http://www.isotc211.org/2005/gsr"
                            xmlns:gmi="http://www.isotc211.org/2005/gmi" xmlns:gml="http://www.opengis.net/gml/3.2"
                            xmlns:xlink="http://www.w3.org/1999/xlink" xmlns:geonet="http://www.fao.org/geonetwork">
            <gmd:MD_ScopeCode codeListValue="dataset"
                              codeList="http://standards.iso.org/ittf/PubliclyAvailableStandards/ISO_19139_Schemas/resources/codelist/ML_gmxCodelists.xml#MD_ScopeCode"/>
        </gmd:hierarchyLevel>
        <gmd:contact xmlns:che="http://www.geocat.ch/2008/che" xmlns:gco="http://www.isotc211.org/2005/gco"
                     xmlns:srv="http://www.isotc211.org/2005/srv" xmlns:gmx="http://www.isotc211.org/2005/gmx"
                     xmlns:gts="http://www.isotc211.org/2005/gts" xmlns:gsr="http://www.isotc211.org/2005/gsr"
                     xmlns:gmi="http://www.isotc211.org/2005/gmi" xmlns:gml="http://www.opengis.net/gml/3.2"
                     xmlns:xlink="http://www.w3.org/1999/xlink" xmlns:geonet="http://www.fao.org/geonetwork">
            <gmd:CI_ResponsibleParty>
                <gmd:organisationName xsi:type="gmd:PT_FreeText_PropertyType">
                    <gco:CharacterString>Bundesamt für Landestopografie</gco:CharacterString>
                    <gmd:PT_FreeText>
                        <gmd:textGroup>
                            <gmd:LocalisedCharacterString locale="#DE">Bundesamt für Landestopografie
                            </gmd:LocalisedCharacterString>
                        </gmd:textGroup>
                        <gmd:textGroup>
                            <gmd:LocalisedCharacterString locale="#FR">Office fédéral de topographie
                            </gmd:LocalisedCharacterString>
                        </gmd:textGroup>
                        <gmd:textGroup>
                            <gmd:LocalisedCharacterString locale="#IT">Ufficio federale di topografia
                            </gmd:LocalisedCharacterString>
                        </gmd:textGroup>
                        <gmd:textGroup>
                            <gmd:LocalisedCharacterString locale="#EN">Federal Office of Topography
                            </gmd:LocalisedCharacterString>
                        </gmd:textGroup>
                    </gmd:PT_FreeText>
                </gmd:organisationName>
                <gmd:contactInfo>
                    <gmd:CI_Contact>
                        <gmd:phone>
                            <gmd:CI_Telephone>
                                <gmd:voice>
                                    <gco:CharacterString>058 469 01 11</gco:CharacterString>
                                </gmd:voice>
                            </gmd:CI_Telephone>
                        </gmd:phone>
                        <gmd:address>
                            <gmd:CI_Address>
                                <gmd:city>
                                    <gco:CharacterString>Wabern</gco:CharacterString>
                                </gmd:city>
                                <gmd:postalCode>
                                    <gco:CharacterString>3084</gco:CharacterString>
                                </gmd:postalCode>
                                <gmd:country>
                                    <gco:CharacterString>CH</gco:CharacterString>
                                </gmd:country>
                                <gmd:electronicMailAddress>
                                    <gco:CharacterString>geocat@swisstopo.ch</gco:CharacterString>
                                </gmd:electronicMailAddress>
                            </gmd:CI_Address>
                        </gmd:address>
                        <gmd:onlineResource>
                            <gmd:CI_OnlineResource>
                                <gmd:linkage>
                                    <gmd:URL>http://www.swisstopo.ch</gmd:URL>
                                </gmd:linkage>
                                <gmd:protocol>
                                    <gco:CharacterString>WWW:LINK</gco:CharacterString>
                                </gmd:protocol>
                            </gmd:CI_OnlineResource>
                        </gmd:onlineResource>
                    </gmd:CI_Contact>
                </gmd:contactInfo>
                <gmd:role>
                    <gmd:CI_RoleCode codeList="http://www.isotc211.org/2005/resources/codeList.xml#CI_RoleCode"
                                     codeListValue="pointOfContact"/>
                </gmd:role>
            </gmd:CI_ResponsibleParty>
        </gmd:contact>
        <gmd:dateStamp xmlns:che="http://www.geocat.ch/2008/che" xmlns:gco="http://www.isotc211.org/2005/gco"
                       xmlns:srv="http://www.isotc211.org/2005/srv" xmlns:gmx="http://www.isotc211.org/2005/gmx"
                       xmlns:gts="http://www.isotc211.org/2005/gts" xmlns:gsr="http://www.isotc211.org/2005/gsr"
                       xmlns:gmi="http://www.isotc211.org/2005/gmi" xmlns:gml="http://www.opengis.net/gml/3.2"
                       xmlns:xlink="http://www.w3.org/1999/xlink" xmlns:geonet="http://www.fao.org/geonetwork">
            <gco:DateTime>2021-04-28T07:41:29</gco:DateTime>
        </gmd:dateStamp>
        <gmd:metadataStandardName xmlns:che="http://www.geocat.ch/2008/che" xmlns:gco="http://www.isotc211.org/2005/gco"
                                  xmlns:srv="http://www.isotc211.org/2005/srv"
                                  xmlns:gmx="http://www.isotc211.org/2005/gmx"
                                  xmlns:gts="http://www.isotc211.org/2005/gts"
                                  xmlns:gsr="http://www.isotc211.org/2005/gsr"
                                  xmlns:gmi="http://www.isotc211.org/2005/gmi"
                                  xmlns:gml="http://www.opengis.net/gml/3.2" xmlns:xlink="http://www.w3.org/1999/xlink"
                                  xmlns:geonet="http://www.fao.org/geonetwork">
            <gco:CharacterString>GM03_2</gco:CharacterString>
        </gmd:metadataStandardName>
        <gmd:locale xmlns:che="http://www.geocat.ch/2008/che" xmlns:gco="http://www.isotc211.org/2005/gco"
                    xmlns:srv="http://www.isotc211.org/2005/srv" xmlns:gmx="http://www.isotc211.org/2005/gmx"
                    xmlns:gts="http://www.isotc211.org/2005/gts" xmlns:gsr="http://www.isotc211.org/2005/gsr"
                    xmlns:gmi="http://www.isotc211.org/2005/gmi" xmlns:gml="http://www.opengis.net/gml/3.2"
                    xmlns:xlink="http://www.w3.org/1999/xlink" xmlns:geonet="http://www.fao.org/geonetwork">
            <gmd:PT_Locale id="FR">
                <gmd:languageCode>
                    <gmd:LanguageCode codeList="http://www.loc.gov/standards/iso639-2/" codeListValue="fre"/>
                </gmd:languageCode>
                <gmd:characterEncoding>
                    <gmd:MD_CharacterSetCode codeListValue="utf8"
                                             codeList="http://standards.iso.org/ittf/PubliclyAvailableStandards/ISO_19139_Schemas/resources/codelist/ML_gmxCodelists.xml#MD_CharacterSetCode"/>
                </gmd:characterEncoding>
            </gmd:PT_Locale>
        </gmd:locale>
        <gmd:locale xmlns:che="http://www.geocat.ch/2008/che" xmlns:gco="http://www.isotc211.org/2005/gco"
                    xmlns:srv="http://www.isotc211.org/2005/srv" xmlns:gmx="http://www.isotc211.org/2005/gmx"
                    xmlns:gts="http://www.isotc211.org/2005/gts" xmlns:gsr="http://www.isotc211.org/2005/gsr"
                    xmlns:gmi="http://www.isotc211.org/2005/gmi" xmlns:gml="http://www.opengis.net/gml/3.2"
                    xmlns:xlink="http://www.w3.org/1999/xlink" xmlns:geonet="http://www.fao.org/geonetwork">
            <gmd:PT_Locale id="IT">
                <gmd:languageCode>
                    <gmd:LanguageCode codeList="http://www.loc.gov/standards/iso639-2/" codeListValue="ita"/>
                </gmd:languageCode>
                <gmd:characterEncoding>
                    <gmd:MD_CharacterSetCode codeListValue="utf8"
                                             codeList="http://standards.iso.org/ittf/PubliclyAvailableStandards/ISO_19139_Schemas/resources/codelist/ML_gmxCodelists.xml#MD_CharacterSetCode"/>
                </gmd:characterEncoding>
            </gmd:PT_Locale>
        </gmd:locale>
        <gmd:locale xmlns:che="http://www.geocat.ch/2008/che" xmlns:gco="http://www.isotc211.org/2005/gco"
                    xmlns:srv="http://www.isotc211.org/2005/srv" xmlns:gmx="http://www.isotc211.org/2005/gmx"
                    xmlns:gts="http://www.isotc211.org/2005/gts" xmlns:gsr="http://www.isotc211.org/2005/gsr"
                    xmlns:gmi="http://www.isotc211.org/2005/gmi" xmlns:gml="http://www.opengis.net/gml/3.2"
                    xmlns:xlink="http://www.w3.org/1999/xlink" xmlns:geonet="http://www.fao.org/geonetwork">
            <gmd:PT_Locale id="EN">
                <gmd:languageCode>
                    <gmd:LanguageCode codeList="http://www.loc.gov/standards/iso639-2/" codeListValue="eng"/>
                </gmd:languageCode>
                <gmd:characterEncoding>
                    <gmd:MD_CharacterSetCode codeListValue="utf8"
                                             codeList="http://standards.iso.org/ittf/PubliclyAvailableStandards/ISO_19139_Schemas/resources/codelist/ML_gmxCodelists.xml#MD_CharacterSetCode"/>
                </gmd:characterEncoding>
            </gmd:PT_Locale>
        </gmd:locale>
        <gmd:locale xmlns:che="http://www.geocat.ch/2008/che" xmlns:gco="http://www.isotc211.org/2005/gco"
                    xmlns:srv="http://www.isotc211.org/2005/srv" xmlns:gmx="http://www.isotc211.org/2005/gmx"
                    xmlns:gts="http://www.isotc211.org/2005/gts" xmlns:gsr="http://www.isotc211.org/2005/gsr"
                    xmlns:gmi="http://www.isotc211.org/2005/gmi" xmlns:gml="http://www.opengis.net/gml/3.2"
                    xmlns:xlink="http://www.w3.org/1999/xlink" xmlns:geonet="http://www.fao.org/geonetwork">
            <gmd:PT_Locale id="DE">
                <gmd:languageCode>
                    <gmd:LanguageCode codeList="http://www.loc.gov/standards/iso639-2/" codeListValue="ger"/>
                </gmd:languageCode>
                <gmd:characterEncoding>
                    <gmd:MD_CharacterSetCode
                            codeList="http://standards.iso.org/ittf/PubliclyAvailableStandards/ISO_19139_Schemas/resources/codelist/ML_gmxCodelists.xml#MD_CharacterSetCode"
                            codeListValue="utf8"/>
                </gmd:characterEncoding>
            </gmd:PT_Locale>
        </gmd:locale>
        <gmd:identificationInfo xmlns:che="http://www.geocat.ch/2008/che" xmlns:gco="http://www.isotc211.org/2005/gco"
                                xmlns:srv="http://www.isotc211.org/2005/srv"
                                xmlns:gmx="http://www.isotc211.org/2005/gmx"
                                xmlns:gts="http://www.isotc211.org/2005/gts"
                                xmlns:gsr="http://www.isotc211.org/2005/gsr"
                                xmlns:gmi="http://www.isotc211.org/2005/gmi" xmlns:gml="http://www.opengis.net/gml/3.2"
                                xmlns:xlink="http://www.w3.org/1999/xlink" xmlns:geonet="http://www.fao.org/geonetwork">
            <gmd:MD_DataIdentification>
                <gmd:citation>
                    <gmd:CI_Citation>
                        <gmd:title xsi:type="gmd:PT_FreeText_PropertyType">
                            <gco:CharacterString>Testdatensatz für opendata.swiss-Mapping</gco:CharacterString>
                            <gmd:PT_FreeText>
                                <gmd:textGroup>
                                    <gmd:LocalisedCharacterString locale="#DE">Testdatensatz für
                                        opendata.swiss-Mapping
                                    </gmd:LocalisedCharacterString>
                                </gmd:textGroup>
                            </gmd:PT_FreeText>
                        </gmd:title>
                        <gmd:date>
                            <gmd:CI_Date>
                                <gmd:date>
                                    <gco:Date>2021-04-28</gco:Date>
                                </gmd:date>
                                <gmd:dateType>
                                    <gmd:CI_DateTypeCode codeListValue="creation"
                                                         codeList="http://standards.iso.org/ittf/PubliclyAvailableStandards/ISO_19139_Schemas/resources/codelist/ML_gmxCodelists.xml#CI_DateTypeCode"/>
                                </gmd:dateType>
                            </gmd:CI_Date>
                        </gmd:date>
                    </gmd:CI_Citation>
                </gmd:citation>
                <gmd:abstract xsi:type="gmd:PT_FreeText_PropertyType">
                    <gco:CharacterString>Testdatensatz für opendata.swiss-Mapping: Nutzungsbedingungen, neue Ressourcen
                        (REST-API) und Preview, Formate mit den Ressourcen verlinkt.
                    </gco:CharacterString>
                    <gmd:PT_FreeText>
                        <gmd:textGroup>
                            <gmd:LocalisedCharacterString locale="#DE">Testdatensatz für opendata.swiss-Mapping:
                                Nutzungsbedingungen, neue Ressourcen (REST-API) und Preview, Formate mit den Ressourcen
                                verlinkt.
                            </gmd:LocalisedCharacterString>
                        </gmd:textGroup>
                    </gmd:PT_FreeText>
                </gmd:abstract>
                <gmd:pointOfContact>
                    <gmd:CI_ResponsibleParty>
                        <gmd:organisationName xsi:type="gmd:PT_FreeText_PropertyType">
                            <gco:CharacterString>Bundesamt für Landestopografie</gco:CharacterString>
                            <gmd:PT_FreeText>
                                <gmd:textGroup>
                                    <gmd:LocalisedCharacterString locale="#DE">Bundesamt für Landestopografie
                                    </gmd:LocalisedCharacterString>
                                </gmd:textGroup>
                                <gmd:textGroup>
                                    <gmd:LocalisedCharacterString locale="#FR">Office fédéral de topographie
                                    </gmd:LocalisedCharacterString>
                                </gmd:textGroup>
                                <gmd:textGroup>
                                    <gmd:LocalisedCharacterString locale="#IT">Ufficio federale di topografia
                                    </gmd:LocalisedCharacterString>
                                </gmd:textGroup>
                                <gmd:textGroup>
                                    <gmd:LocalisedCharacterString locale="#EN">Federal Office of Topography
                                    </gmd:LocalisedCharacterString>
                                </gmd:textGroup>
                            </gmd:PT_FreeText>
                        </gmd:organisationName>
                        <gmd:contactInfo>
                            <gmd:CI_Contact>
                                <gmd:phone>
                                    <gmd:CI_Telephone>
                                        <gmd:voice>
                                            <gco:CharacterString>058 469 01 11</gco:CharacterString>
                                        </gmd:voice>
                                    </gmd:CI_Telephone>
                                </gmd:phone>
                                <gmd:address>
                                    <gmd:CI_Address>
                                        <gmd:city>
                                            <gco:CharacterString>Wabern</gco:CharacterString>
                                        </gmd:city>
                                        <gmd:postalCode>
                                            <gco:CharacterString>3084</gco:CharacterString>
                                        </gmd:postalCode>
                                        <gmd:country>
                                            <gco:CharacterString>CH</gco:CharacterString>
                                        </gmd:country>
                                        <gmd:electronicMailAddress>
                                            <gco:CharacterString>geocat@swisstopo.ch</gco:CharacterString>
                                        </gmd:electronicMailAddress>
                                    </gmd:CI_Address>
                                </gmd:address>
                                <gmd:onlineResource>
                                    <gmd:CI_OnlineResource>
                                        <gmd:linkage>
                                            <gmd:URL>http://www.swisstopo.ch</gmd:URL>
                                        </gmd:linkage>
                                        <gmd:protocol>
                                            <gco:CharacterString>WWW:LINK</gco:CharacterString>
                                        </gmd:protocol>
                                    </gmd:CI_OnlineResource>
                                </gmd:onlineResource>
                            </gmd:CI_Contact>
                        </gmd:contactInfo>
                        <gmd:role>
                            <gmd:CI_RoleCode codeList="http://www.isotc211.org/2005/resources/codeList.xml#CI_RoleCode"
                                             codeListValue="owner"/>
                        </gmd:role>
                    </gmd:CI_ResponsibleParty>
                </gmd:pointOfContact>
                <gmd:descriptiveKeywords>
                    <gmd:MD_Keywords>
                        <gmd:keyword xsi:type="gmd:PT_FreeText_PropertyType">
                            <gco:CharacterString>opendata.swiss</gco:CharacterString>
                            <gmd:PT_FreeText>
                                <gmd:textGroup>
                                    <gmd:LocalisedCharacterString locale="#DE">opendata.swiss
                                    </gmd:LocalisedCharacterString>
                                </gmd:textGroup>
                                <gmd:textGroup>
                                    <gmd:LocalisedCharacterString locale="#FR">opendata.swiss
                                    </gmd:LocalisedCharacterString>
                                </gmd:textGroup>
                                <gmd:textGroup>
                                    <gmd:LocalisedCharacterString locale="#IT">opendata.swiss
                                    </gmd:LocalisedCharacterString>
                                </gmd:textGroup>
                                <gmd:textGroup>
                                    <gmd:LocalisedCharacterString locale="#EN">opendata.swiss
                                    </gmd:LocalisedCharacterString>
                                </gmd:textGroup>
                            </gmd:PT_FreeText>
                        </gmd:keyword>
                        <gmd:type>
                            <gmd:MD_KeywordTypeCode
                                    codeList="http://www.isotc211.org/2005/resources/codeList.xml#MD_KeywordTypeCode"
                                    codeListValue="theme"/>
                        </gmd:type>
                        <gmd:thesaurusName>
                            <gmd:CI_Citation>
                                <gmd:title>
                                    <gco:CharacterString>geocat.ch</gco:CharacterString>
                                </gmd:title>
                                <gmd:date>
                                    <gmd:CI_Date>
                                        <gmd:date>
                                            <gco:Date>2021-04-12</gco:Date>
                                        </gmd:date>
                                        <gmd:dateType>
                                            <gmd:CI_DateTypeCode
                                                    codeList="http://standards.iso.org/iso/19139/resources/gmxCodelists.xml#CI_DateTypeCode"
                                                    codeListValue="publication"/>
                                        </gmd:dateType>
                                    </gmd:CI_Date>
                                </gmd:date>
                                <gmd:identifier>
                                    <gmd:MD_Identifier>
                                        <gmd:code>
                                            <gmx:Anchor>geonetwork.thesaurus.local.theme.geocat.ch</gmx:Anchor>
                                        </gmd:code>
                                    </gmd:MD_Identifier>
                                </gmd:identifier>
                            </gmd:CI_Citation>
                        </gmd:thesaurusName>
                    </gmd:MD_Keywords>
                </gmd:descriptiveKeywords>
                <gmd:resourceConstraints>
                    <gmd:MD_LegalConstraints>
                        <gmd:otherConstraints xsi:type="gmd:PT_FreeText_PropertyType">
                            <gmx:Anchor>Opendata BY: Freie Nutzung. Quellenangabe ist Pflicht.</gmx:Anchor>
                            <gmd:PT_FreeText>
                                <gmd:textGroup>
                                    <gmd:LocalisedCharacterString locale="#DE">Opendata BY: Freie Nutzung. Quellenangabe
                                        ist Pflicht.
                                    </gmd:LocalisedCharacterString>
                                </gmd:textGroup>
                                <gmd:textGroup>
                                    <gmd:LocalisedCharacterString locale="#FR">Opendata BY: Utilisation libre.
                                        Obligation d’indiquer la source.
                                    </gmd:LocalisedCharacterString>
                                </gmd:textGroup>
                                <gmd:textGroup>
                                    <gmd:LocalisedCharacterString locale="#IT">Opendata BY: Libero utilizzo. Indicazione
                                        della fonte obbligatoria. Utilizzo a fini commerciali ammesso soltanto previo
                                        consenso del titolare dei dati
                                    </gmd:LocalisedCharacterString>
                                </gmd:textGroup>
                                <gmd:textGroup>
                                    <gmd:LocalisedCharacterString locale="#EN">Opendata BY: Open use. Must provide the
                                        source.
                                    </gmd:LocalisedCharacterString>
                                </gmd:textGroup>
                            </gmd:PT_FreeText>
                        </gmd:otherConstraints>
                    </gmd:MD_LegalConstraints>
                </gmd:resourceConstraints>
                <gmd:language>
                    <gmd:LanguageCode codeList="http://www.loc.gov/standards/iso639-2/" codeListValue="ger"/>
                </gmd:language>
                <gmd:characterSet>
                    <gmd:MD_CharacterSetCode codeListValue="utf8"
                                             codeList="http://standards.iso.org/ittf/PubliclyAvailableStandards/ISO_19139_Schemas/resources/codelist/ML_gmxCodelists.xml#MD_CharacterSetCode"/>
                </gmd:characterSet>
                <gmd:topicCategory>
                    <gmd:MD_TopicCategoryCode>climatologyMeteorologyAtmosphere</gmd:MD_TopicCategoryCode>
                </gmd:topicCategory>
                <gmd:extent>
                    <gmd:EX_Extent>
                        <gmd:description xsi:type="gmd:PT_FreeText_PropertyType">
                            <gco:CharacterString>Schweiz</gco:CharacterString>
                            <gmd:PT_FreeText>
                                <gmd:textGroup>
                                    <gmd:LocalisedCharacterString locale="#DE">Schweiz</gmd:LocalisedCharacterString>
                                </gmd:textGroup>
                                <gmd:textGroup>
                                    <gmd:LocalisedCharacterString locale="#FR">Schweiz</gmd:LocalisedCharacterString>
                                </gmd:textGroup>
                                <gmd:textGroup>
                                    <gmd:LocalisedCharacterString locale="#IT">Schweiz</gmd:LocalisedCharacterString>
                                </gmd:textGroup>
                                <gmd:textGroup>
                                    <gmd:LocalisedCharacterString locale="#EN">Schweiz</gmd:LocalisedCharacterString>
                                </gmd:textGroup>
                            </gmd:PT_FreeText>
                        </gmd:description>
                        <gmd:geographicElement>
                            <gmd:EX_GeographicDescription>
                                <gmd:geographicIdentifier>
                                    <gmd:MD_Identifier>
                                        <gmd:code xsi:type="gmd:PT_FreeText_PropertyType" gco:nilReason="missing">
                                            <gco:CharacterString/>
                                            <gmd:PT_FreeText>
                                                <gmd:textGroup>
                                                    <gmd:LocalisedCharacterString locale="#DE"/>
                                                </gmd:textGroup>
                                                <gmd:textGroup>
                                                    <gmd:LocalisedCharacterString locale="#FR"/>
                                                </gmd:textGroup>
                                                <gmd:textGroup>
                                                    <gmd:LocalisedCharacterString locale="#IT"/>
                                                </gmd:textGroup>
                                                <gmd:textGroup>
                                                    <gmd:LocalisedCharacterString locale="#EN"/>
                                                </gmd:textGroup>
                                            </gmd:PT_FreeText>
                                        </gmd:code>
                                    </gmd:MD_Identifier>
                                </gmd:geographicIdentifier>
                            </gmd:EX_GeographicDescription>
                        </gmd:geographicElement>
                        <gmd:geographicElement>
                            <gmd:EX_GeographicBoundingBox>
                                <gmd:westBoundLongitude>
                                    <gco:Decimal>5.957000</gco:Decimal>
                                </gmd:westBoundLongitude>
                                <gmd:eastBoundLongitude>
                                    <gco:Decimal>10.493000</gco:Decimal>
                                </gmd:eastBoundLongitude>
                                <gmd:southBoundLatitude>
                                    <gco:Decimal>45.820000</gco:Decimal>
                                </gmd:southBoundLatitude>
                                <gmd:northBoundLatitude>
                                    <gco:Decimal>47.810000</gco:Decimal>
                                </gmd:northBoundLatitude>
                            </gmd:EX_GeographicBoundingBox>
                        </gmd:geographicElement>
                        <gmd:geographicElement>
                            <gmd:EX_BoundingPolygon>
                                <gmd:polygon>
                                    <MultiSurface xmlns="http://www.opengis.net/gml/3.2" gml:id="d631852e81">
                                        <gml:surfaceMember>
                                            <Polygon gml:id="d631852e83">
                                                <gml:exterior>
                                                    <gml:LinearRing>
                                                        <gml:posList>5.964000005879677 46.19900000883968
                                                            5.965000005880854 46.19900000883951 5.965000005880691
                                                            46.20000000884012 5.965000005880527 46.20100000884071
                                                            5.966000005881702 46.201000008840566 5.967000005882881
                                                            46.20100000884036 5.967000005882717 46.202000008841
                                                            5.968000005883896 46.2020000088408 5.969000005885073
                                                            46.2020000088406 5.970000005886249 46.20200000884043
                                                            5.970000005886087 46.203000008841094 5.971000005887265
                                                            46.203000008840895 5.971000005887104 46.2040000088415
                                                            5.972000005888443 46.203000008840725 5.972000005888278
                                                            46.20400000884131 5.973000005889455 46.20400000884112
                                                            5.974000005890634 46.20400000884096 5.974000005890471
                                                            46.20500000884154 5.973000005889293 46.20500000884177
                                                            5.973000005889129 46.20600000884236 5.972000005887951
                                                            46.206000008842544 5.971000005886771 46.20600000884272
                                                            5.97100000588661 46.20700000884334 5.971000005886444
                                                            46.20800000884393 5.970000005885268 46.208000008844095
                                                            5.970000005885105 46.20900000884473 5.971000005886118
                                                            46.21000000884518 5.972000005886967 46.21200000884621
                                                            5.972000005886804 46.21300000884686 5.974000005888666
                                                            46.21600000884831 5.9750000058896795 46.21700000884876
                                                            5.979000005894055 46.21900000884927 5.980000005895231
                                                            46.21900000884908 5.9810000058964095 46.21900000884889
                                                            5.982000005897586 46.219000008848695 5.9830000058987585
                                                            46.219000008848525 5.9840000058999365 46.21900000884831
                                                            5.985000005901112 46.219000008848155 5.986000005902288
                                                            46.21900000884799 5.987000005903466 46.219000008847786
                                                            5.988000005904642 46.219000008847615 5.988000005904807
                                                            46.21800000884699 5.989000005905982 46.2180000088468
                                                            5.990000005907158 46.21800000884665 5.991000005908332
                                                            46.218000008846445 5.99200000590951 46.21800000884626
                                                            5.992000005909674 46.217000008845666 5.993000005910849
                                                            46.21700000884546 5.994000005912022 46.217000008845304
                                                            5.994000005911862 46.21800000884587 5.994000005911696
                                                            46.219000008846514 5.9940000059115315 46.22000000884715
                                                            5.9940000059113645 46.22100000884777 5.992000005908849
                                                            46.22200000884873 5.992000005908686 46.22300000884934
                                                            5.99100000590751 46.2230000088495 5.991000005907342
                                                            46.22400000885012 5.9940000059107055 46.22500000885014
                                                            5.994000005910871 46.22400000884959 5.995000005912047
                                                            46.2240000088494 5.996000005913222 46.22400000884918
                                                            5.997000005914397 46.22400000884902 5.998000005915571
                                                            46.22400000884887 5.999000005916746 46.224000008848655
                                                            6.000000005917923 46.22400000884844 6.000000005918088
                                                            46.22300000884782 6.001000005919428 46.22200000884706
                                                            6.002000005920603 46.22200000884688 6.0030000059216135
                                                            46.22300000884731 6.003000005921447 46.22400000884792
                                                            6.004000005922622 46.224000008847746 6.004000005922458
                                                            46.225000008848355 6.005000005923634 46.225000008848134
                                                            6.006000005924806 46.22500000884798 6.0060000059246414
                                                            46.22600000884861 6.007000005925817 46.22600000884838
                                                            6.008000005926992 46.22600000884824 6.008000005926825
                                                            46.22700000884882 6.00800000592666 46.228000008849435
                                                            6.0090000059278355 46.22800000884925 6.00900000592767
                                                            46.22900000884991 6.010000005928844 46.229000008849674
                                                            6.011000005930018 46.22900000884951 6.011000005929851
                                                            46.23000000885011 6.010000005928675 46.23000000885029
                                                            6.01000000592851 46.23100000885091 6.011000005929686
                                                            46.23100000885078 6.012000005930861 46.23100000885055
                                                            6.012000005931025 46.2300000088499 6.013000005932201
                                                            46.23000000884979 6.01400000593321 46.23100000885015
                                                            6.014000005933044 46.2320000088508 6.013000005931871
                                                            46.232000008850974 6.013000005931704 46.233000008851576
                                                            6.014000005932878 46.233000008851405 6.01500000593405
                                                            46.233000008851256 6.0150000059342155 46.23200000885059
                                                            6.016000005935392 46.232000008850385 6.016000005935226
                                                            46.23300000885101 6.017000005936402 46.23300000885085
                                                            6.017000005936233 46.234000008851446 6.018000005937572
                                                            46.233000008850674 6.019000005938747 46.23300000885046
                                                            6.02000000593992 46.233000008850276 6.019000005938582
                                                            46.2340000088511 6.020000005939756 46.234000008850934
                                                            6.021000005940928 46.234000008850735 6.022000005942102
                                                            46.234000008850536 6.023000005943276 46.234000008850344
                                                            6.02400000594445 46.23400000885015 6.024000005944285
                                                            46.235000008850776 6.025000005945457 46.23500000885063
                                                            6.02600000594663 46.23500000885041 6.026000005946462
                                                            46.23600000885103 6.027000005947635 46.23600000885085
                                                            6.028000005948813 46.23600000885063 6.028000005948644
                                                            46.237000008851254 6.029000005949816 46.23700000885111
                                                            6.030000005950823 46.23800000885153 6.031000005951999
                                                            46.238000008851344 6.033000005954178 46.23900000885155
                                                            6.034000005955182 46.24000000885198 6.040000005962719
                                                            46.23700000884911 6.043000005966573 46.23500000884729
                                                            6.047000005971595 46.23300000884534 6.047000005971429
                                                            46.23400000884593 6.048000005972435 46.235000008846356
                                                            6.049000005973607 46.23500000884614 6.050000005974611
                                                            46.236000008846574 6.0510000059756175 46.23700000884702
                                                            6.051000005975449 46.238000008847635 6.05200000597662
                                                            46.238000008847436 6.052000005976454 46.239000008848045
                                                            6.053000005977459 46.2400000088485 6.0530000059772915
                                                            46.24100000884909 6.054000005978462 46.24100000884892
                                                            6.055000005979465 46.24200000884933 6.057000005981476
                                                            46.244000008850186 6.058000005982645 46.24400000885002
                                                            6.059000005983649 46.24500000885046 6.060000005984653
                                                            46.246000008850864 6.0610000059856555 46.24700000885127
                                                            6.062000005986829 46.2470000088511 6.063000005988
                                                            46.247000008850925 6.064000005989002 46.2480000088513
                                                            6.06400000598917 46.24700000885069 6.065000005990343
                                                            46.24700000885051 6.065000005990511 46.246000008849926
                                                            6.066000005991679 46.246000008849734 6.06600000599185
                                                            46.245000008849104 6.06700000599302 46.245000008848926
                                                            6.067000005993188 46.24400000884833 6.068000005994358
                                                            46.24400000884815 6.06900000599553 46.244000008847905
                                                            6.07000000599687 46.243000008847126 6.071000005997873
                                                            46.24400000884759 6.072000005999213 46.24300000884679
                                                            6.072000005999042 46.24400000884735 6.073000006000214
                                                            46.2440000088472 6.074000006001553 46.2430000088464
                                                            6.074000006001385 46.24400000884701 6.075000006002558
                                                            46.244000008846825 6.074000006001216 46.24500000884764
                                                            6.07400000600105 46.246000008848235 6.075000006002219
                                                            46.24600000884803 6.076000006003558 46.24500000884725
                                                            6.078000006005561 46.24700000884812 6.079000006006902
                                                            46.246000008847325 6.0790000060067335 46.247000008847934
                                                            6.080000006007902 46.24700000884775 6.081000006009071
                                                            46.24700000884752 6.083000006011246 46.24800000884776
                                                            6.083000006011414 46.24700000884718 6.084000006012583
                                                            46.247000008846975 6.084000006012413 46.248000008847576
                                                            6.0850000060134155 46.24900000884798 6.086000006014753
                                                            46.248000008847214 6.089000006018094 46.249000008847275
                                                            6.089000006018264 46.24800000884667 6.0910000060207725
                                                            46.247000008845674 6.093000006023281 46.24600000884471
                                                            6.094000006024621 46.24500000884391 6.09600000602713
                                                            46.24400000884291 6.096000006027299 46.2430000088423
                                                            6.098000006029807 46.2420000088413 6.100000006032316
                                                            46.24100000884036 6.102000006034994 46.23900000883873
                                                            6.103000006035993 46.24000000883918 6.106000006039163
                                                            46.242000008839845 6.108000006041333 46.24300000884007
                                                            6.1100000060438395 46.24200000883907 6.122000006056502
                                                            46.25000000884168 6.1210000060553345 46.25000000884187
                                                            6.122000006056331 46.251000008842304 6.1240000060584965
                                                            46.252000008842536 6.125000006059494 46.25300000884294
                                                            6.125000006059324 46.254000008843576 6.125000006059153
                                                            46.25500000884417 6.124000006057985 46.25500000884435
                                                            6.123000006056818 46.25500000884458 6.122000006055648
                                                            46.255000008844696 6.1220000060554804 46.25600000884533
                                                            6.122000006055307 46.257000008845985 6.122000006055138
                                                            46.25800000884656 6.123000006056305 46.25800000884633
                                                            6.124000006057473 46.25800000884617 6.1230000060561345
                                                            46.25900000884696 6.122000006054967 46.259000008847146
                                                            6.1220000060547966 46.26000000884775 6.123000006055963
                                                            46.26000000884757 6.120000006051948 46.26300000884995
                                                            6.121000006052946 46.264000008850374 6.11900000605044
                                                            46.26500000885137 6.121000006052607 46.2660000088516
                                                            6.121000006052434 46.26700000885218 6.120000006051266
                                                            46.267000008852385 6.119000006050101 46.26700000885256
                                                            6.11800000604876 46.268000008853335 6.11700000604759
                                                            46.268000008853555 6.116000006046424 46.268000008853754
                                                            6.1140000060437485 46.27000000885532 6.112000006041242
                                                            46.27100000885633 6.11300000604241 46.271000008856106
                                                            6.111000006039902 46.27200000885708 6.111000006039732
                                                            46.27300000885771 6.1120000060409 46.273000008857494
                                                            6.113000006041899 46.274000008857975 6.114000006043066
                                                            46.27400000885779 6.112000006040561 46.27500000885872
                                                            6.113000006041726 46.27500000885852 6.112000006040389
                                                            46.276000008859356 6.111000006039221 46.276000008859526
                                                            6.110000006038052 46.276000008859704 6.1100000060378825
                                                            46.27700000886032 6.109000006036714 46.27700000886048
                                                            6.109000006036544 46.27800000886111 6.1080000060353745
                                                            46.2780000088613 6.108000006035207 46.27900000886193
                                                            6.1070000060340375 46.27900000886208 6.106000006032869
                                                            46.2790000088623 6.106000006032698 46.28000000886288
                                                            6.105000006031531 46.280000008863055 6.104000006030362
                                                            46.28000000886325 6.104000006030192 46.28100000886384
                                                            6.105000006031361 46.281000008863664 6.10500000603119
                                                            46.282000008864244 6.105000006031019 46.28300000886486
                                                            6.105000006030848 46.28400000886545 6.106000006032015
                                                            46.28400000886529 6.106000006031843 46.28500000886589
                                                            6.105000006030677 46.28500000886607 6.1050000060305045
                                                            46.286000008866665 6.104000006029338 46.286000008866885
                                                            6.103000006028 46.28700000886766 6.1040000060291675
                                                            46.28700000886746 6.1050000060301635 46.28800000886789
                                                            6.105000006029993 46.28900000886847 6.107000006032158
                                                            46.2900000088687 6.108000006033154 46.29100000886912
                                                            6.11000000603549 46.29100000886877 6.111000006036483
                                                            46.292000008869174 6.11200000603748 46.293000008869555
                                                            6.113000006038475 46.294000008869986 6.114000006039472
                                                            46.295000008870396 6.113000006038305 46.29500000887064
                                                            6.1140000060393005 46.29600000887105 6.115000006040467
                                                            46.29600000887083 6.116000006041632 46.29600000887065
                                                            6.1170000060428 46.296000008870465 6.1180000060439665
                                                            46.29600000887025 6.119000006045134 46.29600000887008
                                                            6.1200000060463005 46.29600000886989 6.121000006047296
                                                            46.29700000887029 6.12000000604613 46.297000008870505
                                                            6.119000006044963 46.29700000887069 6.11900000604479
                                                            46.29800000887126 6.120000006045954 46.29800000887107
                                                            6.121000006047124 46.29800000887088 6.121000006046953
                                                            46.29900000887149 6.121000006046779 46.3000000088721
                                                            6.122000006047945 46.300000008871905 6.122000006047773
                                                            46.30100000887252 6.12300000604894 46.30100000887233
                                                            6.123000006048768 46.302000008872895 6.122000006047601
                                                            46.30200000887314 6.122000006047431 46.30300000887374
                                                            6.121000006046264 46.30300000887389 6.120000006045098
                                                            46.30300000887406 6.120000006044926 46.304000008874695
                                                            6.120000006044754 46.3050000088753 6.1210000060459215
                                                            46.305000008875105 6.121000006045748 46.30600000887569
                                                            6.121000006045578 46.30700000887633 6.12000000604441
                                                            46.307000008876486 6.120000006044236 46.30800000887708
                                                            6.1210000060454055 46.30800000887693 6.121000006045234
                                                            46.3090000088775 6.120000006044067 46.309000008877696
                                                            6.120000006043893 46.310000008878276 6.121000006045059
                                                            46.310000008878134 6.121000006044889 46.31100000887871
                                                            6.121000006044716 46.31200000887932 6.121000006044546
                                                            46.31300000887992 6.121000006044371 46.31400000888052
                                                            6.121000006044199 46.31500000888107 6.122000006045363
                                                            46.315000008880915 6.123000006046358 46.31600000888135
                                                            6.124000006047523 46.31600000888116 6.123000006046187
                                                            46.31700000888193 6.12400000604735 46.317000008881756
                                                            6.1250000060485155 46.317000008881536 6.125000006048343
                                                            46.318000008882166 6.125000006048171 46.319000008882725
                                                            6.1260000060493365 46.31900000888256 6.127000006050504
                                                            46.31900000888236 6.127000006050332 46.32000000888297
                                                            6.126000006049164 46.32000000888316 6.12600000604899
                                                            46.32100000888379 6.1270000060501575 46.321000008883566
                                                            6.127000006049984 46.32200000888415 6.127000006049813
                                                            46.32300000888475 6.128000006050978 46.32300000888457
                                                            6.129000006052143 46.3230000088844 6.129000006051969
                                                            46.32400000888499 6.130000006053133 46.3240000088848
                                                            6.130000006052961 46.325000008885425 6.131000006054125
                                                            46.3250000088852 6.132000006055118 46.326000008885615
                                                            6.1320000060549456 46.32700000888619 6.13300000605611
                                                            46.327000008886046 6.134000006057103 46.32800000888642
                                                            6.1340000060569295 46.329000008887036 6.135000006058094
                                                            46.329000008886794 6.135000006057921 46.33000000888745
                                                            6.136000006059085 46.33000000888725 6.137000006060246
                                                            46.33000000888703 6.136000006058911 46.331000008887855
                                                            6.136000006058737 46.332000008888414 6.1370000060599015
                                                            46.332000008888244 6.138000006060892 46.33300000888865
                                                            6.137000006059729 46.333000008888845 6.137000006059558
                                                            46.33400000888946 6.1380000060605475 46.33500000888987
                                                            6.139000006061709 46.3350000088897 6.140000006062873
                                                            46.33500000888946 6.140000006062701 46.33600000889009
                                                            6.140000006062526 46.337000008890655 6.139000006061362
                                                            46.33700000889086 6.1380000060601985 46.337000008891046
                                                            6.138000006060025 46.338000008891626 6.139000006061188
                                                            46.33800000889145 6.138000006059852 46.33900000889223
                                                            6.139000006061015 46.33900000889205 6.14000000606218
                                                            46.339000008891844 6.140000006062007 46.34000000889243
                                                            6.13900000606084 46.34000000889263 6.139000006060667
                                                            46.341000008893225 6.1400000060618325 46.34100000889305
                                                            6.141000006062997 46.34100000889286 6.141000006062821
                                                            46.34200000889346 6.142000006063985 46.34200000889327
                                                            6.143000006064973 46.34300000889366 6.14400000606614
                                                            46.343000008893476 6.145000006067304 46.34300000889326
                                                            6.146000006068467 46.34300000889312 6.147000006069457
                                                            46.34400000889351 6.148000006070618 46.3440000088933
                                                            6.149000006071782 46.34400000889317 6.150000006072948
                                                            46.3440000088929 6.150000006072774 46.34500000889354
                                                            6.150000006072598 46.34600000889411 6.15100000607376
                                                            46.34600000889391 6.152000006074924 46.346000008893725
                                                            6.15200000607475 46.34700000889435 6.152000006074576
                                                            46.348000008894935 6.153000006075738 46.348000008894736
                                                            6.153000006075564 46.34900000889531 6.154000006076726
                                                            46.34900000889518 6.15500000607789 46.349000008894954
                                                            6.155000006077716 46.35000000889558 6.156000006078879
                                                            46.35000000889539 6.1560000060787035 46.35100000889596
                                                            6.157000006079868 46.351000008895774 6.158000006080855
                                                            46.35200000889619 6.159000006081842 46.353000008896565
                                                            6.1590000060816665 46.3540000088972 6.1580000060805045
                                                            46.35400000889735 6.1580000060803295 46.35500000889794
                                                            6.159000006081492 46.355000008897754 6.1590000060813175
                                                            46.35600000889837 6.1590000060811425 46.35700000889894
                                                            6.1590000060809675 46.358000008899545 6.1600000060821305
                                                            46.35800000889935 6.1600000060819555 46.35900000889996
                                                            6.162000006083754 46.362000008901376 6.169000006091008
                                                            46.36700000890296 6.1710000060931565 46.368000008903174
                                                            6.17100000609298 46.369000008903775 6.1700000060916445
                                                            46.37000000890454 6.1680000060889695 46.3720000089061
                                                            6.167000006087457 46.37400000890752 6.166000006086295
                                                            46.37400000890771 6.164000006083796 46.37500000890868
                                                            6.16400000608362 46.37600000890925 6.163000006082459
                                                            46.37600000890944 6.163000006082283 46.37700000891003
                                                            6.16200000608112 46.37700000891023 6.1620000060809454
                                                            46.37800000891082 6.162000006080768 46.37900000891142
                                                            6.161000006079608 46.379000008911625 6.161000006079433
                                                            46.380000008912205 6.161000006079255 46.381000008912764
                                                            6.160000006078095 46.381000008913 6.1600000060779205
                                                            46.382000008913565 6.159000006076757 46.38200000891374
                                                            6.159000006076933 46.381000008913155 6.158000006075948
                                                            46.38000000891274 6.157000006074787 46.38000000891294
                                                            6.156000006073623 46.380000008913136 6.155000006072463
                                                            46.38000000891332 6.155000006072639 46.37900000891273
                                                            6.154000006071301 46.3800000089135 6.154000006071477
                                                            46.37900000891293 6.152000006069152 46.3790000089133
                                                            6.1510000060679895 46.379000008913515 6.150000006066827
                                                            46.379000008913714 6.150000006066652 46.38000000891428
                                                            6.1480000060639775 46.382000008915846 6.147000006062817
                                                            46.38200000891604 6.144000006058978 46.38400000891779
                                                            6.142000006056304 46.38600000891934 6.138000006051303
                                                            46.38800000892129 6.136000006048628 46.39000000892286
                                                            6.135000006047291 46.391000008923655 6.1320000060436275
                                                            46.392000008924825 6.131000006042291 46.39300000892553
                                                            6.126000006035951 46.39600000892827 6.12500000603479
                                                            46.39600000892843 6.12200000603095 46.398000008930204
                                                            6.121000006029787 46.398000008930396 6.12000000602845
                                                            46.399000008931154 6.119000006027289 46.39900000893138
                                                            6.11800000602595 46.40000000893214 6.116000006023447
                                                            46.401000008933075 6.114000006020947 46.402000008934095
                                                            6.114000006021123 46.401000008933465 6.115000006022461
                                                            46.40000000893273 6.115000006022636 46.39900000893213
                                                            6.11200000601897 46.400000008933254 6.111000006017633
                                                            46.40100000893407 6.11000000601647 46.40100000893425
                                                            6.109000006015308 46.401000008934425 6.1080000060141435
                                                            46.40100000893459 6.1070000060129805 46.401000008934815
                                                            6.106000006011815 46.40100000893501 6.106000006011641
                                                            46.40200000893561 6.105000006010303 46.403000008936345
                                                            6.104000006008965 46.404000008937125 6.103000006007802
                                                            46.40400000893734 6.102000006006463 46.40500000893808
                                                            6.1020000060062864 46.406000008938676 6.101000006005126
                                                            46.40600000893887 6.101000006004951 46.40700000893943
                                                            6.101000006004775 46.40800000894 6.100000006003612
                                                            46.40800000894022 6.100000006003438 46.40900000894083
                                                            6.099000006002099 46.410000008941594 6.098000006000937
                                                            46.41000000894178 6.0980000060007615 46.411000008942366
                                                            6.088000005988777 46.41300000894542 6.08300000598278
                                                            46.41400000894694 6.075000005973118 46.4160000089496
                                                            6.072000005969623 46.41600000895018 6.070000005967119
                                                            46.41700000895117 6.068000005964789 46.417000008951526
                                                            6.067000005963625 46.417000008951746 6.066000005962287
                                                            46.418000008952475 6.065000005961122 46.41800000895272
                                                            6.068000005963748 46.42300000895501 6.071000005966544
                                                            46.427000008956824 6.075000005970681 46.43000000895782
                                                            6.075000005970507 46.431000008958414 6.075000005970159
                                                            46.43300000895957 6.075000005969982 46.434000008960126
                                                            6.085000005980396 46.44100000896235 6.0860000059812105
                                                            46.44300000896335 6.087000005981845 46.44600000896494
                                                            6.085000005978993 46.44900000896702 6.079000005971492
                                                            46.45200000896989 6.075000005966314 46.45500000897239
                                                            6.077000005967938 46.459000008974364 6.078000005969104
                                                            46.459000008974144 6.074000005963925 46.46200000897667
                                                            6.0750000059645615 46.46500000897818 6.0740000059632235
                                                            46.46600000897897 6.074000005963046 46.46700000897953
                                                            6.078000005967349 46.469000008979975 6.081000005970308
                                                            46.472000008981134 6.083000005972457 46.4730000089813
                                                            6.085000005974427 46.47500000898209 6.086000005975591
                                                            46.47500000898192 6.086000005975415 46.47600000898252
                                                            6.089000005978727 46.47700000898251 6.090000005979707
                                                            46.47800000898289 6.091000005980693 46.47900000898332
                                                            6.092000005981856 46.4790000089831 6.094000005983825
                                                            46.48100000898386 6.095000005984808 46.482000008984286
                                                            6.0970000059869545 46.483000008984455 6.0980000059881165
                                                            46.48300000898425 6.098000005987939 46.48400000898485
                                                            6.100000005989906 46.48600000898565 6.104000005992776
                                                            46.496000008990656 6.111000005999122 46.50600000899505
                                                            6.113000006000547 46.51100000899753 6.118000006005452
                                                            46.51600000899945 6.122000006009549 46.519000009000415
                                                            6.1330000060206755 46.528000009003456 6.139000006026721
                                                            46.53300000900522 6.144000006033046 46.5300000090025
                                                            6.145000006034022 46.53100000900291 6.153000006042194
                                                            46.537000009004764 6.154000006042987 46.539000009005676
                                                            6.149000006036846 46.54100000900779 6.153000006040927
                                                            46.54400000900875 6.157000006045008 46.54700000900971
                                                            6.157000006044829 46.548000009010266 6.152000006038506
                                                            46.551000009012924 6.150000006036015 46.552000009013874
                                                            6.149000006034678 46.55300000901466 6.148000006033341
                                                            46.5540000090154 6.146000006030849 46.555000009016325
                                                            6.14300000602702 46.55700000901808 6.141000006024528
                                                            46.558000009018976 6.139000006021853 46.56000000902056
                                                            6.135000006016868 46.56200000902245 6.128000006007869
                                                            46.5670000090266 6.124000006002884 46.569000009028485
                                                            6.119000005996379 46.57300000903171 6.117000005993703
                                                            46.575000009033175 6.114000005990058 46.57600000903433
                                                            6.111000005986223 46.57800000903602 6.116000005991285
                                                            46.582000009037344 6.119000005994396 46.5840000090379
                                                            6.123000005998657 46.586000009038266 6.123000005998474
                                                            46.58700000903884 6.124000005999451 46.588000009039206
                                                            6.125000006000423 46.589000009039566 6.127000006002191
                                                            46.59200000904088 6.131000006006632 46.593000009040686
                                                            6.13300000600858 46.59500000904142 6.137000006012835
                                                            46.597000009041764 6.139000006014779 46.5990000090425
                                                            6.140000006015753 46.6000000090429 6.143000006019215
                                                            46.60000000904229 6.147000006023288 46.60300000904325
                                                            6.149000006025413 46.60400000904342 6.152000006028693
                                                            46.60500000904339 6.154000006030817 46.60600000904355
                                                            6.155000006031971 46.606000009043356 6.15700000603391
                                                            46.60800000904409 6.159000006035852 46.610000009044846
                                                            6.160000006036822 46.61100000904522 6.1620000060389435
                                                            46.612000009045374 6.165000006042401 46.612000009044806
                                                            6.166000006043557 46.6120000090446 6.168000006045677
                                                            46.61300000904477 6.1700000060479825 46.61300000904436
                                                            6.172000006050102 46.614000009044545 6.1760000060543465
                                                            46.61600000904493 6.180000006058585 46.61800000904527
                                                            6.1800000060584 46.619000009045834 6.18100000605937
                                                            46.62000000904618 6.180000006058031 46.62100000904691
                                                            6.180000006057848 46.622000009047504 6.182000006059967
                                                            46.623000009047644 6.184000006062269 46.62300000904726
                                                            6.1860000060640195 46.62600000904859 6.188000006066321
                                                            46.62600000904818 6.189000006067287 46.62700000904855
                                                            6.190000006068254 46.62800000904889 6.19200000607074
                                                            46.627000009047954 6.193000006071705 46.6280000090483
                                                            6.194000006072672 46.62900000904866 6.195000006073823
                                                            46.62900000904848 6.196000006074788 46.630000009048906
                                                            6.197000006075937 46.63000000904866 6.197000006075752
                                                            46.631000009049245 6.198000006076719 46.63200000904954
                                                            6.201000006079427 46.63600000905126 6.200000006078278
                                                            46.63600000905142 6.205000006083657 46.63800000905152
                                                            6.206000006084993 46.6370000090508 6.207000006085956
                                                            46.638000009051176 6.208000006087105 46.63800000905098
                                                            6.209000006088254 46.63800000905077 6.210000006089216
                                                            46.63900000905113 6.211000006090183 46.64000000905151
                                                            6.212000006091147 46.64100000905187 6.214000006093257
                                                            46.64200000905203 6.213000006091923 46.64300000905278
                                                            6.214000006093072 46.64300000905256 6.216000006095184
                                                            46.64400000905276 6.217000006096333 46.64400000905255
                                                            6.218000006097479 46.644000009052355 6.218000006097294
                                                            46.64500000905292 6.2170000060961454 46.64500000905312
                                                            6.220000006099218 46.647000009053635 6.225000006104776
                                                            46.64800000905323 6.228000006107846 46.650000009053734
                                                            6.232000006111877 46.653000009054594 6.23400000611361
                                                            46.656000009055866 6.237000006116681 46.65800000905642
                                                            6.239000006118784 46.65900000905658 6.240000006119745
                                                            46.66000000905687 6.243000006122621 46.66300000905796
                                                            6.2460000061258745 46.66400000905794 6.249000006128936
                                                            46.66600000905846 6.2510000061308535 46.668000009059156
                                                            6.2540000061341035 46.66900000905912 6.2580000061383085
                                                            46.671000009059426 6.261000006141179 46.674000009060485
                                                            6.265000006145382 46.6760000090608 6.26800000614844
                                                            46.678000009061336 6.269000006149206 46.680000009062226
                                                            6.270000006150349 46.680000009062006 6.271000006151495
                                                            46.68000000906186 6.271000006151306 46.68100000906239
                                                            6.271000006151117 46.68200000906292 6.270000006149972
                                                            46.68200000906313 6.2700000061495915 46.684000009064206
                                                            6.277000006156842 46.688000009065064 6.280000006160083
                                                            46.68900000906496 6.283000006162754 46.69300000906658
                                                            6.286000006166185 46.69300000906597 6.293000006173808
                                                            46.69500000906574 6.296000006177044 46.69600000906565
                                                            6.29800000617933 46.69600000906523 6.30300000618447
                                                            46.699000009065884 6.3070000061886535 46.7010000090662
                                                            6.308000006189796 46.701000009065986 6.312000006193982
                                                            46.7030000090663 6.316000006198162 46.70500000906659
                                                            6.321000006203485 46.707000009066675 6.326000006208995
                                                            46.70800000906623 6.328000006211277 46.708000009065806
                                                            6.333000006216595 46.71000000906592 6.337000006220963
                                                            46.71100000906564 6.342000006226467 46.712000009065235
                                                            6.34600000623064 46.71400000906546 6.350000006234809
                                                            46.71600000906578 6.353000006238034 46.7170000090657
                                                            6.355000006239731 46.72000000906692 6.358000006242754
                                                            46.72200000906742 6.359000006243702 46.72300000906778
                                                            6.361000006245591 46.72500000906847 6.362000006246725
                                                            46.72500000906826 6.362000006246922 46.72400000906771
                                                            6.363000006248061 46.72400000906751 6.364000006249199
                                                            46.72400000906731 6.365000006250335 46.72400000906708
                                                            6.366000006251475 46.72400000906689 6.3670000062526135
                                                            46.72400000906669 6.367000006252417 46.72500000906725
                                                            6.372000006257911 46.726000009066766 6.372000006256938
                                                            46.7310000090695 6.370000006254663 46.731000009069895
                                                            6.370000006254466 46.732000009070404 6.3710000062556045
                                                            46.73200000907024 6.372000006256741 46.73200000907
                                                            6.373000006257684 46.733000009070345 6.374000006258823
                                                            46.733000009070196 6.375000006259959 46.73300000906996
                                                            6.376000006261097 46.73300000906977 6.377000006262233
                                                            46.73300000906956 6.37800000626337 46.73300000906934
                                                            6.378000006263566 46.73200000906881 6.379000006264701
                                                            46.732000009068614 6.380000006265839 46.732000009068415
                                                            6.380000006265643 46.73300000906896 6.381000006266782
                                                            46.73300000906874 6.382000006267918 46.733000009068576
                                                            6.383000006269055 46.733000009068355 6.384000006270192
                                                            46.73300000906815 6.385000006271327 46.73300000906792
                                                            6.3860000062724644 46.73300000906775 6.386000006272268
                                                            46.73400000906827 6.390000006276227 46.737000009069114
                                                            6.391000006276971 46.73900000906996 6.393000006278851
                                                            46.74100000907062 6.392000006277321 46.74300000907193
                                                            6.391000006275991 46.7440000090727 6.389000006273719
                                                            46.74400000907305 6.389000006273521 46.74500000907358
                                                            6.393000006277476 46.74800000907441 6.396000006280489
                                                            46.75000000907492 6.401000006285774 46.75200000907494
                                                            6.402000006286711 46.7530000090753 6.404000006289177
                                                            46.75200000907436 6.412000006298058 46.75300000907329
                                                            6.417000006303531 46.7540000090728 6.418000006304467
                                                            46.75500000907313 6.4200000063067355 46.75500000907272
                                                            6.425000006312207 46.756000009072245 6.428000006315211
                                                            46.758000009072695 6.431000006318413 46.75900000907263
                                                            6.436000006323481 46.76200000907319 6.439000006326484
                                                            46.76400000907366 6.440000006327417 46.76500000907399
                                                            6.439000006326284 46.76500000907421 6.4390000063260855
                                                            46.766000009074766 6.4390000063254895 46.76900000907637
                                                            6.440000006326622 46.76900000907615 6.446000006332618
                                                            46.77300000907705 6.4500000063367455 46.77500000907731
                                                            6.453000006339943 46.77600000907724 6.45300000633954
                                                            46.77800000907829 6.452000006337812 46.7810000090801
                                                            6.455000006340601 46.784000009081076 6.457000006342062
                                                            46.78800000908283 6.4590000063437225 46.79100000908398
                                                            6.457000006341261 46.79200000908492 6.454000006337669
                                                            46.7930000090861 6.452000006335008 46.79500000908755
                                                            6.449000006331416 46.79600000908871 6.446000006327621
                                                            46.79800000909039 6.442000006322699 46.800000009092244
                                                            6.439000006318904 46.802000009093945 6.436000006315312
                                                            46.803000009095086 6.4340000063122496 46.807000009097614
                                                            6.432000006308585 46.814000009101754 6.437000006313839
                                                            46.816000009101764 6.442000006319089 46.818000009101794
                                                            6.44100000631776 46.81900000910254 6.4400000063152225
                                                            46.82600000910644 6.442000006316679 46.83000000910814
                                                            6.444000006317929 46.83500000911033 6.446000006319788
                                                            46.83700000911101 6.448000006321642 46.83900000911163
                                                            6.449000006322571 46.84000000911196 6.453000006326076
                                                            46.84500000911378 6.456000006328855 46.84800000911475
                                                            6.458000006330504 46.85100000911592 6.461000006333484
                                                            46.853000009116364 6.462000006332785 46.86200000912081
                                                            6.463000006332897 46.867000009123245 6.463000006331474
                                                            46.874000009126895 6.4640000063319905 46.87700000912822
                                                            6.464000006331378 46.880000009129766 6.465000006331691
                                                            46.88400000913165 6.465000006331485 46.88500000913216
                                                            6.465000006330872 46.88800000913372 6.465000006330465
                                                            46.89000000913475 6.465000006330056 46.89200000913583
                                                            6.465000006329648 46.894000009136846 6.462000006325657
                                                            46.897000009139006 6.45900000632105 46.90300000914274
                                                            6.455000006315935 46.90600000914512 6.45300000631307
                                                            46.909000009147036 6.452000006311739 46.91000000914779
                                                            6.450000006309077 46.91200000914929 6.449000006307746
                                                            46.91300000914994 6.4420000062986364 46.91900000915449
                                                            6.442000006298435 46.92000000915497 6.440000006295977
                                                            46.921000009155925 6.437000006291985 46.92400000915809
                                                            6.436000006290449 46.92600000915936 6.434000006287584
                                                            46.92900000916128 6.43300000628605 46.93100000916249
                                                            6.434000006287176 46.931000009162325 6.435000006288304
                                                            46.93100000916212 6.436000006289428 46.931000009161885
                                                            6.436000006289222 46.932000009162415 6.437000006290348
                                                            46.93200000916222 6.438000006291476 46.932000009162
                                                            6.439000006292603 46.9320000091618 6.439000006292397
                                                            46.933000009162285 6.440000006293524 46.9330000091621
                                                            6.441000006294648 46.933000009161916 6.442000006295569
                                                            46.934000009162204 6.443000006296694 46.93400000916201
                                                            6.44500000629874 46.93500000916208 6.4470000063007875
                                                            46.936000009162214 6.450000006303754 46.93800000916258
                                                            6.452000006305798 46.939000009162704 6.453000006306717
                                                            46.94000000916302 6.454000006307638 46.941000009163325
                                                            6.455000006308764 46.94100000916312 6.45600000630968
                                                            46.94200000916343 6.459000006312643 46.94400000916384
                                                            6.460000006313562 46.94500000916412 6.461000006314482
                                                            46.946000009164464 6.462000006315194 46.948000009165234
                                                            6.463000006316111 46.949000009165545 6.465000006318152
                                                            46.95000000916562 6.466000006319071 46.951000009165945
                                                            6.467000006319988 46.95200000916625 6.467000006319779
                                                            46.95300000916673 6.469000006321823 46.95400000916684
                                                            6.4700000063227385 46.95500000916714 6.473000006325488
                                                            46.958000009168046 6.474000006326405 46.95900000916838
                                                            6.475000006327322 46.960000009168674 6.476000006328237
                                                            46.961000009168934 6.47800000633007 46.96300000916958
                                                            6.479000006330984 46.964000009169844 6.480000006332107
                                                            46.964000009169624 6.480000006331899 46.9650000091702
                                                            6.48100000633302 46.96500000916997 6.481000006332813
                                                            46.96600000917045 6.482000006333937 46.966000009170244
                                                            6.485000006336888 46.96800000917062 6.487000006338924
                                                            46.969000009170756 6.489000006340754 46.971000009171334
                                                            6.490000006341874 46.971000009171114 6.491000006342788
                                                            46.97200000917141 6.49200000634391 46.97200000917121
                                                            6.493000006344821 46.9730000091715 6.494000006345736
                                                            46.97400000917182 6.4950000063466495 46.97500000917208
                                                            6.496000006347771 46.97500000917189 6.497000006348683
                                                            46.976000009172196 6.501000006354002 46.97200000916936
                                                            6.50600000636044 46.96800000916626 6.507000006361562
                                                            46.968000009166026 6.508000006362474 46.96900000916637
                                                            6.509000006363594 46.96900000916613 6.510000006364716
                                                            46.96900000916598 6.511000006365837 46.96900000916575
                                                            6.515000006369897 46.9710000091659 6.51600000637081
                                                            46.972000009166216 6.517000006371931 46.97200000916599
                                                            6.5180000063730485 46.9720000091658 6.518000006372842
                                                            46.97300000916629 6.51900000637396 46.97300000916606
                                                            6.520000006375082 46.97300000916586 6.521000006376203
                                                            46.97300000916565 6.522000006377323 46.973000009165446
                                                            6.525000006380471 46.9740000091653 6.526000006381593
                                                            46.97400000916514 6.5270000063827105 46.9740000091649
                                                            6.528000006383829 46.974000009164676 6.529000006384949
                                                            46.974000009164484 6.534000006390335 46.97500000916394
                                                            6.536000006392576 46.975000009163544 6.537000006393693
                                                            46.97500000916331 6.538000006394815 46.9750000091631
                                                            6.539000006395722 46.97600000916344 6.542000006398867
                                                            46.97700000916328 6.551000006408513 46.979000009162405
                                                            6.552000006409628 46.979000009162235 6.5540000064116555
                                                            46.98000000916227 6.556000006413887 46.98000000916183
                                                            6.558000006415915 46.98100000916196 6.559000006417029
                                                            46.981000009161725 6.560000006418147 46.981000009161505
                                                            6.562000006420384 46.98100000916108 6.5630000064214995
                                                            46.98100000916088 6.5640000064224076 46.98200000916121
                                                            6.567000006425547 46.98300000916102 6.568000006426662
                                                            46.983000009160826 6.56900000642778 46.98300000916061
                                                            6.572000006430917 46.98400000916054 6.573000006432035
                                                            46.98400000916031 6.574000006433153 46.98400000916003
                                                            6.575000006434058 46.98500000916036 6.577000006436078
                                                            46.98600000916046 6.579000006438099 46.98700000916052
                                                            6.580000006439213 46.987000009160305 6.582000006441234
                                                            46.98800000916039 6.5850000064443694 46.989000009160264
                                                            6.587000006446176 46.99100000916084 6.590000006449309
                                                            46.992000009160705 6.592000006451328 46.99300000916077
                                                            6.593000006452444 46.993000009160575 6.594000006453558
                                                            46.99300000916036 6.594000006453346 46.99400000916087
                                                            6.59500000645446 46.99400000916064 6.597000006456689
                                                            46.9940000091602 6.601000006461148 46.99400000915937
                                                            6.602000006462264 46.99400000915917 6.603000006463376
                                                            46.994000009158974 6.604000006464494 46.994000009158746
                                                            6.605000006465608 46.9940000091585 6.60500000646582
                                                            46.993000009158024 6.606000006466934 46.99300000915781
                                                            6.6070000064680485 46.99300000915761 6.6090000064702785
                                                            46.99300000915717 6.611000006472508 46.99300000915671
                                                            6.614000006475848 46.99300000915613 6.615000006476963
                                                            46.99300000915588 6.619000006481205 46.994000009155556
                                                            6.620000006482315 46.99400000915535 6.621000006483216
                                                            46.995000009155596 6.6220000064843285 46.995000009155376
                                                            6.623000006485227 46.996000009155715 6.624000006486342
                                                            46.99600000915548 6.626000006488354 46.997000009155556
                                                            6.6280000064903675 46.99800000915562 6.629000006491264
                                                            46.99900000915594 6.632000006494602 46.9990000091553
                                                            6.634000006496612 47.00000000915533 6.638000006500634
                                                            47.00200000915549 6.641000006503325 47.00500000915637
                                                            6.64500000650691 47.00900000915751 6.647000006508703
                                                            47.01100000915808 6.648000006509381 47.01300000915888
                                                            6.649000006509632 47.017000009160654 6.6530000065129915
                                                            47.02200000916225 6.6540000065136695 47.02400000916305
                                                            6.656000006515674 47.025000009163115 6.656000006515458
                                                            47.0260000091636 6.657000006516569 47.02600000916345
                                                            6.657000006516351 47.0270000091639 6.658000006517461
                                                            47.027000009163686 6.658000006517245 47.028000009164174
                                                            6.659000006518354 47.02800000916398 6.659000006518137
                                                            47.02900000916446 6.6600000065192475 47.02900000916426
                                                            6.661000006520359 47.029000009164044 6.661000006520141
                                                            47.03000000916453 6.66200000652125 47.03000000916434
                                                            6.663000006522145 47.0310000091646 6.665000006524363
                                                            47.031000009164146 6.6660000065252545 47.032000009164456
                                                            6.667000006526366 47.03200000916424 6.668000006527257
                                                            47.0330000091645 6.669000006528367 47.03300000916428
                                                            6.670000006529258 47.03400000916457 6.671000006530368
                                                            47.03400000916437 6.672000006531476 47.034000009164146
                                                            6.672000006531259 47.03500000916463 6.6730000065323685
                                                            47.03500000916441 6.6740000065334755 47.0350000091642
                                                            6.67400000653326 47.03600000916472 6.675000006534368
                                                            47.036000009164496 6.676000006535258 47.03700000916479
                                                            6.677000006536366 47.03700000916457 6.678000006537476
                                                            47.03700000916435 6.679000006538366 47.0380000091646
                                                            6.680000006539476 47.0380000091644 6.68200000654169
                                                            47.038000009163966 6.683000006542801 47.03800000916375
                                                            6.683000006542582 47.03900000916423 6.684000006543692
                                                            47.039000009164035 6.685000006544798 47.0390000091638
                                                            6.686000006545908 47.03900000916356 6.687000006547014
                                                            47.039000009163395 6.689000006549013 47.04000000916344
                                                            6.69000000655034 47.03900000916274 6.691000006551448
                                                            47.03900000916251 6.692000006552553 47.03900000916231
                                                            6.695000006555875 47.03900000916165 6.696000006556984
                                                            47.03900000916142 6.697000006558094 47.039000009161235
                                                            6.69800000655898 47.04000000916149 6.700000006560974
                                                            47.04100000916155 6.702000006562749 47.043000009162135
                                                            6.704000006564746 47.04400000916216 6.705000006565638
                                                            47.045000009162464 6.707000006567628 47.04600000916251
                                                            6.710000006570728 47.04700000916236 6.712000006572282
                                                            47.0500000091634 6.716000006576266 47.05200000916354
                                                            6.720000006580468 47.05300000916314 6.720000006580248
                                                            47.05400000916364 6.719000006579145 47.05400000916384
                                                            6.718000006578039 47.05400000916409 6.717000006576712
                                                            47.055000009164786 6.716000006575605 47.05500000916502
                                                            6.715000006574499 47.05500000916521 6.714000006573395
                                                            47.055000009165404 6.713000006572289 47.05500000916564
                                                            6.713000006572071 47.05600000916614 6.712000006570965
                                                            47.056000009166354 6.712000006570743 47.05700000916688
                                                            6.711000006569639 47.05700000916707 6.71100000656942
                                                            47.05800000916754 6.710000006568311 47.05800000916777
                                                            6.710000006568091 47.059000009168244 6.710000006567871
                                                            47.0600000091688 6.709000006566768 47.060000009169016
                                                            6.70800000656566 47.06000000916919 6.707000006564554
                                                            47.06000000916941 6.706000006563449 47.060000009169656
                                                            6.706000006563228 47.06100000917012 6.7050000065621225
                                                            47.06100000917035 6.704000006561017 47.06100000917054
                                                            6.703000006559909 47.06100000917079 6.702000006558806
                                                            47.061000009170996 6.701000006557698 47.06100000917123
                                                            6.7000000065563725 47.06200000917193 6.7000000065561505
                                                            47.06300000917241 6.699000006554827 47.06400000917312
                                                            6.698000006553502 47.06500000917383 6.697000006552173
                                                            47.06600000917454 6.696000006551288 47.0650000091743
                                                            6.695000006550181 47.065000009174504 6.695000006549962
                                                            47.066000009174985 6.695000006549741 47.06700000917547
                                                            6.694000006548634 47.06700000917567 6.693000006547307
                                                            47.06800000917639 6.692000006545984 47.06900000917711
                                                            6.693000006547089 47.0690000091769 6.693000006546871
                                                            47.07000000917742 6.694000006547976 47.07000000917717
                                                            6.694000006547757 47.07100000917766 6.695000006548863
                                                            47.07100000917743 6.696000006549969 47.07100000917722
                                                            6.6970000065510735 47.07100000917697 6.698000006552181
                                                            47.07100000917678 6.699000006553289 47.07100000917659
                                                            6.700000006554393 47.07100000917634 6.70100000655528
                                                            47.07200000917661 6.7020000065563865 47.072000009176435
                                                            6.70300000655727 47.073000009176695 6.70300000655705
                                                            47.074000009177155 6.704000006557937 47.07500000917745
                                                            6.705000006558824 47.07600000917771 6.7060000065599255
                                                            47.07600000917751 6.707000006561035 47.076000009177285
                                                            6.707000006560814 47.077000009177766 6.706000006559487
                                                            47.07800000917851 6.706000006559263 47.07900000917895
                                                            6.707000006560371 47.07900000917877 6.707000006560148
                                                            47.080000009179216 6.708000006561255 47.08000000917903
                                                            6.7080000065610355 47.08100000917948 6.7080000065608125
                                                            47.08200000918001 6.707000006559709 47.08200000918022
                                                            6.706000006558604 47.082000009180454 6.705000006557499
                                                            47.08200000918065 6.7040000065563925 47.08200000918089
                                                            6.704000006556172 47.08300000918134 6.703000006554846
                                                            47.084000009182084 6.704000006555952 47.08400000918186
                                                            6.705000006557059 47.08400000918166 6.706000006557941
                                                            47.08500000918189 6.7070000065590465 47.08500000918166
                                                            6.708000006560152 47.085000009181485 6.709000006561255
                                                            47.08500000918125 6.709000006561034 47.08600000918173
                                                            6.710000006562142 47.08600000918153 6.711000006563247
                                                            47.086000009181305 6.711000006563025 47.08700000918181
                                                            6.7120000065641285 47.087000009181565 6.713000006565013
                                                            47.08800000918186 6.714000006566117 47.088000009181656
                                                            6.715000006567219 47.088000009181414 6.715000006566999
                                                            47.0890000091819 6.715000006566776 47.09000000918242
                                                            6.7160000065678815 47.09000000918221 6.717000006568765
                                                            47.091000009182444 6.718000006569868 47.091000009182224
                                                            6.719000006570977 47.091000009182004 6.720000006572079
                                                            47.09100000918175 6.721000006573182 47.09100000918156
                                                            6.722000006574286 47.09100000918136 6.723000006575388
                                                            47.09100000918113 6.724000006576273 47.09200000918142
                                                            6.725000006577375 47.092000009181184 6.725000006577152
                                                            47.093000009181665 6.726000006578257 47.093000009181495
                                                            6.726000006578037 47.094000009181926 6.727000006579138
                                                            47.094000009181734 6.728000006580244 47.094000009181464
                                                            6.728000006580464 47.09300000918107 6.729000006581568
                                                            47.09300000918082 6.730000006582894 47.09200000918008
                                                            6.731000006583998 47.09200000917986 6.732000006585101
                                                            47.09200000917963 6.732000006585321 47.09100000917917
                                                            6.733000006586425 47.09100000917897 6.7340000065873085
                                                            47.09200000917923 6.73500000658841 47.09200000917898
                                                            6.7360000065895145 47.092000009178776 6.737000006590618
                                                            47.092000009178584 6.73800000659172 47.09200000917836
                                                            6.739000006592822 47.09200000917816 6.740000006593924
                                                            47.092000009177916 6.741000006595027 47.092000009177724
                                                            6.741000006594805 47.093000009178155 6.742000006595909
                                                            47.09300000917801 6.743000006597011 47.09300000917775
                                                            6.74300000659679 47.09400000917822 6.744000006597889
                                                            47.09400000917802 6.745000006598995 47.0940000091778
                                                            6.7450000065987705 47.09500000917826 6.746000006599873
                                                            47.09500000917804 6.746000006599653 47.09600000917854
                                                            6.746000006599427 47.09700000917904 6.746000006599206
                                                            47.09800000917948 6.747000006600306 47.09800000917932
                                                            6.747000006600085 47.09900000917979 6.748000006601185
                                                            47.099000009179576 6.748000006600964 47.10000000918008
                                                            6.747000006599638 47.101000009180744 6.747000006599416
                                                            47.102000009181204 6.746000006598313 47.102000009181474
                                                            6.746000006598091 47.10300000918195 6.745000006596989
                                                            47.10300000918215 6.745000006596764 47.10400000918264
                                                            6.744000006595441 47.10500000918334 6.74300000659434
                                                            47.10500000918355 6.743000006594118 47.10600000918408
                                                            6.7420000065930115 47.10600000918427 6.7420000065927885
                                                            47.10700000918473 6.742000006592566 47.108000009185226
                                                            6.741000006591465 47.10800000918547 6.741000006591019
                                                            47.11000000918644 6.741000006590796 47.11100000918691
                                                            6.741000006590572 47.11200000918742 6.742000006591675
                                                            47.112000009187234 6.743000006592778 47.112000009187
                                                            6.744000006593879 47.11200000918675 6.745000006594981
                                                            47.11200000918654 6.7460000065963035 47.1110000091858
                                                            6.7460000065960815 47.11200000918628 6.747000006597183
                                                            47.1120000091861 6.748000006598283 47.11200000918588
                                                            6.749000006599162 47.11300000918618 6.7500000066002634
                                                            47.113000009185946 6.750000006600042 47.11400000918645
                                                            6.751000006601142 47.114000009186206 6.752000006602021
                                                            47.11500000918646 6.752000006601794 47.116000009186926
                                                            6.753000006602897 47.116000009186735 6.753000006602672
                                                            47.11700000918722 6.754000006603773 47.11700000918697
                                                            6.755000006604872 47.11700000918676 6.7560000066057535
                                                            47.11800000918703 6.757000006606851 47.11800000918679
                                                            6.757000006606629 47.11900000918728 6.75800000660773
                                                            47.11900000918709 6.759000006608829 47.119000009186834
                                                            6.7590000066086064 47.12000000918733 6.760000006609706
                                                            47.120000009187116 6.761000006610807 47.12000000918692
                                                            6.761000006610583 47.12100000918737 6.762000006611682
                                                            47.12100000918715 6.763000006612783 47.12100000918692
                                                            6.764000006613883 47.12100000918672 6.765000006614759
                                                            47.12200000918702 6.76600000661586 47.122000009186756
                                                            6.767000006616735 47.12300000918702 6.768000006617835
                                                            47.12300000918681 6.769000006618937 47.12300000918661
                                                            6.770000006620034 47.12300000918637 6.771000006621136
                                                            47.123000009186164 6.773000006623335 47.12300000918569
                                                            6.774000006624434 47.123000009185496 6.775000006625533
                                                            47.12300000918526 6.776000006626631 47.12300000918505
                                                            6.777000006627735 47.12300000918482 6.778000006628606
                                                            47.124000009185075 6.779000006629706 47.12400000918487
                                                            6.77900000662948 47.125000009185364 6.780000006630582
                                                            47.125000009185136 6.780000006630356 47.126000009185596
                                                            6.781000006631452 47.12600000918541 6.782000006632555
                                                            47.12600000918518 6.783000006633656 47.12600000918493
                                                            6.78400000663475 47.1260000091847 6.785000006635625
                                                            47.12700000918499 6.786000006636722 47.12700000918474
                                                            6.787000006637822 47.12700000918453 6.78800000663892
                                                            47.12700000918432 6.788000006638695 47.12800000918479
                                                            6.789000006639794 47.12800000918459 6.7900000066408905
                                                            47.12800000918437 6.792000006642864 47.12900000918441
                                                            6.793000006643963 47.12900000918416 6.794000006645058
                                                            47.129000009184004 6.79500000664593 47.13000000918424
                                                            6.79600000664703 47.13000000918401 6.796000006646802
                                                            47.131000009184476 6.797000006647901 47.13100000918426
                                                            6.7980000066490005 47.131000009184 6.799000006650096
                                                            47.13100000918379 6.800000006651198 47.13100000918357
                                                            6.801000006652291 47.13100000918337 6.803000006654487
                                                            47.131000009182905 6.804000006655362 47.1320000091832
                                                            6.805000006656458 47.13200000918295 6.806000006657557
                                                            47.13200000918273 6.807000006658425 47.133000009183014
                                                            6.8080000066595225 47.13300000918279 6.808000006659295
                                                            47.13400000918326 6.808000006659069 47.13500000918374
                                                            6.808000006658841 47.136000009184215 6.808000006658615
                                                            47.137000009184696 6.809000006659714 47.13700000918451
                                                            6.810000006660582 47.13800000918477 6.813000006664099
                                                            47.1370000091836 6.814000006665196 47.13700000918339
                                                            6.815000006666293 47.13700000918317 6.816000006667161
                                                            47.13800000918341 6.817000006668259 47.138000009183195
                                                            6.817000006668032 47.13900000918365 6.818000006669129
                                                            47.139000009183476 6.818000006668902 47.14000000918394
                                                            6.8190000066697705 47.14100000918416 6.820000006670639
                                                            47.142000009184436 6.821000006671735 47.142000009184216
                                                            6.821000006671507 47.143000009184696 6.822000006672603
                                                            47.14300000918445 6.8230000066737 47.14300000918423
                                                            6.8240000066747974 47.143000009184 6.825000006675662
                                                            47.14400000918426 6.82600000667676 47.14400000918407
                                                            6.826000006676531 47.145000009184606 6.827000006677399
                                                            47.14600000918481 6.828000006678268 47.14700000918504
                                                            6.828000006678039 47.14800000918553 6.829000006679134
                                                            47.1480000091853 6.830000006680002 47.149000009185535
                                                            6.83000000668023 47.1480000091851 6.831000006681325
                                                            47.14800000918486 6.832000006682421 47.14800000918466
                                                            6.83300000668329 47.14900000918492 6.8340000066843825
                                                            47.149000009184675 6.834000006684155 47.15000000918514
                                                            6.835000006685249 47.150000009184915 6.836000006686343
                                                            47.15000000918471 6.8370000066872105 47.15100000918497
                                                            6.838000006688304 47.151000009184735 6.838000006688077
                                                            47.152000009185244 6.839000006689171 47.15200000918497
                                                            6.840000006690265 47.152000009184746 6.8410000066913605
                                                            47.15200000918455 6.841000006691131 47.15300000918502
                                                            6.841000006690901 47.1540000091855 6.841000006690673
                                                            47.155000009186004 6.841000006690444 47.15600000918645
                                                            6.8420000066915385 47.15600000918624 6.843000006692632
                                                            47.15600000918601 6.844000006693729 47.156000009185796
                                                            6.845000006694593 47.15700000918604 6.846000006695688
                                                            47.157000009185815 6.847000006696555 47.15800000918605
                                                            6.848000006697646 47.158000009185876 6.849000006698739
                                                            47.158000009185656 6.850000006699833 47.15800000918539
                                                            6.851000006700925 47.158000009185194 6.8510000067006995
                                                            47.15900000918567 6.852000006701563 47.16000000918589
                                                            6.852000006701332 47.1610000091864 6.853000006702197
                                                            47.16200000918662 6.85400000670329 47.16200000918642
                                                            6.855000006704156 47.16300000918666 6.856000006705019
                                                            47.16400000918689 6.8570000067058805 47.16500000918714
                                                            6.858000006706973 47.165000009186976 6.859000006707836
                                                            47.16600000918721 6.859000006707607 47.16700000918768
                                                            6.859000006707376 47.16800000918814 6.858000006706283
                                                            47.16800000918833 6.857000006705191 47.16800000918858
                                                            6.856000006704098 47.168000009188795 6.8550000067027765
                                                            47.16900000918954 6.854000006701679 47.16900000918971
                                                            6.85300000670059 47.169000009189965 6.853000006700819
                                                            47.16800000918947 6.852000006699726 47.168000009189704
                                                            6.85100000669863 47.16800000918992 6.850000006697537
                                                            47.16800000919016 6.849000006696446 47.168000009190365
                                                            6.848000006695351 47.1680000091906 6.847000006694259
                                                            47.16800000919082 6.846000006692936 47.16900000919149
                                                            6.845000006691842 47.16900000919176 6.844000006690748
                                                            47.16900000919193 6.844000006690519 47.17000000919245
                                                            6.843000006689425 47.17000000919268 6.843000006689194
                                                            47.17100000919315 6.843000006688964 47.17200000919363
                                                            6.842000006687871 47.172000009193816 6.8420000066876385
                                                            47.173000009194354 6.842000006687412 47.17400000919479
                                                            6.843000006688506 47.17400000919459 6.844000006689599
                                                            47.17400000919435 6.844000006689372 47.17500000919483
                                                            6.845000006690462 47.175000009194626 6.846000006691558
                                                            47.175000009194356 6.847000006692653 47.175000009194164
                                                            6.8470000066924195 47.17600000919464 6.848000006693514
                                                            47.17600000919445 6.849000006694608 47.176000009194205
                                                            6.849000006694375 47.177000009194686 6.850000006695468
                                                            47.17700000919443 6.851000006696561 47.17700000919423
                                                            6.852000006697656 47.177000009193996 6.853000006698518
                                                            47.17800000919423 6.854000006699378 47.179000009194496
                                                            6.855000006700474 47.17900000919424 6.856000006701565
                                                            47.17900000919405 6.857000006702658 47.17900000919383
                                                            6.858000006703521 47.18000000919407 6.859000006704611
                                                            47.180000009193854 6.860000006705706 47.18000000919363
                                                            6.860000006705476 47.18100000919407 6.861000006706566
                                                            47.18100000919386 6.862000006707659 47.18100000919366
                                                            6.862000006707428 47.18200000919411 6.86300000670852
                                                            47.18200000919389 6.864000006709612 47.18200000919367
                                                            6.865000006710704 47.182000009193466 6.8650000067104715
                                                            47.18300000919391 6.866000006711564 47.18300000919368
                                                            6.866000006711333 47.18400000919415 6.866000006711102
                                                            47.18500000919464 6.867000006712195 47.185000009194425
                                                            6.867000006711963 47.186000009194885 6.8680000067128235
                                                            47.18700000919515 6.869000006713915 47.187000009194904
                                                            6.870000006715006 47.1870000091947 6.8710000067161
                                                            47.18700000919448 6.8720000067171885 47.18700000919423
                                                            6.873000006718282 47.18700000919398 6.874000006719371
                                                            47.18700000919376 6.875000006720463 47.18700000919353
                                                            6.8750000067202315 47.18800000919403 6.875000006720001
                                                            47.189000009194466 6.87500000671977 47.190000009194954
                                                            6.874000006718678 47.19000000919518 6.874000006718444
                                                            47.191000009195676 6.875000006719539 47.191000009195434
                                                            6.875000006719305 47.19200000919596 6.875000006719073
                                                            47.193000009196396 6.8760000067199325 47.19400000919664
                                                            6.876000006719701 47.1950000091971 6.877000006720789
                                                            47.195000009196875 6.878000006721652 47.19600000919716
                                                            6.878000006721419 47.19700000919761 6.879000006722511
                                                            47.197000009197396 6.880000006723368 47.198000009197635
                                                            6.880000006723133 47.19900000919813 6.8800000067229
                                                            47.20000000919858 6.881000006723992 47.20000000919835
                                                            6.881000006723761 47.20100000919886 6.881000006723529
                                                            47.20200000919927 6.882000006724618 47.20200000919903
                                                            6.882000006724384 47.20300000919952 6.883000006725476
                                                            47.2030000091993 6.884000006726567 47.203000009199066
                                                            6.884000006726336 47.20400000919955 6.885000006727424
                                                            47.2040000091993 6.886000006728514 47.204000009199135
                                                            6.88600000672828 47.205000009199566 6.8870000067293695
                                                            47.20500000919931 6.8870000067291395 47.206000009199826
                                                            6.888000006730228 47.206000009199606 6.889000006731318
                                                            47.20600000919937 6.890000006732406 47.206000009199165
                                                            6.890000006732174 47.20700000919961 6.891000006733263
                                                            47.207000009199376 6.892000006734122 47.20800000919964
                                                            6.892000006733887 47.20900000920009 6.893000006734976
                                                            47.209000009199876 6.894000006736066 47.20900000919968
                                                            6.894000006735831 47.21000000920012 6.895000006736922
                                                            47.210000009199916 6.896000006738011 47.21000000919964
                                                            6.897000006738866 47.211000009199935 6.898000006739955
                                                            47.21100000919971 6.8990000067408115 47.21200000919991
                                                            6.900000006741899 47.212000009199706 6.900000006741664
                                                            47.213000009200165 6.901000006742754 47.21300000919997
                                                            6.9020000067436085 47.21400000920016 6.903000006744698
                                                            47.214000009199964 6.9030000067444615 47.2150000092004
                                                            6.904000006745549 47.215000009200175 6.905000006746638
                                                            47.21500000919997 6.906000006747494 47.21600000920023
                                                            6.907000006748581 47.21600000919997 6.908000006749439
                                                            47.21700000920022 6.909000006750291 47.21800000920047
                                                            6.910000006751145 47.219000009200734 6.911000006751998
                                                            47.22000000920096 6.912000006753085 47.22000000920073
                                                            6.9130000067539354 47.221000009200964 6.914000006755026
                                                            47.22100000920073 6.914000006755257 47.22000000920024
                                                            6.917000006758287 47.22100000920007 6.9190000067602275
                                                            47.22200000920012 6.920000006761314 47.222000009199824
                                                            6.921000006762401 47.22200000919963 6.922000006763253
                                                            47.22300000919987 6.92300000676434 47.223000009199616
                                                            6.924000006765427 47.2230000091994 6.924000006765194
                                                            47.22400000919987 6.92500000676628 47.224000009199635
                                                            6.9250000067660435 47.22500000920012 6.926000006767131
                                                            47.22500000919988 6.9260000067668965 47.22600000920034
                                                            6.92700000676798 47.22600000920012 6.927000006767746
                                                            47.227000009200594 6.928000006768832 47.227000009200346
                                                            6.928000006768598 47.22800000920085 6.928000006768363
                                                            47.22900000920131 6.928000006768127 47.23000000920178
                                                            6.929000006769213 47.23000000920154 6.929000006768979
                                                            47.231000009202 6.930000006770062 47.23100000920178
                                                            6.931000006770915 47.23200000920204 6.932000006772001
                                                            47.232000009201776 6.93300000677285 47.23300000920201
                                                            6.934000006773937 47.2330000092018 6.935000006775023
                                                            47.23300000920159 6.937000006777195 47.23300000920108
                                                            6.938000006778279 47.23300000920091 6.939000006779364
                                                            47.233000009200666 6.940000006780451 47.23300000920043
                                                            6.941000006781535 47.23300000920025 6.942000006782623
                                                            47.23300000919996 6.9420000067823855 47.23400000920043
                                                            6.943000006783232 47.23500000920069 6.94400000678408
                                                            47.23600000920089 6.944000006783844 47.237000009201395
                                                            6.944000006783608 47.23800000920187 6.944000006783372
                                                            47.239000009202286 6.944000006783138 47.24000000920277
                                                            6.945000006784222 47.240000009202554 6.947000006786157
                                                            47.24100000920258 6.948000006787237 47.24100000920232
                                                            6.949000006788322 47.2410000092021 6.950000006789171
                                                            47.24200000920231 6.951000006790256 47.24200000920208
                                                            6.951000006790018 47.24300000920256 6.952000006791104
                                                            47.24300000920234 6.953000006791952 47.24400000920255
                                                            6.954000006793036 47.24400000920233 6.95500000679412
                                                            47.24400000920214 6.956000006795202 47.24400000920188
                                                            6.956000006794967 47.24500000920237 6.957000006796052
                                                            47.24500000920212 6.957000006795815 47.24600000920257
                                                            6.95600000679473 47.24600000920284 6.955000006793409
                                                            47.24700000920348 6.9540000067920875 47.24800000920419
                                                            6.9530000067907665 47.24900000920486 6.952000006789445
                                                            47.25000000920557 6.9510000067883615 47.250000009205806
                                                            6.95000000678704 47.25100000920646 6.949000006785716
                                                            47.2520000092072 6.948000006784636 47.252000009207414
                                                            6.948000006784397 47.253000009207845 6.948000006784162
                                                            47.25400000920833 6.948000006783924 47.25500000920882
                                                            6.948000006783687 47.25600000920927 6.949000006784533
                                                            47.25700000920952 6.9490000067842965 47.25800000920997
                                                            6.950000006785379 47.25800000920973 6.95100000678599
                                                            47.26000000921043 6.951000006785752 47.261000009210875
                                                            6.952000006786835 47.2610000092107 6.952000006786599
                                                            47.262000009211114 6.952000006786362 47.26300000921162
                                                            6.953000006787206 47.264000009211806 6.9520000067858865
                                                            47.26500000921251 6.952000006785646 47.26600000921295
                                                            6.9510000067843265 47.2670000092137 6.951000006784089
                                                            47.26800000921411 6.951000006783852 47.26900000921457
                                                            6.952000006784699 47.27000000921484 6.9530000067855395
                                                            47.27100000921506 6.953000006785305 47.272000009215475
                                                            6.952000006784219 47.27200000921568 6.9520000067839804
                                                            47.27300000921617 6.952000006783743 47.27400000921664
                                                            6.951000006782662 47.27400000921686 6.951000006782422
                                                            47.27500000921735 6.950000006781342 47.27500000921757
                                                            6.950000006781104 47.276000009218016 6.94900000677978
                                                            47.277000009218725 6.948000006778222 47.27900000921984
                                                            6.947000006777139 47.27900000922012 6.947000006776899
                                                            47.28000000922058 6.946000006775579 47.28100000922123
                                                            6.94600000677534 47.28200000922168 6.946000006775103
                                                            47.283000009222164 6.946000006774865 47.28400000922263
                                                            6.945000006773784 47.284000009222865 6.945000006773545
                                                            47.28500000922326 6.9440000067724625 47.28500000922352
                                                            6.944000006772223 47.28600000922394 6.94300000677114
                                                            47.286000009224196 6.94200000676982 47.28700000922492
                                                            6.942000006769582 47.288000009225335 6.942000006769342
                                                            47.28900000922582 6.9430000067704265 47.2890000092256
                                                            6.944000006771271 47.29000000922578 6.9450000067723545
                                                            47.290000009225565 6.946000006773197 47.29100000922581
                                                            6.94700000677428 47.291000009225584 6.948000006774888
                                                            47.29300000922625 6.949000006775966 47.29300000922603
                                                            6.950000006776815 47.2940000092263 6.951000006777893
                                                            47.29400000922608 6.9520000067789764 47.29400000922582
                                                            6.9530000067800595 47.2940000092256 6.954000006781141
                                                            47.294000009225336 6.95500000678222 47.29400000922515
                                                            6.957000006784384 47.29400000922465 6.958000006785468
                                                            47.294000009224426 6.959000006786549 47.294000009224185
                                                            6.960000006787633 47.29400000922401 6.960000006787871
                                                            47.29300000922352 6.961000006788953 47.29300000922333
                                                            6.962000006790033 47.29300000922305 6.963000006791116
                                                            47.29300000922285 6.96500000679304 47.294000009222806
                                                            6.966000006794121 47.29400000922257 6.967000006795202
                                                            47.294000009222394 6.968000006796283 47.29400000922216
                                                            6.969000006797124 47.295000009222356 6.970000006798204
                                                            47.295000009222115 6.970000006798445 47.29400000922171
                                                            6.971000006799528 47.29400000922144 6.972000006800604
                                                            47.294000009221214 6.973000006801688 47.29400000922098
                                                            6.9730000068019296 47.29300000922054 6.9740000068030055
                                                            47.29300000922027 6.975000006804087 47.29300000922009
                                                            6.976000006804928 47.29400000922034 6.977000006805771
                                                            47.29500000922052 6.9770000068055325 47.29600000922099
                                                            6.977000006805291 47.29700000922144 6.9770000068050475
                                                            47.29800000922188 6.978000006806131 47.298000009221646
                                                            6.979000006807213 47.29800000922144 6.980000006808293
                                                            47.2980000092212 6.98100000680937 47.29800000922096
                                                            6.982000006810454 47.29800000922076 6.982000006810695
                                                            47.2970000092203 6.983000006811772 47.29700000922005
                                                            6.984000006812851 47.29700000921981 6.985000006813931
                                                            47.29700000921958 6.9860000068147725 47.298000009219834
                                                            6.987000006815854 47.2980000092196 6.988000006816932
                                                            47.298000009219365 6.98900000681777 47.29900000921962
                                                            6.990000006818851 47.29900000921935 6.991000006819931
                                                            47.299000009219114 6.992000006821011 47.29900000921893
                                                            6.993000006822329 47.298000009218235 6.994000006823409
                                                            47.298000009217965 6.995000006824489 47.29800000921777
                                                            6.996000006825572 47.29800000921753 6.9970000068266485
                                                            47.29800000921731 6.998000006827729 47.29800000921709
                                                            6.999000006828568 47.29900000921729 7.000000006829645
                                                            47.29900000921706 7.000000006829405 47.30000000921751
                                                            7.001000006830482 47.300000009217285 7.0010000068302425
                                                            47.301000009217724 7.002000006831322 47.3010000092175
                                                            7.0020000068310795 47.30200000921795 7.0030000068321545
                                                            47.302000009217714 7.0030000068319165 47.303000009218216
                                                            7.004000006832994 47.30300000921794 7.00500000683383
                                                            47.30400000921817 7.006000006834911 47.30400000921798
                                                            7.006000006835153 47.30300000921748 7.007000006836232
                                                            47.30300000921727 7.008000006837309 47.303000009217016
                                                            7.009000006838389 47.303000009216774 7.010000006839226
                                                            47.30400000921704 7.01000000683898 47.30500000921745
                                                            7.011000006840058 47.30500000921722 7.01100000683982
                                                            47.306000009217705 7.011000006839574 47.30700000921816
                                                            7.011000006839336 47.308000009218595 7.0120000068401716
                                                            47.30900000921882 7.01200000683993 47.3100000092193
                                                            7.0120000068396875 47.31100000921972 7.013000006840764
                                                            47.31100000921951 7.014000006841845 47.31100000921928
                                                            7.01500000684268 47.31200000921948 7.015000006842437
                                                            47.31300000921994 7.016000006843514 47.313000009219714
                                                            7.01600000684327 47.31400000922018 7.016000006843029
                                                            47.31500000922063 7.017000006844109 47.31500000922036
                                                            7.017000006843865 47.316000009220865 7.017000006843624
                                                            47.31700000922127 7.0170000068433795 47.31800000922175
                                                            7.016000006842303 47.31800000922194 7.01600000684206
                                                            47.31900000922245 7.01600000684182 47.3200000092229
                                                            7.015000006840739 47.32000000922311 7.0150000068404985
                                                            47.32100000922356 7.014000006839178 47.32200000922423
                                                            7.011000006835944 47.32200000922495 7.010000006834867
                                                            47.32200000922517 7.01100000683546 47.324000009225855
                                                            7.01100000683522 47.32500000922625 7.0110000068349745
                                                            47.326000009226775 7.01200000683581 47.327000009226985
                                                            7.013000006836891 47.32700000922674 7.014000006837965
                                                            47.3270000092265 7.015000006839042 47.32700000922626
                                                            7.016000006840119 47.32700000922603 7.017000006841196
                                                            47.32700000922582 7.018000006842272 47.32700000922559
                                                            7.019000006843352 47.327000009225344 7.020000006844423
                                                            47.32700000922515 7.021000006845258 47.32800000922538
                                                            7.022000006846338 47.32800000922513 7.023000006847413
                                                            47.32800000922491 7.024000006848485 47.32800000922467
                                                            7.025000006849567 47.32800000922443 7.0260000068506425
                                                            47.32800000922419 7.027000006851718 47.32800000922397
                                                            7.028000006852794 47.32800000922372 7.02900000685387
                                                            47.3280000092235 7.030000006854705 47.32900000922374
                                                            7.031000006855779 47.32900000922348 7.032000006856853
                                                            47.32900000922325 7.033000006857688 47.330000009223475
                                                            7.0340000068587605 47.33000000922321 7.03500000685984
                                                            47.33000000922296 7.037000006861989 47.33000000922255
                                                            7.038000006863065 47.330000009222275 7.042000006867609
                                                            47.32900000922092 7.043000006868685 47.32900000922069
                                                            7.0440000068700055 47.32800000922004 7.04500000687108
                                                            47.32800000921976 7.046000006872155 47.32800000921956
                                                            7.0470000068732315 47.32800000921932 7.048000006873817
                                                            47.33000000921999 7.051000006876551 47.332000009220145
                                                            7.052000006877626 47.33200000921994 7.054000006879531
                                                            47.33300000921991 7.056000006881187 47.33500000922034
                                                            7.057000006882018 47.3360000092206 7.058000006883094
                                                            47.33600000922035 7.057000006881775 47.337000009221
                                                            7.056000006880703 47.337000009221235 7.055000006879626
                                                            47.33700000922148 7.055000006879381 47.338000009221915
                                                            7.054000006878307 47.3380000092222 7.054000006878062
                                                            47.33900000922262 7.055000006879136 47.33900000922236
                                                            7.0560000068802085 47.33900000922215 7.056000006879966
                                                            47.34000000922261 7.055000006878891 47.34000000922284
                                                            7.056000006879718 47.34100000922302 7.057000006880796
                                                            47.34100000922285 7.058000006881869 47.3410000092226
                                                            7.059000006882942 47.34100000922233 7.060000006883769
                                                            47.34200000922258 7.0610000068848455 47.3420000092223
                                                            7.0610000068845995 47.343000009222784 7.063000006886011
                                                            47.34600000922363 7.06200000688469 47.34700000922434
                                                            7.061000006883617 47.34700000922456 7.060000006882543
                                                            47.34700000922479 7.0600000068823014 47.348000009225245
                                                            7.0590000068812255 47.34800000922548 7.058000006879905
                                                            47.349000009226174 7.057000006878834 47.349000009226394
                                                            7.056000006877757 47.34900000922661 7.055000006876685
                                                            47.349000009226856 7.054000006875365 47.35000000922754
                                                            7.053000006874293 47.35000000922784 7.052000006873217
                                                            47.350000009228 7.051000006872146 47.35000000922827
                                                            7.0510000068719005 47.351000009228684 7.051000006871657
                                                            47.352000009229144 7.0520000068724835 47.35300000922937
                                                            7.053000006873556 47.353000009229135 7.054000006874634
                                                            47.35300000922888 7.054000006874385 47.3540000092293
                                                            7.053000006873064 47.355000009230004 7.05300000687282
                                                            47.35600000923046 7.0530000068725744 47.35700000923091
                                                            7.052000006871254 47.358000009231596 7.053000006872084
                                                            47.359000009231835 7.052000006870765 47.360000009232465
                                                            7.051000006869692 47.36000000923272 7.051000006869448
                                                            47.36100000923315 7.0510000068692 47.36200000923358
                                                            7.051000006868952 47.363000009234035 7.050000006867635
                                                            47.364000009234736 7.049000006866563 47.36400000923496
                                                            7.048000006865487 47.36400000923516 7.0480000068652435
                                                            47.365000009235644 7.0470000068641685 47.365000009235914
                                                            7.046000006862854 47.366000009236565 7.045000006861776
                                                            47.36600000923677 7.044000006860701 47.36600000923702
                                                            7.043000006859632 47.36600000923724 7.042000006858556
                                                            47.36600000923744 7.041000006857484 47.366000009237716
                                                            7.040000006856411 47.36600000923797 7.039000006855337
                                                            47.36600000923815 7.037000006853187 47.36600000923865
                                                            7.037000006853431 47.36500000923818 7.036000006852358
                                                            47.36500000923846 7.03500000685104 47.3660000092391
                                                            7.035000006850794 47.36700000923959 7.035000006850551
                                                            47.36800000924001 7.035000006850305 47.36900000924043
                                                            7.035000006850059 47.37000000924089 7.035000006849813
                                                            47.37100000924135 7.035000006849568 47.3720000092418
                                                            7.033000006847421 47.37200000924225 7.0320000068463475
                                                            47.37200000924249 7.031000006845517 47.37100000924227
                                                            7.0300000068444435 47.37100000924251 7.0290000068433685
                                                            47.37100000924272 7.028000006842294 47.37100000924297
                                                            7.028000006842051 47.37200000924341 7.027000006840974
                                                            47.37200000924365 7.0250000068388285 47.372000009244104
                                                            7.024000006837753 47.37200000924434 7.023000006836679
                                                            47.37200000924459 7.022000006835603 47.372000009244836
                                                            7.021000006834528 47.372000009245035 7.020000006833209
                                                            47.37300000924568 7.019000006832134 47.37300000924595
                                                            7.019000006831891 47.374000009246366 7.019000006831645
                                                            47.37500000924682 7.016000006828421 47.37500000924753
                                                            7.016000006828664 47.37400000924706 7.0150000068275915
                                                            47.37400000924732 7.01400000682676 47.37300000924712
                                                            7.013000006825439 47.37400000924778 7.013000006825196
                                                            47.375000009248254 7.012000006824364 47.37400000924802
                                                            7.011000006823532 47.37300000924779 7.0100000068227
                                                            47.37200000924761 7.009000006821874 47.37100000924738
                                                            7.0080000068210415 47.37000000924714 7.007000006819963
                                                            47.37000000924742 7.006000006819135 47.369000009247195
                                                            7.005000006818057 47.36900000924743 7.004000006816981
                                                            47.36900000924765 7.00300000681615 47.36800000924741
                                                            7.001000006814241 47.367000009247455 7.000000006813411
                                                            47.36600000924725 6.997000006810181 47.36600000924792
                                                            6.996000006809349 47.36500000924774 6.99500000680827
                                                            47.36500000924796 6.994000006807194 47.365000009248185
                                                            6.992000006805041 47.36500000924863 6.99100000680372
                                                            47.366000009249326 6.990000006802645 47.366000009249525
                                                            6.98800000680049 47.366000009249994 6.987000006799415
                                                            47.36600000925024 6.98500000679726 47.36600000925067
                                                            6.983000006795347 47.36500000925072 6.982000006794271
                                                            47.36500000925093 6.981000006793436 47.3640000092507
                                                            6.980000006792359 47.36400000925096 6.978000006790445
                                                            47.36300000925097 6.9770000067893685 47.363000009251245
                                                            6.976000006788289 47.36300000925146 6.975000006787455
                                                            47.36200000925125 6.974000006786377 47.36200000925144
                                                            6.973000006785056 47.363000009252126 6.972000006783979
                                                            47.36300000925233 6.971000006782902 47.36300000925258
                                                            6.971000006783145 47.362000009252135 6.9690000067809885
                                                            47.36200000925259 6.969000006781229 47.36100000925216
                                                            6.968000006780151 47.361000009252365 6.967000006779072
                                                            47.3610000092526 6.9650000067766715 47.36200000925351
                                                            6.964000006775596 47.36200000925374 6.963000006774515
                                                            47.36200000925396 6.962000006773677 47.36100000925375
                                                            6.960000006771521 47.361000009254205 6.9590000067704425
                                                            47.361000009254475 6.958000006769367 47.361000009254695
                                                            6.957000006768286 47.36100000925492 6.956000006767208
                                                            47.36100000925512 6.955000006766126 47.361000009255356
                                                            6.95300000676397 47.36100000925585 6.953000006763728
                                                            47.36200000925627 6.952000006762648 47.36200000925653
                                                            6.95100000676157 47.36200000925674 6.95100000676181
                                                            47.36100000925628 6.950000006760732 47.361000009256514
                                                            6.9490000067596505 47.361000009256735 6.948000006758575
                                                            47.361000009256955 6.947000006757493 47.3610000092572
                                                            6.946000006756413 47.361000009257424 6.945000006755575
                                                            47.36000000925724 6.944000006754494 47.36000000925746
                                                            6.940000006750176 47.3600000092584 6.939000006749094
                                                            47.360000009258584 6.938000006748015 47.360000009258826
                                                            6.9360000067458545 47.36000000925928 6.935000006744773
                                                            47.360000009259515 6.934000006743695 47.360000009259736
                                                            6.933000006742614 47.36000000925997 6.932000006741532
                                                            47.360000009260226 6.931000006740452 47.360000009260425
                                                            6.930000006739611 47.35900000926021 6.927000006736609
                                                            47.35800000926044 6.92600000673553 47.35800000926067
                                                            6.92600000673577 47.35700000926025 6.925000006734687
                                                            47.35700000926046 6.923000006732524 47.35700000926091
                                                            6.921000006730363 47.35700000926134 6.920000006729283
                                                            47.357000009261604 6.919000006727961 47.35800000926228
                                                            6.918000006726879 47.358000009262504 6.9170000067257975
                                                            47.3580000092627 6.917000006725558 47.35900000926318
                                                            6.916000006724237 47.36000000926385 6.915000006723155
                                                            47.36000000926408 6.914000006722072 47.36000000926429
                                                            6.913000006720992 47.36000000926452 6.912000006719909
                                                            47.36000000926476 6.911000006718827 47.360000009265
                                                            6.9100000067177465 47.36000000926522 6.910000006717508
                                                            47.361000009265645 6.909000006716425 47.36100000926588
                                                            6.908000006715344 47.36100000926611 6.907000006714261
                                                            47.36100000926635 6.905000006712099 47.36100000926677
                                                            6.904000006711013 47.36100000926701 6.904000006710775
                                                            47.3620000092675 6.903000006709933 47.36100000926728
                                                            6.902000006708852 47.3610000092675 6.901000006708008
                                                            47.360000009267274 6.900000006706926 47.36000000926751
                                                            6.899000006705845 47.3600000092677 6.89800000670476
                                                            47.360000009267935 6.897000006703678 47.360000009268155
                                                            6.89700000670344 47.36100000926862 6.896000006702597
                                                            47.36000000926841 6.8960000067028355 47.359000009267945
                                                            6.8950000067019905 47.35800000926775 6.894000006700908
                                                            47.35800000926796 6.893000006699825 47.35800000926818
                                                            6.892000006698745 47.35800000926844 6.89200000669898
                                                            47.35700000926797 6.891000006697897 47.357000009268205
                                                            6.890000006696814 47.357000009268425 6.890000006697053
                                                            47.35600000926796 6.8880000066948845 47.356000009268435
                                                            6.888000006695125 47.35500000926797 6.88700000669404
                                                            47.35500000926823 6.886000006692958 47.35500000926843
                                                            6.885000006691876 47.35500000926865 6.885000006692113
                                                            47.35400000926823 6.884000006691029 47.35400000926845
                                                            6.883000006689945 47.354000009268695 6.882000006688624
                                                            47.35500000926937 6.88100000668754 47.35500000926958
                                                            6.881000006687779 47.354000009269114 6.880000006686458
                                                            47.3550000092698 6.880000006686217 47.35600000927023
                                                            6.88000000668598 47.357000009270685 6.880000006685742
                                                            47.3580000092711 6.8800000066855045 47.35900000927159
                                                            6.880000006685264 47.36000000927202 6.8810000066863495
                                                            47.3600000092718 6.881000006686111 47.36100000927223
                                                            6.881000006685873 47.36200000927272 6.8820000066869556
                                                            47.362000009272464 6.88300000668804 47.362000009272236
                                                            6.8830000066878 47.363000009272696 6.884000006688407
                                                            47.36500000927337 6.884000006688167 47.3660000092738
                                                            6.885000006688773 47.36800000927447 6.886000006689616
                                                            47.36900000927473 6.885000006688295 47.370000009275394
                                                            6.885000006688057 47.37100000927584 6.885000006687578
                                                            47.373000009276716 6.884000006686258 47.37400000927738
                                                            6.884000006686018 47.37500000927783 6.885000006686862
                                                            47.37600000927808 6.886000006687944 47.37600000927782
                                                            6.887000006688789 47.37700000927804 6.888000006689631
                                                            47.37800000927825 6.889000006690712 47.37800000927802
                                                            6.891000006692635 47.37900000927799 6.893000006694564
                                                            47.380000009278 6.893000006694322 47.38100000927846
                                                            6.894000006695404 47.38100000927822 6.896000006697567
                                                            47.38100000927777 6.89700000669841 47.38200000927799
                                                            6.89600000669709 47.38300000927865 6.896000006696848
                                                            47.38400000927912 6.898000006699012 47.38400000927865
                                                            6.900000006701173 47.38400000927819 6.902000006703336
                                                            47.384000009277734 6.905000006706341 47.38500000927747
                                                            6.906000006707661 47.38400000927683 6.906000006707422
                                                            47.38500000927726 6.90700000670826 47.38600000927743
                                                            6.909000006710425 47.386000009277055 6.910000006711264
                                                            47.38700000927722 6.911000006712343 47.38700000927702
                                                            6.913000006714265 47.388000009276986 6.9130000067140225
                                                            47.38900000927744 6.914000006715102 47.389000009277204
                                                            6.914000006714863 47.390000009277664 6.91400000671462
                                                            47.391000009278095 6.915000006715703 47.391000009277874
                                                            6.914000006714382 47.39200000927853 6.913000006713302
                                                            47.39200000927878 6.9120000067119785 47.39300000927944
                                                            6.9120000067117395 47.39400000927986 6.912000006711497
                                                            47.39500000928038 6.912000006711256 47.39600000928077
                                                            6.911000006710176 47.396000009280996 6.9110000067099335
                                                            47.39700000928141 6.911000006709693 47.39800000928191
                                                            6.910000006708615 47.39800000928207 6.911000006709452
                                                            47.39900000928236 6.9130000067116155 47.39900000928186
                                                            6.914000006712694 47.399000009281636 6.916000006714854
                                                            47.39900000928116 6.916000006714612 47.40000000928163
                                                            6.9160000067143725 47.401000009282065 6.9170000067152095
                                                            47.40200000928227 6.9180000067160465 47.40300000928251
                                                            6.918000006715803 47.4040000092829 6.918000006715562
                                                            47.405000009283356 6.919000006716644 47.405000009283164
                                                            6.918000006715324 47.40600000928379 6.916000006713165
                                                            47.40600000928426 6.914000006710761 47.407000009285184
                                                            6.916000006712921 47.40700000928472 6.917000006714
                                                            47.40700000928447 6.918000006715079 47.40700000928424
                                                            6.920000006716997 47.408000009284265 6.921000006717833
                                                            47.40900000928442 6.922000006719396 47.40700000928333
                                                            6.923000006720236 47.40800000928354 6.924000006721314
                                                            47.40800000928335 6.9250000067223905 47.408000009283086
                                                            6.9270000067245485 47.4080000092826 6.928000006725627
                                                            47.408000009282404 6.929000006726707 47.40800000928218
                                                            6.931000006728863 47.40800000928173 6.933000006731021
                                                            47.40800000928125 6.935000006733175 47.4080000092808
                                                            6.936000006734255 47.40800000928058 6.938000006736412
                                                            47.4080000092801 6.93900000673749 47.408000009279874
                                                            6.941000006738675 47.41200000928118 6.942000006739266
                                                            47.41400000928183 6.942000006739024 47.41500000928226
                                                            6.94200000673878 47.41600000928269 6.942000006738294
                                                            47.41800000928364 6.942000006737807 47.4200000092844
                                                            6.942000006737564 47.421000009284874 6.942000006737077
                                                            47.42300000928576 6.942000006736834 47.424000009286196
                                                            6.942000006736348 47.42600000928704 6.942000006735859
                                                            47.42800000928796 6.942000006735372 47.43000000928883
                                                            6.941000006734051 47.431000009289505 6.941000006733808
                                                            47.43200000928997 6.941000006733564 47.43300000929036
                                                            6.94100000673332 47.43400000929077 6.941000006733079
                                                            47.43500000929123 6.942000006733909 47.436000009291426
                                                            6.943000006734988 47.436000009291234 6.944000006736063
                                                            47.43600000929099 6.94500000673714 47.436000009290765
                                                            6.947000006739292 47.43600000929026 6.948000006740371
                                                            47.43600000929009 6.951000006743596 47.43600000928938
                                                            6.95200000674443 47.43700000928957 6.953000006745506
                                                            47.43700000928937 6.955000006747658 47.43700000928891
                                                            6.956000006748734 47.43700000928865 6.958000006751129
                                                            47.436000009287774 6.9620000067551855 47.43700000928724
                                                            6.965000006758168 47.43800000928704 6.967000006759828
                                                            47.44000000928743 6.96900000676124 47.44300000928829
                                                            6.97000000676158 47.44600000928939 6.970000006761334
                                                            47.44700000928977 6.971000006761918 47.449000009290415
                                                            6.973000006764068 47.44900000928993 6.974000006765141
                                                            47.44900000928971 6.975000006765969 47.45000000928997
                                                            6.976000006767044 47.45000000928971 6.977000006768119
                                                            47.45000000928947 6.980000006771094 47.45100000928921
                                                            6.98200000677324 47.45100000928873 6.98500000677671
                                                            47.45000000928764 6.987000006778856 47.450000009287166
                                                            6.989000006781001 47.450000009286676 6.991000006783149
                                                            47.45000000928623 6.992000006784224 47.450000009286
                                                            6.994000006786122 47.451000009285984 6.997000006789092
                                                            47.45200000928571 7.000000006791816 47.45400000928584
                                                            7.003000006794538 47.456000009286065 7.00200000679297
                                                            47.45800000928711 6.998000006788684 47.458000009288035
                                                            6.99900000678926 47.460000009288684 6.9990000067890135
                                                            47.461000009289094 6.999000006788766 47.46200000928957
                                                            7.000000006789836 47.46200000928933 7.000000006789591
                                                            47.46300000928975 7.001000006790415 47.464000009289954
                                                            7.002000006791487 47.464000009289705 7.001000006790167
                                                            47.46500000929034 7.00100000678992 47.46600000929083
                                                            7.0010000067896705 47.46700000929126 7.001000006789423
                                                            47.46800000929169 7.001000006789176 47.46900000929212
                                                            7.000000006788104 47.469000009292365 6.999000006787032
                                                            47.46900000929258 6.99700000678489 47.46900000929302
                                                            6.996000006783818 47.46900000929326 6.994000006781673
                                                            47.46900000929373 6.993000006780846 47.46800000929354
                                                            6.992000006779528 47.46900000929422 6.992000006779279
                                                            47.470000009294594 6.992000006779033 47.47100000929506
                                                            6.993000006779857 47.47200000929526 6.994000006780683
                                                            47.47300000929546 6.993000006779363 47.47400000929615
                                                            6.992000006778292 47.47400000929636 6.9910000067772184
                                                            47.474000009296574 6.990000006775899 47.47500000929723
                                                            6.989000006774828 47.4750000092975 6.98900000677458
                                                            47.47600000929789 6.98900000677433 47.47700000929833
                                                            6.988000006773014 47.47800000929899 6.9870000067719396
                                                            47.47800000929923 6.987000006771691 47.47900000929966
                                                            6.988000006772519 47.48000000929988 6.989000006773343
                                                            47.48100000930004 6.9890000067728435 47.48300000930092
                                                            6.989000006772351 47.48500000930176 6.989000006771854
                                                            47.48700000930262 6.99000000677243 47.48900000930325
                                                            6.989000006771111 47.490000009303856 6.988000006769544
                                                            47.49200000930499 6.987000006767975 47.49400000930605
                                                            6.987000006767724 47.495000009306494 6.9890000067693725
                                                            47.497000009306916 6.992000006772336 47.49800000930659
                                                            6.994000006774479 47.498000009306125 6.997000006777446
                                                            47.499000009305924 7.000000006780157 47.50100000930602
                                                            7.001000006781227 47.50100000930582 7.001000006780978
                                                            47.50200000930623 7.0050000067850124 47.503000009305744
                                                            7.00600000678608 47.503000009305495 7.008000006788219
                                                            47.503000009305005 7.0110000067911775 47.504000009304725
                                                            7.0130000067930665 47.50500000930468 7.01400000679414
                                                            47.50500000930449 7.016000006796277 47.505000009304005
                                                            7.018000006798165 47.50600000930395 7.019000006799236
                                                            47.506000009303754 7.020000006800304 47.506000009303506
                                                            7.021000006801371 47.50600000930326 7.022000006802443
                                                            47.50600000930303 7.025000006805646 47.50600000930234
                                                            7.026000006806717 47.50600000930207 7.027000006808037
                                                            47.50500000930145 7.027000006808285 47.50400000930099
                                                            7.0280000068093536 47.504000009300775 7.029000006810672
                                                            47.50300000930013 7.029000006810425 47.504000009300526
                                                            7.03000000681149 47.50400000930031 7.031000006812811
                                                            47.50300000929963 7.03200000681413 47.502000009298996
                                                            7.033000006815198 47.50200000929878 7.034000006816267
                                                            47.50200000929851 7.035000006817586 47.50100000929789
                                                            7.0380000068207895 47.50100000929715 7.038000006821041
                                                            47.500000009296734 7.038000006821292 47.49900000929633
                                                            7.039000006822107 47.50000000929652 7.041000006824245
                                                            47.500000009296045 7.04200000682531 47.50000000929578
                                                            7.044000006827449 47.50000000929532 7.045000006828516
                                                            47.500000009295114 7.0470000068306495 47.500000009294624
                                                            7.048000006831971 47.49900000929399 7.049000006833039
                                                            47.49900000929374 7.050000006834356 47.498000009293094
                                                            7.052000006836492 47.498000009292625 7.0530000068378085
                                                            47.49700000929193 7.055000006839943 47.49700000929148
                                                            7.057000006842078 47.49700000929104 7.0590000068442125
                                                            47.49700000929053 7.0620000068474145 47.49700000928985
                                                            7.064000006849548 47.497000009289344 7.066000006851933
                                                            47.49600000928846 7.068000006854318 47.49500000928758
                                                            7.070000006856449 47.4950000092871 7.071000006857515
                                                            47.49500000928687 7.0730000068599015 47.494000009285976
                                                            7.073000006860154 47.49300000928556 7.073000006860406
                                                            47.49200000928513 7.076000006864105 47.49000000928358
                                                            7.079000006867052 47.49100000928331 7.081000006869189
                                                            47.4910000092828 7.082000006869999 47.492000009283025
                                                            7.083000006871063 47.492000009282755 7.084000006872133
                                                            47.49200000928252 7.084000006871879 47.49300000928296
                                                            7.0860000068737605 47.494000009282914 7.088000006875889
                                                            47.494000009282445 7.0900000068777675 47.495000009282386
                                                            7.090000006877514 47.49600000928281 7.09100000687858
                                                            47.49600000928256 7.092000006879644 47.49600000928236
                                                            7.092000006879391 47.497000009282765 7.094000006881521
                                                            47.497000009282324 7.095000006882588 47.497000009282075
                                                            7.096000006883653 47.49700000928183 7.09800000688578
                                                            47.49700000928133 7.099000006886846 47.497000009281116
                                                            7.101000006889227 47.49600000928018 7.103000006891356
                                                            47.49600000927975 7.105000006893232 47.4970000092797
                                                            7.106000006894297 47.49700000927946 7.108000006896424
                                                            47.49700000927896 7.110000006898551 47.49700000927854
                                                            7.111000006899617 47.49700000927829 7.113000006901745
                                                            47.49700000927782 7.117000006905743 47.4980000092773
                                                            7.1170000069054895 47.4990000092777 7.119000006907363
                                                            47.50000000927765 7.120000006908427 47.50000000927742
                                                            7.121000006909237 47.5010000092776 7.12300000691111
                                                            47.50200000927755 7.12400000691217 47.50200000927732
                                                            7.125000006912978 47.50300000927749 7.126000006913786
                                                            47.50400000927769 7.127000006914596 47.505000009277865
                                                            7.129000006916464 47.50600000927783 7.130000006917782
                                                            47.50500000927717 7.1310000069188435 47.50500000927691
                                                            7.13500000692335 47.50400000927554 7.137000006925471
                                                            47.504000009275074 7.139000006927597 47.50400000927461
                                                            7.140000006928658 47.504000009274364 7.142000006931036
                                                            47.503000009273435 7.146000006935792 47.501000009271664
                                                            7.148000006938173 47.50000000927075 7.151000006941609
                                                            47.49900000926959 7.153000006943989 47.49800000926872
                                                            7.154000006945306 47.49700000926805 7.156000006947684
                                                            47.496000009267185 7.156000006947941 47.49500000926677
                                                            7.158000006950318 47.49400000926583 7.159000006951635
                                                            47.49300000926516 7.1600000069526955 47.493000009264954
                                                            7.162000006955075 47.49200000926404 7.163000006956137
                                                            47.49200000926378 7.165000006958258 47.49200000926335
                                                            7.167000006960376 47.492000009262824 7.168000006961694
                                                            47.49100000926219 7.171000006964877 47.49100000926146
                                                            7.173000006966739 47.49200000926139 7.1740000069678
                                                            47.49200000926112 7.175000006968862 47.49200000926091
                                                            7.1770000069709825 47.49200000926046 7.179000006972844
                                                            47.49300000926038 7.183000006977082 47.49300000925944
                                                            7.185000006979199 47.49300000925896 7.186000006980263
                                                            47.493000009258694 7.189000006983185 47.49400000925843
                                                            7.191000006985301 47.49400000925796 7.192000006986361
                                                            47.4940000092577 7.194000006988223 47.49500000925764
                                                            7.1950000069892805 47.49500000925737 7.196000006990081
                                                            47.496000009257614 7.198000006992199 47.49600000925706
                                                            7.2010000069953755 47.4960000092564 7.202000006996432
                                                            47.49600000925614 7.202000006996689 47.495000009255726
                                                            7.203000006997749 47.495000009255456 7.203000006998007
                                                            47.49400000925507 7.204000006999063 47.49400000925484
                                                            7.204000006999323 47.493000009254395 7.201000006996404
                                                            47.49200000925471 7.199000006994286 47.492000009255165
                                                            7.1970000069924245 47.491000009255224 7.196000006991368
                                                            47.491000009255444 7.19500000699031 47.491000009255686
                                                            7.194000006989247 47.491000009255934 7.192000006987132
                                                            47.491000009256425 7.19200000698739 47.490000009255944
                                                            7.192000006987646 47.48900000925557 7.191000006986846
                                                            47.488000009255394 7.1900000069860415 47.48700000925522
                                                            7.189000006985238 47.48600000925503 7.188000006984691
                                                            47.48400000925441 7.187000006983887 47.48300000925423
                                                            7.187000006984146 47.48200000925381 7.1860000069838526
                                                            47.47900000925273 7.184000006982244 47.47700000925236
                                                            7.1830000069816915 47.47500000925175 7.182000006980632
                                                            47.475000009252 7.181000006979832 47.47400000925182
                                                            7.181000006980086 47.47300000925141 7.180000006979538
                                                            47.47100000925076 7.178000006977668 47.4700000092508
                                                            7.179000006978733 47.47000000925058 7.178000006977925
                                                            47.46900000925034 7.179000006978986 47.469000009250145
                                                            7.179000006979243 47.46800000924973 7.180000006980303
                                                            47.468000009249465 7.180000006980556 47.46700000924905
                                                            7.180000006980814 47.46600000924864 7.18000000698107
                                                            47.46500000924822 7.180000006981325 47.46400000924776
                                                            7.18000000698158 47.46300000924736 7.179000006980519
                                                            47.46300000924758 7.179000006980774 47.46200000924718
                                                            7.178000006979714 47.46200000924737 7.178000006979968
                                                            47.46100000924691 7.179000006981029 47.46100000924669
                                                            7.179000006981283 47.46000000924628 7.178000006980477
                                                            47.45900000924608 7.178000006980733 47.45800000924566
                                                            7.1770000069801805 47.45600000924503 7.177000006980436
                                                            47.45500000924459 7.176000006979625 47.454000009244425
                                                            7.175000006979076 47.452000009243775 7.174000006978269
                                                            47.45100000924358 7.174000006978774 47.44900000924272
                                                            7.173000006977969 47.448000009242534 7.172000006977161
                                                            47.44700000924235 7.171000006976352 47.446000009242155
                                                            7.171000006976607 47.44500000924176 7.173000006978734
                                                            47.44500000924123 7.175000006980857 47.445000009240765
                                                            7.177000006982981 47.445000009240296 7.17900000698536
                                                            47.44400000923938 7.1810000069874835 47.444000009238934
                                                            7.182000006988545 47.44400000923863 7.184000006990924
                                                            47.443000009237764 7.186000006993046 47.44300000923728
                                                            7.1880000069954235 47.442000009236374 7.192000006999926
                                                            47.44100000923499 7.193000007000989 47.441000009234706
                                                            7.195000007003366 47.440000009233785 7.196000007004678
                                                            47.43900000923316 7.196000007004935 47.438000009232724
                                                            7.197000007006253 47.437000009232015 7.19800000700731
                                                            47.4370000092318 7.199000007008373 47.43700000923153
                                                            7.201000007010496 47.437000009231056 7.207000007016604
                                                            47.438000009230066 7.20700000701686 47.437000009229635
                                                            7.208000007017918 47.437000009229415 7.209000007018978
                                                            47.43700000922917 7.210000007019785 47.438000009229356
                                                            7.211000007020845 47.438000009229114 7.212000007021907
                                                            47.43800000922892 7.213000007022969 47.43800000922864
                                                            7.213000007022711 47.439000009229076 7.214000007023772
                                                            47.43900000922886 7.215000007024829 47.4390000092286
                                                            7.2160000070258885 47.439000009228366 7.217000007026949
                                                            47.43900000922811 7.217000007026695 47.440000009228555
                                                            7.2180000070277535 47.44000000922831 7.219000007028813
                                                            47.440000009228044 7.2200000070298715 47.44000000922782
                                                            7.221000007030677 47.441000009228 7.222000007031737
                                                            47.44100000922779 7.2230000070327955 47.44100000922755
                                                            7.2240000070338555 47.44100000922732 7.224000007033598
                                                            47.44200000922773 7.227000007036777 47.442000009226994
                                                            7.228000007037833 47.44200000922676 7.230000007039953
                                                            47.442000009226284 7.233000007043387 47.44100000922515
                                                            7.234000007044446 47.44100000922488 7.237000007048135
                                                            47.4390000092233 7.238000007049451 47.43800000922263
                                                            7.239000007050766 47.43700000922194 7.240000007052338
                                                            47.43500000922082 7.239000007051537 47.43400000922065
                                                            7.239000007051791 47.433000009220216 7.238000007050735
                                                            47.433000009220464 7.240000007053621 47.430000009218666
                                                            7.243000007056796 47.430000009217956 7.245000007058916
                                                            47.430000009217466 7.246000007060228 47.4290000092168
                                                            7.2470000070612866 47.429000009216566 7.246000007060741
                                                            47.427000009215924 7.247000007062057 47.42600000921525
                                                            7.247000007062314 47.42500000921483 7.24700000706257
                                                            47.42400000921439 7.246000007061768 47.42300000921419
                                                            7.2470000070630824 47.422000009213505 7.248000007063884
                                                            47.4230000092137 7.249000007064944 47.42300000921346
                                                            7.250000007066002 47.4230000092132 7.251000007066807
                                                            47.42400000921344 7.251000007066548 47.425000009213875
                                                            7.252000007067608 47.425000009213605 7.253000007068664
                                                            47.42500000921338 7.254000007069721 47.42500000921313
                                                            7.254000007069465 47.42600000921355 7.255000007070521
                                                            47.426000009213304 7.256000007071581 47.42600000921305
                                                            7.257000007072383 47.42700000921325 7.258000007073441
                                                            47.42700000921304 7.2590000070744995 47.42700000921281
                                                            7.260000007075558 47.427000009212556 7.261000007076612
                                                            47.42700000921233 7.262000007077413 47.428000009212454
                                                            7.263000007078471 47.42800000921225 7.264000007079527
                                                            47.428000009212006 7.265000007080584 47.428000009211765
                                                            7.266000007081642 47.428000009211516 7.2670000070824425
                                                            47.429000009211705 7.268000007083496 47.42900000921149
                                                            7.269000007084557 47.429000009211215 7.270000007085613
                                                            47.429000009211016 7.27100000708667 47.42900000921076
                                                            7.2720000070874695 47.430000009210936 7.273000007088526
                                                            47.4300000092107 7.273000007088265 47.4310000092111
                                                            7.2740000070893265 47.431000009210884 7.2750000070901235
                                                            47.43200000921106 7.276000007091178 47.43200000921083
                                                            7.276000007090924 47.433000009211284 7.2770000070919805
                                                            47.433000009211014 7.278000007093032 47.433000009210794
                                                            7.2780000070927775 47.43400000921122 7.279000007093831
                                                            47.434000009210976 7.279000007093574 47.435000009211386
                                                            7.28000000709463 47.435000009211144 7.281000007095686
                                                            47.4350000092109 7.282000007096741 47.435000009210704
                                                            7.2820000070964825 47.43600000921109 7.282000007096225
                                                            47.43700000921154 7.28300000709728 47.4370000092113
                                                            7.284000007098338 47.43700000921106 7.28500000709939
                                                            47.4370000092108 7.286000007100446 47.43700000921059
                                                            7.287000007101502 47.43700000921033 7.288000007102559
                                                            47.437000009210095 7.289000007103611 47.43700000920982
                                                            7.290000007104669 47.43700000920959 7.290000007104928
                                                            47.43600000920918 7.291000007105985 47.436000009208904
                                                            7.292000007107037 47.436000009208676 7.293000007108096
                                                            47.43600000920842 7.293000007108353 47.435000009208004
                                                            7.294000007109407 47.43500000920775 7.294000007109153
                                                            47.436000009208186 7.295000007110206 47.43600000920795
                                                            7.29600000711126 47.43600000920769 7.296000007111
                                                            47.43700000920818 7.297000007112055 47.437000009207864
                                                            7.297000007111799 47.43800000920834 7.298000007112851
                                                            47.438000009208096 7.299000007113907 47.43800000920787
                                                            7.30000000711496 47.43800000920761 7.301000007116017
                                                            47.43800000920734 7.302000007116814 47.43900000920754
                                                            7.302000007116549 47.440000009208 7.303000007117605
                                                            47.44000000920777 7.303000007117344 47.44100000920817
                                                            7.304000007118402 47.44100000920792 7.305000007119452
                                                            47.441000009207634 7.306000007120508 47.44100000920742
                                                            7.307000007121561 47.441000009207194 7.308000007122617
                                                            47.441000009206945 7.309000007123669 47.4410000092067
                                                            7.310000007124724 47.44100000920644 7.310000007124985
                                                            47.440000009206045 7.311000007126038 47.44000000920579
                                                            7.312000007127093 47.44000000920553 7.3130000071281485
                                                            47.44000000920529 7.3140000071291995 47.440000009205036
                                                            7.315000007130257 47.44000000920479 7.315000007129994
                                                            47.44100000920525 7.316000007131048 47.441000009205005
                                                            7.317000007132102 47.44100000920478 7.318000007133154
                                                            47.4410000092045 7.319000007134209 47.44100000920427
                                                            7.320000007135262 47.44100000920402 7.321000007136315
                                                            47.44100000920375 7.321000007136575 47.440000009203324
                                                            7.32200000713763 47.44000000920308 7.322000007137367
                                                            47.44100000920354 7.323000007138425 47.44100000920329
                                                            7.324000007139472 47.441000009203016 7.3250000071405275
                                                            47.441000009202824 7.326000007141579 47.441000009202575
                                                            7.3260000071413165 47.44200000920298 7.327000007142372
                                                            47.44200000920275 7.32800000714343 47.442000009202495
                                                            7.3290000071444785 47.44200000920226 7.329000007144216
                                                            47.44300000920267 7.330000007145269 47.44300000920244
                                                            7.331000007146322 47.44300000920218 7.331000007146062
                                                            47.4440000092026 7.332000007147112 47.44400000920238
                                                            7.332000007147374 47.44300000920193 7.3330000071484305
                                                            47.443000009201704 7.334000007149481 47.44300000920145
                                                            7.335000007150531 47.44300000920119 7.336000007151583
                                                            47.443000009200965 7.337000007152635 47.44300000920071
                                                            7.338000007153689 47.443000009200475 7.339000007154743
                                                            47.44300000920023 7.340000007155793 47.44300000919998
                                                            7.341000007156845 47.44300000919973 7.341000007157105
                                                            47.44200000919931 7.342000007158157 47.44200000919906
                                                            7.342000007158417 47.441000009198646 7.3430000071594685
                                                            47.441000009198405 7.343000007159734 47.440000009197945
                                                            7.3440000071607825 47.44000000919769 7.345000007161834
                                                            47.44000000919748 7.346000007162889 47.44000000919726
                                                            7.346000007163145 47.439000009196796 7.3460000071634095
                                                            47.43800000919634 7.347000007164464 47.43800000919611
                                                            7.348000007165511 47.43800000919588 7.348000007165774
                                                            47.437000009195444 7.349000007166828 47.43700000919517
                                                            7.350000007167876 47.437000009194946 7.3510000071689285
                                                            47.43700000919467 7.352000007169979 47.43700000919442
                                                            7.353000007171032 47.43700000919422 7.353000007171293
                                                            47.436000009193805 7.354000007172345 47.43600000919353
                                                            7.3550000071733965 47.436000009193265 7.356000007174447
                                                            47.43600000919306 7.357000007175499 47.43600000919278
                                                            7.358000007176551 47.43600000919256 7.359000007177602
                                                            47.436000009192284 7.3600000071786535 47.43600000919205
                                                            7.361000007179701 47.43600000919178 7.362000007180751
                                                            47.43600000919156 7.363000007181806 47.43600000919133
                                                            7.364000007182858 47.436000009191076 7.365000007183906
                                                            47.43600000919084 7.366000007184956 47.43600000919057
                                                            7.367000007186008 47.43600000919032 7.368000007187057
                                                            47.436000009190096 7.369000007188107 47.436000009189826
                                                            7.37000000718916 47.436000009189605 7.371000007190209
                                                            47.436000009189364 7.372000007191259 47.43600000918909
                                                            7.373000007192309 47.436000009188845 7.374000007193359
                                                            47.436000009188646 7.37500000719441 47.43600000918839
                                                            7.375000007194673 47.43500000918794 7.376000007195722
                                                            47.43500000918767 7.377000007196768 47.43500000918742
                                                            7.378000007197822 47.43500000918716 7.37900000719887
                                                            47.43500000918694 7.380000007199922 47.43500000918668
                                                            7.380000007200182 47.43400000918627 7.3810000072012345
                                                            47.43400000918603 7.382000007202284 47.434000009185795
                                                            7.383000007203071 47.43500000918597 7.384000007204121
                                                            47.43500000918569 7.385000007205434 47.43400000918501
                                                            7.387000007207531 47.43400000918454 7.389000007209369
                                                            47.435000009184456 7.391000007211199 47.4360000091844
                                                            7.393000007213297 47.43600000918388 7.394000007214082
                                                            47.437000009184075 7.395000007215134 47.43700000918385
                                                            7.396000007216181 47.4370000091836 7.3970000072172315
                                                            47.437000009183336 7.400000007220375 47.437000009182604
                                                            7.401000007221422 47.437000009182356 7.404000007224571
                                                            47.43700000918165 7.40400000722404 47.43900000918253
                                                            7.404000007223779 47.44000000918291 7.404000007223513
                                                            47.44100000918337 7.405000007224559 47.44100000918312
                                                            7.406000007225609 47.441000009182865 7.406000007225345
                                                            47.44200000918331 7.40700000722639 47.44200000918307
                                                            7.4080000072274395 47.44200000918285 7.4080000072271766
                                                            47.4430000091832 7.409000007228225 47.44300000918301
                                                            7.410000007229272 47.44300000918275 7.411000007230319
                                                            47.443000009182484 7.411000007230052 47.444000009182865
                                                            7.412000007231102 47.44400000918268 7.413000007232151
                                                            47.444000009182425 7.414000007233193 47.44400000918216
                                                            7.415000007233978 47.44500000918237 7.416000007235026
                                                            47.445000009182145 7.417000007236073 47.44500000918189
                                                            7.418000007236855 47.44600000918205 7.419000007237901
                                                            47.44600000918181 7.419000007237634 47.447000009182204
                                                            7.4200000072386825 47.44700000918198 7.42100000723973
                                                            47.447000009181735 7.422000007240509 47.44800000918192
                                                            7.423000007241293 47.44900000918207 7.424000007242072
                                                            47.45000000918225 7.425000007242587 47.45200000918289
                                                            7.424000007241545 47.45200000918314 7.424000007241279
                                                            47.45300000918358 7.426000007243106 47.45400000918349
                                                            7.428000007244934 47.455000009183415 7.4290000072459765
                                                            47.45500000918317 7.430000007246756 47.45600000918333
                                                            7.430000007246494 47.45700000918378 7.42900000724518
                                                            47.45800000918446 7.429000007244917 47.45900000918488
                                                            7.430000007245697 47.46000000918504 7.431000007246472
                                                            47.46100000918526 7.432000007247519 47.46100000918497
                                                            7.434000007249608 47.46100000918449 7.436000007251431
                                                            47.46200000918444 7.437000007252475 47.462000009184145
                                                            7.438000007253524 47.46200000918392 7.439000007254302
                                                            47.4630000091841 7.4410000072563935 47.46300000918363
                                                            7.443000007258482 47.46300000918313 7.4440000072595245
                                                            47.463000009182856 7.445000007260303 47.464000009183025
                                                            7.446000007261347 47.464000009182776 7.446000007261081
                                                            47.465000009183235 7.447000007262123 47.46500000918297
                                                            7.448000007262903 47.46600000918315 7.449000007263942
                                                            47.46600000918287 7.4500000072647214 47.46700000918307
                                                            7.450000007264455 47.46800000918348 7.450000007264188
                                                            47.46900000918393 7.451000007265234 47.46900000918365
                                                            7.451000007264964 47.4700000091841 7.452000007266008
                                                            47.47000000918386 7.454000007267831 47.471000009183804
                                                            7.455000007268605 47.47200000918394 7.456000007269383
                                                            47.47300000918413 7.457000007270424 47.47300000918386
                                                            7.457000007269888 47.47500000918473 7.455000007267535
                                                            47.476000009185675 7.454000007266489 47.476000009185896
                                                            7.452000007264138 47.477000009186845 7.451000007263094
                                                            47.477000009187094 7.449000007261275 47.47600000918715
                                                            7.448000007259963 47.47700000918783 7.447000007258921
                                                            47.477000009188096 7.4470000072586515 47.478000009188506
                                                            7.447000007258386 47.479000009188915 7.445000007256032
                                                            47.48000000918984 7.443000007253675 47.481000009190765
                                                            7.443000007253944 47.48000000919036 7.440000007250542
                                                            47.48100000919152 7.437000007246876 47.48300000919312
                                                            7.436000007245832 47.48300000919335 7.43500000724479
                                                            47.48300000919363 7.434000007243744 47.48300000919385
                                                            7.433000007242702 47.483000009194086 7.4320000072413865
                                                            47.484000009194766 7.430000007239034 47.48500000919569
                                                            7.429000007238258 47.48400000919554 7.428000007237213
                                                            47.48400000919579 7.427000007236437 47.483000009195585
                                                            7.425000007234343 47.4830000091961 7.424000007233301
                                                            47.483000009196374 7.423000007232252 47.48300000919659
                                                            7.422000007231208 47.48300000919683 7.423000007231721
                                                            47.485000009197485 7.423000007231456 47.48600000919785
                                                            7.424000007232235 47.48700000919804 7.425000007233009
                                                            47.48800000919826 7.426000007233522 47.490000009198845
                                                            7.427000007234568 47.49000000919855 7.428000007235076
                                                            47.49200000919916 7.430000007236898 47.4930000091991
                                                            7.431000007237135 47.496000009200095 7.432000007237917
                                                            47.49700000920033 7.432000007237646 47.498000009200695
                                                            7.433000007238692 47.49800000920044 7.434000007239469
                                                            47.49900000920063 7.436000007241284 47.50000000920054
                                                            7.438000007243642 47.49900000919965 7.440000007245995
                                                            47.498000009198684 7.441000007247041 47.49800000919845
                                                            7.442000007248347 47.497000009197784 7.443000007249393
                                                            47.497000009197535 7.446000007252789 47.49600000919636
                                                            7.447000007253833 47.4960000091961 7.448000007255143
                                                            47.49500000919545 7.450000007257497 47.494000009194565
                                                            7.451000007258808 47.49300000919387 7.452000007260119
                                                            47.492000009193156 7.454000007262205 47.49200000919265
                                                            7.4560000072645565 47.491000009191744 7.457000007265599
                                                            47.4910000091915 7.457000007265864 47.49000000919108
                                                            7.460000007268724 47.491000009190756 7.4620000072708095
                                                            47.491000009190266 7.4630000072718525 47.49100000919
                                                            7.465000007274474 47.48900000918866 7.466000007275785
                                                            47.488000009188 7.467000007277094 47.48700000918732
                                                            7.468000007278402 47.486000009186625 7.469000007279713
                                                            47.48500000918597 7.470000007280757 47.485000009185704
                                                            7.470000007281024 47.48400000918528 7.4710000072820675
                                                            47.48400000918503 7.471000007282337 47.48300000918463
                                                            7.472000007283379 47.48300000918437 7.473000007284688
                                                            47.48200000918372 7.47400000728546 47.483000009183876
                                                            7.475000007286773 47.482000009183224 7.476000007287815
                                                            47.48200000918294 7.477000007288854 47.48200000918269
                                                            7.4780000072898964 47.482000009182435 7.479000007290935
                                                            47.48200000918218 7.48000000729171 47.48300000918235
                                                            7.4820000072937916 47.483000009181865 7.4830000072948355
                                                            47.48300000918162 7.484000007295878 47.48300000918137
                                                            7.485000007296916 47.483000009181154 7.4850000072966445
                                                            47.48400000918152 7.486000007297687 47.48400000918127
                                                            7.487000007298727 47.48400000918104 7.488000007299769
                                                            47.484000009180775 7.489000007300809 47.48400000918054
                                                            7.491000007302621 47.485000009180474 7.49300000730416
                                                            47.48700000918081 7.494000007304929 47.488000009180986
                                                            7.49400000730466 47.48900000918139 7.494000007304392
                                                            47.49000000918183 7.495000007305432 47.490000009181585
                                                            7.496000007306202 47.49100000918173 7.497000007307241
                                                            47.49100000918147 7.498000007308283 47.491000009181214
                                                            7.499000007309323 47.49100000918097 7.499000007309052
                                                            47.49200000918136 7.500000007310091 47.492000009181154
                                                            7.5000000073098185 47.49300000918159 7.50100000731086
                                                            47.4930000091813 7.5020000073119 47.493000009181074
                                                            7.503000007312939 47.4930000091808 7.5020000073113575
                                                            47.4950000091819 7.503000007312128 47.496000009182104
                                                            7.505000007313939 47.49700000918201 7.506000007314974
                                                            47.49700000918174 7.5080000073167845 47.498000009181645
                                                            7.509000007317819 47.498000009181396 7.512000007320665
                                                            47.49900000918106 7.511000007319356 47.5000000091817
                                                            7.511000007318817 47.5020000091826 7.510000007317503
                                                            47.503000009183246 7.510000007317232 47.504000009183684
                                                            7.511000007318271 47.50400000918342 7.511000007318
                                                            47.50500000918384 7.511000007317455 47.50700000918469
                                                            7.511000007317185 47.50800000918511 7.511000007316913
                                                            47.509000009185506 7.51100000731664 47.510000009185916
                                                            7.510000007315333 47.5110000091866 7.509000007314024
                                                            47.51200000918732 7.509000007313751 47.513000009187685
                                                            7.508000007312713 47.51300000918794 7.507000007311675
                                                            47.5130000091882 7.505000007309057 47.51500000918955
                                                            7.504000007307746 47.51600000919022 7.503000007306706
                                                            47.51600000919046 7.502000007305398 47.51700000919113
                                                            7.500000007303048 47.51800000919205 7.500000007302507
                                                            47.52000000919293 7.4990000073009275 47.52200000919402
                                                            7.499000007300655 47.52300000919441 7.500000007301691
                                                            47.523000009194185 7.50100000730273 47.52300000919392
                                                            7.502000007304313 47.52100000919283 7.502000007304585
                                                            47.520000009192394 7.503000007305895 47.51900000919173
                                                            7.504000007307202 47.518000009191084 7.503000007306438
                                                            47.517000009190916 7.505000007308513 47.517000009190376
                                                            7.506000007309549 47.51700000919015 7.507000007310591
                                                            47.51700000918989 7.510000007313431 47.51800000918955
                                                            7.512000007315232 47.51900000918943 7.513000007316272
                                                            47.51900000918922 7.5150000073183465 47.51900000918871
                                                            7.516000007319384 47.51900000918843 7.518000007321459
                                                            47.51900000918795 7.5190000073224965 47.519000009187685
                                                            7.519000007322768 47.51800000918726 7.520000007324076
                                                            47.51700000918658 7.522000007325879 47.51800000918651
                                                            7.522000007326152 47.5170000091861 7.52300000732746
                                                            47.516000009185426 7.5240000073285 47.51600000918517
                                                            7.525000007329263 47.51700000918536 7.52500000732899
                                                            47.518000009185755 7.5250000073284475 47.52000000918658
                                                            7.524000007327138 47.52100000918728 7.526000007328938
                                                            47.52200000918719 7.529000007331498 47.52400000918722
                                                            7.529000007331228 47.52500000918767 7.530000007331989
                                                            47.52600000918784 7.531000007332753 47.527000009187994
                                                            7.532000007333243 47.529000009188586 7.532000007332971
                                                            47.53000000918901 7.532000007332696 47.5310000091894
                                                            7.5310000073313885 47.53200000919007 7.531000007331115
                                                            47.53300000919053 7.5290000073287695 47.53400000919141
                                                            7.52800000732746 47.53500000919208 7.527000007326422
                                                            47.535000009192316 7.527000007326696 47.53400000919192
                                                            7.526000007325662 47.534000009192184 7.525000007324626
                                                            47.5340000091924 7.52200000732097 47.53600000919403
                                                            7.520000007318624 47.53700000919496 7.519000007317864
                                                            47.536000009194815 7.517000007316063 47.53500000919487
                                                            7.515000007314532 47.533000009194566 7.514000007313499
                                                            47.5330000091948 7.514000007313772 47.53200000919434
                                                            7.512000007311968 47.53100000919446 7.509000007309128
                                                            47.530000009194815 7.507000007306782 47.531000009195736
                                                            7.506000007305742 47.53100000919599 7.5030000073029015
                                                            47.53000000919633 7.5020000073015956 47.53100000919699
                                                            7.501000007300286 47.532000009197645 7.502000007300776
                                                            47.53400000919823 7.501000007299196 47.536000009199306
                                                            7.501000007298922 47.537000009199716 7.500000007297884
                                                            47.537000009200014 7.499000007296578 47.53800000920066
                                                            7.500000007297339 47.53900000920081 7.500000007296794
                                                            47.541000009201625 7.500000007296521 47.542000009202056
                                                            7.501000007297562 47.54200000920182 7.501000007297288
                                                            47.54300000920221 7.502000007298325 47.54300000920196
                                                            7.5030000072993595 47.5430000092017 7.503000007299091
                                                            47.54400000920211 7.504000007300127 47.54400000920189
                                                            7.504000007299852 47.54500000920232 7.505000007300894
                                                            47.54500000920204 7.5050000073006204 47.54600000920244
                                                            7.506000007301655 47.546000009202224 7.507000007302694
                                                            47.546000009201954 7.507000007302421 47.54700000920239
                                                            7.508000007303457 47.54700000920211 7.509000007304492
                                                            47.54700000920191 7.510000007305531 47.547000009201604
                                                            7.510000007305254 47.54800000920199 7.511000007306565
                                                            47.54700000920136 7.5120000073078765 47.54600000920071
                                                            7.512000007307603 47.547000009201106 7.515000007310712
                                                            47.54700000920033 7.518000007313818 47.54700000919962
                                                            7.520000007315617 47.5480000091995 7.523000007317904
                                                            47.55100000919999 7.526000007320463 47.55300000920002
                                                            7.5280000073219835 47.55500000920034 7.5310000073248125
                                                            47.556000009200005 7.532000007325848 47.55600000919974
                                                            7.534000007327643 47.557000009199655 7.535000007328676
                                                            47.55700000919943 7.53600000732971 47.557000009199136
                                                            7.53800000733178 47.55700000919866 7.539000007332268
                                                            47.55900000919923 7.540000007333025 47.56000000919938
                                                            7.541000007334333 47.55900000919871 7.545000007337642
                                                            47.56200000919896 7.548000007340466 47.56300000919859
                                                            7.5510000073432915 47.56400000919824 7.556000007347905
                                                            47.566000009197765 7.558000007349692 47.56700000919766
                                                            7.559000007350173 47.56900000919822 7.560000007350652
                                                            47.571000009198805 7.557000007347003 47.57300000920036
                                                            7.55800000734776 47.574000009200546 7.563000007352091
                                                            47.5770000092005 7.566000007354911 47.57800000920017
                                                            7.567000007355386 47.580000009200674 7.5700000073587566
                                                            47.57900000919957 7.573000007361848 47.579000009198765
                                                            7.57600000736522 47.57800000919761 7.5770000073662525
                                                            47.57800000919728 7.580000007369068 47.579000009196974
                                                            7.582000007371402 47.57800000919605 7.586000007375528
                                                            47.57800000919503 7.58500000737366 47.58100000919653
                                                            7.5860000073741345 47.58300000919706 7.587000007374329
                                                            47.58600000919807 7.588000007374525 47.589000009198955
                                                            7.589000007375 47.59100000919955 7.590000007375751
                                                            47.592000009199715 7.594000007380146 47.59100000919826
                                                            7.599000007385568 47.59000000919664 7.603000007390238
                                                            47.58800000919474 7.6060000073936065 47.587000009193595
                                                            7.606000007394162 47.58500000919276 7.605000007393693
                                                            47.583000009192176 7.606000007394718 47.583000009191956
                                                            7.606000007394999 47.582000009191574 7.6060000073955605
                                                            47.580000009190734 7.609000007398642 47.580000009189966
                                                            7.610000007399669 47.58000000918966 7.612000007401728
                                                            47.58000000918918 7.614000007403784 47.58000000918867
                                                            7.6160000074058365 47.58000000918817 7.618000007407895
                                                            47.580000009187636 7.6200000074102325 47.579000009186736
                                                            7.622000007412007 47.58000000918661 7.623000007413037
                                                            47.58000000918636 7.625000007414809 47.581000009186255
                                                            7.626000007415841 47.581000009186 7.626000007415559
                                                            47.5820000091864 7.627000007416587 47.58200000918614
                                                            7.6290000074183615 47.58300000918601 7.631000007419854
                                                            47.58500000918632 7.632000007420601 47.58600000918651
                                                            7.634000007422376 47.587000009186404 7.635000007423121
                                                            47.58800000918656 7.636000007423864 47.58900000918667
                                                            7.637000007424614 47.59000000918681 7.641000007428156
                                                            47.59200000918661 7.6440000074309555 47.59300000918626
                                                            7.643000007429363 47.59500000918729 7.643000007429086
                                                            47.5960000091877 7.644000007429826 47.59700000918784
                                                            7.645000007430572 47.59800000918802 7.647000007432345
                                                            47.59900000918788 7.650000007435698 47.598000009186734
                                                            7.65200000743775 47.598000009186194 7.656000007442129
                                                            47.597000009184754 7.663000007449582 47.59600000918256
                                                            7.666000007452935 47.595000009181334 7.6680000074552686
                                                            47.59400000918047 7.671000007458339 47.59400000917966
                                                            7.673000007460385 47.59400000917911 7.676000007463457
                                                            47.59400000917839 7.676000007463177 47.59500000917876
                                                            7.678000007464938 47.59600000917865 7.67900000746568
                                                            47.59700000917881 7.68100000746744 47.59800000917866
                                                            7.6820000074681865 47.59900000917882 7.683000007469206
                                                            47.599000009178575 7.684000007469947 47.60000000917867
                                                            7.686000007471706 47.6010000091786 7.688000007473749
                                                            47.60100000917807 7.689000007474774 47.601000009177845
                                                            7.690000007475799 47.60100000917758 7.693000007478577
                                                            47.60200000917718 7.694000007479317 47.60300000917734
                                                            7.695000007480338 47.60300000917709 7.694000007479886
                                                            47.60100000917652 7.693000007478862 47.60100000917675
                                                            7.691000007477103 47.60000000917686 7.687000007473297
                                                            47.59900000917754 7.686000007472271 47.599000009177814
                                                            7.685000007471536 47.598000009177674 7.684000007470792
                                                            47.59700000917749 7.6830000074700555 47.59600000917737
                                                            7.681000007468575 47.59400000917706 7.678000007465786
                                                            47.59300000917745 7.6760000074643076 47.59100000917713
                                                            7.674000007462538 47.59000000917725 7.6730000074617974
                                                            47.58900000917711 7.673000007462362 47.58700000917629
                                                            7.676000007465716 47.58600000917514 7.678000007467762
                                                            47.58600000917458 7.680000007470092 47.5850000091737
                                                            7.68200000747214 47.58500000917316 7.6820000074727055
                                                            47.58300000917233 7.683000007474294 47.58100000917125
                                                            7.683000007474575 47.58000000917089 7.683000007474855
                                                            47.57900000917045 7.68400000747588 47.579000009170215
                                                            7.685000007476901 47.57900000916992 7.685000007477184
                                                            47.57800000916955 7.685000007477749 47.57600000916873
                                                            7.68700000748008 47.57500000916779 7.688000007481101
                                                            47.57500000916753 7.690000007483432 47.574000009166646
                                                            7.691000007484735 47.57300000916594 7.690000007483993
                                                            47.57200000916578 7.68800000748251 47.57000000916549
                                                            7.688000007482793 47.56900000916513 7.68700000748205
                                                            47.5680000091649 7.685000007479439 47.57000000916626
                                                            7.6840000074784145 47.57000000916653 7.685000007479155
                                                            47.57100000916666 7.685000007478878 47.5720000091671
                                                            7.685000007478593 47.5730000091675 7.682000007475807
                                                            47.57200000916785 7.680000007474037 47.57100000916799
                                                            7.679000007473015 47.57100000916824 7.679000007473297
                                                            47.570000009167835 7.678000007472554 47.569000009167674
                                                            7.677000007471811 47.56800000916753 7.676000007471069
                                                            47.56700000916735 7.678000007473117 47.56700000916688
                                                            7.678000007473397 47.56600000916648 7.677000007472655
                                                            47.565000009166276 7.675000007470606 47.56500000916682
                                                            7.673000007468271 47.56600000916773 7.673000007467992
                                                            47.56700000916815 7.672000007466684 47.56800000916882
                                                            7.671000007465658 47.568000009169076 7.670000007464638
                                                            47.568000009169324 7.66800000746287 47.56700000916945
                                                            7.667000007461839 47.567000009169696 7.665000007459789
                                                            47.56700000917026 7.663000007457741 47.56700000917071
                                                            7.662000007456715 47.567000009171025 7.660000007454947
                                                            47.56600000917109 7.659000007453918 47.56600000917137
                                                            7.658000007453173 47.565000009171186 7.65700000745243
                                                            47.56400000917112 7.6560000074514 47.564000009171345
                                                            7.654000007449348 47.56400000917183 7.65100000744655
                                                            47.5630000091722 7.6490000074447755 47.56200000917231
                                                            7.647000007442721 47.56200000917279 7.647000007442445
                                                            47.56300000917323 7.645000007440391 47.5630000091738
                                                            7.642000007437309 47.56300000917451 7.641000007436004
                                                            47.5640000091752 7.6390000074336655 47.56500000917611
                                                            7.637000007431334 47.56600000917705 7.6350000074301185
                                                            47.56300000917633 7.636000007431141 47.563000009176115
                                                            7.637000007432173 47.5630000091758 7.637000007432452
                                                            47.56200000917543 7.638000007433479 47.56200000917516
                                                            7.639000007434503 47.56200000917488 7.639000007434788
                                                            47.56100000917446 7.64000000743581 47.561000009174215
                                                            7.64100000743712 47.56000000917355 7.642000007438425
                                                            47.559000009172905 7.64300000743945 47.55900000917264
                                                            7.643000007439731 47.558000009172225 7.646000007443652
                                                            47.55500000917018 7.646000007443932 47.5540000091698
                                                            7.6470000074449604 47.55400000916953 7.648000007446264
                                                            47.553000009168855 7.648000007446549 47.55200000916843
                                                            7.649000007447577 47.5520000091682 7.649000007447853
                                                            47.551000009167815 7.650000007448879 47.551000009167524
                                                            7.650000007449159 47.55000000916711 7.651000007450185
                                                            47.55000000916686 7.6520000074514885 47.54900000916619
                                                            7.653000007452518 47.549000009165916 7.654000007453544
                                                            47.549000009165674 7.6600000074599865 47.5480000091637
                                                            7.661000007461012 47.54800000916343 7.661000007461293
                                                            47.54700000916303 7.66200000746232 47.54700000916279
                                                            7.663000007463624 47.5460000091621 7.665000007466794
                                                            47.54200000915994 7.665000007467076 47.54100000915953
                                                            7.666000007468104 47.541000009159276 7.666000007468381
                                                            47.54000000915883 7.667000007469407 47.54000000915861
                                                            7.667000007469687 47.539000009158165 7.668000007470995
                                                            47.53800000915753 7.669000007472023 47.53800000915725
                                                            7.670000007473044 47.53800000915699 7.67000000747333
                                                            47.53700000915657 7.671000007474352 47.537000009156316
                                                            7.6760000074797645 47.53600000915462 7.677000007480788
                                                            47.53600000915434 7.677000007481068 47.53500000915394
                                                            7.678000007482096 47.53500000915366 7.679000007483124
                                                            47.53500000915343 7.6800000074841455 47.53500000915316
                                                            7.681000007485172 47.535000009152874 7.6820000074862
                                                            47.535000009152654 7.683000007487222 47.53500000915239
                                                            7.684000007488246 47.53500000915211 7.68800000749235
                                                            47.535000009151084 7.693000007497756 47.53400000914938
                                                            7.69400000749878 47.5340000091491 7.695000007499806
                                                            47.53400000914886 7.696000007500553 47.535000009148995
                                                            7.697000007501576 47.53500000914873 7.698000007502601
                                                            47.53500000914849 7.699000007503626 47.535000009148256
                                                            7.700000007504366 47.5360000091484 7.701000007505394
                                                            47.536000009148154 7.702000007506415 47.53600000914787
                                                            7.703000007507161 47.53700000914803 7.704000007507903
                                                            47.53800000914819 7.705000007508928 47.538000009147936
                                                            7.7060000075099495 47.53800000914765 7.707000007510694
                                                            47.539000009147834 7.708000007511718 47.53900000914758
                                                            7.715000007518037 47.54200000914698 7.7190000075218475
                                                            47.54300000914634 7.720000007522588 47.5440000091465
                                                            7.721000007523609 47.54400000914625 7.7250000075277
                                                            47.54400000914519 7.726000007528723 47.544000009144916
                                                            7.727000007529743 47.54400000914467 7.728000007530768
                                                            47.54400000914444 7.73000000753253 47.54500000914431
                                                            7.745000007547569 47.54600000914077 7.746000007548589
                                                            47.54600000914052 7.747000007549611 47.54600000914028
                                                            7.748000007550629 47.54600000913998 7.749000007551648
                                                            47.546000009139775 7.750000007552672 47.546000009139505
                                                            7.7510000075536905 47.546000009139235 7.753000007555451
                                                            47.54700000913912 7.754000007556473 47.54700000913884
                                                            7.755000007557489 47.54700000913856 7.755000007557201
                                                            47.54800000913901 7.756000007558227 47.54800000913875
                                                            7.758000007559981 47.549000009138595 7.758000007559694
                                                            47.55000000913905 7.759000007560718 47.55000000913876
                                                            7.760000007561454 47.551000009138946 7.765000007566268
                                                            47.55200000913803 7.766000007567286 47.552000009137764
                                                            7.767000007568306 47.55200000913748 7.7680000075693245
                                                            47.552000009137245 7.7680000075690385 47.553000009137655
                                                            7.769000007570055 47.55300000913738 7.7710000075721
                                                            47.553000009136845 7.772000007573113 47.5530000091366
                                                            7.772000007572831 47.55400000913702 7.773000007573852
                                                            47.55400000913673 7.774000007574867 47.55400000913646
                                                            7.775000007575885 47.554000009136274 7.776000007576905
                                                            47.554000009135976 7.776000007576623 47.555000009136364
                                                            7.777000007577639 47.55500000913614 7.781000007581713
                                                            47.55500000913507 7.782000007582727 47.55500000913478
                                                            7.783000007583751 47.555000009134545 7.784000007584765
                                                            47.55500000913427 7.785000007585787 47.555000009134
                                                            7.787000007587537 47.556000009133875 7.788000007588553
                                                            47.55600000913362 7.788000007588265 47.557000009134015
                                                            7.789000007589285 47.55700000913376 7.7900000075903
                                                            47.557000009133525 7.79100000759132 47.557000009133255
                                                            7.791000007591034 47.55800000913365 7.792000007592052
                                                            47.55800000913338 7.796000007595834 47.559000009132745
                                                            7.797000007596846 47.559000009132504 7.797000007596562
                                                            47.56000000913291 7.798000007597579 47.56000000913262
                                                            7.800000007598752 47.563000009133305 7.8000000075984675
                                                            47.56400000913374 7.801000007599483 47.564000009133444
                                                            7.80200000760021 47.565000009133584 7.802000007599924
                                                            47.566000009134015 7.803000007600944 47.566000009133774
                                                            7.804000007601671 47.567000009133906 7.805000007602688
                                                            47.56700000913363 7.805000007602398 47.56800000913404
                                                            7.806000007603418 47.56800000913382 7.807000007604432
                                                            47.568000009133534 7.8080000076051626 47.56900000913364
                                                            7.810000007607193 47.56900000913313 7.810000007606905
                                                            47.57000000913352 7.811000007607921 47.57000000913324
                                                            7.812000007608939 47.57000000913302 7.812000007608649
                                                            47.571000009133414 7.813000007609664 47.571000009133115
                                                            7.813000007609375 47.57200000913357 7.813000007609088
                                                            47.57300000913395 7.814000007610104 47.573000009133715
                                                            7.8150000076093935 47.579000009135896 7.815000007609104
                                                            47.58000000913628 7.815000007608818 47.58100000913671
                                                            7.81500000760853 47.58200000913705 7.816000007609543
                                                            47.58200000913683 7.8160000076092535 47.58300000913724
                                                            7.816000007608963 47.58400000913762 7.819000007610859
                                                            47.58800000913848 7.820000007611583 47.58900000913861
                                                            7.821000007612595 47.58900000913836 7.821000007612305
                                                            47.590000009138734 7.8220000076133225 47.59000000913851
                                                            7.823000007614335 47.59000000913823 7.824000007615349
                                                            47.59000000913797 7.825000007616365 47.5900000091377
                                                            7.826000007617378 47.59000000913741 7.832000007623746
                                                            47.589000009135454 7.83300000762476 47.589000009135155
                                                            7.83400000762577 47.58900000913489 7.835000007627078
                                                            47.588000009134184 7.836000007628088 47.588000009133964
                                                            7.836000007628377 47.58700000913355 7.837000007629679
                                                            47.58600000913289 7.838000007630693 47.58600000913263
                                                            7.83800000763098 47.585000009132216 7.839000007631991
                                                            47.58500000913193 7.840000007633004 47.585000009131676
                                                            7.8400000076332965 47.584000009131294 7.841000007634306
                                                            47.58400000913104 7.84200000763532 47.58400000913073
                                                            7.843000007636334 47.58400000913048 7.844000007637348
                                                            47.58400000913019 7.845000007638358 47.58400000912995
                                                            7.846000007639372 47.58400000912971 7.847000007640379
                                                            47.58400000912939 7.848000007641396 47.58400000912913
                                                            7.848000007641106 47.585000009129544 7.849000007642118
                                                            47.58500000912928 7.854000007646886 47.58600000912837
                                                            7.855000007647901 47.586000009128085 7.855000007647613
                                                            47.58700000912854 7.85600000764862 47.58700000912823
                                                            7.8570000076496305 47.58700000912796 7.858000007650352
                                                            47.58800000912816 7.859000007651366 47.58800000912785
                                                            7.859000007651076 47.58900000912825 7.860000007652086
                                                            47.589000009127986 7.861000007653098 47.58900000912771
                                                            7.862000007654107 47.58900000912745 7.862000007653819
                                                            47.59000000912785 7.863000007654829 47.59000000912759
                                                            7.86400000765584 47.59000000912731 7.868000007659592
                                                            47.59100000912663 7.869000007660603 47.5910000091264
                                                            7.870000007661615 47.59100000912615 7.871000007662625
                                                            47.59100000912587 7.874000007665654 47.591000009125075
                                                            7.875000007666665 47.591000009124805 7.876000007667965
                                                            47.59000000912414 7.877000007668978 47.59000000912389
                                                            7.878000007669987 47.59000000912359 7.883000007674745
                                                            47.591000009122645 7.884000007675752 47.591000009122425
                                                            7.885000007676761 47.591000009122084 7.886000007677771
                                                            47.591000009121856 7.88700000767878 47.59100000912159
                                                            7.888000007679787 47.5910000091213 7.889000007681092
                                                            47.590000009120644 7.891000007683109 47.590000009120125
                                                            7.892000007684119 47.590000009119855 7.8930000076851226
                                                            47.59000000911957 7.8930000076854165 47.58900000911918
                                                            7.89400000768643 47.58900000911893 7.8950000076874405
                                                            47.589000009118585 7.899000007692347 47.58600000911637
                                                            7.901000007694658 47.58500000911541 7.902000007695665
                                                            47.58500000911514 7.902000007695954 47.58400000911477
                                                            7.9030000076969635 47.58400000911448 7.903000007697256
                                                            47.583000009114066 7.904000007698266 47.583000009113825
                                                            7.905000007699563 47.58200000911314 7.906000007700865
                                                            47.58100000911248 7.907000007702166 47.580000009111814
                                                            7.908000007703466 47.57900000911112 7.908000007703756
                                                            47.57800000911073 7.909000007705063 47.57700000911007
                                                            7.909000007705351 47.57600000910965 7.9100000077063575
                                                            47.576000009109386 7.910000007706651 47.57500000910895
                                                            7.911000007707659 47.575000009108706 7.911000007707953
                                                            47.57400000910832 7.91200000770925 47.573000009107595
                                                            7.912000007709544 47.57200000910721 7.9130000077108456
                                                            47.571000009106555 7.913000007711135 47.57000000910615
                                                            7.913000007711427 47.569000009105736 7.912000007710419
                                                            47.56900000910596 7.91200000771071 47.568000009105575
                                                            7.912000007711002 47.56700000910518 7.911000007709997
                                                            47.56700000910542 7.90900000770856 47.56500000910517
                                                            7.909000007708851 47.56400000910479 7.908000007708133
                                                            47.563000009104606 7.908000007708424 47.56200000910423
                                                            7.908000007708711 47.561000009103765 7.909000007710306
                                                            47.559000009102704 7.909000007710596 47.55800000910231
                                                            7.910000007711895 47.55700000910164 7.9100000077121875
                                                            47.5560000091012 7.911000007713489 47.55500000910058
                                                            7.9110000077137785 47.55400000910014 7.912000007714789
                                                            47.554000009099894 7.912000007715078 47.55300000909949
                                                            7.913000007716088 47.553000009099215 7.913000007716382
                                                            47.5520000090988 7.9140000077173855 47.55200000909853
                                                            7.9150000077186915 47.551000009097876 7.916000007719699
                                                            47.551000009097564 7.917000007720997 47.55000000909691
                                                            7.918000007722006 47.550000009096614 7.9190000077230165
                                                            47.55000000909638 7.919000007723306 47.54900000909595
                                                            7.920000007724316 47.54900000909569 7.921000007725325
                                                            47.549000009095444 7.92500000772936 47.54900000909438
                                                            7.926000007730366 47.54900000909407 7.927000007731374
                                                            47.5490000090938 7.928000007732384 47.54900000909354
                                                            7.92900000773339 47.549000009093284 7.930000007734401
                                                            47.54900000909302 7.93100000773541 47.54900000909273
                                                            7.932000007736417 47.54900000909248 7.933000007737423
                                                            47.54900000909221 7.934000007738431 47.549000009091934
                                                            7.935000007739439 47.54900000909165 7.936000007740739
                                                            47.54800000909101 7.937000007741744 47.548000009090714
                                                            7.938000007742753 47.54800000909045 7.939000007743763
                                                            47.548000009090174 7.94100000774607 47.5470000090892
                                                            7.942000007747368 47.546000009088544 7.943000007748374
                                                            47.546000009088324 7.944000007749383 47.54600000908801
                                                            7.94500000775039 47.546000009087706 7.946000007751395
                                                            47.54600000908748 7.947000007752403 47.54600000908719
                                                            7.948000007753411 47.54600000908694 7.949000007754125
                                                            47.54700000908704 7.950000007754841 47.54800000908723
                                                            7.951000007755556 47.549000009087365 7.951000007755262
                                                            47.550000009087746 7.9520000077562685 47.55000000908753
                                                            7.952000007755978 47.5510000090879 7.952000007755682
                                                            47.55200000908831 7.953000007755519 47.556000009089665
                                                            7.954000007756235 47.55700000908985 7.955000007756944
                                                            47.55800000908993 7.956000007757952 47.55800000908967
                                                            7.956000007757658 47.55900000909008 7.957000007758664
                                                            47.55900000908983 7.9580000077596695 47.55900000908955
                                                            7.959000007760382 47.560000009089684 7.960000007761386
                                                            47.560000009089435 7.961000007762396 47.560000009089194
                                                            7.9620000077633994 47.560000009088874 7.963000007764403
                                                            47.56000000908859 7.964000007765408 47.56000000908836
                                                            7.966000007767714 47.55900000908743 7.9670000077687195
                                                            47.55900000908713 7.968000007769725 47.55900000908687
                                                            7.969000007771025 47.55800000908618 7.970000007772028
                                                            47.55800000908592 7.971000007773035 47.55800000908563
                                                            7.972000007774039 47.55800000908538 7.973000007775042
                                                            47.558000009085085 7.97400000777605 47.558000009084836
                                                            7.975000007777347 47.55700000908418 7.976000007778348
                                                            47.557000009083836 7.977000007779355 47.55700000908362
                                                            7.9780000077803574 47.55700000908335 7.979000007781365
                                                            47.55700000908306 7.980000007782367 47.55700000908279
                                                            7.982000007784377 47.557000009082245 7.983000007785379
                                                            47.55700000908194 7.984000007786387 47.557000009081726
                                                            7.985000007787391 47.557000009081456 7.986000007788393
                                                            47.55700000908118 7.987000007789395 47.55700000908087
                                                            7.988000007790107 47.55800000908108 7.989000007791114
                                                            47.558000009080764 7.990000007792115 47.55800000908053
                                                            7.991000007793116 47.55800000908023 7.992000007794118
                                                            47.55800000907994 7.996000007798134 47.55800000907888
                                                            7.997000007799134 47.55800000907863 7.997000007798841
                                                            47.559000009079064 7.9980000077998445 47.559000009078716
                                                            7.999000007800846 47.559000009078474 8.000000007802146
                                                            47.558000009077766 8.001000007803146 47.558000009077524
                                                            8.002000007804147 47.55800000907725 8.003000007805152
                                                            47.558000009076956 8.006000007808458 47.5570000090758
                                                            8.007000007809456 47.55700000907549 8.008000007810463
                                                            47.55700000907524 8.009000007811466 47.55700000907493
                                                            8.009000007811759 47.556000009074516 8.010000007812762
                                                            47.55600000907429 8.011000007813761 47.55600000907399
                                                            8.01100000781406 47.55500000907362 8.012000007815061
                                                            47.55500000907333 8.013000007816062 47.555000009073034
                                                            8.013000007816355 47.554000009072645 8.014000007817364
                                                            47.55400000907237 8.015000007818363 47.5540000090721
                                                            8.01500000781866 47.55300000907166 8.016000007819661
                                                            47.553000009071425 8.017000007820661 47.55300000907111
                                                            8.018000007821664 47.553000009070836 8.019000007822667
                                                            47.55300000907058 8.022000007825962 47.55200000906934
                                                            8.023000007826967 47.5520000090691 8.024000007827965
                                                            47.552000009068806 8.024000007827672 47.553000009069216
                                                            8.025000007828677 47.55300000906895 8.027000007830676
                                                            47.55300000906843 8.02700000783038 47.554000009068844
                                                            8.028000007831382 47.554000009068545 8.02900000783238
                                                            47.55400000906828 8.034000007837388 47.55400000906692
                                                            8.03500000783809 47.555000009067015 8.036000007839089
                                                            47.55500000906676 8.04000000784309 47.55500000906571
                                                            8.041000007844096 47.55500000906545 8.041000007843795
                                                            47.55600000906583 8.042000007844795 47.55600000906554
                                                            8.043000007845794 47.55600000906526 8.047000007849498
                                                            47.557000009064595 8.048000007850202 47.5580000090647
                                                            8.049000007851198 47.55800000906445 8.050000007851905
                                                            47.55900000906456 8.051000007852902 47.55900000906432
                                                            8.0510000078526 47.56000000906473 8.052000007853602
                                                            47.56000000906444 8.053000007854605 47.5600000090642
                                                            8.053000007854306 47.56100000906461 8.054000007855302
                                                            47.561000009064315 8.055000007856007 47.562000009064434
                                                            8.056000007857001 47.56200000906417 8.057000007858003
                                                            47.56200000906393 8.057000007857706 47.56300000906428
                                                            8.058000007858704 47.56300000906402 8.0590000078597
                                                            47.56300000906373 8.059000007859401 47.56400000906416
                                                            8.060000007860106 47.56500000906426 8.06000000785981
                                                            47.5660000090647 8.061000007860805 47.56600000906442
                                                            8.062000007861803 47.566000009064155 8.063000007863103
                                                            47.56500000906349 8.064000007864099 47.565000009063205
                                                            8.065000007865093 47.56500000906295 8.066000007865798
                                                            47.566000009063046 8.067000007866792 47.566000009062776
                                                            8.068000007867791 47.56600000906251 8.069000007868787
                                                            47.56600000906226 8.070000007869785 47.566000009061966
                                                            8.071000007870783 47.566000009061675 8.072000007871777
                                                            47.56600000906139 8.073000007873077 47.56500000906071
                                                            8.074000007874071 47.565000009060455 8.07500000787537
                                                            47.564000009059775 8.076000007876367 47.56400000905953
                                                            8.077000007877663 47.563000009058825 8.080000007881253
                                                            47.561000009057196 8.081000007882247 47.5610000090569
                                                            8.081000007882546 47.56000000905653 8.082000007883547
                                                            47.56000000905623 8.083000007884543 47.56000000905596
                                                            8.084000007885535 47.560000009055685 8.085000007886537
                                                            47.56000000905548 8.086000007887533 47.56000000905517
                                                            8.088000007889821 47.55900000905421 8.08900000789052
                                                            47.560000009054306 8.09000000789152 47.56000000905405
                                                            8.091000007892509 47.56000000905376 8.092000007893507
                                                            47.56000000905348 8.093000007894506 47.560000009053205
                                                            8.093000007894204 47.56100000905356 8.094000007895202
                                                            47.561000009053345 8.097000007897892 47.562000009052916
                                                            8.098000007898586 47.56300000905305 8.099000007899582
                                                            47.56300000905277 8.099000007899283 47.56400000905319
                                                            8.100000007900281 47.56400000905291 8.100000007899977
                                                            47.56500000905331 8.101000007900977 47.565000009053044
                                                            8.101000007900677 47.56600000905344 8.102000007901669
                                                            47.56600000905317 8.102000007901369 47.56700000905357
                                                            8.10200000790107 47.568000009053975 8.103000007901768
                                                            47.569000009054115 8.103000007901466 47.57000000905453
                                                            8.103000007901166 47.571000009054934 8.103000007900865
                                                            47.5720000090553 8.104000007900659 47.57600000905668
                                                            8.104000007900359 47.57700000905705 8.10400000790006
                                                            47.57800000905743 8.10400000789976 47.57900000905788
                                                            8.105000007900756 47.57900000905762 8.105000007900452
                                                            47.580000009058004 8.106000007901446 47.58000000905771
                                                            8.106000007901146 47.581000009058116 8.107000007902139
                                                            47.58100000905785 8.107000007901839 47.58200000905825
                                                            8.108000007902833 47.58200000905794 8.108000007902534
                                                            47.583000009058374 8.10900000790353 47.583000009058104
                                                            8.110000007904217 47.584000009058215 8.111000007905215
                                                            47.58400000905793 8.111000007904913 47.585000009058376
                                                            8.112000007905907 47.58500000905809 8.1130000079069
                                                            47.58500000905783 8.114000007907594 47.58600000905787
                                                            8.115000007908586 47.58600000905765 8.116000007909578
                                                            47.58600000905738 8.117000007910574 47.586000009057116
                                                            8.118000007911567 47.586000009056825 8.119000007912557
                                                            47.58600000905654 8.120000007913553 47.586000009056285
                                                            8.121000007914548 47.58600000905601 8.122000007915537
                                                            47.58600000905572 8.123000007916529 47.586000009055475
                                                            8.124000007917829 47.585000009054774 8.125000007918818
                                                            47.5850000090545 8.12600000791981 47.58500000905419
                                                            8.127000007920804 47.58500000905394 8.128000007921797
                                                            47.58500000905367 8.129000007922787 47.58500000905339
                                                            8.130000007923783 47.58500000905311 8.131000007924774
                                                            47.58500000905285 8.13200000792577 47.58500000905257
                                                            8.13300000792676 47.58500000905229 8.134000007927751
                                                            47.58500000905201 8.135000007928742 47.58500000905174
                                                            8.136000007929734 47.58500000905146 8.136000007929432
                                                            47.58600000905186 8.137000007930427 47.58600000905157
                                                            8.138000007931419 47.58600000905133 8.138000007931113
                                                            47.58700000905169 8.139000007932106 47.587000009051444
                                                            8.139000007931802 47.58800000905182 8.139000007931498
                                                            47.58900000905224 8.139000007931198 47.59000000905262
                                                            8.139000007930896 47.59100000905303 8.139000007930594
                                                            47.592000009053415 8.140000007931587 47.592000009053116
                                                            8.140000007931285 47.59300000905357 8.144000007934943
                                                            47.59400000905284 8.144000007934642 47.59500000905325
                                                            8.145000007935629 47.595000009052974 8.14700000793701
                                                            47.59700000905324 8.148000007937997 47.59700000905294
                                                            8.149000007938989 47.597000009052664 8.149000007938685
                                                            47.59800000905307 8.150000007939674 47.59800000905278
                                                            8.151000007940668 47.598000009052534 8.152000007941657
                                                            47.59800000905222 8.153000007942648 47.598000009051944
                                                            8.154000007943637 47.59800000905167 8.155000007944626
                                                            47.5980000090514 8.15500000794493 47.597000009050994
                                                            8.156000007945924 47.5970000090507 8.157000007946912
                                                            47.59700000905046 8.158000007948209 47.59600000904973
                                                            8.159000007949198 47.59600000904949 8.160000007950183
                                                            47.596000009049185 8.161000007951175 47.59600000904893
                                                            8.162000007952166 47.5960000090486 8.163000007953155
                                                            47.596000009048375 8.164000007954144 47.596000009048055
                                                            8.165000007955134 47.59600000904781 8.166000007956125
                                                            47.5960000090475 8.167000007957114 47.596000009047245
                                                            8.167000007956807 47.59700000904767 8.168000007957794
                                                            47.59700000904737 8.169000007958479 47.598000009047524
                                                            8.169000007958177 47.59900000904794 8.170000007959166
                                                            47.59900000904761 8.171000007960155 47.599000009047366
                                                            8.171000007959853 47.60000000904774 8.17200000796084
                                                            47.60000000904747 8.173000007961221 47.60200000904799
                                                            8.174000007962206 47.60200000904773 8.174000007961904
                                                            47.60300000904813 8.176000007963575 47.60400000904795
                                                            8.177000007964562 47.604000009047674 8.178000007965245
                                                            47.605000009047764 8.179000007966236 47.6050000090475
                                                            8.183000007969882 47.6060000090468 8.184000007970864
                                                            47.606000009046525 8.185000007971547 47.60700000904662
                                                            8.186000007972542 47.60700000904635 8.186000007972233
                                                            47.60800000904677 8.18700000797322 47.60800000904646
                                                            8.188000007973903 47.6090000090466 8.189000007974585
                                                            47.61000000904674 8.189000007974279 47.611000009047125
                                                            8.190000007975266 47.61100000904687 8.19000000797496
                                                            47.612000009047236 8.19100000797564 47.613000009047326
                                                            8.191000007975337 47.61400000904775 8.19200000797632
                                                            47.61400000904745 8.193000007976389 47.617000009048404
                                                            8.194000007977376 47.617000009048105 8.194000007977072
                                                            47.61800000904847 8.195000007978056 47.6180000090482
                                                            8.19500000797775 47.61900000904862 8.1980000079804
                                                            47.620000009048184 8.198000007980092 47.62100000904864
                                                            8.199000007981082 47.621000009048274 8.200000007982064
                                                            47.62100000904801 8.200000007981757 47.62200000904842
                                                            8.201000007982746 47.62200000904813 8.20200000798373
                                                            47.62200000904784 8.203000007984713 47.62200000904755
                                                            8.203000007984407 47.623000009047985 8.204000007985394
                                                            47.62300000904767 8.205000007986378 47.62300000904744
                                                            8.206000007987365 47.62300000904713 8.207000007988356
                                                            47.623000009046834 8.208000007989334 47.623000009046564
                                                            8.209000007990323 47.623000009046265 8.21000000799131
                                                            47.623000009045995 8.21100000799229 47.623000009045725
                                                            8.212000007993275 47.623000009045434 8.213000007994257
                                                            47.62300000904517 8.213000007994568 47.62200000904476
                                                            8.214000007995555 47.6220000090445 8.215000007996538
                                                            47.622000009044235 8.216000007997524 47.62200000904392
                                                            8.217000007998815 47.62100000904328 8.2180000079998
                                                            47.621000009042966 8.219000008000782 47.62100000904272
                                                            8.219000008001089 47.62000000904232 8.220000008002074
                                                            47.620000009042016 8.221000008003061 47.62000000904174
                                                            8.221000008003369 47.61900000904132 8.22200000800435
                                                            47.619000009041045 8.222000008004661 47.618000009040685
                                                            8.223000008005949 47.61700000903998 8.223000008006258
                                                            47.61600000903955 8.224000008007552 47.615000009038916
                                                            8.224000008007858 47.614000009038506 8.224000008008165
                                                            47.613000009038096 8.224000008008474 47.61200000903775
                                                            8.225000008010072 47.61000000903662 8.22500000801038
                                                            47.60900000903625 8.226000008011674 47.608000009035585
                                                            8.227000008012963 47.60700000903489 8.228000008013948
                                                            47.60700000903459 8.229000008014932 47.60700000903434
                                                            8.230000008015914 47.60700000903404 8.23000000801561
                                                            47.60800000903446 8.231000008016592 47.60800000903417
                                                            8.232000008017575 47.60800000903389 8.232000008017266
                                                            47.60900000903435 8.235000008019604 47.61100000903424
                                                            8.236000008020282 47.612000009034354 8.23700000802096
                                                            47.6130000090345 8.238000008021631 47.614000009034605
                                                            8.239000008022309 47.6150000090347 8.240000008023292
                                                            47.61500000903442 8.241000008024276 47.61500000903418
                                                            8.245000008028514 47.61400000903265 8.2460000080295
                                                            47.61400000903237 8.24600000802919 47.615000009032755
                                                            8.24700000803017 47.61500000903247 8.248000008031152
                                                            47.615000009032194 8.249000008032134 47.615000009031874
                                                            8.250000008033117 47.61500000903164 8.2510000080341
                                                            47.615000009031306 8.251000008033794 47.616000009031765
                                                            8.252000008034772 47.61600000903145 8.253000008035757
                                                            47.616000009031175 8.25400000803643 47.61700000903129
                                                            8.255000008037413 47.61700000903098 8.256000008038395
                                                            47.61700000903072 8.257000008039375 47.617000009030434
                                                            8.258000008040357 47.61700000903014 8.25900000804134
                                                            47.61700000902984 8.260000008042322 47.61700000902959
                                                            8.2610000080433 47.617000009029326 8.262000008044287
                                                            47.61700000902902 8.262000008044597 47.616000009028625
                                                            8.264000008047484 47.6130000090269 8.264000008047795
                                                            47.61200000902651 8.265000008048778 47.612000009026225
                                                            8.265000008049086 47.6110000090258 8.266000008050067
                                                            47.61100000902551 8.267000008051049 47.611000009025254
                                                            8.268000008052029 47.61100000902496 8.269000008053013
                                                            47.61100000902465 8.27000000805368 47.61200000902481
                                                            8.271000008054662 47.61200000902451 8.272000008055645
                                                            47.61200000902423 8.273000008056314 47.61300000902435
                                                            8.274000008057294 47.61300000902407 8.275000008058278
                                                            47.61300000902378 8.276000008059262 47.61300000902351
                                                            8.27700000806024 47.61300000902324 8.278000008060912
                                                            47.614000009023364 8.279000008061892 47.61400000902308
                                                            8.280000008062872 47.61400000902277 8.281000008063852
                                                            47.61400000902249 8.282000008064834 47.61400000902222
                                                            8.284000008067105 47.61300000902126 8.285000008068085
                                                            47.613000009020986 8.286000008069063 47.61300000902066
                                                            8.28700000807004 47.61300000902043 8.288000008071016
                                                            47.613000009020084 8.289000008072314 47.61200000901945
                                                            8.290000008073289 47.61200000901915 8.29100000807427
                                                            47.61200000901887 8.293000008076541 47.61100000901789
                                                            8.294000008077521 47.611000009017594 8.29500000807881
                                                            47.61000000901693 8.296000008079789 47.61000000901663
                                                            8.296000008080098 47.60900000901627 8.298000008082056
                                                            47.60900000901572 8.298000008082369 47.60800000901529
                                                            8.299000008083345 47.608000009015 8.299000008083658
                                                            47.607000009014605 8.29900000808397 47.606000009014245
                                                            8.29700000808418 47.59900000901203 8.297000008084492
                                                            47.59800000901161 8.29600000808351 47.59800000901192
                                                            8.296000008083823 47.59700000901149 8.296000008084132
                                                            47.596000009011085 8.297000008085423 47.59500000901043
                                                            8.297000008085728 47.59400000901005 8.297000008086039
                                                            47.593000009009664 8.298000008087325 47.59200000900893
                                                            8.299000008088619 47.591000009008276 8.300000008089908
                                                            47.590000009007596 8.301000008090886 47.590000009007255
                                                            8.3010000080912 47.58900000900692 8.302000008092177
                                                            47.5890000090066 8.303000008093468 47.588000009005974
                                                            8.30400000809445 47.58800000900569 8.305000008095428
                                                            47.58800000900536 8.305000008095739 47.58700000900498
                                                            8.306000008096715 47.5870000090047 8.309000008099654
                                                            47.587000009003845 8.309000008099963 47.58600000900345
                                                            8.310000008100944 47.586000009003165 8.311000008101923
                                                            47.586000009002895 8.3120000081029 47.58600000900259
                                                            8.31200000810321 47.58500000900221 8.313000008104192
                                                            47.5850000090019 8.314000008105484 47.58400000900124
                                                            8.31500000810677 47.58300000900053 8.316000008108059
                                                            47.582000008999835 8.318000008110328 47.58100000899889
                                                            8.320000008112904 47.57900000899753 8.320000008113213
                                                            47.57800000899712 8.321000008114195 47.57800000899685
                                                            8.321000008114503 47.57700000899644 8.322000008115483
                                                            47.57700000899615 8.322000008115793 47.57600000899575
                                                            8.323000008116772 47.576000008995486 8.32400000811775
                                                            47.576000008995194 8.32400000811806 47.57500000899479
                                                            8.325000008119039 47.57500000899454 8.326000008120017
                                                            47.57500000899421 8.326000008120332 47.574000008993835
                                                            8.329000008123575 47.57300000899259 8.33000000812455
                                                            47.57300000899227 8.331000008125532 47.57300000899199
                                                            8.332000008126512 47.57300000899172 8.333000008127486
                                                            47.57300000899143 8.334000008128466 47.57300000899117
                                                            8.335000008129754 47.572000008990464 8.336000008130732
                                                            47.5720000089902 8.33700000813171 47.57200000898991
                                                            8.33800000813269 47.572000008989654 8.340000008134643
                                                            47.57200000898907 8.341000008135623 47.572000008988745
                                                            8.342000008136601 47.5720000089885 8.347000008141173
                                                            47.57300000898747 8.348000008142156 47.573000008987165
                                                            8.349000008143129 47.573000008986895 8.350000008144107
                                                            47.57300000898662 8.351000008145085 47.57300000898635
                                                            8.352000008146064 47.573000008986035 8.353000008147037
                                                            47.573000008985765 8.354000008148324 47.57200000898509
                                                            8.355000008149302 47.572000008984766 8.356000008150277
                                                            47.57200000898451 8.358000008152231 47.57200000898394
                                                            8.359000008153208 47.572000008983615 8.360000008154186
                                                            47.57200000898336 8.361000008155164 47.57200000898307
                                                            8.362000008156134 47.57200000898278 8.363000008157423
                                                            47.571000008982125 8.364000008158401 47.57100000898182
                                                            8.36500000815938 47.571000008981535 8.366000008160352
                                                            47.57100000898122 8.367000008161332 47.57100000898095
                                                            8.372000008166518 47.570000008979136 8.373000008167494
                                                            47.57000000897884 8.374000008168471 47.57000000897855
                                                            8.375000008169444 47.5700000089783 8.376000008170417
                                                            47.57000000897801 8.37700000817171 47.56900000897732
                                                            8.378000008172684 47.56900000897703 8.379000008173655
                                                            47.56900000897672 8.380000008174635 47.56900000897648
                                                            8.383000008177872 47.56800000897518 8.384000008178845
                                                            47.568000008974906 8.385000008179817 47.56800000897461
                                                            8.386000008180792 47.56800000897433 8.386000008180478
                                                            47.56900000897474 8.387000008181456 47.56900000897444
                                                            8.387000008181147 47.57000000897488 8.389000008182151
                                                            47.57300000897549 8.389000008181839 47.57400000897588
                                                            8.390000008182817 47.57400000897562 8.390000008182502
                                                            47.575000008976005 8.391000008183473 47.57500000897575
                                                            8.391000008183164 47.57600000897614 8.392000008184135
                                                            47.576000008975846 8.3930000081848 47.577000008975936
                                                            8.395000008186432 47.57800000897577 8.396000008187405
                                                            47.5780000089755 8.396000008187094 47.57900000897587
                                                            8.397000008188067 47.57900000897558 8.398000008189037
                                                            47.57900000897532 8.399000008190008 47.57900000897503
                                                            8.400000008190982 47.579000008974745 8.401000008191955
                                                            47.57900000897444 8.405000008196161 47.57800000897292
                                                            8.40600000819745 47.57700000897222 8.407000008198422
                                                            47.57700000897192 8.408000008199393 47.57700000897165
                                                            8.409000008200683 47.57600000897098 8.410000008201653
                                                            47.576000008970674 8.413000008205199 47.57400000896899
                                                            8.41400000820617 47.57400000896872 8.415000008207453
                                                            47.57300000896806 8.416000008208428 47.57300000896774
                                                            8.417000008209394 47.57300000896748 8.418000008210687
                                                            47.57200000896681 8.419000008211658 47.57200000896649
                                                            8.420000008212627 47.57200000896622 8.421000008213603
                                                            47.57200000896596 8.422000008214887 47.571000008965235
                                                            8.423000008215856 47.57100000896495 8.424000008216833
                                                            47.57100000896464 8.425000008218113 47.570000008963966
                                                            8.426000008219088 47.57000000896369 8.427000008220062
                                                            47.57000000896338 8.428000008221344 47.56900000896269
                                                            8.429000008222314 47.56900000896241 8.43000000822329
                                                            47.56900000896212 8.431000008224258 47.56900000896185
                                                            8.432000008225227 47.56900000896155 8.4330000082262
                                                            47.56900000896126 8.434000008227171 47.56900000896097
                                                            8.43500000822814 47.56900000896072 8.438000008231056
                                                            47.56900000895984 8.439000008232025 47.56900000895953
                                                            8.440000008232996 47.56900000895923 8.441000008233651
                                                            47.570000008959354 8.447000008238838 47.572000008958426
                                                            8.448000008239813 47.572000008958156 8.449000008240784
                                                            47.57200000895787 8.450000008241437 47.573000008958
                                                            8.451000008242406 47.57300000895769 8.452000008243377
                                                            47.5730000089574 8.453000008244342 47.57300000895712
                                                            8.454000008245313 47.57300000895682 8.454000008244998
                                                            47.57400000895725 8.455000008245968 47.574000008956965
                                                            8.457000008247903 47.574000008956354 8.45800000824887
                                                            47.57400000895606 8.462000008252751 47.57400000895492
                                                            8.463000008253717 47.57400000895462 8.464000008254688
                                                            47.57400000895432 8.465000008255654 47.57400000895403
                                                            8.46600000825662 47.574000008953774 8.467000008257278
                                                            47.575000008953886 8.468000008258242 47.57500000895362
                                                            8.46900000825921 47.57500000895331 8.470000008259861
                                                            47.57600000895338 8.47100000826083 47.576000008953116
                                                            8.47200000826148 47.577000008953235 8.473000008262453
                                                            47.57700000895294 8.4740000082631 47.57800000895304
                                                            8.475000008263752 47.57900000895318 8.47600000826472
                                                            47.57900000895284 8.477000008265687 47.579000008952605
                                                            8.47700000826537 47.58000000895295 8.478000008266335
                                                            47.580000008952666 8.479000008267302 47.580000008952375
                                                            8.480000008268268 47.580000008952105 8.48100000826924
                                                            47.580000008951814 8.484000008272453 47.57900000895054
                                                            8.485000008273422 47.57900000895025 8.486000008274386
                                                            47.579000008949976 8.487000008275356 47.579000008949684
                                                            8.48800000827632 47.57900000894938 8.488000008276005
                                                            47.58000000894979 8.492000008279234 47.58200000894941
                                                            8.493000008280198 47.582000008949144 8.494000008280848
                                                            47.583000008949234 8.495000008281812 47.583000008948964
                                                            8.49600000828278 47.583000008948694 8.495000008281494
                                                            47.58400000894934 8.494000008279897 47.586000008950435
                                                            8.49300000827861 47.587000008951144 8.492000008277646
                                                            47.58700000895143 8.49200000827733 47.58800000895183
                                                            8.491000008276359 47.58800000895209 8.490000008274757
                                                            47.59000000895321 8.488000008273147 47.58900000895339
                                                            8.48400000826928 47.589000008954514 8.483000008268633
                                                            47.58800000895443 8.482000008267981 47.58700000895432
                                                            8.481000008267017 47.58700000895461 8.479000008265086
                                                            47.58700000895521 8.478000008264116 47.587000008955464
                                                            8.47700000826315 47.58700000895577 8.475000008261532
                                                            47.58600000895597 8.474000008260566 47.586000008956226
                                                            8.4730000082596 47.58600000895654 8.473000008259282
                                                            47.587000008956934 8.47100000825735 47.58700000895753
                                                            8.471000008257665 47.58600000895709 8.470000008256697
                                                            47.58600000895736 8.46900000825573 47.586000008957726
                                                            8.468000008254766 47.58600000895799 8.467000008253477
                                                            47.587000008958654 8.467000008252842 47.58900000895947
                                                            8.466000008251557 47.59000000896017 8.464000008249622
                                                            47.590000008960736 8.462000008247687 47.5900000089613
                                                            8.461000008246087 47.59200000896238 8.462000008247053
                                                            47.59200000896209 8.462000008246736 47.593000008962484
                                                            8.462000008246417 47.594000008962844 8.462000008246102
                                                            47.59500000896324 8.46100000824482 47.59600000896394
                                                            8.461000008244499 47.59700000896435 8.460000008243219
                                                            47.598000008965045 8.45900000824193 47.59900000896574
                                                            8.45800000824096 47.599000008966065 8.458000008240647
                                                            47.6000000089664 8.458000008240328 47.6010000089668
                                                            8.458000008240015 47.60200000896719 8.458000008239694
                                                            47.60300000896761 8.458000008239376 47.604000008968
                                                            8.459000008240345 47.604000008967716 8.460000008241314
                                                            47.60400000896742 8.46100000824228 47.604000008967105
                                                            8.462000008243248 47.60400000896682 8.465000008246152
                                                            47.604000008965976 8.467000008247766 47.60500000896578
                                                            8.468000008248731 47.605000008965504 8.469000008249699
                                                            47.60500000896522 8.470000008250349 47.606000008965296
                                                            8.469000008249377 47.60600000896561 8.469000008249065
                                                            47.60700000896601 8.47000000825003 47.60700000896568
                                                            8.471000008250998 47.60700000896541 8.47200000825164
                                                            47.608000008965504 8.472000008251324 47.609000008965936
                                                            8.472000008251007 47.61000000896632 8.47100000825004
                                                            47.61000000896661 8.471000008249726 47.61100000896701
                                                            8.472000008250687 47.61100000896671 8.47300000825166
                                                            47.611000008966435 8.47400000825294 47.610000008965706
                                                            8.475000008253904 47.61000000896544 8.476000008254871
                                                            47.610000008965166 8.477000008255843 47.61000000896487
                                                            8.477000008255521 47.61100000896525 8.478000008256485
                                                            47.611000008964965 8.478000008256167 47.612000008965374
                                                            8.479000008256815 47.613000008965464 8.479000008256495
                                                            47.614000008965874 8.480000008257461 47.614000008965576
                                                            8.480000008257143 47.61500000896599 8.47900000825586
                                                            47.61600000896664 8.480000008256829 47.61600000896636
                                                            8.480000008256505 47.617000008966734 8.48100000825747
                                                            47.61700000896645 8.482000008258437 47.61700000896614
                                                            8.48300000825972 47.616000008965464 8.484000008260685
                                                            47.61600000896524 8.485000008261654 47.61600000896491
                                                            8.486000008262298 47.617000008965 8.487000008263262
                                                            47.6170000089647 8.488000008264546 47.61600000896402
                                                            8.490000008266156 47.61700000896384 8.49100000826712
                                                            47.617000008963586 8.493000008269048 47.617000008962975
                                                            8.494000008270337 47.61600000896229 8.49600000827194
                                                            47.617000008962094 8.50000000827548 47.618000008961346
                                                            8.502000008277406 47.61800000896074 8.50300000827805
                                                            47.61900000896087 8.504000008279016 47.61900000896056
                                                            8.507000008281903 47.61900000895969 8.509000008283506
                                                            47.6200000089595 8.508000008282544 47.620000008959806
                                                            8.510000008284152 47.621000008959605 8.509000008283193
                                                            47.621000008959925 8.509000008282868 47.62200000896031
                                                            8.509000008282227 47.62400000896107 8.509000008281589
                                                            47.62600000896188 8.510000008282548 47.62600000896158
                                                            8.512000008284797 47.625000008960605 8.514000008286724
                                                            47.62500000896004 8.515000008287684 47.62500000895977
                                                            8.515000008287364 47.62600000896012 8.516000008288323
                                                            47.626000008959835 8.516000008288005 47.627000008960195
                                                            8.515000008287041 47.6270000089605 8.514000008286079
                                                            47.62700000896082 8.514000008285757 47.62800000896116
                                                            8.515000008286398 47.62900000896127 8.515000008286721
                                                            47.628000008960875 8.516000008287362 47.62900000896099
                                                            8.516000008287044 47.630000008961396 8.517000008288003
                                                            47.630000008961154 8.517000008287678 47.63100000896148
                                                            8.516000008286717 47.631000008961784 8.516000008286397
                                                            47.632000008962144 8.516000008286076 47.63300000896256
                                                            8.517000008287036 47.633000008962284 8.517000008286718
                                                            47.63400000896268 8.51800000828768 47.634000008962374
                                                            8.517000008286393 47.63500000896307 8.517000008286074
                                                            47.63600000896343 8.51800000828704 47.636000008963144
                                                            8.519000008287998 47.63600000896285 8.520000008288958
                                                            47.63600000896258 8.52100000828992 47.636000008962284
                                                            8.522000008290881 47.636000008961965 8.523000008291843
                                                            47.63600000896171 8.523000008292163 47.63500000896128
                                                            8.52500000829409 47.63500000896073 8.526000008295371
                                                            47.63400000896005 8.527000008296328 47.634000008959745
                                                            8.528000008297294 47.634000008959454 8.529000008298251
                                                            47.63400000895915 8.530000008299213 47.63400000895887
                                                            8.531000008300177 47.63400000895862 8.532000008301136
                                                            47.63400000895834 8.533000008302096 47.634000008958
                                                            8.534000008303384 47.63300000895728 8.535000008304339
                                                            47.63300000895703 8.5360000083053 47.633000008956714
                                                            8.537000008306261 47.63300000895648 8.538000008307224
                                                            47.63300000895614 8.53900000830818 47.63300000895584
                                                            8.540000008309143 47.633000008955555 8.540000008309464
                                                            47.632000008955146 8.540000008309788 47.631000008954786
                                                            8.54000000831011 47.630000008954404 8.540000008310432
                                                            47.629000008954 8.54000000831075 47.62800000895359
                                                            8.543000008313312 47.62900000895313 8.544000008314272
                                                            47.629000008952865 8.545000008315553 47.62800000895213
                                                            8.545000008315876 47.62700000895181 8.546000008316835
                                                            47.627000008951484 8.547000008317799 47.62700000895119
                                                            8.548000008318757 47.62700000895086 8.549000008319716
                                                            47.627000008950596 8.550000008320675 47.6270000089503
                                                            8.551000008321635 47.62700000895002 8.552000008322594
                                                            47.62700000894973 8.553000008323552 47.627000008949416
                                                            8.554000008324513 47.62700000894914 8.555000008325477
                                                            47.62700000894884 8.556000008326432 47.62700000894858
                                                            8.557000008327392 47.62700000894827 8.558000008328351
                                                            47.627000008947974 8.559000008329633 47.62600000894728
                                                            8.560000008330592 47.62600000894697 8.560000008330913
                                                            47.62500000894658 8.560000008331237 47.62400000894617
                                                            8.561000008332517 47.62300000894552 8.562000008333474
                                                            47.623000008945205 8.562000008333799 47.622000008944816
                                                            8.56300000833508 47.62100000894416 8.563000008335406
                                                            47.62000000894374 8.564000008336365 47.62000000894346
                                                            8.564000008336686 47.61900000894305 8.565000008337648
                                                            47.619000008942756 8.566000008338607 47.6190000089425
                                                            8.567000008339562 47.6190000089422 8.568000008340524
                                                            47.61900000894192 8.56900000834148 47.61900000894163
                                                            8.570000008342438 47.61900000894131 8.571000008343395
                                                            47.619000008940986 8.571000008343722 47.61800000894061
                                                            8.572000008345 47.61700000893994 8.571000008344043
                                                            47.61700000894025 8.571000008344365 47.61600000893983
                                                            8.572000008345324 47.616000008939565 8.57200000834597
                                                            47.61400000893879 8.57400000834789 47.61400000893819
                                                            8.575000008348843 47.61400000893789 8.57500000834917
                                                            47.613000008937476 8.574000008348213 47.61300000893778
                                                            8.57300000834725 47.613000008938116 8.571000008345333
                                                            47.613000008938656 8.570000008344374 47.613000008939004
                                                            8.56800000834278 47.61200000893911 8.5680000083431
                                                            47.611000008938774 8.568000008343425 47.61000000893837
                                                            8.56800000834407 47.60800000893756 8.56700000834343
                                                            47.607000008937476 8.566000008342797 47.606000008937386
                                                            8.565000008342158 47.60500000893732 8.564000008341523
                                                            47.604000008937156 8.563000008340563 47.6040000089375
                                                            8.563000008340882 47.6030000089371 8.563000008341202
                                                            47.60200000893667 8.564000008342484 47.60100000893598
                                                            8.565000008343768 47.600000008935275 8.566000008344727
                                                            47.600000008935 8.567000008345687 47.60000000893476
                                                            8.56800000834697 47.59900000893404 8.569000008347608
                                                            47.600000008934146 8.57000000834857 47.60000000893386
                                                            8.571000008349525 47.600000008933556 8.572000008350486
                                                            47.60000000893324 8.573000008351444 47.600000008933
                                                            8.575000008353685 47.59900000893197 8.576000008355285
                                                            47.597000008930905 8.578000008356561 47.59900000893115
                                                            8.57900000835752 47.59900000893082 8.581000008359759
                                                            47.59800000892983 8.582000008360716 47.59800000892955
                                                            8.584000008362635 47.59800000892896 8.584000008362313
                                                            47.59900000892935 8.585000008362947 47.60000000892944
                                                            8.585000008362298 47.6020000089302 8.58600000836326
                                                            47.602000008929934 8.587000008363896 47.60300000893006
                                                            8.588000008364851 47.603000008929726 8.589000008365492
                                                            47.60400000892982 8.590000008366447 47.604000008929546
                                                            8.591000008367724 47.60300000892887 8.59200000836836
                                                            47.60400000892897 8.592000008368037 47.60500000892933
                                                            8.593000008368671 47.606000008929435 8.593000008368344
                                                            47.60700000892985 8.594000008368983 47.608000008929935
                                                            8.595000008369938 47.60800000892964 8.596000008370895
                                                            47.60800000892934 8.597000008371852 47.608000008929096
                                                            8.59800000837281 47.60800000892877 8.598000008372487
                                                            47.60900000892922 8.599000008373444 47.60900000892888
                                                            8.600000008374076 47.61000000892898 8.601000008375037
                                                            47.61000000892867 8.602000008375665 47.61100000892881
                                                            8.604000008377252 47.61200000892859 8.604000008376929
                                                            47.613000008928985 8.605000008377884 47.61300000892866
                                                            8.60500000837756 47.61400000892905 8.606000008378517
                                                            47.614000008928784 8.606000008378192 47.61500000892918
                                                            8.60600000837787 47.61600000892958 8.606000008377544
                                                            47.61700000892996 8.60600000837722 47.61800000893036
                                                            8.606000008376895 47.619000008930755 8.605000008375615
                                                            47.62000000893142 8.603000008372728 47.62300000893316
                                                            8.602000008371448 47.62400000893387 8.601000008370171
                                                            47.625000008934556 8.601000008369844 47.62600000893495
                                                            8.60000000836889 47.62600000893524 8.600000008368562
                                                            47.62700000893566 8.60000000836824 47.62800000893602
                                                            8.599000008366959 47.62900000893671 8.599000008366636
                                                            47.6300000089371 8.59900000836631 47.63100000893753
                                                            8.59800000836503 47.63200000893818 8.598000008364705
                                                            47.63300000893858 8.598000008364378 47.63400000893895
                                                            8.598000008364052 47.63500000893936 8.598000008363728
                                                            47.63600000893972 8.598000008363401 47.637000008940106
                                                            8.598000008363076 47.63800000894047 8.598000008362753
                                                            47.6390000089409 8.597000008361794 47.63900000894119
                                                            8.597000008361471 47.640000008941584 8.597000008361144
                                                            47.64100000894195 8.597000008360821 47.64200000894237
                                                            8.596000008359868 47.64200000894267 8.596000008359539
                                                            47.64300000894301 8.596000008359216 47.64400000894338
                                                            8.59700000836017 47.64400000894313 8.597000008359846
                                                            47.645000008943505 8.598000008360476 47.64600000894359
                                                            8.59900000836143 47.64600000894332 8.601000008363016
                                                            47.64700000894312 8.60200000836397 47.64700000894283
                                                            8.602000008363644 47.648000008943185 8.603000008364598
                                                            47.6480000089429 8.60300000836427 47.6490000089433
                                                            8.604000008365228 47.649000008943005 8.6040000083649
                                                            47.650000008943394 8.604000008364576 47.6510000089438
                                                            8.6050000083652 47.652000008943844 8.605000008364879
                                                            47.653000008944254 8.606000008365832 47.65300000894396
                                                            8.606000008365507 47.65400000894435 8.607000008366457
                                                            47.65400000894404 8.608000008367416 47.654000008943754
                                                            8.609000008368367 47.6540000089435 8.61000000836932
                                                            47.65400000894317 8.611000008370278 47.65400000894288
                                                            8.611000008370603 47.653000008942485 8.612000008371558
                                                            47.65300000894215 8.613000008372508 47.653000008941895
                                                            8.61300000837283 47.65200000894151 8.614000008373791
                                                            47.65200000894121 8.614000008374115 47.65100000894083
                                                            8.615000008375066 47.65100000894051 8.615000008375393
                                                            47.650000008940125 8.61500000837572 47.649000008939716
                                                            8.615000008376049 47.648000008939334 8.61500000837637
                                                            47.647000008939 8.615000008376702 47.6460000089386
                                                            8.615000008377024 47.64500000893823 8.614000008376072
                                                            47.64500000893849 8.613000008375117 47.645000008938815
                                                            8.613000008375446 47.64400000893839 8.612000008374494
                                                            47.64400000893875 8.611000008373537 47.64400000893899
                                                            8.610000008372584 47.6440000089393 8.609000008371956
                                                            47.643000008939225 8.608000008371 47.6430000089395
                                                            8.608000008370675 47.64400000893988 8.607000008369717
                                                            47.64400000894015 8.606000008368765 47.64400000894046
                                                            8.606000008369092 47.64300000894007 8.605000008368139
                                                            47.643000008940376 8.605000008368462 47.642000008939974
                                                            8.60400000836751 47.64200000894035 8.604000008367832
                                                            47.641000008939905 8.605000008368787 47.64100000893962
                                                            8.605000008369117 47.64000000893924 8.606000008370069
                                                            47.64000000893894 8.60700000837135 47.639000008938254
                                                            8.608000008372304 47.63900000893794 8.609000008373258
                                                            47.63900000893766 8.610000008374213 47.639000008937366
                                                            8.611000008375164 47.639000008937046 8.612000008376121
                                                            47.63900000893677 8.613000008377078 47.63900000893646
                                                            8.615000008378981 47.6390000089359 8.616000008379613
                                                            47.64000000893598 8.617000008380566 47.640000008935715
                                                            8.61800000838152 47.64000000893538 8.61900000838247
                                                            47.640000008935075 8.62000000838343 47.6400000089348
                                                            8.620000008383101 47.64100000893518 8.621000008384057
                                                            47.64100000893492 8.622000008385008 47.6410000089346
                                                            8.623000008385636 47.64200000893468 8.624000008386592
                                                            47.64200000893439 8.624000008386266 47.64300000893478
                                                            8.625000008387214 47.643000008934486 8.62500000838689
                                                            47.64400000893486 8.626000008387841 47.64400000893456
                                                            8.626000008387516 47.645000008934964 8.627000008388471
                                                            47.64500000893466 8.628000008388113 47.649000008935914
                                                            8.629000008389067 47.649000008935644 8.629000008388738
                                                            47.650000008936 8.630000008389366 47.651000008936116
                                                            8.630000008389038 47.65200000893651 8.630000008388715
                                                            47.65300000893688 8.630000008388382 47.654000008937246
                                                            8.630000008388059 47.65500000893765 8.629000008387104
                                                            47.65500000893796 8.629000008386774 47.65600000893832
                                                            8.628000008385825 47.6560000089386 8.624000008380706
                                                            47.660000008941324 8.623000008379751 47.66000000894161
                                                            8.622000008378471 47.66100000894233 8.62100000837752
                                                            47.661000008942636 8.620000008376563 47.6610000089429
                                                            8.62000000837624 47.66200000894329 8.619000008375286
                                                            47.662000008943586 8.618000008374331 47.66200000894386
                                                            8.617000008373052 47.66300000894455 8.616000008371772
                                                            47.66400000894524 8.615000008371148 47.66300000894518
                                                            8.614000008370194 47.66300000894548 8.613000008368912
                                                            47.66400000894614 8.61100000836668 47.6650000089471
                                                            8.610000008365724 47.6650000089474 8.610000008365397
                                                            47.666000008947755 8.609000008364445 47.66600000894811
                                                            8.609000008364116 47.66700000894843 8.608000008362842
                                                            47.668000008949136 8.60700000836123 47.6700000089502
                                                            8.607000008360902 47.67100000895061 8.607000008360574
                                                            47.67200000895098 8.607000008360249 47.67300000895135
                                                            8.608000008361204 47.67300000895106 8.608000008360875
                                                            47.67400000895141 8.606000008358963 47.67400000895204
                                                            8.604000008356735 47.67500000895298 8.60300000835578
                                                            47.67500000895329 8.602000008354826 47.67500000895358
                                                            8.600000008352923 47.675000008954214 8.599000008351965
                                                            47.675000008954484 8.599000008352295 47.67400000895413
                                                            8.598000008351667 47.67300000895401 8.598000008351992
                                                            47.67200000895365 8.597000008351365 47.671000008953534
                                                            8.59600000835074 47.67000000895344 8.595000008350112
                                                            47.66900000895332 8.594000008349155 47.66900000895364
                                                            8.593000008347872 47.670000008954354 8.591000008346292
                                                            47.66900000895452 8.588000008343752 47.66800000895506
                                                            8.587000008343127 47.667000008954936 8.585000008341215
                                                            47.66700000895555 8.583000008339631 47.666000008955756
                                                            8.581000008338043 47.66500000895595 8.580000008337416
                                                            47.66400000895582 8.579000008336463 47.66400000895614
                                                            8.578000008335506 47.66400000895642 8.577000008334547
                                                            47.66400000895672 8.576000008333263 47.66500000895741
                                                            8.575000008332308 47.6650000089577 8.57400000833103
                                                            47.66600000895836 8.573000008330071 47.66600000895869
                                                            8.57200000832879 47.667000008959356 8.571000008327836
                                                            47.667000008959654 8.570000008327202 47.66600000895954
                                                            8.568000008324965 47.66700000896052 8.567000008323681
                                                            47.66800000896123 8.566000008323053 47.66700000896106
                                                            8.565000008321443 47.66900000896217 8.565000008321118
                                                            47.67000000896258 8.565000008320792 47.671000008962956
                                                            8.565000008320466 47.67200000896333 8.564000008319512
                                                            47.672000008963614 8.563000008318552 47.67200000896392
                                                            8.562000008317595 47.67200000896422 8.56100000831664
                                                            47.672000008964524 8.560000008315685 47.672000008964794
                                                            8.55900000831473 47.6720000089651 8.558000008314094
                                                            47.671000008964995 8.557000008313139 47.6710000089653
                                                            8.55600000831218 47.671000008965585 8.55300000830931
                                                            47.67100000896646 8.552000008308674 47.670000008966376
                                                            8.551000008308044 47.669000008966265 8.54900000830613
                                                            47.66900000896687 8.548000008305172 47.66900000896715
                                                            8.547000008304213 47.669000008967444 8.54600000830358
                                                            47.66800000896738 8.545000008302619 47.66800000896768
                                                            8.543000008301027 47.66700000896789 8.542000008300068
                                                            47.667000008968145 8.541000008299111 47.667000008968465
                                                            8.541000008299434 47.66600000896807 8.540000008298477
                                                            47.66600000896833 8.5400000082988 47.665000008967986
                                                            8.540000008299126 47.664000008967584 8.541000008300081
                                                            47.664000008967285 8.541000008300406 47.66300000896692
                                                            8.542000008301686 47.66200000896624 8.542000008302013
                                                            47.66100000896585 8.543000008303297 47.660000008965156
                                                            8.543000008303617 47.65900000896475 8.542000008302661
                                                            47.65900000896506 8.541000008301701 47.65900000896533
                                                            8.540000008300419 47.660000008966044 8.53900000829946
                                                            47.66000000896635 8.538000008298503 47.66000000896665
                                                            8.53700000829722 47.66100000896732 8.536000008296257
                                                            47.661000008967605 8.535000008294977 47.66200000896827
                                                            8.535000008294654 47.663000008968645 8.53500000829433
                                                            47.66400000896907 8.535000008294007 47.6650000089694
                                                            8.534000008293049 47.6650000089697 8.533000008292412
                                                            47.66400000896962 8.531000008290816 47.6630000089698
                                                            8.530000008289853 47.66300000897009 8.529000008288898
                                                            47.663000008970414 8.528000008288261 47.662000008970296
                                                            8.529000008289543 47.66100000896964 8.529000008289866
                                                            47.66000000896924 8.530000008290822 47.66000000896895
                                                            8.531000008292109 47.65900000896827 8.53100000829243
                                                            47.6580000089679 8.530000008291793 47.65700000896778
                                                            8.53100000829308 47.656000008967126 8.532000008294036
                                                            47.65600000896682 8.533000008295318 47.655000008966155
                                                            8.533000008295643 47.654000008965774 8.534000008296927
                                                            47.6530000089651 8.535000008297887 47.6530000089648
                                                            8.53500000829821 47.65200000896439 8.536000008299169
                                                            47.65200000896409 8.535000008298534 47.651000008964004
                                                            8.534000008297573 47.651000008964274 8.535000008298857
                                                            47.650000008963616 8.5340000082979 47.650000008963936
                                                            8.534000008298221 47.64900000896355 8.533000008297579
                                                            47.64800000896343 8.531000008295663 47.64800000896399
                                                            8.5300000082947 47.64800000896431 8.528000008293104
                                                            47.64700000896451 8.526000008291184 47.64700000896507
                                                            8.525000008290224 47.6470000089654 8.524000008289262
                                                            47.64700000896565 8.5230000082883 47.647000008966
                                                            8.522000008287344 47.647000008966295 8.520000008285095
                                                            47.648000008967216 8.519000008284136 47.6480000089675
                                                            8.518000008283174 47.6480000089678 8.517000008281888
                                                            47.649000008968486 8.515000008279968 47.649000008969075
                                                            8.514000008279007 47.649000008969374 8.513000008278047
                                                            47.649000008969665 8.512000008277086 47.64900000896997
                                                            8.511000008276119 47.649000008970226 8.510000008275156
                                                            47.64900000897054 8.509000008274198 47.6490000089708
                                                            8.50800000827323 47.64900000897112 8.507000008272275
                                                            47.64900000897142 8.506000008271313 47.64900000897175
                                                            8.504000008269387 47.649000008972294 8.50300000826843
                                                            47.64900000897258 8.502000008267462 47.64900000897285
                                                            8.501000008266502 47.64900000897314 8.501000008266821
                                                            47.648000008972765 8.50000000826586 47.64800000897306
                                                            8.499000008264902 47.64800000897333 8.498000008263936
                                                            47.648000008973675 8.497000008262653 47.64900000897433
                                                            8.496000008261689 47.64900000897461 8.495000008260725
                                                            47.64900000897486 8.494000008259768 47.649000008975186
                                                            8.495000008261044 47.64800000897452 8.495000008261366
                                                            47.64700000897415 8.49500000826169 47.646000008973765
                                                            8.495000008262014 47.64500000897334 8.495000008262329
                                                            47.64400000897296 8.494000008261368 47.64400000897323
                                                            8.493000008260083 47.645000008973916 8.49200000825944
                                                            47.64400000897382 8.49100000825816 47.64500000897449
                                                            8.490000008256871 47.646000008975214 8.489000008255589
                                                            47.64700000897587 8.48700000825398 47.646000008976046
                                                            8.486000008253022 47.646000008976344 8.485000008252056
                                                            47.646000008976664 8.484000008251094 47.646000008976934
                                                            8.483000008249808 47.64700000897758 8.483000008249489
                                                            47.64800000897799 8.483000008249165 47.6490000089784
                                                            8.482000008247883 47.65000000897908 8.48200000824756
                                                            47.651000008979445 8.480000008245314 47.652000008980416
                                                            8.479000008244348 47.652000008980735 8.478000008243384
                                                            47.65200000898098 8.476000008241458 47.65200000898157
                                                            8.475000008240492 47.65200000898187 8.474000008239848
                                                            47.651000008981754 8.474000008240168 47.65000000898137
                                                            8.475000008241453 47.649000008980686 8.476000008242417
                                                            47.649000008980394 8.477000008243383 47.64900000898013
                                                            8.479000008245631 47.64800000897913 8.47900000824595
                                                            47.647000008978786 8.477000008244342 47.64600000897896
                                                            8.4760000082437 47.645000008978904 8.475000008242734
                                                            47.64500000897915 8.474000008241768 47.64500000897944
                                                            8.47300000824081 47.645000008979764 8.47200000824016
                                                            47.6440000089796 8.473000008241447 47.64300000897894
                                                            8.474000008242411 47.64300000897865 8.475000008243372
                                                            47.64300000897838 8.476000008244341 47.64300000897807
                                                            8.477000008245303 47.643000008977786 8.478000008246587
                                                            47.64200000897708 8.479000008247551 47.64200000897682
                                                            8.478000008246909 47.64100000897674 8.477000008245943
                                                            47.64100000897703 8.475000008244015 47.64100000897759
                                                            8.475000008244333 47.6400000089772 8.473000008242087
                                                            47.6410000089782 8.472000008241118 47.64100000897845
                                                            8.471000008240155 47.64100000897874 8.470000008238873
                                                            47.64200000897943 8.47000000823855 47.64300000897985
                                                            8.469000008237588 47.64300000898012 8.468000008236302
                                                            47.64400000898077 8.46700000823502 47.64500000898146
                                                            8.467000008234699 47.64600000898183 8.466000008233408
                                                            47.64700000898254 8.466000008233094 47.64800000898291
                                                            8.466000008232768 47.6490000089833 8.465000008231488
                                                            47.650000008983994 8.465000008231167 47.651000008984354
                                                            8.466000008231807 47.65200000898446 8.46600000823149
                                                            47.65300000898484 8.46700000823182 47.655000008985354
                                                            8.467000008231496 47.65600000898572 8.46800000823214
                                                            47.65700000898579 8.468000008231817 47.6580000089862
                                                            8.467000008230535 47.65900000898693 8.465000008228925
                                                            47.658000008987074 8.464000008227963 47.658000008987386
                                                            8.462000008226353 47.65700000898756 8.461000008225705
                                                            47.656000008987455 8.459000008224095 47.65500000898765
                                                            8.45800000822313 47.655000008987926 8.45600000822088
                                                            47.656000008988954 8.4550000082196 47.65700000898959
                                                            8.453000008217666 47.65700000899017 8.4520000082167
                                                            47.657000008990444 8.450000008214767 47.657000008991
                                                            8.448000008213157 47.656000008991235 8.446000008211223
                                                            47.65600000899181 8.44400000820897 47.65700000899276
                                                            8.443000008207681 47.65800000899348 8.44200000820672
                                                            47.65800000899373 8.44100000820575 47.65800000899401
                                                            8.440000008204466 47.6590000089947 8.438000008202534
                                                            47.659000008995314 8.437000008201245 47.66000000899596
                                                            8.436000008199963 47.66100000899665 8.434000008197389
                                                            47.66300000899799 8.433000008196103 47.664000008998705
                                                            8.43100000819385 47.665000008999606 8.430000008192563
                                                            47.66600000900031 8.429000008191595 47.66600000900058
                                                            8.428000008190311 47.66700000900125 8.427000008189342
                                                            47.66700000900153 8.42600000818806 47.66800000900224
                                                            8.425000008186773 47.669000009002886 8.423000008184836
                                                            47.669000009003454 8.421000008182903 47.669000009004044
                                                            8.41800000818032 47.668000009004544 8.416000008178383
                                                            47.668000009005105 8.414000008176446 47.6680000090057
                                                            8.41300000817548 47.668000009005965 8.41300000817516
                                                            47.669000009006346 8.412000008173875 47.67000000900704
                                                            8.411000008172584 47.67100000900773 8.4100000081713
                                                            47.67200000900838 8.409000008169697 47.67400000900941
                                                            8.408000008168726 47.67400000900971 8.407000008167442
                                                            47.675000009010404 8.40700000816712 47.67600000901078
                                                            8.407000008166799 47.67700000901115 8.407000008166483
                                                            47.678000009011555 8.40800000816713 47.67900000901164
                                                            8.409000008167785 47.680000009011756 8.41000000816843
                                                            47.681000009011846 8.411000008169397 47.681000009011555
                                                            8.412000008170367 47.681000009011285 8.414000008172302
                                                            47.68100000901069 8.416000008173917 47.682000009010494
                                                            8.417000008174883 47.6820000090102 8.418000008175852
                                                            47.682000009009926 8.4190000081765 47.683000009010065
                                                            8.419000008175862 47.685000009010786 8.421000008177796
                                                            47.68500000901022 8.422000008178442 47.686000009010336
                                                            8.421000008177156 47.687000009010966 8.420000008175865
                                                            47.68800000901163 8.42000000817555 47.68900000901205
                                                            8.419000008174262 47.690000009012714 8.41800000817266
                                                            47.69200000901373 8.4160000081704 47.69300000901468
                                                            8.415000008169114 47.6940000090154 8.414000008167505
                                                            47.696000009016444 8.413000008166543 47.69600000901675
                                                            8.412000008165256 47.69700000901738 8.410000008163319
                                                            47.69700000901798 8.409000008162034 47.698000009018614
                                                            8.408000008161066 47.69800000901893 8.40700000815978
                                                            47.69900000901959 8.406000008158495 47.70000000902027
                                                            8.407000008159141 47.70100000902037 8.408000008159785
                                                            47.702000009020445 8.408000008159467 47.70300000902082
                                                            8.409000008160115 47.70400000902096 8.411000008161725
                                                            47.705000009020715 8.412000008162373 47.70600000902083
                                                            8.414000008163985 47.70700000902064 8.415000008164313
                                                            47.70900000902112 8.416000008164957 47.71000000902121
                                                            8.417000008165596 47.71100000902126 8.418000008166244
                                                            47.7120000090214 8.41900000816721 47.71200000902109
                                                            8.420000008168175 47.712000009020805 8.421000008169143
                                                            47.71200000902053 8.423000008171073 47.712000009019945
                                                            8.424000008171719 47.713000009020014 8.425000008172683
                                                            47.7130000090197 8.426000008173327 47.71400000901982
                                                            8.427000008174613 47.713000009019154 8.42800000817526
                                                            47.71400000901924 8.430000008176865 47.71500000901905
                                                            8.431000008177506 47.71600000901914 8.432000008178473
                                                            47.71600000901887 8.433000008179116 47.71700000901892
                                                            8.434000008179758 47.71800000901902 8.43500000818072
                                                            47.718000009018745 8.436000008181367 47.71900000901885
                                                            8.436000008181042 47.72000000901919 8.438000008182973
                                                            47.7200000090186 8.439000008183612 47.721000009018745
                                                            8.441000008185865 47.72000000901774 8.442000008186826
                                                            47.72000000901747 8.443000008187791 47.72000000901716
                                                            8.443000008187466 47.72100000901754 8.442000008186504
                                                            47.72100000901785 8.441000008185215 47.72200000901854
                                                            8.44200000818586 47.723000009018605 8.443000008186823
                                                            47.72300000901833 8.444000008187464 47.72400000901839
                                                            8.446000008189065 47.72500000901822 8.447000008190027
                                                            47.72500000901793 8.449000008191955 47.725000009017336
                                                            8.45100000819388 47.72500000901674 8.452000008194844
                                                            47.72500000901643 8.453000008195806 47.72500000901619
                                                            8.454000008196768 47.72500000901589 8.455000008197732
                                                            47.72500000901558 8.456000008199016 47.724000009014915
                                                            8.456000008198693 47.72500000901529 8.455000008197407
                                                            47.726000009015976 8.456000008198048 47.72700000901605
                                                            8.456000008197723 47.72800000901641 8.456000008197398
                                                            47.72900000901683 8.45700000819804 47.7300000090169
                                                            8.45800000819868 47.731000009016974 8.458000008198352
                                                            47.732000009017334 8.45700000819707 47.73300000901803
                                                            8.456000008196428 47.732000009017945 8.455000008195467
                                                            47.732000009018215 8.454000008194182 47.733000009018866
                                                            8.453000008192895 47.73400000901955 8.452000008191611
                                                            47.73500000902023 8.452000008191286 47.73600000902061
                                                            8.452000008190964 47.737000009020974 8.451000008189679
                                                            47.73800000902164 8.451000008189355 47.73900000902199
                                                            8.45100000818903 47.7400000090224 8.451000008188704
                                                            47.74100000902276 8.452000008189344 47.74200000902288
                                                            8.453000008189981 47.74300000902297 8.45400000819062
                                                            47.744000009023026 8.45600000819254 47.744000009022436
                                                            8.45700000819318 47.74500000902252 8.457000008192855
                                                            47.7460000090229 8.457000008192532 47.74700000902328
                                                            8.458000008193165 47.74800000902331 8.457000008191882
                                                            47.749000009024016 8.457000008191557 47.75000000902442
                                                            8.457000008191232 47.751000009024764 8.458000008192192
                                                            47.75100000902447 8.45800000819187 47.752000009024854
                                                            8.459000008192826 47.75200000902455 8.460000008193468
                                                            47.753000009024625 8.462000008195385 47.753000009024056
                                                            8.463000008196348 47.75300000902377 8.46400000819731
                                                            47.75300000902343 8.464000008196983 47.754000009023834
                                                            8.466000008198577 47.755000009023654 8.46700000819954
                                                            47.75500000902334 8.468000008200175 47.75600000902345
                                                            8.468000008199848 47.757000009023805 8.469000008200808
                                                            47.75700000902351 8.469000008200155 47.75900000902427
                                                            8.470000008200792 47.76000000902433 8.470000008200468
                                                            47.761000009024706 8.471000008201102 47.76200000902478
                                                            8.471000008200775 47.76300000902515 8.472000008201734
                                                            47.76300000902485 8.472000008201405 47.764000009025224
                                                            8.474000008203001 47.765000009024995 8.474000008202673
                                                            47.76600000902539 8.475000008203631 47.76600000902509
                                                            8.475000008203303 47.767000009025466 8.477000008205222
                                                            47.76700000902487 8.478000008205857 47.76800000902497
                                                            8.479000008206812 47.76800000902468 8.480000008207448
                                                            47.76900000902476 8.481000008208406 47.76900000902447
                                                            8.48100000820808 47.77000000902486 8.482000008209038
                                                            47.770000009024564 8.483000008209995 47.77000000902424
                                                            8.483000008209668 47.77100000902462 8.484000008210302
                                                            47.77200000902471 8.485000008210934 47.77300000902482
                                                            8.486000008211892 47.773000009024464 8.488000008213477
                                                            47.77400000902425 8.490000008215068 47.77500000902407
                                                            8.491000008216027 47.77500000902377 8.491000008216352
                                                            47.77400000902336 8.492000008217309 47.774000009023105
                                                            8.493000008218269 47.7740000090228 8.494000008219553
                                                            47.773000009022155 8.49500000822051 47.773000009021835
                                                            8.496000008221467 47.77300000902157 8.498000008223377
                                                            47.77300000902098 8.499000008224009 47.77400000902108
                                                            8.502000008226553 47.775000009020545 8.503000008227179
                                                            47.776000009020635 8.505000008229421 47.77500000901968
                                                            8.505000008229095 47.776000009020045 8.50600000823005
                                                            47.77600000901974 8.508000008231964 47.776000009019185
                                                            8.510000008233876 47.776000009018595 8.511000008234502
                                                            47.777000009018664 8.511000008234175 47.77800000901904
                                                            8.513000008236089 47.778000009018434 8.514000008237373
                                                            47.777000009017804 8.51600000823961 47.77600000901682
                                                            8.51800000824185 47.77500000901593 8.519000008243134
                                                            47.774000009015154 8.519000008243463 47.77300000901481
                                                            8.521000008245373 47.77300000901425 8.522000008246001
                                                            47.774000009014316 8.5230000082463 47.77600000901476
                                                            8.524000008246924 47.77700000901489 8.52500000824755
                                                            47.77800000901493 8.527000008249129 47.7790000090147
                                                            8.528000008249755 47.780000009014785 8.530000008251662
                                                            47.780000009014174 8.53200000825357 47.780000009013634
                                                            8.534000008255475 47.78000000901302 8.535000008256107
                                                            47.781000009013134 8.537000008257685 47.782000009012876
                                                            8.539000008259588 47.78200000901226 8.54200000826212
                                                            47.78300000901176 8.543000008262743 47.78400000901186
                                                            8.545000008264648 47.78400000901128 8.547000008266226
                                                            47.785000009011036 8.548000008267177 47.78500000901077
                                                            8.550000008269082 47.78500000901013 8.552000008270657
                                                            47.78600000900993 8.55300000827161 47.78600000900965
                                                            8.554000008272231 47.787000009009724 8.556000008274466
                                                            47.786000009008774 8.557000008275418 47.78600000900849
                                                            8.558000008276704 47.78500000900778 8.559000008277652
                                                            47.78500000900747 8.560000008278935 47.78400000900684
                                                            8.561000008279889 47.78400000900657 8.562000008281167
                                                            47.783000009005896 8.56300000828212 47.783000009005605
                                                            8.564000008283404 47.78200000900492 8.564000008283076
                                                            47.783000009005306 8.56500000828436 47.78200000900462
                                                            8.564000008283733 47.781000009004565 8.564000008284067
                                                            47.78000000900421 8.56600000828597 47.78000000900364
                                                            8.567000008286922 47.7800000090033 8.568000008287871
                                                            47.780000009003025 8.569000008288496 47.78100000900308
                                                            8.570000008289444 47.78100000900278 8.571000008290397
                                                            47.78100000900248 8.573000008291967 47.78200000900226
                                                            8.57500000829387 47.78200000900166 8.577000008295437
                                                            47.783000009001455 8.578000008296058 47.784000009001524
                                                            8.578000008295724 47.7850000090019 8.577000008294776
                                                            47.78500000900219 8.577000008294444 47.786000009002585
                                                            8.577000008294112 47.78700000900294 8.576000008292826
                                                            47.78800000900358 8.576000008292496 47.78900000900396
                                                            8.576000008292162 47.790000009004316 8.576000008291834
                                                            47.79100000900467 8.576000008291501 47.792000009005065
                                                            8.575000008290548 47.79200000900534 8.573000008288318
                                                            47.79300000900632 8.572000008287366 47.793000009006605
                                                            8.570000008285467 47.79300000900721 8.568000008283231
                                                            47.79400000900813 8.56700000828228 47.79400000900844
                                                            8.56500000828038 47.79400000900902 8.564000008279429
                                                            47.794000009009295 8.563000008278479 47.794000009009615
                                                            8.563000008278143 47.79500000900998 8.563000008277815
                                                            47.79600000901037 8.564000008278432 47.79700000901043
                                                            8.564000008278102 47.79800000901078 8.564000008277771
                                                            47.799000009011166 8.563000008276484 47.800000009011804
                                                            8.563000008276154 47.80100000901219 8.564000008276773
                                                            47.80200000901227 8.564000008276443 47.80300000901261
                                                            8.56400000827611 47.80400000901294 8.564000008275443
                                                            47.806000009013715 8.565000008276067 47.80700000901375
                                                            8.566000008276681 47.80800000901383 8.567000008277295
                                                            47.8090000090139 8.568000008278247 47.8090000090136
                                                            8.569000008278866 47.81000000901366 8.570000008280148
                                                            47.80900000901302 8.571000008281434 47.80800000901234
                                                            8.57300000828333 47.80800000901175 8.574000008284282
                                                            47.80800000901146 8.575000008285567 47.80700000901084
                                                            8.576000008286845 47.80600000901017 8.576000008287178
                                                            47.805000009009795 8.576000008287512 47.80400000900942
                                                            8.577000008288463 47.80400000900912 8.576000008288178
                                                            47.80200000900867 8.577000008289128 47.8020000090084
                                                            8.57800000829008 47.80200000900813 8.579000008291029
                                                            47.80200000900784 8.581000008292925 47.802000009007216
                                                            8.583000008294494 47.80300000900699 8.58400000829544
                                                            47.80300000900669 8.586000008297008 47.80400000900645
                                                            8.588000008298899 47.80400000900588 8.589000008299521
                                                            47.805000009005944 8.590000008301136 47.803000009004926
                                                            8.59100000830242 47.80200000900426 8.593000008304315
                                                            47.80200000900367 8.594000008305594 47.80100000900303
                                                            8.595000008306545 47.801000009002735 8.59600000830716
                                                            47.802000009002754 8.598000008308723 47.80300000900257
                                                            8.599000008309337 47.80400000900265 8.602000008311844
                                                            47.80500000900211 8.604000008313742 47.805000009001525
                                                            8.60600000831564 47.8050000090009 8.609000008318816
                                                            47.804000008999694 8.611000008320708 47.80400000899907
                                                            8.6130000083226 47.80400000899851 8.615000008324829
                                                            47.803000008997515 8.616000008326113 47.802000008996856
                                                            8.617000008327059 47.80200000899656 8.61800000832834
                                                            47.80100000899591 8.620000008330571 47.80000000899498
                                                            8.620000008330903 47.79900000899462 8.619000008329953
                                                            47.799000008994895 8.619000008330286 47.79800000899451
                                                            8.620000008331237 47.79800000899422 8.62100000833218
                                                            47.79800000899393 8.623000008334413 47.79700000899295
                                                            8.623000008334746 47.79600000899262 8.622000008334133
                                                            47.79500000899252 8.622000008334801 47.79300000899182
                                                            8.622000008335137 47.792000008991415 8.622000008335469
                                                            47.79100000899105 8.621000008334859 47.790000008990965
                                                            8.620000008333909 47.790000008991264 8.619000008333295
                                                            47.78900000899123 8.618000008332348 47.78900000899152
                                                            8.617000008331402 47.78900000899183 8.616000008330786
                                                            47.78800000899176 8.616000008331124 47.7870000089914
                                                            8.616000008331458 47.786000008991046 8.617000008332738
                                                            47.78500000899038 8.618000008334354 47.78300000898931
                                                            8.619000008335629 47.78200000898867 8.62000000833658
                                                            47.782000008988376 8.620000008336914 47.78100000898801
                                                            8.620000008337247 47.78000000898764 8.621000008338193
                                                            47.780000008987315 8.622000008339143 47.78000000898705
                                                            8.623000008340089 47.78000000898677 8.625000008342319
                                                            47.779000008985804 8.624000008341705 47.7780000089857
                                                            8.623000008341089 47.77700000898563 8.623000008341423
                                                            47.776000008985264 8.623000008341755 47.77500000898491
                                                            8.622000008341145 47.774000008984856 8.621000008340527
                                                            47.77300000898475 8.62100000834086 47.77200000898441
                                                            8.621000008341197 47.77100000898405 8.621000008341523
                                                            47.77000000898365 8.62100000834186 47.769000008983284
                                                            8.623000008344087 47.768000008982305 8.624000008345371
                                                            47.76700000898166 8.626000008347598 47.76600000898071
                                                            8.627000008348881 47.765000008980046 8.627000008349212
                                                            47.764000008979686 8.628000008350487 47.76300000897902
                                                            8.629000008352103 47.761000008977945 8.631000008354002
                                                            47.76100000897736 8.633000008356229 47.760000008976434
                                                            8.634000008356509 47.762000008976834 8.635000008357457
                                                            47.762000008976536 8.636000008358073 47.76300000897663
                                                            8.637000008358685 47.7640000089767 8.638000008359633
                                                            47.76400000897639 8.639000008360245 47.76500000897651
                                                            8.64000000836119 47.76500000897616 8.642000008362752
                                                            47.766000008975944 8.642000008362414 47.76700000897631
                                                            8.643000008363368 47.767000008976005 8.644000008364312
                                                            47.76700000897574 8.646000008366533 47.766000008974764
                                                            8.646000008366201 47.767000008975096 8.647000008366813
                                                            47.7680000089752 8.648000008367761 47.76800000897486
                                                            8.649000008368368 47.769000008975006 8.648000008367426
                                                            47.76900000897532 8.647000008366147 47.77000000897593
                                                            8.646000008364865 47.7710000089766 8.649000008367363
                                                            47.77200000897605 8.650000008368316 47.77200000897574
                                                            8.652000008369871 47.77300000897556 8.653000008370485
                                                            47.77400000897561 8.653000008370146 47.77500000897597
                                                            8.654000008371094 47.77500000897569 8.653000008369812
                                                            47.77600000897635 8.65200000836887 47.77600000897662
                                                            8.651000008367921 47.776000008976965 8.65000000836698
                                                            47.776000008977284 8.64900000836603 47.776000008977526
                                                            8.649000008365693 47.77700000897792 8.64900000836536
                                                            47.77800000897827 8.650000008365641 47.780000008978725
                                                            8.65100000836625 47.78100000897878 8.651000008365914
                                                            47.78200000897913 8.65100000836558 47.78300000897952
                                                            8.651000008365244 47.78400000897989 8.651000008364909
                                                            47.78500000898026 8.650000008363628 47.78600000898089
                                                            8.649000008362343 47.787000008981565 8.64800000836107
                                                            47.78800000898226 8.647000008359788 47.78900000898291
                                                            8.647000008359452 47.79000000898328 8.647000008358782
                                                            47.792000008984 8.647000008358445 47.793000008984365
                                                            8.64700000835811 47.79400000898471 8.64800000835872
                                                            47.7950000089848 8.648000008358384 47.79600000898518
                                                            8.648000008358048 47.79700000898552 8.650000008359937
                                                            47.797000008984924 8.650000008359603 47.79800000898529
                                                            8.650000008359266 47.79900000898568 8.650000008358933
                                                            47.80000000898603 8.651000008359874 47.80000000898571
                                                            8.652000008360478 47.801000008985774 8.653000008361428
                                                            47.801000008985504 8.654000008362036 47.80200000898555
                                                            8.656000008363922 47.802000008984955 8.657000008364868
                                                            47.80200000898461 8.658000008365809 47.80200000898434
                                                            8.659000008367089 47.80100000898368 8.660000008368371
                                                            47.800000008983005 8.660000008368709 47.79900000898267
                                                            8.661000008369983 47.798000008981994 8.661000008370317
                                                            47.79700000898166 8.661000008370657 47.796000008981295
                                                            8.660000008370048 47.795000008981226 8.659000008369445
                                                            47.79400000898116 8.660000008370387 47.794000008980824
                                                            8.662000008372274 47.794000008980255 8.663000008373217
                                                            47.79400000897995 8.664000008374497 47.79300000897929
                                                            8.66500000837544 47.793000008978986 8.666000008376718
                                                            47.79200000897831 8.667000008377999 47.79100000897765
                                                            8.668000008378941 47.79100000897734 8.669000008380221
                                                            47.79000000897674 8.671000008382443 47.78900000897572
                                                            8.672000008383053 47.7900000089758 8.67400000838527
                                                            47.789000008974824 8.67500000838622 47.78900000897453
                                                            8.676000008387161 47.78900000897425 8.6760000083875
                                                            47.78800000897387 8.677000008388438 47.78800000897356
                                                            8.678000008389386 47.788000008973285 8.679000008390325
                                                            47.78800000897299 8.680000008390927 47.78900000897306
                                                            8.681000008391871 47.78900000897277 8.682000008392814
                                                            47.78900000897245 8.682000008393153 47.78800000897212
                                                            8.681000008392544 47.787000008972 8.683000008394432
                                                            47.787000008971425 8.68400000839571 47.78600000897077
                                                            8.683000008394766 47.78600000897107 8.683000008395105
                                                            47.78500000897069 8.684000008396719 47.7830000089697
                                                            8.684000008397055 47.78200000896929 8.684000008397394
                                                            47.78100000896893 8.684000008398062 47.77900000896818
                                                            8.68500000839901 47.779000008967905 8.685000008399344
                                                            47.77800000896757 8.686000008400626 47.77700000896689
                                                            8.68800000840251 47.777000008966276 8.689000008403788
                                                            47.77600000896561 8.690000008404729 47.77600000896528
                                                            8.689000008404122 47.775000008965236 8.688000008403517
                                                            47.774000008965146 8.687000008402572 47.774000008965466
                                                            8.685000008401026 47.7730000089657 8.685000008401362
                                                            47.77200000896531 8.68600000840298 47.77000000896429
                                                            8.687000008404256 47.769000008963665 8.688000008405535
                                                            47.76800000896294 8.688000008405869 47.767000008962576
                                                            8.688000008406206 47.76600000896221 8.689000008407486
                                                            47.76500000896156 8.68900000840782 47.764000008961204
                                                            8.690000008408763 47.76400000896089 8.690000008409099
                                                            47.76300000896055 8.68900000840849 47.76200000896046
                                                            8.689000008408826 47.761000008960075 8.690000008409772
                                                            47.76100000895978 8.690000008410108 47.76000000895944
                                                            8.691000008411049 47.76000000895911 8.693000008413268
                                                            47.75900000895814 8.694000008414548 47.758000008957474
                                                            8.695000008415489 47.75800000895719 8.696000008416439
                                                            47.75800000895692 8.697000008417376 47.758000008956564
                                                            8.697000008417037 47.75900000895693 8.698000008417985
                                                            47.75900000895666 8.69900000841893 47.75900000895634
                                                            8.700000008419533 47.76000000895644 8.700000008419197
                                                            47.76100000895679 8.700000008418858 47.76200000895716
                                                            8.7010000084198 47.762000008956846 8.702000008420745
                                                            47.76200000895656 8.703000008421348 47.76300000895663
                                                            8.703000008421686 47.76200000895628 8.704000008422291
                                                            47.76300000895631 8.705000008422896 47.764000008956394
                                                            8.70600000842384 47.76400000895611 8.707000008424446
                                                            47.76500000895618 8.708000008425051 47.76600000895625
                                                            8.711000008428211 47.76500000895496 8.711000008427874
                                                            47.76600000895532 8.713000008429418 47.767000008955115
                                                            8.71400000843036 47.76700000895479 8.7150000084313
                                                            47.76700000895451 8.718000008434121 47.767000008953595
                                                            8.720000008436342 47.766000008952645 8.721000008437283
                                                            47.76600000895236 8.723000008439499 47.76500000895135
                                                            8.723000008439161 47.76600000895175 8.725000008441377
                                                            47.76500000895077 8.72600000844232 47.76500000895046
                                                            8.728000008444535 47.76400000894951 8.730000008446757
                                                            47.76300000894851 8.732000008448969 47.76200000894755
                                                            8.731000008448367 47.7610000089475 8.730000008447766
                                                            47.76000000894741 8.731000008449042 47.75900000894676
                                                            8.733000008450924 47.759000008946145 8.734000008451861
                                                            47.75900000894587 8.735000008453138 47.75800000894519
                                                            8.736000008454416 47.75700000894451 8.73800000845663
                                                            47.75600000894355 8.73900000845757 47.75600000894323
                                                            8.741000008459787 47.755000008942254 8.742000008461067
                                                            47.75400000894159 8.742000008461739 47.752000008940854
                                                            8.743000008463355 47.75000000893983 8.742000008462417
                                                            47.75000000894015 8.74100000846181 47.74900000894004
                                                            8.740000008460877 47.74900000894037 8.738000008458995
                                                            47.749000008940946 8.737000008458054 47.749000008941245
                                                            8.736000008457118 47.74900000894158 8.735000008456174
                                                            47.74900000894182 8.734000008455572 47.74800000894177
                                                            8.733000008454635 47.74800000894211 8.732000008453692
                                                            47.74800000894239 8.731000008452748 47.7480000089427
                                                            8.729000008450871 47.74800000894327 8.728000008450266
                                                            47.74700000894323 8.725000008447111 47.7480000089445
                                                            8.724000008446506 47.74700000894443 8.723000008445899
                                                            47.74600000894437 8.722000008445294 47.745000008944274
                                                            8.721000008445026 47.743000008943845 8.720000008444423
                                                            47.74200000894376 8.718000008442539 47.74200000894435
                                                            8.717000008441932 47.74100000894431 8.716000008440988
                                                            47.741000008944646 8.716000008441322 47.74000000894422
                                                            8.715000008441057 47.73800000894378 8.714000008440783
                                                            47.73600000894334 8.71400000844112 47.73500000894296
                                                            8.714000008441456 47.73400000894258 8.713000008440847
                                                            47.73300000894254 8.712000008440242 47.73200000894247
                                                            8.713000008441515 47.7310000089418 8.714000008442797
                                                            47.73000000894106 8.715000008443736 47.73000000894078
                                                            8.716000008445349 47.72800000893977 8.717000008446627
                                                            47.72700000893909 8.71700000844696 47.726000008938676
                                                            8.71800000844824 47.72500000893803 8.719000008449516
                                                            47.72400000893733 8.720000008450462 47.72400000893706
                                                            8.721000008451401 47.72400000893677 8.722000008452342
                                                            47.72400000893643 8.723000008453287 47.72400000893617
                                                            8.724000008454563 47.723000008935465 8.725000008455504
                                                            47.7230000089352 8.726000008456449 47.72300000893487
                                                            8.726000008456786 47.72200000893452 8.727000008457725
                                                            47.72200000893423 8.728000008458665 47.72200000893391
                                                            8.729000008459943 47.7210000089332 8.730000008460884
                                                            47.721000008932926 8.731000008461827 47.72100000893259
                                                            8.732000008462766 47.72100000893234 8.73300000846371
                                                            47.721000008932016 8.73400000846465 47.72100000893173
                                                            8.735000008465924 47.720000008931024 8.737000008468147
                                                            47.71900000893009 8.737000008468481 47.718000008929714
                                                            8.736000008467874 47.71700000892965 8.735000008467269
                                                            47.716000008929576 8.7350000084676 47.71500000892919
                                                            8.734000008467 47.714000008929105 8.733000008466059
                                                            47.7140000089294 8.73300000846639 47.71300000892904
                                                            8.733000008466728 47.712000008928655 8.73300000846706
                                                            47.711000008928266 8.732000008466452 47.710000008928205
                                                            8.732000008466786 47.70900000892784 8.73100000846618
                                                            47.70800000892776 8.73000000846591 47.7060000089273
                                                            8.730000008466577 47.70400000892657 8.729000008465967
                                                            47.703000008926495 8.729000008466302 47.7020000089261
                                                            8.728000008465697 47.701000008926016 8.728000008466026
                                                            47.70000000892562 8.728000008466362 47.699000008925275
                                                            8.728000008467033 47.6970000089245 8.728000008467367
                                                            47.6960000089241 8.729000008468306 47.69600000892385
                                                            8.729000008468642 47.69500000892344 8.733000008472413
                                                            47.69500000892224 8.734000008473359 47.695000008921966
                                                            8.735000008474296 47.69500000892163 8.736000008475244
                                                            47.69500000892133 8.737000008476183 47.695000008921035
                                                            8.738000008477458 47.69400000892038 8.740000008479345
                                                            47.694000008919744 8.741000008480286 47.694000008919474
                                                            8.74200000848123 47.694000008919176 8.742000008481561
                                                            47.693000008918744 8.743000008482504 47.69300000891845
                                                            8.744000008483443 47.693000008918155 8.745000008484391
                                                            47.693000008917885 8.74600000848533 47.693000008917586
                                                            8.751000008490037 47.69300000891609 8.75200000849098
                                                            47.693000008915774 8.753000008491918 47.69300000891547
                                                            8.75700000849602 47.69200000891393 8.75800000849696
                                                            47.6920000089136 8.75900000849824 47.691000008912916
                                                            8.760000008499178 47.69100000891265 8.761000008500119
                                                            47.6910000089123 8.766000008505491 47.68900000891008
                                                            8.76700000850643 47.68900000890973 8.767000008506766
                                                            47.68800000890937 8.768000008507702 47.68800000890908
                                                            8.769000008508646 47.688000008908745 8.769000008508982
                                                            47.68700000890839 8.770000008509923 47.687000008908065
                                                            8.771000008511194 47.6860000089074 8.772000008512139
                                                            47.68600000890711 8.772000008512476 47.685000008906734
                                                            8.773000008513412 47.685000008906435 8.77300000851375
                                                            47.68400000890605 8.774000008514685 47.68400000890577
                                                            8.77400000851502 47.6830000089054 8.775000008515967
                                                            47.68300000890511 8.776000008516903 47.68300000890472
                                                            8.77700000851818 47.682000008904105 8.778000008519118
                                                            47.682000008903785 8.779000008520057 47.6820000089035
                                                            8.779000008520393 47.681000008903084 8.780000008521332
                                                            47.68100000890279 8.781000008522271 47.68100000890248
                                                            8.782000008523214 47.68100000890217 8.782000008523546
                                                            47.680000008901864 8.783000008524487 47.68000000890149
                                                            8.784000008525425 47.68000000890119 8.784000008525762
                                                            47.67900000890084 8.785000008526705 47.67900000890053
                                                            8.789000008530794 47.67800000889895 8.790000008532065
                                                            47.677000008898254 8.791000008533008 47.67700000889795
                                                            8.792000008533945 47.67700000889766 8.793000008534884
                                                            47.67700000889735 8.794000008535821 47.677000008897025
                                                            8.79500000853676 47.677000008896734 8.796000008537698
                                                            47.67700000889644 8.79700000853864 47.67700000889614
                                                            8.797000008538301 47.678000008896525 8.796000008537025
                                                            47.679000008897205 8.795000008535418 47.681000008898266
                                                            8.795000008535078 47.68200000889865 8.795000008534744
                                                            47.68300000889902 8.795000008534409 47.68400000889942
                                                            8.796000008535344 47.68400000889912 8.796000008535009
                                                            47.68500000889949 8.796000008534671 47.6860000088999
                                                            8.797000008535612 47.68600000889954 8.797000008535278
                                                            47.68700000889994 8.797000008534939 47.68800000890032
                                                            8.798000008535876 47.68800000890001 8.79800000853554
                                                            47.689000008900415 8.798000008535203 47.69000000890076
                                                            8.799000008535803 47.69100000890085 8.799000008535467
                                                            47.69200000890123 8.800000008536404 47.69200000890091
                                                            8.800000008536069 47.69300000890131 8.801000008537004
                                                            47.69300000890101 8.801000008536668 47.694000008901405
                                                            8.803000008538545 47.69400000890078 8.80400000853948
                                                            47.694000008900474 8.805000008540413 47.69400000890015
                                                            8.807000008542289 47.69400000889954 8.809000008544162
                                                            47.69400000889895 8.810000008545101 47.694000008898655
                                                            8.8110000085457 47.695000008898695 8.81100000854536
                                                            47.696000008899134 8.810000008544424 47.69600000889943
                                                            8.810000008544087 47.69700000889978 8.809000008543151
                                                            47.697000008900105 8.809000008542814 47.69800000890046
                                                            8.808000008541876 47.69800000890077 8.808000008541539
                                                            47.699000008901145 8.806000008540003 47.69800000890137
                                                            8.805000008539064 47.698000008901666 8.804000008538134
                                                            47.69800000890198 8.80200000853592 47.69900000890296
                                                            8.801000008534983 47.69900000890327 8.800000008534045
                                                            47.699000008903575 8.799000008533108 47.69900000890389
                                                            8.799000008532769 47.70000000890423 8.80000000853337
                                                            47.70100000890431 8.800000008533036 47.70200000890471
                                                            8.799000008531758 47.70300000890537 8.799000008531417
                                                            47.704000008905766 8.799000008531086 47.705000008906126
                                                            8.798000008530144 47.705000008906445 8.79700000852921
                                                            47.70500000890674 8.797000008528869 47.7060000089071
                                                            8.796000008528269 47.70500000890702 8.795000008526998
                                                            47.7060000089077 8.794000008526057 47.70600000890803
                                                            8.79300000852478 47.707000008908686 8.792000008523845
                                                            47.707000008908985 8.791000008522909 47.7070000089093
                                                            8.79000000852197 47.7070000089096 8.789000008521032
                                                            47.70700000890986 8.788000008520099 47.70700000891023
                                                            8.787000008519158 47.70700000891052 8.785000008517283
                                                            47.70700000891114 8.784000008516346 47.7070000089114
                                                            8.783000008515405 47.707000008911706 8.78200000851447
                                                            47.70700000891202 8.781000008513194 47.708000008912684
                                                            8.780000008512257 47.708000008913 8.779000008511316
                                                            47.70800000891329 8.778000008510379 47.70800000891363
                                                            8.777000008509438 47.70800000891391 8.775000008507565
                                                            47.708000008914524 8.774000008506624 47.70800000891485
                                                            8.77300000850535 47.70900000891552 8.771000008503469
                                                            47.70900000891613 8.771000008503133 47.71000000891646
                                                            8.7710000085028 47.711000008916855 8.772000008503401
                                                            47.712000008916945 8.773000008504336 47.71200000891661
                                                            8.772000008503062 47.71300000891729 8.773000008503663
                                                            47.71400000891736 8.773000008503326 47.71500000891773
                                                            8.774000008504263 47.71500000891745 8.77300000850299
                                                            47.716000008918144 8.772000008501715 47.7170000089188
                                                            8.77100000850078 47.717000008919086 8.772000008501378
                                                            47.71800000891916 8.77100000850044 47.71800000891947
                                                            8.771000008500101 47.71900000891985 8.771000008499763
                                                            47.72000000892022 8.771000008499428 47.72100000892061
                                                            8.773000008501642 47.720000008919634 8.774000008502577
                                                            47.720000008919335 8.77600000850412 47.7210000089191
                                                            8.777000008504722 47.7220000089192 8.778000008505323
                                                            47.72300000891923 8.779000008506259 47.72300000891891
                                                            8.778000008504982 47.724000008919596 8.777000008504045
                                                            47.72400000891989 8.777000008503705 47.725000008920254
                                                            8.77900000850592 47.724000008919305 8.781000008507798
                                                            47.724000008918715 8.782000008508732 47.7240000089184
                                                            8.783000008509331 47.725000008918435 8.784000008509933
                                                            47.726000008918504 8.785000008510869 47.72600000891824
                                                            8.784000008509594 47.727000008918914 8.785000008510531
                                                            47.7270000089186 8.785000008510192 47.728000008918976
                                                            8.786000008510795 47.72900000891907 8.788000008513
                                                            47.728000008918066 8.789000008513602 47.72900000891815
                                                            8.79000000851454 47.72900000891784 8.7900000085142
                                                            47.73000000891822 8.792000008516412 47.72900000891724
                                                            8.793000008517009 47.730000008917344 8.79300000851667
                                                            47.73100000891771 8.79500000851888 47.73000000891672
                                                            8.797000008520756 47.7300000089161 8.799000008522967
                                                            47.72900000891511 8.800000008523902 47.729000008914795
                                                            8.800000008523567 47.73000000891517 8.800000008523224
                                                            47.73100000891555 8.800000008522884 47.73200000891596
                                                            8.79900000852127 47.73400000891698 8.798000008519995
                                                            47.73500000891764 8.798000008519656 47.736000008918
                                                            8.798000008519319 47.73700000891839 8.801000008522122
                                                            47.73700000891748 8.801000008521784 47.73800000891785
                                                            8.803000008523657 47.738000008917254 8.80600000852612
                                                            47.739000008916705 8.807000008526717 47.74000000891676
                                                            8.80800000852765 47.74000000891648 8.809000008528923
                                                            47.73900000891578 8.80800000852833 47.738000008915705
                                                            8.80800000852867 47.73700000891536 8.809000008530285
                                                            47.73500000891433 8.809000008530626 47.73400000891394
                                                            8.810000008531901 47.73300000891332 8.812000008533767
                                                            47.73300000891269 8.813000008535042 47.732000008912
                                                            8.81200000853411 47.7320000089123 8.813000008535381
                                                            47.73100000891165 8.812000008534786 47.730000008911546
                                                            8.811000008533853 47.73000000891186 8.809000008532319
                                                            47.72900000891208 8.808000008531724 47.72800000891202
                                                            8.807000008530792 47.72800000891232 8.806000008530193
                                                            47.72700000891221 8.80700000853113 47.72700000891196
                                                            8.810000008533938 47.72700000891105 8.812000008536144
                                                            47.72600000891003 8.814000008538013 47.72600000890943
                                                            8.815000008539291 47.72500000890881 8.816000008540902
                                                            47.72300000890772 8.81800000854311 47.72200000890681
                                                            8.819000008544386 47.72100000890606 8.820000008545659
                                                            47.720000008905394 8.821000008546598 47.72000000890509
                                                            8.822000008547526 47.720000008904776 8.8240000085494
                                                            47.72000000890417 8.82500000854999 47.72100000890427
                                                            8.82700000855186 47.721000008903644 8.827000008552197
                                                            47.720000008903256 8.82700000855254 47.71900000890291
                                                            8.826000008551603 47.719000008903166 8.82500000855101
                                                            47.71800000890313 8.824000008550076 47.71800000890344
                                                            8.82300000854948 47.717000008903334 8.822000008548546
                                                            47.71700000890365 8.821000008547955 47.716000008903585
                                                            8.820000008547355 47.71500000890353 8.821000008548292
                                                            47.7150000089032 8.8230000085505 47.714000008902275
                                                            8.824000008551433 47.71400000890191 8.825000008552705
                                                            47.713000008901275 8.827000008554574 47.71300000890065
                                                            8.829000008556102 47.71400000890043 8.831000008557975
                                                            47.714000008899816 8.833000008559164 47.71600000889993
                                                            8.835000008560693 47.71700000889972 8.835000008561028
                                                            47.716000008899314 8.837000008562896 47.716000008898725
                                                            8.839000008565101 47.71500000889773 8.842000008567906
                                                            47.715000008896844 8.842000008568245 47.7140000088965
                                                            8.844000008570113 47.71400000889585 8.847000008573247
                                                            47.713000008894554 8.847000008573929 47.711000008893805
                                                            8.847000008574607 47.70900000889307 8.848000008575543
                                                            47.709000008892744 8.84800000857588 47.70800000889239
                                                            8.849000008577155 47.707000008891754 8.849000008577493
                                                            47.70600000889136 8.850000008578768 47.70500000889063
                                                            8.85100000857936 47.70600000889071 8.852000008580294
                                                            47.70600000889039 8.853000008581226 47.706000008890115
                                                            8.854000008582156 47.70600000888981 8.854000008581819
                                                            47.70700000889019 8.855000008582753 47.7070000088899
                                                            8.856000008583685 47.707000008889615 8.857000008584613
                                                            47.70700000888929 8.858000008585549 47.70700000888895
                                                            8.85900000858648 47.70700000888866 8.860000008587752
                                                            47.706000008887955 8.861000008588688 47.70600000888767
                                                            8.862000008589618 47.70600000888741 8.86300000859055
                                                            47.70600000888711 8.86300000859021 47.707000008887434
                                                            8.864000008591145 47.707000008887135 8.865000008592071
                                                            47.707000008886865 8.866000008593003 47.7070000088865
                                                            8.867000008593939 47.70700000888621 8.868000008594867
                                                            47.70700000888591 8.869000008595798 47.70700000888561
                                                            8.870000008596731 47.7070000088853 8.871000008597665
                                                            47.70700000888501 8.872000008598592 47.70700000888469
                                                            8.873000008599526 47.70700000888443 8.873000008599863
                                                            47.70600000888404 8.874000008600797 47.70600000888375
                                                            8.873000008600206 47.70500000888363 8.871000008598683
                                                            47.7040000088839 8.872000008599956 47.703000008883215
                                                            8.873000008601228 47.70200000888248 8.874000008602504
                                                            47.701000008881856 8.875000008603774 47.700000008881126
                                                            8.876000008604704 47.700000008880835 8.877000008605975
                                                            47.699000008880176 8.877000008606318 47.6980000088798
                                                            8.876000008605727 47.69700000887971 8.87600000860607
                                                            47.696000008879366 8.875000008605134 47.69600000887964
                                                            8.874000008604204 47.696000008879956 8.873000008603272
                                                            47.69600000888024 8.87200000860268 47.695000008880186
                                                            8.87200000860234 47.696000008880574 8.871000008601408
                                                            47.69600000888088 8.870000008600474 47.69600000888119
                                                            8.869000008599546 47.69600000888148 8.868000008598612
                                                            47.69600000888182 8.867000008597683 47.69600000888211
                                                            8.866000008597087 47.695000008882 8.865000008596496
                                                            47.69400000888196 8.864000008595564 47.694000008882256
                                                            8.864000008595227 47.695000008882644 8.86500000859582
                                                            47.69600000888267 8.865000008595473 47.697000008883144
                                                            8.866000008596407 47.69700000888275 8.867000008597005
                                                            47.69800000888284 8.866000008595728 47.69900000888351
                                                            8.864000008593528 47.7000000088845 8.864000008593864
                                                            47.699000008884155 8.86300000859293 47.699000008884454
                                                            8.862000008592 47.69900000888481 8.86200000859234
                                                            47.69800000888436 8.861000008591407 47.69800000888468
                                                            8.861000008591068 47.69900000888502 8.861000008590727
                                                            47.700000008885425 8.859000008588524 47.70100000888643
                                                            8.859000008588865 47.700000008886065 8.858000008587933
                                                            47.700000008886356 8.857000008587336 47.69900000888626
                                                            8.856000008586406 47.6990000088866 8.855000008585472
                                                            47.69900000888687 8.854000008584539 47.6990000088872
                                                            8.853000008583264 47.70000000888785 8.853000008583603
                                                            47.69900000888751 8.853000008583944 47.698000008887135
                                                            8.852000008583012 47.69800000888739 8.852000008583353
                                                            47.69700000888705 8.853000008584628 47.69600000888637
                                                            8.854000008585555 47.69600000888606 8.855000008586494
                                                            47.696000008885754 8.856000008587426 47.696000008885434
                                                            8.857000008588356 47.69600000888513 8.857000008588692
                                                            47.69500000888474 8.858000008589627 47.69500000888444
                                                            8.859000008590563 47.69500000888417 8.8590000085909
                                                            47.694000008883776 8.858000008590311 47.69300000888369
                                                            8.858000008590647 47.692000008883305 8.857000008589715
                                                            47.692000008883625 8.857000008590052 47.69100000888325
                                                            8.85600000858946 47.69000000888319 8.855000008588531
                                                            47.69000000888348 8.854000008587594 47.69000000888377
                                                            8.854000008587933 47.68900000888341 8.85400000858827
                                                            47.688000008883066 8.853000008587337 47.688000008883314
                                                            8.852000008586405 47.68800000888367 8.852000008586744
                                                            47.687000008883274 8.852000008587085 47.68600000888288
                                                            8.85200000858742 47.68500000888254 8.853000008588355
                                                            47.68500000888224 8.853000008588698 47.684000008881824
                                                            8.852000008587762 47.68400000888212 8.852000008588098
                                                            47.68300000888173 8.853000008589031 47.68300000888145
                                                            8.8550000085909 47.68300000888085 8.856000008591838
                                                            47.68300000888056 8.857000008593104 47.68200000887983
                                                            8.859000008594975 47.68200000887924 8.861000008596504
                                                            47.683000008879 8.862000008597771 47.68200000887834
                                                            8.86400000859998 47.68100000887734 8.865000008600912
                                                            47.68100000887702 8.866000008602182 47.68000000887635
                                                            8.867000008603458 47.67900000887568 8.869000008605662
                                                            47.6780000088747 8.869000008606 47.677000008874295
                                                            8.870000008606937 47.67700000887399 8.87000000860727
                                                            47.67600000887365 8.871000008608545 47.675000008872935
                                                            8.872000008609813 47.674000008872255 8.873000008611088
                                                            47.67300000887155 8.87500000861329 47.67200000887058
                                                            8.875000008613634 47.671000008870195 8.875000008613972
                                                            47.67000000886981 8.876000008615241 47.66900000886913
                                                            8.87600000861558 47.66800000886874 8.876000008615922
                                                            47.66700000886839 8.877000008617195 47.666000008867705
                                                            8.877000008617868 47.66400000886689 8.877000008618547
                                                            47.66200000886615 8.87700000861889 47.661000008865756
                                                            8.877000008619563 47.659000008865014 8.87700000862024
                                                            47.657000008864216 8.879000008622107 47.65700000886364
                                                            8.880000008623037 47.657000008863356 8.881000008623975
                                                            47.657000008863065 8.882000008624907 47.65700000886272
                                                            8.883000008625833 47.6570000088624 8.883000008626174
                                                            47.65600000886203 8.88400000862711 47.656000008861746
                                                            8.885000008628039 47.65600000886143 8.886000008628974
                                                            47.65600000886113 8.886000008629312 47.65500000886076
                                                            8.887000008630245 47.65500000886044 8.89000000863372
                                                            47.653000008858754 8.891000008634988 47.65200000885811
                                                            8.89200000863592 47.65200000885777 8.892000008636257
                                                            47.65100000885738 8.893000008637193 47.651000008857075
                                                            8.894000008638123 47.65100000885676 8.895000008639395
                                                            47.65000000885607 8.896000008640327 47.65000000885579
                                                            8.897000008641257 47.65000000885544 8.899000008643121
                                                            47.6500000088548 8.900000008644055 47.650000008854505
                                                            8.901000008644985 47.650000008854235 8.902000008645919
                                                            47.65000000885393 8.903000008646849 47.65000000885369
                                                            8.903000008646506 47.65100000885402 8.90400000864744
                                                            47.651000008853714 8.90500000864837 47.65100000885339
                                                            8.90500000864803 47.6520000088538 8.906000008648961
                                                            47.65200000885346 8.907000008649897 47.65200000885317
                                                            8.908000008650824 47.65200000885289 8.908000008650484
                                                            47.65300000885323 8.909000008651415 47.653000008852935
                                                            8.910000008652347 47.65300000885261 8.911000008653277
                                                            47.65300000885234 8.912000008654205 47.653000008852004
                                                            8.913000008655137 47.653000008851706 8.914000008656066
                                                            47.65300000885142 8.914000008655728 47.65400000885179
                                                            8.915000008656657 47.65400000885151 8.916000008657589
                                                            47.654000008851185 8.917000008658515 47.654000008850886
                                                            8.918000008659446 47.65400000885057 8.919000008660037
                                                            47.65500000885065 8.920000008660969 47.65500000885035
                                                            8.921000008661899 47.655000008850045 8.922000008662826
                                                            47.65500000884971 8.923000008663754 47.65500000884941
                                                            8.926000008665863 47.65700000884926 8.92700000866679
                                                            47.65700000884898 8.92800000866772 47.65700000884863
                                                            8.929000008668652 47.65700000884837 8.930000008669575
                                                            47.65700000884803 8.931000008670503 47.65700000884772
                                                            8.931000008670162 47.65800000884809 8.932000008671093
                                                            47.6580000088478 8.933000008672023 47.658000008847495
                                                            8.934000008672946 47.658000008847175 8.93500000867388
                                                            47.658000008846905 8.936000008674808 47.658000008846585
                                                            8.937000008675735 47.658000008846265 8.938000008676667
                                                            47.65800000884596 8.939000008677596 47.65800000884566
                                                            8.940000008678519 47.65800000884535 8.941000008679449
                                                            47.65800000884508 8.942000008680376 47.65800000884473
                                                            8.9430000086813 47.65800000884442 8.943000008680961
                                                            47.65900000884483 8.944000008681892 47.659000008844494
                                                            8.945000008682477 47.660000008844555 8.946000008683404
                                                            47.660000008844264 8.946000008683065 47.66100000884465
                                                            8.947000008683988 47.66100000884435 8.947000008683647
                                                            47.66200000884471 8.948000008684572 47.66200000884443
                                                            8.949000008685498 47.66200000884413 8.950000008686429
                                                            47.662000008843776 8.951000008687355 47.66200000884349
                                                            8.95200000868828 47.6620000088432 8.952000008687941
                                                            47.66300000884356 8.955000008690378 47.66400000884302
                                                            8.956000008691307 47.66400000884276 8.95600000869096
                                                            47.66500000884311 8.957000008691892 47.66500000884281
                                                            8.958000008692816 47.665000008842476 8.962000008696178
                                                            47.66600000884159 8.963000008697104 47.66600000884132
                                                            8.96400000869768 47.66700000884142 8.96500000869861
                                                            47.667000008841065 8.969000008701624 47.66900000884063
                                                            8.97000000870255 47.6690000088403 8.970000008702208
                                                            47.67000000884067 8.971000008703133 47.67000000884038
                                                            8.97200000870406 47.67000000884007 8.975000008706488
                                                            47.67100000883952 8.976000008707409 47.671000008839215
                                                            8.977000008708337 47.67100000883887 8.977000008707995
                                                            47.67200000883929 8.978000008708234 47.67400000883975
                                                            8.979000008709152 47.67400000883944 8.979000008708809
                                                            47.67500000883981 8.980000008709734 47.6750000088395
                                                            8.981000008710657 47.67500000883923 8.981000008710312
                                                            47.676000008839566 8.982000008711239 47.67600000883924
                                                            8.98300000871216 47.676000008838955 8.984000008713087
                                                            47.67600000883867 8.985000008714012 47.676000008838336
                                                            8.986000008714933 47.67600000883799 8.986000008714585
                                                            47.67700000883838 8.987000008715512 47.67700000883807
                                                            8.988000008716433 47.67700000883777 8.989000008717362
                                                            47.67700000883748 8.990000008718285 47.67700000883718
                                                            8.991000008719206 47.67700000883687 9.000000008726472
                                                            47.68000000883523 9.001000008727395 47.68000000883491
                                                            9.002000008727974 47.68100000883497 9.003000008728893
                                                            47.68100000883466 9.004000008729466 47.68200000883473
                                                            9.005000008730391 47.68200000883438 9.006000008731315
                                                            47.6820000088341 9.00700000873189 47.68300000883418
                                                            9.00800000873281 47.683000008833886 9.009000008733386
                                                            47.68400000883394 9.013000008736379 47.68600000883344
                                                            9.014000008737298 47.68600000883311 9.014000008736954
                                                            47.68700000883353 9.015000008737877 47.68700000883317
                                                            9.016000008738795 47.687000008832904 9.017000008739368
                                                            47.688000008832965 9.018000008740287 47.688000008832645
                                                            9.019000008741209 47.68800000883234 9.020000008742128
                                                            47.688000008832034 9.021000008743052 47.688000008831686
                                                            9.021000008742707 47.68900000883208 9.022000008743623
                                                            47.68900000883177 9.023000008744539 47.68900000883145
                                                            9.024000008745462 47.68900000883113 9.025000008746378
                                                            47.689000008830824 9.0260000087473 47.68900000883054
                                                            9.027000008748221 47.68900000883021 9.028000008749142
                                                            47.6890000088299 9.029000008750064 47.689000008829574
                                                            9.03000000875098 47.689000008829275 9.030000008751328
                                                            47.68800000882895 9.031000008752248 47.6880000088286
                                                            9.033000008754085 47.688000008827984 9.035000008755924
                                                            47.68800000882738 9.03600000875719 47.687000008826665
                                                            9.038000008759028 47.68700000882606 9.039000008759947
                                                            47.68700000882575 9.041000008762131 47.686000008824735
                                                            9.042000008763049 47.68600000882446 9.04400000876489
                                                            47.68600000882383 9.045000008766152 47.685000008823096
                                                            9.047000008767991 47.68500000882255 9.04800000876891
                                                            47.68500000882219 9.050000008770741 47.685000008821575
                                                            9.051000008772013 47.684000008820895 9.053000008773846
                                                            47.68400000882023 9.05400000877476 47.68400000881992
                                                            9.056000008776596 47.68400000881931 9.058000008778782
                                                            47.68300000881831 9.059000008779698 47.68300000881802
                                                            9.061000008781527 47.68300000881736 9.062000008782446
                                                            47.683000008817096 9.06400000878428 47.68300000881648
                                                            9.065000008785546 47.682000008815756 9.067000008787382
                                                            47.68200000881513 9.068000008788294 47.68200000881482
                                                            9.070000008790132 47.6820000088142 9.07200000879196
                                                            47.68200000881359 9.07300000879288 47.68200000881324
                                                            9.073000008793226 47.68100000881285 9.074000008794142
                                                            47.68100000881256 9.07500000879506 47.68100000881226
                                                            9.076000008795976 47.68100000881193 9.077000008796894
                                                            47.68100000881163 9.078000008797808 47.68100000881134
                                                            9.079000008798724 47.68100000881103 9.08000000879964
                                                            47.68100000881068 9.081000008800556 47.681000008810386
                                                            9.082000008801472 47.68100000881011 9.083000008802385
                                                            47.68100000880977 9.084000008803304 47.681000008809455
                                                            9.085000008804217 47.681000008809114 9.086000008804783
                                                            47.682000008809204 9.087000008805697 47.68200000880892
                                                            9.088000008806615 47.68200000880857 9.08900000880753
                                                            47.68200000880831 9.090000008808447 47.68200000880797
                                                            9.091000008809361 47.68200000880767 9.092000008810274
                                                            47.68200000880732 9.093000008811188 47.682000008806995
                                                            9.094000008812102 47.68200000880671 9.095000008813015
                                                            47.68200000880637 9.095000008813368 47.681000008806
                                                            9.096000008814281 47.68100000880571 9.097000008815195
                                                            47.68100000880541 9.098000008816111 47.681000008805036
                                                            9.099000008817022 47.68100000880476 9.099000008817372
                                                            47.68000000880432 9.100000008818286 47.680000008804036
                                                            9.101000008819202 47.68000000880373 9.102000008820113
                                                            47.68000000880345 9.102000008820466 47.67900000880306
                                                            9.103000008821377 47.679000008802774 9.10400000882229
                                                            47.67900000880244 9.105000008823556 47.678000008801746
                                                            9.10600000882447 47.67800000880142 9.107000008825379
                                                            47.67800000880112 9.10700000882573 47.677000008800746
                                                            9.108000008826645 47.67700000880042 9.109000008827561
                                                            47.67700000880012 9.10900000882791 47.67600000879975
                                                            9.110000008828822 47.67600000879948 9.111000008829738
                                                            47.67600000879915 9.111000008830086 47.67500000879873
                                                            9.112000008831002 47.67500000879843 9.112000008831352
                                                            47.674000008798046 9.113000008832262 47.67400000879776
                                                            9.114000008833527 47.67300000879704 9.11500000883444
                                                            47.67300000879674 9.115000008834793 47.67200000879633
                                                            9.1160000088357 47.67200000879602 9.117000008836614
                                                            47.67200000879574 9.117000008836966 47.671000008795325
                                                            9.118000008837882 47.67100000879504 9.11900000883879
                                                            47.67100000879473 9.120000008839703 47.67100000879442
                                                            9.120000008840055 47.67000000879406 9.121000008840968
                                                            47.6700000087937 9.122000008841878 47.67000000879338
                                                            9.12300000884279 47.670000008793096 9.124000008843707
                                                            47.670000008792805 9.125000008844621 47.67000000879244
                                                            9.12500000884497 47.669000008792096 9.126000008845883
                                                            47.66900000879178 9.127000008846792 47.66900000879147
                                                            9.128000008847707 47.6690000087911 9.129000008848616
                                                            47.6690000087908 9.130000008849532 47.669000008790505
                                                            9.131000008850792 47.66800000878984 9.132000008851705
                                                            47.66800000878953 9.133000008852616 47.66800000878919
                                                            9.134000008853528 47.66800000878889 9.135000008854439
                                                            47.668000008788574 9.136000008855703 47.66700000878785
                                                            9.137000008856612 47.66700000878755 9.138000008857526
                                                            47.667000008787255 9.139000008858433 47.66700000878693
                                                            9.139000008858789 47.66600000878656 9.140000008859701
                                                            47.66600000878623 9.14100000886061 47.666000008785936
                                                            9.14200000886152 47.666000008785595 9.144000008862994
                                                            47.667000008785344 9.145000008863907 47.667000008785045
                                                            9.145000008863553 47.66800000878545 9.146000008864466
                                                            47.66800000878508 9.147000008865373 47.66800000878483
                                                            9.148000008865933 47.66900000878483 9.149000008866844
                                                            47.66900000878453 9.150000008867757 47.669000008784224
                                                            9.150000008867405 47.67000000878459 9.151000008868317
                                                            47.6700000087843 9.152000008869226 47.67000000878397
                                                            9.158000008875389 47.668000008781306 9.159000008876301
                                                            47.66800000878105 9.161000008878819 47.66600000877959
                                                            9.16100000887917 47.66500000877923 9.162000008880433
                                                            47.664000008778565 9.163000008881347 47.664000008778245
                                                            9.165000008883867 47.66200000877685 9.166000008885128
                                                            47.661000008776156 9.167000008886038 47.66100000877586
                                                            9.171000008890728 47.65800000877346 9.17200000889199
                                                            47.65700000877275 9.1730000088929 47.657000008772435
                                                            9.174000008893808 47.6570000087721 9.175000008894719
                                                            47.65700000877182 9.177000008896187 47.65800000877161
                                                            9.177000008896885 47.656000008770775 9.178000008897442
                                                            47.65700000877084 9.179000008898354 47.65700000877053
                                                            9.183000008901637 47.65800000876968 9.188000008905824
                                                            47.65900000876847 9.20400000892104 47.657000008762665
                                                            9.216000008931918 47.65700000875884 9.235000008948399
                                                            47.65900000875357 9.2360000089493 47.65900000875326
                                                            9.258000008968455 47.661000008747 9.278000008988617
                                                            47.655000008738334 9.396000009106194 47.62200000868795
                                                            9.420000009133345 47.60600000867405 9.49700000922084
                                                            47.55300000862858 9.5000000092235 47.553000008627585
                                                            9.508000009230946 47.552000008624574 9.560000009279786
                                                            47.544000008604456 9.563000009295795 47.507000008588946
                                                            9.563000009297596 47.50200000858697 9.563000009297955
                                                            47.50100000858655 9.56300000929832 47.50000000858614
                                                            9.563000009298673 47.499000008585796 9.563000009299033
                                                            47.498000008585336 9.56400000929992 47.49800000858503
                                                            9.564000009300278 47.497000008584656 9.56500000930152
                                                            47.49600000858392 9.56600000930276 47.495000008583176
                                                            9.567000009304005 47.49400000858247 9.568000009304887
                                                            47.49400000858214 9.578000009315874 47.48800000857647
                                                            9.580000009317999 47.487000008575414 9.581000009318881
                                                            47.487000008575066 9.581000009319238 47.486000008574685
                                                            9.582000009320124 47.48600000857435 9.583000009321367
                                                            47.48500000857366 9.584000009322247 47.485000008573316
                                                            9.584000009322608 47.48400000857292 9.584000009322967
                                                            47.4830000085725 9.585000009323847 47.4830000085722
                                                            9.594000009337183 47.46800000856325 9.59500000933842
                                                            47.467000008562515 9.595000009338778 47.46600000856211
                                                            9.59600000933966 47.466000008561785 9.596000009340022
                                                            47.46500000856139 9.597000009340901 47.465000008561056
                                                            9.598000009341787 47.4650000085607 9.598000009342144
                                                            47.46400000856031 9.599000009343026 47.46400000855997
                                                            9.602000009345668 47.464000008559005 9.60300000934655
                                                            47.46400000855867 9.60400000934743 47.46400000855838
                                                            9.605000009348313 47.464000008558 9.60500000934795
                                                            47.46500000855845 9.606000009348831 47.465000008558114
                                                            9.60600000934847 47.4660000085585 9.607000009348996
                                                            47.46700000855859 9.607000009348635 47.468000008558974
                                                            9.607000009348276 47.469000008559384 9.6080000093488
                                                            47.470000008559445 9.608000009348437 47.47100000855982
                                                            9.608000009348075 47.472000008560215 9.60900000934896
                                                            47.4720000085599 9.609000009348598 47.473000008560305
                                                            9.610000009349479 47.47300000855999 9.610000009349838
                                                            47.47200000855958 9.611000009350718 47.47200000855927
                                                            9.612000009351593 47.4720000085589 9.613000009352476
                                                            47.4720000085586 9.61300000935284 47.471000008558214
                                                            9.6180000093594 47.465000008554135 9.618000009359758
                                                            47.464000008553754 9.619000009361002 47.46300000855303
                                                            9.62200000936436 47.46100000855122 9.622000009364719
                                                            47.460000008550814 9.623000009365596 47.46000000855049
                                                            9.62400000936684 47.45900000854978 9.625000009367719
                                                            47.45900000854942 9.626000009368596 47.45900000854909
                                                            9.627000009369477 47.45900000854876 9.628000009370359
                                                            47.459000008548486 9.640000009381266 47.45800000854409
                                                            9.641000009382143 47.45800000854379 9.644000009384778
                                                            47.45800000854278 9.645000009385653 47.458000008542456
                                                            9.646000009386535 47.45800000854209 9.64700000938741
                                                            47.45800000854176 9.65600000939603 47.45600000853804
                                                            9.657000009396908 47.45600000853769 9.658000009397782
                                                            47.45600000853735 9.659000009399023 47.455000008536636
                                                            9.6600000093999 47.45500000853631 9.660000009400264
                                                            47.454000008535864 9.661000009401135 47.45400000853556
                                                            9.661000009401496 47.45300000853515 9.660000009401347
                                                            47.45100000853467 9.65900000940083 47.45000000853462
                                                            9.65200000939649 47.4450000085349 9.651000009395972
                                                            47.44400000853482 9.650000009395455 47.44300000853472
                                                            9.649000009394573 47.443000008535066 9.649000009394932
                                                            47.442000008534706 9.648000009394055 47.442000008535025
                                                            9.648000009394416 47.4410000085346 9.647000009393539
                                                            47.44100000853495 9.647000009393897 47.440000008534554
                                                            9.646000009393022 47.44000000853484 9.646000009393383
                                                            47.43900000853451 9.646000009393738 47.43800000853406
                                                            9.646000009394099 47.437000008533595 9.646000009394461
                                                            47.43600000853324 9.646000009394818 47.4350000085328
                                                            9.64600000939518 47.43400000853242 9.647000009396416
                                                            47.43300000853165 9.650000009400852 47.42800000852867
                                                            9.65000000940121 47.42700000852827 9.650000009401568
                                                            47.42600000852788 9.651000009402445 47.42600000852754
                                                            9.651000009402807 47.42500000852714 9.651000009403166
                                                            47.42400000852673 9.652000009404404 47.42300000852594
                                                            9.652000009404762 47.42200000852561 9.65200000940512
                                                            47.421000008525205 9.652000009405839 47.419000008524364
                                                            9.652000009406198 47.41800000852396 9.65300000940959
                                                            47.411000008520766 9.653000009409945 47.41000000852035
                                                            9.653000009410304 47.40900000851996 9.653000009410665
                                                            47.40800000851956 9.653000009411022 47.40700000851915
                                                            9.656000009414013 47.40600000851774 9.658000009416853
                                                            47.40300000851587 9.659000009418088 47.40200000851513
                                                            9.660000009419324 47.40100000851435 9.66100000942092
                                                            47.39900000851322 9.66300000942268 47.399000008512544
                                                            9.664000009423914 47.398000008511836 9.665000009424794
                                                            47.39800000851149 9.671000009430783 47.3960000085087
                                                            9.672000009431661 47.39600000850836 9.67200000943202
                                                            47.39500000850798 9.673000009432899 47.395000008507616
                                                            9.674000009433776 47.39500000850729 9.674000009434131
                                                            47.39400000850686 9.675000009435367 47.39300000850616
                                                            9.675000009435728 47.39200000850571 9.675000009436088
                                                            47.39100000850532 9.67500000943752 47.387000008503676
                                                            9.675000009437877 47.386000008503274 9.67500000943895
                                                            47.383000008502044 9.674000009438073 47.3830000085024
                                                            9.67400000943843 47.38200000850194 9.673000009438264
                                                            47.38000000850146 9.672000009437388 47.38000000850181
                                                            9.672000009437747 47.379000008501365 9.66700000943442
                                                            47.376000008501734 9.666000009433901 47.37500000850167
                                                            9.665000009433372 47.37400000850162 9.66400000943285
                                                            47.37300000850151 9.662000009431452 47.372000008501814
                                                            9.66000000943005 47.37100000850199 9.658000009428285
                                                            47.371000008502655 9.655000009425994 47.37000000850321
                                                            9.652000009423714 47.36900000850382 9.651000009422832
                                                            47.36900000850413 9.650000009421948 47.369000008504464
                                                            9.649000009421068 47.369000008504806 9.648000009420187
                                                            47.36900000850513 9.646000009418424 47.36900000850579
                                                            9.644000009416663 47.36900000850646 9.641000009414018
                                                            47.36900000850743 9.63800000941137 47.36900000850843
                                                            9.637000009410489 47.36900000850872 9.635000009408722
                                                            47.369000008509396 9.63400000940784 47.36900000850971
                                                            9.632000009406427 47.368000008509966 9.630000009404664
                                                            47.36800000851064 9.628000009403252 47.36700000851088
                                                            9.62600000940113 47.368000008511935 9.62400000940007
                                                            47.36600000851175 9.622000009398308 47.366000008512415
                                                            9.612000009392291 47.358000008512356 9.60700000938928
                                                            47.354000008512344 9.606000009388746 47.35300000851227
                                                            9.605000009388213 47.35200000851214 9.602000009386613
                                                            47.34900000851187 9.60200000938697 47.34800000851144
                                                            9.601000009386082 47.34800000851178 9.60100000938644
                                                            47.34700000851135 9.596000009385873 47.33600000850836
                                                            9.596000009386223 47.33500000850797 9.594000009386205
                                                            47.33000000850652 9.5910000093867 47.32100000850369
                                                            9.590000009385813 47.32100000850401 9.590000009386166
                                                            47.320000008503605 9.589000009385625 47.31900000850349
                                                            9.58500000938347 47.31500000850309 9.58500000938382
                                                            47.3140000085027 9.584000009382933 47.314000008502994
                                                            9.583000009382394 47.31300000850289 9.582000009381504
                                                            47.313000008503195 9.582000009381856 47.3120000085028
                                                            9.581000009380963 47.31200000850313 9.580000009380075
                                                            47.31200000850342 9.567000009370593 47.30600000850514
                                                            9.566000009369702 47.306000008505485 9.559000009365207
                                                            47.30100000850565 9.558000009364314 47.30100000850595
                                                            9.558000009364662 47.300000008505506 9.55700000936377
                                                            47.30000000850584 9.557000009364117 47.299000008505416
                                                            9.556000009363224 47.29900000850574 9.556000009363572
                                                            47.29800000850534 9.55300000936333 47.29100000850332
                                                            9.553000009363677 47.29000000850291 9.553000009364021
                                                            47.289000008502455 9.552000009363478 47.28800000850233
                                                            9.552000009363825 47.28700000850194 9.551000009363278
                                                            47.28600000850183 9.548000009361983 47.28200000850108
                                                            9.547000009361096 47.28200000850138 9.547000009361442
                                                            47.281000008500946 9.545000009359995 47.280000008501204
                                                            9.54200000935766 47.279000008501704 9.541000009357115
                                                            47.2780000085016 9.534000009351889 47.27500000850262
                                                            9.533000009351337 47.274000008502504 9.532000009350789
                                                            47.27300000850241 9.532000009351131 47.27200000850197
                                                            9.532000009351478 47.2710000085015 9.532000009353547
                                                            47.265000008498916 9.531000009353 47.26400000849887
                                                            9.531000009353344 47.2630000084984 9.526000009351963
                                                            47.254000008496114 9.522000009351126 47.24600000849396
                                                            9.521000009350916 47.24400000849341 9.519000009349462
                                                            47.24300000849361 9.51400000934737 47.23600000849217
                                                            9.512000009346261 47.234000008491954 9.510000009345147
                                                            47.23200000849169 9.50600000934326 47.227000008490855
                                                            9.505000009343043 47.225000008490284 9.50300000934227
                                                            47.22200000848961 9.50200000934205 47.22000000848906
                                                            9.501000009343198 47.21400000848677 9.501000009343537
                                                            47.21300000848632 9.498000009342197 47.20900000848552
                                                            9.49600000934108 47.20700000848529 9.492000009339852
                                                            47.2000000084835 9.491000009339626 47.19800000848291
                                                            9.490000009339067 47.197000008482824 9.489000009339524
                                                            47.19300000848136 9.489000009339867 47.19200000848092
                                                            9.488000009340993 47.18600000847861 9.487000009340765
                                                            47.18400000847803 9.487000009341102 47.18300000847757
                                                            9.487000009341445 47.18200000847713 9.489000009344945
                                                            47.17700000847429 9.491000009348777 47.171000008470955
                                                            9.492000009351367 47.16600000846842 9.49300000935261
                                                            47.16500000846762 9.49500000935543 47.16200000846567
                                                            9.49600000935735 47.15900000846401 9.497000009358588
                                                            47.15800000846323 9.500000009362985 47.15300000846006
                                                            9.501000009364224 47.15200000845926 9.502000009365803
                                                            47.15000000845811 9.504000009367946 47.14900000845693
                                                            9.507000009371666 47.146000008454656 9.50800000937324
                                                            47.14400000845347 9.509000009374484 47.143000008452695
                                                            9.510000009375728 47.142000008451916 9.511000009377641
                                                            47.13900000845027 9.512000009379555 47.1360000084486
                                                            9.51300000938113 47.13400000844735 9.514000009382707
                                                            47.13200000844612 9.516000009387206 47.12400000844191
                                                            9.516000009387541 47.12300000844145 9.517000009390125
                                                            47.11800000843887 9.518000009391368 47.117000008438104
                                                            9.520000009395858 47.109000008433824 9.52000000939653
                                                            47.1070000084329 9.521000009398442 47.10400000843123
                                                            9.521000009399115 47.10200000843032 9.521000009399783
                                                            47.10000000842943 9.521000009400455 47.09800000842853
                                                            9.520000009399883 47.097000008428346 9.519000009399651
                                                            47.09500000842774 9.517000009399185 47.09100000842662
                                                            9.517000009399519 47.09000000842617 9.516000009398951
                                                            47.089000008425984 9.516000009399283 47.08800000842555
                                                            9.515000009398378 47.08800000842589 9.514000009397808
                                                            47.087000008425726 9.512000009396335 47.086000008425906
                                                            9.50400000939076 47.081000008426216 9.494000009383365
                                                            47.076000008427094 9.492000009381883 47.07500000842731
                                                            9.489000009379497 47.0740000084278 9.482000009374138
                                                            47.07100000842859 9.480000009372652 47.070000008428835
                                                            9.477000009370261 47.06900000842934 9.47600000936935
                                                            47.06900000842961 9.475000009368774 47.06800000842952
                                                            9.474000009367867 47.06800000842982 9.474000009368199
                                                            47.067000008429325 9.473000009367622 47.06600000842922
                                                            9.47300000936795 47.06500000842877 9.473000009368615
                                                            47.06300000842785 9.474000009369854 47.06200000842704
                                                            9.477000009375237 47.05400000842241 9.478000009376139
                                                            47.05400000842211 9.478000009375808 47.05500000842257
                                                            9.478000009375148 47.05700000842348 9.480000009376633
                                                            47.05800000842332 9.481000009377874 47.05700000842251
                                                            9.482000009378453 47.058000008422674 9.484000009380267
                                                            47.05800000842202 9.483000009379694 47.05700000842187
                                                            9.483000009380351 47.05500000842097 9.483000009380685
                                                            47.054000008420466 9.484000009381594 47.05400000842016
                                                            9.484000009381923 47.053000008419694 9.486000009384403
                                                            47.05100000841814 9.487000009385314 47.05100000841785
                                                            9.488000009385889 47.052000008417984 9.490000009386712
                                                            47.055000008418745 9.49100000938729 47.05600000841886
                                                            9.492000009387867 47.05700000841901 9.492000009387533
                                                            47.058000008419484 9.493000009388442 47.05800000841915
                                                            9.494000009389346 47.05800000841884 9.495000009390257
                                                            47.0580000084185 9.496000009391162 47.05800000841821
                                                            9.49900000939455 47.056000008416305 9.50100000939636
                                                            47.05600000841565 9.50100000939603 47.05700000841617
                                                            9.501000009395696 47.0580000084166 9.501000009395364
                                                            47.05900000841708 9.502000009396271 47.05900000841673
                                                            9.503000009397176 47.05900000841641 9.504000009398416
                                                            47.05800000841563 9.513000009406241 47.0590000084132
                                                            9.515000009408059 47.059000008412596 9.516000009408629
                                                            47.06000000841273 9.517000009409532 47.060000008412445
                                                            9.5170000094092 47.061000008412876 9.518000009409775
                                                            47.062000008413015 9.525000009415438 47.06400000841171
                                                            9.532000009421436 47.06500000840991 9.53300000942234
                                                            47.06500000840956 9.534000009423247 47.06500000840926
                                                            9.535000009424145 47.065000008408965 9.535000009423811
                                                            47.0660000084094 9.536000009424717 47.06600000840907
                                                            9.537000009425622 47.0660000084088 9.538000009426526
                                                            47.06600000840842 9.539000009427092 47.06700000840856
                                                            9.540000009427999 47.067000008408286 9.5410000094289
                                                            47.06700000840795 9.542000009430135 47.06600000840716
                                                            9.54300000943104 47.06600000840683 9.544000009431942
                                                            47.066000008406526 9.545000009433178 47.065000008405754
                                                            9.546000009434083 47.06500000840545 9.546000009434417
                                                            47.06400000840499 9.54700000943532 47.064000008404676
                                                            9.548000009436224 47.06400000840433 9.549000009437462
                                                            47.063000008403534 9.550000009438364 47.063000008403236
                                                            9.551000009439598 47.06200000840245 9.552000009440835
                                                            47.06100000840168 9.553000009441737 47.061000008401365
                                                            9.553000009442073 47.06000000840089 9.554000009442975
                                                            47.06000000840056 9.55400000944331 47.05900000840006
                                                            9.555000009444214 47.05900000839979 9.555000009444882
                                                            47.05700000839887 9.555000009445216 47.056000008398414
                                                            9.555000009445552 47.055000008397954 9.555000009445882
                                                            47.05400000839749 9.555000009446221 47.053000008397014
                                                            9.556000009447121 47.05300000839669 9.556000009447452
                                                            47.052000008396256 9.557000009448355 47.05200000839594
                                                            9.558000009449929 47.050000008394655 9.559000009450827
                                                            47.05000000839431 9.560000009451732 47.050000008394065
                                                            9.561000009452632 47.05000000839371 9.5610000094523
                                                            47.05100000839413 9.562000009453204 47.051000008393814
                                                            9.563000009454106 47.051000008393515 9.564000009455006
                                                            47.05100000839319 9.564000009454668 47.05200000839364
                                                            9.565000009455574 47.05200000839335 9.566000009456475
                                                            47.05200000839302 9.566000009456138 47.05300000839344
                                                            9.567000009457043 47.053000008393184 9.56800000945794
                                                            47.05300000839283 9.569000009458845 47.05300000839253
                                                            9.570000009459413 47.054000008392656 9.57100000946031
                                                            47.0540000083923 9.57200000946121 47.05400000839201
                                                            9.573000009462117 47.054000008391725 9.57400000946268
                                                            47.055000008391836 9.575000009463581 47.05500000839151
                                                            9.57600000946448 47.05500000839118 9.57700000946538
                                                            47.05500000839087 9.57800000946628 47.05500000839052
                                                            9.579000009467185 47.05500000839021 9.580000009468082
                                                            47.05500000838991 9.581000009468985 47.0550000083896
                                                            9.582000009469883 47.055000008389285 9.583000009470782
                                                            47.05500000838888 9.584000009471682 47.05500000838861
                                                            9.585000009472248 47.05600000838874 9.586000009473144
                                                            47.05600000838844 9.587000009474048 47.0560000083881
                                                            9.588000009474607 47.05700000838823 9.58900000947551
                                                            47.05700000838793 9.590000009476412 47.05700000838755
                                                            9.590000009476073 47.05800000838803 9.591000009476971
                                                            47.0580000083877 9.592000009477875 47.05800000838741
                                                            9.592000009477541 47.05900000838786 9.593000009478438
                                                            47.05900000838756 9.594000009479334 47.059000008387216
                                                            9.59500000948023 47.05900000838691 9.596000009480795
                                                            47.06000000838705 9.597000009481691 47.06000000838672
                                                            9.598000009482597 47.060000008386424 9.599000009483154
                                                            47.06100000838654 9.600000009484052 47.06100000838622
                                                            9.601000009484952 47.06100000838588 9.602000009485849
                                                            47.06100000838556 9.602000009485513 47.06200000838603
                                                            9.603000009486072 47.06300000838615 9.60400000948697
                                                            47.06300000838584 9.605000009487533 47.06400000838599
                                                            9.606000009488767 47.063000008385174 9.607000009489665
                                                            47.06300000838486 9.608000009490565 47.06300000838454
                                                            9.609000009491796 47.06200000838375 9.610000009492698
                                                            47.06200000838344 9.61000000949303 47.06100000838301
                                                            9.611000009493928 47.06100000838268 9.611000009494264
                                                            47.06000000838223 9.612000009495164 47.0600000083819
                                                            9.613000009496396 47.05900000838112 9.6140000094973
                                                            47.05900000838078 9.614000009497632 47.058000008380304
                                                            9.615000009498527 47.05800000838 9.616000009499764
                                                            47.05700000837922 9.61700000950066 47.05700000837886
                                                            9.618000009501554 47.057000008378544 9.618000009501893
                                                            47.056000008378085 9.619000009503129 47.05500000837731
                                                            9.620000009504022 47.05500000837699 9.62100000950492
                                                            47.05500000837668 9.622000009505815 47.05500000837636
                                                            9.623000009506711 47.05500000837607 9.623000009507047
                                                            47.054000008375546 9.624000009507945 47.05400000837524
                                                            9.625000009508842 47.05400000837492 9.62600000950974
                                                            47.05400000837457 9.627000009510637 47.05400000837426
                                                            9.627000009510974 47.05300000837381 9.628000009511869
                                                            47.05300000837349 9.629000009512424 47.05400000837361
                                                            9.630000009513324 47.0540000083733 9.63000000951366
                                                            47.05300000837285 9.631000009514556 47.053000008372486
                                                            9.632000009515453 47.05300000837216 9.633000009516346
                                                            47.05300000837186 9.634000009517244 47.053000008371555
                                                            9.635000009518139 47.05300000837124 9.636000009519035
                                                            47.05300000837096 9.6360000095187 47.05400000837137
                                                            9.637000009519596 47.054000008371055 9.638000009520487
                                                            47.0540000083707 9.639000009521382 47.054000008370366
                                                            9.639000009521048 47.05500000837085 9.640000009521945
                                                            47.055000008370584 9.641000009522836 47.05500000837023
                                                            9.642000009523729 47.05500000836987 9.642000009523395
                                                            47.05600000837035 9.643000009524291 47.05600000837004
                                                            9.642000009523054 47.05700000837079 9.643000009523956
                                                            47.057000008370466 9.64300000952361 47.05800000837092
                                                            9.643000009523275 47.05900000837139 9.64400000952417
                                                            47.059000008371086 9.645000009525063 47.05900000837075
                                                            9.645000009524724 47.0600000083712 9.645000009524388
                                                            47.06100000837164 9.646000009525283 47.06100000837134
                                                            9.646000009524943 47.062000008371776 9.647000009525838
                                                            47.062000008371456 9.647000009526176 47.06100000837101
                                                            9.648000009527072 47.06100000837067 9.649000009527963
                                                            47.061000008370364 9.65000000952886 47.06100000837002
                                                            9.651000009529751 47.06100000836972 9.652000009530646
                                                            47.06100000836939 9.65300000953154 47.06100000836905
                                                            9.654000009532433 47.06100000836873 9.655000009533662
                                                            47.06000000836796 9.65600000953456 47.060000008367666
                                                            9.657000009535453 47.06000000836732 9.658000009536343
                                                            47.060000008367005 9.659000009537236 47.06000000836665
                                                            9.660000009538132 47.06000000836634 9.661000009539022
                                                            47.06000000836597 9.661000009538686 47.06100000836647
                                                            9.66200000953958 47.06100000836617 9.66300000954047
                                                            47.061000008365816 9.664000009541363 47.06100000836548
                                                            9.665000009542254 47.06100000836517 9.665000009541918
                                                            47.06200000836566 9.666000009542811 47.06200000836532
                                                            9.667000009543703 47.062000008364976 9.668000009544597
                                                            47.062000008364684 9.669000009545487 47.06200000836432
                                                            9.670000009546719 47.06100000836353 9.671000009547612
                                                            47.06100000836323 9.672000009548507 47.06100000836289
                                                            9.673000009549055 47.06200000836299 9.674000009549948
                                                            47.062000008362695 9.67500000955084 47.06200000836234
                                                            9.676000009551734 47.06200000836206 9.676000009551393
                                                            47.06300000836254 9.677000009552286 47.06300000836219
                                                            9.678000009553177 47.06300000836183 9.679000009554064
                                                            47.063000008361534 9.681000009555511 47.06400000836133
                                                            9.68300000955729 47.06400000836069 9.684000009558865
                                                            47.062000008359455 9.684000009559199 47.061000008359024
                                                            9.684000009559542 47.06000000835858 9.685000009560431
                                                            47.06000000835819 9.686000009561662 47.05900000835744
                                                            9.687000009562553 47.0590000083571 9.688000009563446
                                                            47.05900000835679 9.688000009563785 47.058000008356274
                                                            9.689000009564676 47.058000008355954 9.689000009565016
                                                            47.05700000835548 9.690000009565907 47.0570000083552
                                                            9.691000009566796 47.05700000835488 9.693000009568573
                                                            47.057000008354215 9.694000009569468 47.0570000083539
                                                            9.694000009569807 47.056000008353415 9.695000009570697
                                                            47.05600000835308 9.696000009571588 47.0560000083528
                                                            9.696000009571925 47.0550000083523 9.697000009572813
                                                            47.055000008351996 9.698000009573704 47.05500000835169
                                                            9.699000009574597 47.05500000835135 9.699000009574938
                                                            47.0540000083509 9.70100000957672 47.054000008350265
                                                            9.702000009577606 47.054000008349924 9.703000009578494
                                                            47.05400000834957 9.705000009579935 47.0550000083494
                                                            9.708000009582264 47.056000008348875 9.709000009583152
                                                            47.056000008348505 9.709000009583493 47.05500000834811
                                                            9.71000000958472 47.05400000834725 9.71000000958506
                                                            47.053000008346864 9.70900000958417 47.053000008347176
                                                            9.708000009583284 47.05300000834749 9.707000009582732
                                                            47.05200000834736 9.708000009583966 47.0510000083466
                                                            9.708000009584305 47.05000000834612 9.709000009585191
                                                            47.05000000834582 9.710000009586425 47.04900000834501
                                                            9.711000009587313 47.04900000834472 9.712000009588198
                                                            47.04900000834434 9.713000009589427 47.04800000834357
                                                            9.71400000959032 47.048000008343266 9.71500000959121
                                                            47.0480000083429 9.716000009592092 47.04800000834262
                                                            9.716000009592435 47.04700000834215 9.71700000959333
                                                            47.047000008341826 9.718000009594213 47.04700000834148
                                                            9.718000009594554 47.046000008341025 9.719000009595442
                                                            47.046000008340684 9.719000009595781 47.045000008340224
                                                            9.720000009596674 47.04500000833995 9.72100000959756
                                                            47.04500000833959 9.721000009597217 47.04600000834005
                                                            9.722000009598103 47.04600000833969 9.723000009598998
                                                            47.04600000833939 9.724000009599886 47.04600000833907
                                                            9.725000009600775 47.04600000833875 9.72600000960166
                                                            47.04600000833835 9.727000009602547 47.04600000833807
                                                            9.728000009603434 47.046000008337735 9.729000009604663
                                                            47.045000008337 9.730000009605552 47.04500000833667
                                                            9.731000009606436 47.04500000833634 9.732000009607326
                                                            47.045000008336 9.733000009608217 47.04500000833565
                                                            9.734000009609101 47.045000008335336 9.735000009609987
                                                            47.045000008335 9.735000009610332 47.044000008334535
                                                            9.736000009611217 47.04400000833426 9.737000009612107
                                                            47.044000008333896 9.738000009612994 47.044000008333555
                                                            9.739000009613873 47.044000008333256 9.740000009614766
                                                            47.04400000833287 9.741000009615648 47.04400000833255
                                                            9.74200000961654 47.044000008332276 9.743000009617429
                                                            47.04400000833197 9.744000009618652 47.04300000833114
                                                            9.745000009619538 47.04300000833083 9.746000009620422
                                                            47.04300000833046 9.74700000962131 47.04300000833015
                                                            9.747000009621651 47.04200000832968 9.747000009621994
                                                            47.04100000832924 9.748000009623219 47.04000000832845
                                                            9.748000009623556 47.03900000832803 9.749000009624446
                                                            47.03900000832765 9.75000000962533 47.03900000832736
                                                            9.751000009626221 47.039000008327015 9.752000009627103
                                                            47.03900000832669 9.753000009627991 47.039000008326376
                                                            9.754000009628877 47.03900000832605 9.755000009629766
                                                            47.03900000832571 9.756000009630649 47.03900000832541
                                                            9.757000009631536 47.039000008325026 9.758000009632417
                                                            47.03900000832473 9.758000009632076 47.04000000832519
                                                            9.759000009632965 47.040000008324874 9.760000009633847
                                                            47.040000008324505 9.760000009634187 47.03900000832406
                                                            9.761000009635076 47.03900000832375 9.762000009635958
                                                            47.03900000832343 9.762000009635619 47.04000000832386
                                                            9.763000009636501 47.04000000832356 9.763000009636846
                                                            47.03900000832304 9.764000009637728 47.03900000832274
                                                            9.765000009638614 47.03900000832245 9.765000009638275
                                                            47.040000008322906 9.766000009639155 47.04000000832252
                                                            9.767000009640041 47.04000000832223 9.768000009640925
                                                            47.04000000832192 9.768000009640584 47.041000008322385
                                                            9.769000009641468 47.04100000832206 9.770000009642354
                                                            47.04100000832171 9.771000009643236 47.04100000832138
                                                            9.772000009644124 47.04100000832104 9.773000009645003
                                                            47.041000008320715 9.77400000964589 47.041000008320395
                                                            9.775000009646773 47.04100000832003 9.776000009647657
                                                            47.04100000831974 9.777000009648537 47.04100000831942
                                                            9.778000009649768 47.0400000083186 9.77900000965065
                                                            47.040000008318245 9.779000009650309 47.04100000831875
                                                            9.78000000965119 47.04100000831843 9.781000009652416
                                                            47.04000000831763 9.782000009653299 47.04000000831729
                                                            9.783000009654181 47.040000008316994 9.78400000965507
                                                            47.04000000831663 9.785000009655953 47.04000000831635
                                                            9.78600000965683 47.040000008315964 9.786000009657172
                                                            47.03900000831555 9.78700000965806 47.0390000083152
                                                            9.7870000096584 47.03800000831476 9.788000009659287
                                                            47.038000008314455 9.78900000966051 47.037000008313605
                                                            9.790000009661389 47.03700000831332 9.791000009662275
                                                            47.03700000831301 9.791000009662616 47.03600000831255
                                                            9.792000009663498 47.03600000831218 9.79200000966384
                                                            47.035000008311705 9.793000009665063 47.034000008310926
                                                            9.794000009665949 47.03400000831058 9.794000009666291
                                                            47.033000008310125 9.795000009667174 47.03300000830983
                                                            9.796000009668056 47.03300000830946 9.797000009668936
                                                            47.03300000830914 9.79700000966928 47.032000008308664
                                                            9.798000009670163 47.03200000830839 9.799000009671044
                                                            47.032000008308046 9.800000009671926 47.0320000083077
                                                            9.801000009672808 47.03200000830739 9.801000009673148
                                                            47.03100000830692 9.802000009674034 47.0310000083066
                                                            9.803000009674914 47.03100000830627 9.80300000967526
                                                            47.03000000830581 9.80400000967648 47.02900000830502
                                                            9.80500000967736 47.02900000830472 9.806000009678586
                                                            47.028000008303884 9.807000009679815 47.0270000083031
                                                            9.808000009680692 47.027000008302785 9.808000009681034
                                                            47.02600000830229 9.809000009681915 47.02600000830201
                                                            9.8100000096828 47.02600000830167 9.810000009683142
                                                            47.02500000830118 9.811000009684024 47.02500000830088
                                                            9.812000009684903 47.02500000830054 9.81200000968525
                                                            47.02400000830008 9.813000009686128 47.02400000829973
                                                            9.814000009687009 47.02400000829941 9.81500000968789
                                                            47.02400000829905 9.81600000968877 47.024000008298735
                                                            9.817000009689654 47.02400000829844 9.81800000969053
                                                            47.02400000829813 9.819000009691413 47.02400000829777
                                                            9.82000000969229 47.02400000829744 9.820000009692635
                                                            47.023000008297004 9.821000009693517 47.02300000829664
                                                            9.822000009694396 47.023000008296336 9.823000009695276
                                                            47.02300000829599 9.823000009695622 47.02200000829553
                                                            9.824000009696501 47.022000008295144 9.82500000969738
                                                            47.02200000829488 9.826000009698603 47.02100000829404
                                                            9.826000009698946 47.020000008293586 9.827000009699825
                                                            47.020000008293295 9.828000009701052 47.01900000829246
                                                            9.829000009701936 47.01900000829218 9.830000009702811
                                                            47.01900000829184 9.831000009704029 47.01800000829104
                                                            9.832000009705258 47.01700000829023 9.8320000097056
                                                            47.016000008289815 9.833000009706478 47.01600000828948
                                                            9.834000009707356 47.01600000828913 9.83500000970824
                                                            47.016000008288806 9.836000009709117 47.016000008288486
                                                            9.835000009708583 47.015000008288354 9.836000009709464
                                                            47.015000008288006 9.837000009710335 47.015000008287664
                                                            9.837000009710687 47.01400000828722 9.838000009711557
                                                            47.014000008286885 9.838000009711218 47.015000008287345
                                                            9.839000009712102 47.01500000828701 9.840000009712634
                                                            47.01600000828717 9.84200000971405 47.017000008286935
                                                            9.843000009714928 47.0170000082866 9.844000009715804
                                                            47.01700000828626 9.845000009716685 47.017000008285954
                                                            9.84600000971722 47.0180000082861 9.847000009718098
                                                            47.018000008285775 9.84800000971898 47.01800000828543
                                                            9.849000009719857 47.01800000828509 9.850000009720732
                                                            47.01800000828477 9.851000009721613 47.018000008284424
                                                            9.85200000972249 47.0180000082841 9.853000009723367
                                                            47.018000008283764 9.85400000972424 47.01800000828344
                                                            9.8540000097239 47.019000008283896 9.855000009724778
                                                            47.01900000828358 9.856000009725653 47.01900000828324
                                                            9.856000009725308 47.020000008283674 9.857000009726185
                                                            47.02000000828333 9.857000009725843 47.021000008283835
                                                            9.858000009726723 47.0210000082835 9.861000009727974
                                                            47.025000008284366 9.862000009728849 47.025000008284046
                                                            9.863000009730072 47.02400000828324 9.86400000973095
                                                            47.02400000828295 9.865000009731826 47.024000008282584
                                                            9.866000009732701 47.02400000828223 9.867000009733577
                                                            47.02400000828188 9.867000009733923 47.02300000828144
                                                            9.868000009734802 47.02300000828114 9.869000009735677
                                                            47.02300000828081 9.870000009736552 47.02300000828045
                                                            9.871000009737427 47.02300000828015 9.872000009738304
                                                            47.02300000827981 9.873000009739178 47.02300000827947
                                                            9.874000009740056 47.02300000827918 9.875000009740928
                                                            47.023000008278814 9.876000009741807 47.02300000827845
                                                            9.877000009742684 47.023000008278146 9.878000009743555
                                                            47.02300000827782 9.879000009744432 47.02300000827743
                                                            9.879000009744777 47.02200000827701 9.880000009745656
                                                            47.02200000827668 9.881000009746527 47.022000008276336
                                                            9.881000009746876 47.02100000827588 9.88100000974722
                                                            47.02000000827544 9.882000009748092 47.0200000082751
                                                            9.882000009748436 47.019000008274624 9.881000009747563
                                                            47.019000008274936 9.880000009746693 47.01900000827528
                                                            9.88100000974791 47.0180000082745 9.880000009747034
                                                            47.01800000827481 9.879000009746159 47.01800000827515
                                                            9.878000009745282 47.01800000827551 9.87800000974563
                                                            47.01700000827505 9.877000009744755 47.01700000827539
                                                            9.877000009745094 47.01600000827492 9.876000009744219
                                                            47.01600000827527 9.875000009743346 47.01600000827557
                                                            9.874000009742469 47.01600000827588 9.873000009741938
                                                            47.01500000827577 9.872000009741063 47.01500000827612
                                                            9.872000009741404 47.01400000827566 9.873000009742286
                                                            47.014000008275325 9.873000009742626 47.013000008274865
                                                            9.873000009742972 47.01200000827438 9.872000009742097
                                                            47.01200000827471 9.872000009742438 47.011000008274294
                                                            9.873000009743318 47.01100000827393 9.874000009744194
                                                            47.011000008273605 9.874000009744535 47.01000000827314
                                                            9.87500000974541 47.01000000827282 9.875000009745758
                                                            47.009000008272324 9.874000009744883 47.00900000827266
                                                            9.874000009745224 47.008000008272184 9.875000009746099
                                                            47.00800000827186 9.880000009751173 47.00600000826929
                                                            9.881000009752045 47.006000008268934 9.882000009753268
                                                            47.00500000826816 9.884000009755017 47.00500000826753
                                                            9.884000009755363 47.004000008267056 9.88500000975624
                                                            47.00400000826673 9.886000009757113 47.004000008266395
                                                            9.88700000975799 47.004000008266054 9.887000009758331
                                                            47.003000008265566 9.888000009759208 47.00300000826526
                                                            9.889000009760085 47.003000008264884 9.890000009760959
                                                            47.0030000082646 9.890000009761307 47.00200000826413
                                                            9.89000000976165 47.00100000826368 9.890000009761994
                                                            47.00000000826321 9.891000009763212 46.99900000826242
                                                            9.891000009763555 46.99800000826193 9.8910000097639
                                                            46.99700000826147 9.891000009764245 46.99600000826103
                                                            9.89200000976512 46.996000008260694 9.892000009765463
                                                            46.995000008260206 9.892000009765809 46.994000008259746
                                                            9.893000009767027 46.99300000825898 9.893000009767372
                                                            46.992000008258486 9.89300000976772 46.991000008258034
                                                            9.893000009768063 46.990000008257574 9.892000009767184
                                                            46.99000000825786 9.891000009766309 46.99000000825827
                                                            9.891000009766652 46.989000008257776 9.89000000976578
                                                            46.9890000082581 9.889000009764903 46.989000008258465
                                                            9.889000009765246 46.98800000825798 9.888000009764369
                                                            46.9880000082583 9.887000009763497 46.98800000825862
                                                            9.887000009763842 46.98700000825819 9.886000009762963
                                                            46.98700000825851 9.886000009763304 46.98600000825804
                                                            9.885000009762432 46.98600000825839 9.885000009762772
                                                            46.985000008257884 9.885000009763116 46.984000008257404
                                                            9.886000009763993 46.98400000825713 9.886000009764334
                                                            46.98300000825663 9.885000009763804 46.9820000082565
                                                            9.884000009762923 46.982000008256804 9.884000009763271
                                                            46.981000008256366 9.883000009762396 46.981000008256736
                                                            9.883000009762732 46.980000008256255 9.882000009761859
                                                            46.980000008256575 9.882000009762205 46.979000008256094
                                                            9.881000009761326 46.979000008256456 9.881000009761665
                                                            46.978000008255954 9.881000009762012 46.9770000082555
                                                            9.880000009761137 46.97700000825581 9.87900000976026
                                                            46.977000008256155 9.878000009759377 46.9770000082565
                                                            9.878000009759722 46.976000008256 9.877000009758845
                                                            46.97600000825638 9.877000009759188 46.97500000825588
                                                            9.876000009758654 46.97400000825575 9.876000009758993
                                                            46.97300000825527 9.877000009759872 46.97300000825495
                                                            9.877000009760213 46.972000008254476 9.877000009760554
                                                            46.97100000825404 9.8770000097609 46.97000000825355
                                                            9.87700000976124 46.96900000825308 9.876000009760364
                                                            46.96900000825338 9.876000009760705 46.968000008252936
                                                            9.875000009759827 46.96800000825329 9.874000009759289
                                                            46.967000008253166 9.873000009758416 46.96700000825346
                                                            9.873000009758757 46.96600000825301 9.873000009759098
                                                            46.96500000825256 9.87300000975944 46.96400000825206
                                                            9.874000009760318 46.96400000825173 9.874000009760657
                                                            46.96300000825126 9.875000009761875 46.9620000082505
                                                            9.876000009762759 46.962000008250165 9.876000009763098
                                                            46.96100000824968 9.877000009763975 46.96100000824933
                                                            9.878000009764852 46.961000008249016 9.878000009765199
                                                            46.960000008248535 9.879000009766074 46.9600000082482
                                                            9.880000009767295 46.959000008247386 9.880000009767635
                                                            46.958000008246955 9.880000009767977 46.95700000824649
                                                            9.879000009767097 46.95700000824681 9.879000009767442
                                                            46.95600000824635 9.879000009767783 46.9550000082459
                                                            9.879000009768124 46.954000008245366 9.878000009767584
                                                            46.95300000824526 9.877000009766707 46.953000008245596
                                                            9.877000009767047 46.95200000824515 9.876000009766171
                                                            46.952000008245456 9.87700000976739 46.951000008244634
                                                            9.87700000976773 46.95000000824418 9.87800000976861
                                                            46.95000000824385 9.87800000976895 46.94900000824341
                                                            9.878000009769291 46.94800000824293 9.87800000976963
                                                            46.94700000824246 9.878000009769973 46.946000008241995
                                                            9.878000009770313 46.9450000082415 9.878000009770656
                                                            46.9440000082411 9.878000009770995 46.94300000824053
                                                            9.878000009771334 46.942000008240086 9.879000009772213
                                                            46.94200000823974 9.880000009773093 46.942000008239454
                                                            9.880000009772756 46.943000008239885 9.88100000977397
                                                            46.94200000823909 9.88200000977485 46.94200000823875
                                                            9.882000009775188 46.941000008238305 9.881000009774311
                                                            46.94100000823866 9.880000009773436 46.94100000823898
                                                            9.880000009773775 46.94000000823846 9.879000009772895
                                                            46.94000000823878 9.879000009773236 46.93900000823836
                                                            9.878000009772357 46.93900000823868 9.8780000097727
                                                            46.938000008238184 9.878000009773038 46.93700000823772
                                                            9.878000009773379 46.93600000823725 9.879000009774257
                                                            46.93600000823695 9.88000000977514 46.9360000082366
                                                            9.8800000097748 46.93700000823709 9.881000009775676
                                                            46.93700000823673 9.88200000977655 46.937000008236396
                                                            9.883000009777433 46.937000008236076 9.883000009777772
                                                            46.93600000823563 9.884000009778651 46.93600000823528
                                                            9.885000009779528 46.93600000823493 9.88500000977987
                                                            46.93500000823449 9.886000009780748 46.935000008234155
                                                            9.887000009781625 46.93500000823381 9.888000009782504
                                                            46.93500000823347 9.888000009782845 46.934000008233035
                                                            9.889000009783722 46.934000008232644 9.8900000097846
                                                            46.93400000823233 9.891000009785477 46.93400000823203
                                                            9.892000009786354 46.93400000823169 9.89300000978723
                                                            46.934000008231344 9.894000009788114 46.93400000823103
                                                            9.894000009788453 46.93300000823055 9.895000009788987
                                                            46.93400000823069 9.896000009789864 46.93400000823036
                                                            9.896000009790205 46.93300000822989 9.89700000979108
                                                            46.933000008229556 9.898000009791959 46.933000008229214
                                                            9.898000009792305 46.932000008228755 9.899000009793175
                                                            46.932000008228414 9.899000009793516 46.93100000822795
                                                            9.900000009794399 46.93100000822764 9.901000009795272
                                                            46.93100000822731 9.901000009795613 46.93000000822682
                                                            9.901000009795956 46.92900000822633 9.90200000979683
                                                            46.92900000822602 9.903000009797712 46.92900000822567
                                                            9.904000009798587 46.92900000822538 9.905000009799801
                                                            46.92800000822452 9.906000009800678 46.928000008224195
                                                            9.907000009801555 46.928000008223876 9.908000009802775
                                                            46.927000008223075 9.90900000980365 46.92700000822275
                                                            9.911000009805402 46.927000008222066 9.91200000980628
                                                            46.92700000822179 9.913000009807154 46.927000008221434
                                                            9.913000009806812 46.92800000822188 9.914000009807687
                                                            46.92800000822157 9.91400000980803 46.92700000822113
                                                            9.915000009808901 46.92700000822076 9.916000009809782
                                                            46.92700000822044 9.917000009810998 46.92600000821964
                                                            9.91700000981134 46.925000008219136 9.91700000981168
                                                            46.924000008218684 9.918000009812557 46.92400000821835
                                                            9.918000009812896 46.92300000821787 9.919000009813777
                                                            46.92300000821754 9.92000000981499 46.922000008216756
                                                            9.921000009815867 46.922000008216415 9.922000009816744
                                                            46.922000008216095 9.923000009817958 46.921000008215266
                                                            9.92400000981917 46.92000000821446 9.925000009820051
                                                            46.92000000821414 9.926000009820923 46.9200000082138
                                                            9.92700000982214 46.91900000821299 9.928000009823018
                                                            46.91900000821267 9.929000009823891 46.91900000821233
                                                            9.930000009824765 46.919000008212 9.931000009825981
                                                            46.91800000821117 9.932000009826858 46.9180000082109
                                                            9.932000009827195 46.91700000821039 9.933000009828069
                                                            46.91700000821003 9.934000009828946 46.917000008209705
                                                            9.93500000982982 46.91700000820939 9.935000009830164
                                                            46.916000008208904 9.93600000983104 46.91600000820856
                                                            9.937000009831912 46.916000008208265 9.938000009832788
                                                            46.91600000820794 9.938000009833127 46.915000008207464
                                                            9.939000009834002 46.915000008207116 9.940000009834876
                                                            46.91500000820677 9.94100000983575 46.91500000820645
                                                            9.942000009836626 46.91500000820613 9.9430000098375
                                                            46.91500000820581 9.944000009838371 46.91500000820547
                                                            9.945000009839248 46.915000008205126 9.946000009840118
                                                            46.9150000082048 9.946000009840462 46.91400000820432
                                                            9.947000009841332 46.914000008204006 9.948000009842202
                                                            46.914000008203665 9.948000009841865 46.915000008204125
                                                            9.949000009842742 46.91500000820378 9.950000009843613
                                                            46.91500000820343 9.950000009843269 46.91600000820394
                                                            9.951000009844488 46.91500000820315 9.951000009844144
                                                            46.916000008203596 9.952000009845017 46.91600000820327
                                                            9.953000009845889 46.916000008202936 9.954000009846762
                                                            46.91600000820263 9.954000009846421 46.917000008203104
                                                            9.955000009847295 46.91700000820272 9.956000009848168
                                                            46.91700000820239 9.95700000984904 46.91700000820208
                                                            9.958000009849908 46.917000008201725 9.958000009849567
                                                            46.918000008202206 9.959000009850445 46.918000008201915
                                                            9.96000000985131 46.91800000820157 9.961000009852183
                                                            46.91800000820124 9.961000009852526 46.91700000820075
                                                            9.9620000098534 46.917000008200425 9.96300000985427
                                                            46.917000008200105 9.963000009854612 46.9160000081996
                                                            9.964000009855829 46.9150000081988 9.964000009856173
                                                            46.914000008198336 9.96500000985704 46.91400000819801
                                                            9.966000009857915 46.91400000819767 9.96700000985879
                                                            46.91400000819731 9.968000009859658 46.914000008197
                                                            9.969000009860526 46.914000008196645 9.969000009860183
                                                            46.91500000819715 9.970000009861058 46.915000008196806
                                                            9.97100000986193 46.915000008196515 9.9720000098628
                                                            46.91500000819616 9.973000009863672 46.915000008195825
                                                            9.973000009863325 46.916000008196306 9.974000009864202
                                                            46.916000008195944 9.974000009863854 46.91700000819639
                                                            9.975000009864726 46.91700000819611 9.976000009865595
                                                            46.917000008195764 9.976000009865256 46.91800000819626
                                                            9.977000009866126 46.91800000819591 9.978000009866994
                                                            46.91800000819555 9.979000009867862 46.91800000819523
                                                            9.979000009868207 46.917000008194755 9.98000000986908
                                                            46.9170000081944 9.980000009869425 46.91600000819395
                                                            9.981000009870293 46.91600000819361 9.982000009871163
                                                            46.91600000819327 9.982000009871504 46.915000008192806
                                                            9.982000009871848 46.91400000819233 9.983000009872722
                                                            46.91400000819199 9.983000009873061 46.913000008191524
                                                            9.983000009873408 46.91200000819105 9.984000009874277
                                                            46.91200000819072 9.983000009873754 46.91100000819058
                                                            9.983000009874091 46.91000000819007 9.983000009874438
                                                            46.90900000818958 9.984000009875649 46.90800000818882
                                                            9.985000009876519 46.90800000818848 9.986000009877394
                                                            46.90800000818819 9.986000009877735 46.90700000818771
                                                            9.987000009878258 46.908000008187834 9.987000009878601
                                                            46.90700000818736 9.988000009879475 46.90700000818701
                                                            9.989000009880343 46.90700000818668 9.989000009880687
                                                            46.906000008186226 9.990000009881555 46.90600000818588
                                                            9.990000009881898 46.90500000818538 9.991000009882764
                                                            46.90500000818506 9.991000009883109 46.90400000818462
                                                            9.99200000988398 46.90400000818429 9.993000009884852
                                                            46.904000008183914 9.994000009885719 46.904000008183594
                                                            9.99500000988659 46.90400000818328 9.99600000988746
                                                            46.90400000818297 9.997000009888332 46.90400000818261
                                                            9.998000009889196 46.90400000818229 9.999000009890068
                                                            46.90400000818194 9.999000009890414 46.903000008181465
                                                            10.00000000989128 46.903000008181145 10.001000009892147
                                                            46.90300000818077 10.00100000989249 46.9020000081803
                                                            10.002000009893363 46.90200000817997 10.003000009894228
                                                            46.902000008179634 10.003000009894576 46.901000008179174
                                                            10.004000009895437 46.901000008178826 10.00500000989631
                                                            46.901000008178485 10.006000009897178 46.90100000817818
                                                            10.007000009898048 46.90100000817786 10.008000009898913
                                                            46.90100000817746 10.009000009899784 46.90100000817716
                                                            10.00900000989944 46.90200000817763 10.010000009900311
                                                            46.9020000081773 10.011000009901176 46.90200000817696
                                                            10.012000009902046 46.90200000817664 10.013000009902916
                                                            46.902000008176294 10.014000009903784 46.902000008175946
                                                            10.015000009904652 46.90200000817563 10.016000009905515
                                                            46.90200000817529 10.017000009906383 46.902000008174966
                                                            10.017000009906043 46.90300000817542 10.01800000990691
                                                            46.90300000817507 10.019000009907776 46.903000008174786
                                                            10.020000009908644 46.90300000817442 10.020000009908987
                                                            46.902000008173935 10.021000009909859 46.90200000817363
                                                            10.021000009910201 46.90100000817316 10.02200000991107
                                                            46.90100000817281 10.022000009911409 46.90000000817232
                                                            10.023000009912279 46.900000008172015 10.024000009913145
                                                            46.90000000817167 10.024000009913484 46.89900000817118
                                                            10.025000009914354 46.899000008170844 10.025000009914699
                                                            46.89800000817039 10.026000009915569 46.89800000817002
                                                            10.027000009916433 46.89800000816971 10.028000009917298
                                                            46.89800000816939 10.028000009917646 46.89700000816894
                                                            10.029000009918853 46.89600000816809 10.029000009919198
                                                            46.89500000816762 10.030000009920066 46.8950000081673
                                                            10.030000009920407 46.894000008166806 10.030000009920755
                                                            46.89300000816631 10.031000009921616 46.89300000816598
                                                            10.032000009922488 46.89300000816568 10.032000009922827
                                                            46.892000008165205 10.033000009924043 46.89100000816439
                                                            10.034000009924908 46.891000008164035 10.03400000992525
                                                            46.89000000816356 10.035000009926458 46.889000008162746
                                                            10.036000009927328 46.889000008162476 10.036000009927672
                                                            46.88800000816198 10.037000009928192 46.889000008162085
                                                            10.03800000992906 46.88900000816179 10.039000009929925
                                                            46.8890000081614 10.03900000993027 46.88800000816093
                                                            10.040000009931138 46.88800000816059 10.041000009932008
                                                            46.88800000816025 10.041000009932347 46.887000008159795
                                                            10.04200000993355 46.886000008158966 10.04300000993442
                                                            46.88600000815866 10.042000009933899 46.885000008158464
                                                            10.043000009934765 46.88500000815818 10.043000009935108
                                                            46.88400000815764 10.043000009935449 46.883000008157225
                                                            10.044000009936319 46.883000008156884 10.044000009936662
                                                            46.88200000815638 10.04500000993753 46.882000008156076
                                                            10.046000009938393 46.88200000815572 10.047000009939262
                                                            46.882000008155416 10.047000009939605 46.881000008154935
                                                            10.048000009940473 46.881000008154565 10.049000009941334
                                                            46.88100000815423 10.049000009941677 46.880000008153765
                                                            10.050000009942542 46.88000000815344 10.051000009943753
                                                            46.87900000815263 10.052000009944615 46.87900000815228
                                                            10.053000009945826 46.87800000815147 10.054000009946696
                                                            46.878000008151176 10.054000009947039 46.877000008150674
                                                            10.053000009946517 46.87600000815053 10.05300000994686
                                                            46.87500000815003 10.053000009947203 46.87400000814956
                                                            10.052000009946681 46.873000008149404 10.05300000994789
                                                            46.872000008148596 10.052000009947024 46.87200000814897
                                                            10.052000009947367 46.87100000814845 10.05200000994771
                                                            46.870000008147976 10.052000009948054 46.86900000814753
                                                            10.052000009948397 46.86800000814706 10.052000009948742
                                                            46.867000008146555 10.052000009949083 46.866000008146095
                                                            10.05300000994995 46.86600000814574 10.053000009950296
                                                            46.86500000814528 10.054000009951157 46.865000008144925
                                                            10.055000009952025 46.865000008144605 10.055000009952362
                                                            46.86400000814408 10.056000009953232 46.864000008143776
                                                            10.05700000995444 46.863000008142976 10.058000009954963
                                                            46.86400000814312 10.059000009955827 46.864000008142774
                                                            10.060000009957035 46.863000008141974 10.061000009957903
                                                            46.86300000814162 10.062000009958762 46.86300000814129
                                                            10.063000009959632 46.86300000814095 10.065000009961361
                                                            46.86300000814028 10.066000009962227 46.86300000813997
                                                            10.06700000996309 46.86300000813963 10.068000009963955
                                                            46.8630000081393 10.069000009964823 46.86300000813893
                                                            10.070000009965685 46.86300000813863 10.071000009966548
                                                            46.86300000813828 10.072000009967415 46.863000008137945
                                                            10.073000009968277 46.86300000813761 10.074000009968794
                                                            46.864000008137744 10.075000009969658 46.86400000813743
                                                            10.076000009970521 46.864000008137076 10.077000009971385
                                                            46.86400000813676 10.078000009972252 46.86400000813639
                                                            10.078000009972596 46.863000008135934 10.079000009973461
                                                            46.863000008135586 10.08000000997432 46.86300000813527
                                                            10.081000009975186 46.863000008134904 10.08200000997605
                                                            46.86300000813458 10.082000009976394 46.862000008134096
                                                            10.083000009977257 46.862000008133776 10.084000009978121
                                                            46.862000008133414 10.085000009978984 46.8620000081331
                                                            10.087000009980706 46.86200000813243 10.087000009980365
                                                            46.86300000813289 10.089000009982085 46.863000008132225
                                                            10.089000009982433 46.862000008131744 10.090000009983294
                                                            46.8620000081314 10.091000009984501 46.86100000813058
                                                            10.092000009985364 46.86100000813022 10.093000009986229
                                                            46.86100000812991 10.09300000998657 46.8600000081294
                                                            10.094000009987434 46.860000008129106 10.094000009987777
                                                            46.85900000812861 10.094000009988118 46.85800000812815
                                                            10.093000009987263 46.858000008128464 10.093000009987602
                                                            46.85700000812796 10.093000009987948 46.85600000812756
                                                            10.093000009988293 46.855000008127035 10.094000009989154
                                                            46.855000008126694 10.094000009989497 46.85400000812623
                                                            10.09300000998898 46.8530000081261 10.09400000998984
                                                            46.8530000081258 10.09500000999105 46.85200000812491
                                                            10.09700000999277 46.85200000812429 10.09800000999398
                                                            46.85100000812341 10.098000009994324 46.85000000812294
                                                            10.099000009995187 46.850000008122606 10.099000009995532
                                                            46.84900000812213 10.100000009996396 46.849000008121806
                                                            10.101000009997255 46.84900000812146 10.102000009998461
                                                            46.84800000812069 10.102000009998804 46.847000008120176
                                                            10.103000009999667 46.84700000811983 10.104000010000869
                                                            46.846000008119034 10.104000010001217 46.845000008118504
                                                            10.105000010002419 46.8440000081177 10.106000010003285
                                                            46.84400000811738 10.106000010003626 46.84300000811692
                                                            10.107000010004485 46.84300000811658 10.108000010005346
                                                            46.84300000811621 10.109000010006211 46.84300000811588
                                                            10.110000010007072 46.84300000811555 10.111000010007933
                                                            46.84300000811523 10.11100001000759 46.84400000811567
                                                            10.11200001000845 46.84400000811537 10.113000010009312
                                                            46.84400000811502 10.114000010010175 46.8440000081147
                                                            10.115000010011036 46.844000008114364 10.115000010010693
                                                            46.84500000811483 10.116000010011552 46.84500000811446
                                                            10.117000010012415 46.845000008114155 10.117000010012067
                                                            46.84600000811463 10.11800001001293 46.84600000811431
                                                            10.119000010013787 46.84600000811397 10.120000010014646
                                                            46.84600000811363 10.121000010015507 46.846000008113286
                                                            10.121000010015166 46.847000008113774 10.121000010014821
                                                            46.84800000811422 10.122000010015677 46.848000008113914
                                                            10.121000010014477 46.849000008114736 10.122000010015338
                                                            46.84900000811437 10.123000010016193 46.849000008114025
                                                            10.124000010017054 46.849000008113734 10.124000010016712
                                                            46.85000000811419 10.12500001001757 46.85000000811385
                                                            10.126000010018432 46.850000008113575 10.127000010019291
                                                            46.85000000811316 10.128000010020148 46.85000000811287
                                                            10.129000010021004 46.85000000811252 10.13000001002187
                                                            46.85000000811219 10.131000010022726 46.85000000811184
                                                            10.132000010023587 46.85000000811151 10.132000010023928
                                                            46.84900000811102 10.133000010024789 46.84900000811067
                                                            10.13400001002565 46.849000008110316 10.134000010025305
                                                            46.850000008110854 10.13500001002651 46.849000008109996
                                                            10.136000010027367 46.84900000810966 10.13700001002823
                                                            46.84900000810932 10.138000010029083 46.84900000810897
                                                            10.139000010029948 46.84900000810864 10.140000010030803
                                                            46.849000008108284 10.141000010031659 46.84900000810795
                                                            10.142000010032522 46.849000008107645 10.142000010032174
                                                            46.85000000810814 10.143000010033033 46.850000008107784
                                                            10.144000010033887 46.85000000810743 10.144000010033547
                                                            46.851000008107924 10.145000010034403 46.85100000810755
                                                            10.146000010035262 46.85100000810724 10.146000010034914
                                                            46.852000008107716 10.14600001003457 46.853000008108204
                                                            10.147000010035427 46.853000008107884 10.148000010036284
                                                            46.85300000810755 10.149000010037145 46.85300000810719
                                                            10.150000010037997 46.853000008106875 10.151000010038858
                                                            46.8530000081065 10.152000010039716 46.85300000810618
                                                            10.153000010040572 46.85300000810585 10.153000010040918
                                                            46.85200000810534 10.154000010041775 46.85200000810502
                                                            10.154000010041425 46.85300000810549 10.15500001004263
                                                            46.85200000810467 10.156000010043488 46.85200000810436
                                                            10.157000010044346 46.852000008104014 10.157000010044689
                                                            46.85100000810353 10.157000010045037 46.85000000810306
                                                            10.158000010045894 46.85000000810271 10.159000010046752
                                                            46.85000000810237 10.16000001004761 46.850000008102036
                                                            10.161000010048122 46.85100000810216 10.163000010049485
                                                            46.85200000810199 10.164000010049994 46.85300000810212
                                                            10.16500001005085 46.85300000810175 10.169000010054273
                                                            46.85300000810043 10.170000010055475 46.8520000080996
                                                            10.170000010055128 46.85300000810007 10.171000010055984
                                                            46.85300000809975 10.17200001005684 46.853000008099414
                                                            10.172000010056495 46.854000008099916 10.172000010056145
                                                            46.85500000810039 10.173000010056999 46.855000008100035
                                                            10.173000010056654 46.85600000810049 10.174000010057508
                                                            46.85600000810014 10.174000010057854 46.855000008099665
                                                            10.175000010058366 46.85600000809983 10.17600001005922
                                                            46.856000008099464 10.176000010059566 46.85500000809899
                                                            10.177000010060418 46.85500000809867 10.177000010060075
                                                            46.85600000809915 10.17800001006093 46.8560000080988
                                                            10.179000010061785 46.856000008098476 10.180000010062633
                                                            46.85600000809809 10.180000010062288 46.85700000809858
                                                            10.181000010063148 46.85700000809824 10.182000010064002
                                                            46.857000008097906 10.183000010064854 46.85700000809758
                                                            10.183000010064509 46.85800000809808 10.184000010065361
                                                            46.85800000809774 10.18400001006501 46.8590000080982
                                                            10.184000010064661 46.860000008098666 10.185000010065522
                                                            46.86000000809835 10.185000010065174 46.861000008098806
                                                            10.186000010066023 46.861000008098465 10.186000010065678
                                                            46.86200000809897 10.187000010066528 46.86200000809862
                                                            10.18700001006618 46.863000008099114 10.188000010067034
                                                            46.86300000809875 10.189000010067886 46.86300000809845
                                                            10.19000001006874 46.863000008098105 10.190000010068392
                                                            46.86400000809855 10.19100001006925 46.86400000809824
                                                            10.192000010070101 46.864000008097904 10.192000010069753
                                                            46.865000008098406 10.193000010070605 46.865000008098065
                                                            10.193000010070255 46.86600000809846 10.19400001007111
                                                            46.86600000809813 10.194000010070763 46.867000008098614
                                                            10.195000010071265 46.86800000809876 10.196000010072117
                                                            46.8680000080984 10.197000010072626 46.869000008098546
                                                            10.198000010073475 46.869000008098226 10.199000010074675
                                                            46.86800000809744 10.200000010075529 46.868000008097056
                                                            10.201000010076383 46.86800000809672 10.202000010077233
                                                            46.868000008096374 10.203000010078084 46.868000008096026
                                                            10.203000010078433 46.867000008095545 10.204000010079286
                                                            46.86700000809523 10.205000010080134 46.86700000809488
                                                            10.206000010080988 46.86700000809457 10.20700001008184
                                                            46.8670000080942 10.208000010082689 46.86700000809385
                                                            10.209000010083543 46.86700000809351 10.211000010085243
                                                            46.867000008092845 10.213000010086946 46.86700000809216
                                                            10.215000010088298 46.86800000809196 10.21600001008915
                                                            46.86800000809163 10.217000010090002 46.86800000809129
                                                            10.218000010090504 46.86900000809142 10.219000010091357
                                                            46.86900000809108 10.220000010092209 46.86900000809074
                                                            10.221000010093052 46.86900000809038 10.222000010093904
                                                            46.86900000809007 10.223000010094756 46.86900000808974
                                                            10.223000010095106 46.86800000808926 10.224000010095953
                                                            46.86800000808886 10.225000010096805 46.86800000808856
                                                            10.226000010097653 46.86800000808824 10.227000010098509
                                                            46.868000008087876 10.228000010099354 46.86800000808753
                                                            10.229000010100199 46.868000008087165 10.230000010101055
                                                            46.868000008086845 10.2310000101019 46.868000008086504
                                                            10.232000010102748 46.86800000808616 10.234000010104447
                                                            46.86800000808549 10.233000010103252 46.8690000080863
                                                            10.233000010102902 46.87000000808679 10.2320000101017
                                                            46.87100000808759 10.233000010102202 46.87200000808773
                                                            10.234000010103049 46.872000008087376 10.2340000101027
                                                            46.87300000808785 10.234000010102347 46.874000008088316
                                                            10.234000010101994 46.875000008088826 10.234000010101646
                                                            46.8760000080893 10.234000010101298 46.877000008089745
                                                            10.23300001010045 46.8770000080901 10.233000010100097
                                                            46.87800000809057 10.234000010100942 46.87800000809021
                                                            10.23400001010059 46.87900000809069 10.235000010101441
                                                            46.87900000809039 10.235000010101093 46.880000008090825
                                                            10.235000010100741 46.881000008091334 10.236000010101584
                                                            46.881000008090965 10.23600001010124 46.88200000809143
                                                            10.236000010100888 46.88300000809191 10.23500001010004
                                                            46.883000008092274 10.235000010099686 46.88400000809273
                                                            10.236000010100184 46.885000008092874 10.236000010099833
                                                            46.88600000809332 10.236000010099481 46.88700000809379
                                                            10.236000010099133 46.888000008094274 10.23500001009828
                                                            46.88800000809463 10.23400001009743 46.888000008094956
                                                            10.234000010097084 46.88900000809548 10.233000010095887
                                                            46.89000000809624 10.232000010095035 46.890000008096585
                                                            10.23200001009468 46.891000008097066 10.231000010093835
                                                            46.89100000809742 10.23000001009299 46.89100000809777
                                                            10.230000010092636 46.89200000809822 10.229000010091788
                                                            46.89200000809858 10.229000010091433 46.89300000809903
                                                            10.229000010091081 46.894000008099546 10.228000010090234
                                                            46.894000008099844 10.228000010089882 46.895000008100325
                                                            10.22800001008953 46.8960000081008 10.22800001008918
                                                            46.89700000810128 10.227000010087984 46.89800000810211
                                                            10.227000010087629 46.89900000810254 10.22800001008848
                                                            46.89900000810223 10.229000010089322 46.899000008101865
                                                            10.23000001009018 46.899000008101545 10.230000010089826
                                                            46.900000008102005 10.231000010090671 46.900000008101664
                                                            10.232000010091516 46.90000000810134 10.232000010091161
                                                            46.901000008101796 10.233000010092018 46.90100000810147
                                                            10.233000010091663 46.90200000810193 10.23400001009251
                                                            46.90200000810157 10.234000010092156 46.90300000810203
                                                            10.235000010092653 46.90400000810218 10.2350000100923
                                                            46.90500000810262 10.235000010091948 46.906000008103135
                                                            10.236000010092793 46.9060000081028 10.236000010092441
                                                            46.90700000810324 10.235000010091595 46.90700000810355
                                                            10.235000010091243 46.90800000810407 10.236000010092091
                                                            46.90800000810372 10.236000010091736 46.90900000810415
                                                            10.236000010091384 46.910000008104625 10.23600001009103
                                                            46.911000008105155 10.237000010091883 46.91100000810479
                                                            10.237000010091526 46.91200000810526 10.237000010091174
                                                            46.913000008105726 10.23800001009202 46.91300000810537
                                                            10.238000010091666 46.91400000810587 10.23800001009131
                                                            46.91500000810633 10.23800001009096 46.916000008106835
                                                            10.238000010090607 46.91700000810727 10.238000010090254
                                                            46.91800000810774 10.239000010091102 46.91800000810741
                                                            10.240000010091949 46.91800000810707 10.241000010092794
                                                            46.9180000081067 10.241000010092439 46.91900000810716
                                                            10.242000010093289 46.91900000810681 10.242000010092934
                                                            46.920000008107294 10.24300001009378 46.920000008106925
                                                            10.243000010093425 46.921000008107455 10.244000010094272
                                                            46.92100000810709 10.243000010093073 46.92200000810791
                                                            10.243000010092716 46.92300000810838 10.242000010091873
                                                            46.92300000810874 10.242000010091518 46.92400000810917
                                                            10.242000010091164 46.92500000810961 10.242000010090813
                                                            46.9260000081101 10.242000010090457 46.927000008110596
                                                            10.242000010090104 46.92800000811104 10.243000010090597
                                                            46.92900000811116 10.243000010090238 46.930000008111634
                                                            10.243000010089887 46.9310000081121 10.243000010089535
                                                            46.932000008112595 10.24200001008833 46.93300000811337
                                                            10.243000010088826 46.934000008113514 10.254000010098476
                                                            46.933000008109296 10.258000010102206 46.93200000810746
                                                            10.259000010103051 46.93200000810709 10.261000010105096
                                                            46.931000008105926 10.264000010107628 46.9310000081049
                                                            10.266000010109318 46.93100000810421 10.268000010111
                                                            46.931000008103524 10.272000010114732 46.93000000810169
                                                            10.27400001011677 46.92900000810052 10.281000010123382
                                                            46.92700000809719 10.291000010132512 46.925000008092816
                                                            10.292000010133352 46.9250000080925 10.293000010134547
                                                            46.924000008091674 10.295000010136233 46.92400000809101
                                                            10.298000010139466 46.92200000808902 10.299000010139952
                                                            46.92300000808916 10.300000010140439 46.92400000808928
                                                            10.30000001014008 46.92500000808972 10.301000010140921
                                                            46.92500000808937 10.301000010140566 46.92600000808985
                                                            10.302000010141404 46.926000008089545 10.302000010141052
                                                            46.92700000809001 10.304000010142733 46.9270000080893
                                                            10.305000010143571 46.92700000808894 10.30600001014441
                                                            46.92700000808859 10.308000010146095 46.92700000808795
                                                            10.30900001014693 46.92700000808753 10.311000010148256
                                                            46.92800000808736 10.312000010149088 46.928000008087
                                                            10.312000010149449 46.92700000808655 10.314000010151128
                                                            46.92700000808585 10.31500001015197 46.927000008085535
                                                            10.317000010153647 46.9270000080848 10.318000010154485
                                                            46.927000008084434 10.318000010154126 46.92800000808492
                                                            10.318000010153767 46.9290000080854 10.318000010153412
                                                            46.93000000808585 10.318000010153055 46.93100000808636
                                                            10.318000010152698 46.932000008086774 10.319000010153545
                                                            46.932000008086455 10.31900001015318 46.9330000080869
                                                            10.31800001015234 46.933000008087255 10.318000010151987
                                                            46.934000008087736 10.317000010151148 46.934000008088056
                                                            10.316000010149951 46.93500000808887 10.315000010149113
                                                            46.93500000808924 10.315000010148752 46.93600000808969
                                                            10.314000010147915 46.93600000809002 10.313000010147078
                                                            46.93600000809038 10.31300001014672 46.93700000809084
                                                            10.312000010145876 46.93700000809119 10.312000010145521
                                                            46.93800000809167 10.31100001014468 46.938000008092004
                                                            10.311000010144324 46.93900000809247 10.310000010143485
                                                            46.939000008092826 10.310000010143128 46.940000008093314
                                                            10.30900001014229 46.94000000809359 10.308000010141091
                                                            46.94100000809443 10.308000010140734 46.942000008094894
                                                            10.308000010140379 46.94300000809535 10.308000010140018
                                                            46.94400000809581 10.309000010140858 46.94400000809548
                                                            10.309000010140501 46.94500000809594 10.31000001014134
                                                            46.94500000809561 10.309000010140144 46.94600000809642
                                                            10.309000010139785 46.94700000809685 10.309000010139428
                                                            46.948000008097324 10.309000010139071 46.9490000080978
                                                            10.309000010138709 46.95000000809826 10.310000010139552
                                                            46.95000000809792 10.310000010139197 46.95100000809838
                                                            10.31100001014003 46.95100000809804 10.311000010139672
                                                            46.95200000809849 10.312000010140508 46.952000008098146
                                                            10.313000010140994 46.95300000809826 10.314000010141829
                                                            46.953000008097916 10.315000010142665 46.95300000809756
                                                            10.316000010143506 46.95300000809724 10.317000010144348
                                                            46.95300000809692 10.318000010145184 46.953000008096566
                                                            10.31900001014602 46.953000008096204 10.319000010145666
                                                            46.95400000809665 10.320000010146503 46.95400000809633
                                                            10.321000010147337 46.95400000809597 10.322000010148535
                                                            46.95300000809518 10.325000010150692 46.95400000809463
                                                            10.326000010151528 46.954000008094255 10.327000010152362
                                                            46.95400000809391 10.327000010152002 46.95500000809438
                                                            10.328000010152842 46.955000008094 10.329000010153317
                                                            46.95600000809412 10.329000010152956 46.95700000809458
                                                            10.330000010153794 46.95700000809428 10.330000010153437
                                                            46.95800000809474 10.330000010153075 46.95900000809515
                                                            10.331000010153911 46.95900000809483 10.331000010153552
                                                            46.960000008095264 10.331000010153193 46.96100000809575
                                                            10.331000010152833 46.962000008096226 10.331000010152477
                                                            46.96300000809668 10.330000010151275 46.96400000809747
                                                            10.331000010152115 46.96400000809715 10.331000010151755
                                                            46.965000008097626 10.331000010151392 46.96600000809806
                                                            10.331000010151035 46.9670000080985 10.332000010151875
                                                            46.96700000809819 10.332000010151514 46.96800000809863
                                                            10.333000010151988 46.96900000809875 10.33400001015282
                                                            46.96900000809844 10.334000010152462 46.970000008098864
                                                            10.3350000101533 46.97000000809852 10.33500001015294
                                                            46.971000008098976 10.336000010153414 46.972000008099116
                                                            10.335000010152582 46.972000008099435 10.336000010153054
                                                            46.97300000809954 10.336000010152691 46.97400000810003
                                                            10.337000010153167 46.97500000810012 10.338000010153284
                                                            46.977000008100696 10.34000001015459 46.978000008100466
                                                            10.34100001015506 46.97900000810058 10.342000010155537
                                                            46.98000000810067 10.341000010153978 46.982000008101956
                                                            10.341000010153618 46.98300000810243 10.342000010154456
                                                            46.98300000810207 10.342000010154093 46.98400000810249
                                                            10.34300001015493 46.98400000810214 10.344000010155762
                                                            46.98400000810186 10.345000010156594 46.98400000810148
                                                            10.346000010157068 46.9850000081016 10.346000010156706
                                                            46.98600000810208 10.34700001015754 46.986000008101726
                                                            10.34700001015718 46.987000008102214 10.348000010157648
                                                            46.98800000810226 10.347000010156819 46.98800000810261
                                                            10.348000010157287 46.98900000810277 10.347000010156451
                                                            46.989000008103076 10.348000010156925 46.9900000081032
                                                            10.348000010156568 46.991000008103654 10.349000010157397
                                                            46.991000008103306 10.35000001015787 46.99200000810342
                                                            10.350000010157505 46.99300000810385 10.351000010158339
                                                            46.993000008103536 10.352000010159173 46.99300000810318
                                                            10.353000010160004 46.99300000810279 10.35400001016084
                                                            46.993000008102484 10.354000010160476 46.99400000810293
                                                            10.35500001016131 46.99400000810257 10.356000010162143
                                                            46.99400000810224 10.357000010162974 46.99400000810187
                                                            10.35800001016381 46.99400000810157 10.35900001016464
                                                            46.99400000810121 10.360000010165471 46.994000008100876
                                                            10.360000010165834 46.99300000810039 10.361000010166668
                                                            46.99300000810006 10.361000010166306 46.9940000081005
                                                            10.362000010167502 46.993000008099706 10.36300001016797
                                                            46.99400000809984 10.363000010168335 46.99300000809937
                                                            10.36400001016917 46.99300000809901 10.365000010169997
                                                            46.99300000809865 10.366000010170827 46.993000008098306
                                                            10.367000010171662 46.99300000809801 10.36800001017249
                                                            46.99300000809761 10.369000010173323 46.99300000809729
                                                            10.370000010174152 46.99300000809695 10.371000010174985
                                                            46.99300000809658 10.37200001017582 46.99300000809624
                                                            10.37200001017618 46.99200000809578 10.373000010176645
                                                            46.99300000809588 10.37400001017748 46.993000008095535
                                                            10.374000010177118 46.99400000809598 10.375000010177946
                                                            46.99400000809563 10.375000010177583 46.99500000809612
                                                            10.376000010178418 46.99500000809576 10.377000010179247
                                                            46.99500000809544 10.378000010179715 46.99600000809551
                                                            10.379000010180542 46.996000008095194 10.37900001018018
                                                            46.99700000809559 10.380000010181009 46.99700000809526
                                                            10.380000010180645 46.998000008095715 10.381000010181479
                                                            46.99800000809539 10.381000010181111 46.999000008095834
                                                            10.38200001018194 46.99900000809549 10.383000010182773
                                                            46.99900000809512 10.383000010182405 47.000000008095604
                                                            10.384000010183241 47.00000000809525 10.384000010182874
                                                            47.00100000809567 10.385000010183704 47.00100000809537
                                                            10.386000010184533 47.001000008095005 10.386000010184171
                                                            47.002000008095465 10.387000010184996 47.00200000809514
                                                            10.388000010185827 47.002000008094754 10.389000010186656
                                                            47.00200000809443 10.390000010187489 47.0020000080941
                                                            10.391000010188314 47.00200000809371 10.393000010189976
                                                            47.00200000809302 10.396000010192829 47.001000008091495
                                                            10.39600001019319 47.00000000809105 10.40000001019687
                                                            46.99900000808924 10.401000010198791 46.9960000080875
                                                            10.402000010200346 46.994000008086246 10.40400001020237
                                                            46.99300000808508 10.407000010205582 46.99100000808311
                                                            10.408000010206413 46.99100000808276 10.408000010206774
                                                            46.99000000808232 10.409000010207603 46.990000008081985
                                                            10.409000010207972 46.989000008081504 10.410000010208796
                                                            46.98900000808116 10.410000010209158 46.988000008080725
                                                            10.411000010209987 46.988000008080355 10.411000010210351
                                                            46.987000008079896 10.412000010211178 46.98700000807958
                                                            10.412000010211548 46.986000008079095 10.41300001021237
                                                            46.98600000807874 10.413000010212732 46.9850000080783
                                                            10.414000010213561 46.98500000807793 10.41400001021393
                                                            46.98400000807747 10.415000010214756 46.98400000807713
                                                            10.41600001021558 46.98400000807679 10.417000010216409
                                                            46.98400000807643 10.417000010216775 46.98300000807598
                                                            10.4180000102176 46.98300000807562 10.419000010218431
                                                            46.98300000807524 10.420000010219258 46.98300000807493
                                                            10.421000010220082 46.983000008074576 10.421000010220444
                                                            46.9820000080741 10.422000010221272 46.9820000080738
                                                            10.422000010221641 46.98100000807331 10.423000010222468
                                                            46.98100000807299 10.42400001022329 46.981000008072655
                                                            10.424000010223656 46.980000008072146 10.425000010224483
                                                            46.980000008071805 10.426000010225309 46.980000008071464
                                                            10.426000010225675 46.97900000807101 10.427000010226504
                                                            46.97900000807067 10.427000010226868 46.97800000807018
                                                            10.428000010227693 46.97800000806987 10.428000010228057
                                                            46.97700000806942 10.429000010228883 46.97700000806901
                                                            10.429000010229249 46.976000008068574 10.42800001022842
                                                            46.97600000806898 10.428000010228788 46.9750000080685
                                                            10.429000010229615 46.97500000806815 10.429000010229972
                                                            46.97400000806766 10.428000010229512 46.973000008067565
                                                            10.428000010229878 46.9720000080671 10.428000010230242
                                                            46.97100000806662 10.427000010229413 46.97100000806698
                                                            10.42700001022978 46.97000000806652 10.426000010228952
                                                            46.97000000806685 10.426000010229314 46.96900000806642
                                                            10.426000010229679 46.968000008065964 10.425000010228851
                                                            46.968000008066284 10.424000010228022 46.96800000806663
                                                            10.424000010228388 46.96700000806619 10.42400001022875
                                                            46.96600000806573 10.424000010229115 46.96500000806528
                                                            10.424000010229475 46.9640000080648 10.424000010229841
                                                            46.96300000806436 10.423000010229018 46.96300000806474
                                                            10.424000010230204 46.962000008063896 10.425000010231033
                                                            46.962000008063555 10.425000010231397 46.96100000806311
                                                            10.426000010232222 46.96100000806274 10.426000010232588
                                                            46.96000000806226 10.427000010233415 46.96000000806191
                                                            10.428000010234605 46.95900000806111 10.429000010235432
                                                            46.95900000806074 10.429000010235796 46.95800000806031
                                                            10.43000001023662 46.95800000805995 10.431000010237446
                                                            46.95800000805962 10.432000010238278 46.95800000805929
                                                            10.4330000102391 46.95800000805892 10.43400001023993
                                                            46.95800000805858 10.435000010240756 46.95800000805821
                                                            10.436000010241582 46.95800000805787 10.437000010242409
                                                            46.958000008057525 10.43800001024324 46.95800000805718
                                                            10.439000010244063 46.95800000805683 10.440000010245255
                                                            46.95700000805605 10.440000010245614 46.95600000805555
                                                            10.441000010246446 46.95600000805525 10.442000010247268
                                                            46.956000008054886 10.443000010248095 46.956000008054495
                                                            10.444000010248923 46.95600000805416 10.445000010249746
                                                            46.95600000805383 10.446000010250573 46.95600000805347
                                                            10.447000010251758 46.955000008052664 10.448000010252587
                                                            46.955000008052295 10.44900001025341 46.955000008051975
                                                            10.450000010254238 46.95500000805161 10.4500000102546
                                                            46.95400000805111 10.451000010255427 46.95400000805078
                                                            10.452000010256253 46.954000008050464 10.453000010257073
                                                            46.954000008050095 10.454000010257905 46.95400000804974
                                                            10.455000010258727 46.95400000804938 10.455000010258363
                                                            46.95500000804985 10.456000010259189 46.95500000804953
                                                            10.457000010260016 46.955000008049154 10.457000010260378
                                                            46.9540000080487 10.458000010261204 46.954000008048354
                                                            10.458000010261568 46.95300000804787 10.459000010262386
                                                            46.953000008047546 10.460000010263212 46.953000008047184
                                                            10.460000010263578 46.95200000804672 10.461000010264405
                                                            46.95200000804636 10.462000010265223 46.95200000804599
                                                            10.46300001026605 46.95200000804566 10.463000010266416
                                                            46.951000008045185 10.464000010267242 46.95100000804483
                                                            10.464000010267608 46.950000008044384 10.465000010268426
                                                            46.95000000804404 10.466000010269253 46.95000000804369
                                                            10.467000010270077 46.95000000804333 10.4680000102709
                                                            46.95000000804301 10.468000010271265 46.94900000804252
                                                            10.469000010272092 46.949000008042205 10.470000010272914
                                                            46.94900000804183 10.471000010274102 46.948000008041014
                                                            10.472000010274922 46.94800000804065 10.47200001027529
                                                            46.94700000804021 10.473000010276111 46.94700000803986
                                                            10.474000010276933 46.94700000803951 10.474000010277297
                                                            46.94600000803904 10.47400001027766 46.94500000803856
                                                            10.475000010278489 46.94500000803824 10.476000010279312
                                                            46.94500000803789 10.476000010279677 46.94400000803743
                                                            10.477000010280499 46.94400000803713 10.477000010280864
                                                            46.94300000803663 10.478000010281688 46.943000008036265
                                                            10.479000010282512 46.943000008035945 10.479000010282872
                                                            46.94200000803547 10.480000010283694 46.94200000803508
                                                            10.481000010284518 46.94200000803476 10.482000010285343
                                                            46.94200000803437 10.483000010286167 46.942000008034015
                                                            10.484000010286987 46.9420000080337 10.484000010287353
                                                            46.941000008033214 10.485000010288177 46.941000008032894
                                                            10.486000010288997 46.94100000803251 10.487000010289819
                                                            46.941000008032205 10.48800001029064 46.94100000803183
                                                            10.489000010291466 46.94100000803149 10.490000010292286
                                                            46.94100000803113 10.49000001029265 46.940000008030694
                                                            10.49100001029347 46.940000008030296 10.490000010293015
                                                            46.93900000803019 10.489000010292553 46.938000008030095
                                                            10.489000010292921 46.93700000802966 10.488000010292103
                                                            46.93700000802998 10.489000010293287 46.93600000802916
                                                            10.488000010292463 46.9360000080295 10.487000010292006
                                                            46.93500000802944 10.487000010292366 46.93400000802891
                                                            10.487000010292736 46.93300000802847 10.4870000102931
                                                            46.93200000802801 10.487000010293462 46.931000008027574
                                                            10.488000010294282 46.931000008027205 10.489000010295102
                                                            46.93100000802686 10.489000010295468 46.930000008026376
                                                            10.489000010295834 46.92900000802595 10.49000001029702
                                                            46.92800000802512 10.48900001029656 46.92700000802499
                                                            10.489000010296925 46.926000008024566 10.488000010296465
                                                            46.92500000802443 10.488000010296828 46.92400000802397
                                                            10.488000010297194 46.92300000802349 10.48800001029755
                                                            46.92200000802304 10.487000010296734 46.92200000802338
                                                            10.487000010297098 46.921000008022915 10.487000010297459
                                                            46.920000008022456 10.487000010297823 46.91900000802198
                                                            10.488000010298647 46.91900000802163 10.488000010299007
                                                            46.91800000802115 10.488000010299373 46.91700000802072
                                                            10.48700001029855 46.917000008021034 10.487000010298917
                                                            46.91600000802061 10.485000010297629 46.91500000802085
                                                            10.48500001029799 46.91400000802035 10.484000010297162
                                                            46.91400000802068 10.48300001029634 46.91400000802106
                                                            10.482000010295879 46.91300000802096 10.481000010295059
                                                            46.913000008021335 10.480000010294232 46.91300000802163
                                                            10.480000010294598 46.912000008021145 10.480000010294958
                                                            46.91100000802074 10.48000001029532 46.91000000802023
                                                            10.48000001029568 46.90900000801977 10.480000010296045
                                                            46.90800000801932 10.479000010295215 46.90800000801968
                                                            10.47900001029558 46.90700000801919 10.479000010295943
                                                            46.906000008018765 10.479000010296309 46.905000008018256
                                                            10.478000010295842 46.904000008018144 10.47700001029502
                                                            46.90400000801854 10.477000010295379 46.90300000801803
                                                            10.477000010295741 46.90200000801756 10.477000010296104
                                                            46.901000008017114 10.47600001029528 46.90100000801749
                                                            10.476000010295643 46.900000008016995 10.47700001029647
                                                            46.90000000801665 10.477000010296823 46.899000008016166
                                                            10.47700001029719 46.89800000801568 10.477000010297552
                                                            46.89700000801518 10.476000010297085 46.89600000801509
                                                            10.475000010296624 46.89500000801499 10.474000010295795
                                                            46.895000008015316 10.474000010296157 46.894000008014885
                                                            10.474000010296518 46.893000008014425 10.473000010295692
                                                            46.89300000801474 10.472000010295229 46.89200000801463
                                                            10.47100001029476 46.891000008014494 10.47000001029394
                                                            46.89100000801485 10.4700000102943 46.8900000080144
                                                            10.468000010293006 46.8890000080146 10.466000010292072
                                                            46.88700000801437 10.466000010292436 46.88600000801391
                                                            10.467000010293262 46.88600000801354 10.468000010294446
                                                            46.885000008012724 10.469000010295272 46.885000008012355
                                                            10.470000010296461 46.88400000801157 10.471000010297649
                                                            46.883000008010754 10.471000010298006 46.88200000801026
                                                            10.471000010299086 46.87900000800884 10.473000010302178
                                                            46.87500000800626 10.472000010302072 46.873000008005675
                                                            10.472000010302429 46.87200000800523 10.472000010303509
                                                            46.869000008003816 10.469000010302828 46.86400000800248
                                                            10.47000001030437 46.86200000800122 10.471000010306991
                                                            46.857000007998494 10.473000010310798 46.85100000799493
                                                            10.47200001031033 46.85000000799481 10.4710000103095
                                                            46.850000007995135 10.470000010308675 46.85000000799551
                                                            10.470000010309036 46.849000007995016 10.47000001030939
                                                            46.848000007994564 10.469000010308564 46.8480000079949
                                                            10.469000010308923 46.84700000799444 10.468000010308094
                                                            46.84700000799481 10.46800001030845 46.84600000799429
                                                            10.468000010308803 46.84500000799379 10.46700001030798
                                                            46.84500000799419 10.46600001030751 46.84400000799405
                                                            10.465000010307039 46.84300000799394 10.466000010308225
                                                            46.842000007993114 10.467000010309052 46.84200000799274
                                                            10.467000010309414 46.841000007992285 10.468000010310238
                                                            46.841000007991944 10.468000010310593 46.84000000799146
                                                            10.46800001031096 46.839000007991 10.468000010311309
                                                            46.83800000799052 10.46700001031084 46.83700000799039
                                                            10.466000010310013 46.83700000799073 10.46500001030954
                                                            46.83600000799059 10.464000010308714 46.83600000799095
                                                            10.463000010307525 46.837000007991776 10.462000010307055
                                                            46.83600000799167 10.461000010306579 46.8350000079915
                                                            10.461000010306941 46.834000007991065 10.46000001030647
                                                            46.833000007990904 10.459000010305635 46.83300000799123
                                                            10.459000010305994 46.832000007990786 10.458000010305167
                                                            46.832000007991134 10.45800001030552 46.83100000799064
                                                            10.459000010306353 46.83100000799034 10.459000010306708
                                                            46.83000000798979 10.460000010307539 46.830000007989476
                                                            10.460000010307892 46.82900000798904 10.461000010309082
                                                            46.82800000798817 10.461000010309439 46.827000007987685
                                                            10.462000010310264 46.827000007987344 10.46200001031062
                                                            46.82600000798685 10.461000010309792 46.826000007987226
                                                            10.46000001030932 46.82500000798708 10.459000010308488
                                                            46.82500000798742 10.458000010307659 46.82500000798778
                                                            10.458000010308016 46.824000007987294 10.45700001030719
                                                            46.82400000798765 10.457000010307542 46.823000007987176
                                                            10.45800001030873 46.82200000798635 10.458000010309084
                                                            46.82100000798586 10.457000010308256 46.82100000798621
                                                            10.457000010308615 46.82000000798574 10.458000010309446
                                                            46.82000000798538 10.458000010309798 46.81900000798494
                                                            10.459000010310627 46.81900000798455 10.459000010310982
                                                            46.81800000798408 10.458000010310506 46.81700000798398
                                                            10.459000010311339 46.8170000079836 10.458000010310865
                                                            46.8160000079835 10.457000010310386 46.81500000798334
                                                            10.45600001030956 46.8150000079837 10.456000010309912
                                                            46.814000007983246 10.45600001031027 46.813000007982765
                                                            10.456000010310627 46.81200000798225 10.455000010309792
                                                            46.81200000798258 10.45500001031015 46.81100000798212
                                                            10.455000010310505 46.81000000798163 10.454000010309677
                                                            46.810000007981984 10.45400001031003 46.80900000798148
                                                            10.454000010310386 46.80800000798103 10.453000010309552
                                                            46.80800000798137 10.452000010308724 46.8080000079817
                                                            10.452000010309076 46.80700000798124 10.45200001030943
                                                            46.806000007980764 10.45100001030896 46.80500000798066
                                                            10.450000010308123 46.80500000798096 10.450000010308477
                                                            46.8040000079805 10.449000010307644 46.804000007980825
                                                            10.449000010308007 46.80300000798036 10.447000010306693
                                                            46.8020000079806 10.445000010305034 46.80200000798124
                                                            10.444000010304556 46.801000007981145 10.440000010301578
                                                            46.800000007982014 10.437000010299434 46.79900000798259
                                                            10.43400001029694 46.79900000798363 10.43200001029527
                                                            46.799000007984304 10.431000010294438 46.799000007984695
                                                            10.431000010294792 46.798000007984214 10.431000010295145
                                                            46.797000007983726 10.429000010293834 46.79600000798392
                                                            10.428000010292998 46.79600000798425 10.429000010294537
                                                            46.79400000798295 10.42900001029489 46.793000007982464
                                                            10.428000010294765 46.79100000798188 10.427000010293932
                                                            46.791000007982205 10.425000010292614 46.790000007982435
                                                            10.425000010292965 46.789000007981905 10.4260000102938
                                                            46.78900000798156 10.426000010294153 46.78800000798111
                                                            10.42700001029499 46.78800000798074 10.428000010295822
                                                            46.788000007980386 10.430000010297844 46.78700000797923
                                                            10.431000010298675 46.78700000797887 10.431000010299027
                                                            46.78600000797839 10.43100001029938 46.785000007977914
                                                            10.432000010300214 46.78500000797759 10.433000010301049
                                                            46.785000007977246 10.434000010302235 46.784000007976424
                                                            10.435000010303071 46.78400000797602 10.435000010303424
                                                            46.78300000797558 10.435000010303778 46.78200000797511
                                                            10.436000010304962 46.78100000797427 10.437000010306502
                                                            46.77900000797292 10.439000010308517 46.77800000797173
                                                            10.44000001030935 46.778000007971414 10.441000010310535
                                                            46.77700000797054 10.442000010312077 46.775000007969254
                                                            10.442000010312428 46.774000007968745 10.443000010313257
                                                            46.774000007968425 10.443000010313613 46.77300000796796
                                                            10.443000010313972 46.77200000796747 10.44300001031432
                                                            46.771000007966975 10.44300001031467 46.77000000796649
                                                            10.443000010315021 46.76900000796601 10.444000010316211
                                                            46.76800000796514 10.444000010316563 46.76700000796468
                                                            10.44400001031691 46.7660000079642 10.445000010317747
                                                            46.76600000796384 10.445000010318099 46.76500000796334
                                                            10.445000010318454 46.7640000079629 10.445000010318802
                                                            46.763000007962376 10.446000010319988 46.76200000796156
                                                            10.445000010319507 46.761000007961385 10.445000010319857
                                                            46.76000000796093 10.44500001032021 46.75900000796044
                                                            10.444000010320083 46.757000007959824 10.444000010320433
                                                            46.75600000795931 10.443000010320302 46.7540000079587
                                                            10.442000010319468 46.75400000795904 10.441000010318632
                                                            46.754000007959405 10.441000010318282 46.75500000795988
                                                            10.437000010314943 46.755000007961264 10.43500001031398
                                                            46.75300000796099 10.433000010312655 46.75200000796118
                                                            10.430000010310856 46.75000000796124 10.424000010306889
                                                            46.74700000796188 10.41400001029993 46.74300000796336
                                                            10.414000010300276 46.742000007962844 10.413000010299786
                                                            46.741000007962725 10.413000010300138 46.740000007962216
                                                            10.411000010298466 46.74000000796292 10.411000010298814
                                                            46.73900000796242 10.410000010297974 46.73900000796277
                                                            10.40900001029714 46.739000007963135 10.408000010296648
                                                            46.73800000796297 10.40700001029616 46.73700000796285
                                                            10.40600001029532 46.73700000796315 10.405000010294485
                                                            46.737000007963495 10.403000010293155 46.73600000796372
                                                            10.40200001029232 46.73600000796405 10.402000010292669
                                                            46.73500000796358 10.402000010293015 46.7340000079631
                                                            10.403000010293857 46.734000007962734 10.40400001029504
                                                            46.73300000796193 10.406000010297072 46.732000007960735
                                                            10.40900001029993 46.73100000795919 10.410000010301117
                                                            46.73000000795836 10.411000010302304 46.72900000795754
                                                            10.411000010302653 46.72800000795705 10.411000010303002
                                                            46.72700000795654 10.412000010304185 46.726000007955726
                                                            10.413000010305375 46.72500000795488 10.414000010306209
                                                            46.7250000079545 10.414000010306559 46.72400000795399
                                                            10.415000010307399 46.724000007953656 10.41600001030858
                                                            46.723000007952855 10.417000010309765 46.72200000795199
                                                            10.418000010310605 46.72200000795167 10.418000010310957
                                                            46.721000007951154 10.420000010312629 46.72100000795047
                                                            10.420000010312977 46.72000000794999 10.419000010312137
                                                            46.720000007950304 10.41900001031249 46.719000007949816
                                                            10.419000010312834 46.71800000794935 10.419000010313185
                                                            46.717000007948855 10.419000010313534 46.71600000794836
                                                            10.418000010312694 46.716000007948736 10.418000010313044
                                                            46.7150000079482 10.417000010312204 46.715000007948525
                                                            10.417000010312554 46.71400000794807 10.417000010312902
                                                            46.713000007947585 10.417000010313247 46.712000007947076
                                                            10.417000010313599 46.71100000794661 10.417000010313947
                                                            46.7100000079461 10.416000010313105 46.710000007946455
                                                            10.416000010313452 46.70900000794593 10.413000010311286
                                                            46.7080000079465 10.412000010310452 46.708000007946815
                                                            10.412000010310797 46.70700000794631 10.411000010309959
                                                            46.70700000794668 10.410000010309119 46.707000007947016
                                                            10.40900001030828 46.70700000794734 10.406000010305762
                                                            46.70700000794841 10.405000010304922 46.70700000794875
                                                            10.40000001030315 46.70000000794703 10.399000010303006
                                                            46.698000007946355 10.398000010302162 46.69800000794669
                                                            10.39800001030251 46.697000007946215 10.39800001030286
                                                            46.69600000794571 10.397000010302364 46.69500000794557
                                                            10.396000010302215 46.69300000794489 10.395000010301718
                                                            46.692000007944735 10.395000010302065 46.69100000794423
                                                            10.394000010301225 46.69100000794456 10.393000010300726
                                                            46.690000007944406 10.392000010299885 46.690000007944754
                                                            10.391000010299049 46.69000000794511 10.390000010298207
                                                            46.69000000794544 10.389000010297364 46.69000000794583
                                                            10.389000010297707 46.689000007945324 10.38800001029687
                                                            46.689000007945644 10.386000010295186 46.68900000794638
                                                            10.385000010294341 46.6890000079467 10.384000010293503
                                                            46.689000007947044 10.38300001029335 46.687000007946374
                                                            10.383000010293697 46.68600000794591 10.385000010295723
                                                            46.685000007944694 10.386000010296565 46.68500000794438
                                                            10.387000010297754 46.68400000794351 10.387000010298099
                                                            46.68300000794301 10.388000010299287 46.68200000794217
                                                            10.388000010299633 46.681000007941684 10.389000010300466
                                                            46.68100000794134 10.389000010300817 46.68000000794082
                                                            10.38900001030116 46.67900000794034 10.390000010302005
                                                            46.67900000794002 10.391000010303188 46.67800000793918
                                                            10.391000010303532 46.677000007938645 10.392000010304722
                                                            46.67600000793777 10.392000010305068 46.67500000793732
                                                            10.39300001030625 46.67400000793646 10.394000010307439
                                                            46.67300000793563 10.393000010307281 46.67100000793493
                                                            10.393000010307631 46.67000000793447 10.392000010306784
                                                            46.670000007934775 10.393000010308315 46.66800000793346
                                                            10.394000010309162 46.6680000079331 10.393000010308663
                                                            46.667000007932955 10.393000010309004 46.66600000793245
                                                            10.393000010309349 46.66500000793196 10.394000010310192
                                                            46.665000007931624 10.394000010310885 46.663000007930634
                                                            10.394000010311228 46.662000007930125 10.393000010310727
                                                            46.66100000792999 10.392000010309884 46.661000007930305
                                                            10.393000010311411 46.65900000792895 10.3940000103126
                                                            46.658000007928116 10.393000010312099 46.657000007927955
                                                            10.395000010314128 46.65600000792676 10.396000010314973
                                                            46.65600000792642 10.396000010315312 46.655000007925956
                                                            10.397000010316155 46.65500000792562 10.398000010316997
                                                            46.655000007925246 10.398000010317341 46.654000007924765
                                                            10.398000010317682 46.65300000792422 10.398000010318029
                                                            46.65200000792377 10.39800001031837 46.65100000792323
                                                            10.399000010319211 46.6510000079229 10.399000010319558
                                                            46.6500000079224 10.400000010320397 46.65000000792205
                                                            10.401000010321582 46.649000007921195 10.401000010321924
                                                            46.64800000792068 10.402000010322768 46.648000007920395
                                                            10.40200001032311 46.647000007919864 10.402000010323457
                                                            46.64600000791936 10.4020000103238 46.64500000791884
                                                            10.403000010324982 46.64400000791797 10.403000010325327
                                                            46.64300000791749 10.40300001032567 46.64200000791699
                                                            10.403000010326014 46.641000007916496 10.401000010324672
                                                            46.64000000791668 10.40400001032754 46.639000007915165
                                                            10.408000010331591 46.6370000079128 10.411000010334112
                                                            46.63700000791172 10.412000010334957 46.63700000791138
                                                            10.41500001033714 46.63800000791087 10.417000010338475
                                                            46.639000007910646 10.422000010342332 46.64000000790947
                                                            10.423000010343177 46.64000000790914 10.424000010344011
                                                            46.64000000790876 10.425000010344853 46.64000000790843
                                                            10.427000010346529 46.64000000790772 10.428000010347372
                                                            46.64000000790742 10.430000010349051 46.6400000079067
                                                            10.432000010350386 46.64100000790654 10.433000010351222
                                                            46.64100000790622 10.435000010352905 46.64100000790552
                                                            10.43600001035374 46.641000007905156 10.438000010355418
                                                            46.64100000790447 10.442000010358772 46.64100000790309
                                                            10.445000010361282 46.641000007902036 10.446000010361779
                                                            46.6420000079022 10.447000010362268 46.64300000790235
                                                            10.453000010367983 46.64100000789932 10.456000010371184
                                                            46.63900000789725 10.460000010375222 46.63700000789488
                                                            10.464000010379264 46.63500000789249 10.467000010382458
                                                            46.63300000789045 10.46900001038482 46.63100000788873
                                                            10.472000010388017 46.62900000788671 10.480000010396422
                                                            46.62400000788139 10.481000010397606 46.62300000788057
                                                            10.48200001039878 46.62200000787971 10.483000010399616
                                                            46.62200000787937 10.484000010400797 46.62100000787854
                                                            10.486000010403158 46.619000007876856 10.490000010407185
                                                            46.617000007874445 10.49100001040802 46.617000007874104
                                                            10.492000010408853 46.61700000787373 10.49300001040969
                                                            46.61700000787339 10.49300001041038 46.615000007872396
                                                            10.493000010410725 46.614000007871894 10.493000010411068
                                                            46.61300000787135 10.492000010410234 46.613000007871705
                                                            10.492000010410578 46.61200000787119 10.491000010409742
                                                            46.61200000787156 10.491000010410087 46.61100000787104
                                                            10.49000001040925 46.61100000787137 10.489000010408418
                                                            46.61100000787176 10.489000010408763 46.610000007871236
                                                            10.488000010407925 46.610000007871584 10.488000010408273
                                                            46.609000007871096 10.487000010407785 46.608000007870906
                                                            10.486000010406945 46.608000007871276 10.486000010407293
                                                            46.60700000787073 10.486000010407635 46.606000007870236
                                                            10.486000010407977 46.60500000786974 10.487000010408815
                                                            46.60500000786941 10.487000010409158 46.60400000786888
                                                            10.487000010409501 46.60300000786842 10.488000010410678
                                                            46.602000007867545 10.488000010411026 46.601000007867064
                                                            10.48900001041186 46.6010000078667 10.489000010412203
                                                            46.6000000078662 10.489000010412546 46.599000007865676
                                                            10.48800001041171 46.599000007866 10.488000010412057
                                                            46.59800000786551 10.48700001041122 46.59800000786586
                                                            10.487000010411565 46.59700000786535 10.486000010410729
                                                            46.59700000786569 10.48600001041107 46.59600000786519
                                                            10.486000010411416 46.595000007864655 10.48500001041058
                                                            46.59500000786501 10.485000010410921 46.59400000786451
                                                            10.486000010411756 46.594000007864146 10.4860000104121
                                                            46.59300000786362 10.486000010412443 46.592000007863156
                                                            10.487000010413277 46.59200000786281 10.48700001041294
                                                            46.59300000786331 10.488000010414112 46.592000007862474
                                                            10.489000010414955 46.59200000786209 10.489000010415289
                                                            46.591000007861616 10.488000010414803 46.590000007861455
                                                            10.488000010415142 46.589000007860946 10.488000010415485
                                                            46.58800000786043 10.487000010414995 46.58700000786028
                                                            10.487000010415338 46.58600000785978 10.487000010415679
                                                            46.58500000785925 10.486000010414843 46.58500000785958
                                                            10.486000010415188 46.58400000785908 10.485000010414348
                                                            46.584000007859444 10.485000010414693 46.583000007858935
                                                            10.485000010415035 46.582000007858404 10.486000010416216
                                                            46.58100000785756 10.486000010416557 46.580000007857045
                                                            10.486000010416896 46.57900000785653 10.485000010416064
                                                            46.57900000785692 10.485000010416405 46.578000007856375
                                                            10.484000010415572 46.57800000785671 10.483000010415074
                                                            46.57700000785656 10.48200001041424 46.57700000785688
                                                            10.48200001041458 46.57600000785636 10.481000010413744
                                                            46.57600000785671 10.481000010414084 46.5750000078562
                                                            10.481000010414425 46.5740000078557 10.480000010413589
                                                            46.574000007856014 10.47900001041275 46.57400000785638
                                                            10.479000010413095 46.57300000785588 10.479000010413433
                                                            46.572000007855365 10.479000010413777 46.57100000785486
                                                            10.478000010413284 46.57000000785469 10.478000010413625
                                                            46.56900000785419 10.477000010412786 46.569000007854534
                                                            10.476000010412287 46.56800000785435 10.477000010413128
                                                            46.56800000785402 10.476000010412632 46.56700000785383
                                                            10.476000010412974 46.56600000785336 10.476000010413312
                                                            46.56500000785281 10.476000010413653 46.56400000785231
                                                            10.477000010414832 46.56300000785144 10.477000010415173
                                                            46.56200000785094 10.47800001041635 46.5610000078501
                                                            10.47900001041753 46.56000000784924 10.479000010417874
                                                            46.55900000784871 10.479000010418215 46.55800000784823
                                                            10.478000010417379 46.55800000784852 10.478000010417716
                                                            46.557000007848046 10.477000010416875 46.55700000784837
                                                            10.477000010417218 46.556000007847835 10.477000010417559
                                                            46.555000007847354 10.476000010417062 46.55400000784721
                                                            10.476000010417403 46.553000007846656 10.475000010416565
                                                            46.55300000784701 10.475000010416906 46.552000007846466
                                                            10.474000010416063 46.55200000784683 10.47400001041641
                                                            46.55100000784635 10.473000010415566 46.55100000784667
                                                            10.473000010415905 46.550000007846144 10.473000010416246
                                                            46.54900000784564 10.473000010416586 46.54800000784514
                                                            10.473000010416925 46.5470000078446 10.473000010417268
                                                            46.5460000078441 10.474000010418445 46.545000007843214
                                                            10.473000010417609 46.54500000784359 10.473000010417945
                                                            46.54400000784308 10.472000010417107 46.54400000784344
                                                            10.471000010416269 46.54400000784375 10.470000010415431
                                                            46.54400000784407 10.469000010414595 46.54400000784449
                                                            10.46800001041375 46.54400000784478 10.467000010413255
                                                            46.543000007844626 10.466000010412413 46.543000007844974
                                                            10.465000010411575 46.54300000784532 10.464000010410734
                                                            46.543000007845656 10.463000010409894 46.543000007845976
                                                            10.462000010409055 46.54300000784633 10.461000010408217
                                                            46.54300000784667 10.460000010407713 46.5420000078465
                                                            10.461000010408892 46.541000007845646 10.461000010409233
                                                            46.54000000784517 10.460000010408733 46.53900000784501
                                                            10.460000010409068 46.53800000784443 10.45800001040773
                                                            46.537000007844604 10.455000010405882 46.53500000784461
                                                            10.45400001040572 46.53300000784391 10.453000010404876
                                                            46.53300000784428 10.449000010400834 46.535000007846655
                                                            10.447000010398817 46.53600000784786 10.442000010393931
                                                            46.5380000078506 10.438000010390228 46.53900000785254
                                                            10.435000010386345 46.5430000078556 10.43000001038111
                                                            46.54600000785884 10.426000010377066 46.54800000786127
                                                            10.425000010375884 46.549000007862105 10.424000010375043
                                                            46.549000007862446 10.424000010374701 46.55000000786296
                                                            10.423000010373862 46.55000000786331 10.423000010373526
                                                            46.55100000786381 10.42200001037268 46.55100000786417
                                                            10.42200001037234 46.55200000786467 10.421000010371495
                                                            46.552000007865026 10.42100001037116 46.55300000786555
                                                            10.420000010370318 46.55300000786588 10.419000010369476
                                                            46.5530000078662 10.418000010368626 46.553000007866586
                                                            10.417000010367786 46.5530000078669 10.41600001036694
                                                            46.553000007867254 10.415000010366096 46.5530000078676
                                                            10.41400001036559 46.55200000786745 10.413000010364748
                                                            46.55200000786776 10.412000010363904 46.552000007868116
                                                            10.412000010364244 46.5510000078676 10.411000010363399
                                                            46.55100000786794 10.410000010362552 46.551000007868296
                                                            10.410000010362888 46.550000007867766 10.40900001036205
                                                            46.550000007868114 10.408000010361198 46.55000000786848
                                                            10.40800001036154 46.5490000078679 10.407000010360695
                                                            46.5490000078683 10.405000010359341 46.548000007868445
                                                            10.404000010358494 46.5480000078688 10.40300001035765
                                                            46.54800000786914 10.402000010357147 46.54700000786896
                                                            10.401000010356292 46.54700000786931 10.401000010356633
                                                            46.54600000786881 10.400000010355788 46.54600000786916
                                                            10.399000010354941 46.54600000786948 10.398000010354096
                                                            46.546000007869786 10.397000010353247 46.54600000787013
                                                            10.396000010352067 46.54700000787099 10.395000010351222
                                                            46.54700000787135 10.394000010350378 46.5470000078717
                                                            10.39400001035004 46.54800000787222 10.393000010349194
                                                            46.54800000787255 10.39200001034835 46.5480000078729
                                                            10.391000010347163 46.54900000787374 10.390000010346318
                                                            46.54900000787407 10.389000010345468 46.5490000078744
                                                            10.38900001034513 46.55000000787493 10.388000010344287
                                                            46.550000007875276 10.387000010343103 46.551000007876134
                                                            10.386000010342254 46.55100000787645 10.386000010341919
                                                            46.552000007876984 10.384000010340229 46.55200000787767
                                                            10.383000010339376 46.55200000787804 10.381000010337686
                                                            46.552000007878675 10.380000010336836 46.55200000787902
                                                            10.380000010336504 46.55300000787956 10.37900001033565
                                                            46.55300000787988 10.378000010334805 46.55300000788021
                                                            10.37800001033447 46.55400000788075 10.377000010333624
                                                            46.55400000788109 10.376000010332774 46.55400000788145
                                                            10.375000010331927 46.554000007881776 10.374000010330741
                                                            46.555000007882626 10.373000010329894 46.55500000788298
                                                            10.372000010329046 46.5550000078833 10.372000010328712
                                                            46.55600000788383 10.371000010327862 46.55600000788415
                                                            10.370000010327013 46.55600000788449 10.369000010326165
                                                            46.556000007884855 10.368000010325316 46.556000007885174
                                                            10.368000010324982 46.557000007885726 10.367000010324132
                                                            46.557000007886046 10.366000010323285 46.55700000788638
                                                            10.365000010322435 46.557000007886714 10.36400001032159
                                                            46.55700000788704 10.363000010320738 46.55700000788743
                                                            10.36200001031989 46.557000007887744 10.36100001031904
                                                            46.55700000788809 10.360000010318194 46.55700000788842
                                                            10.359000010317345 46.55700000788878 10.358000010316495
                                                            46.55700000788911 10.357000010315643 46.55700000788944
                                                            10.356000010314798 46.55700000788979 10.355000010313946
                                                            46.55700000789014 10.354000010312763 46.55800000789101
                                                            10.353000010311911 46.55800000789132 10.353000010312249
                                                            46.557000007890835 10.352000010311398 46.55700000789117
                                                            10.352000010311736 46.556000007890646 10.35200001031207
                                                            46.555000007890136 10.351000010311221 46.55500000789046
                                                            10.351000010311893 46.55300000788943 10.352000010313077
                                                            46.552000007888566 10.352000010313409 46.55100000788805
                                                            10.35100001031256 46.55100000788838 10.35000001031171
                                                            46.551000007888724 10.34900001031086 46.55100000788906
                                                            10.349000010311192 46.55000000788853 10.348000010310344
                                                            46.55000000788893 10.348000010310683 46.549000007888374
                                                            10.347000010309829 46.549000007888694 10.346000010309321
                                                            46.54800000788856 10.34500001030847 46.548000007888895
                                                            10.345000010308803 46.54700000788839 10.344000010308287
                                                            46.5460000078882 10.343000010307435 46.54600000788853
                                                            10.343000010307769 46.54500000788801 10.342000010306917
                                                            46.54500000788833 10.341000010306068 46.545000007888696
                                                            10.340000010305216 46.545000007889044 10.339000010304366
                                                            46.545000007889364 10.338000010303517 46.5450000078897
                                                            10.337000010302328 46.54600000789059 10.33700001030199
                                                            46.547000007891086 10.336000010301138 46.54700000789145
                                                            10.336000010300808 46.54800000789194 10.335000010299954
                                                            46.54800000789229 10.33500001029962 46.54900000789278
                                                            10.33400001029877 46.54900000789315 10.333000010297582
                                                            46.55000000789403 10.332000010296394 46.55100000789483
                                                            10.330000010294356 46.55200000789605 10.327000010291128
                                                            46.554000007898104 10.327000010291465 46.553000007897566
                                                            10.326000010290613 46.55300000789789 10.325000010290099
                                                            46.55200000789774 10.324000010289245 46.5520000078981
                                                            10.322000010287537 46.55200000789878 10.321000010287017
                                                            46.55100000789861 10.321000010287353 46.55000000789806
                                                            10.320000010286497 46.55000000789842 10.318000010284791
                                                            46.55000000789905 10.317000010283941 46.55000000789945
                                                            10.315000010282233 46.55000000790009 10.315000010282567
                                                            46.549000007899586 10.314000010281713 46.54900000789991
                                                            10.31300001028086 46.54900000790029 10.312000010280004
                                                            46.54900000790061 10.310000010277967 46.5500000079018
                                                            10.31000001027763 46.5510000079023 10.309000010276774
                                                            46.55100000790267 10.30800001027592 46.551000007902964
                                                            10.30700001027507 46.55100000790333 10.306000010274213
                                                            46.55100000790366 10.304000010272507 46.551000007904356
                                                            10.303000010271651 46.551000007904726 10.302000010270797
                                                            46.55100000790504 10.30100001026994 46.55100000790535
                                                            10.300000010268752 46.552000007906194 10.299000010267898
                                                            46.55200000790656 10.297000010266188 46.552000007907225
                                                            10.297000010265856 46.55300000790775 10.296000010264999
                                                            46.55300000790812 10.296000010264667 46.55400000790861
                                                            10.296000010264331 46.55500000790912 10.297000010265187
                                                            46.55500000790877 10.297000010264853 46.556000007909304
                                                            10.298000010265376 46.55700000790947 10.298000010265033
                                                            46.558000007909996 10.298000010264705 46.55900000791048
                                                            10.29700001026385 46.55900000791086 10.29800001026437
                                                            46.56000000791101 10.297000010263517 46.56000000791138
                                                            10.297000010263181 46.561000007911886 10.296000010262329
                                                            46.56100000791222 10.296000010261993 46.56200000791272
                                                            10.29500001026114 46.562000007913056 10.29400001025995
                                                            46.5630000079139 10.294000010259616 46.564000007914444
                                                            10.293000010258758 46.56400000791476 10.292000010257572
                                                            46.565000007915614 10.292000010257233 46.566000007916145
                                                            10.291000010256383 46.5660000079165 10.29100001025605
                                                            46.56700000791699 10.291000010255711 46.568000007917526
                                                            10.290000010254856 46.56800000791788 10.290000010254523
                                                            46.569000007918376 10.291000010255376 46.56900000791804
                                                            10.290000010254188 46.57000000791887 10.29000001025385
                                                            46.5710000079194 10.289000010252996 46.5710000079197
                                                            10.289000010252664 46.57200000792025 10.288000010251809
                                                            46.57200000792061 10.288000010251473 46.5730000079211
                                                            10.287000010250955 46.572000007920934 10.287000010250619
                                                            46.57300000792144 10.286000010249762 46.57300000792179
                                                            10.285000010248908 46.57300000792212 10.28400001024805
                                                            46.57300000792244 10.283000010247196 46.57300000792278
                                                            10.282000010246346 46.57300000792318 10.282000010246009
                                                            46.574000007923644 10.281000010245153 46.574000007923985
                                                            10.280000010244294 46.57400000792431 10.278000010242584
                                                            46.57400000792499 10.27800001024225 46.57500000792551
                                                            10.277000010241391 46.575000007925865 10.276000010240535
                                                            46.575000007926185 10.275000010239348 46.57600000792707
                                                            10.274000010238487 46.576000007927384 10.274000010238154
                                                            46.57700000792793 10.273000010236963 46.57800000792876
                                                            10.272000010236107 46.57800000792907 10.272000010235772
                                                            46.57900000792961 10.27100001023492 46.579000007929935
                                                            10.271000010234587 46.580000007930444 10.27000001023406
                                                            46.57900000793027 10.269000010233203 46.579000007930595
                                                            10.268000010232345 46.57900000793095 10.26700001023149
                                                            46.579000007931285 10.266000010230632 46.57900000793161
                                                            10.26500001022978 46.57900000793194 10.26500001023011
                                                            46.578000007931465 10.264000010229253 46.5780000079318
                                                            10.263000010228398 46.578000007932076 10.263000010228728
                                                            46.57700000793158 10.262000010227872 46.577000007931936
                                                            10.261000010227015 46.57700000793226 10.261000010227347
                                                            46.576000007931775 10.26000001022649 46.576000007932116
                                                            10.25900001022563 46.576000007932436 10.259000010225966
                                                            46.5750000079319 10.258000010225109 46.57500000793229
                                                            10.257000010224582 46.57400000793209 10.256000010223728
                                                            46.57400000793244 10.25600001022406 46.573000007931945
                                                            10.255000010223204 46.573000007932244 10.254000010222343
                                                            46.57300000793258 10.252000010219962 46.57500000793428
                                                            10.25000001021824 46.57500000793493 10.248000010216192
                                                            46.57600000793615 10.247000010214999 46.577000007936974
                                                            10.247000010214666 46.57800000793755 10.247000010214334
                                                            46.57900000793805 10.246000010213477 46.579000007938376
                                                            10.246000010213143 46.580000007938885 10.24600001021281
                                                            46.58100000793939 10.246000010212475 46.58200000793991
                                                            10.246000010212143 46.58300000794043 10.245000010211278
                                                            46.58300000794074 10.245000010210946 46.584000007941285
                                                            10.245000010210612 46.585000007941794 10.24500001021028
                                                            46.58600000794231 10.244000010209085 46.58700000794317
                                                            10.244000010208753 46.588000007943684 10.244000010208419
                                                            46.58900000794415 10.244000010208085 46.59000000794469
                                                            10.243000010207224 46.59000000794505 10.243000010206892
                                                            46.591000007945546 10.243000010206558 46.59200000794601
                                                            10.243000010206222 46.59300000794657 10.243000010205892
                                                            46.594000007947095 10.244000010206749 46.59400000794673
                                                            10.244000010206413 46.59500000794726 10.245000010207274
                                                            46.59500000794692 10.245000010206937 46.59600000794741
                                                            10.2460000102078 46.596000007947076 10.246000010207464
                                                            46.59700000794759 10.24700001020832 46.59700000794727
                                                            10.247000010207985 46.59800000794777 10.248000010208507
                                                            46.59900000794794 10.248000010208175 46.600000007948445
                                                            10.249000010208697 46.60100000794863 10.249000010208363
                                                            46.60200000794913 10.250000010209224 46.60200000794877
                                                            10.250000010208884 46.60300000794933 10.251000010209742
                                                            46.60300000794896 10.25100001020941 46.60400000794948
                                                            10.252000010210265 46.60400000794912 10.253000010211121
                                                            46.604000007948784 10.253000010210787 46.60500000794934
                                                            10.254000010211305 46.60600000794947 10.254000010210968
                                                            46.60700000794998 10.255000010211496 46.60800000795018
                                                            10.256000010212352 46.60800000794982 10.256000010212015
                                                            46.60900000795036 10.257000010212536 46.6100000079505
                                                            10.258000010213394 46.61000000795017 10.259000010213915
                                                            46.611000007950366 10.260000010214773 46.61100000795001
                                                            10.260000010214434 46.612000007950535 10.255000010208809
                                                            46.61600000795426 10.246000010198406 46.62400000796139
                                                            10.243000010194153 46.62900000796493 10.242000010191955
                                                            46.6330000079673 10.242000010191617 46.63400000796779
                                                            10.242000010191276 46.63500000796828 10.242000010190942
                                                            46.6360000079688 10.242000010190605 46.63700000796929
                                                            10.241000010189746 46.637000007969654 10.240000010188895
                                                            46.637000007969974 10.239000010188033 46.6370000079703
                                                            10.238000010187514 46.63600000797016 10.237000010186653
                                                            46.63600000797049 10.23700001018699 46.63500000796998
                                                            10.236000010186132 46.635000007970305 10.235000010185274
                                                            46.635000007970625 10.23400001018442 46.63500000797101
                                                            10.233000010183902 46.63400000797087 10.232000010183038
                                                            46.63400000797115 10.231000010182179 46.634000007971515
                                                            10.231000010182518 46.633000007970985 10.230000010181662
                                                            46.63300000797132 10.229000010181135 46.63200000797119
                                                            10.22800001018028 46.63200000797149 10.227000010179422
                                                            46.632000007971804 10.227000010179758 46.631000007971316
                                                            10.226000010178895 46.63100000797168 10.225000010178032
                                                            46.631000007972 10.225000010178373 46.63000000797154
                                                            10.224000010177516 46.63000000797187 10.22400001017785
                                                            46.62900000797133 10.223000010176989 46.62900000797168
                                                            10.223000010177325 46.62800000797119 10.223000010177662
                                                            46.627000007970615 10.222000010176805 46.62700000797096
                                                            10.22100001017628 46.6260000079708 10.221000010176613
                                                            46.62500000797033 10.221000010176953 46.62400000796984
                                                            10.221000010177285 46.62300000796926 10.22000001017643
                                                            46.623000007969615 10.220000010176761 46.62200000796911
                                                            10.217000010175186 46.6190000079686 10.208000010166103
                                                            46.62300000797364 10.195000010154239 46.62500000797907
                                                            10.194000010153044 46.6260000079799 10.194000010152704
                                                            46.62700000798041 10.195000010153569 46.62700000798009
                                                            10.195000010153235 46.62800000798056 10.19400001015237
                                                            46.62800000798091 10.189000010148392 46.62700000798208
                                                            10.184000010144416 46.626000007983244 10.175000010137984
                                                            46.622000007984234 10.164000010129804 46.6180000079859
                                                            10.163000010128943 46.618000007986225 10.162000010128075
                                                            46.61800000798657 10.161000010127207 46.61800000798692
                                                            10.161000010127543 46.617000007986356 10.160000010126678
                                                            46.61700000798672 10.15900001012581 46.61700000798706
                                                            10.158000010124946 46.61700000798737 10.157000010124081
                                                            46.6170000079877 10.156000010123217 46.617000007988054
                                                            10.155000010122347 46.61700000798837 10.154000010121482
                                                            46.617000007988715 10.15300001012095 46.61600000798854
                                                            10.15200001012008 46.61600000798893 10.151000010119546
                                                            46.61500000798869 10.15000001011868 46.61500000798905
                                                            10.149000010117815 46.6150000079894 10.149000010118145
                                                            46.61400000798885 10.14800001011728 46.61400000798919
                                                            10.147000010116416 46.61400000798953 10.147000010116747
                                                            46.613000007989044 10.146000010115879 46.613000007989385
                                                            10.145000010115014 46.6130000079897 10.144000010114144
                                                            46.61300000799002 10.143000010113282 46.613000007990365
                                                            10.142000010112413 46.6130000079907 10.141000010111545
                                                            46.61300000799104 10.140000010110679 46.61300000799136
                                                            10.139000010109807 46.61300000799169 10.138000010109273
                                                            46.61200000799156 10.138000010109602 46.61100000799102
                                                            10.138000010109938 46.61000000799051 10.138000010110266
                                                            46.60900000799 10.137000010109402 46.60900000799035
                                                            10.137000010109068 46.610000007990834 10.136000010108198
                                                            46.61000000799117 10.136000010108532 46.60900000799069
                                                            10.135000010107664 46.60900000799101 10.134000010106798
                                                            46.60900000799129 10.134000010107124 46.608000007990846
                                                            10.133000010106255 46.60800000799116 10.132000010105386
                                                            46.6080000079915 10.131000010104525 46.608000007991826
                                                            10.130000010103652 46.608000007992146 10.130000010103986
                                                            46.60700000799163 10.129000010103114 46.60700000799198
                                                            10.128000010102244 46.607000007992305 10.12700001010138
                                                            46.607000007992625 10.127000010101048 46.608000007993176
                                                            10.126000010100178 46.60800000799348 10.12500001009931
                                                            46.608000007993866 10.124000010098438 46.60800000799416
                                                            10.123000010097572 46.60800000799448 10.1220000100967
                                                            46.60800000799482 10.12100001009583 46.60800000799516
                                                            10.120000010094962 46.6080000079955 10.119000010094094
                                                            46.608000007995805 10.118000010093226 46.60800000799616
                                                            10.117000010092028 46.60900000799701 10.116000010091154
                                                            46.609000007997345 10.115000010090286 46.609000007997686
                                                            10.114000010089415 46.609000007998 10.114000010089088
                                                            46.610000007998536 10.113000010088214 46.61000000799888
                                                            10.112000010087344 46.61000000799916 10.111000010086476
                                                            46.61000000799949 10.111000010086142 46.61100000800002
                                                            10.110000010085276 46.61100000800034 10.1090000100844
                                                            46.611000008000644 10.109000010084072 46.612000008001225
                                                            10.108000010083204 46.61200000800154 10.108000010082874
                                                            46.613000008002025 10.107000010082002 46.61300000800238
                                                            10.106000010081136 46.61300000800269 10.105000010080264
                                                            46.61300000800307 10.104000010079389 46.613000008003375
                                                            10.103000010078851 46.61200000800322 10.103000010079183
                                                            46.61100000800269 10.103000010079512 46.610000008002174
                                                            10.102000010078969 46.609000008002 10.10100001007843
                                                            46.608000008001795 10.100000010077558 46.60800000800216
                                                            10.100000010077887 46.60700000800165 10.10100001007942
                                                            46.60500000800029 10.10200001008062 46.604000007999424
                                                            10.10200001008095 46.60300000799893 10.103000010081821
                                                            46.60300000799862 10.102000010081278 46.60200000799838
                                                            10.101000010080737 46.60100000799825 10.100000010080192
                                                            46.600000007998034 10.099000010079324 46.60000000799839
                                                            10.099000010079653 46.599000007997894 10.099000010079981
                                                            46.59800000799736 10.099000010080314 46.59700000799686
                                                            10.099000010080644 46.596000007996366 10.098000010080094
                                                            46.59500000799613 10.099000010081294 46.59400000799531
                                                            10.100000010082496 46.59300000799446 10.101000010083371
                                                            46.59300000799413 10.102000010084573 46.592000007993285
                                                            10.10300001008577 46.59100000799243 10.102000010085227
                                                            46.59000000799223 10.102000010085558 46.5890000079917
                                                            10.102000010085886 46.5880000079912 10.102000010086217
                                                            46.58700000799073 10.103000010087088 46.58700000799035
                                                            10.103000010087413 46.586000007989824 10.102000010086542
                                                            46.58600000799019 10.10200001008687 46.585000007989706
                                                            10.100000010085457 46.58400000798982 10.099000010084914
                                                            46.58300000798962 10.098000010084364 46.58200000798942
                                                            10.098000010084695 46.58100000798895 10.09700001008415
                                                            46.58000000798873 10.09700001008448 46.57900000798829
                                                            10.096000010083607 46.57900000798858 10.095000010082732
                                                            46.579000007988896 10.094000010081857 46.579000007989215
                                                            10.093000010080988 46.57900000798959 10.092000010080444
                                                            46.578000007989374 10.090000010078697 46.57800000799004
                                                            10.089000010077822 46.57800000799034 10.08800001007695
                                                            46.57800000799073 10.085000010074653 46.577000007991174
                                                            10.084000010073785 46.57700000799151 10.083000010072908
                                                            46.577000007991835 10.081000010071161 46.5770000079925
                                                            10.080000010070286 46.577000007992844 10.080000010070613
                                                            46.57600000799234 10.080000010070945 46.57500000799183
                                                            10.081000010072472 46.57300000799044 10.082000010073344
                                                            46.57300000799012 10.084000010075746 46.57100000798845
                                                            10.085000010076618 46.57100000798807 10.086000010077818
                                                            46.57000000798723 10.08700001007902 46.56900000798638
                                                            10.086000010078473 46.56800000798621 10.0850000100776
                                                            46.56800000798654 10.085000010077929 46.56700000798602
                                                            10.084000010077059 46.56700000798633 10.084000010077707
                                                            46.56500000798532 10.083000010076832 46.56500000798566
                                                            10.081000010075412 46.56400000798579 10.079000010073992
                                                            46.56300000798596 10.076000010071692 46.56200000798642
                                                            10.075000010070815 46.56200000798674 10.073000010069387
                                                            46.561000007986905 10.07200001006884 46.560000007986716
                                                            10.073000010070041 46.55900000798583 10.072000010069491
                                                            46.558000007985655 10.071000010068616 46.55800000798602
                                                            10.070000010068394 46.55600000798526 10.071000010069916
                                                            46.55400000798391 10.070000010069371 46.55300000798373
                                                            10.069000010068818 46.552000007983494 10.06800001006794
                                                            46.55200000798386 10.067000010067066 46.552000007984226
                                                            10.065000010065635 46.551000007984335 10.064000010065087
                                                            46.550000007984146 10.063000010064858 46.54800000798343
                                                            10.058000010060796 46.547000007984565 10.057000010060246
                                                            46.546000007984404 10.05500001005849 46.54600000798507
                                                            10.054000010057287 46.547000007985886 10.05300001005641
                                                            46.54700000798622 10.052000010055858 46.54600000798602
                                                            10.050000010054104 46.54600000798667 10.048000010052347
                                                            46.54600000798735 10.04800001005267 46.54500000798683
                                                            10.048000010052993 46.5440000079863 10.047000010052441
                                                            46.543000007986095 10.046000010051882 46.54200000798591
                                                            10.045000010051007 46.54200000798622 10.045000010051329
                                                            46.5410000079857 10.045000010051977 46.53900000798468
                                                            10.046000010052856 46.53900000798435 10.047000010054061
                                                            46.538000007983484 10.048000010055256 46.53700000798265
                                                            10.050000010057346 46.536000007981485 10.051000010058221
                                                            46.536000007981144 10.053000010060302 46.53500000797993
                                                            10.054000010061502 46.53400000797909 10.05500001006238
                                                            46.53400000797876 10.055000010062704 46.533000007978266
                                                            10.05400001006215 46.532000007978084 10.053000010061275
                                                            46.53200000797839 10.052000010060718 46.53100000797821
                                                            10.052000010061041 46.53000000797767 10.052000010061366
                                                            46.52900000797714 10.053000010062242 46.529000007976826
                                                            10.054000010063444 46.52800000797597 10.05400001006377
                                                            46.527000007975424 10.05500001006497 46.526000007974574
                                                            10.055000010065621 46.524000007973555 10.055000010066589
                                                            46.52100000797198 10.055000010066905 46.52000000797145
                                                            10.054000010066355 46.51900000797125 10.054000010066677
                                                            46.51800000797069 10.053000010066768 46.515000007969455
                                                            10.051000010065007 46.51500000797013 10.050000010064457
                                                            46.514000007969955 10.050000010064775 46.51300000796941
                                                            10.049000010063894 46.513000007969744 10.048000010063337
                                                            46.51200000796954 10.047000010062458 46.51200000796987
                                                            10.046000010061578 46.51200000797023 10.045000010060699
                                                            46.51200000797054 10.044000010059817 46.51200000797087
                                                            10.044000010060142 46.51100000797034 10.044000010060463
                                                            46.510000007969815 10.044000010060786 46.509000007969284
                                                            10.044000010061108 46.508000007968775 10.045000010061987
                                                            46.50800000796844 10.045000010062308 46.50700000796791
                                                            10.045000010062632 46.50600000796741 10.046000010064155
                                                            46.504000007966006 10.047000010065034 46.50400000796565
                                                            10.049000010067115 46.50300000796447 10.050000010068318
                                                            46.50200000796362 10.05000001006864 46.5010000079631
                                                            10.049000010068081 46.50000000796293 10.048000010067204
                                                            46.50000000796325 10.047000010066965 46.49800000796251
                                                            10.047000010067288 46.497000007961965 10.046000010067047
                                                            46.49500000796123 10.046000010067367 46.49400000796071
                                                            10.046000010067688 46.49300000796021 10.047000010068894
                                                            46.49200000795932 10.04800001007009 46.49100000795846
                                                            10.049000010071294 46.49000000795762 10.050000010072175
                                                            46.49000000795728 10.049000010071618 46.4890000079571
                                                            10.049000010071936 46.48800000795658 10.048000010071057
                                                            46.4880000079569 10.04800001007138 46.48700000795638
                                                            10.046000010069937 46.4860000079565 10.045000010069378
                                                            46.48500000795632 10.045000010069696 46.48400000795578
                                                            10.045000010070021 46.48300000795523 10.044000010069137
                                                            46.48300000795556 10.04400001006946 46.48200000795502
                                                            10.044000010069784 46.4810000079545 10.045000010070984
                                                            46.48000000795363 10.046000010072184 46.479000007952855
                                                            10.047000010073385 46.47800000795195 10.048000010074263
                                                            46.47800000795164 10.049000010075465 46.477000007950735
                                                            10.050000010076667 46.47600000794988 10.051000010077544
                                                            46.476000007949565 10.051000010077866 46.475000007949035
                                                            10.052000010078748 46.47500000794873 10.052000010079066
                                                            46.47400000794818 10.05300001007995 46.474000007947815
                                                            10.053000010080273 46.47300000794727 10.053000010080591
                                                            46.47200000794679 10.053000010080908 46.47100000794623
                                                            10.053000010081234 46.47000000794571 10.05300001008155
                                                            46.46900000794515 10.054000010082433 46.46900000794487
                                                            10.054000010082751 46.46800000794432 10.055000010083951
                                                            46.46700000794344 10.056000010084835 46.46700000794313
                                                            10.056000010085153 46.466000007942604 10.05500001008427
                                                            46.46600000794291 10.05400001008435 46.46300000794166
                                                            10.054000010084668 46.4620000079411 10.05200001008323
                                                            46.46100000794125 10.050000010081467 46.46100000794192
                                                            10.04800001008002 46.46000000794206 10.04800001008034
                                                            46.45900000794151 10.04800001008066 46.45800000794097
                                                            10.04800001008098 46.45700000794047 10.0470000100801
                                                            46.457000007940785 10.046000010079215 46.4570000079411
                                                            10.045000010078336 46.457000007941424 10.045000010078654
                                                            46.45600000794088 10.044000010078094 46.4550000079407
                                                            10.043000010077527 46.45400000794052 10.043000010077844
                                                            46.45300000793998 10.043000010078162 46.45200000793942
                                                            10.043000010078483 46.45100000793892 10.044000010079369
                                                            46.45100000793853 10.043000010078803 46.450000007938364
                                                            10.042000010077917 46.45000000793869 10.04200001007824
                                                            46.44900000793815 10.041000010077356 46.44900000793848
                                                            10.040000010076474 46.44900000793881 10.041000010077676
                                                            46.44800000793792 10.041000010077997 46.447000007937376
                                                            10.042000010078878 46.44700000793708 10.042000010079192
                                                            46.446000007936554 10.043000010080073 46.4460000079362
                                                            10.043000010080394 46.44500000793567 10.044000010081602
                                                            46.44400000793481 10.045000010082479 46.4440000079345
                                                            10.046000010083361 46.44400000793416 10.049000010086006
                                                            46.444000007933205 10.05200001008897 46.44300000793164
                                                            10.053000010090173 46.44200000793084 10.054000010091055
                                                            46.44200000793049 10.055000010091936 46.44200000793016
                                                            10.056000010092813 46.44200000792981 10.057000010093697
                                                            46.44200000792947 10.057000010093377 46.44300000793001
                                                            10.058000010094256 46.44300000792967 10.058000010094577
                                                            46.44200000792916 10.058000010094897 46.441000007928615
                                                            10.059000010095776 46.44100000792829 10.059000010096096
                                                            46.44000000792774 10.060000010096978 46.44000000792745
                                                            10.059000010096735 46.43800000792668 10.059000010097053
                                                            46.43700000792614 10.059000010097373 46.43600000792559
                                                            10.060000010098568 46.43500000792478 10.059000010098007
                                                            46.43400000792454 10.060000010098888 46.43400000792419
                                                            10.060000010099207 46.433000007923674 10.060000010099525
                                                            46.432000007923136 10.061000010100726 46.431000007922265
                                                            10.061000010101042 46.43000000792174 10.062000010101919
                                                            46.43000000792137 10.063000010102806 46.430000007921095
                                                            10.063000010103124 46.429000007920536 10.064000010104003
                                                            46.42900000792018 10.065000010104885 46.42900000791989
                                                            10.066000010106087 46.42800000791902 10.067000010106963
                                                            46.428000007918705 10.07200001011105 46.42900000791757
                                                            10.076000010114253 46.43000000791683 10.077000010115128
                                                            46.430000007916476 10.078000010116009 46.43000000791615
                                                            10.079000010116891 46.430000007915844 10.079000010117209
                                                            46.42900000791529 10.080000010118093 46.429000007914965
                                                            10.081000010119288 46.428000007914086 10.082000010120488
                                                            46.427000007913236 10.08100001011961 46.42700000791355
                                                            10.081000010119926 46.42600000791303 10.081000010120244
                                                            46.425000007912466 10.081000010120562 46.42400000791193
                                                            10.081000010120881 46.42300000791147 10.082000010121758
                                                            46.423000007911085 10.083000010122639 46.42300000791076
                                                            10.0840000101232 46.424000007911 10.08400001012352
                                                            46.42300000791043 10.085000010124396 46.423000007910105
                                                            10.087000010126157 46.42300000790944 10.088000010127036
                                                            46.42300000790911 10.089000010127913 46.42300000790877
                                                            10.089000010127597 46.42400000790932 10.09000001012848
                                                            46.42400000790897 10.091000010129356 46.424000007908624
                                                            10.092000010130231 46.42400000790833 10.093000010131115
                                                            46.42400000790799 10.094000010131989 46.42400000790768
                                                            10.095000010132871 46.424000007907324 10.096000010133748
                                                            46.424000007907004 10.097000010134625 46.42400000790665
                                                            10.097000010134943 46.423000007906126 10.098000010135824
                                                            46.42300000790585 10.099000010136704 46.42300000790549
                                                            10.100000010137578 46.42300000790516 10.101000010138456
                                                            46.42300000790484 10.102000010139335 46.42300000790446
                                                            10.103000010139898 46.424000007904695 10.103000010139574
                                                            46.425000007905226 10.103000010139255 46.42600000790578
                                                            10.10400001014013 46.42600000790544 10.10400001013981
                                                            46.42700000790597 10.10500001014069 46.427000007905676
                                                            10.106000010141562 46.4270000079053 10.10700001014244
                                                            46.42700000790497 10.108000010143 46.42800000790517
                                                            10.109000010143879 46.42800000790486 10.109000010143564
                                                            46.429000007905394 10.10900001014324 46.43000000790592
                                                            10.110000010144116 46.43000000790558 10.111000010144995
                                                            46.43000000790525 10.111000010145318 46.429000007904726
                                                            10.112000010146193 46.429000007904406 10.113000010147069
                                                            46.42900000790407 10.114000010147945 46.42900000790377
                                                            10.115000010149139 46.428000007902874 10.116000010150016
                                                            46.42800000790254 10.117000010150893 46.4280000079022
                                                            10.118000010151773 46.42800000790187 10.119000010152643
                                                            46.42800000790156 10.119000010152323 46.429000007902104
                                                            10.120000010152882 46.430000007902315 10.120000010152559
                                                            46.43100000790281 10.121000010153438 46.43100000790251
                                                            10.12200001015431 46.431000007902156 10.123000010154865
                                                            46.43200000790238 10.124000010155743 46.432000007902076
                                                            10.125000010156619 46.43200000790171 10.126000010157492
                                                            46.43200000790137 10.12700001015837 46.43200000790105
                                                            10.128000010159242 46.43200000790075 10.129000010160114
                                                            46.432000007900385 10.130000010160673 46.43300000790063
                                                            10.130000010160353 46.43400000790113 10.131000010161225
                                                            46.43400000790081 10.132000010162422 46.433000007899935
                                                            10.133000010163292 46.43300000789957 10.133000010163615
                                                            46.432000007899035 10.134000010164813 46.43100000789819
                                                            10.135000010165689 46.43100000789785 10.136000010166562
                                                            46.4310000078975 10.137000010167434 46.431000007897175
                                                            10.138000010168309 46.431000007896884 10.139000010169184
                                                            46.4310000078965 10.139000010169505 46.430000007896
                                                            10.140000010170061 46.43100000789618 10.141000010170934
                                                            46.43100000789591 10.141000010171256 46.43000000789537
                                                            10.142000010172127 46.43000000789499 10.143000010173001
                                                            46.430000007894705 10.144000010173876 46.43000000789435
                                                            10.145000010174751 46.43000000789403 10.144000010174196
                                                            46.429000007893805 10.14400001017452 46.42800000789327
                                                            10.14500001017539 46.42800000789296 10.145000010175714
                                                            46.42700000789243 10.146000010176904 46.426000007891574
                                                            10.14700001017778 46.42600000789124 10.148000010178652
                                                            46.4260000078909 10.148000010178974 46.42500000789037
                                                            10.149000010179849 46.425000007890006 10.149000010180167
                                                            46.424000007889475 10.14900001018049 46.42300000788894
                                                            10.14900001018081 46.42200000788839 10.149000010181132
                                                            46.42100000788788 10.149000010181457 46.420000007887346
                                                            10.149000010181771 46.41900000788679 10.150000010182644
                                                            46.419000007886446 10.150000010182964 46.418000007885944
                                                            10.150000010183287 46.417000007885406 10.149000010182737
                                                            46.416000007885216 10.150000010183929 46.415000007884316
                                                            10.151000010184804 46.41500000788402 10.152000010185677
                                                            46.415000007883684 10.152000010185356 46.41600000788421
                                                            10.153000010186233 46.416000007883845 10.154000010187106
                                                            46.416000007883504 10.155000010187976 46.416000007883206
                                                            10.15600001018885 46.41600000788288 10.15600001018853
                                                            46.417000007883395 10.157000010189401 46.41700000788312
                                                            10.158000010190275 46.41700000788277 10.158000010189955
                                                            46.41800000788326 10.159000010190827 46.418000007882945
                                                            10.160000010191702 46.4180000078826 10.161000010192891
                                                            46.417000007881754 10.162000010193767 46.41700000788145
                                                            10.16300001019464 46.417000007881086 10.163000010194962
                                                            46.41600000788058 10.163000010195281 46.41500000788001
                                                            10.164000010196153 46.415000007879684 10.164000010196471
                                                            46.41400000787917 10.165000010197348 46.41400000787882
                                                            10.165000010197668 46.413000007878296 10.165000010197987
                                                            46.41200000787774 10.16600001019886 46.412000007877396
                                                            10.16600001019918 46.411000007876844 10.167000010200054
                                                            46.41100000787653 10.167000010200374 46.410000007875986
                                                            10.168000010201245 46.41000000787563 10.168000010201567
                                                            46.409000007875136 10.167000010200697 46.40900000787545
                                                            10.167000010201013 46.40800000787493 10.166000010200145
                                                            46.408000007875266 10.165000010199272 46.408000007875586
                                                            10.165000010199588 46.40700000787504 10.164000010198716
                                                            46.40700000787538 10.164000010199038 46.406000007874844
                                                            10.163000010198488 46.40500000787462 10.163000010198807
                                                            46.40400000787413 10.164000010199677 46.40400000787377
                                                            10.1640000102 46.40300000787323 10.16300001019913
                                                            46.40300000787357 10.163000010199447 46.402000007873035
                                                            10.16400001020064 46.401000007872156 10.164000010200962
                                                            46.400000007871604 10.16400001020128 46.3990000078711
                                                            10.165000010202153 46.39900000787075 10.16500001020247
                                                            46.398000007870216 10.164000010201919 46.397000007869984
                                                            10.164000010202239 46.39600000786946 10.16400001020256
                                                            46.3950000078689 10.165000010203434 46.39500000786858
                                                            10.165000010203753 46.39400000786805 10.165000010204073
                                                            46.3930000078675 10.165000010204393 46.39200000786697
                                                            10.164000010203837 46.39100000786679 10.164000010204157
                                                            46.39000000786619 10.163000010203287 46.39000000786656
                                                            10.163000010203605 46.38900000786604 10.162000010202734
                                                            46.38900000786632 10.161000010202176 46.38800000786614
                                                            10.160000010201623 46.387000007865936 10.15900001020075
                                                            46.387000007866256 10.157000010198999 46.38700000786693
                                                            10.156000010198126 46.38700000786725 10.155000010197252
                                                            46.3870000078676 10.154000010196382 46.38700000786794
                                                            10.153000010195509 46.38700000786828 10.151000010193757
                                                            46.387000007868934 10.151000010193437 46.388000007869465
                                                            10.150000010192562 46.388000007869785 10.149000010191369
                                                            46.38900000787066 10.148000010190492 46.389000007871
                                                            10.148000010190813 46.38800000787045 10.147000010189938
                                                            46.388000007870765 10.146000010189061 46.388000007871156
                                                            10.145000010188188 46.388000007871476 10.144000010187312
                                                            46.388000007871796 10.143000010186755 46.38700000787155
                                                            10.143000010186437 46.388000007872094 10.142000010185882
                                                            46.38700000787191 10.141000010185005 46.38700000787226
                                                            10.141000010185325 46.386000007871694 10.140000010184448
                                                            46.38600000787203 10.139000010183572 46.386000007872354
                                                            10.13900001018389 46.385000007871795 10.138000010183015
                                                            46.38500000787213 10.137000010182138 46.385000007872485
                                                            10.137000010182458 46.38400000787192 10.13600001018158
                                                            46.38400000787225 10.136000010181899 46.38300000787173
                                                            10.13500001018102 46.383000007872056 10.134000010180147
                                                            46.383000007872354 10.134000010180463 46.382000007871845
                                                            10.133000010179586 46.38200000787217 10.13200001017871
                                                            46.382000007872485 10.132000010179025 46.38100000787197
                                                            10.131000010178148 46.3810000078723 10.130000010177277
                                                            46.381000007872636 10.130000010177596 46.3800000078721
                                                            10.129000010176714 46.380000007872425 10.129000010177036
                                                            46.37900000787185 10.12900001017735 46.37800000787129
                                                            10.12900001017767 46.37700000787079 10.130000010178863
                                                            46.37600000786989 10.1290000101783 46.37500000786972
                                                            10.128000010177743 46.37400000786949 10.128000010178061
                                                            46.37300000786896 10.128000010178383 46.3720000078684
                                                            10.127000010177499 46.37200000786873 10.12700001017782
                                                            46.371000007868204 10.128000010178695 46.371000007867856
                                                            10.12900001017957 46.37100000786753 10.129000010179887
                                                            46.370000007866985 10.129000010180206 46.36900000786646
                                                            10.129000010180524 46.36800000786591 10.130000010181721
                                                            46.367000007864995 10.130000010182039 46.366000007864486
                                                            10.130000010182352 46.365000007863934 10.131000010183232
                                                            46.36500000786365 10.131000010183547 46.364000007863055
                                                            10.130000010182988 46.363000007862844 10.130000010183302
                                                            46.36200000786234 10.129000010182425 46.362000007862655
                                                            10.12800001018155 46.36200000786296 10.127000010180671
                                                            46.36200000786334 10.126000010180112 46.36100000786312
                                                            10.125000010179235 46.36100000786345 10.124000010178673
                                                            46.36000000786321 10.123000010177792 46.36000000786355
                                                            10.122000010176912 46.36000000786384 10.12100001017635
                                                            46.35900000786363 10.120000010175472 46.35900000786399
                                                            10.120000010175787 46.35800000786343 10.11900001017491
                                                            46.35800000786374 10.118000010174352 46.35700000786356
                                                            10.11700001017379 46.35600000786334 10.116000010173225
                                                            46.35500000786313 10.115000010172345 46.355000007863474
                                                            10.114000010171782 46.35400000786323 10.113000010170582
                                                            46.35500000786412 10.112000010169705 46.35500000786442
                                                            10.11100001016883 46.35500000786475 10.110000010167948
                                                            46.3550000078651 10.110000010168266 46.35400000786457
                                                            10.109000010167385 46.35400000786489 10.109000010167698
                                                            46.35300000786434 10.109000010168014 46.35200000786381
                                                            10.110000010169209 46.35100000786297 10.110000010169523
                                                            46.35000000786239 10.11000001016984 46.34900000786184
                                                            10.111000010171034 46.34800000786093 10.110000010170157
                                                            46.348000007861295 10.110000010170472 46.34700000786076
                                                            10.110000010170781 46.34600000786018 10.109000010169904
                                                            46.346000007860525 10.109000010170218 46.34500000785996
                                                            10.108000010169343 46.34500000786028 10.108000010169654
                                                            46.344000007859755 10.107000010168775 46.34400000786008
                                                            10.10800001016997 46.343000007859196 10.108000010170285
                                                            46.34200000785864 10.107000010169404 46.34200000785902
                                                            10.107000010169719 46.34100000785842 10.107000010170037
                                                            46.34000000785792 10.10700001017035 46.339000007857365
                                                            10.107000010170664 46.33800000785686 10.107000010170978
                                                            46.33700000785629 10.10700001017129 46.33600000785571
                                                            10.106000010170414 46.33600000785608 10.106000010170726
                                                            46.33500000785548 10.106000010171039 46.33400000785497
                                                            10.10700001017192 46.33400000785458 10.107000010172236
                                                            46.333000007854096 10.108000010173118 46.33300000785376
                                                            10.108000010173432 46.33200000785322 10.109000010174311
                                                            46.33200000785287 10.110000010175504 46.33100000785197
                                                            10.111000010176383 46.33100000785167 10.1110000101767
                                                            46.33000000785108 10.111000010177015 46.32900000785055
                                                            10.112000010177892 46.329000007850226 10.11200001017821
                                                            46.328000007849695 10.113000010179086 46.32800000784935
                                                            10.113000010179402 46.32700000784882 10.113000010179718
                                                            46.32600000784828 10.114000010180598 46.32600000784795
                                                            10.11400001018091 46.32500000784739 10.114000010181227
                                                            46.32400000784684 10.115000010182104 46.32400000784651
                                                            10.115000010182419 46.32300000784597 10.115000010182735
                                                            46.32200000784543 10.11500001018305 46.32100000784487
                                                            10.11600001018424 46.32000000784396 10.116000010184555
                                                            46.31900000784346 10.117000010185754 46.31800000784256
                                                            10.118000010186945 46.3170000078417 10.118000010187256
                                                            46.316000007841126 10.119000010188135 46.31600000784077
                                                            10.120000010189333 46.31500000783991 10.121000010190208
                                                            46.315000007839586 10.121000010190524 46.314000007839034
                                                            10.122000010191401 46.314000007838736 10.124000010193166
                                                            46.31400000783803 10.125000010194043 46.31400000783771
                                                            10.126000010195234 46.31300000783685 10.128000010197312
                                                            46.31200000783565 10.129000010198183 46.31200000783534
                                                            10.129000010198501 46.311000007834764 10.130000010199382
                                                            46.31100000783445 10.130000010199696 46.31000000783388
                                                            10.131000010200571 46.310000007833516 10.132000010201454
                                                            46.31000000783325 10.133000010202645 46.30900000783238
                                                            10.134000010203529 46.30900000783203 10.135000010204719
                                                            46.30800000783115 10.136000010205592 46.30800000783082
                                                            10.137000010206478 46.308000007830465 10.137000010206789
                                                            46.30700000782993 10.138000010207668 46.30700000782959
                                                            10.139000010208544 46.30700000782926 10.140000010209425
                                                            46.30700000782896 10.14000001020974 46.30600000782838
                                                            10.140000010210056 46.305000007827864 10.140000010210366
                                                            46.30400000782729 10.14000001021068 46.303000007826746
                                                            10.140000010210994 46.30200000782615 10.140000010211308
                                                            46.30100000782562 10.141000010212187 46.30100000782529
                                                            10.142000010213062 46.30100000782498 10.142000010213378
                                                            46.30000000782443 10.143000010214257 46.3000000078241
                                                            10.144000010215448 46.299000007823224 10.14500001021633
                                                            46.29900000782288 10.146000010217518 46.29800000782198
                                                            10.147000010218706 46.297000007821104 10.148000010219588
                                                            46.29700000782079 10.149000010220464 46.297000007820444
                                                            10.150000010221346 46.29700000782013 10.150000010221659
                                                            46.296000007819565 10.151000010222536 46.29600000781925
                                                            10.152000010223416 46.296000007818925 10.153000010224293
                                                            46.29600000781859 10.154000010225172 46.29600000781826
                                                            10.155000010226358 46.29500000781739 10.15600001022724
                                                            46.295000007817066 10.156000010227553 46.2940000078165
                                                            10.157000010228742 46.29300000781563 10.157000010229053
                                                            46.29200000781505 10.158000010230246 46.291000007814205
                                                            10.157000010229686 46.290000007813966 10.157000010229998
                                                            46.2890000078134 10.15600001022912 46.289000007813755
                                                            10.155000010228557 46.28800000781353 10.156000010229747
                                                            46.28700000781266 10.157000010230936 46.28600000781174
                                                            10.15900001023269 46.2860000078111 10.160000010233567
                                                            46.28600000781078 10.16100001023445 46.28600000781045
                                                            10.162000010235639 46.28500000780954 10.163000010236514
                                                            46.285000007809245 10.164000010237705 46.28400000780835
                                                            10.16300001023683 46.28400000780868 10.163000010237143
                                                            46.283000007808084 10.163000010237456 46.28200000780758
                                                            10.16300001023777 46.28100000780698 10.163000010238084
                                                            46.28000000780647 10.163000010238397 46.27900000780589
                                                            10.163000010238711 46.278000007805375 10.164000010239896
                                                            46.27700000780449 10.16500001024109 46.276000007803596
                                                            10.165000010241712 46.274000007802506 10.165000010242027
                                                            46.27300000780191 10.166000010242902 46.27300000780161
                                                            10.167000010243779 46.27300000780125 10.167000010244097
                                                            46.272000007800706 10.16800001024497 46.272000007800386
                                                            10.16900001024585 46.27200000780008 10.170000010247037
                                                            46.27100000779914 10.171000010247916 46.27100000779883
                                                            10.171000010248227 46.270000007798295 10.172000010249107
                                                            46.27000000779798 10.172000010249418 46.26900000779741
                                                            10.173000010250297 46.269000007797096 10.173000010250608
                                                            46.268000007796495 10.174000010251483 46.268000007796175
                                                            10.174000010251797 46.267000007795616 10.175000010252676
                                                            46.26700000779528 10.175000010252985 46.26600000779475
                                                            10.175000010253305 46.26500000779417 10.175000010253616
                                                            46.264000007793655 10.175000010253926 46.26300000779309
                                                            10.176000010254803 46.263000007792726 10.176000010255118
                                                            46.26200000779217 10.177000010255991 46.26200000779188
                                                            10.177000010256304 46.26100000779132 10.178000010257493
                                                            46.260000007790396 10.17600001025699 46.256000007788856
                                                            10.17100001025354 46.253000007788835 10.158000010244615
                                                            46.245000007788676 10.152000010240581 46.241000007788415
                                                            10.150000010239753 46.2380000077874 10.149000010239492
                                                            46.23600000778661 10.148000010239233 46.23400000778581
                                                            10.147000010238973 46.23200000778505 10.139000010232852
                                                            46.22900000778596 10.134000010229066 46.22700000778648
                                                            10.130000010225542 46.22700000778778 10.127000010222892
                                                            46.22700000778878 10.125000010221438 46.2260000077889
                                                            10.122000010218786 46.22600000778988 10.120000010216712
                                                            46.22700000779107 10.117000010214069 46.22700000779208
                                                            10.115000010212299 46.227000007792675 10.110000010207573
                                                            46.228000007794904 10.107000010204606 46.229000007796465
                                                            10.105000010202533 46.23000000779765 10.103000010200764
                                                            46.2300000077983 10.100000010198418 46.22900000779871
                                                            10.099000010197223 46.230000007799646 10.09600001019457
                                                            46.23000000780058 10.095000010193687 46.23000000780092
                                                            10.093000010191917 46.23000000780158 10.091000010190143
                                                            46.23000000780221 10.090000010189257 46.23000000780255
                                                            10.089000010188679 46.22900000780235 10.088000010187791
                                                            46.22900000780266 10.086000010186023 46.22900000780335
                                                            10.085000010185444 46.228000007803054 10.084000010184555
                                                            46.22800000780338 10.08200001018309 46.22700000780351
                                                            10.08000001018193 46.22500000780302 10.07900001018135
                                                            46.22400000780276 10.077000010179884 46.22300000780288
                                                            10.075000010178725 46.2210000078024 10.073000010177257
                                                            46.22000000780248 10.072000010176676 46.21900000780227
                                                            10.0700000101749 46.219000007802904 10.068000010172813
                                                            46.22000000780408 10.06800001017251 46.22100000780468
                                                            10.064000010168654 46.22200000780654 10.063000010167153
                                                            46.224000007808016 10.061000010165069 46.2250000078092
                                                            10.060000010163568 46.22700000781068 10.059000010162672
                                                            46.227000007810965 10.057000010160898 46.22700000781164
                                                            10.056000010159705 46.2280000078125 10.05500001015851
                                                            46.22900000781338 10.053000010156733 46.229000007814065
                                                            10.053000010156422 46.23000000781459 10.051000010154953
                                                            46.22900000781472 10.050000010153758 46.2300000078156
                                                            10.049000010152865 46.23000000781592 10.04900001015256
                                                            46.231000007816476 10.048000010151672 46.231000007816796
                                                            10.047000010150782 46.231000007817144 10.045000010149
                                                            46.23100000781776 10.045000010148696 46.232000007818364
                                                            10.04600001014928 46.233000007818575 10.047000010150166
                                                            46.23300000781827 10.049000010151639 46.23400000781818
                                                            10.051000010153114 46.235000007818066 10.052000010154003
                                                            46.23500000781776 10.052000010153694 46.23600000781831
                                                            10.053000010154275 46.23700000781859 10.054000010155164
                                                            46.23700000781823 10.055000010155748 46.23800000781844
                                                            10.055000010155439 46.23900000781904 10.056000010156021
                                                            46.24000000781924 10.056000010155712 46.24100000781985
                                                            10.055000010154519 46.24200000782071 10.055000010154211
                                                            46.24300000782127 10.055000010153906 46.24400000782181
                                                            10.056000010154792 46.24400000782149 10.056000010154486
                                                            46.24500000782205 10.057000010155372 46.245000007821695
                                                            10.05800001015626 46.24500000782139 10.05800001015595
                                                            46.246000007821955 10.058000010155643 46.24700000782251
                                                            10.058000010155338 46.24800000782305 10.058000010155027
                                                            46.24900000782365 10.059000010155916 46.24900000782335
                                                            10.060000010156807 46.249000007823 10.061000010157693
                                                            46.249000007822666 10.06200001015827 46.25000000782287
                                                            10.062000010157965 46.25100000782342 10.062000010157654
                                                            46.252000007824 10.062000010157348 46.25300000782455
                                                            10.06100001015646 46.25300000782491 10.061000010156155
                                                            46.25400000782544 10.060000010155266 46.254000007825766
                                                            10.06000001015496 46.25500000782633 10.06000001015465
                                                            46.2560000078269 10.060000010154342 46.257000007827436
                                                            10.060000010154035 46.25800000782802 10.059000010153149
                                                            46.25800000782834 10.057000010151063 46.259000007829556
                                                            10.058000010151948 46.25900000782921 10.059000010152529
                                                            46.26000000782943 10.05900001015222 46.261000007829985
                                                            10.058000010150714 46.26300000783145 10.05700001014952
                                                            46.26400000783232 10.057000010149213 46.2650000078329
                                                            10.057000010148904 46.26600000783345 10.057000010148599
                                                            46.26700000783398 10.057000010148288 46.26800000783455
                                                            10.056000010147397 46.268000007834864 10.0550000101462
                                                            46.26900000783578 10.054000010145312 46.26900000783608
                                                            10.053000010144428 46.26900000783643 10.052000010143537
                                                            46.269000007836745 10.05100001014234 46.27000000783765
                                                            10.050000010141458 46.27000000783791 10.049000010140563
                                                            46.27000000783826 10.048000010139368 46.27100000783915
                                                            10.047000010138174 46.272000007840035 10.046000010137282
                                                            46.27200000784035 10.045000010136391 46.27200000784067
                                                            10.044000010135198 46.27300000784157 10.043000010134309
                                                            46.273000007841894 10.043000010134 46.274000007842474
                                                            10.04200001013311 46.274000007842794 10.041000010132228
                                                            46.274000007843114 10.041000010131917 46.27500000784365
                                                            10.040000010131028 46.275000007844 10.040000010130717
                                                            46.276000007844566 10.039000010129827 46.27600000784489
                                                            10.038000010128943 46.276000007845184 10.037000010127743
                                                            46.27700000784612 10.036000010126857 46.2770000078464
                                                            10.03400001012508 46.277000007847064 10.034000010124766
                                                            46.278000007847616 10.033000010123876 46.27800000784798
                                                            10.03300001012357 46.279000007848495 10.032000010122681
                                                            46.27900000784884 10.031000010121792 46.27900000784913
                                                            10.030000010120904 46.27900000784948 10.029000010119706
                                                            46.28000000785031 10.028000010118813 46.280000007850674
                                                            10.027000010117924 46.280000007851 10.026000010117032
                                                            46.28000000785132 10.025000010116145 46.28000000785166
                                                            10.024000010115255 46.28000000785198 10.023000010114368
                                                            46.280000007852294 10.023000010114057 46.28100000785285
                                                            10.022000010113166 46.281000007853194 10.021000010112278
                                                            46.28100000785352 10.020000010111385 46.281000007853834
                                                            10.019000010110494 46.28100000785418 10.018000010109605
                                                            46.281000007854466 10.01700001010872 46.28100000785483
                                                            10.017000010108411 46.28200000785532 10.016000010107518
                                                            46.28200000785567 10.015000010106627 46.28200000785599
                                                            10.014000010105736 46.28200000785634 10.013000010104847
                                                            46.282000007856645 10.012000010103648 46.28300000785755
                                                            10.011000010102752 46.28300000785788 10.01100001010306
                                                            46.28200000785732 10.010000010102173 46.28200000785762
                                                            10.010000010101866 46.28300000785822 10.009000010100975
                                                            46.28300000785852 10.008000010100082 46.28300000785886
                                                            10.008000010099769 46.28400000785939 10.007000010098881
                                                            46.28400000785972 10.006000010097988 46.28400000786003
                                                            10.0050000100971 46.284000007860364 10.004000010096206
                                                            46.284000007860705 10.0040000100959 46.28500000786128
                                                            10.003000010095002 46.28500000786159 10.002000010094116
                                                            46.28500000786187 10.001000010093229 46.28500000786225
                                                            9.99800001009024 46.28600000786376 9.997000010089039
                                                            46.287000007864634 9.99700001008873 46.28800000786517
                                                            9.996000010087533 46.28900000786608 9.996000010087224
                                                            46.29000000786663 9.996000010086917 46.29100000786717
                                                            9.995000010085407 46.293000007868635 9.9950000100851
                                                            46.29400000786914 9.994000010084207 46.29400000786947
                                                            9.9940000100839 46.29500000787006 9.993000010082394
                                                            46.2970000078715 9.993000010082083 46.29800000787203
                                                            9.993000010081778 46.29900000787258 9.994000010082667
                                                            46.29900000787226 9.995000010083558 46.29900000787192
                                                            9.996000010084451 46.299000007871584 9.997000010085344
                                                            46.299000007871264 9.998000010085926 46.3000000078715
                                                            9.99900001008651 46.30100000787174 9.9990000100862
                                                            46.3020000078723 10.000000010087088 46.302000007872
                                                            10.000000010086783 46.303000007872534 10.001000010087676
                                                            46.30300000787219 10.002000010088567 46.303000007871844
                                                            10.002000010088256 46.304000007872425 10.00200001008795
                                                            46.30500000787297 10.00200001008764 46.30600000787353
                                                            10.001000010086747 46.306000007873834 10.00100001008644
                                                            46.3070000078744 10.000000010085545 46.30700000787474
                                                            9.999000010084657 46.307000007875104 9.999000010084348
                                                            46.30800000787561 9.998000010083146 46.309000007876485
                                                            9.998000010082837 46.310000007877015 9.99900001008373
                                                            46.310000007876724 10.000000010084308 46.31100000787693
                                                            10.001000010085201 46.3110000078766 10.001000010084892
                                                            46.31200000787717 10.001000010084583 46.31300000787771
                                                            10.001000010084278 46.314000007878285 10.001000010083965
                                                            46.31500000787883 10.000000010082763 46.31600000787968
                                                            9.999000010081874 46.31600000788001 9.99700001008009
                                                            46.31600000788066 9.996000010079202 46.316000007881
                                                            9.996000010078893 46.317000007881546 9.995000010077998
                                                            46.3170000078819 9.994000010077105 46.3170000078822
                                                            9.994000010076794 46.318000007882745 9.993000010075908
                                                            46.31800000788309 9.99200001007471 46.31900000788397
                                                            9.991000010073817 46.31900000788428 9.99000001007261
                                                            46.32000000788515 9.98900001007141 46.32100000788601
                                                            9.988000010070518 46.32100000788638 9.987000010069318
                                                            46.32200000788723 9.987000010069012 46.32300000788778
                                                            9.986000010068121 46.32300000788813 9.985000010067225
                                                            46.32300000788842 9.985000010066914 46.32400000788898
                                                            9.984000010066024 46.32400000788933 9.98300001006513
                                                            46.324000007889616 9.982000010063931 46.32500000789051
                                                            9.981000010063038 46.32500000789082 9.98200001006362
                                                            46.32600000789107 9.983000010064202 46.32700000789126
                                                            9.983000010063893 46.328000007891795 9.984000010064788
                                                            46.32800000789151 9.984000010064474 46.32900000789204
                                                            9.985000010065056 46.33000000789231 9.986000010065954
                                                            46.33000000789199 9.986000010065645 46.33100000789252
                                                            9.98500001006475 46.33100000789282 9.986000010065023
                                                            46.33300000789362 9.987000010065602 46.33400000789383
                                                            9.987000010065291 46.33500000789439 9.987000010064985
                                                            46.33600000789491 9.988000010065873 46.33600000789461
                                                            9.989000010066766 46.33600000789428 9.989000010066455
                                                            46.337000007894815 9.990000010067034 46.33800000789503
                                                            9.991000010067925 46.33800000789471 9.992000010068509
                                                            46.33900000789495 9.992000010068196 46.3400000078955
                                                            9.992000010067889 46.34100000789604 9.993000010068467
                                                            46.34200000789627 9.994000010069355 46.34200000789594
                                                            9.994000010069046 46.34300000789647 9.995000010069933
                                                            46.34300000789618 9.997000010071405 46.34400000789611
                                                            9.997000010071094 46.345000007896594 9.996000010069896
                                                            46.346000007897466 9.997000010070472 46.34700000789771
                                                            9.99700001007016 46.348000007898236 9.996000010069274
                                                            46.34800000789858 9.996000010068963 46.34900000789912
                                                            9.996000010068649 46.350000007899666 9.99600001006834
                                                            46.35100000790025 9.997000010069229 46.351000007899906
                                                            9.997000010068916 46.35200000790043 9.998000010069493
                                                            46.353000007900675 9.997000010068602 46.35300000790099
                                                            9.997000010068291 46.35400000790153 9.996000010067402
                                                            46.354000007901845 9.995000010066509 46.354000007902194
                                                            9.994000010065621 46.3540000079025 9.993000010064735
                                                            46.35400000790281 9.99200001006384 46.35400000790316
                                                            9.991000010062951 46.3540000079035 9.99000001006206
                                                            46.354000007903835 9.989000010061174 46.354000007904126
                                                            9.987000010059699 46.35300000790425 9.986000010058813
                                                            46.353000007904555 9.986000010058497 46.354000007905114
                                                            9.986000010058188 46.355000007905645 9.985000010057295
                                                            46.355000007905964 9.985000010056986 46.35600000790653
                                                            9.984000010056098 46.35600000790686 9.983000010055207
                                                            46.35600000790722 9.982000010054 46.35700000790806
                                                            9.981000010053112 46.357000007908375 9.981000010052798
                                                            46.35800000790889 9.98000001005191 46.35800000790924
                                                            9.979000010050704 46.35900000791008 9.978000010049813
                                                            46.35900000791043 9.97700001004861 46.36000000791128
                                                            9.97600001004772 46.36000000791164 9.975000010046829
                                                            46.36000000791201 9.974000010045627 46.36100000791286
                                                            9.973000010044421 46.36200000791372 9.972000010043217
                                                            46.36300000791458 9.971000010042326 46.36300000791489
                                                            9.970000010041124 46.364000007915756 9.96800001003934
                                                            46.36400000791641 9.966000010036934 46.36600000791817
                                                            9.964000010034841 46.36700000791937 9.96400001003453
                                                            46.36800000791991 9.963000010033324 46.36900000792078
                                                            9.962000010032124 46.37000000792167 9.960000010030027
                                                            46.37100000792285 9.958000010027309 46.37400000792516
                                                            9.9570000100261 46.375000007925976 9.95700001002579
                                                            46.37600000792653 9.95700001002548 46.3770000079271
                                                            9.958000010026375 46.37700000792676 9.959000010026953
                                                            46.37800000792696 9.959000010026642 46.37900000792754
                                                            9.960000010027533 46.37900000792722 9.960000010027223
                                                            46.38000000792774 9.959000010026328 46.38000000792803
                                                            9.958000010025437 46.380000007928366 9.954000010021552
                                                            46.381000007930254 9.95200001002008 46.38000000793032
                                                            9.951000010019186 46.38000000793066 9.949000010017405
                                                            46.380000007931315 9.948000010016509 46.380000007931606
                                                            9.947000010015923 46.3790000079314 9.94600001001503
                                                            46.37900000793177 9.945000010014137 46.379000007932056
                                                            9.944000010013244 46.37900000793237 9.943000010012355
                                                            46.37900000793268 9.941000010010876 46.378000007932805
                                                            9.94000001000998 46.378000007933146 9.939000010009087
                                                            46.37800000793344 9.939000010009394 46.377000007932914
                                                            9.936000010006715 46.3770000079339 9.93500001000613
                                                            46.37600000793366 9.934000010005235 46.37600000793397
                                                            9.93300001000465 46.37500000793379 9.932000010004066
                                                            46.37400000793355 9.931000010003169 46.37400000793386
                                                            9.931000010003482 46.373000007933335 9.931000010003789
                                                            46.372000007932776 9.932000010005 46.37100000793188
                                                            9.93200001000531 46.370000007931374 9.932000010005618
                                                            46.369000007930836 9.931000010004723 46.36900000793115
                                                            9.930000010003829 46.36900000793146 9.927000010001448
                                                            46.36800000793191 9.926000010000555 46.36800000793218
                                                            9.92500000999935 46.369000007933096 9.926000009999933
                                                            46.370000007933314 9.92500000999873 46.37100000793418
                                                            9.924000009997524 46.37200000793505 9.923000009996322
                                                            46.37300000793591 9.922000009995424 46.37300000793628
                                                            9.921000009994524 46.3730000079366 9.920000009993629
                                                            46.37300000793686 9.919000009992734 46.37300000793721
                                                            9.918000009992147 46.372000007936975 9.91700000999063
                                                            46.37400000793841 9.916000009989425 46.37500000793931
                                                            9.915000009987907 46.377000007940715 9.914000009986703
                                                            46.37800000794151 9.913000009985806 46.37800000794183
                                                            9.913000009985499 46.379000007942416 9.912000009984293
                                                            46.3800000079433 9.911000009983084 46.38100000794415
                                                            9.910000009981879 46.38200000794505 9.909000009980984
                                                            46.38200000794535 9.90900000998067 46.38300000794589
                                                            9.908000009979773 46.38300000794619 9.906000009978289
                                                            46.382000007946296 9.905000009977705 46.38100000794609
                                                            9.904000009976803 46.381000007946454 9.903000009975907
                                                            46.381000007946746 9.90200000997532 46.380000007946556
                                                            9.901000009974423 46.38000000794682 9.90200000997563
                                                            46.37900000794593 9.901000009974734 46.37900000794633
                                                            9.900000009974145 46.37800000794606 9.89900000997293
                                                            46.37900000794694 9.898000009972039 46.379000007947255
                                                            9.896000009970553 46.37800000794736 9.895000009969653
                                                            46.378000007947705 9.892000009967267 46.37700000794811
                                                            9.89100000996668 46.37600000794788 9.890000009965783
                                                            46.37600000794821 9.889000009965189 46.37500000794796
                                                            9.888000009964292 46.3750000079483 9.887000009963392
                                                            46.37500000794861 9.886000009962494 46.37500000794894
                                                            9.885000009961594 46.37500000794926 9.885000009961903
                                                            46.374000007948716 9.885000009962209 46.373000007948164
                                                            9.884000009961623 46.37200000794796 9.883000009960723
                                                            46.37200000794827 9.883000009961027 46.371000007947714
                                                            9.88200000996044 46.370000007947496 9.88100000995954
                                                            46.37000000794784 9.88000000995864 46.37000000794812
                                                            9.880000009958946 46.36900000794759 9.878000009957457
                                                            46.36800000794772 9.877000009956559 46.36800000794804
                                                            9.875000009955063 46.36700000794811 9.874000009954473
                                                            46.36600000794788 9.873000009953573 46.36600000794821
                                                            9.870000009951482 46.36400000794809 9.869000009950279
                                                            46.36500000794894 9.868000009949064 46.36600000794979
                                                            9.867000009948168 46.36600000795017 9.866000009947268
                                                            46.36600000795046 9.865000009946366 46.36600000795083
                                                            9.864000009945771 46.36500000795057 9.86400000994546
                                                            46.36600000795112 9.86300000994456 46.36600000795142
                                                            9.861000009943066 46.36500000795153 9.860000009942166
                                                            46.36500000795187 9.860000009941853 46.3660000079524
                                                            9.859000009940955 46.36600000795271 9.858000009940362
                                                            46.365000007952496 9.857000009939455 46.36500000795283
                                                            9.855000009937658 46.365000007953455 9.854000009936442
                                                            46.36600000795433 9.854000009936748 46.36500000795378
                                                            9.85300000993585 46.365000007954116 9.853000009935544
                                                            46.36600000795464 9.85100000993374 46.36600000795528
                                                            9.850000009932835 46.3660000079556 9.850000009933142
                                                            46.36500000795506 9.849000009932238 46.365000007955395
                                                            9.848000009931337 46.3650000079557 9.848000009931642
                                                            46.36400000795514 9.847000009930738 46.36400000795547
                                                            9.84600000992984 46.36400000795577 9.845000009928937
                                                            46.364000007956086 9.84400000992803 46.36400000795642
                                                            9.843000009927437 46.3630000079562 9.84300000992713
                                                            46.36400000795674 9.842000009926227 46.364000007957046
                                                            9.84100000992532 46.36400000795738 9.840000009924417
                                                            46.364000007957706 9.840000009924722 46.36300000795716
                                                            9.839000009923822 46.363000007957474 9.838000009922915
                                                            46.363000007957815 9.837000009922011 46.36300000795812
                                                            9.835000009920204 46.36300000795879 9.834000009919302
                                                            46.36300000795909 9.833000009918704 46.362000007958855
                                                            9.83300000991901 46.361000007958324 9.833000009919319
                                                            46.36000000795776 9.832000009918413 46.36000000795807
                                                            9.829000009916616 46.35700000795743 9.828000009915703
                                                            46.357000007957716 9.827000009914805 46.35700000795804
                                                            9.825000009913603 46.35500000795756 9.824000009913009
                                                            46.35400000795738 9.8230000099121 46.3540000079577
                                                            9.823000009912409 46.35300000795713 9.822000009911498
                                                            46.35300000795745 9.821000009910597 46.353000007957775
                                                            9.821000009910898 46.35200000795721 9.820000009909997
                                                            46.35200000795754 9.818000009908182 46.35200000795817
                                                            9.817000009907279 46.35200000795849 9.816000009906373
                                                            46.35200000795881 9.815000009905772 46.351000007958596
                                                            9.814000009904863 46.3510000079589 9.813000009903957
                                                            46.35100000795923 9.812000009903356 46.350000007959
                                                            9.811000009902449 46.35000000795934 9.810000009901543
                                                            46.350000007959636 9.810000009901845 46.349000007959056
                                                            9.809000009900942 46.34900000795938 9.808000009900034
                                                            46.34900000795972 9.807000009899125 46.349000007960015
                                                            9.80700000989943 46.34800000795952 9.806000009898522
                                                            46.34800000795978 9.806000009898828 46.34700000795925
                                                            9.805000009897922 46.3470000079596 9.805000009898222
                                                            46.34600000795901 9.804000009897317 46.346000007959326
                                                            9.803000009896412 46.34600000795965 9.802000009895501
                                                            46.34600000795995 9.802000009895805 46.34500000795944
                                                            9.801000009894594 46.34600000796028 9.800000009893992
                                                            46.345000007960074 9.800000009893683 46.346000007960576
                                                            9.799000009892774 46.34600000796094 9.798000009891872
                                                            46.34600000796123 9.798000009892178 46.34500000796072
                                                            9.797000009891269 46.34500000796102 9.79600000989036
                                                            46.34500000796133 9.79500000988945 46.34500000796166
                                                            9.794000009888544 46.34500000796199 9.793000009887633
                                                            46.3450000079623 9.793000009887937 46.34400000796175
                                                            9.79200000988703 46.344000007962066 9.791000009886119
                                                            46.344000007962364 9.791000009886428 46.34300000796188
                                                            9.790000009885514 46.34300000796213 9.789000009884907
                                                            46.34200000796193 9.788000009884001 46.34200000796221
                                                            9.787000009883094 46.34200000796257 9.786000009882184
                                                            46.34200000796288 9.786000009881878 46.343000007963425
                                                            9.785000009881275 46.34200000796321 9.784000009880671
                                                            46.34100000796297 9.783000009880062 46.340000007962715
                                                            9.782000009879456 46.339000007962504 9.781000009878548
                                                            46.33900000796285 9.78100000987885 46.33800000796227
                                                            9.780000009877936 46.33800000796258 9.78000000987824
                                                            46.337000007962054 9.779000009877334 46.33700000796234
                                                            9.77700000987551 46.33700000796298 9.7760000098746
                                                            46.33700000796332 9.775000009873695 46.33700000796361
                                                            9.773000009871568 46.33800000796482 9.77200000987066
                                                            46.33800000796511 9.771000009869748 46.33800000796547
                                                            9.770000009868834 46.338000007965796 9.769000009867625
                                                            46.33900000796668 9.768000009866714 46.33900000796692
                                                            9.767000009865805 46.339000007967286 9.766000009864893
                                                            46.33900000796761 9.765000009863376 46.341000007968994
                                                            9.764000009862464 46.341000007969335 9.76300000986125
                                                            46.342000007970185 9.762000009860037 46.34300000797105
                                                            9.761000009858826 46.34400000797192 9.76000000985761
                                                            46.34500000797281 9.759000009856699 46.34500000797311
                                                            9.759000009856392 46.346000007973636 9.757000009854272
                                                            46.34700000797485 9.755000009852145 46.34800000797606
                                                            9.75400000985123 46.348000007976346 9.753000009850316
                                                            46.348000007976665 9.75000000984728 46.34900000797811
                                                            9.74900000984607 46.35000000797904 9.748000009844855
                                                            46.3510000079799 9.747000009843635 46.35200000798073
                                                            9.746000009842724 46.35200000798109 9.745000009841812
                                                            46.35200000798139 9.745000009841512 46.35300000798196
                                                            9.745000009841206 46.35400000798254 9.7440000098406
                                                            46.35300000798229 9.743000009839687 46.35300000798258
                                                            9.74200000983908 46.35200000798237 9.741000009838162
                                                            46.35200000798267 9.740000009837253 46.35200000798302
                                                            9.739000009836337 46.352000007983314 9.739000009836037
                                                            46.353000007983916 9.73800000983512 46.353000007984164
                                                            9.738000009835426 46.35200000798361 9.737000009834508
                                                            46.35200000798394 9.73500000983299 46.35100000798404
                                                            9.73500000983329 46.35000000798348 9.735000009833593
                                                            46.34900000798289 9.734000009832677 46.349000007983264
                                                            9.733000009831766 46.349000007983534 9.732000009831152
                                                            46.34800000798335 9.73100000983054 46.34700000798311
                                                            9.730000009829626 46.347000007983425 9.729000009829011
                                                            46.346000007983164 9.728000009828099 46.346000007983484
                                                            9.726000009826574 46.34500000798359 9.726000009826878
                                                            46.34400000798301 9.725000009825958 46.34400000798333
                                                            9.725000009826262 46.343000007982795 9.72400000982535
                                                            46.34300000798308 9.72600000982808 46.340000007980834
                                                            9.727000009828997 46.340000007980514 9.727000009829297
                                                            46.33900000797994 9.727000009829595 46.338000007979396
                                                            9.727000009829895 46.337000007978816 9.728000009831112
                                                            46.33600000797796 9.728000009831414 46.335000007977435
                                                            9.729000009832628 46.33400000797655 9.728000009831712
                                                            46.33400000797686 9.726000009830189 46.33300000797693
                                                            9.72500000982927 46.33300000797725 9.724000009828359
                                                            46.333000007977574 9.724000009828659 46.33200000797706
                                                            9.725000009829872 46.33100000797615 9.724000009828957
                                                            46.33100000797644 9.723000009828347 46.33000000797626
                                                            9.721000009826813 46.32900000797633 9.720000009825903
                                                            46.32900000797664 9.720000009826203 46.32800000797608
                                                            9.719000009825583 46.32700000797583 9.71900000982588
                                                            46.326000007975274 9.719000009826182 46.325000007974694
                                                            9.719000009826487 46.324000007974185 9.71900000982678
                                                            46.32300000797362 9.720000009827702 46.323000007973306
                                                            9.721000009828616 46.32300000797296 9.722000009829525
                                                            46.323000007972674 9.723000009830447 46.32300000797234
                                                            9.724000009831363 46.323000007972034 9.725000009832273
                                                            46.32300000797172 9.726000009833493 46.32200000797085
                                                            9.727000009834406 46.32200000797051 9.727000009834706
                                                            46.32100000796994 9.727000009835306 46.31900000796889
                                                            9.727000009835606 46.31800000796831 9.727000009835907
                                                            46.317000007967735 9.727000009836209 46.31600000796717
                                                            9.727000009836507 46.31500000796664 9.726000009836195
                                                            46.313000007965854 9.726000009836492 46.3120000079653
                                                            9.725000009835874 46.31100000796507 9.72400000983496
                                                            46.31100000796533 9.723000009834044 46.311000007965674
                                                            9.723000009834346 46.310000007965144 9.722000009833424
                                                            46.31000000796544 9.722000009833724 46.30900000796486
                                                            9.721000009832812 46.309000007965196 9.72100000983311
                                                            46.30800000796464 9.720000009832196 46.30800000796496
                                                            9.719000009831275 46.30800000796527 9.719000009831579
                                                            46.30700000796472 9.719000009831875 46.30600000796414
                                                            9.71800000983126 46.30500000796394 9.717000009830645
                                                            46.30400000796369 9.717000009831537 46.301000007962
                                                            9.716000009830918 46.30000000796173 9.716000009831214
                                                            46.29900000796118 9.716000009831514 46.298000007960646
                                                            9.717000009832736 46.29700000795979 9.716000009831815
                                                            46.29700000796009 9.716000009832113 46.29600000795953
                                                            9.71600000983241 46.29500000795898 9.714000009830578
                                                            46.29500000795959 9.71300000982966 46.29500000795989
                                                            9.712000009829042 46.29400000795966 9.711000009828126
                                                            46.29400000795997 9.70900000982629 46.294000007960605
                                                            9.707000009824752 46.293000007960714 9.706000009823832
                                                            46.29300000796102 9.704000009821998 46.29300000796163
                                                            9.703000009821078 46.29300000796196 9.701000009819243
                                                            46.293000007962554 9.701000009818946 46.29400000796313
                                                            9.700000009818028 46.294000007963476 9.699000009817105
                                                            46.29400000796375 9.69800000981619 46.29400000796408
                                                            9.697000009814975 46.29500000796496 9.696000009814055
                                                            46.295000007965264 9.695000009812837 46.29600000796612
                                                            9.694000009811917 46.29600000796645 9.69200000981038
                                                            46.29500000796649 9.691000009809462 46.29500000796688
                                                            9.690000009808543 46.295000007967175 9.689000009807327
                                                            46.29600000796802 9.688000009806109 46.29700000796891
                                                            9.687000009805185 46.29700000796921 9.686000009803971
                                                            46.29800000797007 9.685000009803051 46.29800000797041
                                                            9.683000009800914 46.29900000797161 9.683000009800619
                                                            46.30000000797215 9.682000009799404 46.30100000797305
                                                            9.683000009800024 46.302000007973255 9.682000009799104
                                                            46.302000007973575 9.681000009798185 46.3020000079739
                                                            9.681000009797888 46.30300000797446 9.680000009796668
                                                            46.30400000797532 9.679000009795748 46.30400000797566
                                                            9.678000009794532 46.305000007976524 9.677000009793613
                                                            46.30500000797682 9.676000009792693 46.30500000797712
                                                            9.67500000979207 46.30400000797691 9.675000009792367
                                                            46.30300000797635 9.674000009791445 46.30300000797665
                                                            9.673000009790524 46.30300000797698 9.672000009789905
                                                            46.30200000797673 9.67100000978898 46.302000007977085
                                                            9.671000009789282 46.30100000797648 9.671000009789577
                                                            46.30000000797591 9.671000009789871 46.299000007975344
                                                            9.67100000979017 46.29800000797479 9.670000009789248
                                                            46.29800000797516 9.669000009788325 46.298000007975425
                                                            9.668000009787406 46.29800000797576 9.668000009787113
                                                            46.29900000797631 9.66600000978527 46.299000007976915
                                                            9.665000009784347 46.299000007977234 9.664000009783424
                                                            46.29900000797757 9.664000009783724 46.29800000797701
                                                            9.6630000097828 46.29800000797729 9.661000009780958
                                                            46.29800000797793 9.661000009781253 46.29700000797738
                                                            9.66000000978033 46.297000007977715 9.659000009779414
                                                            46.29700000797801 9.659000009779708 46.296000007977455
                                                            9.658000009778787 46.29600000797774 9.657000009777866
                                                            46.2960000079781 9.657000009778159 46.29500000797752
                                                            9.656000009777236 46.29500000797782 9.655000009776312
                                                            46.29500000797814 9.654000009775391 46.29500000797846
                                                            9.653000009774468 46.29500000797877 9.652000009773843
                                                            46.29400000797852 9.65100000977292 46.2940000079788
                                                            9.651000009773217 46.29300000797827 9.651000009773517
                                                            46.29200000797771 9.651000009773814 46.29100000797719
                                                            9.650000009772889 46.29100000797746 9.649000009771962
                                                            46.29100000797781 9.648000009771039 46.29100000797813
                                                            9.647000009770114 46.29100000797841 9.646000009769491
                                                            46.29000000797818 9.645000009768564 46.29000000797846
                                                            9.64400000976794 46.28900000797822 9.643000009767016
                                                            46.28900000797853 9.642000009766091 46.28900000797884
                                                            9.642000009766386 46.288000007978304 9.641000009765463
                                                            46.28800000797862 9.640000009764542 46.28800000797891
                                                            9.639000009763617 46.28800000797922 9.638000009762688
                                                            46.288000007979534 9.636000009760844 46.28800000798021
                                                            9.635000009759919 46.28800000798045 9.634000009758996
                                                            46.28800000798081 9.633000009758069 46.288000007981104
                                                            9.63200000975685 46.28900000798198 9.630000009755001
                                                            46.28900000798262 9.629000009753783 46.290000007983515
                                                            9.628000009752858 46.29000000798382 9.628000009753153
                                                            46.28900000798324 9.627000009752226 46.28900000798355
                                                            9.627000009751933 46.29000000798412 9.626000009751007
                                                            46.29000000798442 9.625000009750082 46.29000000798475
                                                            9.624000009749157 46.29000000798504 9.622000009747309
                                                            46.29000000798567 9.62000000974575 46.28900000798574
                                                            9.620000009745455 46.29000000798629 9.619000009744235
                                                            46.291000007987165 9.61800000974331 46.291000007987485
                                                            9.617000009742384 46.29100000798777 9.617000009742089
                                                            46.292000007988364 9.616000009741164 46.292000007988676
                                                            9.61600000974087 46.29300000798922 9.615000009739944
                                                            46.29300000798955 9.614000009738724 46.2940000079904
                                                            9.613000009737798 46.294000007990725 9.613000009737503
                                                            46.29500000799127 9.612000009736574 46.295000007991604
                                                            9.612000009736283 46.29600000799217 9.611000009735356
                                                            46.29600000799247 9.61000000973443 46.29600000799277
                                                            9.609000009733503 46.2960000079931 9.608000009732578
                                                            46.29600000799339 9.60700000973165 46.296000007993726
                                                            9.607000009731355 46.29700000799424 9.606000009730431
                                                            46.29700000799454 9.605000009729501 46.29700000799487
                                                            9.604000009728871 46.29600000799468 9.60300000972765
                                                            46.29700000799551 9.602000009726721 46.29700000799581
                                                            9.601000009725798 46.29700000799613 9.600000009724575
                                                            46.298000007997025 9.600000009724868 46.29700000799644
                                                            9.599000009723943 46.29700000799674 9.598000009723016
                                                            46.297000007997084 9.598000009723311 46.29600000799651
                                                            9.597000009722382 46.29600000799684 9.596000009721456
                                                            46.29600000799715 9.59500000972053 46.296000007997456
                                                            9.595000009720824 46.295000007996876 9.594000009719895
                                                            46.29500000799721 9.593000009718672 46.29600000799809
                                                            9.592000009717747 46.29600000799838 9.591000009716527
                                                            46.29700000799926 9.590000009715595 46.29700000799956
                                                            9.589000009714669 46.297000007999884 9.588000009713735
                                                            46.297000008000175 9.587000009712812 46.29700000800049
                                                            9.586000009711885 46.29700000800079 9.586000009712176
                                                            46.29600000800022 9.585000009711251 46.29600000800054
                                                            9.584000009710321 46.29600000800086 9.584000009710024
                                                            46.29700000800143 9.5830000097091 46.29700000800172
                                                            9.582000009708171 46.29700000800205 9.58100000970724
                                                            46.29700000800236 9.580000009706312 46.29700000800266
                                                            9.579000009705384 46.297000008002975 9.579000009705089
                                                            46.298000008003534 9.578000009704159 46.29800000800386
                                                            9.578000009703867 46.29900000800444 9.577000009702935
                                                            46.299000008004704 9.576000009701719 46.30000000800559
                                                            9.575000009700789 46.300000008005895 9.575000009700489
                                                            46.301000008006476 9.574000009699564 46.3010000080068
                                                            9.573000009698637 46.30100000800709 9.572000009697703
                                                            46.30100000800743 9.571000009696778 46.30100000800772
                                                            9.570000009695551 46.30200000800854 9.569000009694625
                                                            46.3020000080089 9.569000009694333 46.30300000800948
                                                            9.5680000096934 46.30300000800977 9.567000009692475
                                                            46.303000008010066 9.566000009691248 46.30400000801097
                                                            9.565000009690317 46.30400000801126 9.564000009689387
                                                            46.30400000801156 9.56300000968817 46.30500000801244
                                                            9.562000009687235 46.30500000801275 9.56200000968694
                                                            46.306000008013314 9.562000009686646 46.30700000801386
                                                            9.562000009686354 46.308000008014425 9.561000009685426
                                                            46.308000008014716 9.560000009684494 46.30800000801508
                                                            9.559000009683565 46.30800000801533 9.558000009682633
                                                            46.308000008015675 9.557000009681705 46.30800000801593
                                                            9.556000009680776 46.30800000801628 9.555000009680136
                                                            46.30700000801606 9.55500000968043 46.306000008015474
                                                            9.5540000096795 46.3060000080158 9.554000009679791
                                                            46.30500000801523 9.55300000967886 46.305000008015526
                                                            9.552000009677933 46.305000008015845 9.551000009677294
                                                            46.304000008015606 9.549000009675138 46.30500000801676
                                                            9.5440000096696 46.30800000802001 9.54300000966867
                                                            46.308000008020294 9.54300000966838 46.30900000802086
                                                            9.542000009667447 46.309000008021194 9.541000009666222
                                                            46.31000000802204 9.540000009665292 46.31000000802234
                                                            9.540000009664997 46.311000008022916 9.539000009664061
                                                            46.31100000802326 9.538000009663135 46.31100000802355
                                                            9.538000009662841 46.31200000802407 9.538000009662548
                                                            46.313000008024645 9.537000009661616 46.31300000802497
                                                            9.536000009660683 46.313000008025305 9.536000009660391
                                                            46.31400000802585 9.53500000965946 46.31400000802614
                                                            9.534000009658236 46.31500000802704 9.53400000965794
                                                            46.316000008027544 9.53300000965701 46.3160000080279
                                                            9.533000009656714 46.31700000802844 9.532000009655782
                                                            46.31700000802875 9.532000009655489 46.318000008029294
                                                            9.531000009654559 46.318000008029635 9.530000009653625
                                                            46.318000008029905 9.530000009653332 46.3190000080305
                                                            9.5290000096524 46.31900000803081 9.529000009652107
                                                            46.320000008031336 9.528000009651175 46.32000000803167
                                                            9.528000009650883 46.32100000803221 9.527000009649946
                                                            46.32100000803255 9.527000009649655 46.322000008033065
                                                            9.52600000964843 46.32300000803394 9.526000009648138
                                                            46.3240000080345 9.525000009647206 46.3240000080348
                                                            9.525000009646911 46.32500000803539 9.524000009645977
                                                            46.325000008035694 9.524000009645686 46.326000008036246
                                                            9.523000009644752 46.326000008036544 9.52300000964446
                                                            46.32700000803708 9.522000009643529 46.32700000803743
                                                            9.521000009642593 46.32700000803773 9.521000009642306
                                                            46.32800000803829 9.52000000964137 46.32800000803863
                                                            9.520000009641073 46.32900000803915 9.519000009640145
                                                            46.32900000803947 9.519000009639852 46.33000000804004
                                                            9.519000009639557 46.33100000804058 9.519000009639264
                                                            46.33200000804114 9.51900000963897 46.33300000804168
                                                            9.518000009637747 46.33400000804258 9.517000009636812
                                                            46.33400000804287 9.516000009635878 46.334000008043226
                                                            9.51500000963495 46.33400000804348 9.515000009634653
                                                            46.33500000804407 9.515000009634358 46.336000008044614
                                                            9.515000009634063 46.337000008045166 9.51400000963313
                                                            46.337000008045486 9.514000009632834 46.33800000804605
                                                            9.513000009631908 46.338000008046365 9.513000009631613
                                                            46.339000008046874 9.513000009631318 46.34000000804744
                                                            9.51200000963009 46.341000008048304 9.512000009629796
                                                            46.342000008048856 9.512000009629503 46.343000008049415
                                                            9.512000009629208 46.344000008049974 9.511000009628274
                                                            46.344000008050294 9.51100000962798 46.34500000805083
                                                            9.51100000962769 46.346000008051426 9.510000009626754
                                                            46.3460000080517 9.510000009626463 46.34700000805226
                                                            9.511000009627395 46.347000008051936 9.511000009627098
                                                            46.348000008052495 9.510000009626166 46.348000008052836
                                                            9.510000009625873 46.349000008053345 9.510000009625582
                                                            46.35000000805393 9.510000009625285 46.35100000805447
                                                            9.510000009624992 46.352000008055036 9.5100000096247
                                                            46.353000008055616 9.509000009623469 46.35400000805645
                                                            9.508000009622537 46.35400000805676 9.507000009621605
                                                            46.35400000805707 9.50600000962067 46.35400000805736
                                                            9.50600000962038 46.35500000805794 9.505000009619444
                                                            46.35500000805823 9.505000009619154 46.356000008058835
                                                            9.504000009618217 46.35600000805912 9.504000009617924
                                                            46.357000008059686 9.503000009616988 46.35700000805996
                                                            9.502000009615761 46.35800000806082 9.501000009614827
                                                            46.358000008061154 9.501000009614534 46.35900000806169
                                                            9.50100000961424 46.36000000806224 9.50100000961395
                                                            46.36100000806282 9.501000009613653 46.362000008063376
                                                            9.50000000961272 46.362000008063674 9.500000009612426
                                                            46.36300000806424 9.500000009612128 46.364000008064764
                                                            9.499000009611201 46.36400000806506 9.499000009610905
                                                            46.365000008065635 9.498000009609967 46.365000008065934
                                                            9.498000009609672 46.366000008066486 9.497000009608449
                                                            46.36700000806737 9.496000009607513 46.36700000806765
                                                            9.494000009605351 46.36800000806884 9.493000009604716
                                                            46.3670000080686 9.492000009603485 46.368000008069465
                                                            9.49100000960255 46.36800000806978 9.490000009601617
                                                            46.36800000807007 9.489000009600685 46.36800000807039
                                                            9.489000009600392 46.36900000807092 9.486000009597586
                                                            46.369000008071865 9.484000009595714 46.369000008072454
                                                            9.483000009594786 46.369000008072774 9.483000009594488
                                                            46.37000000807333 9.48200000959326 46.37100000807418
                                                            9.482000009592966 46.37200000807475 9.481000009592028
                                                            46.37200000807505 9.481000009591737 46.37300000807561
                                                            9.479000009589866 46.37300000807624 9.479000009590159
                                                            46.37200000807566 9.477000009588291 46.37200000807631
                                                            9.47600000958707 46.37300000807715 9.475000009585832
                                                            46.374000008078035 9.474000009584897 46.37400000807835
                                                            9.473000009583961 46.37400000807868 9.472000009583029
                                                            46.37400000807894 9.470000009580863 46.37500000808012
                                                            9.46800000957899 46.375000008080725 9.467000009577765
                                                            46.37600000808159 9.466000009576826 46.376000008081895
                                                            9.465000009575892 46.37600000808223 9.46400000957496
                                                            46.376000008082514 9.464000009574669 46.37700000808305
                                                            9.462000009572495 46.37800000808423 9.46300000957314
                                                            46.379000008084454 9.464000009573484 46.38100000808527
                                                            9.464000009573192 46.38200000808583 9.464000009572898
                                                            46.38300000808636 9.46300000957167 46.38400000808725
                                                            9.46300000957138 46.38500000808779 9.466000009574183
                                                            46.38500000808686 9.466000009573888 46.38600000808745
                                                            9.467000009574823 46.38600000808714 9.467000009574527
                                                            46.38700000808767 9.46700000957423 46.388000008088206
                                                            9.468000009574872 46.389000008088445 9.469000009575808
                                                            46.38900000808814 9.469000009575513 46.39000000808866
                                                            9.470000009576447 46.39000000808837 9.470000009576156
                                                            46.39100000808893 9.469000009574923 46.39200000808983
                                                            9.468000009573693 46.39300000809066 9.4680000095734
                                                            46.394000008091204 9.468000009573101 46.39500000809177
                                                            9.468000009572808 46.396000008092315 9.468000009572513
                                                            46.39700000809284 9.468000009572219 46.39800000809338
                                                            9.468000009571927 46.399000008093964 9.46800000957163
                                                            46.4000000080945 9.467000009570695 46.40000000809478
                                                            9.467000009570402 46.40100000809536 9.467000009570103
                                                            46.40200000809589 9.466000009568877 46.40300000809675
                                                            9.46600000956858 46.4040000080973 9.466000009568281
                                                            46.405000008097836 9.465000009567055 46.40600000809869
                                                            9.46600000956769 46.40700000809895 9.465000009566761
                                                            46.40700000809924 9.465000009566465 46.40800000809982
                                                            9.464000009564938 46.41000000810125 9.463000009564
                                                            46.410000008101534 9.463000009563704 46.41100000810203
                                                            9.46300000956341 46.412000008102595 9.463000009563117
                                                            46.41300000810318 9.463000009562819 46.41400000810372
                                                            9.462000009561592 46.415000008104556 9.461000009560358
                                                            46.41600000810541 9.460000009559424 46.41600000810571
                                                            9.459000009558192 46.41700000810657 9.458000009557258
                                                            46.41700000810689 9.458000009556963 46.41800000810744
                                                            9.457000009556028 46.418000008107754 9.457000009555731
                                                            46.41900000810827 9.456000009554499 46.42000000810918
                                                            9.456000009554202 46.4210000081097 9.45600000955391
                                                            46.422000008110246 9.456000009553609 46.42300000811079
                                                            9.457000009553953 46.425000008111574 9.457000009553658
                                                            46.42600000811211 9.457000009553363 46.427000008112664
                                                            9.457000009553063 46.42800000811323 9.45700000955277
                                                            46.42900000811375 9.457000009552475 46.43000000811428
                                                            9.457000009552178 46.43100000811483 9.458000009552814
                                                            46.43200000811509 9.45800000955252 46.43300000811563
                                                            9.459000009553455 46.43300000811532 9.459000009553154
                                                            46.43400000811586 9.45900000955286 46.435000008116404
                                                            9.45900000955256 46.436000008116956 9.459000009552268
                                                            46.43700000811748 9.45900000955197 46.438000008118024
                                                            9.45900000955167 46.439000008118576 9.459000009551374
                                                            46.440000008119114 9.460000009552015 46.441000008119346
                                                            9.461000009552649 46.442000008119614 9.460000009551417
                                                            46.443000008120464 9.46100000955235 46.44300000812014
                                                            9.462000009552987 46.444000008120376 9.46200000955269
                                                            46.44500000812095 9.46100000955146 46.446000008121764
                                                            9.46100000955116 46.44700000812233 9.461000009550864
                                                            46.44800000812284 9.461000009550565 46.44900000812341
                                                            9.461000009550272 46.45000000812396 9.461000009549974
                                                            46.45100000812448 9.46100000954967 46.45200000812501
                                                            9.462000009550307 46.45300000812526 9.461000009549078
                                                            46.454000008126116 9.46000000954755 46.45600000812747
                                                            9.460000009547253 46.457000008128055 9.460000009546953
                                                            46.45800000812859 9.460000009546658 46.45900000812916
                                                            9.460000009546363 46.46000000812969 9.461000009546693
                                                            46.46200000813043 9.461000009546392 46.46300000813099
                                                            9.4610000095458 46.46500000813205 9.461000009545502
                                                            46.466000008132596 9.463000009547068 46.46700000813251
                                                            9.464000009548002 46.4670000081322 9.465000009548634
                                                            46.46800000813244 9.465000009548335 46.46900000813299
                                                            9.466000009548972 46.470000008133226 9.466000009548669
                                                            46.471000008133764 9.4670000095496 46.471000008133416
                                                            9.466000009548369 46.47200000813429 9.466000009547773
                                                            46.47400000813535 9.465000009546541 46.47500000813624
                                                            9.466000009547475 46.47500000813593 9.465000009546245
                                                            46.47600000813677 9.465000009545943 46.477000008137274
                                                            9.46500000954564 46.47800000813783 9.465000009545344
                                                            46.4790000081384 9.465000009545044 46.48000000813892
                                                            9.465000009544745 46.48100000813944 9.464000009543517
                                                            46.482000008140304 9.463000009542585 46.482000008140616
                                                            9.451000009531391 46.482000008144325 9.451000009530793
                                                            46.48400000814541 9.45000000952956 46.485000008146216
                                                            9.450000009529262 46.48600000814681 9.462000009540153
                                                            46.48700000814361 9.462000009539851 46.48800000814413
                                                            9.462000009539553 46.48900000814469 9.463000009540188
                                                            46.49000000814492 9.463000009539886 46.49100000814542
                                                            9.463000009539586 46.492000008145986 9.463000009539288
                                                            46.493000008146566 9.463000009538987 46.49400000814706
                                                            9.463000009538687 46.49500000814761 9.463000009538385
                                                            46.49600000814815 9.463000009538085 46.497000008148675
                                                            9.464000009538719 46.498000008148935 9.464000009538118
                                                            46.500000008149996 9.464000009537815 46.50100000815051
                                                            9.463000009536584 46.50200000815135 9.463000009536287
                                                            46.503000008151865 9.463000009535985 46.504000008152424
                                                            9.463000009535682 46.505000008152976 9.463000009535383
                                                            46.50600000815351 9.462000009534151 46.50700000815433
                                                            9.463000009534781 46.50800000815458 9.46600000953697
                                                            46.51000000815474 9.465000009536041 46.510000008155004
                                                            9.46500000953574 46.51100000815555 9.464000009534804
                                                            46.51100000815586 9.463000009534179 46.51000000815565
                                                            9.461000009532315 46.51000000815624 9.460000009531386
                                                            46.510000008156545 9.459000009530453 46.510000008156865
                                                            9.458000009529822 46.50900000815666 9.45700000952919
                                                            46.508000008156436 9.45600000952826 46.50800000815673
                                                            9.45600000952856 46.507000008156176 9.435000009511072
                                                            46.50000000815893 9.435000009511366 46.49900000815839
                                                            9.435000009511668 46.4980000081579 9.434000009510736
                                                            46.49800000815818 9.4330000095098 46.49800000815851
                                                            9.433000009510097 46.497000008157954 9.43200000950946
                                                            46.496000008157736 9.432000009509764 46.49500000815719
                                                            9.431000009508828 46.49500000815751 9.431000009509129
                                                            46.494000008156966 9.430000009508191 46.49400000815723
                                                            9.429000009507256 46.49400000815757 9.429000009507558
                                                            46.493000008157075 9.428000009506624 46.493000008157395
                                                            9.428000009506924 46.49200000815679 9.427000009505988
                                                            46.49200000815715 9.427000009506282 46.49100000815659
                                                            9.426000009505351 46.491000008156895 9.426000009505646
                                                            46.490000008156386 9.42600000950595 46.489000008155834
                                                            9.427000009506884 46.48900000815552 9.42700000950718
                                                            46.48800000815497 9.42800000950812 46.48800000815463
                                                            9.427000009507477 46.48700000815444 9.42600000950684
                                                            46.486000008154214 9.42600000950714 46.48500000815367
                                                            9.425000009506505 46.484000008153465 9.426000009507737
                                                            46.48300000815259 9.426000009508034 46.482000008152085
                                                            9.4250000095074 46.48100000815181 9.426000009508334
                                                            46.481000008151526 9.42600000950863 46.48000000815097
                                                            9.426000009508924 46.479000008150436 9.425000009508292
                                                            46.47800000815021 9.424000009507653 46.47700000815
                                                            9.423000009507014 46.476000008149725 9.42200000950608
                                                            46.47600000815005 9.42100000950544 46.47500000814981
                                                            9.420000009504506 46.475000008150126 9.419000009503868
                                                            46.474000008149865 9.41800000950323 46.47300000814967
                                                            9.418000009503526 46.47200000814911 9.41700000950259
                                                            46.47200000814943 9.41600000950195 46.47100000814919
                                                            9.416000009502246 46.47000000814866 9.41500000950131
                                                            46.47000000814893 9.415000009501606 46.46900000814843
                                                            9.414000009500672 46.469000008148726 9.413000009499731
                                                            46.46900000814902 9.4120000094988 46.46900000814937
                                                            9.411000009497856 46.46900000814965 9.40600000949258
                                                            46.47100000815226 9.40500000949164 46.471000008152586
                                                            9.405000009491939 46.470000008152056 9.404000009490707
                                                            46.471000008152885 9.403000009489766 46.47100000815318
                                                            9.401000009487893 46.47100000815385 9.401000009487596
                                                            46.47200000815439 9.400000009486659 46.47200000815466
                                                            9.399000009485722 46.472000008154986 9.398000009484782
                                                            46.47200000815529 9.397000009483547 46.473000008156156
                                                            9.397000009483252 46.47400000815667 9.394000009480436
                                                            46.47400000815756 9.392000009478265 46.475000008158716
                                                            9.391000009477326 46.47500000815904 9.391000009477029
                                                            46.47600000815957 9.390000009475498 46.478000008161
                                                            9.389000009473664 46.481000008162916 9.38800000947243
                                                            46.482000008163745 9.387000009471496 46.482000008164064
                                                            9.387000009471198 46.48300000816458 9.387000009470901
                                                            46.48400000816513 9.38600000946996 46.484000008165424
                                                            9.38500000946873 46.485000008166296 9.383000009467148
                                                            46.484000008166376 9.383000009466846 46.485000008166885
                                                            9.382000009465612 46.48600000816772 9.381000009464676
                                                            46.48600000816807 9.380000009463735 46.486000008168396
                                                            9.379000009462795 46.486000008168666 9.378000009461564
                                                            46.48700000816951 9.377000009460621 46.48700000816984
                                                            9.377000009460325 46.48800000817036 9.37700000946003
                                                            46.4890000081709 9.376000009459093 46.489000008171224
                                                            9.376000009458794 46.49000000817172 9.375000009457557
                                                            46.49100000817259 9.37400000945662 46.491000008172925
                                                            9.373000009455678 46.49100000817322 9.37200000945444
                                                            46.49200000817405 9.372000009454148 46.49300000817459
                                                            9.371000009453208 46.49300000817492 9.371000009452912
                                                            46.49400000817546 9.370000009451672 46.49500000817628
                                                            9.370000009451374 46.496000008176814 9.370000009451076
                                                            46.49700000817733 9.370000009450782 46.498000008177925
                                                            9.371000009451423 46.49900000817808 9.37100000945113
                                                            46.50000000817868 9.37200000945207 46.500000008178375
                                                            9.373000009452712 46.501000008178565 9.374000009453647
                                                            46.501000008178266 9.375000009454588 46.501000008177975
                                                            9.375000009454292 46.50200000817851 9.375000009453993
                                                            46.503000008179086 9.375000009453696 46.50400000817959
                                                            9.375000009453396 46.50500000818011 9.3750000094531
                                                            46.506000008180656 9.374000009452162 46.506000008180955
                                                            9.373000009451223 46.506000008181246 9.372000009450286
                                                            46.5060000081816 9.37100000944905 46.507000008182416
                                                            9.370000009448109 46.50700000818272 9.369000009446875
                                                            46.50800000818357 9.368000009445934 46.5080000081839
                                                            9.368000009445636 46.50900000818441 9.367000009444697
                                                            46.509000008184714 9.36600000944346 46.51000000818557
                                                            9.366000009443162 46.5110000081861 9.364000009441284
                                                            46.511000008186734 9.363000009440347 46.51100000818703
                                                            9.362000009439406 46.51100000818732 9.362000009439702
                                                            46.5100000081868 9.361000009438762 46.51000000818708
                                                            9.360000009438117 46.509000008186845 9.359000009437478
                                                            46.508000008186656 9.358000009436834 46.507000008186424
                                                            9.356000009435249 46.506000008186476 9.353000009432131
                                                            46.50700000818794 9.35200000943119 46.507000008188236
                                                            9.351000009430251 46.50700000818856 9.34900000942837
                                                            46.50700000818918 9.343000009423017 46.506000008190476
                                                            9.340000009420194 46.5060000081914 9.340000009419898
                                                            46.50700000819191 9.339000009418658 46.50800000819278
                                                            9.338000009417716 46.50800000819309 9.333000009413304
                                                            46.507000008194034 9.32300000940388 46.50700000819714
                                                            9.322000009402931 46.50700000819741 9.32100000940199
                                                            46.507000008197714 9.320000009401047 46.50700000819805
                                                            9.319000009400403 46.50600000819778 9.318000009399459
                                                            46.506000008198114 9.316000009397571 46.50600000819872
                                                            9.315000009396625 46.506000008198995 9.314000009395683
                                                            46.50600000819934 9.31300000939474 46.50600000819963
                                                            9.312000009393794 46.50600000819993 9.311000009393148
                                                            46.5050000081997 9.310000009392201 46.50500000819999
                                                            9.308000009390607 46.50400000820009 9.307000009389668
                                                            46.50400000820037 9.306000009389013 46.503000008200125
                                                            9.30500000938807 46.50300000820046 9.303000009386182
                                                            46.503000008201056 9.302000009385527 46.5020000082008
                                                            9.301000009384586 46.50200000820117 9.300000009383934
                                                            46.50100000820093 9.29900000938299 46.501000008201174
                                                            9.29800000938204 46.50100000820151 9.297000009381097
                                                            46.501000008201814 9.296000009380151 46.50100000820211
                                                            9.296000009380444 46.50000000820158 9.295000009379503
                                                            46.5000000082019 9.294000009378554 46.500000008202186
                                                            9.293000009377904 46.49900000820196 9.291000009376011
                                                            46.49900000820254 9.290000009375065 46.49900000820287
                                                            9.289000009374119 46.49900000820317 9.288000009373176
                                                            46.499000008203474 9.285000009370332 46.499000008204376
                                                            9.284000009369388 46.49900000820467 9.283000009368735
                                                            46.49800000820447 9.283000009369028 46.497000008203926
                                                            9.28300000936932 46.49600000820337 9.282000009368373
                                                            46.4960000082037 9.28200000936867 46.49500000820315
                                                            9.281000009367721 46.495000008203434 9.281000009368016
                                                            46.49400000820289 9.280000009367363 46.4930000082027
                                                            9.280000009367658 46.49200000820214 9.281000009368599
                                                            46.49200000820183 9.281000009368892 46.491000008201304
                                                            9.280000009367946 46.49100000820159 9.279000009367294
                                                            46.49000000820138 9.280000009368534 46.48900000820052
                                                            9.279000009367588 46.48900000820083 9.278000009366933
                                                            46.488000008200565 9.278000009367226 46.48700000820003
                                                            9.277000009366278 46.487000008200354 9.276000009365623
                                                            46.48600000820007 9.275000009364968 46.48500000819988
                                                            9.276000009366209 46.48400000819909 9.2760000093665
                                                            46.48300000819846 9.277000009367741 46.482000008197645
                                                            9.278000009368693 46.48200000819735 9.278000009368983
                                                            46.48100000819675 9.279000009369927 46.4810000081965
                                                            9.278000009369277 46.48000000819625 9.278000009369569
                                                            46.479000008195726 9.278000009369858 46.478000008195174
                                                            9.277000009369203 46.47700000819492 9.277000009369495
                                                            46.47600000819436 9.278000009370443 46.4760000081941
                                                            9.27800000937103 46.474000008193 9.27700000937008
                                                            46.47400000819331 9.277000009370372 46.47300000819274
                                                            9.276000009369428 46.473000008193054 9.276000009369715
                                                            46.472000008192545 9.275000009368767 46.47200000819281
                                                            9.275000009369057 46.471000008192284 9.275000009369354
                                                            46.47000000819176 9.275000009369641 46.4690000081912
                                                            9.275000009369938 46.46800000819065 9.275000009370231
                                                            46.467000008190126 9.276000009371467 46.46600000818925
                                                            9.27600000937176 46.46500000818871 9.277000009373001
                                                            46.464000008187895 9.278000009373947 46.46400000818757
                                                            9.279000009374899 46.46400000818728 9.27900000937519
                                                            46.463000008186725 9.278000009374534 46.46200000818651
                                                            9.277000009373584 46.4620000081868 9.276000009372925
                                                            46.46100000818656 9.276000009373217 46.460000008186036
                                                            9.27600000937351 46.45900000818552 9.27500000937256
                                                            46.459000008185754 9.275000009372851 46.45800000818523
                                                            9.274000009371905 46.45800000818553 9.274000009372198
                                                            46.45700000818502 9.273000009371241 46.45700000818527
                                                            9.272000009370295 46.457000008185595 9.27200000937059
                                                            46.45600000818505 9.271000009369931 46.45500000818482
                                                            9.27000000936898 46.455000008185095 9.269000009368034
                                                            46.45500000818541 9.268000009367373 46.454000008185155
                                                            9.267000009366713 46.453000008184944 9.266000009365765
                                                            46.45300000818522 9.265000009365105 46.45200000818496
                                                            9.264000009364151 46.45200000818527 9.263000009363207
                                                            46.45200000818561 9.262000009362255 46.4520000081859
                                                            9.261000009361304 46.45200000818619 9.260000009360352
                                                            46.4520000081865 9.259000009359402 46.452000008186815
                                                            9.258000009358453 46.452000008187106 9.257000009357796
                                                            46.45100000818686 9.256000009356843 46.45100000818718
                                                            9.253000009353991 46.45100000818805 9.25200000935304
                                                            46.45100000818835 9.25200000935333 46.450000008187814
                                                            9.251000009352381 46.450000008188134 9.25100000935267
                                                            46.449000008187596 9.250000009351718 46.44900000818788
                                                            9.249000009350768 46.44900000818818 9.248000009349814
                                                            46.44900000818846 9.249000009352505 46.4430000081849
                                                            9.250000009353743 46.44200000818404 9.250000009354324
                                                            46.44000000818296 9.249000009353953 46.43800000818217
                                                            9.24900000935482 46.435000008180516 9.250000009355771
                                                            46.435000008180246 9.250000009356059 46.43400000817967
                                                            9.251000009357302 46.43300000817885 9.252000009358545
                                                            46.43200000817799 9.253000009359493 46.4320000081777
                                                            9.254000009360446 46.43200000817738 9.254000009360734
                                                            46.43100000817681 9.255000009361687 46.431000008176504
                                                            9.255000009361977 46.430000008176 9.256000009362927
                                                            46.43000000817569 9.25700000936417 46.42900000817484
                                                            9.25800000936512 46.429000008174505 9.259000009366071
                                                            46.42900000817423 9.259000009366362 46.4280000081737
                                                            9.26000000936731 46.42800000817339 9.260000009367598
                                                            46.42700000817286 9.261000009368551 46.42700000817254
                                                            9.262000009369501 46.42700000817221 9.26200000936979
                                                            46.426000008171656 9.26300000937074 46.42600000817142
                                                            9.26300000937103 46.42500000817081 9.26400000937198
                                                            46.42500000817053 9.265000009373514 46.423000008169126
                                                            9.265000009373802 46.42200000816855 9.266000009374752
                                                            46.422000008168254 9.267000009375701 46.422000008167956
                                                            9.269000009377603 46.422000008167366 9.270000009378847
                                                            46.42100000816647 9.271000009379796 46.421000008166224
                                                            9.272000009380745 46.4210000081659 9.273000009381693
                                                            46.42100000816561 9.274000009382355 46.422000008165874
                                                            9.276000009384546 46.42100000816469 9.277000009385498
                                                            46.421000008164434 9.277000009385786 46.420000008163875
                                                            9.278000009386735 46.420000008163505 9.278000009387315
                                                            46.418000008162444 9.278000009387604 46.41700000816191
                                                            9.282000009391693 46.41600000816015 9.281000009391034
                                                            46.415000008159915 9.282000009392274 46.41400000815906
                                                            9.28200000939256 46.41300000815847 9.283000009393799
                                                            46.412000008157634 9.28200000939314 46.411000008157366
                                                            9.28300000939438 46.41000000815654 9.28300000939467
                                                            46.40900000815597 9.284000009396197 46.40700000815458
                                                            9.283000009395534 46.40600000815433 9.282000009394585
                                                            46.40600000815461 9.281000009393631 46.40600000815494
                                                            9.28000000939297 46.40500000815472 9.281000009393921
                                                            46.40500000815439 9.28200000939516 46.40400000815355
                                                            9.28300000939611 46.404000008153226 9.2830000093964
                                                            46.40300000815269 9.28200000939574 46.40200000815243
                                                            9.282000009396027 46.40100000815189 9.281000009395367
                                                            46.400000008151615 9.280000009394703 46.3990000081514
                                                            9.27800000939309 46.398000008151435 9.278000009393379
                                                            46.39700000815086 9.277000009392431 46.39700000815117
                                                            9.277000009392717 46.39600000815062 9.278000009393669
                                                            46.396000008150345 9.278000009393956 46.3950000081498
                                                            9.279000009395196 46.39400000814891 9.279000009395482
                                                            46.393000008148384 9.279000009395771 46.39200000814781
                                                            9.28000000939701 46.39100000814695 9.281000009397962
                                                            46.39100000814667 9.28100000939825 46.39000000814608
                                                            9.282000009399486 46.38900000814528 9.283000009400437
                                                            46.389000008144926 9.284000009401389 46.38900000814466
                                                            9.284000009401677 46.388000008144104 9.286000009403578
                                                            46.38800000814347 9.286000009403867 46.38700000814294
                                                            9.2850000094032 46.38600000814269 9.28300000940188
                                                            46.384000008142216 9.282000009400928 46.3840000081425
                                                            9.282000009401214 46.38300000814191 9.282000009401504
                                                            46.38200000814137 9.281000009400838 46.38100000814112
                                                            9.280000009399888 46.38100000814142 9.280000009400174
                                                            46.38000000814084 9.280000009400464 46.379000008140316
                                                            9.2790000093998 46.378000008140084 9.279000009400086
                                                            46.37700000813952 9.278000009399424 46.37600000813928
                                                            9.277000009398467 46.37600000813958 9.276000009397519
                                                            46.376000008139904 9.277000009398758 46.375000008139
                                                            9.278000009399996 46.37400000813818 9.278000009400284
                                                            46.37300000813755 9.278000009400571 46.372000008137086
                                                            9.278000009400856 46.37100000813649 9.278000009401145
                                                            46.37000000813597 9.277000009400194 46.37000000813622
                                                            9.278000009401431 46.36900000813536 9.279000009402383
                                                            46.36900000813505 9.28000000940362 46.3680000081342
                                                            9.280000009403908 46.36700000813363 9.281000009404863
                                                            46.36700000813336 9.281000009405147 46.366000008132794
                                                            9.281000009405433 46.3650000081323 9.282000009406671
                                                            46.364000008131406 9.282000009406959 46.36300000813086
                                                            9.282000009407245 46.36200000813028 9.283000009408482
                                                            46.36100000812945 9.283000009408768 46.36000000812882
                                                            9.28400000940972 46.36000000812855 9.285000009410673
                                                            46.36000000812822 9.28500000941096 46.35900000812771
                                                            9.286000009411913 46.35900000812738 9.287000009412862
                                                            46.359000008127126 9.288000009413816 46.35900000812678
                                                            9.289000009414764 46.359000008126486 9.290000009416003
                                                            46.35800000812561 9.291000009416953 46.35800000812534
                                                            9.291000009416667 46.35900000812588 9.29200000941762
                                                            46.35900000812561 9.292000009417906 46.358000008125025
                                                            9.293000009418854 46.35800000812471 9.29400000941981
                                                            46.35800000812444 9.295000009420757 46.35800000812414
                                                            9.296000009421991 46.35700000812328 9.297000009422945
                                                            46.35700000812297 9.298000009424182 46.356000008122095
                                                            9.298000009424467 46.35500000812157 9.299000009425422
                                                            46.35500000812127 9.299000009425704 46.3540000081207
                                                            9.299000009425994 46.35300000812012 9.29900000942628
                                                            46.35200000811956 9.29800000942533 46.35200000811986
                                                            9.298000009425616 46.3510000081193 9.299000009426853
                                                            46.35000000811846 9.29900000942714 46.34900000811791
                                                            9.300000009428091 46.34900000811758 9.300000009428377
                                                            46.34800000811706 9.299000009427427 46.34800000811733
                                                            9.300000009428663 46.34700000811647 9.300000009428949
                                                            46.3460000081159 9.301000009429908 46.3460000081156
                                                            9.301000009430188 46.345000008115065 9.300000009429239
                                                            46.34500000811535 9.300000009429523 46.34400000811483
                                                            9.299000009428857 46.34300000811452 9.29800000942791
                                                            46.34300000811486 9.298000009428195 46.34200000811428
                                                            9.297000009427244 46.34200000811459 9.296000009426576
                                                            46.34100000811436 9.295000009425628 46.341000008114634
                                                            9.295000009425912 46.340000008114096 9.29400000942496
                                                            46.34000000811441 9.294000009425249 46.339000008113814
                                                            9.294000009425536 46.33800000811329 9.294000009425817
                                                            46.33700000811269 9.294000009426103 46.33600000811214
                                                            9.29400000942639 46.335000008111614 9.295000009427628
                                                            46.33400000811072 9.296000009428862 46.33300000810986
                                                            9.296000009429148 46.3320000081093 9.297000009430388
                                                            46.33100000810844 9.298000009431336 46.33100000810812
                                                            9.29800000943162 46.33000000810758 9.299000009432577
                                                            46.330000008107284 9.300000009433523 46.33000000810698
                                                            9.300000009433813 46.32900000810641 9.300000009434097
                                                            46.32800000810582 9.300000009434386 46.32700000810528
                                                            9.299000009433433 46.32700000810561 9.298000009432764
                                                            46.32600000810534 9.297000009432098 46.32500000810506
                                                            9.297000009432384 46.32400000810451 9.297000009432669
                                                            46.32300000810395 9.297000009432956 46.322000008103394
                                                            9.296000009432003 46.32200000810369 9.296000009432285
                                                            46.3210000081031 9.296000009432571 46.32000000810256
                                                            9.29500000943219 46.318000008101755 9.294000009431237
                                                            46.31800000810203 9.293000009430285 46.31800000810235
                                                            9.292000009429618 46.31700000810209 9.291000009428664
                                                            46.31700000810244 9.289000009426761 46.317000008102994
                                                            9.288000009425806 46.317000008103314 9.287000009424858
                                                            46.317000008103605 9.28700000942514 46.31600000810305
                                                            9.286000009424189 46.31600000810339 9.28600000942447
                                                            46.31500000810281 9.2850000094238 46.31400000810251
                                                            9.285000009424083 46.313000008101966 9.284000009423131
                                                            46.31300000810226 9.284000009423417 46.312000008101684
                                                            9.283000009422466 46.31200000810199 9.283000009422752
                                                            46.311000008101466 9.283000009423027 46.31000000810084
                                                            9.284000009423986 46.31000000810055 9.284000009424267
                                                            46.30900000810001 9.285000009425504 46.30800000809912
                                                            9.28500000942579 46.307000008098534 9.28500000942607
                                                            46.306000008098 9.285000009426353 46.30500000809743
                                                            9.285000009426641 46.304000008096885 9.285000009426923
                                                            46.30300000809631 9.286000009428163 46.30200000809543
                                                            9.286000009428447 46.30100000809492 9.286000009428726
                                                            46.30000000809432 9.28600000942901 46.299000008093756
                                                            9.285000009428343 46.29800000809348 9.283000009426434
                                                            46.29800000809413 9.282000009425767 46.297000008093825
                                                            9.28100000942481 46.29700000809412 9.281000009425094
                                                            46.29600000809359 9.28000000942414 46.29600000809389
                                                            9.279000009423468 46.29500000809359 9.278000009422517
                                                            46.29500000809391 9.277000009421842 46.29400000809365
                                                            9.27600000942117 46.29300000809338 9.275000009420497
                                                            46.2920000080931 9.274000009419542 46.29200000809344
                                                            9.273000009418872 46.291000008093185 9.273000009419151
                                                            46.29000000809258 9.273000009419434 46.28900000809201
                                                            9.272000009418482 46.289000008092344 9.272000009418765
                                                            46.28800000809174 9.271000009417808 46.28800000809206
                                                            9.271000009418092 46.2870000080915 9.271000009418376
                                                            46.28600000809093 9.270000009417418 46.28600000809123
                                                            9.270000009417702 46.28500000809065 9.269000009417029
                                                            46.28400000809042 9.268000009416072 46.28400000809069
                                                            9.268000009416353 46.28300000809015 9.26600000941444
                                                            46.283000008090745 9.266000009414721 46.28200000809014
                                                            9.265000009413772 46.282000008090456 9.264000009412811
                                                            46.28200000809076 9.262000009411183 46.28100000809081
                                                            9.261000009410221 46.2810000080911 9.261000009410507
                                                            46.28000000809052 9.260000009409548 46.28000000809081
                                                            9.261000009410788 46.279000008089966 9.261000009411065
                                                            46.278000008089414 9.261000009411354 46.27700000808882
                                                            9.260000009410675 46.27600000808857 9.260000009410957
                                                            46.27500000808802 9.26000000941124 46.27400000808742
                                                            9.26000000941152 46.27300000808686 9.259000009410563
                                                            46.27300000808713 9.259000009410848 46.27200000808659
                                                            9.258000009409887 46.272000008086884 9.258000009410171
                                                            46.27100000808635 9.25700000940921 46.271000008086645
                                                            9.256000009408256 46.27100000808694 9.255000009407583
                                                            46.27000000808667 9.254000009406898 46.26900000808641
                                                            9.253000009405948 46.2690000080867 9.253000009406225
                                                            46.26800000808612 9.25300000940651 46.26700000808556
                                                            9.254000009407463 46.267000008085255 9.253000009406787
                                                            46.26600000808494 9.254000009407743 46.26600000808468
                                                            9.254000009408024 46.26500000808408 9.254000009408305
                                                            46.26400000808355 9.254000009408582 46.263000008082976
                                                            9.254000009408868 46.262000008082396 9.253000009407913
                                                            46.26200000808276 9.253000009408192 46.261000008082135
                                                            9.252000009407233 46.261000008082426 9.252000009407514
                                                            46.26000000808186 9.251000009406553 46.26000000808216
                                                            9.251000009406832 46.25900000808158 9.251000009407111
                                                            46.25800000808102 9.250000009406158 46.258000008081346
                                                            9.250000009406435 46.25700000808075 9.251000009407395
                                                            46.25700000808043 9.251000009407676 46.25600000807988
                                                            9.251000009407955 46.2550000080793 9.252000009409198
                                                            46.25400000807843 9.252000009409473 46.25300000807785
                                                            9.253000009410432 46.25300000807758 9.252000009409757
                                                            46.252000008077324 9.251000009409076 46.25100000807701
                                                            9.250000009408398 46.25000000807674 9.249000009407718
                                                            46.249000008076486 9.250000009408675 46.2490000080762
                                                            9.250000009408954 46.248000008075586 9.251000009410191
                                                            46.24700000807474 9.251000009410472 46.2460000080742
                                                            9.250000009409515 46.24600000807448 9.250000009409796
                                                            46.24500000807389 9.250000009410074 46.244000008073314
                                                            9.250000009410353 46.24300000807278 9.251000009411312
                                                            46.24300000807246 9.251000009411587 46.24200000807186
                                                            9.25100000941187 46.24100000807132 9.250000009410911
                                                            46.24100000807161 9.250000009411192 46.240000008071036
                                                            9.25000000941147 46.239000008070484 9.250000009411753
                                                            46.238000008069875 9.25000000941203 46.237000008069344
                                                            9.24900000941107 46.23700000806963 9.249000009411347
                                                            46.23600000806906 9.250000009412307 46.23600000806876
                                                            9.24900000941163 46.23500000806849 9.24800000941067
                                                            46.23500000806875 9.248000009410946 46.234000008068186
                                                            9.247000009409987 46.2340000080685 9.24600000940903
                                                            46.23400000806879 9.245000009408066 46.234000008069074
                                                            9.244000009407108 46.23400000806937 9.244000009406834
                                                            46.23500000806998 9.243000009406153 46.23400000806967
                                                            9.242000009405194 46.234000008070005 9.24100000940423
                                                            46.234000008070296 9.240000009403273 46.23400000807061
                                                            9.240000009402994 46.235000008071175 9.239000009402034
                                                            46.23500000807146 9.237000009400115 46.23500000807205
                                                            9.236000009399152 46.23500000807234 9.235000009398197
                                                            46.23500000807267 9.235000009398474 46.23400000807207
                                                            9.23200000939559 46.23400000807296 9.231000009394913
                                                            46.23300000807267 9.23000000939395 46.233000008072985
                                                            9.229000009392985 46.23300000807329 9.228000009392307
                                                            46.23200000807303 9.227000009391345 46.232000008073335
                                                            9.226000009390663 46.23100000807308 9.2250000093897
                                                            46.231000008073316 9.224000009388739 46.231000008073636
                                                            9.22300000938778 46.23100000807393 9.222000009386816
                                                            46.231000008074226 9.222000009387095 46.23000000807367
                                                            9.222000009387374 46.22900000807311 9.222000009387655
                                                            46.228000008072556 9.223000009388613 46.22800000807222
                                                            9.223000009388892 46.22700000807164 9.22400000939013
                                                            46.22600000807078 9.223000009389446 46.225000008070495
                                                            9.223000009389722 46.2240000080699 9.22200000938904
                                                            46.22300000806964 9.221000009388076 46.22300000806994
                                                            9.221000009388355 46.22200000806938 9.221000009388629
                                                            46.22100000806875 9.221000009388908 46.220000008068205
                                                            9.220000009387945 46.220000008068496 9.220000009388222
                                                            46.21900000806795 9.220000009388501 46.21800000806743
                                                            9.220000009388777 46.21700000806681 9.220000009389057
                                                            46.21600000806622 9.219000009388093 46.21600000806653
                                                            9.218000009387405 46.21500000806623 9.217000009386723
                                                            46.21400000806593 9.216000009386038 46.21300000806566
                                                            9.21500000938507 46.213000008066004 9.212000009382182
                                                            46.21300000806683 9.212000009382463 46.21200000806625
                                                            9.210000009380536 46.21200000806686 9.209000009379576
                                                            46.212000008067186 9.208000009378612 46.21200000806746
                                                            9.207000009377648 46.2120000080678 9.206000009376961
                                                            46.2110000080675 9.205000009375995 46.211000008067785
                                                            9.204000009375312 46.21000000806752 9.203000009374621
                                                            46.209000008067235 9.202000009374485 46.20600000806579
                                                            9.202000009374764 46.20500000806522 9.201000009374075
                                                            46.20400000806495 9.201000009374349 46.20300000806434
                                                            9.200000009373385 46.203000008064656 9.20000000937366
                                                            46.202000008064076 9.199000009372696 46.20200000806437
                                                            9.199000009372973 46.2010000080638 9.199000009373245
                                                            46.20000000806323 9.19800000937256 46.19900000806294
                                                            9.199000009373796 46.198000008062074 9.198000009373109
                                                            46.197000008061806 9.197000009372417 46.19600000806153
                                                            9.196000009371728 46.195000008061236 9.196000009372003
                                                            46.194000008060634 9.196000009372279 46.19300000806006
                                                            9.19700000937352 46.19200000805919 9.197000009373797
                                                            46.19100000805862 9.19900000937627 46.18900000805685
                                                            9.198000009375585 46.188000008056534 9.198000009375857
                                                            46.18700000805599 9.197000009374893 46.18700000805626
                                                            9.1960000093742 46.186000008056 9.196000009374478
                                                            46.185000008055425 9.19700000937572 46.18400000805457
                                                            9.196000009374751 46.18400000805485 9.196000009375027
                                                            46.18300000805427 9.196000009375302 46.182000008053706
                                                            9.196000009375576 46.181000008053104 9.195000009374883
                                                            46.18000000805281 9.194000009373923 46.18000000805313
                                                            9.193000009372952 46.18000000805345 9.193000009373225
                                                            46.179000008052846 9.192000009372263 46.179000008053166
                                                            9.190000009370603 46.17800000805312 9.189000009369913
                                                            46.17700000805291 9.18800000936922 46.17600000805256
                                                            9.187000009368253 46.17600000805285 9.187000009368527
                                                            46.17500000805229 9.186000009367834 46.174000008052005
                                                            9.186000009368108 46.17300000805141 9.18500000936742
                                                            46.17200000805115 9.183000009365758 46.171000008051124
                                                            9.182000009364792 46.17100000805146 9.181000009363823
                                                            46.171000008051756 9.180000009362583 46.17200000805261
                                                            9.179000009361618 46.172000008052905 9.179000009361346
                                                            46.173000008053485 9.178000009360378 46.17300000805377
                                                            9.177000009359412 46.173000008054096 9.176000009358443
                                                            46.17300000805437 9.175000009357476 46.17300000805466
                                                            9.174000009356511 46.17300000805495 9.173000009355544
                                                            46.17300000805527 9.1720000093543 46.174000008056105
                                                            9.171000009353333 46.17400000805643 9.170000009352366
                                                            46.17400000805674 9.170000009352638 46.17300000805612
                                                            9.169000009351672 46.17300000805644 9.167000009349735
                                                            46.173000008057045 9.166000009348767 46.17300000805733
                                                            9.165000009347798 46.173000008057635 9.163000009346135
                                                            46.172000008057644 9.162000009344895 46.17300000805849
                                                            9.1610000093442 46.172000008058234 9.161000009344473
                                                            46.171000008057646 9.161000009344745 46.170000008057066
                                                            9.160000009344047 46.16900000805676 9.160000009344323
                                                            46.168000008056154 9.160000009344595 46.16700000805563
                                                            9.159000009343895 46.166000008055306 9.158000009343201
                                                            46.165000008055046 9.158000009343471 46.16400000805446
                                                            9.157000009342775 46.163000008054176 9.156000009341808
                                                            46.16300000805446 9.15500000934084 46.163000008054745
                                                            9.15400000933987 46.16300000805504 9.153000009338902
                                                            46.16300000805535 9.15200000933793 46.163000008055654
                                                            9.151000009337235 46.16200000805533 9.15000000933626
                                                            46.162000008055614 9.149000009335293 46.1620000080559
                                                            9.148000009334595 46.16100000805563 9.147000009333626
                                                            46.16100000805592 9.146000009332928 46.160000008055654
                                                            9.145000009331957 46.160000008055945 9.144000009331258
                                                            46.15900000805566 9.143000009330558 46.15800000805537
                                                            9.143000009330832 46.15700000805476 9.14200000932986
                                                            46.157000008055086 9.14100000932889 46.15700000805536
                                                            9.141000009329156 46.15600000805475 9.139000009327221
                                                            46.1560000080554 9.138000009326252 46.156000008055656
                                                            9.137000009325275 46.15600000805592 9.137000009325545
                                                            46.15500000805534 9.13600000932458 46.155000008055666
                                                            9.135000009323878 46.154000008055384 9.135000009324148
                                                            46.15300000805476 9.134000009323449 46.152000008054486
                                                            9.133000009322748 46.15100000805419 9.132000009321779
                                                            46.15100000805453 9.132000009322045 46.15000000805391
                                                            9.130000009320378 46.149000008053925 9.130000009320648
                                                            46.14800000805336 9.129000009319668 46.148000008053636
                                                            9.129000009319943 46.14700000805308 9.128000009318972
                                                            46.147000008053325 9.128000009319242 46.14600000805273
                                                            9.128000009319516 46.14500000805216 9.12700000931881
                                                            46.14400000805187 9.126000009318107 46.14300000805159
                                                            9.126000009318377 46.14200000805101 9.125000009317407
                                                            46.142000008051276 9.124000009316703 46.14100000805099
                                                            9.12400000931697 46.1400000080504 9.124000009317243
                                                            46.13900000804979 9.123000009316536 46.138000008049545
                                                            9.123000009316808 46.13700000804894 9.122000009315837
                                                            46.13700000804923 9.122000009316109 46.13600000804864
                                                            9.121000009314866 46.13700000804952 9.12000000931389
                                                            46.137000008049824 9.119000009312918 46.13700000805014
                                                            9.118000009311949 46.137000008050386 9.117000009310976
                                                            46.137000008050684 9.116000009309998 46.13700000805102
                                                            9.115000009309027 46.13700000805126 9.114000009308052
                                                            46.13700000805158 9.113000009307077 46.137000008051864
                                                            9.113000009307347 46.1360000080513 9.112000009306376
                                                            46.13600000805159 9.112000009306648 46.13500000805097
                                                            9.11100000930567 46.13500000805128 9.110000009304697
                                                            46.13500000805158 9.10900000930399 46.134000008051274
                                                            9.10800000930302 46.134000008051615 9.107000009302041
                                                            46.13400000805184 9.106000009301072 46.13400000805218
                                                            9.106000009301342 46.13300000805158 9.105000009300367
                                                            46.13300000805188 9.10400000929966 46.13200000805159
                                                            9.10300000929895 46.131000008051316 9.102000009297981
                                                            46.13100000805155 9.102000009298246 46.13000000805095
                                                            9.101000009297541 46.12900000805069 9.10100000929781
                                                            46.12800000805009 9.100000009296565 46.12900000805098
                                                            9.099000009295592 46.12900000805122 9.098000009294617
                                                            46.12900000805155 9.098000009294886 46.128000008050954
                                                            9.09700000929391 46.12800000805124 9.096000009292936
                                                            46.12800000805151 9.09500000929196 46.12800000805185
                                                            9.094000009290985 46.128000008052126 9.093000009290009
                                                            46.12800000805243 9.092000009289036 46.1280000080527
                                                            9.092000009289299 46.127000008052136 9.091000009288324
                                                            46.127000008052406 9.090000009287351 46.12700000805273
                                                            9.089000009286377 46.127000008053024 9.089000009286645
                                                            46.126000008052415 9.088000009285667 46.1260000080527
                                                            9.087000009284692 46.12600000805301 9.087000009284957
                                                            46.125000008052425 9.086000009283982 46.1250000080527
                                                            9.08600000928425 46.12400000805213 9.085000009283274
                                                            46.12400000805241 9.084000009282299 46.12400000805268
                                                            9.083000009281319 46.12400000805298 9.082000009280344
                                                            46.12400000805328 9.081000009279636 46.123000008053
                                                            9.08000000927866 46.123000008053275 9.079000009277681
                                                            46.12300000805357 9.078000009276971 46.122000008053234
                                                            9.077000009275997 46.12200000805358 9.07600000927502
                                                            46.122000008053845 9.076000009275285 46.121000008053265
                                                            9.075000009274309 46.12100000805356 9.074000009273599
                                                            46.120000008053246 9.074000009273863 46.119000008052645
                                                            9.074000009274132 46.11800000805207 9.075000009275376
                                                            46.1170000080512 9.075000009275643 46.116000008050605
                                                            9.076000009276889 46.115000008049726 9.076000009277157
                                                            46.11400000804913 9.07700000927813 46.11400000804887
                                                            9.0770000092784 46.11300000804826 9.078000009279377
                                                            46.113000008047955 9.07900000928062 46.11200000804714
                                                            9.079000009280886 46.111000008046496 9.08000000928213
                                                            46.1100000080456 9.080000009282399 46.10900000804502
                                                            9.081000009283377 46.109000008044696 9.081000009283644
                                                            46.108000008044165 9.082000009285153 46.10600000804267
                                                            9.08200000928569 46.10400000804149 9.084000009288175
                                                            46.10200000803968 9.086000009290924 46.09900000803733
                                                            9.08800000929368 46.09600000803498 9.0900000092967
                                                            46.09200000803204 9.091000009298474 46.08900000802997
                                                            9.091000009298742 46.08800000802939 9.090000009298029
                                                            46.08700000802906 9.085000009294738 46.081000008026955
                                                            9.084000009294027 46.080000008026666 9.084000009294293
                                                            46.079000008026085 9.083000009293311 46.079000008026384
                                                            9.082000009292335 46.07900000802665 9.080000009290643
                                                            46.07800000802662 9.080000009290911 46.07700000802602
                                                            9.080000009291702 46.07400000802425 9.07900000929099
                                                            46.07300000802396 9.079000009291523 46.07100000802275
                                                            9.0800000092925 46.071000008022445 9.080000009292762
                                                            46.070000008021864 9.080000009293029 46.069000008021305
                                                            9.080000009293297 46.06800000802068 9.07900000929258
                                                            46.067000008020386 9.079000009292841 46.06600000801975
                                                            9.078000009291864 46.066000008020076 9.077000009290884
                                                            46.066000008020346 9.07700000929115 46.06500000801977
                                                            9.076000009290173 46.06500000802004 9.075000009289456
                                                            46.06400000801974 9.074000009288477 46.06400000802001
                                                            9.073000009287501 46.0640000080203 9.07200000928652
                                                            46.0640000080206 9.071000009285541 46.06400000802089
                                                            9.07000000928456 46.064000008021175 9.069000009283581
                                                            46.06400000802151 9.068000009282603 46.06400000802178
                                                            9.067000009281621 46.06400000802204 9.066000009280643
                                                            46.06400000802234 9.065000009279661 46.06400000802265
                                                            9.065000009279922 46.06300000802204 9.06300000927797
                                                            46.063000008022634 9.06200000927699 46.06300000802294
                                                            9.061000009276007 46.063000008023174 9.060000009275027
                                                            46.06300000802351 9.059000009274044 46.063000008023764
                                                            9.058000009273064 46.06300000802409 9.057000009272086
                                                            46.06300000802436 9.057000009271825 46.06400000802496
                                                            9.055000009269857 46.06400000802557 9.05400000926888
                                                            46.06400000802585 9.051000009265938 46.06400000802671
                                                            9.049000009264239 46.063000008026684 9.048000009263259
                                                            46.06300000802697 9.04800000926352 46.062000008026416
                                                            9.047000009262804 46.06100000802607 9.046000009261821
                                                            46.061000008026376 9.04500000926084 46.06100000802667
                                                            9.044000009259863 46.06100000802695 9.043000009258874
                                                            46.061000008027214 9.042000009257897 46.06100000802751
                                                            9.041000009256912 46.06100000802783 9.04000000925593
                                                            46.061000008028124 9.040000009256191 46.06000000802753
                                                            9.03900000925547 46.0590000080272 9.038000009254494
                                                            46.05900000802747 9.037000009253509 46.059000008027745
                                                            9.037000009253772 46.05800000802716 9.036000009252788
                                                            46.058000008027456 9.035000009251808 46.058000008027776
                                                            9.035000009252073 46.057000008027146 9.034000009251086
                                                            46.05700000802742 9.033000009250108 46.05700000802776
                                                            9.033000009250369 46.05600000802716 9.032000009249389
                                                            46.056000008027446 9.031000009248661 46.055000008027115
                                                            9.030000009247681 46.0550000080274 9.0290000092467
                                                            46.05500000802771 9.028000009245716 46.05500000802798
                                                            9.027000009244993 46.05400000802767 9.02600000924401
                                                            46.054000008027984 9.02400000924178 46.05500000802913
                                                            9.024000009242044 46.05400000802854 9.023000009241061
                                                            46.05400000802882 9.022000009240077 46.054000008029114
                                                            9.021000009239355 46.053000008028796 9.020000009238371
                                                            46.05300000802907 9.020000009238634 46.052000008028486
                                                            9.019000009237647 46.05200000802876 9.018000009236665
                                                            46.05200000802908 9.018000009236928 46.05100000802848
                                                            9.01800000923719 46.05000000802785 9.017000009236467
                                                            46.049000008027555 9.017000009236725 46.04800000802693
                                                            9.018000009237712 46.04800000802666 9.018000009237975
                                                            46.04700000802611 9.01900000923922 46.04600000802518
                                                            9.018000009238234 46.04600000802548 9.018000009238495
                                                            46.04500000802488 9.017000009237771 46.044000008024575
                                                            9.016000009237047 46.04300000802426 9.014000009235343
                                                            46.042000008024225 9.01100000923317 46.039000008023294
                                                            9.010000009233753 46.03300000801999 9.009000009233025
                                                            46.03200000801966 9.010000009234531 46.030000008018156
                                                            9.011000009235776 46.029000008017285 9.012000009237022
                                                            46.02800000801636 9.013000009238269 46.027000008015484
                                                            9.014000009239256 46.027000008015186 9.014000009239517
                                                            46.026000008014606 9.015000009240499 46.026000008014314
                                                            9.016000009241742 46.02500000801342 9.016000009242006
                                                            46.02400000801283 9.01700000924299 46.02400000801252
                                                            9.018000009244236 46.02300000801167 9.01900000924522
                                                            46.02300000801134 9.019000009245485 46.02200000801072
                                                            9.020000009246468 46.02200000801047 9.02000000924673
                                                            46.021000008009864 9.021000009247715 46.02100000800961
                                                            9.022000009248957 46.020000008008694 9.022000009249224
                                                            46.01900000800807 9.023000009250204 46.01900000800782
                                                            9.024000009251187 46.01900000800748 9.026000009257318
                                                            46.003000007997244 9.02600000925758 46.00200000799667
                                                            9.027000009258822 46.0010000079958 9.027000009259082
                                                            46.000000007995204 9.028000009260328 45.999000007994255
                                                            9.028000009260586 45.99800000799361 9.030000009263333
                                                            45.99500000799125 9.025000009258408 45.9950000079927
                                                            9.02400000925742 45.99500000799295 9.024000009257943
                                                            45.99300000799176 9.02400000925846 45.99100000799059
                                                            9.022000009256493 45.991000007991175 9.022000009256748
                                                            45.99000000799055 9.020000009254774 45.99000000799111
                                                            9.01900000925405 45.989000007990796 9.019000009253793
                                                            45.99000000799144 9.018000009252804 45.99000000799171
                                                            9.017000009251818 45.99000000799198 9.016000009250831
                                                            45.9900000079923 9.015000009249844 45.9900000079926
                                                            9.015000009249588 45.991000007993165 9.0140000092486
                                                            45.99100000799346 9.014000009248859 45.99000000799283
                                                            9.013000009247873 45.99000000799316 9.013000009248131
                                                            45.98900000799253 9.013000009248389 45.988000007991936
                                                            9.012000009247403 45.98800000799222 9.012000009247659
                                                            45.98700000799158 9.012000009247922 45.98600000799097
                                                            9.01200000924818 45.98500000799038 9.011000009247454
                                                            45.98400000799007 9.010000009246463 45.984000007990375
                                                            9.010000009246722 45.98300000798973 9.009000009245993
                                                            45.982000007989434 9.008000009245004 45.98200000798972
                                                            9.007000009244017 45.98200000798998 9.006000009243031
                                                            45.98200000799027 9.006000009243287 45.98100000798967
                                                            9.005000009242043 45.982000007990564 9.004000009241054
                                                            45.98200000799086 9.004000009241313 45.98100000799024
                                                            9.003000009240326 45.981000007990524 9.00300000924007
                                                            45.982000007991125 9.00200000923908 45.98200000799143
                                                            8.99700000923414 45.982000007992866 8.997000009234398
                                                            45.98100000799228 8.997000009234654 45.98000000799165
                                                            8.997000009234911 45.979000007991075 8.996000009233928
                                                            45.97900000799133 8.996000009234182 45.97800000799072
                                                            8.99700000923517 45.97800000799044 8.997000009235428
                                                            45.97700000798982 8.997000009235684 45.97600000798921
                                                            8.997000009235942 45.9750000079886 8.997000009236201
                                                            45.97400000798798 8.996000009235209 45.97400000798829
                                                            8.995000009234221 45.97400000798856 8.994000009233234
                                                            45.97400000798887 8.993000009232246 45.974000007989154
                                                            8.992000009231258 45.97400000798945 8.992000009231518
                                                            45.9730000079888 8.991000009230522 45.9730000079891
                                                            8.990000009229282 45.97400000798999 8.990000009229025
                                                            45.97500000799062 8.989000009228292 45.97400000799028
                                                            8.990000009229538 45.97300000798944 8.990000009229796
                                                            45.97200000798878 8.99200000923203 45.97100000798759
                                                            8.992000009232287 45.97000000798698 8.993000009233274
                                                            45.97000000798669 8.994000009234526 45.96900000798583
                                                            8.995000009235765 45.968000007984905 8.998000009238732
                                                            45.96800000798404 9.001000009241954 45.96700000798258
                                                            9.002000009242943 45.96700000798229 9.005000009246167
                                                            45.96600000798083 9.010000009251618 45.96400000797818
                                                            9.011000009252603 45.96400000797788 9.014000009255822
                                                            45.96300000797637 9.01500000925707 45.96200000797554
                                                            9.015000009257324 45.96100000797489 9.016000009258828
                                                            45.95900000797343 9.016000009259088 45.95800000797278
                                                            9.016000009259601 45.9560000079716 9.016000009259857
                                                            45.95500000797097 9.016000009260368 45.95300000796974
                                                            9.017000009261617 45.95200000796884 9.018000009262604
                                                            45.95200000796856 9.018000009262861 45.95100000796792
                                                            9.017000009262132 45.95000000796762 9.016000009261656
                                                            45.94800000796669 9.01600000926191 45.94700000796607
                                                            9.01500000926118 45.946000007965736 9.014000009260194
                                                            45.94600000796602 9.013000009259205 45.946000007966305
                                                            9.01400000926045 45.94500000796539 9.014000009260707
                                                            45.944000007964824 9.015000009261952 45.94300000796391
                                                            9.016000009262939 45.943000007963605 9.01800000926517
                                                            45.94200000796247 9.020000009267145 45.94200000796186
                                                            9.02100000926839 45.94100000796095 9.021000009268647
                                                            45.94000000796035 9.023000009270625 45.94000000795977
                                                            9.024000009271864 45.93900000795886 9.023000009271133
                                                            45.938000007958564 9.023000009271387 45.93700000795791
                                                            9.022000009270403 45.93700000795825 9.022000009270661
                                                            45.9360000079576 9.022000009270917 45.93500000795704
                                                            9.022000009271173 45.93400000795638 9.021000009270443
                                                            45.93300000795605 9.021000009270697 45.932000007955416
                                                            9.021000009270955 45.93100000795483 9.02000000927022
                                                            45.93000000795449 9.021000009271209 45.930000007954185
                                                            9.022000009272196 45.93000000795392 9.023000009273185
                                                            45.93000000795362 9.023000009272925 45.931000007954246
                                                            9.024000009273914 45.93100000795396 9.026000009275892
                                                            45.93100000795339 9.027000009276879 45.93100000795312
                                                            9.028000009278125 45.930000007952174 9.029000009279109
                                                            45.93000000795192 9.03000000928035 45.929000007951004
                                                            9.031000009281339 45.929000007950734 9.031000009281595
                                                            45.92800000795011 9.033000009283567 45.9280000079495
                                                            9.037000009287517 45.92800000794836 9.038000009288508
                                                            45.92800000794809 9.03900000928949 45.928000007947816
                                                            9.040000009290223 45.92900000794814 9.044000009294168
                                                            45.92900000794697 9.04500000929515 45.92900000794669
                                                            9.045000009295412 45.92800000794611 9.046000009296396
                                                            45.92800000794581 9.04600000929665 45.92700000794517
                                                            9.047000009297637 45.92700000794489 9.047000009297893
                                                            45.926000007944275 9.048000009298878 45.92600000794399
                                                            9.049000009300121 45.9250000079431 9.049000009300377
                                                            45.924000007942446 9.050000009301366 45.92400000794219
                                                            9.051000009302607 45.92300000794131 9.050000009301622
                                                            45.92300000794158 9.050000009301877 45.92200000794096
                                                            9.051000009302866 45.92200000794068 9.052000009303843
                                                            45.92200000794035 9.053000009304835 45.92200000794009
                                                            9.05400000930582 45.92200000793981 9.055000009306802
                                                            45.9220000079395 9.056000009307787 45.922000007939246
                                                            9.057000009308776 45.92200000793893 9.059000009310745
                                                            45.92200000793838 9.059000009310484 45.92300000793898
                                                            9.060000009311473 45.92300000793866 9.06100000931246
                                                            45.923000007938406 9.061000009312973 45.92100000793719
                                                            9.06000000931276 45.918000007935625 9.062000009314986
                                                            45.917000007934455 9.064000009316953 45.91700000793388
                                                            9.065000009317938 45.91700000793359 9.067000009320163
                                                            45.916000007932375 9.068000009321402 45.91500000793145
                                                            9.070000009323374 45.915000007930935 9.06900000932265
                                                            45.91400000793057 9.069000009322906 45.913000007929945
                                                            9.069000009323164 45.912000007929336 9.071000009325129
                                                            45.91200000792878 9.07000000932389 45.91300000792967
                                                            9.071000009324873 45.91300000792935 9.071000009324615
                                                            45.91400000793001 9.072000009325597 45.9140000079297
                                                            9.073000009326586 45.91400000792941 9.074000009327312
                                                            45.91500000792974 9.075000009328555 45.91400000792884
                                                            9.076000009329539 45.91400000792856 9.07700000933078
                                                            45.91300000792762 9.078000009331761 45.91300000792737
                                                            9.079000009333258 45.91100000792588 9.077000009332062
                                                            45.908000007924564 9.077000009332831 45.90500000792271
                                                            9.078000009334842 45.90100000791999 9.084000009340235
                                                            45.903000007919495 9.088000009343913 45.90400000791895
                                                            9.090000009346394 45.90200000791713 9.089000009345408
                                                            45.90200000791742 9.089000009345666 45.901000007916814
                                                            9.089000009345922 45.90000000791619 9.090000009347163
                                                            45.89900000791529 9.08900000934618 45.89900000791559
                                                            9.088000009345448 45.89800000791522 9.087000009344468
                                                            45.898000007915556 9.086000009343483 45.89800000791583
                                                            9.086000009343742 45.89700000791522 9.086000009343996
                                                            45.89600000791461 9.085000009343018 45.896000007914864
                                                            9.085000009343272 45.895000007914206 9.084000009342285
                                                            45.895000007914504 9.083000009341555 45.894000007914194
                                                            9.07900000933762 45.89400000791534 9.07900000933788
                                                            45.89300000791474 9.07800000933715 45.8920000079144
                                                            9.079000009338136 45.89200000791415 9.080000009339116
                                                            45.892000007913865 9.080000009339376 45.89100000791321
                                                            9.08100000934036 45.89100000791292 9.081000009340615
                                                            45.890000007912334 9.080000009339885 45.88900000791201
                                                            9.0790000093389 45.889000007912294 9.079000009339158
                                                            45.88800000791166 9.079000009339413 45.88700000791105
                                                            9.079000009339667 45.88600000791044 9.078000009338682
                                                            45.88600000791072 9.077000009337699 45.88600000791096
                                                            9.077000009337954 45.88500000791038 9.076000009336969
                                                            45.885000007910655 9.075000009335985 45.88500000791094
                                                            9.075000009336241 45.884000007910345 9.074000009335254
                                                            45.88400000791062 9.073000009334269 45.884000007910906
                                                            9.073000009334526 45.883000007910326 9.07200000933354
                                                            45.88300000791057 9.072000009333799 45.88200000790997
                                                            9.072000009334051 45.88100000790937 9.071000009333066
                                                            45.881000007909634 9.070000009332588 45.87900000790869
                                                            9.068000009331127 45.877000007908045 9.067000009329888
                                                            45.87800000790896 9.066000009328903 45.87800000790921
                                                            9.065000009327914 45.878000007909506 9.065000009328168
                                                            45.87700000790885 9.064000009327184 45.87700000790918
                                                            9.063000009326197 45.87700000790942 9.06200000932521
                                                            45.87700000790971 9.061000009324225 45.87700000791003
                                                            9.06000000932324 45.877000007910276 9.05900000932225
                                                            45.87700000791061 9.058000009321265 45.87700000791088
                                                            9.05700000932028 45.877000007911185 9.057000009320536
                                                            45.87600000791054 9.056000009319545 45.87600000791086
                                                            9.0560000093198 45.875000007910245 9.056000009320055
                                                            45.874000007909665 9.057000009321042 45.87400000790934
                                                            9.057000009321296 45.873000007908686 9.056000009320309
                                                            45.873000007908956 9.056000009320563 45.872000007908355
                                                            9.055000009319576 45.87200000790866 9.055000009319832
                                                            45.87100000790801 9.054000009318848 45.87100000790829
                                                            9.055000009320088 45.87000000790745 9.0540000093191
                                                            45.87000000790767 9.053000009318115 45.87000000790799
                                                            9.053000009318367 45.86900000790741 9.053000009318625
                                                            45.86800000790674 9.05200000931763 45.86800000790702
                                                            9.052000009317881 45.867000007906405 9.05200000931814
                                                            45.866000007905825 9.051000009317155 45.86600000790608
                                                            9.05100000931741 45.86500000790545 9.05000000931642
                                                            45.865000007905756 9.05000000931667 45.8640000079051
                                                            9.05000000931693 45.86300000790452 9.051000009317915
                                                            45.86300000790424 9.051000009318171 45.8620000079036
                                                            9.051000009318424 45.86100000790297 9.051000009318678
                                                            45.86000000790235 9.051000009318932 45.85900000790176
                                                            9.052000009319915 45.859000007901464 9.05200000932017
                                                            45.85800000790079 9.053000009321158 45.858000007900536
                                                            9.053000009321412 45.85700000789992 9.053000009321666
                                                            45.856000007899304 9.052000009320677 45.85600000789957
                                                            9.05100000931969 45.85600000789983 9.050000009318953
                                                            45.85500000789952 9.051000009319942 45.85500000789922
                                                            9.051000009320198 45.8540000078986 9.05000000931921
                                                            45.85400000789889 9.050000009319463 45.85300000789828
                                                            9.049000009318473 45.85300000789856 9.048000009317485
                                                            45.85300000789883 9.04800000931774 45.852000007898205
                                                            9.047000009316749 45.85200000789848 9.047000009317005
                                                            45.85100000789789 9.046000009316014 45.85100000789818
                                                            9.046000009316264 45.850000007897606 9.046000009316518
                                                            45.84900000789693 9.04500000931553 45.84900000789723
                                                            9.045000009315785 45.84800000789662 9.044000009314795
                                                            45.84800000789686 9.042000009312819 45.848000007897426
                                                            9.04100000931183 45.84800000789771 9.041000009312084
                                                            45.84700000789711 9.040000009311088 45.847000007897385
                                                            9.040000009311346 45.8460000078968 9.040000009311596
                                                            45.84500000789616 9.040000009311848 45.84400000789554
                                                            9.03900000931086 45.84400000789582 9.038000009309869
                                                            45.8440000078961 9.038000009310126 45.84300000789548
                                                            9.037000009309136 45.843000007895796 9.037000009309388
                                                            45.84200000789516 9.037000009309642 45.84100000789453
                                                            9.03700000930989 45.840000007893906 9.038000009310881
                                                            45.84000000789361 9.039000009312375 45.83800000789208
                                                            9.039000009312627 45.83700000789145 9.03700000931115
                                                            45.83500000789076 9.037000009311402 45.83400000789014
                                                            9.036000009310412 45.83400000789041 9.03600000931066
                                                            45.83300000788978 9.035000009309675 45.833000007890085
                                                            9.035000009309927 45.83200000788945 9.036000009310914
                                                            45.832000007889185 9.036000009311168 45.83100000788854
                                                            9.03500000931018 45.831000007888846 9.035000009310432
                                                            45.830000007888216 9.034000009309441 45.83000000788852
                                                            9.034000009309691 45.82900000788789 9.034000009309942
                                                            45.828000007887304 9.033000009308953 45.8280000078875
                                                            9.033000009309202 45.827000007886916 9.032000009308213
                                                            45.82700000788721 9.032000009308467 45.82600000788658
                                                            9.033000009309454 45.8260000078863 9.034000009310445
                                                            45.826000007886 9.034000009310695 45.82500000788539
                                                            9.03500000931169 45.825000007885095 9.036000009312673
                                                            45.8250000078848 9.035000009311938 45.82400000788447
                                                            9.034000009310947 45.82400000788475 9.034000009311198
                                                            45.82300000788409 9.033000009310209 45.82300000788438
                                                            9.032000009309218 45.82300000788469 9.03100000930823
                                                            45.823000007884914 9.030000009307233 45.82300000788523
                                                            9.029000009306245 45.82300000788553 9.028000009305256
                                                            45.82300000788584 9.027000009304013 45.82400000788673
                                                            9.02600000930302 45.82400000788704 9.025000009302035
                                                            45.82400000788731 9.024000009301043 45.824000007887605
                                                            9.023000009300052 45.82400000788786 9.023000009300299
                                                            45.82300000788728 9.023000009300553 45.82200000788667
                                                            9.022000009299564 45.82200000788696 9.020000009297831
                                                            45.8210000078869 9.019000009297084 45.820000007886506
                                                            9.018000009296093 45.82000000788681 9.017000009295103
                                                            45.82000000788709 9.016000009294109 45.82000000788736
                                                            9.01500000929312 45.820000007887664 9.014000009291879
                                                            45.821000007888564 9.013000009290886 45.82100000788886
                                                            9.012000009289892 45.82100000788916 9.011000009288901
                                                            45.82100000788942 9.011000009288653 45.82200000789004
                                                            9.00900000928692 45.821000007889985 9.007000009284685
                                                            45.82200000789117 9.006000009283689 45.82200000789148
                                                            9.0050000092827 45.822000007891766 9.0040000092817
                                                            45.82200000789202 9.004000009281452 45.823000007892695
                                                            9.002000009279215 45.82400000789386 9.001000009278224
                                                            45.82400000789417 9.000000009276981 45.82500000789508
                                                            8.998000009275245 45.82400000789504 8.99700000927425
                                                            45.82400000789528 8.995000009272266 45.82400000789585
                                                            8.994000009271023 45.82500000789679 8.995000009272015
                                                            45.825000007896456 8.995000009271765 45.82600000789711
                                                            8.996000009272759 45.82600000789688 8.996000009272505
                                                            45.82700000789747 8.995000009271513 45.82700000789778
                                                            8.995000009271262 45.82800000789838 8.996000009272258
                                                            45.828000007898105 8.996000009272008 45.829000007898735
                                                            8.996000009271755 45.83000000789935 8.996000009271507
                                                            45.831000007899995 8.9970000092725 45.831000007899654
                                                            8.99700000927225 45.83200000790029 8.997000009272
                                                            45.833000007900914 8.998000009272742 45.83400000790127
                                                            8.999000009273736 45.834000007900954 8.999000009273486
                                                            45.835000007901606 8.998000009272493 45.83500000790189
                                                            8.99800000927224 45.83600000790255 8.999000009273233
                                                            45.83600000790226 8.999000009272985 45.837000007902866
                                                            8.998000009271989 45.83700000790315 8.997000009271249
                                                            45.836000007902825 8.996000009270254 45.836000007903124
                                                            8.99500000926926 45.83600000790338 8.99400000926827
                                                            45.83600000790368 8.993000009267277 45.836000007903934
                                                            8.993000009267025 45.83700000790459 8.992000009266032
                                                            45.83700000790485 8.991000009265038 45.83700000790513
                                                            8.992000009265782 45.838000007905464 8.991000009264786
                                                            45.83800000790578 8.991000009264539 45.83900000790639
                                                            8.990000009263545 45.839000007906655 8.990000009263294
                                                            45.8400000079073 8.989000009262305 45.84000000790761
                                                            8.988000009261308 45.84000000790786 8.987000009260315
                                                            45.84000000790815 8.986000009259323 45.84000000790844
                                                            8.986000009259572 45.839000007907806 8.985000009258577
                                                            45.83900000790813 8.985000009258824 45.83800000790747
                                                            8.984000009257834 45.83800000790777 8.983000009256838
                                                            45.83800000790804 8.98300000925709 45.837000007907406
                                                            8.982000009255845 45.838000007908306 8.981000009254847
                                                            45.83800000790861 8.980000009253857 45.83800000790889
                                                            8.979000009252863 45.83800000790921 8.97900000925261
                                                            45.8390000079098 8.978000009251868 45.83800000790946
                                                            8.977000009250874 45.83800000790975 8.97600000924988
                                                            45.838000007910026 8.976000009250129 45.83700000790943
                                                            8.977000009251125 45.83700000790912 8.977000009251375
                                                            45.83600000790848 8.975000009249637 45.835000007908434
                                                            8.975000009249884 45.8340000079078 8.974000009248643
                                                            45.83500000790873 8.973000009247645 45.835000007909024
                                                            8.97200000924665 45.83500000790929 8.972000009246901
                                                            45.834000007908685 8.971000009245905 45.83400000790894
                                                            8.97000000924466 45.835000007909876 8.970000009244412
                                                            45.83600000791048 8.969000009243414 45.8360000079108
                                                            8.968000009242171 45.83700000791168 8.967000009241426
                                                            45.836000007911366 8.966000009240181 45.83700000791223
                                                            8.965000009239189 45.83700000791254 8.964000009237939
                                                            45.83800000791346 8.963000009236943 45.83800000791374
                                                            8.962000009235945 45.83800000791401 8.962000009235696
                                                            45.83900000791461 8.963000009236694 45.83900000791435
                                                            8.963000009236442 45.84000000791499 8.963000009236197
                                                            45.841000007915596 8.9620000092352 45.841000007915895
                                                            8.962000009234949 45.84200000791651 8.961000009233953
                                                            45.8420000079168 8.959000009231714 45.84300000791799
                                                            8.958000009230718 45.84300000791826 8.95700000922972
                                                            45.84300000791853 8.957000009229224 45.8450000079198
                                                            8.955000009227229 45.84500000792035 8.95500000922748
                                                            45.84400000791977 8.954000009226487 45.84400000792007
                                                            8.953000009225239 45.845000007920916 8.952000009224243
                                                            45.84500000792123 8.951000009223248 45.845000007921506
                                                            8.950000009222249 45.84500000792176 8.948000009220504
                                                            45.84400000792173 8.942000009214777 45.843000007922804
                                                            8.94100000921378 45.843000007923095 8.94000000921278
                                                            45.843000007923365 8.939000009211785 45.843000007923635
                                                            8.93900000921203 45.84200000792305 8.938000009211034
                                                            45.842000007923346 8.938000009211285 45.84100000792269
                                                            8.937000009210283 45.84100000792296 8.936000009209287
                                                            45.84100000792323 8.935000009208293 45.84100000792353
                                                            8.934000009207292 45.84100000792382 8.934000009207542
                                                            45.84000000792323 8.933000009206546 45.84000000792347
                                                            8.933000009206793 45.83900000792284 8.933000009207039
                                                            45.83800000792221 8.932000009206046 45.8380000079225
                                                            8.93200000920629 45.837000007921844 8.93100000920529
                                                            45.83700000792215 8.930000009204296 45.83700000792245
                                                            8.930000009204546 45.83600000792184 8.930000009204791
                                                            45.83500000792119 8.929000009203794 45.83500000792147
                                                            8.928000009202796 45.83500000792177 8.927000009201798
                                                            45.83500000792202 8.926000009200799 45.83500000792231
                                                            8.926000009200548 45.83600000792293 8.925000009199554
                                                            45.83600000792323 8.922000009196559 45.83600000792408
                                                            8.92100000919556 45.83600000792438 8.92000000919456
                                                            45.83600000792463 8.920000009194805 45.835000007923995
                                                            8.919000009193809 45.8350000079243 8.918000009192806
                                                            45.835000007924556 8.918000009193054 45.83400000792394
                                                            8.917000009192057 45.83400000792422 8.916000009191057
                                                            45.83400000792448 8.916000009191304 45.83300000792383
                                                            8.915000009190303 45.83300000792417 8.914000009189305
                                                            45.83300000792443 8.914000009189552 45.83200000792385
                                                            8.913000009188554 45.832000007924115 8.913000009188307
                                                            45.83300000792473 8.913000009188059 45.83400000792535
                                                            8.914000009188312 45.83700000792696 8.914000009187568
                                                            45.84000000792886 8.915000009187823 45.84300000793042
                                                            8.915000009187573 45.84400000793106 8.918000009189827
                                                            45.847000007932095 8.920000009191329 45.84900000793275
                                                            8.92200000919283 45.85100000793344 8.924000009194325
                                                            45.853000007934135 8.926000009195825 45.85500000793483
                                                            8.92700000919657 45.85600000793515 8.931000009199561
                                                            45.86000000793653 8.934000009201803 45.863000007937565
                                                            8.935000009202556 45.864000007937896 8.93600000920355
                                                            45.86400000793761 8.937000009204548 45.86400000793732
                                                            8.938000009205298 45.865000007937695 8.93900000920629
                                                            45.865000007937375 8.940000009207289 45.86500000793714
                                                            8.940000009207036 45.86600000793775 8.941000009208036
                                                            45.86600000793742 8.94200000920903 45.86600000793713
                                                            8.945000009211766 45.867000007936916 8.946000009212264
                                                            45.8690000079379 8.946000009212012 45.8700000079385
                                                            8.945000009211016 45.87000000793879 8.945000009210766
                                                            45.87100000793941 8.944000009209772 45.871000007939685
                                                            8.94400000920952 45.87200000794031 8.943000009208525
                                                            45.87200000794058 8.94200000920778 45.87100000794031
                                                            8.941000009206785 45.871000007940566 8.940000009206033
                                                            45.87000000794019 8.93900000920504 45.87000000794046
                                                            8.93900000920529 45.86900000793989 8.938000009204295
                                                            45.869000007940166 8.938000009204046 45.87000000794077
                                                            8.937000009203047 45.87000000794107 8.937000009202793
                                                            45.871000007941696 8.936000009201548 45.8720000079426
                                                            8.935000009200557 45.87200000794287 8.935000009200305
                                                            45.87300000794348 8.936000009201045 45.87400000794382
                                                            8.936000009200798 45.87500000794447 8.935000009199802
                                                            45.87500000794472 8.935000009199552 45.87600000794536
                                                            8.934000009198554 45.876000007945635 8.934000009198302
                                                            45.87700000794626 8.934000009198051 45.8780000079469
                                                            8.934000009197803 45.87900000794753 8.934000009197549
                                                            45.880000007948134 8.935000009198548 45.88000000794786
                                                            8.934000009197302 45.88100000794879 8.934000009197048
                                                            45.88200000794937 8.934000009196799 45.883000007949995
                                                            8.93300000919555 45.88400000795086 8.933000009195053
                                                            45.88600000795219 8.933000009194549 45.888000007953366
                                                            8.932000009193303 45.889000007954294 8.931000009192053
                                                            45.89000000795518 8.931000009191806 45.891000007955824
                                                            8.930000009190554 45.89200000795673 8.929000009189306
                                                            45.893000007957625 8.92900000918906 45.89400000795823
                                                            8.928000009188063 45.894000007958525 8.925000009185073
                                                            45.894000007959335 8.92400000918332 45.897000007961516
                                                            8.923000009182323 45.89700000796178 8.923000009182072
                                                            45.89800000796244 8.924000009182814 45.89900000796279
                                                            8.92500000918331 45.90100000796371 8.926000009183804
                                                            45.90300000796465 8.926000009183555 45.90400000796528
                                                            8.926000009183303 45.90500000796588 8.925000009181801
                                                            45.907000007967405 8.92500000918155 45.90800000796799
                                                            8.924000009180558 45.90800000796835 8.923000009179306
                                                            45.909000007969226 8.92300000917906 45.91000000796984
                                                            8.92200000917806 45.91000000797011 8.921000009176808
                                                            45.91100000797103 8.921000009176558 45.912000007971635
                                                            8.918000009172813 45.91500000797433 8.915000009168558
                                                            45.920000007978274 8.914000009167818 45.91900000797794
                                                            8.912000009165824 45.919000007978475 8.911000009164827
                                                            45.91900000797876 8.90900000916258 45.92000000797995
                                                            8.905000009157584 45.92400000798359 8.90400000915634
                                                            45.92500000798448 8.903000009155084 45.92600000798535
                                                            8.902000009154087 45.92600000798563 8.900000009151842
                                                            45.927000007986855 8.899000009150594 45.92800000798778
                                                            8.898000009149593 45.928000007988054 8.897000009148345
                                                            45.92900000798891 8.89700000914809 45.93000000798953
                                                            8.896000009146842 45.931000007990434 8.89400000914434
                                                            45.933000007992206 8.894000009144088 45.93400000799279
                                                            8.894000009143836 45.93500000799343 8.894000009143582
                                                            45.93600000799408 8.894000009143333 45.93700000799472
                                                            8.894000009143081 45.9380000079953 8.895000009143827
                                                            45.93900000799563 8.895000009143573 45.94000000799624
                                                            8.896000009144323 45.94100000799661 8.89600000914407
                                                            45.94200000799721 8.897000009144813 45.94300000799752
                                                            8.898000009145811 45.943000007997234 8.8990000091463
                                                            45.9450000079982 8.89900000914605 45.946000007998784
                                                            8.900000009146796 45.94700000799913 8.900000009146543
                                                            45.94800000799973 8.900000009146291 45.94900000800035
                                                            8.899000009144789 45.951000008001856 8.898000009143532
                                                            45.952000008002734 8.898000009143281 45.953000008003386
                                                            8.898000009143031 45.95400000800396 8.898000009142777
                                                            45.9550000080046 8.898000009142525 45.95600000800519
                                                            8.89800000914227 45.95700000800585 8.89600000913977
                                                            45.959000008007614 8.895000009138267 45.96100000800914
                                                            8.888000009131792 45.95900000800988 8.885000009128795
                                                            45.95900000801076 8.88100000912481 45.95900000801188
                                                            8.879000009123065 45.9580000080118 8.87900000912281
                                                            45.959000008012396 8.877000009120561 45.960000008013616
                                                            8.876000009119313 45.96100000801451 8.87500000911831
                                                            45.961000008014786 8.874000009117312 45.96100000801505
                                                            8.873000009116314 45.96100000801535 8.873000009116065
                                                            45.962000008015984 8.872000009115062 45.96200000801623
                                                            8.871000009114066 45.96200000801653 8.870000009113067
                                                            45.962000008016794 8.869000009111817 45.9630000080177
                                                            8.86800000911031 45.9650000080192 8.867000009109312
                                                            45.96500000801951 8.86700000910906 45.966000008020075
                                                            8.866000009107808 45.96700000802098 8.86500000910681
                                                            45.96700000802127 8.864000009105807 45.96700000802158
                                                            8.863000009104805 45.967000008021834 8.862000009103557
                                                            45.96800000802276 8.861000009102556 45.96800000802301
                                                            8.860000009101306 45.96900000802391 8.859000009100304
                                                            45.969000008024196 8.859000009100054 45.97000000802482
                                                            8.858000009099054 45.97000000802507 8.857000009097804
                                                            45.97100000802596 8.856000009096803 45.971000008026266
                                                            8.856000009096551 45.972000008026875 8.85500000909555
                                                            45.97200000802716 8.855000009095296 45.97300000802779
                                                            8.854000009094296 45.973000008028045 8.853000009093044
                                                            45.974000008028916 8.852000009092045 45.974000008029215
                                                            8.851000009091045 45.9740000080295 8.851000009090795
                                                            45.97500000803011 8.850000009089792 45.975000008030406
                                                            8.850000009089541 45.976000008031036 8.84900000908854
                                                            45.97600000803129 8.849000009088288 45.97700000803192
                                                            8.848000009087034 45.97800000803278 8.847000009086031
                                                            45.978000008033064 8.84700000908578 45.97900000803368
                                                            8.846000009084785 45.97900000803394 8.845000009083783
                                                            45.97900000803426 8.845000009083531 45.980000008034864
                                                            8.84400000908253 45.980000008035155 8.844000009082277
                                                            45.98100000803575 8.844000009082022 45.982000008036366
                                                            8.844000009081773 45.98300000803696 8.841000009078767
                                                            45.9830000080378 8.841000009078515 45.984000008038436
                                                            8.841000009078265 45.985000008039044 8.841000009078014
                                                            45.98600000803965 8.84000000907701 45.98600000803992
                                                            8.83900000907601 45.986000008040186 8.838000009075008
                                                            45.98600000804047 8.83700000907401 45.98600000804077
                                                            8.837000009073755 45.98700000804138 8.836000009072754
                                                            45.98700000804168 8.835000009071756 45.98700000804193
                                                            8.835000009071502 45.98800000804256 8.834000009070504
                                                            45.988000008042825 8.83400000907025 45.989000008043455
                                                            8.833000009069252 45.98900000804372 8.833000009068998
                                                            45.990000008044355 8.832000009067995 45.990000008044625
                                                            8.831000009066994 45.9900000080449 8.830000009066248
                                                            45.98900000804456 8.829000009065245 45.98900000804487
                                                            8.828000009064246 45.98900000804512 8.827000009063243
                                                            45.98900000804541 8.827000009062992 45.990000008046025
                                                            8.826000009061985 45.99000000804631 8.825000009060984
                                                            45.9900000080466 8.82500000906124 45.98900000804596
                                                            8.823000009059236 45.989000008046496 8.821000009057233
                                                            45.9890000080471 8.82000000905598 45.99000000804798
                                                            8.819000009054976 45.99000000804827 8.818000009053975
                                                            45.99000000804854 8.81700000905272 45.991000008049475
                                                            8.816000009051717 45.991000008049724 8.816000009051466
                                                            45.99200000805035 8.815000009050465 45.992000008050624
                                                            8.815000009050213 45.99300000805123 8.814000009049456
                                                            45.99200000805091 8.813000009048459 45.99200000805118
                                                            8.812000009047452 45.99200000805145 8.811000009046449
                                                            45.992000008051726 8.810000009045451 45.99200000805204
                                                            8.80900000904445 45.992000008052315 8.808000009043194
                                                            45.99300000805316 8.807000009042191 45.993000008053485
                                                            8.806000009041188 45.99300000805376 8.804000009039182
                                                            45.993000008054295 8.80300000903818 45.99300000805459
                                                            8.802000009037174 45.99300000805487 8.80100000903617
                                                            45.993000008055134 8.800000009035172 45.99300000805543
                                                            8.799000009033909 45.994000008056325 8.79700000903191
                                                            45.9940000080569 8.795000009029897 45.994000008057434
                                                            8.794000009028894 45.994000008057725 8.79300000902814
                                                            45.993000008057386 8.794000009029398 45.992000008056536
                                                            8.79400000902965 45.99100000805592 8.793000009028646
                                                            45.99100000805615 8.79200000902764 45.99100000805644
                                                            8.792000009027891 45.99000000805586 8.791000009026888
                                                            45.99000000805611 8.78900000902463 45.991000008057284
                                                            8.787000009022622 45.99100000805786 8.78800000902312
                                                            45.99300000805879 8.790000009024125 45.99700000806066
                                                            8.790000009023872 45.99800000806129 8.791000009024124
                                                            46.00100000806283 8.79100000902387 46.00200000806347
                                                            8.793000009024865 46.00600000806533 8.793000009024363
                                                            46.00800000806653 8.794000009024863 46.01000000806745
                                                            8.795000009025614 46.011000008067796 8.796000009026363
                                                            46.01200000806808 8.798000009028119 46.013000008068154
                                                            8.798000009027865 46.01400000806875 8.80100000903037
                                                            46.016000008069135 8.804000009032618 46.019000008070115
                                                            8.805000009033364 46.02000000807044 8.805000009033115
                                                            46.02100000807104 8.806000009034115 46.02100000807078
                                                            8.806000009033859 46.02200000807137 8.807000009034356
                                                            46.024000008072285 8.809000009036358 46.0240000080717
                                                            8.811000009038112 46.02500000807179 8.813000009040111
                                                            46.02500000807123 8.816000009042861 46.026000008071
                                                            8.819000009045615 46.02700000807075 8.820000009046613
                                                            46.02700000807046 8.821000009047614 46.02700000807018
                                                            8.823000009049107 46.02900000807084 8.8250000090506
                                                            46.031000008071494 8.826000009051347 46.03200000807176
                                                            8.828000009052836 46.03400000807243 8.829000009053326
                                                            46.03600000807338 8.830000009053304 46.040000008075495
                                                            8.831000009053795 46.0420000080764 8.831000009053541
                                                            46.043000008077016 8.834000009056796 46.04200000807557
                                                            8.837000009058764 46.04600000807715 8.836000009057768
                                                            46.0460000080774 8.835000009056772 46.04600000807769
                                                            8.834000009055517 46.0470000080786 8.83300000905452
                                                            46.0470000080789 8.833000009054263 46.04800000807946
                                                            8.832000009053262 46.048000008079725 8.831000009052264
                                                            46.048000008080024 8.830000009051263 46.048000008080315
                                                            8.832000009053006 46.04900000808038 8.834000009054494
                                                            46.051000008081004 8.83600000905598 46.05300000808164
                                                            8.83800000905823 46.05200000808047 8.844000009064477
                                                            46.05100000807815 8.845000009065728 46.050000008077255
                                                            8.847000009067214 46.05200000807791 8.852000009070409
                                                            46.05900000808071 8.856000009073368 46.063000008082
                                                            8.855000009070574 46.070000008086446 8.854000009068288
                                                            46.07500000808975 8.853000009066776 46.07700000809122
                                                            8.851000009064787 46.0770000080918 8.849000009062536
                                                            46.07800000809295 8.848000009061538 46.078000008093234
                                                            8.84700000906028 46.079000008094134 8.84600000905929
                                                            46.07900000809437 8.846000009059027 46.08000000809502
                                                            8.845000009058031 46.08000000809526 8.845000009057772
                                                            46.081000008095884 8.84400000905678 46.081000008096204
                                                            8.84400000905652 46.082000008096756 8.842000009054527
                                                            46.082000008097346 8.842000009054269 46.08300000809795
                                                            8.841000009053273 46.08300000809824 8.840000009052273
                                                            46.083000008098516 8.839000009051276 46.08300000809879
                                                            8.838000009050278 46.08300000809906 8.837000009049026
                                                            46.08400000809994 8.83600000904803 46.084000008100226
                                                            8.835000009046773 46.085000008101105 8.834000009045777
                                                            46.085000008101375 8.830000009041017 46.08800000810429
                                                            8.828000009038243 46.09100000810669 8.827000009037247
                                                            46.09100000810697 8.82600000903625 46.091000008107265
                                                            8.825000009035252 46.09100000810749 8.825000009034994
                                                            46.09200000810813 8.824000009033997 46.09200000810843
                                                            8.824000009033739 46.09300000810896 8.823000009032741
                                                            46.093000008109286 8.823000009032485 46.09400000810988
                                                            8.823000009032226 46.09500000811048 8.822000009031223
                                                            46.09500000811074 8.821000009030232 46.09500000811105
                                                            8.821000009029973 46.096000008111616 8.820000009028973
                                                            46.09600000811192 8.819000009027977 46.0960000081122
                                                            8.819000009027718 46.09700000811278 8.818000009026719
                                                            46.09700000811305 8.81700000902572 46.097000008113355
                                                            8.817000009025463 46.09800000811394 8.817000009025207
                                                            46.09900000811453 8.816000009024208 46.09900000811481
                                                            8.815000009022949 46.100000008115714 8.813000009020698
                                                            46.10100000811688 8.807000009014189 46.10300000811976
                                                            8.806000009013703 46.10100000811884 8.803000009011221
                                                            46.09900000811849 8.802000009010477 46.09800000811819
                                                            8.80100000900999 46.09600000811728 8.797000009005734
                                                            46.09700000811897 8.79300000900173 46.097000008120105
                                                            8.78900000899799 46.096000008120676 8.784000008992985
                                                            46.09600000812207 8.783000008991982 46.0960000081223
                                                            8.782000008990725 46.09700000812318 8.779000008987463
                                                            46.098000008124664 8.778000008986462 46.098000008124934
                                                            8.777000008985201 46.099000008125834 8.776000008984203
                                                            46.09900000812608 8.775000008982945 46.100000008126976
                                                            8.77400000898194 46.10000000812726 8.773000008980686
                                                            46.10100000812815 8.772000008979683 46.10100000812844
                                                            8.771000008978682 46.10100000812871 8.771000008978422
                                                            46.102000008129316 8.770000008977423 46.10200000812955
                                                            8.769000008976164 46.10300000813041 8.769000008976423
                                                            46.102000008129835 8.768000008975417 46.10200000813015
                                                            8.76700000897441 46.102000008130396 8.766000008973412
                                                            46.10200000813068 8.76600000897316 46.10300000813133
                                                            8.765000008972155 46.1030000081316 8.764000008971154
                                                            46.10300000813187 8.76300000897015 46.103000008132135
                                                            8.762000008969148 46.1030000081324 8.761000008968145
                                                            46.10300000813269 8.761000008967885 46.10400000813331
                                                            8.760000008966882 46.10400000813354 8.760000008966632
                                                            46.105000008134155 8.75900000896563 46.10500000813446
                                                            8.758000008964624 46.10500000813473 8.757000008963113
                                                            46.1070000081362 8.744000008945719 46.12400000814995
                                                            8.739000008941217 46.1220000081502 8.728000008932208
                                                            46.114000008148516 8.725000008929703 46.112000008148144
                                                            8.721000008927208 46.106000008145685 8.718000008924953
                                                            46.10300000814473 8.71500000892295 46.09900000814317
                                                            8.698000008904565 46.1040000081509 8.697000008903553
                                                            46.10400000815119 8.696000008902546 46.104000008151424
                                                            8.696000008902802 46.10300000815087 8.695000008901795
                                                            46.10300000815114 8.694000008900533 46.10400000815203
                                                            8.693000008899523 46.1040000081523 8.692000008898516
                                                            46.10400000815257 8.69100000889751 46.10400000815286
                                                            8.690000008896755 46.103000008152556 8.690000008896499
                                                            46.104000008153164 8.68900000889549 46.10400000815342
                                                            8.688000008894482 46.10400000815369 8.687000008893474
                                                            46.10400000815397 8.686000008892211 46.105000008154825
                                                            8.68500000889095 46.1060000081557 8.68400000888994
                                                            46.10600000815597 8.684000008889685 46.10700000815659
                                                            8.683000008888678 46.10700000815685 8.683000008888426
                                                            46.10800000815745 8.682000008887416 46.10800000815773
                                                            8.682000008887165 46.10900000815834 8.682000008886911
                                                            46.110000008158934 8.682000008886657 46.111000008159536
                                                            8.681000008885396 46.1120000081604 8.679000008883381
                                                            46.11200000816094 8.678000008882371 46.112000008161246
                                                            8.677000008881363 46.11200000816151 8.676000008880354
                                                            46.112000008161786 8.675000008879344 46.11200000816211
                                                            8.673000008877576 46.11100000816205 8.672000008876568
                                                            46.11100000816228 8.67100000887556 46.111000008162584
                                                            8.67000000887455 46.11100000816287 8.669000008873542
                                                            46.11100000816316 8.669000008873287 46.112000008163754
                                                            8.668000008872273 46.11200000816403 8.66600000887026
                                                            46.11200000816457 8.666000008870006 46.11300000816518
                                                            8.665000008868994 46.11300000816548 8.661000008864699
                                                            46.11400000816714 8.65900000886268 46.114000008167686
                                                            8.658000008861164 46.11600000816922 8.65800000886091
                                                            46.117000008169775 8.657000008859649 46.11800000817067
                                                            8.65600000885864 46.118000008170924 8.655000008857376
                                                            46.119000008171795 8.655000008857122 46.120000008172404
                                                            8.654000008855858 46.12100000817327 8.653000008854852
                                                            46.12100000817354 8.6530000088546 46.12200000817418
                                                            8.652000008853587 46.12200000817443 8.651000008852323
                                                            46.12300000817528 8.650000008851318 46.12300000817556
                                                            8.649000008850047 46.12400000817644 8.649000008849793
                                                            46.12500000817704 8.648000008848785 46.12500000817736
                                                            8.647000008847773 46.1250000081776 8.647000008847524
                                                            46.126000008178195 8.646000008846762 46.12500000817787
                                                            8.645000008845754 46.125000008178155 8.644000008844742
                                                            46.125000008178446 8.64300000884373 46.12500000817871
                                                            8.642000008842718 46.12500000817896 8.641000008841708
                                                            46.125000008179256 8.641000008841962 46.12400000817867
                                                            8.640000008840698 46.12500000817951 8.640000008840948
                                                            46.124000008178946 8.638000008838926 46.12400000817949
                                                            8.63700000883791 46.12400000817974 8.636000008836902
                                                            46.12400000818004 8.63500000883589 46.12400000818031
                                                            8.634000008834876 46.12400000818061 8.63300000883387
                                                            46.124000008180886 8.632000008832856 46.12400000818112
                                                            8.631000008831846 46.12400000818145 8.630000008830832
                                                            46.1240000081817 8.629000008829818 46.12400000818202
                                                            8.629000008829566 46.1250000081826 8.628000008828552
                                                            46.12500000818286 8.628000008828808 46.12400000818228
                                                            8.627000008827792 46.12400000818254 8.626000008826779
                                                            46.1240000081828 8.62500000882577 46.12400000818311
                                                            8.624000008824758 46.12400000818334 8.623000008823743
                                                            46.12400000818367 8.622000008822729 46.1240000081839
                                                            8.622000008822983 46.12300000818333 8.62100000882197
                                                            46.123000008183645 8.620000008820956 46.12300000818387
                                                            8.61900000881994 46.123000008184135 8.619000008819691
                                                            46.124000008184765 8.618000008818678 46.124000008185014
                                                            8.617000008817667 46.124000008185284 8.616000008816652
                                                            46.12400000818555 8.616000008816908 46.12300000818498
                                                            8.615000008815638 46.12400000818583 8.615000008815894
                                                            46.123000008185215 8.614000008814878 46.12300000818551
                                                            8.614000008814628 46.12400000818612 8.613000008813863
                                                            46.12300000818581 8.613000008813612 46.12400000818641
                                                            8.61300000881336 46.12500000818699 8.613000008813108
                                                            46.12600000818758 8.612000008812094 46.126000008187845
                                                            8.612000008811842 46.12700000818843 8.61100000881058
                                                            46.12800000818931 8.611000008810331 46.129000008189934
                                                            8.611000008810077 46.13000000819056 8.61200000881109
                                                            46.13000000819024 8.611000008809826 46.13100000819113
                                                            8.61100000880957 46.132000008191724 8.612000008810586
                                                            46.13200000819143 8.612000008810332 46.133000008192035
                                                            8.611000008809324 46.133000008192326 8.612000008810083
                                                            46.13400000819264 8.61100000880907 46.13400000819291
                                                            8.611000008808816 46.13500000819351 8.610000008807804
                                                            46.1350000081938 8.609000008806792 46.135000008194055
                                                            8.609000008806536 46.136000008194635 8.608000008805522
                                                            46.13600000819494 8.607000008804508 46.1360000081952
                                                            8.606000008803248 46.13700000819606 8.605000008802229
                                                            46.137000008196324 8.605000008801978 46.13800000819692
                                                            8.604000008800964 46.13800000819724 8.604000008800714
                                                            46.139000008197776 8.60400000880046 46.14000000819838
                                                            8.603000008799448 46.14000000819869 8.603000008799196
                                                            46.14100000819925 8.602000008798182 46.14100000819953
                                                            8.60100000879717 46.14100000819982 8.601000008796916
                                                            46.14200000820043 8.600000008795902 46.14200000820069
                                                            8.599000008794889 46.14200000820097 8.599000008794638
                                                            46.14300000820156 8.598000008793624 46.14300000820182
                                                            8.598000008793374 46.14400000820244 8.597000008792357
                                                            46.1440000082027 8.597000008792104 46.14500000820332
                                                            8.59600000879109 46.145000008203574 8.595000008790075
                                                            46.14500000820385 8.594000008789065 46.14500000820412
                                                            8.594000008788809 46.14600000820471 8.594000008788559
                                                            46.147000008205296 8.594000008788308 46.14800000820592
                                                            8.59500000878932 46.148000008205614 8.595000008789068
                                                            46.149000008206194 8.596000008790083 46.14900000820594
                                                            8.597000008791094 46.14900000820567 8.597000008790843
                                                            46.150000008206256 8.598000008791857 46.150000008206
                                                            8.598000008791606 46.15100000820659 8.599000008792622
                                                            46.15100000820631 8.600000008793636 46.151000008206026
                                                            8.601000008794646 46.15100000820579 8.601000008794395
                                                            46.152000008206336 8.601000008794145 46.15300000820691
                                                            8.601000008793891 46.15400000820753 8.601000008793637
                                                            46.15500000820814 8.60200000879465 46.155000008207885
                                                            8.6020000087944 46.156000008208466 8.60300000879541
                                                            46.15600000820816 8.604000008796676 46.15500000820732
                                                            8.605000008797688 46.15500000820703 8.605000008797436
                                                            46.156000008207585 8.604000008796424 46.1560000082079
                                                            8.605000008797184 46.15700000820821 8.60400000879617
                                                            46.15700000820851 8.603000008795158 46.15700000820875
                                                            8.602000008794144 46.157000008209025 8.601000008792882
                                                            46.158000008209896 8.598000008789837 46.15800000821074
                                                            8.597000008788823 46.158000008211005 8.596000008788065
                                                            46.15700000821069 8.59600000878781 46.158000008211246
                                                            8.595000008786794 46.15800000821156 8.59300000878477
                                                            46.1580000082121 8.59200000878376 46.158000008212376
                                                            8.592000008783506 46.15900000821297 8.59100000878249
                                                            46.159000008213226 8.590000008781727 46.158000008212944
                                                            8.589000008780715 46.15800000821319 8.589000008780461
                                                            46.15900000821381 8.589000008780209 46.16000000821437
                                                            8.590000008781224 46.16000000821408 8.59000000878097
                                                            46.16100000821468 8.589000008779955 46.16100000821498
                                                            8.589000008779704 46.162000008215564 8.589000008779452
                                                            46.163000008216166 8.588000008778433 46.16300000821646
                                                            8.58700000877717 46.1640000082173 8.586000008776157
                                                            46.16400000821755 8.585000008774891 46.16500000821846
                                                            8.584000008774128 46.164000008218125 8.583000008773114
                                                            46.16400000821843 8.582000008772098 46.16400000821868
                                                            8.581000008771083 46.16400000821897 8.580000008770325
                                                            46.163000008218646 8.579000008769306 46.16300000821893
                                                            8.579000008769054 46.16400000821952 8.57800000876804
                                                            46.164000008219766 8.577000008766776 46.16500000822063
                                                            8.576000008765506 46.166000008221545 8.575000008764492
                                                            46.16600000822178 8.574000008763223 46.16700000822263
                                                            8.574000008762974 46.16800000822325 8.573000008761703
                                                            46.16900000822409 8.57100000875715 46.1790000082306
                                                            8.565000008749797 46.18400000823517 8.565000008749545
                                                            46.185000008235754 8.565000008749289 46.18600000823632
                                                            8.564000008748275 46.186000008236576 8.563000008747261
                                                            46.18600000823685 8.559000008742949 46.18700000823856
                                                            8.558000008741931 46.18700000823883 8.557000008740914
                                                            46.18700000823911 8.557000008740658 46.18800000823972
                                                            8.556000008739645 46.18800000824 8.556000008739392
                                                            46.18900000824057 8.55600000873914 46.190000008241185
                                                            8.555000008737874 46.19100000824202 8.556000008738886
                                                            46.19100000824175 8.555000008737622 46.19200000824262
                                                            8.555000008737368 46.19300000824322 8.555000008737116
                                                            46.19400000824383 8.552000008733817 46.1950000082452
                                                            8.546000008726962 46.19800000824861 8.545000008725946
                                                            46.19800000824892 8.545000008725692 46.19900000824946
                                                            8.544000008724678 46.19900000824976 8.543000008723661
                                                            46.199000008250025 8.542000008722644 46.19900000825028
                                                            8.541000008721376 46.20000000825119 8.540000008719852
                                                            46.202000008252604 8.539000008718334 46.20400000825406
                                                            8.53800000871681 46.20600000825553 8.537000008715285
                                                            46.208000008256946 8.536000008713511 46.211000008258985
                                                            8.535000008711739 46.214000008261046 8.53500000871123
                                                            46.2160000082622 8.534000008709961 46.217000008263064
                                                            8.534000008709205 46.22000000826481 8.532000008706916
                                                            46.221000008265904 8.5310000087059 46.22100000826622
                                                            8.53000000870463 46.222000008267045 8.528000008702598
                                                            46.22200000826762 8.52600000870031 46.22300000826871
                                                            8.525000008699296 46.223000008269054 8.523000008697005
                                                            46.22400000827014 8.522000008696244 46.22300000826988
                                                            8.521000008695227 46.223000008270134 8.520000008694208
                                                            46.22300000827039 8.519000008693192 46.22300000827065
                                                            8.51900000869344 46.222000008270065 8.518000008692423
                                                            46.222000008270314 8.51700000869141 46.22200000827062
                                                            8.516000008690394 46.2220000082709 8.515000008689126
                                                            46.223000008271775 8.513000008687088 46.2230000082723
                                                            8.512000008686071 46.2230000082726 8.51100000868505
                                                            46.22300000827288 8.50900000868251 46.22500000827454
                                                            8.507000008680222 46.226000008275705 8.506000008679205
                                                            46.22600000827598 8.505000008677932 46.22700000827685
                                                            8.503000008675647 46.228000008278 8.502000008674624
                                                            46.22800000827825 8.500000008672336 46.22900000827939
                                                            8.49900000867132 46.22900000827966 8.498000008670298
                                                            46.22900000827992 8.495000008666988 46.23000000828131
                                                            8.4930000086647 46.231000008282464 8.492000008663679
                                                            46.23100000828272 8.49000000866139 46.23200000828391
                                                            8.488000008659352 46.232000008284416 8.48700000865833
                                                            46.23200000828469 8.485000008656296 46.23200000828525
                                                            8.483000008654255 46.23200000828578 8.480000008651194
                                                            46.2320000082866 8.478000008649154 46.232000008287145
                                                            8.475000008645843 46.233000008288485 8.473000008643552
                                                            46.23400000828969 8.472000008642526 46.23400000828993
                                                            8.470000008640241 46.235000008291024 8.469000008638965
                                                            46.2360000082919 8.468000008637693 46.23700000829276
                                                            8.467000008636424 46.238000008293646 8.467000008635917
                                                            46.240000008294814 8.467000008635663 46.2410000082954
                                                            8.467000008635413 46.24200000829597 8.46700000863491
                                                            46.24400000829715 8.466000008633634 46.245000008297986
                                                            8.466000008633383 46.24600000829858 8.46500000863236
                                                            46.24600000829885 8.463000008630072 46.247000008299985
                                                            8.462000008629301 46.24600000829967 8.462000008629047
                                                            46.24700000830023 8.46100000862803 46.24700000830052
                                                            8.461000008627776 46.248000008301084 8.45900000862573
                                                            46.248000008301624 8.457000008623693 46.248000008302164
                                                            8.45700000862344 46.24900000830275 8.456000008622418
                                                            46.24900000830306 8.45400000862038 46.24900000830358
                                                            8.453000008619354 46.24900000830384 8.452000008618084
                                                            46.25000000830472 8.451000008617063 46.250000008304966
                                                            8.449000008615021 46.250000008305555 8.448000008613997
                                                            46.2500000083058 8.446000008611707 46.25100000830693
                                                            8.445000008610682 46.25100000830719 8.44400000860941
                                                            46.25200000830807 8.444000008609157 46.25300000830864
                                                            8.444000008608906 46.25400000830921 8.444000008608654
                                                            46.25500000830979 8.443000008607376 46.25600000831064
                                                            8.4440000086084 46.25600000831039 8.445000008609167
                                                            46.25700000831068 8.447000008610704 46.259000008311276
                                                            8.4490000086125 46.26000000831133 8.450000008613268
                                                            46.26100000831163 8.449000008611996 46.26200000831252
                                                            8.449000008611746 46.26300000831313 8.45000000861276
                                                            46.26300000831282 8.451000008613784 46.26300000831256
                                                            8.453000008615572 46.264000008312614 8.454000008616593
                                                            46.264000008312316 8.45700000861915 46.26600000831263
                                                            8.45400000861457 46.27200000831694 8.452000008612027
                                                            46.274000008318666 8.451000008610498 46.27600000832009
                                                            8.448000008606678 46.27900000832263 8.443000008600562
                                                            46.28300000832631 8.442000008599287 46.28400000832719
                                                            8.441000008598266 46.284000008327446 8.441000008598014
                                                            46.285000008328005 8.439000008595718 46.28600000832913
                                                            8.437000008593168 46.28800000833085 8.437000008592918
                                                            46.28900000833141 8.436000008591897 46.28900000833167
                                                            8.435000008590618 46.29000000833253 8.435000008590366
                                                            46.29100000833311 8.435000008590112 46.29200000833369
                                                            8.435000008589858 46.293000008334246 8.435000008589608
                                                            46.29400000833482 8.434000008588587 46.29400000833509
                                                            8.434000008588333 46.29500000833566 8.432000008586035
                                                            46.296000008336804 8.432000008585783 46.29700000833736
                                                            8.431000008584764 46.29700000833764 8.429000008582214
                                                            46.29900000833935 8.42900000858196 46.30000000833993
                                                            8.429000008581708 46.30100000834049 8.430000008582729
                                                            46.30100000834022 8.430000008582473 46.302000008340805
                                                            8.432000008584259 46.303000008340824 8.433000008585285
                                                            46.303000008340575 8.434000008586052 46.30400000834088
                                                            8.43600000858784 46.30500000834088 8.43800000858988
                                                            46.30500000834033 8.439000008590902 46.30500000834008
                                                            8.439000008590646 46.306000008340675 8.440000008591666
                                                            46.30600000834037 8.441000008592686 46.306000008340106
                                                            8.441000008592432 46.30700000834068 8.440000008591408
                                                            46.30700000834095 8.440000008591158 46.30800000834155
                                                            8.440000008590905 46.30900000834211 8.441000008591926
                                                            46.309000008341826 8.440000008590648 46.31000000834266
                                                            8.441000008591669 46.3100000083424 8.441000008591413
                                                            46.311000008343 8.442000008592435 46.31100000834271
                                                            8.443000008593206 46.31200000834302 8.443000008592946
                                                            46.3130000083436 8.443000008592694 46.31400000834419
                                                            8.443000008592438 46.31500000834477 8.443000008592184
                                                            46.316000008345306 8.44200000859091 46.31700000834615
                                                            8.443000008591673 46.31800000834646 8.443000008591419
                                                            46.31900000834703 8.44400000859244 46.319000008346755
                                                            8.444000008592187 46.32000000834735 8.445000008592949
                                                            46.32100000834759 8.445000008592697 46.32200000834818
                                                            8.448000008595754 46.32200000834738 8.450000008597533
                                                            46.32300000834742 8.453000008600592 46.323000008346575
                                                            8.454000008601609 46.323000008346305 8.455000008602632
                                                            46.32300000834606 8.45500000860212 46.32500000834719
                                                            8.456000008602876 46.32600000834751 8.457000008603643
                                                            46.32700000834783 8.457000008603389 46.32800000834836
                                                            8.457000008603131 46.32900000834893 8.45800000860415
                                                            46.32900000834865 8.458000008603895 46.33000000834924
                                                            8.459000008604908 46.330000008348975 8.460000008605935
                                                            46.330000008348705 8.461000008606952 46.33000000834841
                                                            8.462000008607708 46.33100000834872 8.463000008608471
                                                            46.332000008348984 8.463000008608217 46.33300000834957
                                                            8.464000008608979 46.33400000834986 8.465000008609739
                                                            46.33500000835018 8.466000008610752 46.335000008349894
                                                            8.467000008611517 46.336000008350204 8.466000008610498
                                                            46.33600000835048 8.466000008610242 46.337000008351055
                                                            8.465000008609227 46.337000008351374 8.464000008607696
                                                            46.33900000835273 8.465000008608458 46.34000000835307
                                                            8.465000008608198 46.3410000083536 8.465000008607943
                                                            46.34200000835418 8.465000008607685 46.34300000835476
                                                            8.46500000860743 46.34400000835531 8.465000008607172
                                                            46.345000008355875 8.465000008606916 46.34600000835645
                                                            8.465000008606657 46.347000008357014 8.466000008607422
                                                            46.34800000835728 8.465000008606145 46.34900000835814
                                                            8.464000008604875 46.350000008359004 8.46400000860436
                                                            46.35200000836013 8.463000008602826 46.35400000836155
                                                            8.46300000860257 46.355000008362104 8.46300000860231
                                                            46.35600000836269 8.464000008603334 46.35600000836244
                                                            8.464000008602817 46.35800000836357 8.465000008603834
                                                            46.35800000836326 8.466000008604588 46.35900000836355
                                                            8.466000008604334 46.36000000836414 8.467000008605096
                                                            46.36100000836443 8.468000008606108 46.36100000836415
                                                            8.469000008606866 46.362000008364475 8.471000008608645
                                                            46.363000008364494 8.471000008608383 46.36400000836503
                                                            8.471000008608128 46.36500000836561 8.470000008606851
                                                            46.36600000836644 8.469000008605835 46.3660000083667
                                                            8.46900000860558 46.367000008367285 8.469000008605322
                                                            46.36800000836788 8.46900000860506 46.3690000083684
                                                            8.468000008603788 46.370000008369274 8.46800000860353
                                                            46.37100000836981 8.469000008604544 46.37100000836954
                                                            8.468000008603271 46.37200000837042 8.46900000860377
                                                            46.374000008371254 8.468000008602239 46.37600000837264
                                                            8.468000008601981 46.37700000837326 8.46700000860045
                                                            46.37900000837464 8.468000008601463 46.37900000837436
                                                            8.467000008600193 46.38000000837518 8.467000008599934
                                                            46.38100000837577 8.46800000860069 46.382000008376046
                                                            8.466000008598138 46.38400000837773 8.46600000859788
                                                            46.385000008378285 8.465000008596606 46.38600000837912
                                                            8.464000008595594 46.38600000837943 8.463000008594321
                                                            46.38700000838024 8.46300000859406 46.388000008380814
                                                            8.462000008593046 46.3880000083811 8.462000008592785
                                                            46.38900000838164 8.46300000859354 46.390000008381925
                                                            8.463000008593283 46.3910000083825 8.465000008595055
                                                            46.392000008382524 8.46600000859581 46.39300000838279
                                                            8.467000008596575 46.394000008383145 8.468000008597325
                                                            46.39500000838338 8.46900000859808 46.396000008383645
                                                            8.470000008599097 46.39600000838339 8.471000008599853
                                                            46.39700000838371 8.472000008600606 46.39800000838399
                                                            8.472000008600347 46.39900000838453 8.471000008599333
                                                            46.3990000083848 8.468000008595512 46.402000008387354
                                                            8.466000008593221 46.40300000838843 8.465000008591943
                                                            46.40400000838926 8.465000008591428 46.40600000839042
                                                            8.464000008590155 46.40700000839125 8.464000008589895
                                                            46.40800000839182 8.465000008590646 46.40900000839207
                                                            8.46600000859166 46.40900000839181 8.468000008593432
                                                            46.41000000839184 8.468000008592915 46.41200000839293
                                                            8.470000008594681 46.413000008392984 8.469000008593143
                                                            46.41500000839436 8.468000008592131 46.41500000839462
                                                            8.467000008590858 46.41600000839543 8.467000008590599
                                                            46.41700000839603 8.46600000858932 46.41800000839691
                                                            8.465000008588046 46.41900000839767 8.464000008586776
                                                            46.42000000839851 8.463000008585757 46.420000008398794
                                                            8.46100000858347 46.421000008399886 8.46000000858246
                                                            46.421000008400185 8.459000008581178 46.42200000840102
                                                            8.459000008580919 46.4230000084016 8.45900000858066
                                                            46.42400000840214 8.458000008579386 46.425000008402996
                                                            8.458000008579125 46.42600000840358 8.458000008578864
                                                            46.427000008404086 8.459000008579618 46.428000008404375
                                                            8.460000008580637 46.4280000084041 8.461000008581387
                                                            46.42900000840439 8.46200000858188 46.431000008405206
                                                            8.461000008580866 46.431000008405505 8.460000008579593
                                                            46.432000008406334 8.46100000858035 46.433000008406616
                                                            8.46000000857907 46.434000008407466 8.459000008577794
                                                            46.435000008408295 8.459000008577272 46.437000008409406
                                                            8.460000008578028 46.438000008409695 8.46100000857878
                                                            46.43900000840998 8.463000008580543 46.440000008409946
                                                            8.464000008581301 46.44100000841025 8.465000008582313
                                                            46.44100000840999 8.46500000858205 46.44200000841056
                                                            8.467000008583556 46.44400000841111 8.467000008583296
                                                            46.44500000841167 8.467000008583035 46.44600000841225
                                                            8.466000008581755 46.447000008413056 8.465000008580743
                                                            46.44700000841334 8.464000008579736 46.44700000841364
                                                            8.463000008578454 46.448000008414425 8.463000008578193
                                                            46.44900000841497 8.464000008578951 46.450000008415294
                                                            8.46300000857741 46.45200000841667 8.463000008577149
                                                            46.453000008417234 8.462000008576132 46.45300000841752
                                                            8.461000008575125 46.45300000841774 8.460000008573848
                                                            46.454000008418625 8.459000008572831 46.45400000841889
                                                            8.458000008571819 46.45400000841914 8.458000008571558
                                                            46.455000008419695 8.457000008570548 46.45500000841998
                                                            8.456000008569271 46.45600000842082 8.455000008568254
                                                            46.456000008421064 8.45400000856698 46.457000008421936
                                                            8.454000008566721 46.45800000842247 8.453000008565702
                                                            46.45800000842277 8.454000008566458 46.45900000842303
                                                            8.454000008566195 46.4600000084236 8.45300000856492
                                                            46.461000008424406 8.45100000856211 46.46400000842658
                                                            8.447000008557525 46.46600000842884 8.446000008556515
                                                            46.4660000084291 8.446000008556775 46.46500000842857
                                                            8.44500000855576 46.46500000842879 8.444000008554749
                                                            46.465000008429094 8.443000008553735 46.465000008429364
                                                            8.442000008552718 46.46500000842967 8.441000008551704
                                                            46.46500000842995 8.440000008550953 46.46400000842962
                                                            8.44000000855069 46.46500000843019 8.440000008550426
                                                            46.46600000843074 8.439000008549412 46.46600000843106
                                                            8.438000008548398 46.46600000843128 8.437000008547383
                                                            46.46600000843161 8.43600000854637 46.46600000843183
                                                            8.435000008545352 46.466000008432154 8.434000008544338
                                                            46.46600000843237 8.4340000085446 46.465000008431836
                                                            8.433000008543583 46.46500000843214 8.43200000854257
                                                            46.46500000843239 8.431000008541815 46.46400000843211
                                                            8.4300000085408 46.46400000843238 8.429000008539786
                                                            46.46400000843267 8.428000008539033 46.46300000843237
                                                            8.427000008538014 46.463000008432665 8.426000008536999
                                                            46.4630000084329 8.425000008535983 46.4630000084332
                                                            8.424000008534968 46.46300000843348 8.42300000853395
                                                            46.46300000843377 8.422000008532937 46.46300000843403
                                                            8.422000008533196 46.46200000843346 8.421000008532182
                                                            46.462000008433726 8.420000008531163 46.46200000843403
                                                            8.420000008531424 46.46100000843346 8.41900000853041
                                                            46.46100000843375 8.418000008529393 46.46100000843402
                                                            8.417000008528374 46.461000008434304 8.416000008527622
                                                            46.46000000843401 8.416000008527359 46.461000008434574
                                                            8.415000008526341 46.46100000843482 8.414000008525326
                                                            46.4610000084351 8.41300000852431 46.46100000843537
                                                            8.412000008523295 46.46100000843564 8.411000008522274
                                                            46.461000008435896 8.411000008522533 46.46000000843538
                                                            8.410000008521518 46.46000000843565 8.41000000852126
                                                            46.46100000843618 8.409000008520506 46.46000000843592
                                                            8.408000008519483 46.4600000084362 8.407000008518468
                                                            46.46000000843645 8.407000008518727 46.459000008435886
                                                            8.406000008517713 46.4590000084362 8.40500000851669
                                                            46.45900000843646 8.405000008516948 46.458000008435896
                                                            8.404000008516194 46.457000008435585 8.403000008515178
                                                            46.45700000843587 8.402000008514158 46.45700000843616
                                                            8.40100000851314 46.457000008436474 8.400000008512125
                                                            46.45700000843668 8.399000008511104 46.457000008437
                                                            8.398000008510088 46.45700000843723 8.397000008509071
                                                            46.45700000843752 8.397000008509332 46.45600000843697
                                                            8.39600000850857 46.45500000843667 8.395000008507553
                                                            46.455000008436926 8.39500000850781 46.45400000843638
                                                            8.394000008506795 46.45400000843668 8.393000008505775
                                                            46.45400000843695 8.392000008504757 46.45400000843721
                                                            8.39100000850374 46.45400000843747 8.391000008503482
                                                            46.45500000843801 8.390000008502463 46.45500000843832
                                                            8.39000000850272 46.45400000843776 8.389000008501702
                                                            46.454000008438015 8.388000008500681 46.454000008438285
                                                            8.387000008499664 46.45400000843856 8.386000008498641
                                                            46.45400000843881 8.385000008497885 46.453000008438565
                                                            8.384000008496866 46.453000008438835 8.383000008495843
                                                            46.45300000843913 8.382000008494826 46.453000008439375
                                                            8.381000008493805 46.453000008439666 8.380000008492788
                                                            46.45300000843989 8.379000008491765 46.453000008440156
                                                            8.378000008490748 46.453000008440476 8.378000008490488
                                                            46.45400000844106 8.377000008489468 46.4540000084413
                                                            8.377000008489212 46.45500000844182 8.376000008488191
                                                            46.45500000844211 8.374000008486151 46.45500000844266
                                                            8.36800000848029 46.454000008443735 8.360000008473156
                                                            46.450000008443666 8.359000008472133 46.45000000844398
                                                            8.358000008471114 46.45000000844421 8.358000008471373
                                                            46.44900000844366 8.35700000847035 46.44900000844395
                                                            8.357000008470607 46.44800000844336 8.356000008469586
                                                            46.44800000844362 8.355000008468567 46.44800000844394
                                                            8.35500000846882 46.44700000844339 8.355000008469078
                                                            46.44600000844283 8.354000008468315 46.445000008442506
                                                            8.35400000846857 46.44400000844196 8.35400000846883
                                                            46.44300000844141 8.353000008467806 46.44300000844168
                                                            8.352000008466788 46.443000008441935 8.351000008465766
                                                            46.44300000844226 8.351000008466023 46.44200000844166
                                                            8.350000008464995 46.442000008441944 8.349000008463976
                                                            46.4420000084422 8.349000008464232 46.441000008441655
                                                            8.348000008463211 46.44100000844192 8.347000008462444
                                                            46.440000008441615 8.34600000846168 46.439000008441326
                                                            8.345000008460659 46.43900000844161 8.344000008459634
                                                            46.43900000844186 8.344000008459892 46.43800000844135
                                                            8.34300000845887 46.43800000844156 8.343000008459123
                                                            46.43700000844102 8.342000008458106 46.4370000084413
                                                            8.341000008457339 46.43600000844103 8.341000008457595
                                                            46.435000008440426 8.34000000845657 46.435000008440724
                                                            8.339000008455804 46.434000008440435 8.33800000845478
                                                            46.43400000844068 8.33800000845504 46.43300000844015
                                                            8.337000008454014 46.43300000844041 8.33600000845299
                                                            46.433000008440665 8.335000008452225 46.432000008440426
                                                            8.334000008451197 46.432000008440646 8.33300000845018
                                                            46.43200000844097 8.33200000844941 46.43100000844063
                                                            8.331000008448381 46.431000008440904 8.331000008448637
                                                            46.43000000844038 8.330000008447618 46.43000000844068
                                                            8.329000008446592 46.43000000844088 8.32900000844685
                                                            46.42900000844033 8.328000008445825 46.42900000844063
                                                            8.328000008446079 46.428000008440044 8.327000008445054
                                                            46.42800000844031 8.326000008444288 46.42700000844003
                                                            8.324000008442237 46.427000008440565 8.321000008439162
                                                            46.42700000844134 8.31900000843737 46.42600000844135
                                                            8.31600000843455 46.42500000844161 8.314000008432242
                                                            46.42600000844269 8.31200000843019 46.42600000844323
                                                            8.311000008429167 46.426000008443516 8.310000008427888
                                                            46.427000008444345 8.309000008426603 46.42800000844519
                                                            8.309000008426864 46.42700000844462 8.308000008425838
                                                            46.42700000844488 8.30800000842609 46.4260000084443
                                                            8.307000008425062 46.42600000844459 8.306000008424038
                                                            46.42600000844488 8.30600000842429 46.42500000844427
                                                            8.305000008423265 46.425000008444584 8.305000008423521
                                                            46.424000008444 8.304000008422495 46.42400000844425
                                                            8.304000008422747 46.42300000844367 8.304000008423007
                                                            46.42200000844314 8.303000008421977 46.422000008443405
                                                            8.303000008422233 46.421000008442846 8.302000008421203
                                                            46.421000008443116 8.302000008421462 46.42000000844257
                                                            8.301000008420436 46.42000000844281 8.300000008419406
                                                            46.420000008443076 8.300000008419659 46.41900000844253
                                                            8.301000008420946 46.41800000844172 8.300000008419916
                                                            46.41800000844197 8.300000008420168 46.41700000844144
                                                            8.300000008420422 46.41600000844085 8.299000008419398
                                                            46.416000008441074 8.299000008419648 46.41500000844056
                                                            8.298000008418624 46.41500000844082 8.297000008417852
                                                            46.414000008440524 8.296000008416824 46.4140000084408
                                                            8.296000008417076 46.41300000844022 8.29500000841605
                                                            46.413000008440484 8.29400000841528 46.41200000844021
                                                            8.29300000841425 46.41200000844049 8.292000008413476
                                                            46.411000008440176 8.29100000841245 46.41100000844044
                                                            8.291000008412702 46.4100000084399 8.290000008411674
                                                            46.41000000844017 8.291000008412956 46.409000008439335
                                                            8.292000008413984 46.40900000843902 8.293000008415012
                                                            46.40900000843876 8.293000008415262 46.408000008438215
                                                            8.294000008416292 46.40800000843792 8.295000008417317
                                                            46.40800000843768 8.295000008417572 46.40700000843712
                                                            8.2960000084186 46.407000008436874 8.297000008419626
                                                            46.4070000084366 8.298000008420653 46.407000008436306
                                                            8.300000008422709 46.40700000843574 8.300000008422964
                                                            46.40600000843519 8.30100000842399 46.40600000843492
                                                            8.302000008425017 46.406000008434674 8.303000008426297
                                                            46.40500000843383 8.304000008427323 46.40500000843359
                                                            8.305000008428607 46.40400000843274 8.306000008429633
                                                            46.40400000843249 8.308000008431685 46.40400000843192
                                                            8.30900000843271 46.404000008431645 8.309000008432456
                                                            46.4050000084322 8.310000008433487 46.40500000843196
                                                            8.31100000843426 46.406000008432265 8.311000008434508
                                                            46.405000008431706 8.311000008434766 46.40400000843115
                                                            8.31200000843579 46.404000008430835 8.31300000843707
                                                            46.40300000843002 8.314000008438097 46.403000008429714
                                                            8.314000008438352 46.402000008429226 8.315000008439629
                                                            46.401000008428355 8.31600000844066 46.40100000842807
                                                            8.317000008441685 46.401000008427836 8.317000008441937
                                                            46.400000008427234 8.317000008442191 46.399000008426704
                                                            8.317000008442445 46.39800000842611 8.318000008443471
                                                            46.39800000842583 8.318000008443725 46.39700000842526
                                                            8.318000008443981 46.39600000842475 8.318000008444232
                                                            46.395000008424155 8.317000008443209 46.39500000842444
                                                            8.317000008443461 46.39400000842387 8.316000008442437
                                                            46.39400000842415 8.31600000844269 46.39300000842356
                                                            8.31500000844166 46.39300000842385 8.315000008441915
                                                            46.39200000842327 8.315000008442167 46.39100000842271
                                                            8.316000008443195 46.39100000842243 8.316000008443453
                                                            46.39000000842188 8.317000008444476 46.39000000842157
                                                            8.318000008445503 46.39000000842133 8.318000008445754
                                                            46.38900000842077 8.319000008446778 46.38900000842048
                                                            8.320000008447806 46.38900000842022 8.320000008448062
                                                            46.38800000841967 8.319000008447036 46.388000008419965
                                                            8.319000008447288 46.387000008419356 8.31800000844626
                                                            46.38700000841961 8.318000008446512 46.386000008419096
                                                            8.31700000844549 46.38600000841934 8.316000008444462
                                                            46.3860000084196 8.316000008444716 46.38500000841906
                                                            8.31600000844497 46.38400000841847 8.31500000844394
                                                            46.384000008418745 8.315000008444192 46.38300000841818
                                                            8.316000008445224 46.38300000841791 8.316000008445476
                                                            46.38200000841735 8.3150000084447 46.381000008417054
                                                            8.314000008443928 46.38000000841674 8.314000008444182
                                                            46.37900000841615 8.313000008443153 46.379000008416426
                                                            8.312000008442379 46.37800000841615 8.311000008441352
                                                            46.3780000084164 8.310000008440324 46.37800000841665
                                                            8.309000008439297 46.378000008416926 8.30900000843955
                                                            46.377000008416374 8.308000008438523 46.37700000841668
                                                            8.307000008437495 46.37700000841693 8.306000008436465
                                                            46.377000008417205 8.305000008435439 46.37700000841746
                                                            8.304000008434661 46.37600000841714 8.303000008433635
                                                            46.37600000841743 8.302000008432607 46.37600000841767
                                                            8.30100000843158 46.37600000841794 8.300000008430803
                                                            46.375000008417665 8.299000008429774 46.375000008417935
                                                            8.298000008428998 46.37400000841761 8.297000008428222
                                                            46.373000008417335 8.296000008427448 46.37200000841705
                                                            8.295000008426419 46.37200000841732 8.29400000842539
                                                            46.37200000841757 8.293000008424363 46.37200000841785
                                                            8.292000008423583 46.37100000841753 8.291000008422555
                                                            46.371000008417795 8.290000008421776 46.370000008417506
                                                            8.289000008420748 46.37000000841779 8.289000008420997
                                                            46.369000008417224 8.28800000841997 46.369000008417494
                                                            8.288000008420223 46.3680000084169 8.287000008419191
                                                            46.36800000841716 8.286000008418162 46.36800000841741
                                                            8.286000008418414 46.36700000841686 8.286000008418666
                                                            46.36600000841631 8.285000008417633 46.36600000841656
                                                            8.284000008416857 46.365000008416295 8.284000008416607
                                                            46.36600000841682 8.283000008415573 46.366000008417096
                                                            8.282000008414544 46.366000008417345 8.28100000841352
                                                            46.36600000841764 8.280000008412236 46.367000008418465
                                                            8.279000008411206 46.367000008418714 8.27800000841018
                                                            46.367000008418984 8.277000008409146 46.36700000841925
                                                            8.276000008408117 46.367000008419524 8.276000008407864
                                                            46.368000008420104 8.275000008406584 46.369000008420926
                                                            8.274000008405551 46.369000008421196 8.273000008404772
                                                            46.36800000842092 8.27200000840374 46.368000008421184
                                                            8.271000008402716 46.36800000842147 8.27000000840168
                                                            46.36800000842171 8.270000008401931 46.367000008421094
                                                            8.269000008400903 46.367000008421414 8.26800000839987
                                                            46.3670000084217 8.267000008398837 46.36700000842194
                                                            8.267000008399092 46.366000008421366 8.266000008398063
                                                            46.366000008421636 8.265000008397028 46.366000008421906
                                                            8.265000008397282 46.36500000842132 8.264000008396247
                                                            46.36500000842159 8.264000008396497 46.36400000842102
                                                            8.263000008395466 46.36400000842128 8.263000008395714
                                                            46.36300000842073 8.262000008394688 46.36300000842101
                                                            8.262000008394939 46.362000008420466 8.263000008396215
                                                            46.361000008419595 8.26400000839725 46.361000008419325
                                                            8.264000008397499 46.36000000841875 8.265000008398532
                                                            46.36000000841847 8.266000008399812 46.35900000841766
                                                            8.266000008400061 46.35800000841705 8.265000008399031
                                                            46.358000008417356 8.266000008400313 46.35700000841653
                                                            8.266000008400562 46.35600000841598 8.266000008400814
                                                            46.35500000841536 8.267000008402093 46.35400000841453
                                                            8.266000008401313 46.353000008414206 8.265000008400284
                                                            46.353000008414504 8.26400000839925 46.353000008414774
                                                            8.264000008399503 46.35200000841419 8.263000008398468
                                                            46.35200000841444 8.262000008397438 46.3520000084147
                                                            8.262000008397687 46.35100000841414 8.261000008396651
                                                            46.35100000841443 8.261000008396904 46.35000000841385
                                                            8.262000008397937 46.350000008413566 8.263000008398967
                                                            46.35000000841333 8.263000008399214 46.349000008412744
                                                            8.26400000840025 46.34900000841247 8.264000008400496
                                                            46.34800000841191 8.263000008399466 46.34800000841214
                                                            8.262000008398687 46.34700000841191 8.26100000839765
                                                            46.347000008412124 8.261000008397401 46.348000008412676
                                                            8.260000008396368 46.34800000841296 8.259000008395342
                                                            46.348000008413244 8.258000008394305 46.34800000841349
                                                            8.257000008393275 46.34800000841376 8.256000008392242
                                                            46.34800000841401 8.255000008391212 46.34800000841428
                                                            8.254000008390179 46.348000008414594 8.253000008389144
                                                            46.3480000084148 8.25200000838836 46.34700000841452
                                                            8.25200000838861 46.346000008413945 8.25200000838886
                                                            46.34500000841338 8.252000008389105 46.34400000841282
                                                            8.251000008388326 46.343000008412524 8.250000008387543
                                                            46.34200000841221 8.249000008386506 46.34200000841246
                                                            8.248000008385471 46.342000008412704 8.247000008384441
                                                            46.342000008413 8.24600000838341 46.34200000841328
                                                            8.245000008382377 46.342000008413535 8.24400000838134
                                                            46.34200000841379 8.243000008380312 46.342000008414054
                                                            8.242000008379526 46.34100000841376 8.241000008378487
                                                            46.34100000841402 8.241000008378242 46.34200000841458
                                                            8.240000008377207 46.34200000841482 8.239000008376173
                                                            46.34200000841509 8.23800000837514 46.342000008415376
                                                            8.236000008373072 46.34200000841594 8.235000008372035
                                                            46.342000008416164 8.235000008372289 46.34100000841563
                                                            8.234000008371252 46.34100000841587 8.2340000083715
                                                            46.340000008415316 8.233000008370466 46.34000000841559
                                                            8.23200000836943 46.340000008415856 8.232000008369681
                                                            46.33900000841527 8.231000008368644 46.33900000841553
                                                            8.23000000836761 46.339000008415795 8.230000008367861
                                                            46.33800000841524 8.229000008366823 46.33800000841547
                                                            8.229000008367072 46.337000008414876 8.228000008366038
                                                            46.337000008415174 8.227000008365003 46.337000008415465
                                                            8.226000008363968 46.33700000841573 8.225000008363182
                                                            46.3360000084154 8.225000008363429 46.3350000084148
                                                            8.226000008364466 46.335000008414575 8.226000008364714
                                                            46.33400000841397 8.225000008363677 46.334000008414236
                                                            8.225000008363923 46.33300000841366 8.224000008362887
                                                            46.33300000841395 8.224000008363138 46.33200000841337
                                                            8.224000008363383 46.33100000841276 8.22400000836363
                                                            46.33000000841222 8.225000008364914 46.32900000841138
                                                            8.224000008363879 46.32900000841165 8.22500000836516
                                                            46.32800000841082 8.22500000836541 46.32700000841018
                                                            8.225000008365656 46.326000008409636 8.224000008364621
                                                            46.32600000840992 8.223000008363833 46.325000008409596
                                                            8.222000008362798 46.32500000840985 8.22100000836176
                                                            46.32500000841012 8.221000008362008 46.324000008409534
                                                            8.220000008360971 46.32400000840982 8.219000008360183
                                                            46.32300000840955 8.218000008359152 46.32300000840978
                                                            8.218000008359397 46.3220000084092 8.21700000835836
                                                            46.322000008409454 8.216000008357323 46.32200000840972
                                                            8.21600000835757 46.32100000840916 8.216000008357815
                                                            46.320000008408584 8.21600000835806 46.31900000840804
                                                            8.216000008358309 46.318000008407424 8.215000008357274
                                                            46.31800000840769 8.21500000835752 46.31700000840712
                                                            8.214000008356486 46.317000008407376 8.214000008356729
                                                            46.31600000840684 8.213000008355692 46.316000008407066
                                                            8.21300000835594 46.31500000840648 8.212000008355146
                                                            46.31400000840617 8.213000008356186 46.314000008405884
                                                            8.21300000835643 46.31300000840534 8.213000008356676
                                                            46.31200000840474 8.213000008356923 46.31100000840418
                                                            8.212000008355888 46.311000008404484 8.211000008354851
                                                            46.311000008404726 8.20900000835327 46.30900000840407
                                                            8.207000008351438 46.30800000840403 8.201000008345954
                                                            46.305000008403866 8.200000008344912 46.30500000840412
                                                            8.200000008345157 46.304000008403584 8.19900000834412
                                                            46.30400000840382 8.198000008343085 46.304000008404095
                                                            8.197000008342043 46.30400000840435 8.1970000083418
                                                            46.30500000840495 8.19600000834076 46.3050000084052
                                                            8.195000008339726 46.305000008405486 8.194000008338687
                                                            46.30500000840572 8.193000008337888 46.30400000840542
                                                            8.192000008336855 46.30400000840568 8.191000008335816
                                                            46.30400000840593 8.19000000833502 46.30300000840561
                                                            8.188000008332944 46.30300000840616 8.187000008331905
                                                            46.30300000840641 8.187000008332149 46.30200000840585
                                                            8.18600000833111 46.30200000840612 8.185000008330073
                                                            46.30200000840638 8.184000008329031 46.30200000840662
                                                            8.184000008329273 46.301000008406035 8.183000008328236
                                                            46.30100000840633 8.18200000832744 46.300000008405995
                                                            8.181000008326404 46.300000008406265 8.181000008326645
                                                            46.299000008405656 8.180000008325608 46.29900000840595
                                                            8.179000008324566 46.29900000840621 8.178000008323528
                                                            46.29900000840646 8.178000008323284 46.30000000840706
                                                            8.177000008322489 46.29900000840677 8.177000008322242
                                                            46.3000000084073 8.176000008321205 46.30000000840757
                                                            8.17600000832145 46.29900000840698 8.171000008316247
                                                            46.299000008408306 8.170000008315212 46.299000008408555
                                                            8.169000008314413 46.298000008408245 8.16900000831417
                                                            46.29900000840885 8.168000008313129 46.29900000840909
                                                            8.167000008312087 46.299000008409365 8.166000008311046
                                                            46.29900000840963 8.166000008311292 46.29800000840904
                                                            8.165000008310248 46.2980000084093 8.164000008309209
                                                            46.29800000840959 8.163000008308167 46.298000008409836
                                                            8.162000008307126 46.29800000841012 8.161000008306088
                                                            46.29800000841036 8.160000008305044 46.298000008410604
                                                            8.159000008304004 46.29800000841088 8.15800000830272
                                                            46.29900000841169 8.15700000830168 46.29900000841202
                                                            8.157000008301432 46.300000008412574 8.156000008300394
                                                            46.300000008412816 8.155000008299352 46.300000008413086
                                                            8.155000008299107 46.30100000841367 8.154000008298063
                                                            46.30100000841394 8.153000008297026 46.30100000841419
                                                            8.152000008295738 46.30200000841506 8.151000008294696
                                                            46.3020000084153 8.150000008293413 46.30300000841612
                                                            8.14900000829237 46.30300000841642 8.148000008291325
                                                            46.30300000841667 8.147000008290043 46.30400000841751
                                                            8.146000008289004 46.30400000841777 8.145000008287962
                                                            46.30400000841804 8.144000008286918 46.30400000841829
                                                            8.143000008285874 46.30400000841855 8.142000008284834
                                                            46.30400000841884 8.141000008283791 46.30400000841908
                                                            8.140000008282751 46.30400000841934 8.139000008281704
                                                            46.304000008419614 8.138000008280663 46.30400000841989
                                                            8.138000008280908 46.30300000841929 8.137000008279864
                                                            46.303000008419545 8.13700000828011 46.302000008418965
                                                            8.136000008279066 46.302000008419235 8.135000008278269
                                                            46.301000008418896 8.134000008277225 46.30100000841917
                                                            8.134000008277468 46.30000000841856 8.133000008276424
                                                            46.300000008418856 8.133000008276666 46.29900000841826
                                                            8.132000008275627 46.29900000841855 8.131000008274825
                                                            46.29800000841821 8.13000000827378 46.29800000841846
                                                            8.13000000827402 46.29700000841786 8.129000008273218
                                                            46.29600000841761 8.128000008271936 46.297000008418394
                                                            8.128000008272178 46.29600000841785 8.127000008271136
                                                            46.2960000084181 8.126000008270086 46.296000008418375
                                                            8.125000008269048 46.29600000841862 8.12500000826929
                                                            46.29500000841805 8.124000008268247 46.29500000841832
                                                            8.123000008267201 46.295000008418555 8.123000008267443
                                                            46.29400000841795 8.1220000082664 46.294000008418216
                                                            8.122000008266644 46.293000008417685 8.121000008265842
                                                            46.29200000841735 8.120000008264794 46.29200000841761
                                                            8.120000008265036 46.291000008417036 8.120000008265281
                                                            46.29000000841647 8.120000008265523 46.28900000841587
                                                            8.119000008264718 46.28800000841553 8.118000008263676
                                                            46.28800000841579 8.118000008263921 46.28700000841522
                                                            8.117000008262872 46.28700000841548 8.117000008263117
                                                            46.2860000084149 8.117000008263355 46.28500000841433
                                                            8.116000008262315 46.28500000841455 8.116000008262557
                                                            46.28400000841399 8.115000008261509 46.284000008414246
                                                            8.115000008261749 46.28300000841368 8.114000008260707
                                                            46.283000008413936 8.1130000082599 46.28200000841364
                                                            8.112000008258857 46.282000008413874 8.111000008257811
                                                            46.28200000841414 8.110000008256765 46.282000008414386
                                                            8.109000008255721 46.28200000841465 8.108000008254676
                                                            46.2820000084149 8.10700000825363 46.28200000841515
                                                            8.107000008253872 46.2810000084146 8.10600000825283
                                                            46.281000008414864 8.10600000825307 46.280000008414255
                                                            8.10500000825202 46.280000008414504 8.105000008252262
                                                            46.279000008413924 8.105000008252505 46.27800000841334
                                                            8.104000008251457 46.27800000841361 8.103000008250412
                                                            46.27800000841392 8.103000008250653 46.27700000841332
                                                            8.102000008249606 46.277000008413566 8.102000008249844
                                                            46.276000008412964 8.101000008248805 46.27600000841324
                                                            8.101000008249043 46.27500000841263 8.100000008247996
                                                            46.27500000841293 8.099000008246948 46.275000008413144
                                                            8.099000008247192 46.27400000841259 8.098000008246144
                                                            46.27400000841285 8.098000008246384 46.273000008412254
                                                            8.097000008245335 46.2730000084125 8.09600000824429
                                                            46.27300000841279 8.09600000824453 46.272000008412206
                                                            8.095000008243487 46.27200000841245 8.09500000824373
                                                            46.27100000841192 8.094000008242679 46.271000008412145
                                                            8.093000008241633 46.27100000841241 8.093000008241873
                                                            46.27000000841183 8.092000008240825 46.27000000841207
                                                            8.091000008239776 46.27000000841233 8.090000008238968
                                                            46.269000008412036 8.089000008237926 46.26900000841227
                                                            8.088000008236875 46.26900000841253 8.08700000823583
                                                            46.26900000841278 8.08700000823607 46.26800000841222
                                                            8.088000008237117 46.26800000841197 8.088000008237357
                                                            46.26700000841136 8.087000008236307 46.267000008411664
                                                            8.087000008236547 46.26600000841102 8.087000008236789
                                                            46.265000008410446 8.087000008237027 46.26400000840987
                                                            8.086000008236221 46.263000008409556 8.085000008235175
                                                            46.26300000840983 8.084000008234122 46.263000008410074
                                                            8.083000008233078 46.26300000841031 8.081000008231221
                                                            46.26200000841025 8.082000008232509 46.26100000840941
                                                            8.083000008234036 46.25900000840795 8.08400000823532
                                                            46.25800000840713 8.085000008236374 46.25800000840691
                                                            8.086000008237418 46.258000008406626 8.08700000823847
                                                            46.25800000840638 8.087000008238704 46.25700000840578
                                                            8.087000008238945 46.256000008405195 8.088000008239991
                                                            46.25600000840494 8.089000008241037 46.25600000840467
                                                            8.08900000824128 46.25500000840408 8.091000008243375
                                                            46.255000008403606 8.092000008244423 46.25500000840332
                                                            8.09400000824652 46.255000008402774 8.095000008247565
                                                            46.2550000084025 8.09600000824861 46.255000008402284
                                                            8.097000008249898 46.25400000840142 8.098000008250946
                                                            46.25400000840113 8.099000008251993 46.25400000840092
                                                            8.099000008251753 46.25500000840146 8.100000008252803
                                                            46.25500000840125 8.10100000825385 46.25500000840098
                                                            8.101000008254088 46.25400000840036 8.102000008255132
                                                            46.25400000840013 8.103000008256181 46.254000008399856
                                                            8.103000008256418 46.25300000839926 8.10300000825666
                                                            46.25200000839869 8.1030000082569 46.25100000839807
                                                            8.104000008257945 46.2510000083978 8.105000008258752
                                                            46.252000008398156 8.106000008259802 46.25200000839791
                                                            8.107000008260847 46.25200000839765 8.108000008261893
                                                            46.25200000839739 8.110000008263984 46.25200000839688
                                                            8.111000008265274 46.25100000839603 8.11200000826632
                                                            46.25100000839578 8.112000008266559 46.25000000839515
                                                            8.112000008266799 46.249000008394574 8.113000008267845
                                                            46.24900000839431 8.113000008268086 46.24800000839374
                                                            8.113000008268324 46.24700000839318 8.113000008268564
                                                            46.246000008392535 8.113000008268802 46.245000008392
                                                            8.11200000826776 46.24500000839225 8.112000008268
                                                            46.24400000839164 8.113000008269044 46.244000008391396
                                                            8.113000008269282 46.243000008390794 8.113000008269523
                                                            46.2420000083902 8.11400000827057 46.242000008389944
                                                            8.114000008270812 46.24100000838938 8.114000008271052
                                                            46.24000000838878 8.115000008272096 46.24000000838856
                                                            8.116000008273142 46.240000008388265 8.116000008273382
                                                            46.239000008387656 8.116000008273623 46.238000008387075
                                                            8.11700000827467 46.23800000838682 8.118000008275716
                                                            46.23800000838655 8.119000008276762 46.238000008386294
                                                            8.120000008277808 46.238000008386074 8.121000008278852
                                                            46.23800000838578 8.122000008279901 46.23800000838553
                                                            8.122000008280137 46.23700000838496 8.123000008281426
                                                            46.236000008384096 8.123000008281663 46.235000008383494
                                                            8.124000008282714 46.23500000838322 8.124000008282954
                                                            46.23400000838266 8.125000008283996 46.234000008382395
                                                            8.125000008284239 46.2330000083818 8.125000008284477
                                                            46.23200000838119 8.125000008284717 46.23100000838065
                                                            8.126000008285757 46.23100000838036 8.12700000828681
                                                            46.2310000083801 8.128000008287852 46.23100000837985
                                                            8.128000008288094 46.23000000837926 8.129000008289136
                                                            46.23000000837898 8.130000008290184 46.2300000083787
                                                            8.131000008291233 46.23000000837849 8.132000008292277
                                                            46.230000008378205 8.132000008292511 46.229000008377604
                                                            8.133000008293559 46.22900000837736 8.134000008294608
                                                            46.22900000837707 8.134000008294846 46.22800000837654
                                                            8.135000008295892 46.22800000837623 8.136000008296934
                                                            46.22800000837603 8.137000008297981 46.228000008375695
                                                            8.138000008299025 46.228000008375474 8.140000008301119
                                                            46.228000008374956 8.143000008306412 46.219000008368866
                                                            8.145000008309935 46.21300000836477 8.14700000831251
                                                            46.21100000836308 8.148000008313792 46.21000000836226
                                                            8.14800000831403 46.20900000836165 8.14900000831532
                                                            46.20800000836082 8.150000008316361 46.208000008360514
                                                            8.150000008316603 46.20700000835993 8.151000008317645
                                                            46.207000008359664 8.151000008317881 46.20600000835909
                                                            8.152000008319172 46.20500000835827 8.152000008319414
                                                            46.204000008357646 8.153000008320454 46.204000008357404
                                                            8.15200000831965 46.20300000835709 8.153000008321172
                                                            46.201000008355635 8.15300000832141 46.200000008355
                                                            8.153000008321648 46.19900000835443 8.15300000832189
                                                            46.19800000835383 8.154000008323651 46.1950000083518
                                                            8.154000008324129 46.19300000835061 8.158000008328788
                                                            46.19100000834836 8.160000008331117 46.19000000834724
                                                            8.166000008338584 46.18500000834275 8.16600000833882
                                                            46.18400000834215 8.167000008339869 46.184000008341876
                                                            8.167000008340105 46.18300000834125 8.167000008340342
                                                            46.18200000834069 8.167000008340581 46.18100000834008
                                                            8.166000008339536 46.18100000834035 8.166000008339775
                                                            46.18000000833975 8.166000008340015 46.179000008339166
                                                            8.165000008338968 46.17900000833942 8.165000008339208
                                                            46.17800000833885 8.164000008338164 46.1780000083391
                                                            8.16300000833712 46.17800000833937 8.163000008337358
                                                            46.17700000833879 8.162000008336314 46.17700000833902
                                                            8.161000008335266 46.17700000833927 8.16000000833446
                                                            46.17600000833899 8.159000008333653 46.1750000083386
                                                            8.158000008333083 46.1730000083377 8.158000008333323
                                                            46.172000008337065 8.158000008333563 46.17100000833651
                                                            8.157000008332513 46.171000008336755 8.157000008332751
                                                            46.17000000833618 8.156000008331706 46.170000008336416
                                                            8.155000008330896 46.169000008336084 8.15400000833009
                                                            46.168000008335724 8.153000008329045 46.16800000833604
                                                            8.152000008328237 46.16700000833566 8.152000008328475
                                                            46.16600000833504 8.151000008327665 46.16500000833472
                                                            8.1510000083279 46.16400000833414 8.151000008328138
                                                            46.16300000833354 8.15100000832838 46.16200000833294
                                                            8.15000000832733 46.16200000833324 8.151000008328614
                                                            46.16100000833236 8.15100000832885 46.16000000833175
                                                            8.151000008329088 46.15900000833117 8.151000008329325
                                                            46.15800000833055 8.152000008330374 46.158000008330276
                                                            8.15200000833061 46.1570000083297 8.153000008331656
                                                            46.15700000832939 8.154000008332943 46.156000008328576
                                                            8.154000008333178 46.155000008327995 8.154000008333417
                                                            46.15400000832738 8.1550000083347 46.15300000832651
                                                            8.15500000833494 46.15200000832593 8.154000008333888
                                                            46.15200000832618 8.154000008334124 46.15100000832559
                                                            8.155000008335412 46.150000008324696 8.156000008336457
                                                            46.15000000832446 8.156000008336695 46.14900000832388
                                                            8.15500000833565 46.14900000832416 8.155000008335884
                                                            46.14800000832355 8.154000008335075 46.14700000832318
                                                            8.153000008334029 46.14700000832347 8.153000008334264
                                                            46.146000008322844 8.153000008334503 46.145000008322285
                                                            8.152000008333458 46.14500000832249 8.152000008333694
                                                            46.14400000832192 8.151000008332645 46.14400000832221
                                                            8.15100000833288 46.143000008321614 8.151000008333115
                                                            46.14200000832098 8.150000008332073 46.14200000832125
                                                            8.149000008331024 46.142000008321475 8.14900000833126
                                                            46.14100000832087 8.148000008330452 46.140000008320584
                                                            8.147000008329403 46.14000000832086 8.147000008329641
                                                            46.13900000832021 8.14600000832859 46.13900000832048
                                                            8.145000008327544 46.13900000832074 8.144000008326495
                                                            46.13900000832105 8.14400000832673 46.13800000832036
                                                            8.143000008325686 46.13800000832063 8.142000008324635
                                                            46.138000008320915 8.141000008323587 46.138000008321185
                                                            8.14000000832254 46.13800000832142 8.13900000832149
                                                            46.13800000832172 8.138000008320443 46.13800000832197
                                                            8.138000008320208 46.13900000832254 8.13700000831916
                                                            46.13900000832281 8.136000008318108 46.13900000832307
                                                            8.135000008317059 46.13900000832331 8.135000008317299
                                                            46.138000008322706 8.134000008316013 46.13900000832358
                                                            8.13400000831625 46.13800000832303 8.1330000083152
                                                            46.13800000832323 8.131000008313105 46.13800000832375
                                                            8.130000008312058 46.13800000832404 8.129000008311007
                                                            46.13800000832427 8.12900000831124 46.13700000832368
                                                            8.12800000831019 46.137000008323945 8.127000008309146
                                                            46.1370000083242 8.126000008308093 46.13700000832446
                                                            8.126000008308328 46.13600000832387 8.125000008307282
                                                            46.136000008324075 8.124000008305998 46.137000008324954
                                                            8.124000008306234 46.13600000832438 8.12400000830647
                                                            46.135000008323765 8.123000008305418 46.13500000832406
                                                            8.122000008304603 46.13400000832372 8.121000008303554
                                                            46.13400000832394 8.120000008302501 46.13400000832421
                                                            8.120000008302739 46.13300000832361 8.119000008301686
                                                            46.133000008323855 8.118000008300642 46.133000008324174
                                                            8.118000008300877 46.1320000083235 8.117000008299827
                                                            46.13200000832379 8.116000008298775 46.13200000832408
                                                            8.11600000829901 46.131000008323475 8.116000008299242
                                                            46.13000000832285 8.117000008300531 46.129000008321974
                                                            8.117000008300765 46.12800000832138 8.116000008299947
                                                            46.12700000832104 8.116000008300182 46.12600000832043
                                                            8.115000008299134 46.12600000832071 8.115000008299369
                                                            46.12500000832011 8.116000008300416 46.12500000831985
                                                            8.116000008300654 46.12400000831924 8.116000008300887
                                                            46.12300000831863 8.116000008301121 46.12200000831804
                                                            8.115000008300072 46.12200000831828 8.115000008300306
                                                            46.121000008317694 8.115000008300541 46.12000000831708
                                                            8.115000008300775 46.11900000831648 8.114000008299726
                                                            46.11900000831674 8.11400000829996 46.118000008316145
                                                            8.113000008298908 46.11800000831642 8.112000008298091
                                                            46.117000008316055 8.111000008297042 46.1170000083163
                                                            8.111000008297275 46.116000008315716 8.111000008297509
                                                            46.1150000083151 8.11000000829669 46.114000008314775
                                                            8.10900000829564 46.114000008315024 8.109000008295874
                                                            46.11300000831447 8.108000008294825 46.11300000831469
                                                            8.107000008293772 46.11300000831492 8.10700000829354
                                                            46.11400000831549 8.106000008292721 46.11300000831517
                                                            8.105000008291672 46.11300000831545 8.104000008290619
                                                            46.11300000831574 8.1030000082898 46.112000008315356
                                                            8.102000008288515 46.11300000831622 8.101000008287466
                                                            46.11300000831646 8.100000008286413 46.11300000831672
                                                            8.100000008286644 46.11200000831614 8.10000000828688
                                                            46.11100000831556 8.099000008285827 46.111000008315784
                                                            8.09800000828501 46.11000000831544 8.097000008283954
                                                            46.11000000831571 8.096000008282903 46.110000008315986
                                                            8.095000008281852 46.11000000831617 8.093000008279748
                                                            46.110000008316696 8.092000008278925 46.10900000831638
                                                            8.091000008277877 46.10900000831663 8.09000000827682
                                                            46.10900000831689 8.089000008275766 46.109000008317146
                                                            8.088000008274715 46.10900000831739 8.087000008273662
                                                            46.10900000831766 8.087000008273897 46.108000008317084
                                                            8.086000008272846 46.10800000831732 8.085000008271793
                                                            46.10800000831756 8.084000008270735 46.10800000831783
                                                            8.08400000827097 46.10700000831719 8.08300000826992
                                                            46.107000008317485 8.082000008268865 46.10700000831774
                                                            8.08100000826781 46.10700000831801 8.081000008267576
                                                            46.10800000831859 8.080000008266525 46.108000008318854
                                                            8.07900000826547 46.10800000831913 8.078000008264418
                                                            46.10800000831935 8.077000008263365 46.108000008319635
                                                            8.076000008262309 46.10800000831989 8.075000008261256
                                                            46.108000008320154 8.074000008260201 46.10800000832041
                                                            8.073000008259148 46.10800000832069 8.072000008258094
                                                            46.10800000832094 8.071000008257043 46.10800000832117
                                                            8.070000008255988 46.10800000832144 8.07000000825622
                                                            46.10700000832082 8.069000008255165 46.10700000832107
                                                            8.06800000825411 46.10700000832134 8.067000008253057
                                                            46.10700000832156 8.066000008252002 46.107000008321826
                                                            8.065000008250946 46.10700000832212 8.064000008250126
                                                            46.10600000832177 8.063000008249075 46.10600000832205
                                                            8.062000008248015 46.10600000832226 8.062000008248248
                                                            46.105000008321646 8.061000008247193 46.105000008321944
                                                            8.06000000824614 46.10500000832216 8.06000000824637
                                                            46.104000008321584 8.059000008245311 46.10400000832183
                                                            8.05800000824426 46.10400000832212 8.057000008243204
                                                            46.104000008322366 8.057000008243437 46.10300000832172
                                                            8.056000008242378 46.10300000832201 8.055000008241324
                                                            46.10300000832223 8.054000008240275 46.10300000832254
                                                            8.05400000824004 46.10400000832313 8.053000008238984
                                                            46.10400000832339 8.05200000823793 46.10400000832361
                                                            8.051000008236874 46.104000008323844 8.050000008235818
                                                            46.10400000832411 8.04900000823476 46.10400000832441
                                                            8.04900000823499 46.1030000083238 8.04800000823394
                                                            46.10300000832408 8.04700000823288 46.10300000832428
                                                            8.047000008233113 46.102000008323714 8.046000008232056
                                                            46.102000008323955 8.045000008231 46.10200000832421
                                                            8.044000008229943 46.102000008324445 8.043000008228887
                                                            46.10200000832467 8.042000008227602 46.1030000083256
                                                            8.04200000822783 46.10200000832496 8.041000008226776
                                                            46.102000008325255 8.040000008225721 46.1020000083255
                                                            8.039000008224656 46.102000008325724 8.038000008223605
                                                            46.10200000832597 8.038000008223372 46.103000008326624
                                                            8.037000008222316 46.10300000832687 8.036000008221261
                                                            46.10300000832712 8.03600000822149 46.102000008326506
                                                            8.035000008220436 46.10200000832676 8.035000008220665
                                                            46.10100000832616 8.035000008220896 46.10000000832557
                                                            8.035000008221125 46.09900000832493 8.034000008220069
                                                            46.099000008325206 8.03500000822136 46.09800000832435
                                                            8.035000008221589 46.097000008323775 8.034000008220763
                                                            46.09600000832336 8.033000008219705 46.09600000832362
                                                            8.033000008219936 46.095000008323034 8.033000008220167
                                                            46.09400000832242 8.032000008219107 46.09400000832271
                                                            8.03200000821934 46.093000008322065 8.032000008219569
                                                            46.092000008321456 8.031000008218513 46.092000008321705
                                                            8.031000008218745 46.09100000832109 8.031000008218973
                                                            46.09000000832049 8.031000008219205 46.0890000083199
                                                            8.031000008219436 46.08800000831932 8.031000008219666
                                                            46.08700000831871 8.031000008219898 46.08600000831807
                                                            8.031000008220127 46.08500000831745 8.031000008220355
                                                            46.08400000831686 8.030000008219297 46.08400000831711
                                                            8.03000000821953 46.08300000831649 8.030000008219755
                                                            46.082000008315866 8.0290000082187 46.08200000831612
                                                            8.02800000821764 46.082000008316385 8.02800000821787
                                                            46.08100000831583 8.027000008216811 46.08100000831607
                                                            8.027000008217042 46.08000000831545 8.026000008215982
                                                            46.0800000083157 8.026000008216212 46.07900000831508
                                                            8.025000008215155 46.07900000831534 8.025000008215386
                                                            46.07800000831473 8.024000008214554 46.07700000831439
                                                            8.02300000821373 46.07600000831402 8.024000008214786
                                                            46.07600000831379 8.024000008215015 46.07500000831317
                                                            8.024000008215243 46.07400000831255 8.024000008215472
                                                            46.07300000831193 8.023000008214416 46.07300000831219
                                                            8.023000008214645 46.072000008311605 8.023000008214872
                                                            46.07100000831098 8.023000008215101 46.07000000831038
                                                            8.024000008216161 46.0700000083101 8.025000008217217
                                                            46.07000000830986 8.02500000821745 46.06900000830926
                                                            8.025000008217676 46.06800000830861 8.026000008218967
                                                            46.06700000830775 8.025000008217908 46.06700000830804
                                                            8.025000008218136 46.066000008307405 8.025000008218365
                                                            46.06500000830681 8.02600000821965 46.06400000830594
                                                            8.026000008219881 46.0630000083053 8.027000008220943
                                                            46.063000008305124 8.027000008221167 46.06200000830449
                                                            8.027000008221398 46.061000008303886 8.027000008221627
                                                            46.060000008303284 8.028000008222689 46.060000008303
                                                            8.028000008222916 46.05900000830239 8.029000008223976
                                                            46.0590000083021 8.029000008224205 46.05800000830154
                                                            8.03000000822549 46.05700000830064 8.030000008225718
                                                            46.05600000830001 8.031000008226778 46.05600000829978
                                                            8.031000008227007 46.05500000829918 8.032000008228064
                                                            46.05500000829889 8.032000008228291 46.05400000829832
                                                            8.031000008227464 46.053000008297936 8.032000008228524
                                                            46.053000008297666 8.032000008228753 46.05200000829709
                                                            8.032000008228978 46.05100000829644 8.03300000823004
                                                            46.05100000829621 8.033000008230267 46.050000008295584
                                                            8.033000008230498 46.049000008294975 8.034000008231555
                                                            46.049000008294726 8.034000008231784 46.04800000829411
                                                            8.03500000823284 46.04800000829386 8.035000008233071
                                                            46.047000008293246 8.036000008234357 46.04600000829234
                                                            8.036000008234586 46.04500000829177 8.035000008233528
                                                            46.045000008292014 8.034000008232471 46.04500000829229
                                                            8.034000008232697 46.04400000829164 8.033000008231639
                                                            46.04400000829191 8.03200000823058 46.04400000829219
                                                            8.032000008230806 46.043000008291536 8.031000008229748
                                                            46.043000008291834 8.03000000822869 46.04300000829209
                                                            8.02900000822763 46.04300000829232 8.028000008226572
                                                            46.04300000829257 8.028000008226797 46.04200000829196
                                                            8.027000008225738 46.0420000082922 8.026000008224676
                                                            46.042000008292455 8.025000008223618 46.042000008292696
                                                            8.025000008223847 46.04100000829211 8.02400000822279
                                                            46.041000008292364 8.02300000822173 46.041000008292606
                                                            8.023000008221958 46.040000008292 8.022000008220894
                                                            46.04000000829227 8.021000008219838 46.04000000829255
                                                            8.021000008220065 46.039000008291886 8.020000008219007
                                                            46.039000008292135 8.020000008219231 46.03800000829154
                                                            8.019000008218175 46.038000008291796 8.0190000082184
                                                            46.03700000829119 8.01800000821734 46.037000008291436
                                                            8.01800000821757 46.036000008290834 8.017000008216508
                                                            46.036000008291055 8.017000008216735 46.03500000829045
                                                            8.016000008215675 46.035000008290716 8.0160000082159
                                                            46.034000008290114 8.015000008214844 46.03400000829037
                                                            8.014000008213783 46.03400000829066 8.013000008212718
                                                            46.034000008290846 8.013000008212947 46.03300000829025
                                                            8.014000008214008 46.03300000828998 8.01400000821424
                                                            46.03200000828934 8.015000008215297 46.032000008289096
                                                            8.016000008216357 46.03200000828885 8.016000008216583
                                                            46.03100000828824 8.016000008216809 46.030000008287644
                                                            8.017000008217872 46.03000000828738 8.0170000082181
                                                            46.02900000828676 8.017000008218329 46.028000008286135
                                                            8.018000008219387 46.028000008285886 8.018000008219614
                                                            46.02700000828532 8.019000008220674 46.02700000828502
                                                            8.018000008219841 46.02600000828467 8.017000008218782
                                                            46.02600000828497 8.017000008219009 46.0250000082843
                                                            8.016000008218171 46.024000008283956 8.015000008217113
                                                            46.02400000828417 8.014000008216053 46.02400000828443
                                                            8.014000008216279 46.023000008283866 8.013000008215217
                                                            46.0230000082841 8.013000008215442 46.02200000828344
                                                            8.01300000821567 46.02100000828288 8.012000008214612
                                                            46.02100000828312 8.012000008214835 46.02000000828247
                                                            8.013000008215897 46.02000000828228 8.013000008216123
                                                            46.01900000828163 8.014000008217188 46.01900000828136
                                                            8.014000008217414 46.018000008280744 8.014000008217637
                                                            46.01700000828014 8.014000008217867 46.016000008279526
                                                            8.014000008218092 46.015000008278896 8.014000008218321
                                                            46.01400000827828 8.013000008217256 46.014000008278565
                                                            8.012000008216198 46.01400000827881 8.011000008215133
                                                            46.014000008279055 8.011000008215357 46.01300000827842
                                                            8.010000008214298 46.013000008278674 8.009000008213238
                                                            46.01300000827892 8.008000008212178 46.01300000827918
                                                            8.007000008211113 46.013000008279434 8.006000008210052
                                                            46.01300000827971 8.005000008208995 46.01300000827997
                                                            8.005000008208764 46.01400000828055 8.0040000082077
                                                            46.01400000828084 8.00300000820664 46.014000008281045
                                                            8.002000008205576 46.01400000828131 8.001000008204741
                                                            46.01300000828096 8.001000008204965 46.01200000828035
                                                            8.00100000820519 46.01100000827974 8.00100000820542
                                                            46.01000000827908 8.000000008204356 46.010000008279384
                                                            8.000000008204582 46.00900000827877 7.99900000820352
                                                            46.00900000827902 7.999000008203748 46.00800000827839
                                                            7.998000008202684 46.008000008278636 7.998000008202909
                                                            46.00700000827805 7.998000008203136 46.006000008277404
                                                            7.997000008202068 46.00600000827764 7.996000008201237
                                                            46.00500000827731 7.996000008201462 46.00400000827667
                                                            7.995000008200398 46.004000008276925 7.995000008200623
                                                            46.0030000082763 7.995000008200849 46.0020000082757
                                                            7.994000008200012 46.00100000827532 7.993000008198946
                                                            46.00100000827556 7.993000008199172 46.000000008274945
                                                            7.992000008198112 46.00000000827519 7.992000008198334
                                                            45.999000008274606 7.99100000819727 45.99900000827485
                                                            7.991000008197497 45.998000008274225 7.990000008196433
                                                            45.998000008274445 7.989000008195367 45.99800000827475
                                                            7.987000008193242 45.998000008275234 7.985000008190892
                                                            45.99900000827633 7.984000008189826 45.99900000827661
                                                            7.984000008189599 46.000000008277226 7.983000008188537
                                                            46.00000000827748 7.982000008187472 46.000000008277745
                                                            7.981000008186406 46.00000000827799 7.981000008186183
                                                            46.001000008278595 7.980000008185122 46.00100000827882
                                                            7.979000008184061 46.001000008279114 7.978000008182992
                                                            46.001000008279355 7.9770000081819274 46.00100000827962
                                                            7.976000008180861 46.00100000827985 7.975000008179801
                                                            46.00100000828013 7.974000008178739 46.00100000828036
                                                            7.973000008177674 46.00100000828068 7.9730000081778964
                                                            46.00000000828002 7.972000008176829 46.00000000828024
                                                            7.971000008175765 46.00000000828049 7.970000008174699
                                                            46.00000000828075 7.969000008173635 46.00000000828103
                                                            7.969000008173862 45.99900000828039 7.968000008172794
                                                            45.99900000828066 7.967000008171731 45.999000008280916
                                                            7.9660000081706634 45.99900000828112 7.965000008169601
                                                            45.999000008281406 7.964000008168531 45.99900000828163
                                                            7.963000008167467 45.999000008281875 7.962000008166626
                                                            45.9980000082815 7.962000008166402 45.999000008282145
                                                            7.961000008165562 45.99800000828179 7.960000008164495
                                                            45.99800000828201 7.959000008163431 45.998000008282276
                                                            7.958000008162364 45.99800000828253 7.957000008161299
                                                            45.99800000828277 7.9570000081610734 45.9990000082834
                                                            7.956000008160013 45.99900000828367 7.955000008158941
                                                            45.9990000082839 7.954000008157874 45.999000008284185
                                                            7.953000008156812 45.99900000828441 7.952000008155746
                                                            45.99900000828464 7.9510000081546774 45.999000008284916
                                                            7.950000008153613 45.999000008285186 7.949000008152543
                                                            45.999000008285414 7.9480000081514826 45.99900000828568
                                                            7.947000008150413 45.999000008285925 7.946000008149347
                                                            45.99900000828619 7.94500000814828 45.999000008286416
                                                            7.9440000081472135 45.99900000828669 7.943000008146147
                                                            45.999000008286956 7.942000008145081 45.99900000828717
                                                            7.941000008144013 45.99900000828746 7.940000008142949
                                                            45.99900000828768 7.939000008141881 45.99900000828793
                                                            7.938000008140812 45.999000008288164 7.937000008139744
                                                            45.999000008288405 7.93600000813868 45.99900000828869
                                                            7.936000008138903 45.998000008288045 7.935000008137833
                                                            45.99800000828829 7.934000008136766 45.99800000828858
                                                            7.9330000081357 45.998000008288834 7.932000008134632
                                                            45.998000008289075 7.932000008134411 45.999000008289705
                                                            7.93100000813334 45.99900000828994 7.930000008132274
                                                            45.99900000829021 7.929000008131206 45.99900000829042
                                                            7.928000008130137 45.9990000082907 7.927000008129071
                                                            45.999000008290956 7.9260000081280015 45.99900000829123
                                                            7.9250000081269345 45.99900000829144 7.924000008125867
                                                            45.99900000829169 7.923000008124799 45.99900000829195
                                                            7.92300000812502 45.99800000829132 7.922000008123953
                                                            45.99800000829158 7.921000008122885 45.99800000829181
                                                            7.920000008121817 45.99800000829209 7.919000008120746
                                                            45.9980000082923 7.918000008119682 45.998000008292564
                                                            7.91700000811861 45.99800000829284 7.916000008117545
                                                            45.998000008293076 7.9150000081164755 45.998000008293296
                                                            7.914000008115407 45.998000008293566 7.913000008114337
                                                            45.99800000829384 7.913000008114114 45.99900000829443
                                                            7.912000008113045 45.99900000829468 7.911000008111975
                                                            45.999000008294935 7.9100000081109085 45.999000008295184
                                                            7.909000008110062 45.998000008294824 7.909000008110286
                                                            45.9970000082942 7.908000008109212 45.99700000829445
                                                            7.908000008109434 45.99600000829385 7.907000008108367
                                                            45.9960000082941 7.907000008108588 45.99500000829348
                                                            7.9070000081088105 45.99400000829283 7.907000008109032
                                                            45.993000008292206 7.906000008107964 45.993000008292476
                                                            7.906000008108183 45.992000008291825 7.905000008107337
                                                            45.99100000829146 7.904000008106489 45.990000008291126
                                                            7.903000008105416 45.990000008291325 7.90200000810435
                                                            45.99000000829161 7.902000008104573 45.989000008290986
                                                            7.903000008105863 45.98800000829013 7.9020000081047925
                                                            45.98800000829036 7.902000008105012 45.98700000828973
                                                            7.901000008103946 45.987000008289996 7.90000000810287
                                                            45.98700000829022 7.900000008103096 45.98600000828963
                                                            7.899000008102022 45.98600000828985 7.898000008100956
                                                            45.98600000829012 7.898000008101175 45.985000008289504
                                                            7.897000008100106 45.985000008289774 7.897000008100329
                                                            45.98400000828913 7.8960000080992545 45.984000008289414
                                                            7.896000008099477 45.98300000828871 7.895000008098628
                                                            45.98200000828837 7.89500000809885 45.98100000828779
                                                            7.895000008099073 45.980000008287156 7.894000008098002
                                                            45.98000000828737 7.893000008097148 45.979000008286974
                                                            7.89200000809608 45.979000008287244 7.891000008095006
                                                            45.9790000082875 7.8900000080939385 45.97900000828773
                                                            7.889000008092863 45.97900000828798 7.888000008092013
                                                            45.97800000828759 7.887000008090945 45.97800000828787
                                                            7.886000008089871 45.97800000828815 7.886000008090094
                                                            45.97700000828748 7.885000008089023 45.977000008287725
                                                            7.88400000808795 45.97700000828797 7.883000008086878
                                                            45.977000008288215 7.882000008085807 45.97700000828848
                                                            7.882000008086027 45.976000008287855 7.881000008084954
                                                            45.9760000082881 7.880000008083882 45.97600000828834
                                                            7.880000008084103 45.97500000828772 7.879000008082813
                                                            45.97600000828863 7.87800000808174 45.97600000828882
                                                            7.878000008081958 45.97500000828825 7.87800000808218
                                                            45.9740000082876 7.878000008082399 45.97300000828701
                                                            7.879000008083471 45.97300000828675 7.881000008085834
                                                            45.972000008285626 7.8810000080860565 45.97100000828495
                                                            7.8820000080873465 45.97000000828412 7.883000008088421
                                                            45.970000008283876 7.88300000808864 45.96900000828325
                                                            7.882000008087569 45.969000008283494 7.882000008087787
                                                            45.968000008282864 7.881000008086718 45.96800000828312
                                                            7.882000008088008 45.96700000828224 7.8820000080882275
                                                            45.966000008281654 7.882000008088449 45.965000008281
                                                            7.8810000080873746 45.96500000828124 7.880000008086523
                                                            45.9640000082809 7.879000008085674 45.9630000082805
                                                            7.8780000080846 45.96300000828075 7.878000008084821
                                                            45.96200000828015 7.8790000080858915 45.962000008279894
                                                            7.879000008086111 45.96100000827924 7.8780000080850385
                                                            45.96100000827947 7.877000008083968 45.96100000827974
                                                            7.876000008083115 45.960000008279344 7.876000008083334
                                                            45.95900000827875 7.877000008084626 45.958000008277864
                                                            7.8780000080856984 45.95800000827759 7.878000008085918
                                                            45.95700000827696 7.879000008086992 45.95700000827677
                                                            7.879000008087208 45.95600000827613 7.879000008087429
                                                            45.955000008275505 7.878000008086355 45.955000008275746
                                                            7.878000008086576 45.95400000827514 7.878000008086797
                                                            45.9530000082745 7.878000008087014 45.95200000827386
                                                            7.879000008088089 45.95200000827359 7.878000008087235
                                                            45.951000008273226 7.877000008086163 45.951000008273475
                                                            7.876000008085089 45.95100000827372 7.876000008085308
                                                            45.950000008273115 7.875000008084234 45.950000008273356
                                                            7.874000008083161 45.9500000082736 7.873000008082087
                                                            45.95000000827383 7.872000008081015 45.950000008274095
                                                            7.872000008081234 45.94900000827347 7.871000008080162
                                                            45.94900000827375 7.8710000080803795 45.948000008273084
                                                            7.871000008080599 45.94700000827248 7.871000008080816
                                                            45.94600000827182 7.871000008081254 45.944000008270585
                                                            7.871000008081474 45.94300000826995 7.870000008080397
                                                            45.94300000827018 7.870000008080619 45.942000008269574
                                                            7.870000008080834 45.94100000826894 7.870000008081057
                                                            45.94000000826832 7.870000008081274 45.93900000826769
                                                            7.8690000080801985 45.939000008267946 7.870000008081494
                                                            45.93800000826708 7.871000008082568 45.93800000826681
                                                            7.871000008082787 45.93700000826618 7.872000008083858
                                                            45.93700000826593 7.872000008084076 45.93600000826532
                                                            7.872000008084294 45.93500000826469 7.872000008084512
                                                            45.93400000826407 7.87400000808666 45.934000008263546
                                                            7.875000008087949 45.93300000826268 7.875000008088169
                                                            45.93200000826202 7.87800000809205 45.929000008259415
                                                            7.876000008090559 45.92600000825802 7.875000008089917
                                                            45.924000008256996 7.874000008089279 45.92200000825598
                                                            7.873000008088207 45.92200000825624 7.871000008086276
                                                            45.92100000825611 7.867000008081979 45.92100000825709
                                                            7.866000008081336 45.91900000825605 7.865000008080262
                                                            45.91900000825631 7.86200000807682 45.9200000082577
                                                            7.861000008075527 45.92100000825859 7.861000008075309
                                                            45.92200000825919 7.860000008074018 45.923000008260075
                                                            7.857000008070795 45.92300000826083 7.854000008067568
                                                            45.92300000826158 7.852000008065635 45.92200000826142
                                                            7.84900000806219 45.9230000082628 7.844000008056591
                                                            45.92400000826465 7.84200000805444 45.92400000826518
                                                            7.838000008050136 45.92400000826614 7.837000008049059
                                                            45.92400000826638 7.8350000080466895 45.92500000826754
                                                            7.834000008045393 45.92600000826841 7.832000008043024
                                                            45.927000008269516 7.831000008041945 45.927000008269765
                                                            7.830000008040871 45.92700000827005 7.829000008039576
                                                            45.92800000827089 7.828000008038499 45.92800000827115
                                                            7.8260000080363445 45.928000008271646 7.825000008035268
                                                            45.92800000827186 7.824000008033974 45.92900000827275
                                                            7.823000008032895 45.929000008272986 7.821000008030741
                                                            45.92900000827347 7.82000000802988 45.928000008273095
                                                            7.81800000802794 45.927000008272955 7.816000008026002
                                                            45.92600000827282 7.815000008025143 45.92500000827241
                                                            7.814000008024061 45.9250000082727 7.8130000080229856
                                                            45.925000008272924 7.8110000080208275 45.92500000827341
                                                            7.810000008019964 45.92400000827305 7.808000008018023
                                                            45.92300000827287 7.806000008016299 45.921000008272095
                                                            7.805000008015433 45.92000000827174 7.803000008013279
                                                            45.92000000827225 7.802000008012412 45.91900000827182
                                                            7.801000008011334 45.91900000827208 7.800000008010254
                                                            45.91900000827232 7.7980000080078815 45.92000000827345
                                                            7.7950000080042114 45.92200000827543 7.794000008002919
                                                            45.92300000827633 7.794000008002699 45.92400000827694
                                                            7.793000008001624 45.92400000827718 7.793000008001408
                                                            45.92500000827783 7.793000008001194 45.926000008278486
                                                            7.792000007999897 45.92700000827936 7.790000007997738
                                                            45.92700000827985 7.7890000079964405 45.92800000828071
                                                            7.787000007994065 45.92900000828183 7.786000007992769
                                                            45.9300000082827 7.783000007989318 45.931000008284045
                                                            7.782000007988238 45.93100000828431 7.781000007987158
                                                            45.93100000828457 7.78000000798586 45.93200000828543
                                                            7.779000007984782 45.93200000828568 7.778000007983486
                                                            45.93300000828655 7.777000007982406 45.93300000828679
                                                            7.777000007982193 45.93400000828743 7.77600000798111
                                                            45.93400000828768 7.776000007980893 45.93500000828829
                                                            7.775000007979811 45.93500000828851 7.774000007978734
                                                            45.93500000828881 7.773000007977654 45.93500000828902
                                                            7.773000007977437 45.93600000828967 7.772000007976354
                                                            45.93600000828993 7.772000007976143 45.93700000829052
                                                            7.772000007975924 45.93800000829115 7.771000007974847
                                                            45.938000008291425 7.770000007973767 45.93800000829165
                                                            7.770000007973552 45.93900000829229 7.76900000797247
                                                            45.93900000829259 7.76800000797139 45.93900000829284
                                                            7.7670000079703065 45.939000008293014 7.766000007969011
                                                            45.94000000829392 7.766000007969226 45.93900000829327
                                                            7.765000007967933 45.94000000829413 7.764000007966849
                                                            45.9400000082944 7.76300000796577 45.94000000829465
                                                            7.76200000796469 45.9400000082949 7.761000007963608
                                                            45.940000008295144 7.760000007962308 45.94100000829598
                                                            7.759000007961231 45.941000008296214 7.758000007960147
                                                            45.9410000082965 7.757000007959065 45.941000008296704
                                                            7.756000007957985 45.94100000829695 7.755000007956902
                                                            45.94100000829719 7.754000007955605 45.9420000082981
                                                            7.753000007954526 45.942000008298315 7.752000007953446
                                                            45.942000008298585 7.751000007952362 45.94200000829883
                                                            7.750000007951277 45.94200000829912 7.7490000079499834
                                                            45.943000008299904 7.749000007950197 45.942000008299296
                                                            7.749000007950412 45.94100000829868 7.74800000794976
                                                            45.93900000829763 7.747000007949104 45.93700000829663
                                                            7.745000007947583 45.93400000829523 7.743000007945632
                                                            45.93300000829505 7.741000007943468 45.93300000829555
                                                            7.7400000079426 45.932000008295205 7.738000007940862
                                                            45.93000000829441 7.737000007939989 45.929000008294
                                                            7.736000007939333 45.92700000829302 7.736000007939548
                                                            45.926000008292384 7.730000007933048 45.92600000829381
                                                            7.727000007930008 45.92500000829393 7.725000007927841
                                                            45.925000008294454 7.723000007925672 45.925000008294894
                                                            7.7220000079245885 45.92500000829511 7.7210000079232906
                                                            45.926000008296036 7.720000007922204 45.92600000829625
                                                            7.719000007921124 45.9260000082965 7.719000007920909
                                                            45.927000008297135 7.718000007919612 45.92800000829801
                                                            7.7180000079193976 45.92900000829865 7.7170000079181005
                                                            45.93000000829953 7.714000007914847 45.93000000830023
                                                            7.714000007914636 45.93100000830088 7.714000007914419
                                                            45.93200000830151 7.713000007913335 45.932000008301735
                                                            7.713000007913124 45.933000008302365 7.7130000079129095
                                                            45.934000008303016 7.712000007911611 45.935000008303895
                                                            7.7110000079103145 45.93600000830475 7.710000007909226
                                                            45.936000008304994 7.709000007908359 45.93500000830463
                                                            7.709000007908142 45.936000008305236 7.708000007906844
                                                            45.937000008306114 7.710000007907736 45.94300000830944
                                                            7.710000007907094 45.94600000831129 7.710000007906885
                                                            45.94700000831196 7.711000007907756 45.94800000831232
                                                            7.711000007907539 45.94900000831293 7.711000007907325
                                                            45.95000000831355 7.710000007906241 45.950000008313786
                                                            7.71000000790603 45.95100000831444 7.709000007904943
                                                            45.9510000083147 7.708000007903857 45.951000008314914
                                                            7.707000007902777 45.951000008315155 7.707000007902563
                                                            45.95200000831577 7.706000007901477 45.95200000831602
                                                            7.705000007900392 45.95200000831626 7.705000007900176
                                                            45.9530000083169 7.704000007899095 45.95300000831713
                                                            7.7040000078988795 45.95400000831778 7.703000007897796
                                                            45.95400000831803 7.702000007896709 45.95400000831826
                                                            7.701000007895414 45.955000008319125 7.7010000078952
                                                            45.956000008319805 7.700000007894112 45.956000008320025
                                                            7.699000007893031 45.956000008320245 7.699000007892816
                                                            45.95700000832088 7.698000007891945 45.956000008320466
                                                            7.698000007891732 45.957000008321124 7.697000007890644
                                                            45.957000008321344 7.696000007889775 45.956000008321
                                                            7.6960000078895625 45.957000008321586 7.695000007888688
                                                            45.9560000083212 7.695000007888475 45.9570000083218
                                                            7.694000007887602 45.95600000832147 7.69400000788739
                                                            45.957000008322076 7.6930000078865195 45.95600000832173
                                                            7.692000007885435 45.956000008321965 7.691000007884346
                                                            45.95600000832217 7.691000007884133 45.957000008322765
                                                            7.690000007883048 45.95700000832305 7.68900000788196
                                                            45.95700000832329 7.68800000788088 45.95700000832353
                                                            7.687000007879792 45.957000008323774 7.686000007878494
                                                            45.958000008324674 7.685000007877406 45.958000008324895
                                                            7.684000007876323 45.958000008325115 7.683000007875022
                                                            45.959000008326 7.682000007873939 45.95900000832623
                                                            7.681000007872851 45.95900000832649 7.681000007872636
                                                            45.96000000832711 7.680000007871551 45.96000000832739
                                                            7.679000007870253 45.96100000832823 7.67900000787004
                                                            45.962000008328815 7.6790000078698295 45.9630000083295
                                                            7.6790000078696155 45.96400000833011 7.679000007869402
                                                            45.965000008330776 7.678000007868314 45.965000008330996
                                                            7.678000007868101 45.96600000833159 7.678000007867889
                                                            45.967000008332214 7.677000007866802 45.96700000833244
                                                            7.676000007865715 45.96700000833267 7.676000007865504
                                                            45.96800000833332 7.675000007864416 45.96800000833358
                                                            7.675000007864204 45.969000008334206 7.675000007863991
                                                            45.9700000083348 7.6740000078626895 45.97100000833569
                                                            7.6730000078616065 45.97100000833591 7.672000007860519
                                                            45.9710000083362 7.672000007860306 45.97200000833681
                                                            7.6710000078592175 45.97200000833706 7.671000007859005
                                                            45.97300000833767 7.670000007857921 45.97300000833792
                                                            7.670000007857706 45.97400000833856 7.670000007857493
                                                            45.97500000833917 7.669000007856407 45.975000008339414
                                                            7.669000007856192 45.976000008340044 7.668000007855109
                                                            45.9760000083403 7.667000007854019 45.97600000834052
                                                            7.666000007852934 45.97600000834074 7.666000007852722
                                                            45.9770000083414 7.665000007851634 45.977000008341626
                                                            7.665000007851422 45.9780000083423 7.664000007850333
                                                            45.9780000083425 7.660000007845989 45.97800000834346
                                                            7.659000007844901 45.978000008343685 7.658000007843817
                                                            45.978000008343905 7.657000007842728 45.978000008344175
                                                            7.65600000784164 45.97800000834444 7.656000007841851
                                                            45.97700000834379 7.655000007840768 45.97700000834402
                                                            7.655000007840978 45.976000008343384 7.654000007839893
                                                            45.976000008343654 7.653000007838807 45.97600000834394
                                                            7.652000007837717 45.976000008344094 7.651000007836631
                                                            45.976000008344364 7.650000007835542 45.976000008344634
                                                            7.650000007835754 45.975000008344 7.649000007834667
                                                            45.97500000834423 7.648000007833579 45.97500000834449
                                                            7.647000007832704 45.97400000834405 7.646000007831619
                                                            45.97400000834432 7.646000007831827 45.97300000834367
                                                            7.64500000783074 45.97300000834397 7.6440000078296535
                                                            45.97300000834419 7.643000007828565 45.973000008344435
                                                            7.642000007827477 45.97300000834465 7.64200000782769
                                                            45.972000008344025 7.641000007826602 45.97200000834428
                                                            7.640000007825513 45.97200000834451 7.639000007824423
                                                            45.97200000834476 7.638000007823338 45.97200000834503
                                                            7.637000007822248 45.97200000834525 7.636000007821157
                                                            45.97200000834547 7.63500000782007 45.97200000834572
                                                            7.634000007818982 45.972000008345965 7.633000007817892
                                                            45.97200000834621 7.6320000078168055 45.97200000834643
                                                            7.632000007816591 45.9730000083471 7.631000007815504
                                                            45.97300000834732 7.630000007814414 45.97300000834755
                                                            7.629000007813324 45.97300000834776 7.628000007812235
                                                            45.973000008347995 7.627000007811145 45.97300000834825
                                                            7.626000007810059 45.973000008348514 7.625000007808968
                                                            45.97300000834875 7.624000007807878 45.97300000834898
                                                            7.623000007806789 45.973000008349224 7.623000007806578
                                                            45.97400000834983 7.6220000078054895 45.974000008350075
                                                            7.621000007804401 45.97400000835032 7.620000007803309
                                                            45.97400000835058 7.619000007802221 45.9740000083508
                                                            7.618000007801341 45.97300000835041 7.617000007800255
                                                            45.97300000835067 7.616000007799161 45.973000008350915
                                                            7.615000007798074 45.97300000835111 7.614000007797191
                                                            45.972000008350754 7.613000007796105 45.972000008350996
                                                            7.6120000077950145 45.97200000835123 7.612000007795227
                                                            45.971000008350586 7.611000007794133 45.97100000835084
                                                            7.610000007793043 45.97100000835104 7.609000007791952
                                                            45.971000008351304 7.608000007790654 45.97200000835218
                                                            7.607000007789562 45.972000008352424 7.60600000778847
                                                            45.972000008352666 7.605000007787382 45.972000008352886
                                                            7.604000007786291 45.97200000835314 7.603000007785201
                                                            45.9720000083534 7.602000007784108 45.97200000835361
                                                            7.6010000077830195 45.97200000835384 7.600000007781925
                                                            45.972000008354094 7.599000007780835 45.97200000835431
                                                            7.598000007779743 45.972000008354584 7.597000007778655
                                                            45.97200000835481 7.596000007777352 45.97300000835567
                                                            7.595000007776262 45.97300000835589 7.59400000777517
                                                            45.973000008356145 7.594000007775383 45.972000008355515
                                                            7.593000007774081 45.973000008356394 7.5930000077742905
                                                            45.972000008355735 7.592000007772987 45.97300000835661
                                                            7.591000007772106 45.97200000835626 7.590000007771013
                                                            45.97200000835648 7.589000007769925 45.97200000835668
                                                            7.589000007769713 45.97300000835734 7.588000007768619
                                                            45.973000008357566 7.58700000776753 45.973000008357815
                                                            7.5860000077664385 45.973000008358035 7.586000007766229
                                                            45.97400000835867 7.585000007765135 45.97400000835892
                                                            7.584000007764039 45.974000008359205 7.584000007763833
                                                            45.97500000835974 7.584000007763621 45.97600000836042
                                                            7.583000007762531 45.97600000836064 7.583000007762321
                                                            45.97700000836128 7.582000007761226 45.977000008361514
                                                            7.582000007761015 45.97800000836215 7.583000007762111
                                                            45.97800000836192 7.5830000077619 45.97900000836254
                                                            7.583000007761688 45.98000000836316 7.580000007756728
                                                            45.98800000836892 7.578000007754329 45.98900000836997
                                                            7.577000007753239 45.98900000837022 7.576000007752149
                                                            45.98900000837046 7.575000007751054 45.9890000083707
                                                            7.574000007749964 45.98900000837094 7.573000007748871
                                                            45.98900000837117 7.5720000077477785 45.989000008371406
                                                            7.571000007746688 45.989000008371654 7.570000007745382
                                                            45.990000008372554 7.5690000077442905 45.99000000837274
                                                            7.5690000077445 45.98900000837213 7.568000007743409
                                                            45.98900000837238 7.567000007742528 45.988000008372
                                                            7.566000007741434 45.988000008372246 7.565000007740339
                                                            45.98800000837244 7.564000007739248 45.98800000837272
                                                            7.5630000077381565 45.98800000837291 7.562000007737064
                                                            45.98800000837317 7.553000007727222 45.98800000837535
                                                            7.551000007725036 45.9880000083758 7.550000007723943
                                                            45.98800000837604 7.549000007723058 45.987000008375595
                                                            7.548000007722174 45.98600000837524 7.547000007721079
                                                            45.986000008375456 7.547000007721291 45.98500000837488
                                                            7.5470000077215005 45.98400000837425 7.546000007720619
                                                            45.983000008373814 7.546000007720827 45.982000008373184
                                                            7.54500000771973 45.98200000837345 7.545000007719939
                                                            45.981000008372824 7.544000007718843 45.981000008373066
                                                            7.5440000077190525 45.98000000837244 7.54300000771796
                                                            45.98000000837267 7.543000007718168 45.97900000837201
                                                            7.543000007718381 45.9780000083714 7.5430000077185895
                                                            45.977000008370744 7.543000007718796 45.97600000837012
                                                            7.543000007719008 45.975000008369534 7.544000007720102
                                                            45.97500000836927 7.544000007720309 45.974000008368634
                                                            7.544000007720517 45.973000008368025 7.54400000772073
                                                            45.97200000836739 7.545000007722034 45.971000008366524
                                                            7.546000007723337 45.97000000836567 7.5460000077235465
                                                            45.969000008365015 7.546000007723755 45.968000008364434
                                                            7.546000007723967 45.967000008363776 7.5460000077241745
                                                            45.96600000836315 7.546000007724381 45.965000008362544
                                                            7.547000007725476 45.965000008362296 7.547000007725681
                                                            45.964000008361694 7.547000007725891 45.96300000836101
                                                            7.547000007726101 45.962000008360434 7.546000007725008
                                                            45.96200000836067 7.546000007725218 45.961000008359996
                                                            7.545000007724122 45.96100000836027 7.5450000077243295
                                                            45.960000008359636 7.544000007723232 45.96000000835982
                                                            7.544000007723442 45.95900000835926 7.54300000772235
                                                            45.959000008359446 7.543000007722557 45.95800000835883
                                                            7.54200000772146 45.95800000835903 7.541000007720366
                                                            45.95800000835929 7.54000000771948 45.95700000835891
                                                            7.539000007718384 45.957000008359174 7.538000007717079
                                                            45.95800000836 7.5370000077159816 45.9580000083602
                                                            7.537000007715776 45.9590000083609 7.536000007714678
                                                            45.95900000836113 7.535000007713585 45.95900000836135
                                                            7.534000007712487 45.95900000836158 7.533000007711394
                                                            45.95900000836185 7.532000007710504 45.95800000836147
                                                            7.531000007709202 45.95900000836232 7.5310000077094115
                                                            45.95800000836163 7.530000007708313 45.95800000836189
                                                            7.5290000077072206 45.95800000836212 7.529000007707012
                                                            45.95900000836275 7.5280000077059155 45.95900000836299
                                                            7.5270000077048165 45.95900000836323 7.526000007703724
                                                            45.95900000836347 7.526000007703511 45.960000008364084
                                                            7.525000007702417 45.96000000836435 7.524000007701318
                                                            45.96000000836456 7.524000007701113 45.961000008365225
                                                            7.523000007700013 45.96100000836541 7.5220000076989235
                                                            45.961000008365666 7.520000007696519 45.96200000836676
                                                            7.520000007696311 45.963000008367395 7.519000007695214
                                                            45.96300000836766 7.519000007695007 45.96400000836825
                                                            7.518000007693913 45.96400000836847 7.517000007692816
                                                            45.964000008368735 7.5160000076917175 45.96400000836899
                                                            7.515000007690826 45.96300000836856 7.513000007688843
                                                            45.96200000836844 7.513000007689048 45.96100000836781
                                                            7.512000007687954 45.96100000836804 7.511000007686855
                                                            45.961000008368266 7.511000007687064 45.96000000836765
                                                            7.510000007685964 45.96000000836788 7.509000007684867
                                                            45.96000000836809 7.508000007683771 45.96000000836833
                                                            7.507000007682466 45.96100000836921 7.506000007681367
                                                            45.96100000836944 7.5050000076802705 45.96100000836968
                                                            7.504000007678965 45.96200000837059 7.501000007675259
                                                            45.9640000083725 7.500000007674158 45.96400000837275
                                                            7.499000007673063 45.964000008373006 7.4990000076732715
                                                            45.96300000837233 7.498000007672173 45.963000008372624
                                                            7.498000007672378 45.96200000837198 7.4970000076712795
                                                            45.96200000837218 7.4970000076716925 45.96000000837095
                                                            7.497000007671901 45.959000008370275 7.496000007670803
                                                            45.95900000837052 7.495000007669912 45.95800000837014
                                                            7.49400000766902 45.95700000836973 7.49300000766792
                                                            45.95700000837001 7.492000007666822 45.95700000837022
                                                            7.491000007665723 45.95700000837046 7.4900000076646265
                                                            45.95700000837068 7.489000007663321 45.95800000837154
                                                            7.488000007662224 45.958000008371805 7.488000007662428
                                                            45.95700000837117 7.487000007661328 45.95700000837143
                                                            7.4860000076604365 45.956000008371014 7.48500000765934
                                                            45.956000008371205 7.484000007658239 45.95600000837147
                                                            7.483000007657346 45.95500000837107 7.482000007656249
                                                            45.95500000837131 7.481000007655147 45.95500000837152
                                                            7.48000000765405 45.95500000837176 7.480000007654255
                                                            45.95400000837114 7.4790000076531555 45.95400000837134
                                                            7.4780000076520565 45.954000008371644 7.478000007652262
                                                            45.95300000837098 7.477000007651162 45.953000008371234
                                                            7.4770000076513705 45.95200000837063 7.476000007650268
                                                            45.952000008370824 7.476000007650478 45.951000008370166
                                                            7.475000007649373 45.95100000837038 7.474000007648482
                                                            45.95000000837003 7.473000007647378 45.95000000837025
                                                            7.472000007646486 45.94900000836988 7.472000007646691
                                                            45.94800000836924 7.473000007647793 45.94800000836899
                                                            7.473000007647997 45.947000008368356 7.473000007648202
                                                            45.94600000836773 7.473000007648409 45.94500000836708
                                                            7.474000007649508 45.94500000836686 7.474000007649715
                                                            45.94400000836621 7.475000007650814 45.94400000836598
                                                            7.475000007651021 45.94300000836535 7.475000007651222
                                                            45.94200000836472 7.475000007651429 45.94100000836408
                                                            7.475000007651638 45.94000000836344 7.476000007652736
                                                            45.940000008363214 7.476000007652944 45.93900000836258
                                                            7.476000007653149 45.93800000836196 7.475000007652048
                                                            45.938000008362174 7.474000007651151 45.9370000083618
                                                            7.473000007650258 45.936000008361425 7.47200000764916
                                                            45.93600000836163 7.471000007648059 45.93600000836187
                                                            7.470000007646957 45.936000008362086 7.469000007645857
                                                            45.936000008362335 7.468000007644752 45.93600000836261
                                                            7.467000007643652 45.936000008362846 7.466000007642347
                                                            45.93700000836367 7.465000007641246 45.93700000836389
                                                            7.464000007640147 45.93700000836414 7.463000007639046
                                                            45.93700000836438 7.462000007637944 45.93700000836459
                                                            7.4610000076368435 45.93700000836484 7.460000007635741
                                                            45.937000008365075 7.45900000763464 45.937000008365324
                                                            7.458000007633745 45.936000008364914 7.458000007633948
                                                            45.93500000836426 7.45700000763305 45.93400000836386
                                                            7.456000007631745 45.93500000836473 7.455000007630643
                                                            45.93500000836494 7.454000007629543 45.93500000836521
                                                            7.454000007629748 45.93400000836459 7.453000007628644
                                                            45.934000008364784 7.45200000762754 45.93400000836501
                                                            7.45100000762644 45.93400000836524 7.450000007625341
                                                            45.934000008365494 7.449000007624237 45.93400000836572
                                                            7.44800000762334 45.933000008365354 7.447000007622238
                                                            45.93300000836555 7.446000007621134 45.933000008365774
                                                            7.445000007620031 45.93300000836603 7.445000007620235
                                                            45.932000008365364 7.444000007619132 45.93200000836562
                                                            7.443000007618033 45.932000008365875 7.443000007618234
                                                            45.93100000836523 7.443000007618439 45.93000000836455
                                                            7.4420000076175405 45.929000008364206 7.4410000076166405
                                                            45.92800000836379 7.440000007615539 45.92800000836402
                                                            7.440000007615741 45.92700000836337 7.439000007614639
                                                            45.92700000836362 7.439000007614844 45.92600000836302
                                                            7.438000007613741 45.92600000836316 7.438000007613943
                                                            45.92500000836255 7.437000007612842 45.9250000083628
                                                            7.437000007613044 45.92400000836216 7.436000007611938
                                                            45.924000008362384 7.436000007612143 45.92300000836173
                                                            7.435000007611042 45.92300000836201 7.435000007611245
                                                            45.92200000836138 7.434000007610141 45.92200000836156
                                                            7.434000007610345 45.92100000836097 7.433000007609239
                                                            45.921000008361176 7.433000007609446 45.920000008360546
                                                            7.43200000760834 45.920000008360816 7.4320000076085435
                                                            45.91900000836013 7.431000007607439 45.919000008360385
                                                            7.430000007606336 45.91900000836063 7.43000000760654
                                                            45.91800000835999 7.4290000076054366 45.91800000836021
                                                            7.428000007604334 45.91800000836046 7.428000007604537
                                                            45.91700000835981 7.427000007603431 45.917000008360034
                                                            7.426000007602327 45.91700000836028 7.426000007602529
                                                            45.916000008359624 7.425000007601423 45.916000008359845
                                                            7.4240000076003225 45.9160000083601 7.423000007599216
                                                            45.91600000836035 7.422000007598314 45.91500000835993
                                                            7.422000007598519 45.91400000835933 7.421000007597414
                                                            45.91400000835948 7.420000007596306 45.91400000835975
                                                            7.420000007596511 45.91300000835911 7.419000007595406
                                                            45.913000008359354 7.4180000075943 45.91300000835957
                                                            7.417000007593197 45.91300000835984 7.416000007592093
                                                            45.91300000836003 7.415000007590988 45.91300000836024
                                                            7.415000007591191 45.91200000835964 7.414000007590083
                                                            45.91200000835988 7.4140000075902845 45.911000008359224
                                                            7.413000007589181 45.91100000835945 7.4120000075880785
                                                            45.91100000835971 7.41200000758828 45.91000000835903
                                                            7.411000007587171 45.91000000835929 7.411000007586968
                                                            45.911000008359935 7.410000007586069 45.91000000835953
                                                            7.4090000075849645 45.91000000835977 7.408000007583862
                                                            45.91000000835996 7.408000007583657 45.911000008360645
                                                            7.407000007582549 45.91100000836088 7.406000007581442
                                                            45.91100000836107 7.4050000075801385 45.91200000836195
                                                            7.4040000075790315 45.91200000836217 7.404000007578827
                                                            45.91300000836285 7.403000007577722 45.91300000836308
                                                            7.4020000075766195 45.9130000083633 7.402000007576818
                                                            45.91200000836264 7.401000007575712 45.91200000836287
                                                            7.401000007575916 45.9110000083622 7.40000000757481
                                                            45.9110000083625 7.399000007573903 45.9100000083621
                                                            7.399000007574308 45.90800000836081 7.399000007574509
                                                            45.90700000836016 7.398000007573405 45.90700000836038
                                                            7.398000007573606 45.906000008359754 7.397000007572499
                                                            45.906000008359975 7.397000007572698 45.905000008359316
                                                            7.396000007571592 45.905000008359565 7.395000007570687
                                                            45.90400000835916 7.394000007569784 45.90300000835873
                                                            7.393000007568878 45.90200000835836 7.392000007567772
                                                            45.902000008358556 7.392000007567975 45.90100000835796
                                                            7.3910000075668645 45.901000008358174 7.391000007567068
                                                            45.90000000835755 7.390000007565961 45.90000000835777
                                                            7.389000007564853 45.90000000835798 7.389000007565058
                                                            45.89900000835738 7.388000007563948 45.89900000835761
                                                            7.387000007562841 45.899000008357845 7.386000007561733
                                                            45.899000008358065 7.385000007560626 45.89900000835831
                                                            7.3850000075608255 45.89800000835762 7.384000007559722
                                                            45.898000008357876 7.3830000075586115 45.8980000083581
                                                            7.383000007558409 45.89900000835878 7.382000007557304
                                                            45.899000008358946 7.381000007555995 45.90000000835981
                                                            7.380000007554892 45.90000000836009 7.380000007554687
                                                            45.90100000836072 7.379000007553579 45.90100000836093
                                                            7.3780000075524725 45.90100000836115 7.378000007552273
                                                            45.90200000836181 7.37700000755116 45.90200000836203
                                                            7.377000007550959 45.90300000836269 7.376000007549853
                                                            45.90300000836289 7.3750000075487465 45.90300000836311
                                                            7.374000007547638 45.903000008363385 7.373000007546328
                                                            45.904000008364235 7.372000007545221 45.90400000836442
                                                            7.371000007544113 45.904000008364704 7.370000007543003
                                                            45.90400000836491 7.370000007542805 45.90500000836557
                                                            7.369000007541693 45.90500000836578 7.368000007540586
                                                            45.905000008366 7.3680000075403855 45.906000008366654
                                                            7.367000007539277 45.9060000083669 7.3660000075381715
                                                            45.90600000836709 7.366000007538371 45.90500000836646
                                                            7.365000007537263 45.90500000836675 7.364000007536152
                                                            45.90500000836696 7.363000007535048 45.90500000836718
                                                            7.362000007533935 45.90500000836741 7.362000007533736
                                                            45.90600000836803 7.361000007532629 45.906000008368274
                                                            7.361000007532427 45.907000008368904 7.360000007531318
                                                            45.907000008369124 7.3600000075311165 45.90800000836977
                                                            7.359000007530009 45.90800000836998 7.358000007528898
                                                            45.90800000837023 7.358000007528701 45.909000008370874
                                                            7.35700000752759 45.909000008371095 7.357000007527391
                                                            45.91000000837175 7.35700000752719 45.91100000837233
                                                            7.357000007526989 45.91200000837298 7.35600000752568
                                                            45.913000008373835 7.353000007522355 45.91300000837456
                                                            7.352000007521244 45.91300000837477 7.351000007519937
                                                            45.91400000837563 7.350000007518826 45.91400000837587
                                                            7.348000007516409 45.915000008377 7.345000007512678
                                                            45.91700000837895 7.34400000751157 45.91700000837919
                                                            7.344000007511771 45.91600000837854 7.3430000075106605
                                                            45.916000008378774 7.342000007509553 45.91600000837898
                                                            7.341000007508444 45.916000008379214 7.341000007508639
                                                            45.91500000837859 7.340000007507532 45.91500000837881
                                                            7.3390000075064235 45.915000008379025 7.338000007505516
                                                            45.91400000837862 7.338000007505313 45.91500000837928
                                                            7.337000007504202 45.91500000837949 7.3370000075044
                                                            45.914000008378885 7.336000007503293 45.9140000083791
                                                            7.335000007502183 45.91400000837936 7.334000007501072
                                                            45.914000008379574 7.334000007501271 45.91300000837892
                                                            7.333000007500163 45.91300000837914 7.332000007499051
                                                            45.91300000837932 7.332000007499252 45.91200000837875
                                                            7.331000007498143 45.91200000837897 7.330000007497029
                                                            45.912000008379195 7.329000007495922 45.91200000837941
                                                            7.328000007494808 45.912000008379685 7.327000007493699
                                                            45.91200000837984 7.326000007492587 45.91200000838007
                                                            7.325000007491478 45.91200000838034 7.3240000074903655
                                                            45.91200000838056 7.3230000074892585 45.91200000838078
                                                            7.323000007489058 45.91300000838142 7.322000007487947
                                                            45.91300000838168 7.321000007486835 45.913000008381886
                                                            7.320000007485724 45.9130000083821 7.319000007484612
                                                            45.91300000838233 7.319000007484415 45.91400000838298
                                                            7.319000007484215 45.915000008383615 7.3180000074829055
                                                            45.916000008384486 7.318000007482703 45.91700000838512
                                                            7.318000007482503 45.918000008385796 7.317000007481397
                                                            45.91800000838601 7.316000007480081 45.91900000838683
                                                            7.3150000074791715 45.918000008386436 7.314000007478062
                                                            45.91800000838667 7.313000007476947 45.91800000838688
                                                            7.312000007475833 45.918000008387125 7.3110000074747274
                                                            45.91800000838737 7.310000007473414 45.91900000838821
                                                            7.309000007472302 45.9190000083884 7.3080000074711915
                                                            45.91900000838867 7.30700000747008 45.919000008388885
                                                            7.3060000074689695 45.919000008389126 7.305000007467855
                                                            45.91900000838935 7.304000007466741 45.919000008389574
                                                            7.303000007465631 45.91900000838981 7.30200000746452
                                                            45.919000008390015 7.30100000746321 45.92000000839091
                                                            7.301000007463011 45.921000008391545 7.300000007461897
                                                            45.92100000839179 7.299000007460786 45.921000008392
                                                            7.299000007460587 45.92200000839263 7.298000007459476
                                                            45.92200000839286 7.298000007459277 45.92300000839352
                                                            7.2970000074581645 45.92300000839376 7.296000007457052
                                                            45.92300000839394 7.29500000745594 45.923000008394176
                                                            7.294000007454827 45.92300000839444 7.293000007453716
                                                            45.923000008394624 7.292000007452604 45.92300000839487
                                                            7.292000007452801 45.922000008394235 7.2910000074516885
                                                            45.922000008394456 7.291000007451889 45.92100000839378
                                                            7.291000007452085 45.920000008393174 7.290000007450969
                                                            45.9200000083934 7.2900000074511695 45.91900000839278
                                                            7.289000007450057 45.919000008393006 7.288000007448947
                                                            45.91900000839321 7.288000007449144 45.91800000839257
                                                            7.287000007448033 45.918000008392774 7.28600000744692
                                                            45.91800000839303 7.286000007447117 45.917000008392414
                                                            7.286000007447314 45.91600000839175 7.2860000074475115
                                                            45.91500000839112 7.285000007446601 45.91400000839072
                                                            7.284000007445685 45.9130000083903 7.28300000744477
                                                            45.9120000083899 7.283000007444969 45.91100000838926
                                                            7.2820000074438545 45.9110000083895 7.28200000744405
                                                            45.910000008388856 7.281000007442937 45.91000000838906
                                                            7.2810000074431365 45.90900000838841 7.281000007443331
                                                            45.90800000838779 7.280000007442217 45.908000008388015
                                                            7.280000007442418 45.90700000838738 7.280000007442615
                                                            45.90600000838673 7.279000007441502 45.90600000838699
                                                            7.279000007441698 45.90500000838635 7.279000007441895
                                                            45.9040000083857 7.278000007440781 45.904000008385886
                                                            7.278000007440978 45.90300000838528 7.278000007441175
                                                            45.90200000838466 7.2770000074400665 45.902000008384846
                                                            7.276000007438946 45.90200000838507 7.275000007437833
                                                            45.90200000838531 7.274000007436721 45.90200000838558
                                                            7.2730000074356065 45.90200000838579 7.2720000074344915
                                                            45.90200000838601 7.27200000743469 45.901000008385374
                                                            7.271000007433576 45.90100000838557 7.271000007433771
                                                            45.900000008384964 7.270000007432657 45.90000000838518
                                                            7.270000007432856 45.89900000838456 7.269000007431742
                                                            45.89900000838477 7.268000007430627 45.89900000838499
                                                            7.268000007430824 45.89800000838432 7.268000007431017
                                                            45.89700000838369 7.267000007429904 45.89700000838389
                                                            7.267000007430102 45.89600000838328 7.266000007428985
                                                            45.89600000838354 7.266000007429184 45.89500000838284
                                                            7.26500000742787 45.89600000838375 7.265000007428068
                                                            45.89500000838312 7.2640000074269535 45.89500000838332
                                                            7.263000007426034 45.8940000083829 7.262000007424919
                                                            45.89400000838311 7.262000007425116 45.8930000083825
                                                            7.261000007424 45.8930000083827 7.261000007424197
                                                            45.8920000083821 7.260000007423082 45.89200000838229
                                                            7.2600000074232796 45.891000008381646 7.2590000074221654
                                                            45.891000008381894 7.258000007421047 45.89100000838208
                                                            7.258000007421243 45.89000000838147 7.257000007420127
                                                            45.89000000838169 7.256000007419012 45.89000000838191
                                                            7.2550000074178955 45.890000008382174 7.254000007416781
                                                            45.89000000838239 7.254000007416581 45.891000008383024
                                                            7.253000007415469 45.89100000838324 7.253000007415272
                                                            45.89200000838385 7.253000007415073 45.893000008384526
                                                            7.252000007413764 45.894000008385376 7.251000007412452
                                                            45.895000008386226 7.249000007410219 45.8950000083867
                                                            7.248000007409296 45.894000008386264 7.2470000074081815
                                                            45.89400000838649 7.246000007407264 45.893000008386096
                                                            7.245000007406149 45.89300000838634 7.244000007405028
                                                            45.89300000838656 7.2430000074039125 45.893000008386764
                                                            7.24300000740411 45.89200000838613 7.242000007402992
                                                            45.89200000838637 7.241000007401876 45.8920000083866
                                                            7.240000007400755 45.892000008386795 7.2390000073996426
                                                            45.89200000838707 7.238000007398527 45.89200000838726
                                                            7.237000007397407 45.89200000838749 7.236000007396293
                                                            45.89200000838772 7.235000007395175 45.89200000838795
                                                            7.235000007394979 45.89300000838859 7.2340000073938615
                                                            45.89300000838881 7.233000007392745 45.89300000838901
                                                            7.232000007391628 45.89300000838925 7.231000007390316
                                                            45.89400000839014 7.230000007389197 45.894000008390336
                                                            7.229000007388079 45.894000008390535 7.2280000073871555
                                                            45.893000008390196 7.227000007386234 45.89200000838974
                                                            7.226000007385117 45.892000008389964 7.225000007383995
                                                            45.89200000839017 7.224000007382883 45.89200000839047
                                                            7.2230000073817635 45.89200000839061 7.222000007380842
                                                            45.891000008390236 7.221000007379724 45.89100000839042
                                                            7.220000007378603 45.891000008390634 7.219000007377491
                                                            45.891000008390854 7.218000007376369 45.89100000839114
                                                            7.217000007375249 45.89100000839134 7.217000007375447
                                                            45.89000000839069 7.21700000737564 45.88900000839007
                                                            7.217000007375835 45.888000008389426 7.21700000737603
                                                            45.887000008388746 7.217000007376224 45.88600000838814
                                                            7.216000007375105 45.88600000838836 7.215000007374184
                                                            45.885000008387905 7.214000007373067 45.88500000838816
                                                            7.213000007372141 45.88400000838776 7.212000007371024
                                                            45.88400000838793 7.212000007371218 45.883000008387306
                                                            7.211000007370098 45.88300000838754 7.211000007370292
                                                            45.882000008386875 7.210000007369174 45.88200000838709
                                                            7.209000007368052 45.882000008387344 7.208000007366935
                                                            45.88200000838756 7.20700000736582 45.882000008387784
                                                            7.207000007366012 45.88100000838718 7.206000007364893
                                                            45.881000008387396 7.2060000073650885 45.88000000838671
                                                            7.205000007363967 45.88000000838694 7.205000007364163
                                                            45.87900000838631 7.204000007363239 45.87800000838589
                                                            7.203000007362118 45.87800000838609 7.20300000736231
                                                            45.87700000838545 7.202000007361193 45.87700000838568
                                                            7.201000007360072 45.87700000838593 7.201000007360266
                                                            45.87600000838527 7.2010000073604585 45.875000008384625
                                                            7.200000007359342 45.87500000838486 7.200000007359534
                                                            45.87400000838419 7.199000007358413 45.87400000838442
                                                            7.199000007358608 45.8730000083838 7.199000007358801
                                                            45.872000008383125 7.199000007358998 45.871000008382495
                                                            7.1990000073591895 45.87000000838183 7.199000007359382
                                                            45.86900000838118 7.199000007359573 45.86800000838055
                                                            7.200000007360892 45.86700000837971 7.200000007361086
                                                            45.86600000837907 7.2010000073622065 45.86600000837878
                                                            7.201000007362402 45.865000008378196 7.200000007361471
                                                            45.864000008377744 7.199000007360349 45.864000008377964
                                                            7.199000007360543 45.86300000837732 7.198000007359426
                                                            45.86300000837759 7.198000007359618 45.86200000837694
                                                            7.197000007358497 45.86200000837711 7.196000007357375
                                                            45.86200000837741 7.195000007356256 45.862000008377564
                                                            7.194000007355136 45.86200000837783 7.194000007355329
                                                            45.86100000837715 7.193000007354208 45.86100000837737
                                                            7.192000007353089 45.86100000837762 7.192000007353283
                                                            45.86000000837697 7.191000007351967 45.861000008377815
                                                            7.190000007350844 45.86100000837806 7.189000007349725
                                                            45.86100000837827 7.1880000073484105 45.862000008379155
                                                            7.187000007347292 45.86200000837936 7.186000007346171
                                                            45.86200000837962 7.185000007345049 45.862000008379866
                                                            7.184000007343927 45.862000008380036 7.184000007343735
                                                            45.86300000838071 7.183000007342614 45.863000008380915
                                                            7.183000007342421 45.864000008381545 7.182000007341298
                                                            45.864000008381744 7.181000007340177 45.86400000838199
                                                            7.181000007339983 45.86500000838266 7.180000007338862
                                                            45.86500000838287 7.179000007337743 45.86500000838307
                                                            7.178000007336619 45.8650000083833 7.177000007335498
                                                            45.86500000838351 7.176000007334374 45.86500000838375
                                                            7.16700000732312 45.87100000838959 7.163000007318248
                                                            45.87300000839182 7.162000007317126 45.87300000839201
                                                            7.162000007316932 45.87400000839266 7.163000007318056
                                                            45.87400000839247 7.163000007317865 45.87500000839309
                                                            7.164000007318988 45.87500000839286 7.165000007320108
                                                            45.875000008392654 7.165000007319913 45.87600000839327
                                                            7.16500000731972 45.877000008393935 7.165000007319526
                                                            45.878000008394565 7.165000007319337 45.87900000839522
                                                            7.164000007318213 45.87900000839548 7.163000007317094
                                                            45.87900000839568 7.163000007316898 45.88000000839634
                                                            7.162000007315776 45.88000000839653 7.161000007314654
                                                            45.88000000839676 7.160000007313532 45.880000008397
                                                            7.160000007313339 45.88100000839764 7.159000007312218
                                                            45.88100000839785 7.158000007311096 45.88100000839811
                                                            7.157000007309974 45.88100000839824 7.15600000730885
                                                            45.8810000083985 7.155000007307729 45.8810000083987
                                                            7.154000007306607 45.88100000839895 7.154000007306798
                                                            45.88000000839832 7.153000007305674 45.880000008398525
                                                            7.1520000073045535 45.88000000839873 7.151000007303621
                                                            45.879000008398364 7.1500000073025 45.87900000839853
                                                            7.149000007301377 45.87900000839877 7.148000007300447
                                                            45.878000008398345 7.146000007298201 45.878000008398786
                                                            7.145000007297078 45.87800000839901 7.145000007297271
                                                            45.87700000839833 7.144000007296146 45.87700000839861
                                                            7.143000007295026 45.877000008398795 7.1420000072939
                                                            45.87700000839904 7.141000007292775 45.87700000839927
                                                            7.14100000729297 45.87600000839863 7.140000007291849
                                                            45.87600000839881 7.140000007292038 45.8750000083982
                                                            7.139000007290912 45.875000008398416 7.138000007289793
                                                            45.87500000839864 7.137000007288665 45.87500000839887
                                                            7.136000007287735 45.87400000839844 7.135000007286611
                                                            45.874000008398646 7.135000007286803 45.87300000839798
                                                            7.134000007285677 45.8730000083982 7.13400000728587
                                                            45.872000008397585 7.135000007286997 45.87200000839734
                                                            7.1350000072871875 45.87100000839673 7.134000007286254
                                                            45.870000008396275 7.133000007285132 45.870000008396524
                                                            7.133000007285324 45.869000008395865 7.132000007284197
                                                            45.86900000839608 7.131000007283266 45.86800000839565
                                                            7.130000007282138 45.868000008395875 7.130000007282331
                                                            45.867000008395244 7.129000007281208 45.867000008395465
                                                            7.1280000072800815 45.86700000839568 7.128000007280273
                                                            45.86600000839503 7.127000007279149 45.86600000839528
                                                            7.126000007278024 45.866000008395496 7.1250000072769
                                                            45.86600000839571 7.125000007277089 45.865000008395036
                                                            7.124000007275967 45.86500000839525 7.123000007274842
                                                            45.865000008395484 7.1230000072750315 45.864000008394825
                                                            7.122000007273909 45.864000008395045 7.121000007272972
                                                            45.86300000839466 7.121000007273164 45.86200000839398
                                                            7.12000000727204 45.8620000083942 7.119000007271106
                                                            45.86100000839378 7.11800000726998 45.86100000839402
                                                            7.117000007268854 45.861000008394214 7.11600000726773
                                                            45.86100000839444 7.115000007266605 45.86100000839466
                                                            7.114000007265479 45.86100000839486 7.113000007264351
                                                            45.86100000839509 7.112000007263226 45.86100000839536
                                                            7.111000007262097 45.86100000839556 7.111000007262288
                                                            45.860000008394884 7.110000007261166 45.86000000839511
                                                            7.109000007260038 45.86000000839535 7.108000007258914
                                                            45.86000000839557 7.108000007258721 45.86100000839621
                                                            7.1070000072575965 45.86100000839642 7.106000007256471
                                                            45.86100000839665 7.105000007255344 45.861000008396836
                                                            7.104000007254219 45.86100000839707 7.103000007253091
                                                            45.861000008397305 7.102000007251967 45.86100000839751
                                                            7.101000007250649 45.86200000839839 7.101000007250459
                                                            45.86300000839906 7.100000007249331 45.863000008399275
                                                            7.099000007248208 45.863000008399496 7.099000007248018
                                                            45.864000008400104 7.098000007246889 45.86400000840035
                                                            7.0980000072467 45.86500000840099 7.099000007247825
                                                            45.86500000840078 7.099000007247638 45.86600000840141
                                                            7.098000007246509 45.86600000840165 7.098000007246319
                                                            45.867000008402265 7.098000007246127 45.868000008402916
                                                            7.097000007245001 45.868000008403165 7.0970000072448105
                                                            45.869000008403766 7.097000007244621 45.870000008404475
                                                            7.096000007243303 45.87100000840534 7.096000007243112
                                                            45.87200000840597 7.095000007241987 45.87200000840617
                                                            7.095000007241797 45.87300000840682 7.094000007240671
                                                            45.87300000840703 7.093000007239355 45.874000008407904
                                                            7.093000007239163 45.875000008408534 7.094000007240289
                                                            45.87500000840833 7.0940000072401 45.87600000840895
                                                            7.0950000072412225 45.876000008408745 7.095000007241034
                                                            45.8770000084094 7.0960000072421625 45.87700000840916
                                                            7.096000007241969 45.87800000840986 7.095000007240843
                                                            45.878000008410034 7.095000007240653 45.87900000841069
                                                            7.094000007239528 45.87900000841091 7.094000007239337
                                                            45.880000008411564 7.093000007238213 45.88000000841176
                                                            7.092000007236893 45.881000008412656 7.091000007235769
                                                            45.88100000841286 7.091000007235576 45.88200000841353
                                                            7.090000007234451 45.88200000841374 7.089000007233131
                                                            45.88300000841458 7.088000007232007 45.88300000841481
                                                            7.087000007230689 45.88400000841563 7.086000007229373
                                                            45.88500000841653 7.085000007228246 45.88500000841674
                                                            7.084000007226929 45.88600000841765 7.083000007225803
                                                            45.88600000841784 7.082000007224676 45.886000008418065
                                                            7.082000007224483 45.8870000084187 7.0810000072233565
                                                            45.88700000841891 7.080000007222041 45.888000008419766
                                                            7.08000000722185 45.88900000842045 7.08000000722166
                                                            45.89000000842108 7.0790000072205315 45.89000000842129
                                                            7.079000007220339 45.89100000842194 7.078000007219214
                                                            45.89100000842215 7.078000007219024 45.89200000842281
                                                            7.0770000072178965 45.89200000842301 7.077000007217706
                                                            45.89300000842366 7.078000007218455 45.895000008424766
                                                            7.077000007217135 45.89600000842561 7.0770000072169434
                                                            45.89700000842622 7.076000007215817 45.89700000842644
                                                            7.075000007214691 45.897000008426694 7.074000007213565
                                                            45.89700000842691 7.072000007211119 45.89800000842797
                                                            7.0710000072098005 45.89900000842885 7.071000007209611
                                                            45.90000000842948 7.069000007207356 45.90000000842991
                                                            7.069000007207166 45.90100000843055 7.066000007203785
                                                            45.90100000843122 7.0650000072024675 45.902000008432076
                                                            7.065000007202278 45.903000008432734 7.0650000072020855
                                                            45.904000008433336 7.065000007201897 45.905000008434
                                                            7.0650000072017045 45.90600000843465 7.0650000072015136
                                                            45.90700000843525 7.0650000072013235 45.90800000843593
                                                            7.0650000072011325 45.909000008436536 7.065000007200942
                                                            45.91000000843719 7.06500000720075 45.91100000843786
                                                            7.0650000072005605 45.91200000843851 7.064000007199431
                                                            45.91200000843872 7.064000007199241 45.91300000843932
                                                            7.063000007198115 45.91300000843959 7.063000007197925
                                                            45.91400000844021 7.062000007196796 45.914000008440425
                                                            7.062000007196606 45.91500000844106 7.06100000719548
                                                            45.915000008441254 7.060000007194351 45.91500000844151
                                                            7.059000007193224 45.91500000844176 7.059000007193032
                                                            45.91600000844235 7.058000007191907 45.91600000844258
                                                            7.057000007190778 45.9160000084428 7.0560000071896525
                                                            45.916000008443056 7.05600000718946 45.91700000844366
                                                            7.055000007188334 45.91700000844386 7.054000007187203
                                                            45.9170000084441 7.054000007187017 45.91800000844472
                                                            7.053000007185889 45.91800000844497 7.053000007185697
                                                            45.91900000844559 7.052000007184568 45.91900000844584
                                                            7.051000007183251 45.92000000844668 7.050000007182123
                                                            45.92000000844692 7.050000007181932 45.92100000844753
                                                            7.0490000071808065 45.92100000844776 7.048000007179486
                                                            45.92200000844859 7.048000007179297 45.923000008449264
                                                            7.047000007177978 45.92400000845008 7.046000007176851
                                                            45.92400000845031 7.045000007175721 45.92400000845055
                                                            7.045000007175531 45.92500000845118 7.044000007174211
                                                            45.926000008452036 7.044000007174024 45.9270000084527
                                                            7.044000007173834 45.928000008453324 7.044000007173642
                                                            45.929000008453976 7.044000007173451 45.930000008454584
                                                            7.043000007172323 45.9300000084548 7.043000007172133
                                                            45.93100000845547 7.04400000717326 45.93100000845523
                                                            7.04300000717194 45.93200000845608 7.0430000071717505
                                                            45.93300000845674 7.042000007170622 45.933000008456936
                                                            7.042000007170431 45.93400000845758 7.041000007169305
                                                            45.934000008457836 7.0400000071679845 45.935000008458644
                                                            7.039000007166858 45.93500000845888 7.039000007166666
                                                            45.93600000845958 7.039000007166475 45.93700000846017
                                                            7.0380000071653495 45.937000008460366 7.0380000071651585
                                                            45.938000008461 7.038000007164966 45.93900000846162
                                                            7.037000007163841 45.93900000846187 7.037000007163647
                                                            45.94000000846255 7.037000007163456 45.94100000846317
                                                            7.038000007164584 45.94100000846288 7.038000007164393
                                                            45.94200000846358 7.038000007164202 45.9430000084642
                                                            7.038000007164012 45.944000008464855 7.038000007163819
                                                            45.945000008465485 7.038000007163629 45.946000008466115
                                                            7.039000007164754 45.94600000846589 7.039000007164563
                                                            45.94700000846654 7.039000007164373 45.94800000846719
                                                            7.03900000716418 45.94900000846781 7.03900000716399
                                                            45.95000000846844 7.038000007162671 45.95100000846932
                                                            7.0390000071638 45.9510000084691 7.039000007163606
                                                            45.952000008469724 7.039000007163416 45.953000008470404
                                                            7.038000007162287 45.9530000084706 7.038000007162096
                                                            45.95400000847119 7.038000007161905 45.955000008471856
                                                            7.038000007161717 45.95600000847251 7.038000007161522
                                                            45.957000008473116 7.037000007160394 45.95700000847332
                                                            7.037000007160202 45.95800000847395 7.036000007159075
                                                            45.95800000847419 7.035000007157947 45.95800000847441
                                                            7.0340000071568225 45.95800000847463 7.033000007155694
                                                            45.958000008474855 7.032000007154567 45.95800000847506
                                                            7.032000007154377 45.959000008475726 7.0310000071532475
                                                            45.95900000847594 7.030000007152121 45.95900000847616
                                                            7.0290000071509935 45.95900000847634 7.028000007149866
                                                            45.95900000847659 7.027000007148735 45.9590000084768
                                                            7.027000007148547 45.960000008477415 7.026000007147419
                                                            45.96000000847767 7.02500000714629 45.9600000084779
                                                            7.024000007145163 45.9600000084781 7.023000007144034
                                                            45.9600000084783 7.023000007143844 45.96100000847899
                                                            7.022000007142716 45.96100000847914 7.021000007141587
                                                            45.96100000847938 7.021000007141394 45.96200000848
                                                            7.019000007139141 45.96200000848046 7.018000007138012
                                                            45.962000008480686 7.018000007137822 45.9630000084813
                                                            7.018000007137629 45.964000008481946 7.017000007136502
                                                            45.96400000848214 7.016000007135375 45.964000008482365
                                                            7.016000007135184 45.96500000848299 7.015000007134054
                                                            45.96500000848324 7.015000007133864 45.96600000848386
                                                            7.014000007132736 45.9660000084841 7.0140000071325455
                                                            45.967000008484725 7.0130000071314145 45.967000008484945
                                                            7.013000007131223 45.96800000848556 7.012000007130098
                                                            45.968000008485795 7.012000007129905 45.96900000848643
                                                            7.012000007129712 45.97000000848707 7.011000007128586
                                                            45.97000000848726 7.010000007127457 45.97000000848748
                                                            7.010000007127265 45.97100000848815 7.010000007127074
                                                            45.97200000848877 7.010000007126883 45.97300000848939
                                                            7.01100000712801 45.973000008489166 7.0110000071278185
                                                            45.974000008489796 7.011000007127628 45.975000008490454
                                                            7.0120000071287585 45.97500000849021 7.013000007129692
                                                            45.976000008490615 7.014000007130821 45.976000008490416
                                                            7.015000007131947 45.976000008490196 7.015000007131756
                                                            45.97700000849084 7.016000007132885 45.97700000849063
                                                            7.017000007134014 45.977000008490386 7.018000007135142
                                                            45.9770000084902 7.01900000713627 45.97700000848994
                                                            7.020000007137202 45.97800000849041 7.021000007138329
                                                            45.97800000849017 7.02200000713946 45.97800000848995
                                                            7.023000007140393 45.97900000849038 7.0240000071415185
                                                            45.97900000849014 7.024000007141328 45.98000000849078
                                                            7.024000007141137 45.981000008491385 7.0240000071409465
                                                            45.98200000849202 7.023000007139817 45.982000008492264
                                                            7.022000007138501 45.98300000849307 7.022000007138307
                                                            45.98400000849377 7.02100000713718 45.98400000849398
                                                            7.021000007136987 45.98500000849461 7.02000000713586
                                                            45.985000008494815 7.021000007136795 45.98600000849524
                                                            7.020000007135668 45.986000008495424 7.019000007134543
                                                            45.98600000849567 7.019000007134349 45.987000008496295
                                                            7.018000007133221 45.98700000849651 7.017000007131904
                                                            45.988000008497394 7.017000007131711 45.989000008497975
                                                            7.016000007130584 45.989000008498216 7.015000007129454
                                                            45.989000008498415 7.014000007128329 45.98900000849863
                                                            7.0130000071272 45.98900000849887 7.013000007127009
                                                            45.99000000849952 7.013000007126816 45.991000008500144
                                                            7.013000007126624 45.99200000850076 7.01300000712643
                                                            45.993000008501376 7.013000007126243 45.99400000850201
                                                            7.013000007126048 45.99500000850266 7.01200000712492
                                                            45.99500000850287 7.011000007123602 45.99600000850374
                                                            7.012000007124537 45.99700000850413 7.012000007124345
                                                            45.998000008504754 7.011000007123215 45.998000008504995
                                                            7.011000007123024 45.99900000850563 7.011000007122832
                                                            46.00000000850628 7.010000007121705 46.00000000850649
                                                            7.009000007120384 46.00100000850728 7.008000007119256
                                                            46.00100000850753 7.0080000071190645 46.00200000850817
                                                            7.007000007117938 46.00200000850842 7.007000007117744
                                                            46.003000008509 7.006000007116618 46.00300000850924
                                                            7.005000007115682 46.002000008508794 7.004000007114554
                                                            46.00200000850905 7.003000007113619 46.00100000850859
                                                            7.002000007112493 46.00100000850884 7.001000007111365
                                                            46.00100000850907 7.000000007110238 46.00100000850928
                                                            6.999000007109109 46.00100000850947 6.99800000710798
                                                            46.00100000850973 6.9980000071077875 46.002000008510365
                                                            6.997000007106659 46.002000008510606 6.9960000071055335
                                                            46.00200000851083 6.995000007104215 46.00300000851161
                                                            6.994000007103083 46.00300000851184 6.994000007102894
                                                            46.00400000851245 6.993000007101765 46.00400000851269
                                                            6.992000007100635 46.00400000851291 6.992000007100444
                                                            46.005000008513534 6.9910000070993155 46.00500000851373
                                                            6.990000007098187 46.00500000851399 6.990000007097996
                                                            46.0060000085146 6.989000007096864 46.00600000851481
                                                            6.98900000709706 46.005000008514195 6.9880000070957395
                                                            46.00600000851504 6.987000007094611 46.00600000851525
                                                            6.986000007093482 46.00600000851547 6.986000007093291
                                                            46.00700000851611 6.985000007092163 46.00700000851631
                                                            6.985000007091969 46.008000008516966 6.986000007093097
                                                            46.00800000851674 6.986000007092906 46.009000008517354
                                                            6.986000007092715 46.010000008518 6.985000007091587
                                                            46.01000000851819 6.985000007091393 46.01100000851882
                                                            6.984000007090074 46.01200000851969 6.98400000708988
                                                            46.01300000852034 6.984000007089691 46.014000008520966
                                                            6.984000007089497 46.01500000852156 6.984000007089308
                                                            46.01600000852222 6.983000007088177 46.01600000852244
                                                            6.983000007087986 46.01700000852308 6.983000007087794
                                                            46.01800000852367 6.982000007086665 46.01800000852389
                                                            6.982000007086474 46.019000008524536 6.982000007086282
                                                            46.020000008525145 6.982000007086088 46.02100000852579
                                                            6.982000007085895 46.0220000085264 6.981000007084768
                                                            46.022000008526604 6.981000007084577 46.023000008527276
                                                            6.980000007083449 46.02300000852748 6.97900000708232
                                                            46.023000008527696 6.978000007081189 46.023000008527895
                                                            6.978000007080997 46.024000008528525 6.977000007079873
                                                            46.02400000852876 6.97700000707968 46.02500000852939
                                                            6.97600000707855 46.02500000852961 6.975000007077229
                                                            46.026000008530445 6.974000007076102 46.02600000853067
                                                            6.974000007075911 46.0270000085313 6.97300000707478
                                                            46.0270000085315 6.9720000070736505 46.02700000853175
                                                            6.972000007073458 46.028000008532366 6.971000007072331
                                                            46.02800000853256 6.9710000070721385 46.029000008533174
                                                            6.967000007066855 46.033000008536604 6.964000007063662
                                                            46.03200000853657 6.96200000706102 46.034000008538264
                                                            6.961000007059504 46.03600000853976 6.959000007056674
                                                            46.0390000085421 6.958000007055161 46.04100000854354
                                                            6.955000007051389 46.043000008545455 6.954000007049298
                                                            46.04800000854877 6.95200000704627 46.052000008551744
                                                            6.951000007044948 46.05300000855256 6.950000007043821
                                                            46.05300000855278 6.94900000704269 46.05300000855298
                                                            6.948000007041561 46.05300000855318 6.947000007040435
                                                            46.05300000855341 6.946000007039302 46.05300000855363
                                                            6.946000007039492 46.05200000855302 6.945000007038176
                                                            46.05300000855386 6.945000007038366 46.05200000855323
                                                            6.944000007037042 46.05300000855406 6.943000007035913
                                                            46.05300000855429 6.943000007035722 46.05400000855492
                                                            6.942000007034593 46.05400000855513 6.940000007032143
                                                            46.0550000085562 6.9390000070308195 46.056000008557014
                                                            6.9380000070295 46.05700000855789 6.937000007028369
                                                            46.05700000855807 6.936000007027047 46.05800000855893
                                                            6.9360000070268555 46.05900000855957 6.936000007026663
                                                            46.060000008560145 6.936000007026471 46.06100000856081
                                                            6.937000007027602 46.06100000856057 6.93700000702741
                                                            46.06200000856118 6.938000007028348 46.06300000856164
                                                            6.938000007028154 46.064000008562246 6.937000007027023
                                                            46.06400000856244 6.938000007027961 46.06500000856286
                                                            6.939000007029091 46.06500000856261 6.9390000070288975
                                                            46.06600000856323 6.93800000702777 46.066000008563456
                                                            6.937000007026641 46.06600000856371 6.936000007025316
                                                            46.06700000856453 6.935000007023996 46.068000008565384
                                                            6.933000007021736 46.06800000856579 6.9330000070219295
                                                            46.0670000085652 6.929000007017603 46.066000008565425
                                                            6.9250000070128905 46.06700000856688 6.921000007009135
                                                            46.063000008565275 6.920000007008006 46.0630000085655
                                                            6.920000007008197 46.06200000856487 6.920000007008387
                                                            46.06100000856426 6.919000007007255 46.06100000856446
                                                            6.918000007006126 46.06100000856469 6.918000007006316
                                                            46.060000008564046 6.917000007005189 46.06000000856427
                                                            6.916000007004249 46.05900000856386 6.9150000070031155
                                                            46.05900000856407 6.915000007003307 46.058000008563425
                                                            6.915000007003497 46.057000008562845 6.914000007002366
                                                            46.05700000856303 6.91400000700256 46.05600000856243
                                                            6.91300000700143 46.0560000085626 6.912000007000295
                                                            46.05600000856284 6.9120000070004854 46.055000008562224
                                                            6.912000007000679 46.054000008561594 6.911000006999545
                                                            46.05400000856181 6.911000006999737 46.053000008561185
                                                            6.910000006998797 46.052000008560796 6.909000006997664
                                                            46.052000008561 6.908000006996535 46.0520000085612
                                                            6.907000006995401 46.05200000856146 6.9060000069942715
                                                            46.05200000856162 6.906000006994462 46.051000008561005
                                                            6.905000006993331 46.051000008561246 6.904000006992196
                                                            46.05100000856142 6.903000006991065 46.05100000856165
                                                            6.902000006989934 46.05100000856185 6.901000006988802
                                                            46.051000008562056 6.90100000698899 46.05000000856143
                                                            6.900000006987859 46.05000000856172 6.899000006986728
                                                            46.050000008561895 6.898000006985595 46.05000000856209
                                                            6.897000006984463 46.050000008562314 6.896000006983331
                                                            46.05000000856251 6.895000006982197 46.05000000856277
                                                            6.89500000698239 46.04900000856212 6.894000006981256
                                                            46.04900000856236 6.894000006981447 46.048000008561694
                                                            6.893000006980314 46.0480000085619 6.893000006980505
                                                            46.04700000856131 6.893000006980695 46.04600000856066
                                                            6.892000006979563 46.04600000856088 6.8920000069797505
                                                            46.04500000856025 6.891000006978805 46.04400000855983
                                                            6.890000006977674 46.044000008560054 6.889000006976541
                                                            46.04400000856029 6.888000006975219 46.0450000085611
                                                            6.8880000069750285 46.04600000856177 6.8870000069738975
                                                            46.04600000856196 6.886000006972761 46.04600000856218
                                                            6.885000006971629 46.046000008562366 6.884000006970496
                                                            46.04600000856258 6.883000006969174 46.04700000856346
                                                            6.882000006968041 46.04700000856365 6.8810000069669055
                                                            46.04700000856387 6.880000006965583 46.04800000856469
                                                            6.879000006964451 46.0480000085649 6.87900000696426
                                                            46.04900000856555 6.878000006963128 46.04900000856577
                                                            6.8770000069619925 46.049000008565976 6.8770000069618025
                                                            46.050000008566585 6.877000006961613 46.05100000856726
                                                            6.876000006960292 46.05200000856807 6.874000006958024
                                                            46.05200000856849 6.8730000069567 46.053000008569306
                                                            6.874000006957646 46.05400000856978 6.874000006957454
                                                            46.05500000857036 6.874000006957264 46.05600000857098
                                                            6.874000006957074 46.05700000857163 6.8740000069568845
                                                            46.05800000857221 6.875000006958018 46.058000008572044
                                                            6.875000006957828 46.05900000857264 6.8760000069589635
                                                            46.05900000857245 6.876000006958772 46.06000000857303
                                                            6.876000006958582 46.061000008573686 6.876000006958393
                                                            46.062000008574316 6.877000006959526 46.06200000857412
                                                            6.877000006959334 46.06300000857471 6.877000006959142
                                                            46.06400000857536 6.8770000069589505 46.065000008575936
                                                            6.878000006960088 46.06500000857576 6.8780000069599
                                                            46.06600000857641 6.87900000696103 46.06600000857616
                                                            6.879000006960839 46.067000008576784 6.880000006961972
                                                            46.06700000857659 6.880000006961782 46.06800000857722
                                                            6.880000006961592 46.069000008577824 6.881000006962535
                                                            46.07000000857825 6.881000006962344 46.071000008578864
                                                            6.882000006963475 46.07100000857863 6.882000006963287
                                                            46.07200000857928 6.8830000069644175 46.07200000857906
                                                            6.884000006965552 46.07200000857884 6.885000006966682
                                                            46.07200000857863 6.885000006966495 46.07300000857927
                                                            6.886000006967624 46.07300000857903 6.887000006968565
                                                            46.07400000857943 6.888000006969507 46.07500000857987
                                                            6.889000006970639 46.07500000857965 6.89000000697177
                                                            46.07500000857943 6.893000006974975 46.0760000085794
                                                            6.892000006973847 46.07600000857962 6.892000006973654
                                                            46.0770000085802 6.891000006972521 46.07700000858044
                                                            6.89100000697233 46.07800000858107 6.89100000697214
                                                            46.07900000858169 6.890000006971008 46.07900000858189
                                                            6.890000006970816 46.08000000858251 6.889000006969683
                                                            46.080000008582736 6.889000006969494 46.081000008583366
                                                            6.889000006969304 46.08200000858402 6.8900000069704355
                                                            46.08200000858376 6.891000006971564 46.082000008583556
                                                            6.891000006971374 46.0830000085842 6.892000006972318
                                                            46.084000008584596 6.892000006972124 46.08500000858519
                                                            6.892000006971931 46.08600000858583 6.892000006971742
                                                            46.087000008586465 6.891000006970607 46.08700000858665
                                                            6.891000006970416 46.08800000858727 6.890000006969285
                                                            46.088000008587514 6.890000006969095 46.089000008588116
                                                            6.8890000069677715 46.090000008589 6.8890000069675805
                                                            46.0910000085896 6.8880000069664495 46.09100000858977
                                                            6.887000006965126 46.09200000859064 6.887000006964933
                                                            46.09300000859126 6.887000006964741 46.094000008591884
                                                            6.886000006963612 46.094000008592104 6.886000006963418
                                                            46.095000008592734 6.885000006962287 46.09500000859293
                                                            6.884000006961157 46.095000008593125 6.884000006960964
                                                            46.09600000859375 6.884000006960778 46.09700000859435
                                                            6.884000006960583 46.098000008594994 6.885000006961712
                                                            46.09800000859477 6.886000006962846 46.09800000859455
                                                            6.886000006962653 46.09900000859516 6.887000006963786
                                                            46.09900000859496 6.887000006963593 46.10000000859559
                                                            6.888000006964725 46.100000008595394 6.88800000696453
                                                            46.10100000859601 6.888000006964339 46.10200000859659
                                                            6.889000006965472 46.10200000859637 6.889000006965281
                                                            46.10300000859702 6.89100000696735 46.104000008597225
                                                            6.892000006968483 46.104000008597005 6.892000006968289
                                                            46.10500000859763 6.893000006969229 46.10600000859801
                                                            6.894000006970357 46.10600000859781 6.894000006970167
                                                            46.107000008598426 6.894000006969971 46.10800000859905
                                                            6.8940000069697795 46.10900000859967 6.8950000069709105
                                                            46.109000008599466 6.89600000697185 46.110000008599854
                                                            6.896000006971656 46.11100000860046 6.895000006970527
                                                            46.111000008600705 6.894000006969202 46.112000008601505
                                                            6.895000006970335 46.112000008601335 6.8950000069701405
                                                            46.11300000860192 6.894000006969011 46.11300000860215
                                                            6.89400000696882 46.11400000860275 6.894000006968626
                                                            46.11500000860337 6.894000006968432 46.11600000860402
                                                            6.895000006969564 46.11600000860376 6.895000006969372
                                                            46.11700000860441 6.896000006970502 46.117000008604165
                                                            6.89600000697031 46.118000008604795 6.897000006971247
                                                            46.11900000860518 6.897000006971054 46.120000008605786
                                                            6.898000006971992 46.12100000860622 6.898000006971799
                                                            46.12200000860682 6.898000006971605 46.12300000860744
                                                            6.899000006972542 46.124000008607844 6.900000006973477
                                                            46.12500000860822 6.901000006974415 46.12600000860868
                                                            6.9000000069732845 46.12600000860884 6.899000006972156
                                                            46.12600000860909 6.898000006971028 46.1260000086093
                                                            6.897000006969897 46.12600000860948 6.896000006968768
                                                            46.12600000860971 6.895000006967635 46.12600000860992
                                                            6.894000006966312 46.127000008610764 6.893000006965185
                                                            46.12700000861102 6.892000006964056 46.127000008611205
                                                            6.891000006962923 46.127000008611404 6.889000006960855
                                                            46.1260000086112 6.887000006958595 46.126000008611655
                                                            6.886000006957465 46.12600000861188 6.885000006956526
                                                            46.125000008611494 6.884000006955398 46.1250000086117
                                                            6.883000006954263 46.12500000861191 6.882000006953135
                                                            46.125000008612105 6.881000006952005 46.12500000861231
                                                            6.8800000069508735 46.12500000861253 6.8800000069506835
                                                            46.126000008613175 6.879000006949548 46.126000008613346
                                                            6.879000006949359 46.12700000861398 6.878000006948226
                                                            46.1270000086142 6.877000006947096 46.12700000861441
                                                            6.876000006945773 46.128000008615246 6.875000006944641
                                                            46.128000008615444 6.87400000694351 46.12800000861568
                                                            6.87300000694238 46.128000008615906 6.87200000694144
                                                            46.12700000861549 6.871000006940307 46.12700000861568
                                                            6.8700000069391765 46.12700000861593 6.869000006938048
                                                            46.12700000861614 6.868000006936723 46.128000008617
                                                            6.8670000069357835 46.127000008616555 6.8660000069346525
                                                            46.127000008616776 6.866000006934457 46.128000008617406
                                                            6.86500000693333 46.1280000086176 6.864000006932196
                                                            46.128000008617825 6.863000006931066 46.12800000861803
                                                            6.862000006929931 46.12800000861823 6.861000006928802
                                                            46.1280000086185 6.860000006927669 46.128000008618685
                                                            6.859000006926537 46.128000008618876 6.858000006925402
                                                            46.128000008619104 6.857000006924276 46.12800000861932
                                                            6.856000006923143 46.12800000861953 6.856000006922951
                                                            46.129000008620146 6.855000006922008 46.12800000861973
                                                            6.8540000069208755 46.128000008619985 6.853000006919744
                                                            46.12800000862017 6.8520000069186136 46.12800000862039
                                                            6.852000006918422 46.12900000862098 6.851000006917291
                                                            46.129000008621176 6.850000006916154 46.12900000862139
                                                            6.849000006915024 46.12900000862166 6.8480000069138915
                                                            46.12900000862184 6.8480000069137015 46.13000000862247
                                                            6.847000006912568 46.130000008622694 6.846000006911434
                                                            46.13000000862292 6.845000006910301 46.130000008623156
                                                            6.84500000691011 46.131000008623765 6.844000006908979
                                                            46.131000008623964 6.843000006907844 46.131000008624156
                                                            6.843000006907654 46.13200000862479 6.8430000069074595
                                                            46.13300000862539 6.843000006907268 46.13400000862602
                                                            6.842000006906136 46.13400000862619 6.841000006905006
                                                            46.13400000862644 6.840000006903871 46.13400000862664
                                                            6.840000006903683 46.13500000862725 6.83900000690255
                                                            46.135000008627486 6.839000006902739 46.13400000862685
                                                            6.838000006901607 46.13400000862706 6.837000006900473
                                                            46.13400000862729 6.836000006899339 46.13400000862748
                                                            6.835000006898208 46.13400000862771 6.8340000068970745
                                                            46.13400000862794 6.83300000689594 46.13400000862812
                                                            6.832000006894805 46.134000008628355 6.831000006893673
                                                            46.134000008628576 6.830000006892541 46.13400000862881
                                                            6.8290000068914045 46.13400000862899 6.8280000068902735
                                                            46.134000008629194 6.827000006889142 46.13400000862939
                                                            6.826000006888005 46.13400000862965 6.825000006886871
                                                            46.13400000862982 6.825000006887065 46.13300000862925
                                                            6.824000006885929 46.13300000862945 6.823000006884797
                                                            46.13300000862968 6.822000006883662 46.133000008629864
                                                            6.821000006882526 46.13300000863012 6.8200000068813935
                                                            46.13300000863026 6.819000006880258 46.13300000863052
                                                            6.819000006880449 46.13200000862987 6.818000006879314
                                                            46.13200000863007 6.818000006879508 46.13100000862947
                                                            6.817000006878374 46.13100000862968 6.816000006877237
                                                            46.13100000862991 6.816000006877046 46.13200000863053
                                                            6.815000006875914 46.13200000863074 6.815000006875723
                                                            46.133000008631356 6.814000006874585 46.133000008631576
                                                            6.814000006874396 46.13400000863217 6.81300000687326
                                                            46.13400000863236 6.812000006872131 46.13400000863259
                                                            6.812000006871939 46.13500000863321 6.81200000687175
                                                            46.13600000863383 6.811000006870613 46.136000008634035
                                                            6.810000006869478 46.136000008634255 6.810000006869288
                                                            46.137000008634864 6.809000006868152 46.1370000086351
                                                            6.809000006867962 46.13800000863568 6.808000006866828
                                                            46.1380000086359 6.807000006865694 46.13800000863612
                                                            6.80600000686456 46.13800000863633 6.805000006863424
                                                            46.13800000863655 6.804000006862291 46.13800000863677
                                                            6.804000006862483 46.13700000863611 6.803000006861155
                                                            46.13800000863696 6.803000006861345 46.1370000086364
                                                            6.802000006860212 46.137000008636576 6.801000006859076
                                                            46.13700000863679 6.800000006857749 46.138000008637604
                                                            6.799000006856615 46.13800000863781 6.799000006856424
                                                            46.13900000863842 6.7980000068551 46.140000008639255
                                                            6.797000006853773 46.14100000864006 6.797000006853582
                                                            46.142000008640714 6.797000006853396 46.143000008641316
                                                            6.797000006853204 46.14400000864192 6.797000006853015
                                                            46.14500000864255 6.7960000068518776 46.14500000864276
                                                            6.7960000068516875 46.146000008643355 6.7960000068514965
                                                            46.14700000864398 6.795000006850173 46.148000008644864
                                                            6.796000006851119 46.14900000864522 6.795000006849984
                                                            46.14900000864541 6.7950000068497936 46.150000008646046
                                                            6.794000006848465 46.151000008646875 6.794000006848276
                                                            46.152000008647455 6.793000006847141 46.15200000864771
                                                            6.793000006846951 46.153000008648334 6.7930000068467615
                                                            46.15400000864892 6.792000006845626 46.15400000864915
                                                            6.792000006845435 46.155000008649765 6.7910000068443015
                                                            46.15500000864999 6.7910000068441105 46.156000008650594
                                                            6.791000006843921 46.15700000865117 6.792000006844864
                                                            46.158000008651555 6.792000006844673 46.1590000086522
                                                            6.793000006845806 46.15900000865197 6.793000006845619
                                                            46.16000000865259 6.792000006844482 46.16000000865281
                                                            6.793000006845426 46.161000008653225 6.793000006845235
                                                            46.16200000865388 6.793000006845045 46.16300000865443
                                                            6.7930000068448555 46.16400000865502 6.793000006844665
                                                            46.165000008655674 6.793000006844473 46.16600000865628
                                                            6.794000006845607 46.16600000865605 6.795000006846742
                                                            46.16600000865583 6.795000006846552 46.16700000865647
                                                            6.795000006846358 46.16800000865711 6.796000006847493
                                                            46.16800000865686 6.797000006848627 46.16800000865664
                                                            6.797000006848435 46.169000008657235 6.7980000068495725
                                                            46.16900000865706 6.798000006849381 46.17000000865768
                                                            6.799000006850515 46.170000008657446 6.800000006851648
                                                            46.170000008657226 6.80100000685278 46.170000008657034
                                                            6.801000006852589 46.17100000865768 6.802000006853723
                                                            46.171000008657415 6.802000006853532 46.17200000865804
                                                            6.803000006854664 46.17200000865785 6.803000006854475
                                                            46.173000008658484 6.804000006855611 46.17300000865825
                                                            6.80400000685542 46.17400000865884 6.805000006856552
                                                            46.174000008658616 6.806000006857685 46.174000008658446
                                                            6.806000006857495 46.17500000865904 6.8060000068573
                                                            46.17600000865966 6.807000006858432 46.176000008659464
                                                            6.807000006858242 46.17700000866003 6.8070000068580505
                                                            46.17800000866064 6.808000006859183 46.178000008660426
                                                            6.808000006858995 46.17900000866105 6.8080000068588
                                                            46.18000000866167 6.808000006858608 46.18100000866227
                                                            6.809000006859744 46.18100000866205 6.810000006860874
                                                            46.18100000866182 6.8100000068606805 46.18200000866249
                                                            6.811000006861814 46.182000008662264 6.81200000686295
                                                            46.18200000866201 6.812000006862758 46.18300000866263
                                                            6.8130000068638905 46.183000008662404 6.81000000685895
                                                            46.19100000866792 6.810000006858377 46.194000008669754
                                                            6.808000006855534 46.19700000867202 6.80800000685534
                                                            46.19800000867263 6.807000006853825 46.20000000867404
                                                            6.804000006849463 46.20500000867771 6.804000006849271
                                                            46.20600000867832 6.805000006850401 46.206000008678124
                                                            6.80500000685021 46.20700000867872 6.805000006850017
                                                            46.2080000086793 6.80600000685115 46.208000008679115
                                                            6.807000006852088 46.20900000867952 6.808000006853027
                                                            46.210000008679906 6.808000006852835 46.211000008680486
                                                            6.809000006853966 46.21100000868035 6.809000006853773
                                                            46.21200000868091 6.80900000685358 46.21300000868147
                                                            6.810000006854713 46.21300000868128 6.810000006854519
                                                            46.214000008681886 6.811000006855651 46.214000008681715
                                                            6.81100000685546 46.21500000868228 6.811000006855265
                                                            46.2160000086829 6.812000006856397 46.216000008682705
                                                            6.813000006857332 46.21700000868307 6.814000006858465
                                                            46.21700000868288 6.814000006858272 46.2180000086835
                                                            6.815000006859404 46.218000008683255 6.815000006859212
                                                            46.219000008683864 6.8160000068603415 46.21900000868368
                                                            6.816000006860149 46.220000008684245 6.816000006859954
                                                            46.22100000868486 6.817000006861086 46.221000008684605
                                                            6.817000006860893 46.22200000868526 6.818000006862022
                                                            46.222000008685015 6.818000006861831 46.223000008685645
                                                            6.819000006862961 46.2230000086854 6.820000006864092
                                                            46.22300000868522 6.821000006865225 46.22300000868499
                                                            6.82100000686503 46.2240000086856 6.822000006866161
                                                            46.22400000868537 6.822000006865966 46.225000008685974
                                                            6.823000006867098 46.22500000868577 6.822000006865773
                                                            46.226000008686576 6.823000006866905 46.22600000868634
                                                            6.823000006866709 46.22700000868699 6.823000006866515
                                                            46.22800000868759 6.82300000686632 46.2290000086882
                                                            6.8230000068661285 46.23000000868878 6.822000006864996
                                                            46.23000000868902 6.822000006864801 46.23100000868964
                                                            6.822000006864606 46.23200000869024 6.821000006863475
                                                            46.23200000869043 6.822000006864414 46.23300000869084
                                                            6.822000006864219 46.234000008691424 6.823000006865349
                                                            46.234000008691226 6.823000006865155 46.23500000869176
                                                            6.824000006866284 46.2350000086916 6.825000006867417
                                                            46.23500000869133 6.8260000068685445 46.23500000869117
                                                            6.826000006868351 46.236000008691775 6.827000006869482
                                                            46.23600000869155 6.82800000687061 46.236000008691335
                                                            6.829000006871739 46.23600000869113 6.830000006872873
                                                            46.23600000869092 6.831000006874003 46.23600000869071
                                                            6.832000006875133 46.236000008690475 6.832000006874937
                                                            46.23700000869108 6.833000006876066 46.23700000869088
                                                            6.833000006875874 46.23800000869149 6.834000006877
                                                            46.23800000869124 6.834000006876806 46.239000008691846
                                                            6.835000006877937 46.23900000869166 6.835000006877744
                                                            46.24000000869228 6.836000006878675 46.24100000869264
                                                            6.836000006878481 46.24200000869322 6.83700000687961
                                                            46.242000008693076 6.838000006880741 46.242000008692834
                                                            6.838000006880543 46.24300000869341 6.83800000688035
                                                            46.244000008694066 6.8390000068812835 46.24500000869444
                                                            6.839000006881087 46.246000008695 6.839000006880894
                                                            46.24700000869562 6.840000006881824 46.24800000869599
                                                            6.840000006881627 46.2490000086966 6.841000006882562
                                                            46.25000000869699 6.842000006883692 46.25000000869675
                                                            6.844000006885949 46.25000000869634 6.847000006888944
                                                            46.2520000086969 6.851000006893262 46.25300000869665
                                                            6.8530000068953205 46.25400000869683 6.855000006897185
                                                            46.2560000086976 6.856000006898117 46.257000008698
                                                            6.856000006897721 46.259000008699154 6.855000006896204
                                                            46.26100000870057 6.856000006897133 46.26200000870096
                                                            6.857000006898065 46.26300000870136 6.858000006898995
                                                            46.26400000870176 6.859000006899923 46.265000008702074
                                                            6.86000000690066 46.26700000870308 6.861000006901591
                                                            46.26800000870349 6.861000006901197 46.2700000087047
                                                            6.860000006899281 46.274000008707276 6.860000006898886
                                                            46.27600000870852 6.861000006899816 46.27700000870886
                                                            6.862000006900743 46.27800000870926 6.863000006901674
                                                            46.27900000870967 6.863000006901476 46.2800000087102
                                                            6.864000006902605 46.280000008710005 6.864000006902405
                                                            46.281000008710606 6.865000006903531 46.28100000871038
                                                            6.865000006903336 46.28200000871101 6.866000006904459
                                                            46.28200000871078 6.8660000069042635 46.28300000871134
                                                            6.866000006904068 46.284000008711985 6.865000006902744
                                                            46.285000008712785 6.864000006901418 46.28600000871357
                                                            6.864000006901224 46.28700000871419 6.8630000068999
                                                            46.288000008714974 6.861000006897643 46.28800000871543
                                                            6.860000006896122 46.29000000871683 6.860000006895925
                                                            46.29100000871741 6.860000006895728 46.29200000871801
                                                            6.859000006894404 46.29300000871882 6.858000006893278
                                                            46.29300000871904 6.857000006891953 46.29400000871984
                                                            6.856000006890829 46.29400000872007 6.855000006889702
                                                            46.29400000872028 6.854000006888574 46.29400000872051
                                                            6.853000006887449 46.29400000872072 6.85200000688652
                                                            46.29300000872034 6.8520000068867155 46.292000008719754
                                                            6.851000006885589 46.292000008719945 6.850000006884461
                                                            46.29200000872018 6.849000006883336 46.2920000087204
                                                            6.8480000068822084 46.29200000872063 6.847000006881084
                                                            46.29200000872081 6.847000006880886 46.29300000872147
                                                            6.846000006879758 46.293000008721656 6.846000006879562
                                                            46.294000008722215 6.845000006878433 46.29400000872244
                                                            6.845000006878236 46.295000008723015 6.845000006878038
                                                            46.296000008723624 6.844000006876914 46.296000008723844
                                                            6.843000006875785 46.29600000872408 6.8420000068744615
                                                            46.297000008724844 6.841000006873332 46.29700000872508
                                                            6.840000006872205 46.297000008725284 6.84000000687201
                                                            46.2980000087259 6.839000006870882 46.298000008726106
                                                            6.83800000686956 46.29900000872693 6.837000006868428
                                                            46.29900000872713 6.837000006868234 46.30000000872774
                                                            6.836000006867105 46.300000008727956 6.836000006866908
                                                            46.30100000872854 6.836000006866711 46.30200000872913
                                                            6.835000006865585 46.302000008729344 6.834000006864456
                                                            46.302000008729586 6.83300000686333 46.30200000872978
                                                            6.832000006862203 46.30200000873002 6.831000006861073
                                                            46.302000008730225 6.830000006859751 46.30300000873099
                                                            6.829000006858623 46.30300000873124 6.829000006858425
                                                            46.304000008731826 6.829000006858227 46.30500000873242
                                                            6.8300000068591595 46.306000008732795 6.830000006858963
                                                            46.3070000087334 6.83100000686009 46.30700000873319
                                                            6.831000006859891 46.30800000873375 6.830000006858765
                                                            46.30800000873399 6.830000006858569 46.309000008734586
                                                            6.829000006857441 46.309000008734785 6.829000006857242
                                                            46.31000000873537 6.828000006856112 46.31000000873561
                                                            6.828000006855916 46.311000008736194 6.827000006854594
                                                            46.31200000873701 6.827000006854394 46.31300000873759
                                                            6.826000006853071 46.31400000873839 6.825000006851944
                                                            46.31400000873861 6.824000006850818 46.314000008738844
                                                            6.823000006849688 46.314000008739015 6.823000006849494
                                                            46.3150000087396 6.822000006848362 46.31500000873984
                                                            6.822000006848165 46.316000008740446 6.821000006847038
                                                            46.31600000874068 6.821000006846842 46.31700000874123
                                                            6.820000006845715 46.31700000874144 6.820000006845517
                                                            46.31800000874205 6.819000006844389 46.31800000874228
                                                            6.818000006843261 46.31800000874247 6.817000006842134
                                                            46.318000008742736 6.816000006841006 46.31800000874292
                                                            6.815000006839681 46.31900000874372 6.814000006838357
                                                            46.3200000087445 6.813000006837229 46.320000008744756
                                                            6.812000006835904 46.321000008745536 6.811000006834776
                                                            46.321000008745756 6.808000006830996 46.32300000874757
                                                            6.808000006831193 46.322000008746976 6.807000006830065
                                                            46.322000008747246 6.806000006828937 46.32200000874741
                                                            6.805000006827807 46.32200000874764 6.80400000682668
                                                            46.32200000874786 6.803000006825551 46.32200000874808
                                                            6.80200000682462 46.32100000874765 6.802000006824422
                                                            46.322000008748276 6.801000006823296 46.322000008748496
                                                            6.8010000068231 46.323000008749105 6.80000000682197
                                                            46.32300000874932 6.800000006821773 46.32400000874988
                                                            6.799000006820449 46.325000008750706 6.7980000068185324
                                                            46.32900000875328 6.799000006819465 46.330000008753615
                                                            6.800000006820397 46.331000008754025 6.799000006819267
                                                            46.33100000875426 6.799000006819068 46.33200000875482
                                                            6.798000006817941 46.33200000875506 6.798000006817746
                                                            46.33300000875563 6.797000006816616 46.33300000875585
                                                            6.79700000681622 46.335000008757035 6.796000006815092
                                                            46.33500000875725 6.795000006813968 46.33500000875745
                                                            6.794000006812836 46.33500000875766 6.795000006814162
                                                            46.334000008756874 6.794000006813034 46.334000008757066
                                                            6.793000006811905 46.33400000875729 6.792000006810777
                                                            46.334000008757535 6.79100000680965 46.3340000087577
                                                            6.790000006808518 46.33400000875797 6.789000006807389
                                                            46.33400000875817 6.788000006806259 46.33400000875833
                                                            6.787000006805134 46.33400000875858 6.786000006804001
                                                            46.33400000875881 6.785000006802873 46.33400000875899
                                                            6.785000006802678 46.33500000875958 6.785000006802481
                                                            46.33600000876018 6.786000006803609 46.33600000875995
                                                            6.786000006803414 46.33700000876056 6.785000006802089
                                                            46.3380000087614 6.785000006801892 46.33900000876195
                                                            6.784000006800761 46.33900000876217 6.784000006800564
                                                            46.34000000876277 6.78300000679924 46.3410000087636
                                                            6.7830000067990435 46.34200000876416 6.782000006797913
                                                            46.34200000876437 6.782000006797718 46.34300000876499
                                                            6.781000006796587 46.34300000876517 6.78100000679639
                                                            46.34400000876575 6.7810000067961935 46.345000008766334
                                                            6.780000006795067 46.34500000876658 6.780000006794872
                                                            46.346000008767106 6.778000006792217 46.34800000876875
                                                            6.776000006789763 46.349000008769785 6.775000006788634
                                                            46.34900000876997 6.775000006788437 46.350000008770564
                                                            6.775000006788242 46.35100000877116 6.7740000067871105
                                                            46.351000008771386 6.773000006785783 46.35200000877216
                                                            6.773000006785587 46.35300000877277 6.773000006785392
                                                            46.35400000877334 6.772000006784264 46.35400000877356
                                                            6.772000006784065 46.355000008774155 6.772000006783871
                                                            46.35600000877477 6.7720000067836725 46.357000008775316
                                                            6.7710000067825415 46.35700000877554 6.772000006783081
                                                            46.36000000877707 6.7720000067824895 46.36300000877883
                                                            6.773000006783617 46.36300000877864 6.774000006784549
                                                            46.36400000877899 6.775000006785678 46.364000008778774
                                                            6.776000006786609 46.36500000877918 6.77600000678641
                                                            46.366000008779764 6.777000006787542 46.36600000877956
                                                            6.778000006788472 46.36700000877991 6.779000006789603
                                                            46.367000008779705 6.780000006790731 46.36700000877948
                                                            6.780000006790532 46.36800000878006 6.7810000067916585
                                                            46.36800000877984 6.782000006792787 46.36800000877964
                                                            6.783000006793719 46.36900000878003 6.784000006794845
                                                            46.36900000877979 6.785000006795975 46.36900000877958
                                                            6.78500000679617 46.368000008779 6.786000006797298
                                                            46.3680000087788 6.787000006798427 46.368000008778566
                                                            6.788000006799556 46.368000008778374 6.788000006799358
                                                            46.369000008778954 6.789000006800482 46.36900000877873
                                                            6.790000006801611 46.369000008778535 6.791000006802741
                                                            46.369000008778336 6.792000006803863 46.36900000877807
                                                            6.793000006804994 46.36900000877789 6.79400000680612
                                                            46.36900000877766 6.794000006805922 46.37000000877825
                                                            6.795000006806854 46.37100000877864 6.79600000680798
                                                            46.37100000877841 6.796000006807782 46.37200000877903
                                                            6.797000006808907 46.37200000877876 6.797000006808711
                                                            46.37300000877936 6.798000006809837 46.37300000877916
                                                            6.79800000680964 46.37400000877977 6.799000006810765
                                                            46.374000008779525 6.799000006810564 46.37500000878014
                                                            6.799000006810368 46.376000008780686 6.800000006811495
                                                            46.37600000878046 6.800000006811297 46.37700000878106
                                                            6.801000006812423 46.377000008780854 6.802000006813549
                                                            46.37700000878067 6.802000006813352 46.37800000878119
                                                            6.803000006814477 46.378000008780994 6.804000006815604
                                                            46.37800000878081 6.80500000681673 46.37800000878058
                                                            6.80500000681653 46.37900000878116 6.806000006817458
                                                            46.38000000878154 6.807000006818385 46.38100000878189
                                                            6.807000006818189 46.38200000878246 6.807000006817988
                                                            46.383000008783036 6.80700000681779 46.38400000878365
                                                            6.80700000681759 46.38500000878424 6.806000006816465
                                                            46.385000008784445 6.806000006816265 46.38600000878507
                                                            6.8050000068153365 46.38500000878466 6.805000006815138
                                                            46.386000008785274 6.804000006814014 46.386000008785444
                                                            6.804000006813814 46.38700000878606 6.8030000068126855
                                                            46.38700000878627 6.803000006812489 46.38800000878689
                                                            6.80300000681229 46.389000008787384 6.803000006812089
                                                            46.39000000878801 6.8030000068118905 46.39100000878859
                                                            6.803000006811691 46.39200000878917 6.804000006812818
                                                            46.392000008788976 6.804000006812618 46.39300000878955
                                                            6.8040000068124185 46.394000008790144 6.80400000681222
                                                            46.39500000879076 6.805000006813346 46.39500000879051
                                                            6.80600000681447 46.395000008790284 6.80600000681427
                                                            46.396000008790864 6.822000006825651 46.42900000880654
                                                            6.78900000678734 46.43500000881713 6.68300000666361
                                                            46.45600000885177 6.561000006524879 46.45800000887832
                                                            6.520000006478202 46.45800000888676 6.42600000637833
                                                            46.418000008882615 6.336000006277155 46.40600000889354
                                                            6.334000006275034 46.40500000889332 6.254000006190448
                                                            46.36200000888365 6.242000006179404 46.34600000887647
                                                            6.233000006171452 46.33200000886988 6.220000006159543
                                                            46.31400000886168 6.242000006186482 46.30600000885262
                                                            6.24300000618764 46.30600000885244 6.244000006188979
                                                            46.30500000885167 6.2450000061901365 46.305000008851444
                                                            6.245000006189961 46.306000008852045 6.246000006191122
                                                            46.30600000885188 6.246000006191298 46.305000008851266
                                                            6.247000006192456 46.30500000885108 6.247000006192634
                                                            46.304000008850494 6.248000006193793 46.30400000885027
                                                            6.248000006193618 46.30500000885089 6.249000006194952
                                                            46.30400000885008 6.250000006196113 46.30400000884991
                                                            6.250000006196288 46.30300000884931 6.2490000061951285
                                                            46.30300000884951 6.248000006193972 46.30300000884969
                                                            6.248000006194148 46.30200000884908 6.249000006195306
                                                            46.30200000884891 6.249000006195483 46.30100000884828
                                                            6.250000006196641 46.301000008848085 6.250000006196817
                                                            46.300000008847476 6.249000006195657 46.30000000884766
                                                            6.250000006196994 46.2990000088469 6.249000006195834
                                                            46.299000008847074 6.2490000061960105 46.29800000884648
                                                            6.250000006197171 46.298000008846316 6.2500000061973475
                                                            46.29700000884567 6.249000006196186 46.29700000884588
                                                            6.249000006196362 46.29600000884526 6.250000006197523
                                                            46.29600000884509 6.250000006197701 46.29500000884451
                                                            6.251000006198861 46.295000008844305 6.25200000620002
                                                            46.29500000884414 6.252000006200195 46.2940000088435
                                                            6.253000006201356 46.294000008843334 6.253000006201532
                                                            46.29300000884269 6.254000006202692 46.293000008842526
                                                            6.254000006202868 46.29200000884193 6.253000006201709
                                                            46.292000008842116 6.253000006201883 46.29100000884151
                                                            6.2520000062009 46.29000000884111 6.2510000061997415
                                                            46.29000000884126 6.250000006198582 46.29000000884148
                                                            6.250000006198757 46.28900000884089 6.250000006198933
                                                            46.288000008840285 6.249000006197773 46.28800000884048
                                                            6.248000006196616 46.288000008840676 6.248000006196791
                                                            46.28700000884005 6.247000006195631 46.28700000884027
                                                            6.246000006194468 46.28700000884043 6.245000006193307
                                                            46.28700000884062 6.244000006192147 46.287000008840884
                                                            6.243000006190988 46.28700000884106 6.242000006189825
                                                            46.28700000884121 6.24200000619 46.286000008840624
                                                            6.242000006190178 46.28500000884003 6.241000006189017
                                                            46.28500000884021 6.241000006189193 46.2840000088396
                                                            6.240000006188031 46.2840000088398 6.2390000061868705
                                                            46.284000008839996 6.239000006187045 46.28300000883941
                                                            6.239000006187223 46.28200000883879 6.2400000061883825
                                                            46.28200000883862 6.240000006188558 46.281000008838
                                                            6.239000006187396 46.28100000883817 6.239000006187571
                                                            46.28000000883756 6.23800000618641 46.28000000883779
                                                            6.238000006186589 46.27900000883721 6.239000006187747
                                                            46.27900000883699 6.239000006187925 46.27800000883638
                                                            6.239000006188098 46.27700000883579 6.24000000618926
                                                            46.27700000883561 6.240000006189435 46.27600000883497
                                                            6.241000006190594 46.2760000088348 6.242000006191756
                                                            46.27600000883459 6.2430000061930935 46.27500000883377
                                                            6.244000006194254 46.27500000883361 6.24600000619728
                                                            46.27100000883081 6.250000006203149 46.26400000882583
                                                            6.25100000620431 46.26400000882561 6.260000006215809
                                                            46.25800000882025 6.262000006218484 46.256000008818646
                                                            6.262000006218656 46.255000008818065 6.26100000621767
                                                            46.25400000881764 6.261000006217846 46.25300000881702
                                                            6.262000006219007 46.25300000881682 6.26300000622017
                                                            46.253000008816635 6.2640000062213295 46.25300000881643
                                                            6.2650000062226665 46.25200000881565 6.266000006224
                                                            46.25100000881487 6.267000006225161 46.25100000881462
                                                            6.267000006225338 46.25000000881407 6.268000006226499
                                                            46.25000000881389 6.2690000062276585 46.25000000881367
                                                            6.27100000622998 46.25000000881328 6.271000006229803
                                                            46.25100000881391 6.2720000062309635 46.25100000881369
                                                            6.273000006232124 46.251000008813484 6.274000006233283
                                                            46.25100000881331 6.274000006233109 46.25200000881391
                                                            6.275000006234269 46.25200000881371 6.27600000623543
                                                            46.2520000088135 6.276000006235253 46.253000008814155
                                                            6.277000006236414 46.25300000881396 6.279000006238734
                                                            46.25300000881355 6.280000006239893 46.25300000881338
                                                            6.279000006238558 46.25400000881417 6.282000006241862
                                                            46.25500000881418 6.283000006242844 46.25600000881459
                                                            6.284000006244003 46.25600000881438 6.285000006245164
                                                            46.25600000881421 6.286000006246147 46.2570000088146
                                                            6.284000006243651 46.258000008815635 6.287000006246953
                                                            46.25900000881564 6.288000006247935 46.26000000881604
                                                            6.289000006248919 46.26100000881645 6.290000006250078
                                                            46.26100000881626 6.291000006251061 46.26200000881665
                                                            6.292000006251865 46.26400000881768 6.292000006251687
                                                            46.265000008818255 6.293000006252847 46.26500000881806
                                                            6.294000006254006 46.26500000881789 6.294000006253828
                                                            46.2660000088185 6.2950000062549885 46.26600000881828
                                                            6.296000006256147 46.26600000881811 6.2970000062573055
                                                            46.26600000881791 6.297000006257481 46.265000008817324
                                                            6.29700000625766 46.26400000881671 6.297000006257835
                                                            46.2630000088161 6.296000006256677 46.26300000881627
                                                            6.296000006256854 46.2620000088157 6.295000006255697
                                                            46.26200000881588 6.29500000625587 46.26100000881526
                                                            6.295000006256049 46.26000000881468 6.295000006256227
                                                            46.25900000881406 6.296000006257383 46.25900000881387
                                                            6.296000006257562 46.25800000881326 6.2970000062587195
                                                            46.25800000881308 6.297000006258897 46.25700000881246
                                                            6.298000006260056 46.25700000881227 6.299000006261214
                                                            46.25700000881209 6.3000000062623736 46.25700000881189
                                                            6.30100000626353 46.25700000881169 6.302000006264689
                                                            46.257000008811495 6.303000006265847 46.257000008811296
                                                            6.304000006267005 46.25700000881114 6.3050000062681635
                                                            46.25700000881093 6.305000006267988 46.25800000881156
                                                            6.306000006269146 46.25800000881133 6.3070000062703055
                                                            46.25800000881112 6.308000006271463 46.25800000881094
                                                            6.309000006272621 46.258000008810775 6.3100000062737776
                                                            46.258000008810555 6.309000006272799 46.25700000881014
                                                            6.309000006272976 46.25600000880954 6.309000006273152
                                                            46.25500000880895 6.308000006271994 46.255000008809155
                                                            6.307000006271014 46.254000008808696 6.30600000627003
                                                            46.25300000880829 6.307000006271189 46.25300000880811
                                                            6.308000006272349 46.25300000880791 6.309000006273507
                                                            46.25300000880773 6.309000006273684 46.25200000880714
                                                            6.310000006274841 46.252000008806895 6.3100000062750174
                                                            46.25100000880629 6.310000006275197 46.250000008805706
                                                            6.309000006274215 46.24900000880531 6.310000006275371
                                                            46.249000008805105 6.310000006275547 46.24800000880448
                                                            6.311000006276885 46.247000008803695 6.3110000062770615
                                                            46.246000008803115 6.311000006277237 46.24500000880248
                                                            6.310000006276078 46.245000008802656 6.310000006276256
                                                            46.24400000880209 6.309000006275276 46.24300000880165
                                                            6.308000006274292 46.242000008801234 6.308000006274467
                                                            46.24100000880069 6.30700000627331 46.24100000880083
                                                            6.3060000062723285 46.24000000880039 6.306000006272504
                                                            46.23900000879979 6.304000006270361 46.238000008799595
                                                            6.304000006270538 46.23700000879899 6.303000006269555
                                                            46.23600000879858 6.30100000626759 46.23400000879775
                                                            6.2990000062658 46.23100000879631 6.29700000626383
                                                            46.22900000879548 6.2960000062628465 46.22800000879506
                                                            6.295000006261861 46.22700000879464 6.2940000062608785
                                                            46.226000008794216 6.29300000625972 46.22600000879441
                                                            6.292000006258559 46.226000008794614 6.291000006257575
                                                            46.22500000879422 6.290000006256411 46.22500000879442
                                                            6.289000006255428 46.224000008793986 6.287000006253283
                                                            46.223000008793754 6.285000006251136 46.22200000879352
                                                            6.284000006250149 46.22100000879311 6.283000006249166
                                                            46.220000008792724 6.282000006248004 46.22000000879287
                                                            6.281000006246842 46.2200000087931 6.281000006247019
                                                            46.2190000087925 6.280000006245859 46.21900000879271
                                                            6.279000006244871 46.21800000879226 6.27800000624371
                                                            46.21800000879249 6.278000006243884 46.217000008791835
                                                            6.276000006241561 46.217000008792226 6.275000006240402
                                                            46.21700000879247 6.274000006239239 46.21700000879261
                                                            6.273000006238253 46.21600000879219 6.272000006237092
                                                            46.216000008792406 6.271000006235932 46.21600000879258
                                                            6.270000006234768 46.21600000879283 6.270000006234942
                                                            46.21500000879217 6.269000006233781 46.21500000879239
                                                            6.2680000062324455 46.21600000879319 6.2670000062312825
                                                            46.21600000879336 6.267000006231457 46.215000008792764
                                                            6.266000006230297 46.21500000879293 6.2650000062291324
                                                            46.21500000879313 6.2650000062293065 46.2140000087925
                                                            6.264000006228147 46.21400000879274 6.263000006226983
                                                            46.214000008792915 6.262000006225822 46.214000008793114
                                                            6.261000006224834 46.21300000879268 6.26000000622367
                                                            46.21300000879287 6.259000006222684 46.212000008792444
                                                            6.25800000622152 46.212000008792664 6.257000006220356
                                                            46.21200000879286 6.256000006219196 46.21200000879302
                                                            6.256000006219369 46.21100000879243 6.255000006218207
                                                            46.21100000879265 6.254000006217218 46.21000000879223
                                                            6.253000006216054 46.210000008792406 6.2530000062162285
                                                            46.20900000879177 6.252000006215065 46.20900000879199
                                                            6.251000006214076 46.20800000879154 6.250000006212912
                                                            46.208000008791736 6.250000006213086 46.20700000879114
                                                            6.249000006211922 46.207000008791326 6.248000006210762
                                                            46.2070000087915 6.247000006209423 46.208000008792304
                                                            6.246000006208263 46.20800000879252 6.246000006208436
                                                            46.20700000879191 6.245000006207272 46.20700000879211
                                                            6.244000006206108 46.20700000879227 6.2440000062062815
                                                            46.20600000879168 6.243000006205119 46.2060000087919
                                                            6.243000006204944 46.20700000879245 6.2420000062037815
                                                            46.20700000879269 6.241000006202618 46.20700000879285
                                                            6.240000006201456 46.20700000879303 6.239000006200291
                                                            46.207000008793244 6.239000006200117 46.20800000879385
                                                            6.238000006198955 46.208000008794045 6.23700000619779
                                                            46.20800000879424 6.236000006196626 46.20800000879446
                                                            6.235000006195463 46.208000008794606 6.234000006194301
                                                            46.20800000879481 6.233000006193135 46.208000008795025
                                                            6.233000006193308 46.2070000087944 6.232000006192145
                                                            46.20700000879457 6.232000006192318 46.20600000879397
                                                            6.231000006191152 46.20600000879417 6.231000006191325
                                                            46.205000008793526 6.2300000061901635 46.205000008793725
                                                            6.229000006188999 46.20500000879394 6.22900000618917
                                                            46.2040000087933 6.228000006188006 46.20400000879351
                                                            6.227000006186842 46.20400000879369 6.226000006185677
                                                            46.20400000879393 6.225000006184686 46.20300000879348
                                                            6.224000006183521 46.203000008793694 6.223000006182357
                                                            46.203000008793886 6.223000006182527 46.20200000879328
                                                            6.223000006182701 46.20100000879263 6.2220000061815375
                                                            46.20100000879284 6.221000006180372 46.201000008793
                                                            6.221000006180545 46.200000008792415 6.220000006179379
                                                            46.20000000879259 6.219000006178042 46.2010000087934
                                                            6.219000006178216 46.20000000879277 6.218000006177051
                                                            46.200000008792976 6.2180000061772205 46.19900000879235
                                                            6.217000006176056 46.199000008792545 6.217000006176229
                                                            46.198000008791944 6.2170000061764 46.19700000879133
                                                            6.216000006175238 46.1970000087915 6.216000006175409
                                                            46.196000008790904 6.215000006174243 46.19600000879113
                                                            6.214000006173078 46.196000008791295 6.213000006171909
                                                            46.196000008791465 6.213000006172083 46.19500000879087
                                                            6.213000006172256 46.19400000879028 6.212000006171089
                                                            46.194000008790425 6.211000006169754 46.195000008791254
                                                            6.210000006168588 46.19500000879141 6.209000006167421
                                                            46.195000008791624 6.209000006167593 46.194000008790994
                                                            6.208000006166428 46.1940000087912 6.20700000616526
                                                            46.19400000879141 6.2070000061654325 46.19300000879079
                                                            6.206000006164269 46.193000008790975 6.205000006163103
                                                            46.19300000879115 6.205000006163273 46.19200000879053
                                                            6.205000006163444 46.191000008789935 6.20400000616228
                                                            46.19100000879012 6.203000006161112 46.19100000879033
                                                            6.203000006161286 46.1900000087897 6.2030000061614565
                                                            46.18900000878907 6.20200000616029 46.18900000878931
                                                            6.20200000616046 46.18800000878866 6.201000006159292
                                                            46.188000008788855 6.2000000061581275 46.188000008789054
                                                            6.2000000061583 46.18700000878841 6.2000000061584695
                                                            46.18600000878782 6.199000006157306 46.186000008788
                                                            6.199000006157475 46.18500000878737 6.198000006156309
                                                            46.18500000878757 6.198000006156137 46.1860000087882
                                                            6.19700000615497 46.186000008788376 6.196000006153805
                                                            46.18600000878859 6.196000006153975 46.185000008787945
                                                            6.19500000615281 46.18500000878814 6.194000006151641
                                                            46.18500000878836 6.1940000061518115 46.18400000878773
                                                            6.193000006150646 46.18400000878792 6.192000006149478
                                                            46.184000008788075 6.1920000061496525 46.18300000878749
                                                            6.191000006148483 46.18300000878767 6.190000006147315
                                                            46.18300000878789 6.190000006147489 46.18200000878725
                                                            6.189000006146319 46.18200000878747 6.1890000061461485
                                                            46.18300000878804 6.188000006145151 46.18200000878761
                                                            6.188000006145324 46.18100000878699 6.188000006145493
                                                            46.1800000087864 6.187000006144327 46.18000000878658
                                                            6.187000006144498 46.17900000878595 6.187000006144667
                                                            46.178000008785354 6.187000006144837 46.17700000878473
                                                            6.188000006146173 46.17600000878391 6.189000006148024
                                                            46.17200000878124 6.190000006149872 46.16800000877859
                                                            6.189000006148704 46.16800000877881 6.186000006145542
                                                            46.16600000877811 6.184000006143375 46.165000008777874
                                                            6.180000006139041 46.1630000087774 6.179000006138046
                                                            46.16200000877699 6.178000006137045 46.161000008776554
                                                            6.1760000061348785 46.160000008776315 6.175000006133711
                                                            46.160000008776514 6.173000006131542 46.15900000877624
                                                            6.171000006129207 46.159000008776644 6.169000006126867
                                                            46.15900000877701 6.168000006125867 46.15800000877663
                                                            6.165000006122527 46.157000008776556 6.1620000061191895
                                                            46.15600000877648 6.160000006116851 46.15600000877685
                                                            6.15900000611585 46.15500000877643 6.15800000611468
                                                            46.15500000877663 6.15800000611485 46.15400000877602
                                                            6.157000006113679 46.15400000877621 6.155000006111341
                                                            46.15400000877657 6.152000006107999 46.1530000087765
                                                            6.150000006105828 46.15200000877626 6.149000006104656
                                                            46.15200000877644 6.147000006102821 46.149000008774955
                                                            6.148000006103992 46.14900000877479 6.146000006101987
                                                            46.147000008773944 6.145000006100815 46.14700000877411
                                                            6.143000006098306 46.1480000087751 6.142000006097135
                                                            46.14800000877529 6.142000006097305 46.14700000877469
                                                            6.141000006096133 46.14700000877483 6.1410000060963
                                                            46.146000008774195 6.14000000609513 46.146000008774436
                                                            6.139000006093958 46.146000008774585 6.139000006094127
                                                            46.14500000877399 6.138000006092958 46.145000008774204
                                                            6.137000006091785 46.145000008774375 6.137000006091953
                                                            46.144000008773745 6.137000006092118 46.14300000877312
                                                            6.134000006088607 46.143000008773704 6.133000006087437
                                                            46.14300000877385 6.132000006086433 46.14200000877345
                                                            6.131000006085261 46.14200000877364 6.129000006082918
                                                            46.14200000877403 6.127000006080576 46.1420000087744
                                                            6.127000006080409 46.14300000877502 6.126000006079238
                                                            46.14300000877518 6.125000006078065 46.14300000877535
                                                            6.1250000060778955 46.14400000877599 6.124000006076725
                                                            46.14400000877621 6.123000006075553 46.14400000877638
                                                            6.122000006074381 46.14400000877655 6.12100000607321
                                                            46.14400000877675 6.121000006073044 46.14500000877737
                                                            6.120000006072039 46.144000008776935 6.119000006070699
                                                            46.14500000877775 6.118000006069527 46.14500000877794
                                                            6.117000006068356 46.14500000877812 6.116000006067185
                                                            46.1450000087783 6.115000006066013 46.14500000877848
                                                            6.114000006064841 46.145000008778666 6.113000006063667
                                                            46.145000008778865 6.112000006062495 46.14500000877907
                                                            6.111000006061321 46.145000008779206 6.110000006060149
                                                            46.145000008779405 6.109000006058978 46.145000008779576
                                                            6.1080000060578055 46.145000008779775 6.107000006056632
                                                            46.145000008779974 6.107000006056466 46.1460000087806
                                                            6.106000006055293 46.14600000878077 6.105000006054121
                                                            46.14600000878095 6.104000006052948 46.146000008781165
                                                            6.103000006051774 46.146000008781364 6.102000006050603
                                                            46.14600000878155 6.101000006049431 46.14600000878174
                                                            6.1000000060482575 46.1460000087819 6.099000006047083
                                                            46.14600000878207 6.097000006044071 46.15000000878493
                                                            6.096000006042734 46.15100000878575 6.094000006040221
                                                            46.152000008786736 6.094000006040058 46.15300000878739
                                                            6.093000006038715 46.15400000878822 6.0920000060375425
                                                            46.15400000878833 6.082000006026142 46.15200000878898
                                                            6.076000006019265 46.15100000878945 6.075000006018092
                                                            46.15100000878963 6.07300000601558 46.15200000879062
                                                            6.061000006001321 46.153000008793484 6.053000005991923
                                                            46.153000008794955 6.0490000059878835 46.1490000087932
                                                            6.048000005987201 46.14600000879152 6.04800000598753
                                                            46.14400000879033 6.046000005985508 46.14200000878942
                                                            6.044000005982989 46.14300000879041 6.043000005981818
                                                            46.143000008790594 6.042000005980802 46.142000008790134
                                                            6.04100000597963 46.14200000879034 6.040000005978452
                                                            46.1420000087905 6.040000005978616 46.14100000878988
                                                            6.03900000597744 46.14100000879007 6.039000005977605
                                                            46.14000000878945 6.038000005976428 46.140000008789656
                                                            6.0370000059754165 46.13900000878918 6.03700000597558
                                                            46.13800000878858 6.036000005974567 46.13700000878811
                                                            6.03500000597339 46.137000008788334 6.0350000059732265
                                                            46.138000008788936 6.034000005972049 46.13800000878912
                                                            6.034000005971887 46.139000008789736 6.034000005971724
                                                            46.14000000879037 6.034000005971561 46.141000008790975
                                                            6.033000005970384 46.14100000879118 6.033000005970546
                                                            46.14000000879055 6.032000005969371 46.140000008790715
                                                            6.032000005969206 46.14100000879135 6.03100000596803
                                                            46.141000008791536 6.030000005966854 46.14100000879177
                                                            6.029000005965514 46.14200000879257 6.028000005964337
                                                            46.14200000879274 6.027000005963159 46.14200000879288
                                                            6.026000005961982 46.142000008793076 6.025000005960808
                                                            46.142000008793296 6.02400000595963 46.14200000879347
                                                            6.024000005959467 46.143000008794054 6.0230000059582895
                                                            46.14300000879427 6.0220000059571115 46.143000008794445
                                                            6.021000005955935 46.14300000879464 6.021000005955772
                                                            46.14400000879523 6.020000005954595 46.14400000879544
                                                            6.019000005953419 46.14400000879562 6.018000005952075
                                                            46.1450000087964 6.017000005950904 46.14500000879661
                                                            6.016000005949724 46.145000008796806 6.015000005948545
                                                            46.14500000879698 6.01500000594871 46.14400000879638
                                                            6.014000005947533 46.14400000879652 6.013000005946355
                                                            46.1440000087967 6.0120000059451755 46.14400000879685
                                                            6.011000005944003 46.14400000879709 6.010000005942823
                                                            46.14400000879723 6.010000005942659 46.14500000879788
                                                            6.009000005941483 46.145000008798064 6.008000005940468
                                                            46.144000008797654 6.00700000593929 46.14400000879781
                                                            6.006000005938114 46.144000008798 6.005000005936935
                                                            46.14400000879814 6.004000005935756 46.14400000879835
                                                            6.003000005934582 46.144000008798535 6.002000005933401
                                                            46.144000008798734 6.001000005932227 46.14400000879889
                                                            6.001000005932061 46.145000008799514 6.000000005930884
                                                            46.14500000879971 5.999000005929705 46.14500000879991
                                                            5.998000005928528 46.14500000880006 5.99700000592735
                                                            46.14500000880027 5.9970000059271875 46.14600000880092
                                                            5.996000005926008 46.14600000880103 5.996000005926174
                                                            46.14500000880044 5.995000005924994 46.14500000880067
                                                            5.995000005924831 46.14600000880127 5.9940000059236525
                                                            46.146000008801416 5.993000005922474 46.14600000880161
                                                            5.992000005921296 46.14600000880176 5.992000005921459
                                                            46.14500000880116 5.991000005920281 46.145000008801354
                                                            5.990000005919103 46.14500000880154 5.99000000591894
                                                            46.146000008802154 5.989000005917923 46.145000008801745
                                                            5.988000005916746 46.145000008801894 5.988000005916908
                                                            46.144000008801285 5.987000005915566 46.145000008802064
                                                            5.98600000591439 46.14500000880226 5.985000005913208
                                                            46.145000008802434 5.984000005912031 46.14500000880263
                                                            5.984000005912192 46.14400000880198 5.983000005911013
                                                            46.14400000880215 5.983000005911176 46.14300000880155
                                                            5.984000005912355 46.14300000880138 5.983000005911337
                                                            46.14200000880093 5.9830000059115 46.14100000880031
                                                            5.983000005911825 46.13900000879906 5.98100000590963
                                                            46.138000008798834 5.980000005908612 46.137000008798395
                                                            5.978000005906577 46.13500000879748 5.977000005905397
                                                            46.13500000879766 5.976000005904219 46.13500000879787
                                                            5.9750000059031985 46.1340000087974 5.974000005902021
                                                            46.13400000879756 5.9730000059008415 46.134000008797756
                                                            5.972000005899662 46.134000008797955 5.971000005898483
                                                            46.134000008798104 5.970000005897301 46.134000008798296
                                                            5.970000005897463 46.133000008797694 5.9690000058962855
                                                            46.13300000879787 5.968000005895105 46.13300000879806
                                                            5.968000005895267 46.132000008797405 5.967000005894085
                                                            46.13200000879758 5.966000005892904 46.13200000879781
                                                            5.965000005891727 46.132000008797974 5.963000005889365
                                                            46.13200000879831 5.962000005888022 46.1330000087992
                                                            5.962000005888184 46.1320000087985 5.961000005887005
                                                            46.1320000087987 5.960000005885985 46.131000008798246
                                                            5.958000005883787 46.13000000879802 5.958000005883625
                                                            46.13100000879865 5.957000005881961 46.134000008800655
                                                            5.958000005882981 46.135000008801114 5.959000005884
                                                            46.13600000880153 5.9600000058851785 46.13600000880141
                                                            5.963000005888558 46.137000008801486 5.964000005889577
                                                            46.13800000880189 5.965000005890758 46.13800000880173
                                                            5.966000005891935 46.138000008801576 5.966000005891775
                                                            46.13900000880215 5.967000005892795 46.14000000880261
                                                            5.967000005892633 46.141000008803225 5.967000005892471
                                                            46.142000008803855 5.96600000589129 46.142000008804054
                                                            5.9650000058899515 46.14300000880486 5.965000005889788
                                                            46.144000008805456 5.965000005889626 46.14500000880607
                                                            5.965000005889465 46.14600000880669 5.965000005889303
                                                            46.14700000880732 5.965000005889142 46.148000008807955
                                                            5.96600000589032 46.14800000880779 5.966000005890157
                                                            46.149000008808386 5.967000005891338 46.14900000880818
                                                            5.967000005891177 46.15000000880883 5.968000005892357
                                                            46.15000000880863 5.968000005892194 46.151000008809255
                                                            5.970000005894066 46.154000008810776 5.973000005897116
                                                            46.15700000881207 5.974000005898135 46.158000008812515
                                                            5.974000005897971 46.15900000881312 5.975000005898987
                                                            46.16000000881357 5.975000005898823 46.16100000881421
                                                            5.977000005900855 46.16300000881509 5.977000005900693
                                                            46.1640000088157 5.9800000059035785 46.16800000881764
                                                            5.9810000059047566 46.16800000881745 5.981000005904594
                                                            46.16900000881806 5.982000005905283 46.17200000881974
                                                            5.982000005905119 46.17300000882038 5.983000005905969
                                                            46.17500000882144 5.983000005905808 46.17600000882203
                                                            5.984000005906984 46.176000008821866 5.9850000059081605
                                                            46.17600000882166 5.985000005908327 46.17500000882106
                                                            5.986000005909503 46.17500000882085 5.987000005910845
                                                            46.17400000882008 5.987000005911006 46.17300000881947
                                                            5.988000005912187 46.17300000881926 5.9880000059123475
                                                            46.172000008818685 5.989000005913362 46.173000008819066
                                                            5.9890000059132005 46.17400000881972 5.990000005914378
                                                            46.174000008819505 5.990000005914214 46.17500000882016
                                                            5.990000005914047 46.17600000882075 5.9910000059150645
                                                            46.17700000882118 5.9910000059149 46.17800000882181
                                                            5.992000005916077 46.178000008821606 5.992000005915911
                                                            46.17900000882227 5.991000005914735 46.179000008822435
                                                            5.991000005914573 46.18000000882306 5.99200000591575
                                                            46.18000000882286 5.992000005915587 46.1810000088235
                                                            5.9930000059167625 46.181000008823325 5.994000005917941
                                                            46.18100000882313 5.994000005917778 46.182000008823756
                                                            5.995000005918952 46.18200000882356 5.995000005918788
                                                            46.18300000882424 5.995000005918623 46.18400000882478
                                                            5.996000005919803 46.184000008824604 5.9960000059196386
                                                            46.185000008825234 5.995000005918461 46.18500000882544
                                                            5.995000005918297 46.18600000882604 5.994000005917121
                                                            46.18600000882618 5.9940000059169565 46.18700000882683
                                                            5.993000005915779 46.18700000882699 5.993000005915616
                                                            46.18800000882763 5.992000005914276 46.189000008828415
                                                            5.991000005912936 46.19000000882918 5.990000005911758
                                                            46.19000000882938 5.98900000591058 46.19000000882961
                                                            5.9860000059068845 46.191000008830734 5.985000005905708
                                                            46.191000008830926 5.984000005904531 46.191000008831146
                                                            5.9830000059031905 46.19200000883197 5.984000005904203
                                                            46.193000008832335 5.978000005896977 46.19400000883406
                                                            5.977000005895637 46.19500000883484 5.973000005890763
                                                            46.196000008836194 5.968000005884547 46.19800000883835
                                                            5.964000005879677 46.19900000883968
                                                        </gml:posList>
                                                    </gml:LinearRing>
                                                </gml:exterior>
                                                <gml:interior>
                                                    <gml:LinearRing>
                                                        <gml:posList>6.146000006068467 46.34300000889312
                                                            6.146000006068641 46.342000008892484 6.14700000606963
                                                            46.3430000088929 6.146000006068467 46.34300000889312
                                                        </gml:posList>
                                                    </gml:LinearRing>
                                                </gml:interior>
                                                <gml:interior>
                                                    <gml:LinearRing>
                                                        <gml:posList>9.839000009712102 47.01500000828701
                                                            9.839000009712443 47.01400000828657 9.840000009713322
                                                            47.014000008286224 9.840000009712977 47.0150000082867
                                                            9.839000009712102 47.01500000828701
                                                        </gml:posList>
                                                    </gml:LinearRing>
                                                </gml:interior>
                                                <gml:interior>
                                                    <gml:LinearRing>
                                                        <gml:posList>6.143000006098306 46.1480000087751
                                                            6.143000006098139 46.14900000877576 6.14200000609697
                                                            46.1490000087759 6.143000006098306 46.1480000087751
                                                        </gml:posList>
                                                    </gml:LinearRing>
                                                </gml:interior>
                                                <gml:interior>
                                                    <gml:LinearRing>
                                                        <gml:posList>8.977000009219237 45.96300000798703
                                                            8.97700000921898 45.964000007987636 8.978000009219459
                                                            45.96600000798858 8.978000009218945 45.96800000798979
                                                            8.979000009219423 45.97000000799071 8.980000009219902
                                                            45.97200000799166 8.981000009220635 45.973000007992
                                                            8.979000009218652 45.97300000799253 8.978000009217409
                                                            45.97400000799347 8.978000009217151 45.97500000799407
                                                            8.978000009216636 45.97700000799528 8.97700000921539
                                                            45.97800000799615 8.97800000921561 45.98100000799769
                                                            8.97800000921535 45.98200000799833 8.978000009215092
                                                            45.98300000799884 8.979000009215826 45.98400000799927
                                                            8.979000009215568 45.98500000799984 8.97800000921458
                                                            45.985000008000156 8.968000009204427 45.9860000080036
                                                            8.966000009203466 45.98200000800174 8.965000009203504
                                                            45.978000007999604 8.964000009203028 45.9760000079987
                                                            8.96300000920255 45.974000007997724 8.962000009202068
                                                            45.97200000799679 8.961000009201593 45.97000000799586
                                                            8.96000000920086 45.96900000799551 8.960000009201368
                                                            45.96700000799432 8.969000009210799 45.965000007990525
                                                            8.970000009211791 45.96500000799025 8.970000009212049
                                                            45.96400000798964 8.97100000921304 45.96400000798933
                                                            8.972000009214286 45.96300000798842 8.97300000921502
                                                            45.964000007988794 8.974000009216011 45.96400000798849
                                                            8.975000009217 45.964000007988176 8.976000009217993
                                                            45.96400000798789 8.977000009219237 45.96300000798703
                                                        </gml:posList>
                                                    </gml:LinearRing>
                                                </gml:interior>
                                                <gml:interior>
                                                    <gml:LinearRing>
                                                        <gml:posList>8.661000008405004 47.693000008942974
                                                            8.661000008405669 47.691000008942225 8.662000008406618
                                                            47.69100000894193 8.664000008408845 47.69000000894094
                                                            8.665000008409791 47.69000000894065 8.665000008410122
                                                            47.689000008940276 8.665000008410452 47.688000008939866
                                                            8.666000008411403 47.688000008939596 8.66700000841235
                                                            47.68800000893932 8.667000008412682 47.68700000893889
                                                            8.668000008413628 47.68700000893862 8.66900000841458
                                                            47.68700000893834 8.670000008415524 47.68700000893799
                                                            8.671000008416472 47.687000008937694 8.672000008417422
                                                            47.687000008937424 8.673000008418366 47.68700000893713
                                                            8.676000008420882 47.68800000893664 8.677000008421498
                                                            47.6890000089367 8.678000008422444 47.689000008936404
                                                            8.679000008423388 47.689000008936084 8.680000008424336
                                                            47.68900000893583 8.680000008424004 47.69000000893617
                                                            8.681000008424952 47.690000008935904 8.681000008424618
                                                            47.69100000893628 8.682000008425568 47.691000008935994
                                                            8.68300000842618 47.69200000893606 8.684000008427128
                                                            47.692000008935764 8.685000008427744 47.69300000893583
                                                            8.686000008428689 47.69300000893558 8.686000008428357
                                                            47.694000008935944 8.687000008429303 47.694000008935575
                                                            8.687000008428974 47.695000008936006 8.688000008429917
                                                            47.69500000893569 8.689000008430531 47.69600000893579
                                                            8.689000008430199 47.69700000893618 8.690000008431149
                                                            47.69700000893586 8.691000008432093 47.697000008935554
                                                            8.692000008433038 47.69700000893524 8.693000008433986
                                                            47.69700000893496 8.69400000843493 47.697000008934666
                                                            8.695000008435876 47.697000008934396 8.696000008437153
                                                            47.69600000893368 8.697000008438097 47.69600000893341
                                                            8.698000008439045 47.69600000893309 8.699000008439986
                                                            47.69600000893281 8.700000008441265 47.695000008932126
                                                            8.70100000844221 47.695000008931785 8.702000008443155
                                                            47.695000008931515 8.702000008443491 47.69400000893114
                                                            8.703000008444432 47.694000008930836 8.704000008445378
                                                            47.69400000893053 8.704000008445712 47.69300000893015
                                                            8.705000008446655 47.693000008929864 8.706000008447601
                                                            47.693000008929545 8.706000008447933 47.6920000089292
                                                            8.707000008448878 47.69200000892891 8.708000008449824
                                                            47.69200000892858 8.709000008450769 47.6920000089283
                                                            8.7090000084511 47.69100000892794 8.710000008452047
                                                            47.691000008927624 8.711000008452991 47.69100000892733
                                                            8.712000008453934 47.69100000892702 8.712000008453602
                                                            47.692000008927394 8.713000008454548 47.69200000892711
                                                            8.71400000845549 47.692000008926804 8.715000008456432
                                                            47.69200000892649 8.716000008457376 47.692000008926236
                                                            8.717000008458323 47.69200000892586 8.719000008459876
                                                            47.69300000892568 8.7180000084586 47.69400000892636
                                                            8.71900000845921 47.695000008926414 8.719000008458877
                                                            47.69600000892678 8.719000008458544 47.697000008927205
                                                            8.718000008457599 47.697000008927496 8.715000008454435
                                                            47.69800000892875 8.713000008452546 47.69800000892937
                                                            8.713000008451882 47.70000000893014 8.713000008451546
                                                            47.70100000893052 8.713000008451212 47.702000008930874
                                                            8.713000008450877 47.70300000893128 8.713000008450544
                                                            47.70400000893163 8.711000008448323 47.705000008932615
                                                            8.710000008447048 47.70600000893328 8.710000008446709
                                                            47.70700000893363 8.709000008445434 47.70800000893435
                                                            8.709000008444766 47.7100000089351 8.708000008443495
                                                            47.71100000893575 8.70800000844316 47.71200000893617
                                                            8.708000008442824 47.71300000893653 8.707000008441549
                                                            47.714000008937184 8.706000008440261 47.71500000893787
                                                            8.70500000843899 47.71600000893857 8.704000008437712
                                                            47.71700000893922 8.702000008435823 47.71700000893981
                                                            8.700000008433934 47.717000008940396 8.69900000843299
                                                            47.717000008940744 8.699000008433323 47.716000008940334
                                                            8.697000008431766 47.715000008940564 8.69500000842988
                                                            47.715000008941146 8.694000008428937 47.71500000894147
                                                            8.693000008428324 47.71400000894137 8.691000008426434
                                                            47.71400000894199 8.691000008426768 47.7130000089416
                                                            8.691000008427098 47.71200000894125 8.691000008427434
                                                            47.711000008940864 8.690000008426491 47.711000008941134
                                                            8.688000008424597 47.71100000894173 8.687000008423652
                                                            47.71100000894204 8.686000008422708 47.711000008942314
                                                            8.685000008421763 47.711000008942655 8.68200000841859
                                                            47.712000008943896 8.681000008417648 47.712000008944244
                                                            8.681000008417312 47.713000008944604 8.682000008417926
                                                            47.714000008944645 8.680000008415702 47.71500000894564
                                                            8.679000008414757 47.715000008945914 8.678000008413811
                                                            47.71500000894623 8.677000008412863 47.715000008946525
                                                            8.676000008411918 47.715000008946824 8.675000008410972
                                                            47.7150000089471 8.674000008410355 47.71400000894707
                                                            8.67300000840974 47.71300000894697 8.67100000840785
                                                            47.71300000894759 8.670000008406571 47.71400000894822
                                                            8.668000008404677 47.714000008948865 8.6670000084034
                                                            47.71500000894954 8.66600000840245 47.71500000894981
                                                            8.66600000840279 47.71400000894944 8.667000008404397
                                                            47.712000008948415 8.667000008404727 47.71100000894801
                                                            8.66700000840506 47.71000000894763 8.669000008407286
                                                            47.709000008946674 8.670000008408232 47.70900000894639
                                                            8.672000008410457 47.7080000089454 8.673000008411405
                                                            47.7080000089451 8.675000008413631 47.70700000894412
                                                            8.675000008413965 47.70600000894376 8.676000008415242
                                                            47.70500000894307 8.676000008415905 47.703000008942325
                                                            8.677000008417183 47.702000008941624 8.677000008417515
                                                            47.70100000894124 8.678000008418794 47.700000008940584
                                                            8.677000008417847 47.70000000894088 8.675000008415957
                                                            47.700000008941494 8.675000008416289 47.69900000894108
                                                            8.675000008416621 47.698000008940696 8.675000008416951
                                                            47.697000008940385 8.674000008416003 47.69700000894065
                                                            8.673000008415055 47.69700000894096 8.671000008413491
                                                            47.696000008941134 8.669000008411928 47.69500000894138
                                                            8.670000008413206 47.6940000089407 8.66800000841131
                                                            47.69400000894127 8.667000008410366 47.694000008941586
                                                            8.66500000840847 47.69400000894217 8.662000008405625
                                                            47.69400000894304 8.661000008405004 47.693000008942974
                                                        </gml:posList>
                                                    </gml:LinearRing>
                                                </gml:interior>
                                            </Polygon>
                                        </gml:surfaceMember>
                                        <gml:surfaceMember>
                                            <Polygon gml:id="d631852e109">
                                                <gml:exterior>
                                                    <gml:LinearRing>
                                                        <gml:posList>6.00800000592666 46.228000008849435
                                                            6.0070000059254856 46.22800000884962 6.0070000059253195
                                                            46.229000008850235 6.008000005926494 46.22900000885004
                                                            6.00800000592666 46.228000008849435
                                                        </gml:posList>
                                                    </gml:LinearRing>
                                                </gml:exterior>
                                            </Polygon>
                                        </gml:surfaceMember>
                                        <gml:surfaceMember>
                                            <Polygon gml:id="d631852e115">
                                                <gml:exterior>
                                                    <gml:LinearRing>
                                                        <gml:posList>6.696000006551288 47.0650000091743
                                                            6.697000006552394 47.06500000917404 6.69600000655151
                                                            47.0640000091738 6.696000006551288 47.0650000091743
                                                        </gml:posList>
                                                    </gml:LinearRing>
                                                </gml:exterior>
                                            </Polygon>
                                        </gml:surfaceMember>
                                        <gml:surfaceMember>
                                            <Polygon gml:id="d631852e121">
                                                <gml:exterior>
                                                    <gml:LinearRing>
                                                        <gml:posList>6.987000006767724 47.495000009306494
                                                            6.986000006766655 47.49500000930674 6.985000006765582
                                                            47.495000009306956 6.984000006764264 47.49600000930761
                                                            6.984000006764016 47.49700000930804 6.987000006767724
                                                            47.495000009306494
                                                        </gml:posList>
                                                    </gml:LinearRing>
                                                </gml:exterior>
                                            </Polygon>
                                        </gml:surfaceMember>
                                        <gml:surfaceMember>
                                            <Polygon gml:id="d631852e127">
                                                <gml:exterior>
                                                    <gml:LinearRing>
                                                        <gml:posList>8.225000008364914 46.32900000841138
                                                            8.22600000836595 46.329000008411086 8.22500000836516
                                                            46.32800000841082 8.225000008364914 46.32900000841138
                                                        </gml:posList>
                                                    </gml:LinearRing>
                                                </gml:exterior>
                                            </Polygon>
                                        </gml:surfaceMember>
                                    </MultiSurface>
                                </gmd:polygon>
                            </gmd:EX_BoundingPolygon>
                        </gmd:geographicElement>
                    </gmd:EX_Extent>
                </gmd:extent>
            </gmd:MD_DataIdentification>
        </gmd:identificationInfo>
        <gmd:distributionInfo xmlns:java="java:org.fao.geonet.util.XslUtil" xmlns:che="http://www.geocat.ch/2008/che"
                              xmlns:gco="http://www.isotc211.org/2005/gco" xmlns:srv="http://www.isotc211.org/2005/srv"
                              xmlns:gmx="http://www.isotc211.org/2005/gmx" xmlns:gts="http://www.isotc211.org/2005/gts"
                              xmlns:gsr="http://www.isotc211.org/2005/gsr" xmlns:gmi="http://www.isotc211.org/2005/gmi"
                              xmlns:gml="http://www.opengis.net/gml/3.2" xmlns:xlink="http://www.w3.org/1999/xlink"
                              xmlns:geonet="http://www.fao.org/geonetwork">
            <gmd:MD_Distribution>
                <gmd:distributionFormat>
                    <gmd:MD_Format>
                        <gmd:name>
                            <gco:CharacterString>INTERLIS</gco:CharacterString>
                        </gmd:name>
                        <gmd:version>
                            <gco:CharacterString>1</gco:CharacterString>
                        </gmd:version>
                    </gmd:MD_Format>
                </gmd:distributionFormat>
                <gmd:distributionFormat>
                    <gmd:MD_Format>
                        <gmd:name>
                            <gco:CharacterString>GeoTIFF</gco:CharacterString>
                        </gmd:name>
                        <gmd:version>
                            <gco:CharacterString>-</gco:CharacterString>
                        </gmd:version>
                    </gmd:MD_Format>
                </gmd:distributionFormat>
                <gmd:distributionFormat>
                    <gmd:MD_Format>
                        <gmd:name>
                            <gco:CharacterString>Text (.csv), semicolon separated</gco:CharacterString>
                        </gmd:name>
                        <gmd:version>
                            <gco:CharacterString>-</gco:CharacterString>
                        </gmd:version>
                    </gmd:MD_Format>
                </gmd:distributionFormat>
                <gmd:distributionFormat>
                    <gmd:MD_Format>
                        <gmd:name>
                            <gco:CharacterString>ESRI Shapefile</gco:CharacterString>
                        </gmd:name>
                        <gmd:version>
                            <gco:CharacterString>-</gco:CharacterString>
                        </gmd:version>
                    </gmd:MD_Format>
                </gmd:distributionFormat>
                <gmd:distributionFormat>
                    <gmd:MD_Format>
                        <gmd:name>
                            <gco:CharacterString>GeoJSON</gco:CharacterString>
                        </gmd:name>
                        <gmd:version>
                            <gco:CharacterString>1.0</gco:CharacterString>
                        </gmd:version>
                    </gmd:MD_Format>
                </gmd:distributionFormat>
                <gmd:transferOptions>
                    <gmd:MD_DigitalTransferOptions>
                        <gmd:onLine>
                            <gmd:CI_OnlineResource>
                                <gmd:linkage>
                                    <gmd:URL>https://data.geo.admin.ch</gmd:URL>
                                </gmd:linkage>
                                <gmd:protocol>
                                    <gco:CharacterString>WWW:DOWNLOAD:INTERLIS</gco:CharacterString>
                                </gmd:protocol>
                                <gmd:name xsi:type="gmd:PT_FreeText_PropertyType">
                                    <gco:CharacterString>Datenbezug über data.geo.admin</gco:CharacterString>
                                    <gmd:PT_FreeText>
                                        <gmd:textGroup>
                                            <gmd:LocalisedCharacterString locale="#DE">Datenbezug über data.geo.admin
                                            </gmd:LocalisedCharacterString>
                                        </gmd:textGroup>
                                    </gmd:PT_FreeText>
                                </gmd:name>
                                <gmd:description gco:nilReason="missing" xsi:type="gmd:PT_FreeText_PropertyType">
                                    <gco:CharacterString/>
                                    <gmd:PT_FreeText>
                                        <gmd:textGroup>
                                            <gmd:LocalisedCharacterString locale="#DE"/>
                                        </gmd:textGroup>
                                    </gmd:PT_FreeText>
                                </gmd:description>
                                <gmd:function>
                                    <gmd:CI_OnLineFunctionCode
                                            codeList="http://standards.iso.org/ittf/PubliclyAvailableStandards/ISO_19139_Schemas/resources/codelist/ML_gmxCodelists.xml#CI_OnLineFunctionCode"
                                            codeListValue="download"/>
                                </gmd:function>
                            </gmd:CI_OnlineResource>
                        </gmd:onLine>
                        <gmd:onLine>
                            <gmd:CI_OnlineResource>
                                <gmd:linkage>
                                    <gmd:URL>
                                        https://api3.geo.admin.ch/rest/services/api/MapServer/ch.bfe.biogasanlagen
                                    </gmd:URL>
                                </gmd:linkage>
                                <gmd:protocol>
                                    <gco:CharacterString>ESRI:REST</gco:CharacterString>
                                </gmd:protocol>
                                <gmd:name xsi:type="gmd:PT_FreeText_PropertyType">
                                    <gco:CharacterString>RESTful API von geo.admin.ch</gco:CharacterString>
                                    <gmd:PT_FreeText>
                                        <gmd:textGroup>
                                            <gmd:LocalisedCharacterString locale="#DE">RESTful API von geo.admin.ch
                                            </gmd:LocalisedCharacterString>
                                        </gmd:textGroup>
                                    </gmd:PT_FreeText>
                                </gmd:name>
                                <gmd:description gco:nilReason="missing" xsi:type="gmd:PT_FreeText_PropertyType">
                                    <gco:CharacterString/>
                                    <gmd:PT_FreeText>
                                        <gmd:textGroup>
                                            <gmd:LocalisedCharacterString locale="#DE"/>
                                        </gmd:textGroup>
                                    </gmd:PT_FreeText>
                                </gmd:description>
                                <gmd:function>
                                    <gmd:CI_OnLineFunctionCode
                                            codeList="http://standards.iso.org/ittf/PubliclyAvailableStandards/ISO_19139_Schemas/resources/codelist/ML_gmxCodelists.xml#CI_OnLineFunctionCode"
                                            codeListValue="download"/>
                                </gmd:function>
                            </gmd:CI_OnlineResource>
                        </gmd:onLine>
                        <gmd:onLine>
                            <gmd:CI_OnlineResource>
                                <gmd:linkage>
                                    <gmd:URL>https://map.geo.admin.ch/?layers=ch.bfe.energiestaedte&lang=de&topic=ech&
                                        bgLayer=ch.swisstopo.pixelkarte-farbe&layers_opacity=0.75
                                    </gmd:URL>
                                </gmd:linkage>
                                <gmd:protocol>
                                    <gco:CharacterString>MAP:Preview</gco:CharacterString>
                                </gmd:protocol>
                                <gmd:name xsi:type="gmd:PT_FreeText_PropertyType">
                                    <gco:CharacterString>Map Preview</gco:CharacterString>
                                    <gmd:PT_FreeText>
                                        <gmd:textGroup>
                                            <gmd:LocalisedCharacterString locale="#DE">Map Preview
                                            </gmd:LocalisedCharacterString>
                                        </gmd:textGroup>
                                    </gmd:PT_FreeText>
                                </gmd:name>
                                <gmd:description gco:nilReason="missing" xsi:type="gmd:PT_FreeText_PropertyType">
                                    <gco:CharacterString/>
                                    <gmd:PT_FreeText>
                                        <gmd:textGroup>
                                            <gmd:LocalisedCharacterString locale="#DE"/>
                                        </gmd:textGroup>
                                    </gmd:PT_FreeText>
                                </gmd:description>
                            </gmd:CI_OnlineResource>
                        </gmd:onLine>
                        <gmd:onLine>
                            <gmd:CI_OnlineResource>
                                <gmd:linkage>
                                    <gmd:URL>http://wms.geo.admin.ch/?SERVICE=WMS&VERSION=1.3.0&REQUEST=GetCapabilities&
                                        lang=de mit dem Layernamen ch.bfe.energiestaedte
                                    </gmd:URL>
                                </gmd:linkage>
                                <gmd:protocol>
                                    <gco:CharacterString>OGC:WMS</gco:CharacterString>
                                </gmd:protocol>
                                <gmd:name xsi:type="gmd:PT_FreeText_PropertyType">
                                    <gco:CharacterString>DE#WMS Dienst</gco:CharacterString>
                                    <gmd:PT_FreeText>
                                        <gmd:textGroup>
                                            <gmd:LocalisedCharacterString locale="#DE">DE#WMS Dienst
                                            </gmd:LocalisedCharacterString>
                                        </gmd:textGroup>
                                    </gmd:PT_FreeText>
                                </gmd:name>
                            </gmd:CI_OnlineResource>
                        </gmd:onLine>
                        <gmd:onLine>
                            <gmd:CI_OnlineResource>
                                <gmd:linkage>
                                    <gmd:URL>https://geocat.geoshop.ch</gmd:URL>
                                </gmd:linkage>
                                <gmd:protocol>
                                    <gco:CharacterString>WWW:LINK</gco:CharacterString>
                                </gmd:protocol>
                                <gmd:name xsi:type="gmd:PT_FreeText_PropertyType">
                                    <gco:CharacterString>Collection / Geoshop</gco:CharacterString>
                                    <gmd:PT_FreeText>
                                        <gmd:textGroup>
                                            <gmd:LocalisedCharacterString locale="#DE">Collection / Geoshop
                                            </gmd:LocalisedCharacterString>
                                        </gmd:textGroup>
                                    </gmd:PT_FreeText>
                                </gmd:name>
                                <gmd:description gco:nilReason="missing" xsi:type="gmd:PT_FreeText_PropertyType">
                                    <gco:CharacterString/>
                                    <gmd:PT_FreeText>
                                        <gmd:textGroup>
                                            <gmd:LocalisedCharacterString locale="#DE"/>
                                        </gmd:textGroup>
                                    </gmd:PT_FreeText>
                                </gmd:description>
                            </gmd:CI_OnlineResource>
                        </gmd:onLine>
                    </gmd:MD_DigitalTransferOptions>
                </gmd:transferOptions>
            </gmd:MD_Distribution>
        </gmd:distributionInfo>
    </gmd:MD_Metadata>
</csw:GetRecordByIdResponse>